[1588] 2014/12/27 13:07:59.671 API InitInstance 
[3280] 2014/12/27 13:30:06.156 API InitInstance 
[1996] 2014/12/27 13:31:42.953 API InitInstance 
[2212] 2014/12/27 13:50:54.703 API InitInstance 
[3416] 2014/12/27 13:54:25.671 API InitInstance 
[3416] 2014/12/27 13:56:59.109 API ExitInstance 
[2628] 2014/12/27 13:57:35.281 API InitInstance 
[2632] 2014/12/27 13:58:10.312 API InitInstance 
[2632] 2014/12/27 13:58:20.968 API ExitInstance 
[896] 2014/12/27 14:20:33.750 API InitInstance 
[896] 2014/12/27 14:20:42.906 API ExitInstance 
[944] 2014/12/27 15:13:28.187 API InitInstance 
[252] 2014/12/27 15:14:01.171 API InitInstance 
[1560] 2014/12/27 15:17:40.687 API InitInstance 
[2384] 2014/12/27 15:19:36.750 API InitInstance 
[836] 2014/12/27 15:21:14.343 API InitInstance 
[1184] 2014/12/27 15:26:03.046 API InitInstance 
[1184] 2014/12/27 15:26:27.546 API ExitInstance 
[3384] 2014/12/27 15:27:50.234 API InitInstance 
[3384] 2014/12/27 15:27:52.937 API ExitInstance 
[2424] 2014/12/27 15:35:45.515 API InitInstance 
[2424] 2014/12/27 15:35:48.000 SKQuoteLib_Initialize ¡G
[2424] 2014/12/27 15:35:48.000 SKQuoteLib_Initialize ¡Ghttps://order2.capital.com.tw/
[2424] 2014/12/27 15:35:48.375 SKQuoteLib_Initialize ¡Ghttps://order3.capital.com.tw/
[3340] 2014/12/27 15:46:05.625 API InitInstance 
[2128] 2014/12/27 15:55:29.015 API InitInstance 
[2128] 2014/12/27 15:55:37.625 SKQuoteLib_Initialize ¡G
[2128] 2014/12/27 15:55:37.625 SKQuoteLib_Initialize ¡Ghttps://order2.capital.com.tw/
[2128] 2014/12/27 15:55:37.875 SKQuoteLib_Initialize ¡Ghttps://order3.capital.com.tw/
[4080] 2014/12/27 15:58:24.609 API InitInstance 
[4080] 2014/12/27 15:58:35.484 API ExitInstance 
[3416] 2014/12/27 16:05:19.968 API InitInstance 
[2056] 2014/12/27 16:07:47.671 API InitInstance 
[2212] 2014/12/27 16:12:55.609 API InitInstance 
[192] 2014/12/27 16:33:37.250 API InitInstance 
[192] 2014/12/27 16:33:44.390 API ExitInstance 
[3280] 2014/12/27 16:48:34.937 API InitInstance 
[132] 2014/12/27 16:58:33.828 API InitInstance 
[132] 2014/12/27 16:58:44.109 API ExitInstance 
[876] 2014/12/27 17:05:24.140 API InitInstance 
[1540] 2014/12/27 17:06:27.953 API InitInstance 
[1540] 2014/12/27 17:06:33.515 SKQuoteLib_Initialize ¡G
[1540] 2014/12/27 17:06:33.515 SKQuoteLib_Initialize ¡Ghttps://order2.capital.com.tw/
[1540] 2014/12/27 17:06:33.828 SKQuoteLib_Initialize ¡Ghttps://order3.capital.com.tw/
[3716] 2014/12/27 17:10:06.625 API InitInstance 
[3716] 2014/12/27 17:10:09.546 SKQuoteLib_Initialize ¡G
[3716] 2014/12/27 17:10:09.546 SKQuoteLib_Initialize ¡Ghttps://order2.capital.com.tw/
[3716] 2014/12/27 17:10:09.890 SKQuoteLib_Initialize ¡Ghttps://order3.capital.com.tw/
[1140] 2014/12/27 17:16:08.828 API InitInstance 
[1140] 2014/12/27 17:16:12.984 SKQuoteLib_Initialize ¡G
[1140] 2014/12/27 17:16:12.984 SKQuoteLib_Initialize ¡Ghttps://order2.capital.com.tw/
[1140] 2014/12/27 17:16:13.312 SKQuoteLib_Initialize ¡Ghttps://order3.capital.com.tw/
[1140] 2014/12/27 17:16:30.937 API ExitInstance 
[2960] 2014/12/27 17:20:53.546 API InitInstance 
[2960] 2014/12/27 17:20:58.593 SKQuoteLib_Initialize ¡G
[2960] 2014/12/27 17:20:58.593 SKQuoteLib_Initialize ¡Ghttps://order2.capital.com.tw/
[2960] 2014/12/27 17:20:58.921 SKQuoteLib_Initialize ¡Ghttps://order3.capital.com.tw/
[2960] 2014/12/27 17:21:17.656 API ExitInstance 
[2808] 2014/12/27 17:21:59.609 API InitInstance 
[2808] 2014/12/27 17:22:03.312 SKQuoteLib_Initialize ¡G
[2808] 2014/12/27 17:22:03.312 SKQuoteLib_Initialize ¡Ghttps://order2.capital.com.tw/
[2808] 2014/12/27 17:22:03.625 SKQuoteLib_Initialize ¡Ghttps://order3.capital.com.tw/
[3916] 2014/12/27 17:36:07.890 API InitInstance 
[3916] 2014/12/27 17:36:14.625 API ExitInstance 
[2560] 2014/12/27 17:37:50.625 API InitInstance 
[2560] 2014/12/27 17:37:56.718 API ExitInstance 
[2132] 2014/12/27 18:03:11.656 API InitInstance 
[2132] 2014/12/27 18:03:17.187 SKQuoteLib_Initialize ¡G
[2132] 2014/12/27 18:03:17.203 SKQuoteLib_Initialize ¡Ghttps://order2.capital.com.tw/
[2132] 2014/12/27 18:03:17.609 SKQuoteLib_Initialize ¡Ghttps://order3.capital.com.tw/
[2132] 2014/12/27 18:03:45.265 API ExitInstance 
[3484] 2014/12/27 18:06:57.593 API InitInstance 
[3484] 2014/12/27 18:07:09.531 SKQuoteLib_Initialize ¡G
[3484] 2014/12/27 18:07:09.531 SKQuoteLib_Initialize ¡Ghttps://order2.capital.com.tw/
[3484] 2014/12/27 18:07:09.921 SKQuoteLib_Initialize ¡Ghttps://order3.capital.com.tw/
[3484] 2014/12/27 18:08:01.890 SKQuoteLib_Initialize ¡GS122811334
[3484] 2014/12/27 18:08:01.890 SKQuoteLib_Initialize ¡Ghttps://order2.capital.com.tw/
[3484] 2014/12/27 18:08:01.906 SKQuoteLib_Initialize ¡Ghttps://order3.capital.com.tw/
[2212] 2014/12/27 18:09:04.687 API InitInstance 
[2212] 2014/12/27 18:09:14.328 SKQuoteLib_Initialize ¡GS122811334
[2212] 2014/12/27 18:09:14.328 SKQuoteLib_Initialize ¡Ghttps://order2.capital.com.tw/
[2212] 2014/12/27 18:09:14.703 SKQuoteLib_Initialize ¡Ghttps://order3.capital.com.tw/
[964] 2014/12/27 18:14:28.078 API InitInstance 
[964] 2014/12/27 18:15:05.734 SKQuoteLib_Initialize ¡GS122811334
[964] 2014/12/27 18:15:05.734 SKQuoteLib_Initialize ¡Ghttps://order2.capital.com.tw/
[964] 2014/12/27 18:15:06.125 SKQuoteLib_Initialize ¡Ghttps://order3.capital.com.tw/
[3316] 2014/12/27 18:21:06.875 API InitInstance 
[3316] 2014/12/27 18:21:22.453 SKQuoteLib_Initialize ¡GS122811334
[3316] 2014/12/27 18:21:22.453 SKQuoteLib_Initialize ¡Ghttps://order2.capital.com.tw/
[3316] 2014/12/27 18:21:22.906 SKQuoteLib_Initialize ¡Ghttps://order3.capital.com.tw/
[3316] 2014/12/27 18:22:14.875 SKQuoteLib_Initialize ¡GS122811334
[3316] 2014/12/27 18:22:14.875 SKQuoteLib_Initialize ¡Ghttps://order2.capital.com.tw/
[3316] 2014/12/27 18:22:14.890 SKQuoteLib_Initialize ¡Ghttps://order3.capital.com.tw/
[224] 2014/12/27 20:14:02.453 API InitInstance 
[224] 2014/12/27 20:14:06.125 API ExitInstance 
[3996] 2014/12/27 20:31:21.593 API InitInstance 
[2608] 2014/12/27 20:32:32.265 API InitInstance 
[2608] 2014/12/27 20:32:51.484 API ExitInstance 
[1048] 2014/12/27 20:37:17.640 API InitInstance 
[1048] 2014/12/27 20:37:46.812 API ExitInstance 
[3760] 2014/12/27 20:45:37.828 API InitInstance 
[3760] 2014/12/27 20:45:48.515 API ExitInstance 
[508] 2014/12/27 21:39:02.531 API InitInstance 
[508] 2014/12/27 21:39:09.718 API ExitInstance 
[492] 2014/12/27 21:41:38.750 API InitInstance 
[492] 2014/12/27 21:41:46.343 API ExitInstance 
[192] 2014/12/27 21:42:01.296 API InitInstance 
[192] 2014/12/27 21:42:58.234 API ExitInstance 
[1764] 2014/12/27 21:47:22.656 API InitInstance 
[1764] 2014/12/27 21:47:31.656 API ExitInstance 
[4012] 2014/12/27 21:49:20.187 API InitInstance 
[4012] 2014/12/27 21:49:29.140 API ExitInstance 
[1468] 2014/12/27 21:50:25.812 API InitInstance 
[1468] 2014/12/27 21:50:32.125 API ExitInstance 
[3504] 2014/12/27 21:51:36.593 API InitInstance 
[3504] 2014/12/27 21:51:44.687 API ExitInstance 
[2620] 2014/12/27 21:52:18.656 API InitInstance 
[120] 2014/12/27 21:53:04.578 API InitInstance 
[2540] 2014/12/27 21:54:37.468 API InitInstance 
[2840] 2014/12/27 21:58:41.687 API InitInstance 
[240] 2014/12/27 22:00:36.015 API InitInstance 
[2156] 2014/12/27 22:02:34.671 API InitInstance 
[2156] 2014/12/27 22:02:41.171 API ExitInstance 
[760] 2014/12/27 22:04:57.875 API InitInstance 
[1388] 2014/12/27 22:05:41.578 API InitInstance 
[1388] 2014/12/27 22:05:47.250 API ExitInstance 
[2364] 2014/12/27 22:06:12.140 API InitInstance 
[2364] 2014/12/27 22:06:21.953 API ExitInstance 
[2932] 2014/12/27 22:07:20.750 API InitInstance 
[2932] 2014/12/27 22:07:29.515 API ExitInstance 
[2916] 2014/12/27 22:08:32.203 API InitInstance 
[2916] 2014/12/27 22:08:44.281 API ExitInstance 
[3748] 2014/12/27 22:09:33.328 API InitInstance 
[3748] 2014/12/27 22:09:41.625 API ExitInstance 
[568] 2014/12/27 22:10:46.875 API InitInstance 
[568] 2014/12/27 22:10:55.156 API ExitInstance 
[2688] 2014/12/27 22:11:13.234 API InitInstance 
[2688] 2014/12/27 22:11:18.296 API ExitInstance 
[3064] 2014/12/27 22:12:42.343 API InitInstance 
[3064] 2014/12/27 22:12:48.609 API ExitInstance 
[848] 2014/12/27 22:13:07.640 API InitInstance 
[848] 2014/12/27 22:13:17.343 API ExitInstance 
[2680] 2014/12/27 22:14:25.718 API InitInstance 
[2680] 2014/12/27 22:14:34.187 API ExitInstance 
[1144] 2014/12/27 22:15:27.609 API InitInstance 
[1144] 2014/12/27 22:15:35.171 API ExitInstance 
[2596] 2014/12/27 22:16:22.078 API InitInstance 
[2596] 2014/12/27 22:16:26.953 API ExitInstance 
[2080] 2014/12/27 22:19:29.765 API InitInstance 
[2080] 2014/12/27 22:19:42.890 API ExitInstance 
[816] 2014/12/27 22:19:50.937 API InitInstance 
[816] 2014/12/27 22:20:01.531 API ExitInstance 
[3184] 2014/12/27 22:22:40.109 API InitInstance 
[3184] 2014/12/27 22:22:52.468 API ExitInstance 
[2600] 2014/12/27 22:26:13.531 API InitInstance 
[2600] 2014/12/27 22:26:20.031 API ExitInstance 
[2376] 2014/12/27 22:26:33.640 API InitInstance 
[2376] 2014/12/27 22:26:43.359 API ExitInstance 
[660] 2014/12/27 22:30:13.937 API InitInstance 
[3428] 2014/12/27 22:30:23.828 API InitInstance 
[3428] 2014/12/27 22:30:31.265 API ExitInstance 
[4008] 2014/12/27 22:32:10.656 API InitInstance 
[4008] 2014/12/27 22:32:17.156 API ExitInstance 
[3748] 2014/12/27 22:32:30.906 API InitInstance 
[3748] 2014/12/27 22:32:35.421 API ExitInstance 
[3120] 2014/12/27 22:32:50.187 API InitInstance 
[2260] 2014/12/27 23:35:22.296 API InitInstance 
[2260] 2014/12/27 23:35:26.343 SKQuoteLib_Initialize ¡G
[2260] 2014/12/27 23:35:26.343 SKQuoteLib_Initialize ¡Ghttps://order2.capital.com.tw/
[2260] 2014/12/27 23:35:27.046 SKQuoteLib_Initialize ¡Ghttps://order3.capital.com.tw/
[736] 2014/12/27 23:45:12.078 API InitInstance 
[4028] 2014/12/27 23:45:24.984 API InitInstance 
[4028] 2014/12/27 23:45:38.859 API ExitInstance 
[1548] 2014/12/27 23:50:25.765 API InitInstance 
[1040] 2014/12/27 23:57:02.937 API InitInstance 
[1040] 2014/12/27 23:57:46.578 API ExitInstance 
[1080] 2014/12/27 23:59:15.984 API InitInstance 
[1080] 2014/12/28 00:00:01.890 API ExitInstance 
