[6100] 2014/09/24 00:09:59.406 API InitInstance 
[4380] 2014/09/24 00:12:28.671 API InitInstance 
[2896] 2014/09/24 00:20:09.734 API InitInstance 
[3732] 2014/09/24 00:35:36.703 API InitInstance 
[3356] 2014/09/24 00:44:30.234 API InitInstance 
[3356] 2014/09/24 00:44:42.718 API ExitInstance 
[2064] 2014/09/24 01:02:00.140 API InitInstance 
[5172] 2014/09/24 01:03:53.078 API InitInstance 
[5172] 2014/09/24 01:04:02.062 API ExitInstance 
[2936] 2014/09/24 01:06:38.187 API InitInstance 
[2936] 2014/09/24 01:06:47.187 API ExitInstance 
[4572] 2014/09/24 02:10:47.765 API InitInstance 
[3380] 2014/09/24 02:54:22.437 API InitInstance 
[3380] 2014/09/24 02:54:53.656 SKQuoteLib_Initialize ¡GS122811334
[3380] 2014/09/24 02:54:53.656 SKQuoteLib_Initialize ¡Ghttps://order2.capital.com.tw/
[3380] 2014/09/24 02:54:55.359 SKQuoteLib_Initialize  SUCCESS 
[3380] 2014/09/24 02:54:55.359 SKQuoteLib_AttachConnectionCallBack 
[3380] 2014/09/24 02:54:55.359 SKQuoteLib_AttachQuoteCallBack 
[3380] 2014/09/24 02:54:55.359 SKQuoteLib_AttachBest5CallBack 
[3380] 2014/09/24 02:54:55.359 SKQuoteLib_AttachTicksGetCallBack 
[3380] 2014/09/24 02:54:55.359 SKQuoteLib_AttachKLineDataCallBack 
[3380] 2014/09/24 02:54:55.359 SKQuoteLib_AttachMarketTotCallBack 
[3380] 2014/09/24 02:54:55.359 SKQuoteLib_AttachMarketBuySellCallBack 
[3380] 2014/09/24 02:54:55.359 SKQuoteLib_AttachMarketHighLowCallBack 
[3380] 2014/09/24 02:54:55.359 SKQuoteLib_AttachStrikePricesCallBack 
[3380] 2014/09/24 02:54:55.359 SKQuoteLib_AttchServerTimeCallBack 
[3380] 2014/09/24 02:54:55.359 SKQuoteLib_AttachHistoryTicksGetCallBack 
[3380] 2014/09/24 02:54:55.359 SKQuoteLib_AttachProductsReadyCallBack 
[3380] 2014/09/24 02:54:55.484 SKQuoteLib_EnterMonitor IP¡Ginfo11.capital.com.tw
[3380] 2014/09/24 02:54:55.500 SocketConnect Type¡G100  ErrorCode¡G0
[3380] 2014/09/24 02:55:37.156 Stocks Ready
[3380] 2014/09/24 02:55:37.187 SKQuoteLib_GetKLine(TX00,1)
[1504] 2014/09/24 03:03:33.953 API InitInstance 
[1504] 2014/09/24 03:03:40.125 SKQuoteLib_Initialize ¡GS122811334
[1504] 2014/09/24 03:03:40.140 SKQuoteLib_Initialize ¡Ghttps://order2.capital.com.tw/
[1504] 2014/09/24 03:03:41.640 SKQuoteLib_Initialize  SUCCESS 
[1504] 2014/09/24 03:03:41.640 SKQuoteLib_AttachConnectionCallBack 
[1504] 2014/09/24 03:03:41.640 SKQuoteLib_AttachQuoteCallBack 
[1504] 2014/09/24 03:03:41.640 SKQuoteLib_AttachBest5CallBack 
[1504] 2014/09/24 03:03:41.656 SKQuoteLib_AttachTicksGetCallBack 
[1504] 2014/09/24 03:03:41.656 SKQuoteLib_AttachKLineDataCallBack 
[1504] 2014/09/24 03:03:41.656 SKQuoteLib_AttachMarketTotCallBack 
[1504] 2014/09/24 03:03:41.656 SKQuoteLib_AttachMarketBuySellCallBack 
[1504] 2014/09/24 03:03:41.656 SKQuoteLib_AttachMarketHighLowCallBack 
[1504] 2014/09/24 03:03:41.656 SKQuoteLib_AttachStrikePricesCallBack 
[1504] 2014/09/24 03:03:41.656 SKQuoteLib_AttchServerTimeCallBack 
[1504] 2014/09/24 03:03:41.656 SKQuoteLib_AttachHistoryTicksGetCallBack 
[1504] 2014/09/24 03:03:41.656 SKQuoteLib_AttachProductsReadyCallBack 
[1504] 2014/09/24 03:03:41.750 SKQuoteLib_EnterMonitor IP¡Ginfo23.capital.com.tw
[1504] 2014/09/24 03:03:41.781 SocketConnect Type¡G100  ErrorCode¡G0
[1504] 2014/09/24 03:03:59.093 Stocks Ready
[1504] 2014/09/24 03:03:59.109 SKQuoteLib_GetKLine(TX00,4)
[1504] 2014/09/24 03:03:59.109 SKQuoteLib_GetDate(TX00,4)
[572] 2014/09/24 03:12:45.484 API InitInstance 
[572] 2014/09/24 03:12:50.968 SKQuoteLib_Initialize ¡GS122811334
[572] 2014/09/24 03:12:50.968 SKQuoteLib_Initialize ¡Ghttps://order2.capital.com.tw/
[572] 2014/09/24 03:12:51.796 SKQuoteLib_Initialize  SUCCESS 
[572] 2014/09/24 03:12:51.796 SKQuoteLib_AttachConnectionCallBack 
[572] 2014/09/24 03:12:51.796 SKQuoteLib_AttachQuoteCallBack 
[572] 2014/09/24 03:12:51.796 SKQuoteLib_AttachBest5CallBack 
[572] 2014/09/24 03:12:51.796 SKQuoteLib_AttachTicksGetCallBack 
[572] 2014/09/24 03:12:51.796 SKQuoteLib_AttachKLineDataCallBack 
[572] 2014/09/24 03:12:51.796 SKQuoteLib_AttachMarketTotCallBack 
[572] 2014/09/24 03:12:51.796 SKQuoteLib_AttachMarketBuySellCallBack 
[572] 2014/09/24 03:12:51.796 SKQuoteLib_AttachMarketHighLowCallBack 
[572] 2014/09/24 03:12:51.796 SKQuoteLib_AttachStrikePricesCallBack 
[572] 2014/09/24 03:12:51.796 SKQuoteLib_AttchServerTimeCallBack 
[572] 2014/09/24 03:12:51.796 SKQuoteLib_AttachHistoryTicksGetCallBack 
[572] 2014/09/24 03:12:51.796 SKQuoteLib_AttachProductsReadyCallBack 
[572] 2014/09/24 03:12:51.906 SKQuoteLib_EnterMonitor IP¡Ginfo10.capital.com.tw
[572] 2014/09/24 03:12:51.937 SocketConnect Type¡G100  ErrorCode¡G0
[572] 2014/09/24 03:13:26.156 Stocks Ready
[572] 2014/09/24 03:13:26.156 SKQuoteLib_GetKLine(TX00,1)
[572] 2014/09/24 03:14:03.750 Check Link Status 
[572] 2014/09/24 03:14:32.015 SKQuoteLib_GetKLine(TX00,4)
[572] 2014/09/24 03:14:32.015 SKQuoteLib_GetDate(TX00,4)
[572] 2014/09/24 03:14:39.265 SKQuoteLib_RequestTicks (1,TX00)
[572] 2014/09/24 03:16:07.937 Check Link Status 
[572] 2014/09/24 03:16:51.937 Check Link Status 
[572] 2014/09/24 03:17:51.937 Check Link Status 
[572] 2014/09/24 03:18:51.937 Check Link Status 
[572] 2014/09/24 03:19:28.234 SKQuoteLib_LeaveMonitor 
[572] 2014/09/24 03:19:28.234 SocketClose Type¡G101  ErrorCode¡G0
[572] 2014/09/24 03:19:28.562 API ExitInstance 
[3084] 2014/09/24 03:21:59.515 API InitInstance 
[3084] 2014/09/24 03:22:04.312 SKQuoteLib_Initialize ¡GS122811334
[3084] 2014/09/24 03:22:04.328 SKQuoteLib_Initialize ¡Ghttps://order2.capital.com.tw/
[3084] 2014/09/24 03:22:05.218 SKQuoteLib_Initialize  SUCCESS 
[3084] 2014/09/24 03:22:05.218 SKQuoteLib_AttachConnectionCallBack 
[3084] 2014/09/24 03:22:05.218 SKQuoteLib_AttachQuoteCallBack 
[3084] 2014/09/24 03:22:05.218 SKQuoteLib_AttachBest5CallBack 
[3084] 2014/09/24 03:22:05.218 SKQuoteLib_AttachTicksGetCallBack 
[3084] 2014/09/24 03:22:05.218 SKQuoteLib_AttachKLineDataCallBack 
[3084] 2014/09/24 03:22:05.218 SKQuoteLib_AttachMarketTotCallBack 
[3084] 2014/09/24 03:22:05.218 SKQuoteLib_AttachMarketBuySellCallBack 
[3084] 2014/09/24 03:22:05.218 SKQuoteLib_AttachMarketHighLowCallBack 
[3084] 2014/09/24 03:22:05.234 SKQuoteLib_AttachStrikePricesCallBack 
[3084] 2014/09/24 03:22:05.234 SKQuoteLib_AttchServerTimeCallBack 
[3084] 2014/09/24 03:22:05.234 SKQuoteLib_AttachHistoryTicksGetCallBack 
[3084] 2014/09/24 03:22:05.234 SKQuoteLib_AttachProductsReadyCallBack 
[3084] 2014/09/24 03:22:05.328 SKQuoteLib_EnterMonitor IP¡Ginfo13.capital.com.tw
[3084] 2014/09/24 03:22:05.359 SocketConnect Type¡G100  ErrorCode¡G0
[3084] 2014/09/24 03:22:08.484 Stocks Ready
[3084] 2014/09/24 03:22:08.515 SKQuoteLib_GetKLine(TX00,4)
[3084] 2014/09/24 03:22:08.515 SKQuoteLib_GetDate(TX00,4)
[3084] 2014/09/24 03:22:15.828 SKQuoteLib_GetKLine(TX00,1)
[3084] 2014/09/24 03:22:23.531 SKQuoteLib_RequestTicks (1,TX00)
[3940] 2014/09/24 03:27:18.781 API InitInstance 
[3940] 2014/09/24 03:27:23.640 SKQuoteLib_Initialize ¡GS122811334
[3940] 2014/09/24 03:27:23.640 SKQuoteLib_Initialize ¡Ghttps://order2.capital.com.tw/
[3940] 2014/09/24 03:27:24.625 SKQuoteLib_Initialize  SUCCESS 
[3940] 2014/09/24 03:27:24.625 SKQuoteLib_AttachConnectionCallBack 
[3940] 2014/09/24 03:27:24.625 SKQuoteLib_AttachQuoteCallBack 
[3940] 2014/09/24 03:27:24.625 SKQuoteLib_AttachBest5CallBack 
[3940] 2014/09/24 03:27:24.625 SKQuoteLib_AttachTicksGetCallBack 
[3940] 2014/09/24 03:27:24.625 SKQuoteLib_AttachKLineDataCallBack 
[3940] 2014/09/24 03:27:24.625 SKQuoteLib_AttachMarketTotCallBack 
[3940] 2014/09/24 03:27:24.625 SKQuoteLib_AttachMarketBuySellCallBack 
[3940] 2014/09/24 03:27:24.625 SKQuoteLib_AttachMarketHighLowCallBack 
[3940] 2014/09/24 03:27:24.625 SKQuoteLib_AttachStrikePricesCallBack 
[3940] 2014/09/24 03:27:24.640 SKQuoteLib_AttchServerTimeCallBack 
[3940] 2014/09/24 03:27:24.640 SKQuoteLib_AttachHistoryTicksGetCallBack 
[3940] 2014/09/24 03:27:24.640 SKQuoteLib_AttachProductsReadyCallBack 
[3940] 2014/09/24 03:27:24.750 SKQuoteLib_EnterMonitor IP¡Ginfo11.capital.com.tw
[3940] 2014/09/24 03:27:24.781 SocketConnect Type¡G100  ErrorCode¡G0
[3940] 2014/09/24 03:27:28.078 Stocks Ready
[3940] 2014/09/24 03:27:28.093 SKQuoteLib_GetKLine(TX00,1)
[3940] 2014/09/24 03:27:40.984 SKQuoteLib_GetKLine(TX00,4)
[3940] 2014/09/24 03:29:31.359 SKQuoteLib_GetDate(TX00,4)
[2880] 2014/09/24 03:34:12.125 API InitInstance 
[2880] 2014/09/24 03:34:13.734 SKQuoteLib_Initialize ¡GS122811334
[2880] 2014/09/24 03:34:13.734 SKQuoteLib_Initialize ¡Ghttps://order2.capital.com.tw/
[2880] 2014/09/24 03:34:14.437 SKQuoteLib_Initialize  SUCCESS 
[2880] 2014/09/24 03:34:14.437 SKQuoteLib_AttachConnectionCallBack 
[2880] 2014/09/24 03:34:14.437 SKQuoteLib_AttachQuoteCallBack 
[2880] 2014/09/24 03:34:14.437 SKQuoteLib_AttachBest5CallBack 
[2880] 2014/09/24 03:34:14.437 SKQuoteLib_AttachTicksGetCallBack 
[2880] 2014/09/24 03:34:14.437 SKQuoteLib_AttachKLineDataCallBack 
[2880] 2014/09/24 03:34:14.453 SKQuoteLib_AttachMarketTotCallBack 
[2880] 2014/09/24 03:34:14.453 SKQuoteLib_AttachMarketBuySellCallBack 
[2880] 2014/09/24 03:34:14.453 SKQuoteLib_AttachMarketHighLowCallBack 
[2880] 2014/09/24 03:34:14.453 SKQuoteLib_AttachStrikePricesCallBack 
[2880] 2014/09/24 03:34:14.453 SKQuoteLib_AttchServerTimeCallBack 
[2880] 2014/09/24 03:34:14.453 SKQuoteLib_AttachHistoryTicksGetCallBack 
[2880] 2014/09/24 03:34:14.453 SKQuoteLib_AttachProductsReadyCallBack 
[2880] 2014/09/24 03:34:14.468 SKQuoteLib_EnterMonitor IP¡Ginfo13.capital.com.tw
[2880] 2014/09/24 03:34:14.500 SocketConnect Type¡G100  ErrorCode¡G0
[2880] 2014/09/24 03:34:17.906 Stocks Ready
[2880] 2014/09/24 03:34:17.906 SKQuoteLib_GetKLine(TX00,4)
[2880] 2014/09/24 03:34:17.906 SKQuoteLib_GetDate(TX00,4)
[2880] 2014/09/24 03:34:25.453 SKQuoteLib_GetKLine(TX00,1)
[3612] 2014/09/24 03:37:02.328 API InitInstance 
[3612] 2014/09/24 03:37:04.078 SKQuoteLib_Initialize ¡GS122811334
[3612] 2014/09/24 03:37:04.078 SKQuoteLib_Initialize ¡Ghttps://order2.capital.com.tw/
[3612] 2014/09/24 03:37:04.781 SKQuoteLib_Initialize  SUCCESS 
[3612] 2014/09/24 03:37:04.781 SKQuoteLib_AttachConnectionCallBack 
[3612] 2014/09/24 03:37:04.781 SKQuoteLib_AttachQuoteCallBack 
[3612] 2014/09/24 03:37:04.781 SKQuoteLib_AttachBest5CallBack 
[3612] 2014/09/24 03:37:04.781 SKQuoteLib_AttachTicksGetCallBack 
[3612] 2014/09/24 03:37:04.781 SKQuoteLib_AttachKLineDataCallBack 
[3612] 2014/09/24 03:37:04.781 SKQuoteLib_AttachMarketTotCallBack 
[3612] 2014/09/24 03:37:04.781 SKQuoteLib_AttachMarketBuySellCallBack 
[3612] 2014/09/24 03:37:04.781 SKQuoteLib_AttachMarketHighLowCallBack 
[3612] 2014/09/24 03:37:04.781 SKQuoteLib_AttachStrikePricesCallBack 
[3612] 2014/09/24 03:37:04.781 SKQuoteLib_AttchServerTimeCallBack 
[3612] 2014/09/24 03:37:04.781 SKQuoteLib_AttachHistoryTicksGetCallBack 
[3612] 2014/09/24 03:37:04.781 SKQuoteLib_AttachProductsReadyCallBack 
[3612] 2014/09/24 03:37:04.906 SKQuoteLib_EnterMonitor IP¡Ginfo20.capital.com.tw
[3612] 2014/09/24 03:37:04.937 SocketConnect Type¡G100  ErrorCode¡G0
[3612] 2014/09/24 03:37:07.921 Stocks Ready
[3612] 2014/09/24 03:37:07.921 SKQuoteLib_GetKLine(TX00,4)
[3612] 2014/09/24 03:37:07.921 SKQuoteLib_GetDate(TX00,4)
[3612] 2014/09/24 03:37:15.765 SKQuoteLib_GetKLine(TX00,1)
[3612] 2014/09/24 03:37:25.390 SKQuoteLib_RequestTicks (1,TX00)
[3612] 2014/09/24 03:38:54.281 Check Link Status 
[3612] 2014/09/24 03:39:04.937 Check Link Status 
[3612] 2014/09/24 03:40:04.937 Check Link Status 
[3612] 2014/09/24 03:41:04.937 Check Link Status 
[3612] 2014/09/24 03:41:22.984 SKQuoteLib_LeaveMonitor 
[3612] 2014/09/24 03:41:22.984 SocketClose Type¡G101  ErrorCode¡G0
[3612] 2014/09/24 03:41:23.125 API ExitInstance 
[2912] 2014/09/24 03:42:14.546 API InitInstance 
[2912] 2014/09/24 03:42:35.281 SKQuoteLib_Initialize ¡GS122811334
[2912] 2014/09/24 03:42:35.281 SKQuoteLib_Initialize ¡Ghttps://order2.capital.com.tw/
[2912] 2014/09/24 03:42:35.984 SKQuoteLib_Initialize  SUCCESS 
[2912] 2014/09/24 03:42:35.984 SKQuoteLib_AttachConnectionCallBack 
[2912] 2014/09/24 03:42:35.984 SKQuoteLib_AttachQuoteCallBack 
[2912] 2014/09/24 03:42:35.984 SKQuoteLib_AttachBest5CallBack 
[2912] 2014/09/24 03:42:35.984 SKQuoteLib_AttachTicksGetCallBack 
[2912] 2014/09/24 03:42:35.984 SKQuoteLib_AttachKLineDataCallBack 
[2912] 2014/09/24 03:42:35.984 SKQuoteLib_AttachMarketTotCallBack 
[2912] 2014/09/24 03:42:36.000 SKQuoteLib_AttachMarketBuySellCallBack 
[2912] 2014/09/24 03:42:36.000 SKQuoteLib_AttachMarketHighLowCallBack 
[2912] 2014/09/24 03:42:36.000 SKQuoteLib_AttachStrikePricesCallBack 
[2912] 2014/09/24 03:42:36.000 SKQuoteLib_AttchServerTimeCallBack 
[2912] 2014/09/24 03:42:36.000 SKQuoteLib_AttachHistoryTicksGetCallBack 
[2912] 2014/09/24 03:42:36.000 SKQuoteLib_AttachProductsReadyCallBack 
[2912] 2014/09/24 03:42:36.125 SKQuoteLib_EnterMonitor IP¡Ginfo12.capital.com.tw
[2912] 2014/09/24 03:42:39.531 SocketConnect Type¡G100  ErrorCode¡G0
[2912] 2014/09/24 03:42:41.265 Stocks Ready
[2912] 2014/09/24 03:42:41.281 SKQuoteLib_GetKLine(TX00,4)
[2912] 2014/09/24 03:42:41.281 SKQuoteLib_GetDate(TX00,4)
[2912] 2014/09/24 03:42:48.484 SKQuoteLib_GetKLine(TX00,1)
[2912] 2014/09/24 03:42:55.281 SKQuoteLib_RequestTicks (1,TX00)
[2912] 2014/09/24 03:44:24.359 Check Link Status 
[2912] 2014/09/24 03:44:39.531 Check Link Status 
[2912] 2014/09/24 03:45:39.531 Check Link Status 
[2912] 2014/09/24 03:46:15.421 SKQuoteLib_LeaveMonitor 
[2912] 2014/09/24 03:46:15.421 SocketClose Type¡G101  ErrorCode¡G0
[2912] 2014/09/24 03:46:15.546 API ExitInstance 
[4176] 2014/09/24 14:29:58.328 API InitInstance 
[396] 2014/09/24 14:31:49.375 API InitInstance 
[5188] 2014/09/24 14:33:16.640 API InitInstance 
[5552] 2014/09/24 14:34:15.125 API InitInstance 
[1136] 2014/09/24 14:45:39.453 API InitInstance 
[1136] 2014/09/24 14:51:34.250 SKQuoteLib_Initialize ¡GS122811334
[1136] 2014/09/24 14:51:34.250 SKQuoteLib_Initialize ¡Ghttps://order2.capital.com.tw/
[1136] 2014/09/24 14:51:34.906 SKQuoteLib_Initialize  SUCCESS 
[1136] 2014/09/24 14:51:34.906 SKQuoteLib_AttachConnectionCallBack 
[1136] 2014/09/24 14:51:34.906 SKQuoteLib_AttachQuoteCallBack 
[1136] 2014/09/24 14:51:34.906 SKQuoteLib_AttachBest5CallBack 
[1136] 2014/09/24 14:51:34.906 SKQuoteLib_AttachTicksGetCallBack 
[1136] 2014/09/24 14:51:34.906 SKQuoteLib_AttachKLineDataCallBack 
[1136] 2014/09/24 14:51:34.906 SKQuoteLib_AttachMarketTotCallBack 
[1136] 2014/09/24 14:51:34.906 SKQuoteLib_AttachMarketBuySellCallBack 
[1136] 2014/09/24 14:51:34.906 SKQuoteLib_AttachMarketHighLowCallBack 
[1136] 2014/09/24 14:51:34.906 SKQuoteLib_AttachStrikePricesCallBack 
[1136] 2014/09/24 14:51:34.906 SKQuoteLib_AttchServerTimeCallBack 
[1136] 2014/09/24 14:51:34.906 SKQuoteLib_AttachHistoryTicksGetCallBack 
[1136] 2014/09/24 14:51:34.906 SKQuoteLib_AttachProductsReadyCallBack 
[1136] 2014/09/24 14:51:34.937 SKQuoteLib_EnterMonitor IP¡Ginfo10.capital.com.tw
[1136] 2014/09/24 14:51:34.937 SocketConnect Type¡G100  ErrorCode¡G0
[1136] 2014/09/24 14:51:46.328 Stocks Ready
[1136] 2014/09/24 14:51:50.734 SKQuoteLib_GetKLine(TX00,4)
[1136] 2014/09/24 14:51:50.734 SKQuoteLib_GetDate(TX00,4)
[1136] 2014/09/24 14:52:21.640 SKQuoteLib_GetKLine(TX00,1)
[5148] 2014/09/24 14:54:45.296 API InitInstance 
[5148] 2014/09/24 14:54:50.468 SKQuoteLib_Initialize ¡GS122811334
[5148] 2014/09/24 14:54:50.468 SKQuoteLib_Initialize ¡Ghttps://order2.capital.com.tw/
[5148] 2014/09/24 14:54:51.078 SKQuoteLib_Initialize  SUCCESS 
[5148] 2014/09/24 14:54:51.078 SKQuoteLib_AttachConnectionCallBack 
[5148] 2014/09/24 14:54:51.078 SKQuoteLib_AttachQuoteCallBack 
[5148] 2014/09/24 14:54:51.078 SKQuoteLib_AttachBest5CallBack 
[5148] 2014/09/24 14:54:51.078 SKQuoteLib_AttachTicksGetCallBack 
[5148] 2014/09/24 14:54:51.078 SKQuoteLib_AttachKLineDataCallBack 
[5148] 2014/09/24 14:54:51.078 SKQuoteLib_AttachMarketTotCallBack 
[5148] 2014/09/24 14:54:51.078 SKQuoteLib_AttachMarketBuySellCallBack 
[5148] 2014/09/24 14:54:51.078 SKQuoteLib_AttachMarketHighLowCallBack 
[5148] 2014/09/24 14:54:51.078 SKQuoteLib_AttachStrikePricesCallBack 
[5148] 2014/09/24 14:54:51.078 SKQuoteLib_AttchServerTimeCallBack 
[5148] 2014/09/24 14:54:51.078 SKQuoteLib_AttachHistoryTicksGetCallBack 
[5148] 2014/09/24 14:54:51.078 SKQuoteLib_AttachProductsReadyCallBack 
[5148] 2014/09/24 14:54:51.109 SKQuoteLib_EnterMonitor IP¡Ginfo12.capital.com.tw
[5148] 2014/09/24 14:54:51.109 SocketConnect Type¡G100  ErrorCode¡G0
[5148] 2014/09/24 14:55:02.718 Stocks Ready
[5148] 2014/09/24 14:55:10.109 SKQuoteLib_GetKLine(TX00,4)
[5148] 2014/09/24 14:55:10.109 SKQuoteLib_GetDate(TX00,4)
[5148] 2014/09/24 14:55:17.343 SKQuoteLib_GetKLine(TX00,1)
[5148] 2014/09/24 14:55:25.500 SKQuoteLib_RequestTicks (1,TX00)
[2928] 2014/09/24 14:56:01.015 API InitInstance 
[2928] 2014/09/24 14:56:02.390 SKQuoteLib_Initialize ¡GS122811334
[2928] 2014/09/24 14:56:02.390 SKQuoteLib_Initialize ¡Ghttps://order2.capital.com.tw/
[2928] 2014/09/24 14:56:02.937 SKQuoteLib_Initialize  SUCCESS 
[2928] 2014/09/24 14:56:02.937 SKQuoteLib_AttachConnectionCallBack 
[2928] 2014/09/24 14:56:02.937 SKQuoteLib_AttachQuoteCallBack 
[2928] 2014/09/24 14:56:02.937 SKQuoteLib_AttachBest5CallBack 
[2928] 2014/09/24 14:56:02.937 SKQuoteLib_AttachTicksGetCallBack 
[2928] 2014/09/24 14:56:02.937 SKQuoteLib_AttachKLineDataCallBack 
[2928] 2014/09/24 14:56:02.937 SKQuoteLib_AttachMarketTotCallBack 
[2928] 2014/09/24 14:56:02.937 SKQuoteLib_AttachMarketBuySellCallBack 
[2928] 2014/09/24 14:56:02.937 SKQuoteLib_AttachMarketHighLowCallBack 
[2928] 2014/09/24 14:56:02.937 SKQuoteLib_AttachStrikePricesCallBack 
[2928] 2014/09/24 14:56:02.937 SKQuoteLib_AttchServerTimeCallBack 
[2928] 2014/09/24 14:56:02.937 SKQuoteLib_AttachHistoryTicksGetCallBack 
[2928] 2014/09/24 14:56:02.937 SKQuoteLib_AttachProductsReadyCallBack 
[2928] 2014/09/24 14:56:02.968 SKQuoteLib_EnterMonitor IP¡Ginfo11.capital.com.tw
[2928] 2014/09/24 14:56:02.984 SocketConnect Type¡G100  ErrorCode¡G0
[2928] 2014/09/24 14:56:14.609 Stocks Ready
[2928] 2014/09/24 14:56:14.609 SKQuoteLib_GetKLine(TX00,4)
[2928] 2014/09/24 14:56:14.609 SKQuoteLib_GetDate(TX00,4)
[2928] 2014/09/24 14:56:21.921 SKQuoteLib_GetKLine(TX00,1)
[2928] 2014/09/24 14:56:28.562 SKQuoteLib_RequestTicks (1,TX00)
[5712] 2014/09/24 15:02:51.984 API InitInstance 
[5712] 2014/09/24 15:02:53.515 SKQuoteLib_Initialize ¡GS122811334
[5712] 2014/09/24 15:02:53.515 SKQuoteLib_Initialize ¡Ghttps://order2.capital.com.tw/
[5712] 2014/09/24 15:02:54.078 SKQuoteLib_Initialize  SUCCESS 
[5712] 2014/09/24 15:02:54.078 SKQuoteLib_AttachConnectionCallBack 
[5712] 2014/09/24 15:02:54.078 SKQuoteLib_AttachQuoteCallBack 
[5712] 2014/09/24 15:02:54.078 SKQuoteLib_AttachBest5CallBack 
[5712] 2014/09/24 15:02:54.078 SKQuoteLib_AttachTicksGetCallBack 
[5712] 2014/09/24 15:02:54.078 SKQuoteLib_AttachKLineDataCallBack 
[5712] 2014/09/24 15:02:54.078 SKQuoteLib_AttachMarketTotCallBack 
[5712] 2014/09/24 15:02:54.078 SKQuoteLib_AttachMarketBuySellCallBack 
[5712] 2014/09/24 15:02:54.078 SKQuoteLib_AttachMarketHighLowCallBack 
[5712] 2014/09/24 15:02:54.078 SKQuoteLib_AttachStrikePricesCallBack 
[5712] 2014/09/24 15:02:54.078 SKQuoteLib_AttchServerTimeCallBack 
[5712] 2014/09/24 15:02:54.078 SKQuoteLib_AttachHistoryTicksGetCallBack 
[5712] 2014/09/24 15:02:54.078 SKQuoteLib_AttachProductsReadyCallBack 
[5712] 2014/09/24 15:02:54.093 SKQuoteLib_EnterMonitor IP¡Ginfo11.capital.com.tw
[5712] 2014/09/24 15:02:54.093 SocketConnect Type¡G100  ErrorCode¡G0
[5712] 2014/09/24 15:03:05.328 Stocks Ready
[5156] 2014/09/24 15:10:33.937 API InitInstance 
[5156] 2014/09/24 15:10:35.890 API ExitInstance 
[4584] 2014/09/24 15:10:51.296 API InitInstance 
[4584] 2014/09/24 15:10:52.265 API ExitInstance 
[2548] 2014/09/24 15:11:39.109 API InitInstance 
[2548] 2014/09/24 15:11:40.093 API ExitInstance 
[2724] 2014/09/24 15:12:04.781 API InitInstance 
[2724] 2014/09/24 15:12:05.968 API ExitInstance 
[728] 2014/09/24 15:17:37.281 API InitInstance 
[728] 2014/09/24 15:17:38.453 API ExitInstance 
[1328] 2014/09/24 15:19:07.312 API InitInstance 
[2248] 2014/09/24 15:20:12.281 API InitInstance 
[3804] 2014/09/24 15:21:01.796 API InitInstance 
[3196] 2014/09/24 15:24:41.078 API InitInstance 
[2632] 2014/09/24 15:27:50.421 API InitInstance 
[4568] 2014/09/24 15:28:58.515 API InitInstance 
[5108] 2014/09/24 15:52:26.453 API InitInstance 
[5108] 2014/09/24 15:52:33.671 API ExitInstance 
[4712] 2014/09/24 16:14:12.500 API InitInstance 
[4712] 2014/09/24 16:14:19.609 API ExitInstance 
[5452] 2014/09/24 16:26:03.015 API InitInstance 
[5452] 2014/09/24 16:27:51.921 API ExitInstance 
[3164] 2014/09/24 16:28:36.328 API InitInstance 
[3164] 2014/09/24 16:28:52.156 API ExitInstance 
[396] 2014/09/24 16:52:55.515 API InitInstance 
[5080] 2014/09/24 16:57:59.484 API InitInstance 
[2736] 2014/09/24 17:12:45.390 API InitInstance 
[4364] 2014/09/24 17:24:00.640 API InitInstance 
[2900] 2014/09/24 17:28:04.906 API InitInstance 
[1240] 2014/09/24 17:29:23.140 API InitInstance 
[396] 2014/09/24 17:33:54.656 API InitInstance 
[4260] 2014/09/24 17:36:11.390 API InitInstance 
[4644] 2014/09/24 17:38:28.921 API InitInstance 
[4644] 2014/09/24 17:38:51.421 API ExitInstance 
[304] 2014/09/24 17:42:08.328 API InitInstance 
[304] 2014/09/24 17:42:30.453 API ExitInstance 
[5520] 2014/09/24 17:43:08.750 API InitInstance 
[5520] 2014/09/24 17:43:15.437 API ExitInstance 
[5752] 2014/09/24 17:44:31.906 API InitInstance 
[5752] 2014/09/24 17:44:42.156 API ExitInstance 
[1736] 2014/09/24 17:46:42.156 API InitInstance 
[1736] 2014/09/24 17:46:51.718 API ExitInstance 
[3112] 2014/09/24 18:00:00.000 API InitInstance 
[2808] 2014/09/24 18:02:53.265 API InitInstance 
[2808] 2014/09/24 18:02:55.312 API ExitInstance 
[1316] 2014/09/24 21:40:35.453 API InitInstance 
[1316] 2014/09/24 22:12:36.906 SKQuoteLib_Initialize ¡GS122811334
[1316] 2014/09/24 22:12:36.906 SKQuoteLib_Initialize ¡Ghttps://order2.capital.com.tw/
[1316] 2014/09/24 22:12:38.296 SKQuoteLib_Initialize  SUCCESS 
[1316] 2014/09/24 22:12:38.296 SKQuoteLib_AttachConnectionCallBack 
[1316] 2014/09/24 22:12:38.296 SKQuoteLib_AttachQuoteCallBack 
[1316] 2014/09/24 22:12:38.296 SKQuoteLib_AttachBest5CallBack 
[1316] 2014/09/24 22:12:38.296 SKQuoteLib_AttachTicksGetCallBack 
[1316] 2014/09/24 22:12:38.312 SKQuoteLib_AttachKLineDataCallBack 
[1316] 2014/09/24 22:12:38.312 SKQuoteLib_AttachMarketTotCallBack 
[1316] 2014/09/24 22:12:38.312 SKQuoteLib_AttachMarketBuySellCallBack 
[1316] 2014/09/24 22:12:38.312 SKQuoteLib_AttachMarketHighLowCallBack 
[1316] 2014/09/24 22:12:38.312 SKQuoteLib_AttachStrikePricesCallBack 
[1316] 2014/09/24 22:12:38.312 SKQuoteLib_AttchServerTimeCallBack 
[1316] 2014/09/24 22:12:38.312 SKQuoteLib_AttachHistoryTicksGetCallBack 
[1316] 2014/09/24 22:12:38.312 SKQuoteLib_AttachProductsReadyCallBack 
[1316] 2014/09/24 22:12:38.421 SKQuoteLib_EnterMonitor IP¡Ginfo13.capital.com.tw
[1316] 2014/09/24 22:12:38.453 SocketConnect Type¡G100  ErrorCode¡G0
[1316] 2014/09/24 22:12:55.156 Stocks Ready
[1316] 2014/09/24 22:12:55.171 SKQuoteLib_GetKLine(TX00,4)
[1316] 2014/09/24 22:12:55.187 SKQuoteLib_GetDate(TX00,4)
[1316] 2014/09/24 22:13:03.812 SKQuoteLib_GetKLine(TX00,1)
[1316] 2014/09/24 22:29:40.750 Check Link Status 
[5032] 2014/09/24 22:46:48.796 API InitInstance 
[5032] 2014/09/24 22:47:51.750 SKQuoteLib_Initialize ¡GS122811334
[5032] 2014/09/24 22:47:51.750 SKQuoteLib_Initialize ¡Ghttps://order2.capital.com.tw/
[5032] 2014/09/24 22:47:52.640 SKQuoteLib_Initialize  SUCCESS 
[5032] 2014/09/24 22:47:52.640 SKQuoteLib_AttachConnectionCallBack 
[5032] 2014/09/24 22:47:52.640 SKQuoteLib_AttachQuoteCallBack 
[5032] 2014/09/24 22:47:52.640 SKQuoteLib_AttachBest5CallBack 
[5032] 2014/09/24 22:47:52.640 SKQuoteLib_AttachTicksGetCallBack 
[5032] 2014/09/24 22:47:52.640 SKQuoteLib_AttachKLineDataCallBack 
[5032] 2014/09/24 22:47:52.640 SKQuoteLib_AttachMarketTotCallBack 
[5032] 2014/09/24 22:47:52.640 SKQuoteLib_AttachMarketBuySellCallBack 
[5032] 2014/09/24 22:47:52.640 SKQuoteLib_AttachMarketHighLowCallBack 
[5032] 2014/09/24 22:47:52.656 SKQuoteLib_AttachStrikePricesCallBack 
[5032] 2014/09/24 22:47:52.656 SKQuoteLib_AttchServerTimeCallBack 
[5032] 2014/09/24 22:47:52.656 SKQuoteLib_AttachHistoryTicksGetCallBack 
[5032] 2014/09/24 22:47:52.656 SKQuoteLib_AttachProductsReadyCallBack 
[5032] 2014/09/24 22:47:52.750 SKQuoteLib_EnterMonitor IP¡Ginfo13.capital.com.tw
[5032] 2014/09/24 22:47:52.781 SocketConnect Type¡G100  ErrorCode¡G0
[5032] 2014/09/24 22:48:11.203 Stocks Ready
[5032] 2014/09/24 22:48:11.203 SKQuoteLib_GetKLine(TX00,4)
[5032] 2014/09/24 22:48:11.203 SKQuoteLib_GetDate(TX00,4)
[5032] 2014/09/24 22:48:18.593 SKQuoteLib_GetKLine(TX00,1)
[5032] 2014/09/24 22:56:06.734 Check Link Status 
[5032] 2014/09/24 22:56:06.734 SKQuoteLib_RequestTicks (1,TX00)
[4260] 2014/09/24 23:00:09.859 API InitInstance 
[4260] 2014/09/24 23:00:12.281 SKQuoteLib_Initialize ¡GS122811334
[4260] 2014/09/24 23:00:12.281 SKQuoteLib_Initialize ¡Ghttps://order2.capital.com.tw/
[4260] 2014/09/24 23:00:12.984 SKQuoteLib_Initialize  SUCCESS 
[4260] 2014/09/24 23:00:12.984 SKQuoteLib_AttachConnectionCallBack 
[4260] 2014/09/24 23:00:12.984 SKQuoteLib_AttachQuoteCallBack 
[4260] 2014/09/24 23:00:12.984 SKQuoteLib_AttachBest5CallBack 
[4260] 2014/09/24 23:00:12.984 SKQuoteLib_AttachTicksGetCallBack 
[4260] 2014/09/24 23:00:12.984 SKQuoteLib_AttachKLineDataCallBack 
[4260] 2014/09/24 23:00:12.984 SKQuoteLib_AttachMarketTotCallBack 
[4260] 2014/09/24 23:00:12.984 SKQuoteLib_AttachMarketBuySellCallBack 
[4260] 2014/09/24 23:00:12.984 SKQuoteLib_AttachMarketHighLowCallBack 
[4260] 2014/09/24 23:00:12.984 SKQuoteLib_AttachStrikePricesCallBack 
[4260] 2014/09/24 23:00:12.984 SKQuoteLib_AttchServerTimeCallBack 
[4260] 2014/09/24 23:00:12.984 SKQuoteLib_AttachHistoryTicksGetCallBack 
[4260] 2014/09/24 23:00:12.984 SKQuoteLib_AttachProductsReadyCallBack 
[4260] 2014/09/24 23:00:13.093 SKQuoteLib_EnterMonitor IP¡Ginfo10.capital.com.tw
[4260] 2014/09/24 23:00:13.140 SocketConnect Type¡G100  ErrorCode¡G0
[4260] 2014/09/24 23:00:33.265 Stocks Ready
[4260] 2014/09/24 23:00:33.281 SKQuoteLib_GetKLine(TX00,1)
[4260] 2014/09/24 23:00:40.421 SKQuoteLib_GetKLine(TX00,4)
[4260] 2014/09/24 23:00:40.421 SKQuoteLib_GetDate(TX00,4)
[4260] 2014/09/24 23:00:47.828 SKQuoteLib_RequestTicks (1,TX00)
[4260] 2014/09/24 23:02:22.328 Check Link Status 
[4260] 2014/09/24 23:03:13.140 Check Link Status 
[4260] 2014/09/24 23:03:37.250 SKQuoteLib_LeaveMonitor 
[4260] 2014/09/24 23:03:37.250 SocketClose Type¡G101  ErrorCode¡G0
[4260] 2014/09/24 23:03:37.359 API ExitInstance 
[3900] 2014/09/24 23:07:58.265 API InitInstance 
[5668] 2014/09/24 23:08:46.406 API InitInstance 
[5668] 2014/09/24 23:09:48.312 API ExitInstance 
[2456] 2014/09/24 23:10:22.265 API InitInstance 
[2456] 2014/09/24 23:10:24.203 SKQuoteLib_Initialize ¡GS122811334
[2456] 2014/09/24 23:10:24.203 SKQuoteLib_Initialize ¡Ghttps://order2.capital.com.tw/
[2456] 2014/09/24 23:10:25.000 SKQuoteLib_Initialize  SUCCESS 
[2456] 2014/09/24 23:10:25.000 SKQuoteLib_AttachConnectionCallBack 
[2456] 2014/09/24 23:10:25.000 SKQuoteLib_AttachQuoteCallBack 
[2456] 2014/09/24 23:10:25.000 SKQuoteLib_AttachBest5CallBack 
[2456] 2014/09/24 23:10:25.000 SKQuoteLib_AttachTicksGetCallBack 
[2456] 2014/09/24 23:10:25.000 SKQuoteLib_AttachKLineDataCallBack 
[2456] 2014/09/24 23:10:25.000 SKQuoteLib_AttachMarketTotCallBack 
[2456] 2014/09/24 23:10:25.000 SKQuoteLib_AttachMarketBuySellCallBack 
[2456] 2014/09/24 23:10:25.000 SKQuoteLib_AttachMarketHighLowCallBack 
[2456] 2014/09/24 23:10:25.000 SKQuoteLib_AttachStrikePricesCallBack 
[2456] 2014/09/24 23:10:25.000 SKQuoteLib_AttchServerTimeCallBack 
[2456] 2014/09/24 23:10:25.000 SKQuoteLib_AttachHistoryTicksGetCallBack 
[2456] 2014/09/24 23:10:25.000 SKQuoteLib_AttachProductsReadyCallBack 
[2456] 2014/09/24 23:10:25.109 SKQuoteLib_EnterMonitor IP¡Ginfo23.capital.com.tw
[2456] 2014/09/24 23:10:25.156 SocketConnect Type¡G100  ErrorCode¡G0
[2456] 2014/09/24 23:10:43.656 Stocks Ready
[2456] 2014/09/24 23:10:43.687 SKQuoteLib_GetKLine(TX00,1)
[2456] 2014/09/24 23:10:45.968 SKQuoteLib_GetKLine(TX00,4)
[2456] 2014/09/24 23:10:45.968 SKQuoteLib_GetDate(TX00,4)
[2456] 2014/09/24 23:10:46.843 SKQuoteLib_RequestTicks (1,TX00)
[2456] 2014/09/24 23:11:25.156 Check Link Status 
[2456] 2014/09/24 23:12:11.390 SKQuoteLib_LeaveMonitor 
[2456] 2014/09/24 23:12:11.390 SocketClose Type¡G101  ErrorCode¡G0
[2456] 2014/09/24 23:12:11.453 API ExitInstance 
[5624] 2014/09/24 23:13:48.812 API InitInstance 
[5624] 2014/09/24 23:13:52.125 SKQuoteLib_Initialize ¡GS122811334
[5624] 2014/09/24 23:13:52.125 SKQuoteLib_Initialize ¡Ghttps://order2.capital.com.tw/
[5624] 2014/09/24 23:13:52.828 SKQuoteLib_Initialize  SUCCESS 
[5624] 2014/09/24 23:13:52.828 SKQuoteLib_AttachConnectionCallBack 
[5624] 2014/09/24 23:13:52.828 SKQuoteLib_AttachQuoteCallBack 
[5624] 2014/09/24 23:13:52.828 SKQuoteLib_AttachBest5CallBack 
[5624] 2014/09/24 23:13:52.828 SKQuoteLib_AttachTicksGetCallBack 
[5624] 2014/09/24 23:13:52.828 SKQuoteLib_AttachKLineDataCallBack 
[5624] 2014/09/24 23:13:52.828 SKQuoteLib_AttachMarketTotCallBack 
[5624] 2014/09/24 23:13:52.828 SKQuoteLib_AttachMarketBuySellCallBack 
[5624] 2014/09/24 23:13:52.828 SKQuoteLib_AttachMarketHighLowCallBack 
[5624] 2014/09/24 23:13:52.828 SKQuoteLib_AttachStrikePricesCallBack 
[5624] 2014/09/24 23:13:52.828 SKQuoteLib_AttchServerTimeCallBack 
[5624] 2014/09/24 23:13:52.828 SKQuoteLib_AttachHistoryTicksGetCallBack 
[5624] 2014/09/24 23:13:52.828 SKQuoteLib_AttachProductsReadyCallBack 
[5624] 2014/09/24 23:13:52.937 SKQuoteLib_EnterMonitor IP¡Ginfo9.capital.com.tw
[5624] 2014/09/24 23:13:52.968 SocketConnect Type¡G100  ErrorCode¡G0
[5624] 2014/09/24 23:14:02.218 Stocks Ready
[5624] 2014/09/24 23:14:02.218 SKQuoteLib_GetKLine(TX00,4)
[5624] 2014/09/24 23:14:02.218 SKQuoteLib_GetDate(TX00,4)
[5624] 2014/09/24 23:14:03.515 SKQuoteLib_GetKLine(TX00,1)
[5624] 2014/09/24 23:14:04.406 SKQuoteLib_RequestTicks (1,TX00)
[5624] 2014/09/24 23:14:52.968 Check Link Status 
[5624] 2014/09/24 23:15:52.968 Check Link Status 
[5624] 2014/09/24 23:16:52.968 Check Link Status 
[5624] 2014/09/24 23:17:32.031 SKQuoteLib_LeaveMonitor 
[5624] 2014/09/24 23:17:32.031 SocketClose Type¡G101  ErrorCode¡G0
[5624] 2014/09/24 23:17:32.125 API ExitInstance 
[5572] 2014/09/24 23:18:19.828 API InitInstance 
[5572] 2014/09/24 23:18:22.109 SKQuoteLib_Initialize ¡GS122811334
[5572] 2014/09/24 23:18:22.109 SKQuoteLib_Initialize ¡Ghttps://order2.capital.com.tw/
[5572] 2014/09/24 23:18:25.812 SKQuoteLib_Initialize  SUCCESS 
[5572] 2014/09/24 23:18:25.812 SKQuoteLib_AttachConnectionCallBack 
[5572] 2014/09/24 23:18:25.812 SKQuoteLib_AttachQuoteCallBack 
[5572] 2014/09/24 23:18:25.812 SKQuoteLib_AttachBest5CallBack 
[5572] 2014/09/24 23:18:25.812 SKQuoteLib_AttachTicksGetCallBack 
[5572] 2014/09/24 23:18:25.812 SKQuoteLib_AttachKLineDataCallBack 
[5572] 2014/09/24 23:18:25.812 SKQuoteLib_AttachMarketTotCallBack 
[5572] 2014/09/24 23:18:25.812 SKQuoteLib_AttachMarketBuySellCallBack 
[5572] 2014/09/24 23:18:25.812 SKQuoteLib_AttachMarketHighLowCallBack 
[5572] 2014/09/24 23:18:25.812 SKQuoteLib_AttachStrikePricesCallBack 
[5572] 2014/09/24 23:18:25.812 SKQuoteLib_AttchServerTimeCallBack 
[5572] 2014/09/24 23:18:25.812 SKQuoteLib_AttachHistoryTicksGetCallBack 
[5572] 2014/09/24 23:18:25.812 SKQuoteLib_AttachProductsReadyCallBack 
[5572] 2014/09/24 23:18:25.921 SKQuoteLib_EnterMonitor IP¡Ginfo8.capital.com.tw
[5572] 2014/09/24 23:18:25.968 SocketConnect Type¡G100  ErrorCode¡G0
[5572] 2014/09/24 23:18:33.234 Stocks Ready
[5572] 2014/09/24 23:18:33.265 SKQuoteLib_GetKLine(TX00,4)
[5572] 2014/09/24 23:18:33.265 SKQuoteLib_GetDate(TX00,4)
[5572] 2014/09/24 23:18:36.234 SKQuoteLib_GetKLine(TX00,1)
[5572] 2014/09/24 23:18:39.046 SKQuoteLib_RequestTicks (1,TX00)
[5572] 2014/09/24 23:19:29.125 Check Link Status 
[5572] 2014/09/24 23:19:32.812 SKQuoteLib_LeaveMonitor 
[5572] 2014/09/24 23:19:32.812 SocketClose Type¡G101  ErrorCode¡G0
[5572] 2014/09/24 23:19:32.921 API ExitInstance 
[4808] 2014/09/24 23:21:21.234 API InitInstance 
[4808] 2014/09/24 23:21:25.359 SKQuoteLib_Initialize ¡GS122811334
[4808] 2014/09/24 23:21:25.359 SKQuoteLib_Initialize ¡Ghttps://order2.capital.com.tw/
[4808] 2014/09/24 23:21:26.093 SKQuoteLib_Initialize  SUCCESS 
[4808] 2014/09/24 23:21:26.093 SKQuoteLib_AttachConnectionCallBack 
[4808] 2014/09/24 23:21:26.093 SKQuoteLib_AttachQuoteCallBack 
[4808] 2014/09/24 23:21:26.093 SKQuoteLib_AttachBest5CallBack 
[4808] 2014/09/24 23:21:26.093 SKQuoteLib_AttachTicksGetCallBack 
[4808] 2014/09/24 23:21:26.093 SKQuoteLib_AttachKLineDataCallBack 
[4808] 2014/09/24 23:21:26.093 SKQuoteLib_AttachMarketTotCallBack 
[4808] 2014/09/24 23:21:26.093 SKQuoteLib_AttachMarketBuySellCallBack 
[4808] 2014/09/24 23:21:26.093 SKQuoteLib_AttachMarketHighLowCallBack 
[4808] 2014/09/24 23:21:26.093 SKQuoteLib_AttachStrikePricesCallBack 
[4808] 2014/09/24 23:21:26.093 SKQuoteLib_AttchServerTimeCallBack 
[4808] 2014/09/24 23:21:26.093 SKQuoteLib_AttachHistoryTicksGetCallBack 
[4808] 2014/09/24 23:21:26.093 SKQuoteLib_AttachProductsReadyCallBack 
[4808] 2014/09/24 23:21:26.109 SKQuoteLib_EnterMonitor IP¡Ginfo23.capital.com.tw
[4808] 2014/09/24 23:21:26.125 SocketConnect Type¡G100  ErrorCode¡G0
[4808] 2014/09/24 23:21:29.875 Stocks Ready
[4808] 2014/09/24 23:21:29.890 SKQuoteLib_GetKLine(TX00,4)
[4808] 2014/09/24 23:21:29.890 SKQuoteLib_GetDate(TX00,4)
[4808] 2014/09/24 23:21:30.968 SKQuoteLib_GetKLine(TX00,1)
[4808] 2014/09/24 23:21:31.875 SKQuoteLib_RequestTicks (1,TX00)
[4808] 2014/09/24 23:22:26.125 Check Link Status 
[4808] 2014/09/24 23:23:26.125 Check Link Status 
[4808] 2014/09/24 23:23:28.046 SKQuoteLib_LeaveMonitor 
[4808] 2014/09/24 23:23:28.046 SocketClose Type¡G101  ErrorCode¡G0
[4808] 2014/09/24 23:23:28.125 API ExitInstance 
[5496] 2014/09/24 23:24:02.546 API InitInstance 
[5496] 2014/09/24 23:24:16.437 API ExitInstance 
[5684] 2014/09/24 23:24:22.515 API InitInstance 
[5684] 2014/09/24 23:24:24.765 SKQuoteLib_Initialize ¡GS122811334
[5684] 2014/09/24 23:24:24.765 SKQuoteLib_Initialize ¡Ghttps://order2.capital.com.tw/
[5684] 2014/09/24 23:24:25.421 SKQuoteLib_Initialize  SUCCESS 
[5684] 2014/09/24 23:24:25.421 SKQuoteLib_AttachConnectionCallBack 
[5684] 2014/09/24 23:24:25.421 SKQuoteLib_AttachQuoteCallBack 
[5684] 2014/09/24 23:24:25.421 SKQuoteLib_AttachBest5CallBack 
[5684] 2014/09/24 23:24:25.421 SKQuoteLib_AttachTicksGetCallBack 
[5684] 2014/09/24 23:24:25.421 SKQuoteLib_AttachKLineDataCallBack 
[5684] 2014/09/24 23:24:25.421 SKQuoteLib_AttachMarketTotCallBack 
[5684] 2014/09/24 23:24:25.421 SKQuoteLib_AttachMarketBuySellCallBack 
[5684] 2014/09/24 23:24:25.421 SKQuoteLib_AttachMarketHighLowCallBack 
[5684] 2014/09/24 23:24:25.421 SKQuoteLib_AttachStrikePricesCallBack 
[5684] 2014/09/24 23:24:25.421 SKQuoteLib_AttchServerTimeCallBack 
[5684] 2014/09/24 23:24:25.421 SKQuoteLib_AttachHistoryTicksGetCallBack 
[5684] 2014/09/24 23:24:25.421 SKQuoteLib_AttachProductsReadyCallBack 
[5684] 2014/09/24 23:24:25.437 SKQuoteLib_EnterMonitor IP¡Ginfo9.capital.com.tw
[5684] 2014/09/24 23:24:25.468 SocketConnect Type¡G100  ErrorCode¡G0
[5684] 2014/09/24 23:24:43.812 Stocks Ready
[5684] 2014/09/24 23:24:43.828 SKQuoteLib_GetKLine(TX00,1)
[5684] 2014/09/24 23:24:45.000 SKQuoteLib_GetKLine(TX00,4)
[5684] 2014/09/24 23:24:45.000 SKQuoteLib_GetDate(TX00,4)
[5684] 2014/09/24 23:24:45.843 SKQuoteLib_RequestTicks (1,TX00)
[5684] 2014/09/24 23:25:25.468 Check Link Status 
[5684] 2014/09/24 23:26:11.640 SKQuoteLib_LeaveMonitor 
[5684] 2014/09/24 23:26:11.640 SocketClose Type¡G101  ErrorCode¡G0
[5684] 2014/09/24 23:26:11.718 API ExitInstance 
[1460] 2014/09/24 23:29:18.531 API InitInstance 
[1460] 2014/09/24 23:29:19.187 API ExitInstance 
[4180] 2014/09/24 23:29:44.843 API InitInstance 
[4180] 2014/09/24 23:29:47.609 SKQuoteLib_Initialize ¡GS122811334
[4180] 2014/09/24 23:29:47.609 SKQuoteLib_Initialize ¡Ghttps://order2.capital.com.tw/
[4180] 2014/09/24 23:29:48.312 SKQuoteLib_Initialize  SUCCESS 
[4180] 2014/09/24 23:29:48.328 SKQuoteLib_AttachConnectionCallBack 
[4180] 2014/09/24 23:29:48.328 SKQuoteLib_AttachQuoteCallBack 
[4180] 2014/09/24 23:29:48.328 SKQuoteLib_AttachBest5CallBack 
[4180] 2014/09/24 23:29:48.328 SKQuoteLib_AttachTicksGetCallBack 
[4180] 2014/09/24 23:29:48.328 SKQuoteLib_AttachKLineDataCallBack 
[4180] 2014/09/24 23:29:48.328 SKQuoteLib_AttachMarketTotCallBack 
[4180] 2014/09/24 23:29:48.328 SKQuoteLib_AttachMarketBuySellCallBack 
[4180] 2014/09/24 23:29:48.328 SKQuoteLib_AttachMarketHighLowCallBack 
[4180] 2014/09/24 23:29:48.328 SKQuoteLib_AttachStrikePricesCallBack 
[4180] 2014/09/24 23:29:48.328 SKQuoteLib_AttchServerTimeCallBack 
[4180] 2014/09/24 23:29:48.328 SKQuoteLib_AttachHistoryTicksGetCallBack 
[4180] 2014/09/24 23:29:48.328 SKQuoteLib_AttachProductsReadyCallBack 
[4180] 2014/09/24 23:29:48.437 SKQuoteLib_EnterMonitor IP¡Ginfo13.capital.com.tw
[4180] 2014/09/24 23:29:48.468 SocketConnect Type¡G100  ErrorCode¡G0
[4180] 2014/09/24 23:30:07.750 Stocks Ready
[4180] 2014/09/24 23:30:07.781 SKQuoteLib_GetKLine(TX00,4)
[4180] 2014/09/24 23:30:07.781 SKQuoteLib_GetDate(TX00,4)
[4180] 2014/09/24 23:30:08.953 SKQuoteLib_GetKLine(TX00,1)
[4180] 2014/09/24 23:30:09.875 SKQuoteLib_RequestTicks (1,TX00)
[4180] 2014/09/24 23:30:32.375 SKQuoteLib_LeaveMonitor 
[4180] 2014/09/24 23:30:32.375 SocketClose Type¡G101  ErrorCode¡G0
[4180] 2014/09/24 23:30:32.453 API ExitInstance 
[5356] 2014/09/24 23:37:44.843 API InitInstance 
[5356] 2014/09/24 23:38:18.546 SKQuoteLib_Initialize ¡GS122811334
[5356] 2014/09/24 23:38:18.546 SKQuoteLib_Initialize ¡Ghttps://order2.capital.com.tw/
[5356] 2014/09/24 23:38:19.296 SKQuoteLib_Initialize  SUCCESS 
[5356] 2014/09/24 23:38:19.296 SKQuoteLib_AttachConnectionCallBack 
[5356] 2014/09/24 23:38:19.296 SKQuoteLib_AttachQuoteCallBack 
[5356] 2014/09/24 23:38:19.296 SKQuoteLib_AttachBest5CallBack 
[5356] 2014/09/24 23:38:19.296 SKQuoteLib_AttachTicksGetCallBack 
[5356] 2014/09/24 23:38:19.296 SKQuoteLib_AttachKLineDataCallBack 
[5356] 2014/09/24 23:38:19.296 SKQuoteLib_AttachMarketTotCallBack 
[5356] 2014/09/24 23:38:19.296 SKQuoteLib_AttachMarketBuySellCallBack 
[5356] 2014/09/24 23:38:19.296 SKQuoteLib_AttachMarketHighLowCallBack 
[5356] 2014/09/24 23:38:19.296 SKQuoteLib_AttachStrikePricesCallBack 
[5356] 2014/09/24 23:38:19.296 SKQuoteLib_AttchServerTimeCallBack 
[5356] 2014/09/24 23:38:19.296 SKQuoteLib_AttachHistoryTicksGetCallBack 
[5356] 2014/09/24 23:38:19.296 SKQuoteLib_AttachProductsReadyCallBack 
[5356] 2014/09/24 23:38:19.390 SKQuoteLib_EnterMonitor IP¡Ginfo11.capital.com.tw
[5356] 2014/09/24 23:38:19.421 SocketConnect Type¡G100  ErrorCode¡G0
[5356] 2014/09/24 23:38:25.640 Stocks Ready
[5356] 2014/09/24 23:38:25.671 SKQuoteLib_GetKLine(TX00,4)
[5356] 2014/09/24 23:38:25.671 SKQuoteLib_GetDate(TX00,4)
[5356] 2014/09/24 23:38:26.812 SKQuoteLib_GetKLine(TX00,1)
[5356] 2014/09/24 23:38:27.828 SKQuoteLib_RequestTicks (1,TX00)
[5356] 2014/09/24 23:39:10.031 SKQuoteLib_LeaveMonitor 
[5356] 2014/09/24 23:39:10.046 SocketClose Type¡G101  ErrorCode¡G0
[5356] 2014/09/24 23:39:10.109 API ExitInstance 
[4620] 2014/09/24 23:47:13.500 API InitInstance 
[4620] 2014/09/24 23:47:23.265 SKQuoteLib_Initialize ¡GS122811334
[4620] 2014/09/24 23:47:23.265 SKQuoteLib_Initialize ¡Ghttps://order2.capital.com.tw/
[4620] 2014/09/24 23:47:23.875 SKQuoteLib_Initialize  SUCCESS 
[4620] 2014/09/24 23:47:23.875 SKQuoteLib_AttachConnectionCallBack 
[4620] 2014/09/24 23:47:23.875 SKQuoteLib_AttachQuoteCallBack 
[4620] 2014/09/24 23:47:23.875 SKQuoteLib_AttachBest5CallBack 
[4620] 2014/09/24 23:47:23.875 SKQuoteLib_AttachTicksGetCallBack 
[4620] 2014/09/24 23:47:23.875 SKQuoteLib_AttachKLineDataCallBack 
[4620] 2014/09/24 23:47:23.875 SKQuoteLib_AttachMarketTotCallBack 
[4620] 2014/09/24 23:47:23.875 SKQuoteLib_AttachMarketBuySellCallBack 
[4620] 2014/09/24 23:47:23.875 SKQuoteLib_AttachMarketHighLowCallBack 
[4620] 2014/09/24 23:47:23.875 SKQuoteLib_AttachStrikePricesCallBack 
[4620] 2014/09/24 23:47:23.875 SKQuoteLib_AttchServerTimeCallBack 
[4620] 2014/09/24 23:47:23.875 SKQuoteLib_AttachHistoryTicksGetCallBack 
[4620] 2014/09/24 23:47:23.875 SKQuoteLib_AttachProductsReadyCallBack 
[4620] 2014/09/24 23:47:23.890 SKQuoteLib_EnterMonitor IP¡Ginfo11.capital.com.tw
[4620] 2014/09/24 23:47:23.906 SocketConnect Type¡G100  ErrorCode¡G0
[4620] 2014/09/24 23:47:26.171 Stocks Ready
[4620] 2014/09/24 23:47:26.187 SKQuoteLib_GetKLine(TX00,4)
[4620] 2014/09/24 23:47:26.187 SKQuoteLib_GetDate(TX00,4)
[4620] 2014/09/24 23:47:27.328 SKQuoteLib_GetKLine(TX00,1)
[4620] 2014/09/24 23:47:28.250 SKQuoteLib_RequestTicks (1,TX00)
[4620] 2014/09/24 23:48:23.906 Check Link Status 
[4620] 2014/09/24 23:48:26.718 SKQuoteLib_LeaveMonitor 
[4620] 2014/09/24 23:48:26.718 SocketClose Type¡G101  ErrorCode¡G0
[4620] 2014/09/24 23:48:26.812 API ExitInstance 
