[5764] 2014/08/29 10:35:11.468 API InitInstance 
[5764] 2014/08/29 10:35:16.562 SKQuoteLib_Initialize ¡GS122811334
[5764] 2014/08/29 10:35:16.562 SKQuoteLib_Initialize ¡Ghttps://order2.capital.com.tw/
[5764] 2014/08/29 10:35:17.265 SKQuoteLib_Initialize  SUCCESS 
[5764] 2014/08/29 10:35:17.265 SKQuoteLib_AttachConnectionCallBack 
[5764] 2014/08/29 10:35:17.265 SKQuoteLib_AttachQuoteCallBack 
[5764] 2014/08/29 10:35:17.265 SKQuoteLib_AttachBest5CallBack 
[5764] 2014/08/29 10:35:17.265 SKQuoteLib_AttachTicksGetCallBack 
[5764] 2014/08/29 10:35:17.281 SKQuoteLib_AttachKLineDataCallBack 
[5764] 2014/08/29 10:35:17.281 SKQuoteLib_AttachMarketTotCallBack 
[5764] 2014/08/29 10:35:17.281 SKQuoteLib_AttachMarketBuySellCallBack 
[5764] 2014/08/29 10:35:17.281 SKQuoteLib_AttachMarketHighLowCallBack 
[5764] 2014/08/29 10:35:17.281 SKQuoteLib_AttachStrikePricesCallBack 
[5764] 2014/08/29 10:35:17.281 SKQuoteLib_AttchServerTimeCallBack 
[5764] 2014/08/29 10:35:17.281 SKQuoteLib_AttachHistoryTicksGetCallBack 
[5764] 2014/08/29 10:35:17.281 SKQuoteLib_AttachProductsReadyCallBack 
[5764] 2014/08/29 10:35:18.593 SKQuoteLib_EnterMonitor IP¡Ginfo12.capital.com.tw
[5764] 2014/08/29 10:36:15.718 SKQuoteLib_Initialize ¡GS122811334
[5764] 2014/08/29 10:36:15.718 SKQuoteLib_Initialize ¡Ghttps://order2.capital.com.tw/
[5764] 2014/08/29 10:36:16.906 SKQuoteLib_Initialize  SUCCESS 
[5764] 2014/08/29 10:36:16.906 SKQuoteLib_AttachConnectionCallBack 
[5764] 2014/08/29 10:36:16.906 SKQuoteLib_AttachQuoteCallBack 
[5764] 2014/08/29 10:36:16.906 SKQuoteLib_AttachBest5CallBack 
[5764] 2014/08/29 10:36:16.906 SKQuoteLib_AttachTicksGetCallBack 
[5764] 2014/08/29 10:36:16.906 SKQuoteLib_AttachKLineDataCallBack 
[5764] 2014/08/29 10:36:16.906 SKQuoteLib_AttachMarketTotCallBack 
[5764] 2014/08/29 10:36:16.906 SKQuoteLib_AttachMarketBuySellCallBack 
[5764] 2014/08/29 10:36:16.906 SKQuoteLib_AttachMarketHighLowCallBack 
[5764] 2014/08/29 10:36:16.906 SKQuoteLib_AttachStrikePricesCallBack 
[5764] 2014/08/29 10:36:16.906 SKQuoteLib_AttchServerTimeCallBack 
[5764] 2014/08/29 10:36:16.906 SKQuoteLib_AttachHistoryTicksGetCallBack 
[5764] 2014/08/29 10:36:16.906 SKQuoteLib_AttachProductsReadyCallBack 
[5764] 2014/08/29 10:36:18.046 SKQuoteLib_EnterMonitor IP¡Ginfo13.capital.com.tw
[5764] 2014/08/29 10:36:18.046 SocketConnect Type¡G100  ErrorCode¡G0
[5764] 2014/08/29 10:36:19.500 Stocks Ready
[5764] 2014/08/29 10:36:21.156 SKQuoteLib_GetKLine(TX00,1)
[5764] 2014/08/29 10:36:34.296 SKQuoteLib_LeaveMonitor 
[5764] 2014/08/29 10:36:34.296 SocketClose Type¡G101  ErrorCode¡G0
[5764] 2014/08/29 10:36:34.453 API ExitInstance 
[4704] 2014/08/29 10:39:37.265 API InitInstance 
[4704] 2014/08/29 10:39:39.468 SKQuoteLib_Initialize ¡GS122811334
[4704] 2014/08/29 10:39:39.468 SKQuoteLib_Initialize ¡Ghttps://order2.capital.com.tw/
[4704] 2014/08/29 10:39:39.937 SKQuoteLib_Initialize  SUCCESS 
[4704] 2014/08/29 10:39:39.937 SKQuoteLib_AttachConnectionCallBack 
[4704] 2014/08/29 10:39:39.937 SKQuoteLib_AttachQuoteCallBack 
[4704] 2014/08/29 10:39:39.937 SKQuoteLib_AttachBest5CallBack 
[4704] 2014/08/29 10:39:39.937 SKQuoteLib_AttachTicksGetCallBack 
[4704] 2014/08/29 10:39:39.953 SKQuoteLib_AttachKLineDataCallBack 
[4704] 2014/08/29 10:39:39.953 SKQuoteLib_AttachMarketTotCallBack 
[4704] 2014/08/29 10:39:39.953 SKQuoteLib_AttachMarketBuySellCallBack 
[4704] 2014/08/29 10:39:39.953 SKQuoteLib_AttachMarketHighLowCallBack 
[4704] 2014/08/29 10:39:39.953 SKQuoteLib_AttachStrikePricesCallBack 
[4704] 2014/08/29 10:39:39.953 SKQuoteLib_AttchServerTimeCallBack 
[4704] 2014/08/29 10:39:39.953 SKQuoteLib_AttachHistoryTicksGetCallBack 
[4704] 2014/08/29 10:39:39.953 SKQuoteLib_AttachProductsReadyCallBack 
[4704] 2014/08/29 10:39:41.218 SKQuoteLib_EnterMonitor IP¡Ginfo12.capital.com.tw
[4704] 2014/08/29 10:39:41.234 SocketConnect Type¡G100  ErrorCode¡G0
[4704] 2014/08/29 10:39:42.656 Stocks Ready
[4704] 2014/08/29 10:39:43.984 SKQuoteLib_GetKLine(TX00,1)
[4704] 2014/08/29 10:40:41.234 Check Link Status 
[4704] 2014/08/29 10:41:41.234 Check Link Status 
[4704] 2014/08/29 10:42:41.234 Check Link Status 
[4704] 2014/08/29 10:43:41.234 Check Link Status 
[4704] 2014/08/29 10:44:41.234 Check Link Status 
[4704] 2014/08/29 10:45:41.234 Check Link Status 
[4704] 2014/08/29 10:46:41.234 Check Link Status 
[4704] 2014/08/29 10:47:41.234 Check Link Status 
[4704] 2014/08/29 10:48:41.234 Check Link Status 
[4704] 2014/08/29 10:49:41.234 Check Link Status 
[5132] 2014/08/29 10:50:28.875 API InitInstance 
[5132] 2014/08/29 10:50:30.843 SKQuoteLib_Initialize ¡GS122811334
[5132] 2014/08/29 10:50:30.843 SKQuoteLib_Initialize ¡Ghttps://order2.capital.com.tw/
[5132] 2014/08/29 10:50:31.312 SKQuoteLib_Initialize  SUCCESS 
[5132] 2014/08/29 10:50:31.312 SKQuoteLib_AttachConnectionCallBack 
[5132] 2014/08/29 10:50:31.312 SKQuoteLib_AttachQuoteCallBack 
[5132] 2014/08/29 10:50:31.312 SKQuoteLib_AttachBest5CallBack 
[5132] 2014/08/29 10:50:31.312 SKQuoteLib_AttachTicksGetCallBack 
[5132] 2014/08/29 10:50:31.312 SKQuoteLib_AttachKLineDataCallBack 
[5132] 2014/08/29 10:50:31.312 SKQuoteLib_AttachMarketTotCallBack 
[5132] 2014/08/29 10:50:31.312 SKQuoteLib_AttachMarketBuySellCallBack 
[5132] 2014/08/29 10:50:31.312 SKQuoteLib_AttachMarketHighLowCallBack 
[5132] 2014/08/29 10:50:31.312 SKQuoteLib_AttachStrikePricesCallBack 
[5132] 2014/08/29 10:50:31.312 SKQuoteLib_AttchServerTimeCallBack 
[5132] 2014/08/29 10:50:31.312 SKQuoteLib_AttachHistoryTicksGetCallBack 
[5132] 2014/08/29 10:50:31.312 SKQuoteLib_AttachProductsReadyCallBack 
[5132] 2014/08/29 10:50:32.171 SKQuoteLib_EnterMonitor IP¡Ginfo10.capital.com.tw
[5132] 2014/08/29 10:50:32.187 SocketConnect Type¡G100  ErrorCode¡G0
[5132] 2014/08/29 10:50:33.500 Stocks Ready
[5132] 2014/08/29 10:50:34.750 SKQuoteLib_GetKLine(TX00,1)
[5132] 2014/08/29 10:50:35.109 SKQuoteLib_RequestTicks (1,TX00)
[5132] 2014/08/29 10:51:32.187 Check Link Status 
[5132] 2014/08/29 10:52:32.187 Check Link Status 
[5132] 2014/08/29 10:53:32.187 Check Link Status 
[5232] 2014/08/29 10:56:41.968 API InitInstance 
[5232] 2014/08/29 10:56:43.281 SKQuoteLib_Initialize ¡GS122811334
[5232] 2014/08/29 10:56:43.281 SKQuoteLib_Initialize ¡Ghttps://order2.capital.com.tw/
[5232] 2014/08/29 10:56:43.843 SKQuoteLib_Initialize  SUCCESS 
[5232] 2014/08/29 10:56:43.843 SKQuoteLib_AttachConnectionCallBack 
[5232] 2014/08/29 10:56:43.843 SKQuoteLib_AttachQuoteCallBack 
[5232] 2014/08/29 10:56:43.843 SKQuoteLib_AttachBest5CallBack 
[5232] 2014/08/29 10:56:43.843 SKQuoteLib_AttachTicksGetCallBack 
[5232] 2014/08/29 10:56:43.843 SKQuoteLib_AttachKLineDataCallBack 
[5232] 2014/08/29 10:56:43.843 SKQuoteLib_AttachMarketTotCallBack 
[5232] 2014/08/29 10:56:43.843 SKQuoteLib_AttachMarketBuySellCallBack 
[5232] 2014/08/29 10:56:43.843 SKQuoteLib_AttachMarketHighLowCallBack 
[5232] 2014/08/29 10:56:43.843 SKQuoteLib_AttachStrikePricesCallBack 
[5232] 2014/08/29 10:56:43.843 SKQuoteLib_AttchServerTimeCallBack 
[5232] 2014/08/29 10:56:43.843 SKQuoteLib_AttachHistoryTicksGetCallBack 
[5232] 2014/08/29 10:56:43.843 SKQuoteLib_AttachProductsReadyCallBack 
[5232] 2014/08/29 10:56:44.906 SKQuoteLib_EnterMonitor IP¡Ginfo9.capital.com.tw
[5232] 2014/08/29 10:56:44.906 SocketConnect Type¡G100  ErrorCode¡G0
[5232] 2014/08/29 10:56:46.250 Stocks Ready
[5232] 2014/08/29 10:56:58.281 SKQuoteLib_GetKLine(TX00,1)
[5232] 2014/08/29 10:56:58.687 SKQuoteLib_RequestTicks (1,TX00)
[2500] 2014/08/29 10:57:55.109 API InitInstance 
[2500] 2014/08/29 10:57:56.453 SKQuoteLib_Initialize ¡GS122811334
[2500] 2014/08/29 10:57:56.453 SKQuoteLib_Initialize ¡Ghttps://order2.capital.com.tw/
[2500] 2014/08/29 10:57:57.046 SKQuoteLib_Initialize  SUCCESS 
[2500] 2014/08/29 10:57:57.046 SKQuoteLib_AttachConnectionCallBack 
[2500] 2014/08/29 10:57:57.046 SKQuoteLib_AttachQuoteCallBack 
[2500] 2014/08/29 10:57:57.046 SKQuoteLib_AttachBest5CallBack 
[2500] 2014/08/29 10:57:57.046 SKQuoteLib_AttachTicksGetCallBack 
[2500] 2014/08/29 10:57:57.046 SKQuoteLib_AttachKLineDataCallBack 
[2500] 2014/08/29 10:57:57.046 SKQuoteLib_AttachMarketTotCallBack 
[2500] 2014/08/29 10:57:57.046 SKQuoteLib_AttachMarketBuySellCallBack 
[2500] 2014/08/29 10:57:57.046 SKQuoteLib_AttachMarketHighLowCallBack 
[2500] 2014/08/29 10:57:57.046 SKQuoteLib_AttachStrikePricesCallBack 
[2500] 2014/08/29 10:57:57.046 SKQuoteLib_AttchServerTimeCallBack 
[2500] 2014/08/29 10:57:57.046 SKQuoteLib_AttachHistoryTicksGetCallBack 
[2500] 2014/08/29 10:57:57.046 SKQuoteLib_AttachProductsReadyCallBack 
[2500] 2014/08/29 10:57:58.125 SKQuoteLib_EnterMonitor IP¡Ginfo11.capital.com.tw
[2500] 2014/08/29 10:57:58.125 SocketConnect Type¡G100  ErrorCode¡G0
[2500] 2014/08/29 10:57:59.468 Stocks Ready
[2500] 2014/08/29 10:58:16.984 SKQuoteLib_GetKLine(TX00,1)
[2500] 2014/08/29 10:58:30.703 SKQuoteLib_RequestTicks (1,TX00)
[4812] 2014/08/29 10:59:38.234 API InitInstance 
[4812] 2014/08/29 10:59:42.468 API ExitInstance 
[3672] 2014/08/29 11:02:59.546 API InitInstance 
[3672] 2014/08/29 11:03:04.375 SKQuoteLib_Initialize ¡GS122811334
[3672] 2014/08/29 11:03:04.375 SKQuoteLib_Initialize ¡Ghttps://order2.capital.com.tw/
[3672] 2014/08/29 11:03:04.906 SKQuoteLib_Initialize  SUCCESS 
[3672] 2014/08/29 11:03:04.906 SKQuoteLib_AttachConnectionCallBack 
[3672] 2014/08/29 11:03:04.906 SKQuoteLib_AttachQuoteCallBack 
[3672] 2014/08/29 11:03:04.906 SKQuoteLib_AttachBest5CallBack 
[3672] 2014/08/29 11:03:04.906 SKQuoteLib_AttachTicksGetCallBack 
[3672] 2014/08/29 11:03:04.906 SKQuoteLib_AttachKLineDataCallBack 
[3672] 2014/08/29 11:03:04.906 SKQuoteLib_AttachMarketTotCallBack 
[3672] 2014/08/29 11:03:04.906 SKQuoteLib_AttachMarketBuySellCallBack 
[3672] 2014/08/29 11:03:04.906 SKQuoteLib_AttachMarketHighLowCallBack 
[3672] 2014/08/29 11:03:04.921 SKQuoteLib_AttachStrikePricesCallBack 
[3672] 2014/08/29 11:03:04.921 SKQuoteLib_AttchServerTimeCallBack 
[3672] 2014/08/29 11:03:04.921 SKQuoteLib_AttachHistoryTicksGetCallBack 
[3672] 2014/08/29 11:03:04.921 SKQuoteLib_AttachProductsReadyCallBack 
[3672] 2014/08/29 11:03:07.562 SKQuoteLib_EnterMonitor IP¡Ginfo23.capital.com.tw
[3672] 2014/08/29 11:03:07.562 SocketConnect Type¡G100  ErrorCode¡G0
[3672] 2014/08/29 11:03:20.781 Stocks Ready
[3672] 2014/08/29 11:03:38.343 SKQuoteLib_GetKLine(TX00,1)
[3672] 2014/08/29 11:03:40.062 SKQuoteLib_RequestTicks (1,TX00)
[3672] 2014/08/29 11:04:47.796 Check Link Status 
[3672] 2014/08/29 11:05:07.562 Check Link Status 
[3672] 2014/08/29 11:05:16.531 SKQuoteLib_LeaveMonitor 
[3672] 2014/08/29 11:05:16.531 SocketClose Type¡G101  ErrorCode¡G0
[3672] 2014/08/29 11:05:16.578 API ExitInstance 
[3436] 2014/08/29 11:18:34.859 API InitInstance 
[3436] 2014/08/29 11:18:50.546 SKQuoteLib_Initialize ¡GS122811334
[3436] 2014/08/29 11:18:50.546 SKQuoteLib_Initialize ¡Ghttps://order2.capital.com.tw/
[3436] 2014/08/29 11:18:51.046 SKQuoteLib_Initialize  SUCCESS 
[3436] 2014/08/29 11:18:51.046 SKQuoteLib_AttachConnectionCallBack 
[3436] 2014/08/29 11:18:51.046 SKQuoteLib_AttachQuoteCallBack 
[3436] 2014/08/29 11:18:51.046 SKQuoteLib_AttachBest5CallBack 
[3436] 2014/08/29 11:18:51.046 SKQuoteLib_AttachTicksGetCallBack 
[3436] 2014/08/29 11:18:51.062 SKQuoteLib_AttachKLineDataCallBack 
[3436] 2014/08/29 11:18:51.062 SKQuoteLib_AttachMarketTotCallBack 
[3436] 2014/08/29 11:18:51.062 SKQuoteLib_AttachMarketBuySellCallBack 
[3436] 2014/08/29 11:18:51.062 SKQuoteLib_AttachMarketHighLowCallBack 
[3436] 2014/08/29 11:18:51.062 SKQuoteLib_AttachStrikePricesCallBack 
[3436] 2014/08/29 11:18:51.062 SKQuoteLib_AttchServerTimeCallBack 
[3436] 2014/08/29 11:18:51.062 SKQuoteLib_AttachHistoryTicksGetCallBack 
[3436] 2014/08/29 11:18:51.062 SKQuoteLib_AttachProductsReadyCallBack 
[3436] 2014/08/29 11:18:52.234 SKQuoteLib_EnterMonitor IP¡Ginfo8.capital.com.tw
[3436] 2014/08/29 11:19:29.203 SocketConnect Type¡G100  ErrorCode¡G0
[4260] 2014/08/29 11:19:55.546 API InitInstance 
[4260] 2014/08/29 11:19:57.500 SKQuoteLib_Initialize ¡GS122811334
[4260] 2014/08/29 11:19:57.500 SKQuoteLib_Initialize ¡Ghttps://order2.capital.com.tw/
[4260] 2014/08/29 11:19:58.500 SKQuoteLib_Initialize  SUCCESS 
[4260] 2014/08/29 11:19:58.500 SKQuoteLib_AttachConnectionCallBack 
[4260] 2014/08/29 11:19:58.500 SKQuoteLib_AttachQuoteCallBack 
[4260] 2014/08/29 11:19:58.500 SKQuoteLib_AttachBest5CallBack 
[4260] 2014/08/29 11:19:58.500 SKQuoteLib_AttachTicksGetCallBack 
[4260] 2014/08/29 11:19:58.500 SKQuoteLib_AttachKLineDataCallBack 
[4260] 2014/08/29 11:19:58.500 SKQuoteLib_AttachMarketTotCallBack 
[4260] 2014/08/29 11:19:58.515 SKQuoteLib_AttachMarketBuySellCallBack 
[4260] 2014/08/29 11:19:58.515 SKQuoteLib_AttachMarketHighLowCallBack 
[4260] 2014/08/29 11:19:58.515 SKQuoteLib_AttachStrikePricesCallBack 
[4260] 2014/08/29 11:19:58.515 SKQuoteLib_AttchServerTimeCallBack 
[4260] 2014/08/29 11:19:58.515 SKQuoteLib_AttachHistoryTicksGetCallBack 
[4260] 2014/08/29 11:19:58.515 SKQuoteLib_AttachProductsReadyCallBack 
[4260] 2014/08/29 11:19:59.703 SKQuoteLib_EnterMonitor IP¡Ginfo8.capital.com.tw
[5580] 2014/08/29 11:56:02.375 API InitInstance 
[5580] 2014/08/29 11:56:03.171 API ExitInstance 
[6060] 2014/08/29 12:08:50.046 API InitInstance 
[6060] 2014/08/29 12:08:51.968 API ExitInstance 
[4576] 2014/08/29 12:20:45.515 API InitInstance 
[4576] 2014/08/29 12:20:58.828 API ExitInstance 
[1336] 2014/08/29 12:30:26.531 API InitInstance 
[1336] 2014/08/29 12:30:27.421 API ExitInstance 
[3512] 2014/08/29 13:53:51.453 API InitInstance 
[3512] 2014/08/29 13:53:55.578 API ExitInstance 
[3488] 2014/08/29 14:02:40.250 API InitInstance 
[3488] 2014/08/29 14:02:41.687 API ExitInstance 
[5168] 2014/08/29 14:16:11.687 API InitInstance 
[5168] 2014/08/29 14:16:15.531 API ExitInstance 
[4172] 2014/08/29 14:32:32.500 API InitInstance 
[4172] 2014/08/29 14:32:34.218 API ExitInstance 
[5152] 2014/08/29 14:33:32.281 API InitInstance 
[5152] 2014/08/29 14:33:36.437 SKQuoteLib_Initialize ¡GS122811334
[5152] 2014/08/29 14:33:36.437 SKQuoteLib_Initialize ¡Ghttps://order2.capital.com.tw/
[5152] 2014/08/29 14:33:37.000 SKQuoteLib_Initialize  SUCCESS 
[5152] 2014/08/29 14:33:37.000 SKQuoteLib_AttachConnectionCallBack 
[5152] 2014/08/29 14:33:37.000 SKQuoteLib_AttachQuoteCallBack 
[5152] 2014/08/29 14:33:37.000 SKQuoteLib_AttachBest5CallBack 
[5152] 2014/08/29 14:33:37.000 SKQuoteLib_AttachTicksGetCallBack 
[5152] 2014/08/29 14:33:37.000 SKQuoteLib_AttachKLineDataCallBack 
[5152] 2014/08/29 14:33:37.000 SKQuoteLib_AttachMarketTotCallBack 
[5152] 2014/08/29 14:33:37.000 SKQuoteLib_AttachMarketBuySellCallBack 
[5152] 2014/08/29 14:33:37.000 SKQuoteLib_AttachMarketHighLowCallBack 
[5152] 2014/08/29 14:33:37.000 SKQuoteLib_AttachStrikePricesCallBack 
[5152] 2014/08/29 14:33:37.000 SKQuoteLib_AttchServerTimeCallBack 
[5152] 2014/08/29 14:33:37.000 SKQuoteLib_AttachHistoryTicksGetCallBack 
[5152] 2014/08/29 14:33:37.000 SKQuoteLib_AttachProductsReadyCallBack 
[5152] 2014/08/29 14:33:38.015 SKQuoteLib_EnterMonitor IP¡Ginfo13.capital.com.tw
[5152] 2014/08/29 14:33:38.031 SocketConnect Type¡G100  ErrorCode¡G0
[5152] 2014/08/29 14:33:49.359 Stocks Ready
[5152] 2014/08/29 14:33:51.375 SKQuoteLib_GetKLine(TX00,1)
[5152] 2014/08/29 14:33:53.312 SKQuoteLib_RequestTicks (1,TX00)
[5152] 2014/08/29 14:34:38.031 Check Link Status 
[5152] 2014/08/29 14:35:38.031 Check Link Status 
[5152] 2014/08/29 14:36:16.359 SKQuoteLib_LeaveMonitor 
[5152] 2014/08/29 14:36:16.359 SocketClose Type¡G101  ErrorCode¡G0
[5152] 2014/08/29 14:36:16.390 API ExitInstance 
[4224] 2014/08/29 14:36:22.390 API InitInstance 
[4224] 2014/08/29 14:36:24.203 SKQuoteLib_Initialize ¡GS122811334
[4224] 2014/08/29 14:36:24.203 SKQuoteLib_Initialize ¡Ghttps://order2.capital.com.tw/
[4224] 2014/08/29 14:36:24.812 SKQuoteLib_Initialize  SUCCESS 
[4224] 2014/08/29 14:36:24.812 SKQuoteLib_AttachConnectionCallBack 
[4224] 2014/08/29 14:36:24.812 SKQuoteLib_AttachQuoteCallBack 
[4224] 2014/08/29 14:36:24.812 SKQuoteLib_AttachBest5CallBack 
[4224] 2014/08/29 14:36:24.812 SKQuoteLib_AttachTicksGetCallBack 
[4224] 2014/08/29 14:36:24.812 SKQuoteLib_AttachKLineDataCallBack 
[4224] 2014/08/29 14:36:24.828 SKQuoteLib_AttachMarketTotCallBack 
[4224] 2014/08/29 14:36:24.828 SKQuoteLib_AttachMarketBuySellCallBack 
[4224] 2014/08/29 14:36:24.828 SKQuoteLib_AttachMarketHighLowCallBack 
[4224] 2014/08/29 14:36:24.828 SKQuoteLib_AttachStrikePricesCallBack 
[4224] 2014/08/29 14:36:24.828 SKQuoteLib_AttchServerTimeCallBack 
[4224] 2014/08/29 14:36:24.828 SKQuoteLib_AttachHistoryTicksGetCallBack 
[4224] 2014/08/29 14:36:24.828 SKQuoteLib_AttachProductsReadyCallBack 
[4224] 2014/08/29 14:36:25.953 SKQuoteLib_EnterMonitor IP¡Ginfo10.capital.com.tw
[4224] 2014/08/29 14:36:25.968 SocketConnect Type¡G100  ErrorCode¡G0
[4224] 2014/08/29 14:36:27.328 Stocks Ready
[4224] 2014/08/29 14:36:28.968 SKQuoteLib_GetKLine(TX00,1)
[4224] 2014/08/29 14:36:30.375 SKQuoteLib_RequestTicks (1,TX00)
[3324] 2014/08/29 14:38:05.578 API InitInstance 
[3324] 2014/08/29 14:38:06.843 SKQuoteLib_Initialize ¡GS122811334
[3324] 2014/08/29 14:38:06.843 SKQuoteLib_Initialize ¡Ghttps://order2.capital.com.tw/
[3324] 2014/08/29 14:38:07.437 SKQuoteLib_Initialize  SUCCESS 
[3324] 2014/08/29 14:38:07.437 SKQuoteLib_AttachConnectionCallBack 
[3324] 2014/08/29 14:38:07.437 SKQuoteLib_AttachQuoteCallBack 
[3324] 2014/08/29 14:38:07.437 SKQuoteLib_AttachBest5CallBack 
[3324] 2014/08/29 14:38:07.437 SKQuoteLib_AttachTicksGetCallBack 
[3324] 2014/08/29 14:38:07.437 SKQuoteLib_AttachKLineDataCallBack 
[3324] 2014/08/29 14:38:07.437 SKQuoteLib_AttachMarketTotCallBack 
[3324] 2014/08/29 14:38:07.437 SKQuoteLib_AttachMarketBuySellCallBack 
[3324] 2014/08/29 14:38:07.437 SKQuoteLib_AttachMarketHighLowCallBack 
[3324] 2014/08/29 14:38:07.437 SKQuoteLib_AttachStrikePricesCallBack 
[3324] 2014/08/29 14:38:07.437 SKQuoteLib_AttchServerTimeCallBack 
[3324] 2014/08/29 14:38:07.437 SKQuoteLib_AttachHistoryTicksGetCallBack 
[3324] 2014/08/29 14:38:07.437 SKQuoteLib_AttachProductsReadyCallBack 
[3324] 2014/08/29 14:38:08.328 SKQuoteLib_EnterMonitor IP¡Ginfo23.capital.com.tw
[3324] 2014/08/29 14:38:08.328 SocketConnect Type¡G100  ErrorCode¡G0
[3324] 2014/08/29 14:38:09.656 Stocks Ready
[3324] 2014/08/29 14:38:11.875 SKQuoteLib_GetKLine(TX00,1)
[3324] 2014/08/29 14:39:04.328 SKQuoteLib_RequestTicks (1,TX00)
[1720] 2014/08/29 14:39:42.843 API InitInstance 
[2860] 2014/08/29 14:39:58.343 API InitInstance 
[2860] 2014/08/29 14:39:59.781 SKQuoteLib_Initialize ¡GS122811334
[2860] 2014/08/29 14:39:59.781 SKQuoteLib_Initialize ¡Ghttps://order2.capital.com.tw/
[2860] 2014/08/29 14:40:00.328 SKQuoteLib_Initialize  SUCCESS 
[2860] 2014/08/29 14:40:00.328 SKQuoteLib_AttachConnectionCallBack 
[2860] 2014/08/29 14:40:00.328 SKQuoteLib_AttachQuoteCallBack 
[2860] 2014/08/29 14:40:00.328 SKQuoteLib_AttachBest5CallBack 
[2860] 2014/08/29 14:40:00.328 SKQuoteLib_AttachTicksGetCallBack 
[2860] 2014/08/29 14:40:00.328 SKQuoteLib_AttachKLineDataCallBack 
[2860] 2014/08/29 14:40:00.343 SKQuoteLib_AttachMarketTotCallBack 
[2860] 2014/08/29 14:40:00.343 SKQuoteLib_AttachMarketBuySellCallBack 
[2860] 2014/08/29 14:40:00.343 SKQuoteLib_AttachMarketHighLowCallBack 
[2860] 2014/08/29 14:40:00.343 SKQuoteLib_AttachStrikePricesCallBack 
[2860] 2014/08/29 14:40:00.343 SKQuoteLib_AttchServerTimeCallBack 
[2860] 2014/08/29 14:40:00.343 SKQuoteLib_AttachHistoryTicksGetCallBack 
[2860] 2014/08/29 14:40:00.343 SKQuoteLib_AttachProductsReadyCallBack 
[2860] 2014/08/29 14:40:01.343 SKQuoteLib_EnterMonitor IP¡Ginfo12.capital.com.tw
[2860] 2014/08/29 14:40:01.343 SocketConnect Type¡G100  ErrorCode¡G0
[2860] 2014/08/29 14:40:02.687 Stocks Ready
[2860] 2014/08/29 14:40:04.640 SKQuoteLib_GetKLine(TX00,1)
[2860] 2014/08/29 14:40:08.843 SKQuoteLib_RequestTicks (1,TX00)
[4248] 2014/08/29 14:41:58.625 API InitInstance 
[4248] 2014/08/29 14:41:59.937 SKQuoteLib_Initialize ¡GS122811334
[4248] 2014/08/29 14:41:59.953 SKQuoteLib_Initialize ¡Ghttps://order2.capital.com.tw/
[4248] 2014/08/29 14:42:00.531 SKQuoteLib_Initialize  SUCCESS 
[4248] 2014/08/29 14:42:00.531 SKQuoteLib_AttachConnectionCallBack 
[4248] 2014/08/29 14:42:00.531 SKQuoteLib_AttachQuoteCallBack 
[4248] 2014/08/29 14:42:00.531 SKQuoteLib_AttachBest5CallBack 
[4248] 2014/08/29 14:42:00.531 SKQuoteLib_AttachTicksGetCallBack 
[4248] 2014/08/29 14:42:00.531 SKQuoteLib_AttachKLineDataCallBack 
[4248] 2014/08/29 14:42:00.531 SKQuoteLib_AttachMarketTotCallBack 
[4248] 2014/08/29 14:42:00.531 SKQuoteLib_AttachMarketBuySellCallBack 
[4248] 2014/08/29 14:42:00.531 SKQuoteLib_AttachMarketHighLowCallBack 
[4248] 2014/08/29 14:42:00.531 SKQuoteLib_AttachStrikePricesCallBack 
[4248] 2014/08/29 14:42:00.531 SKQuoteLib_AttchServerTimeCallBack 
[4248] 2014/08/29 14:42:00.531 SKQuoteLib_AttachHistoryTicksGetCallBack 
[4248] 2014/08/29 14:42:00.531 SKQuoteLib_AttachProductsReadyCallBack 
[4248] 2014/08/29 14:42:01.437 SKQuoteLib_EnterMonitor IP¡Ginfo12.capital.com.tw
[4248] 2014/08/29 14:42:01.437 SocketConnect Type¡G100  ErrorCode¡G0
[4248] 2014/08/29 14:42:02.781 Stocks Ready
[4248] 2014/08/29 14:42:04.203 SKQuoteLib_GetKLine(TX00,1)
[4248] 2014/08/29 14:42:07.765 SKQuoteLib_RequestTicks (1,TX00)
[4248] 2014/08/29 14:43:02.078 Check Link Status 
[4248] 2014/08/29 14:43:32.656 SKQuoteLib_LeaveMonitor 
[4248] 2014/08/29 14:43:32.671 SocketClose Type¡G101  ErrorCode¡G0
[4248] 2014/08/29 14:43:40.875 API ExitInstance 
[6024] 2014/08/29 14:43:52.328 API InitInstance 
[6024] 2014/08/29 14:43:54.109 SKQuoteLib_Initialize ¡GS122811334
[6024] 2014/08/29 14:43:54.109 SKQuoteLib_Initialize ¡Ghttps://order2.capital.com.tw/
[6024] 2014/08/29 14:43:55.000 SKQuoteLib_Initialize  SUCCESS 
[6024] 2014/08/29 14:43:55.000 SKQuoteLib_AttachConnectionCallBack 
[6024] 2014/08/29 14:43:55.000 SKQuoteLib_AttachQuoteCallBack 
[6024] 2014/08/29 14:43:55.000 SKQuoteLib_AttachBest5CallBack 
[6024] 2014/08/29 14:43:55.000 SKQuoteLib_AttachTicksGetCallBack 
[6024] 2014/08/29 14:43:55.000 SKQuoteLib_AttachKLineDataCallBack 
[6024] 2014/08/29 14:43:55.000 SKQuoteLib_AttachMarketTotCallBack 
[6024] 2014/08/29 14:43:55.000 SKQuoteLib_AttachMarketBuySellCallBack 
[6024] 2014/08/29 14:43:55.000 SKQuoteLib_AttachMarketHighLowCallBack 
[6024] 2014/08/29 14:43:55.000 SKQuoteLib_AttachStrikePricesCallBack 
[6024] 2014/08/29 14:43:55.000 SKQuoteLib_AttchServerTimeCallBack 
[6024] 2014/08/29 14:43:55.000 SKQuoteLib_AttachHistoryTicksGetCallBack 
[6024] 2014/08/29 14:43:55.000 SKQuoteLib_AttachProductsReadyCallBack 
[6024] 2014/08/29 14:43:55.937 SKQuoteLib_EnterMonitor IP¡Ginfo12.capital.com.tw
[6024] 2014/08/29 14:43:56.031 SocketConnect Type¡G100  ErrorCode¡G0
[6024] 2014/08/29 14:43:57.500 Stocks Ready
[6024] 2014/08/29 14:43:59.109 SKQuoteLib_GetKLine(TX00,1)
[6024] 2014/08/29 14:44:02.437 SKQuoteLib_RequestTicks (1,TX00)
[6024] 2014/08/29 14:44:38.843 SKQuoteLib_LeaveMonitor 
[6024] 2014/08/29 14:44:38.843 SocketClose Type¡G101  ErrorCode¡G0
[5704] 2014/08/29 14:56:32.609 API InitInstance 
[5704] 2014/08/29 14:56:35.062 API ExitInstance 
[516] 2014/08/29 15:00:40.062 API InitInstance 
[516] 2014/08/29 15:00:41.578 SKQuoteLib_Initialize ¡GS122811334
[516] 2014/08/29 15:00:41.578 SKQuoteLib_Initialize ¡Ghttps://order2.capital.com.tw/
[516] 2014/08/29 15:00:45.484 SKQuoteLib_Initialize  SUCCESS 
[516] 2014/08/29 15:00:45.484 SKQuoteLib_AttachConnectionCallBack 
[516] 2014/08/29 15:00:45.484 SKQuoteLib_AttachQuoteCallBack 
[516] 2014/08/29 15:00:45.484 SKQuoteLib_AttachBest5CallBack 
[516] 2014/08/29 15:00:45.484 SKQuoteLib_AttachTicksGetCallBack 
[516] 2014/08/29 15:00:45.484 SKQuoteLib_AttachKLineDataCallBack 
[516] 2014/08/29 15:00:45.484 SKQuoteLib_AttachMarketTotCallBack 
[516] 2014/08/29 15:00:45.484 SKQuoteLib_AttachMarketBuySellCallBack 
[516] 2014/08/29 15:00:45.484 SKQuoteLib_AttachMarketHighLowCallBack 
[516] 2014/08/29 15:00:45.484 SKQuoteLib_AttachStrikePricesCallBack 
[516] 2014/08/29 15:00:45.500 SKQuoteLib_AttchServerTimeCallBack 
[516] 2014/08/29 15:00:45.500 SKQuoteLib_AttachHistoryTicksGetCallBack 
[516] 2014/08/29 15:00:45.500 SKQuoteLib_AttachProductsReadyCallBack 
[516] 2014/08/29 15:00:48.703 SKQuoteLib_EnterMonitor IP¡Ginfo12.capital.com.tw
[516] 2014/08/29 15:00:48.781 SocketConnect Type¡G100  ErrorCode¡G0
[516] 2014/08/29 15:01:01.500 Stocks Ready
[516] 2014/08/29 15:01:03.390 SKQuoteLib_GetKLine(TX00,1)
[516] 2014/08/29 15:01:11.125 SKQuoteLib_RequestTicks (1,TX00)
[516] 2014/08/29 15:01:48.781 Check Link Status 
[516] 2014/08/29 15:02:48.781 Check Link Status 
[4712] 2014/08/29 15:03:01.265 API InitInstance 
[4712] 2014/08/29 15:03:02.546 SKQuoteLib_Initialize ¡GS122811334
[4712] 2014/08/29 15:03:02.546 SKQuoteLib_Initialize ¡Ghttps://order2.capital.com.tw/
[4712] 2014/08/29 15:03:04.187 SKQuoteLib_Initialize  SUCCESS 
[4712] 2014/08/29 15:03:04.187 SKQuoteLib_AttachConnectionCallBack 
[4712] 2014/08/29 15:03:04.187 SKQuoteLib_AttachQuoteCallBack 
[4712] 2014/08/29 15:03:04.187 SKQuoteLib_AttachBest5CallBack 
[4712] 2014/08/29 15:03:04.187 SKQuoteLib_AttachTicksGetCallBack 
[4712] 2014/08/29 15:03:04.187 SKQuoteLib_AttachKLineDataCallBack 
[4712] 2014/08/29 15:03:04.187 SKQuoteLib_AttachMarketTotCallBack 
[4712] 2014/08/29 15:03:04.187 SKQuoteLib_AttachMarketBuySellCallBack 
[4712] 2014/08/29 15:03:04.187 SKQuoteLib_AttachMarketHighLowCallBack 
[4712] 2014/08/29 15:03:04.187 SKQuoteLib_AttachStrikePricesCallBack 
[4712] 2014/08/29 15:03:04.187 SKQuoteLib_AttchServerTimeCallBack 
[4712] 2014/08/29 15:03:04.187 SKQuoteLib_AttachHistoryTicksGetCallBack 
[4712] 2014/08/29 15:03:04.187 SKQuoteLib_AttachProductsReadyCallBack 
[4712] 2014/08/29 15:03:05.609 SKQuoteLib_EnterMonitor IP¡Ginfo23.capital.com.tw
[4712] 2014/08/29 15:03:05.843 SocketConnect Type¡G100  ErrorCode¡G0
[4712] 2014/08/29 15:03:19.250 Stocks Ready
[4712] 2014/08/29 15:03:20.890 SKQuoteLib_GetKLine(TX00,1)
[4712] 2014/08/29 15:03:54.156 SKQuoteLib_LeaveMonitor 
[4712] 2014/08/29 15:03:54.171 SocketClose Type¡G101  ErrorCode¡G0
[4712] 2014/08/29 15:03:54.484 API ExitInstance 
[4400] 2014/08/29 15:05:13.328 API InitInstance 
[4400] 2014/08/29 15:05:14.593 SKQuoteLib_Initialize ¡GS122811334
[4400] 2014/08/29 15:05:14.593 SKQuoteLib_Initialize ¡Ghttps://order2.capital.com.tw/
[4400] 2014/08/29 15:05:15.546 SKQuoteLib_Initialize  SUCCESS 
[4400] 2014/08/29 15:05:15.546 SKQuoteLib_AttachConnectionCallBack 
[4400] 2014/08/29 15:05:15.546 SKQuoteLib_AttachQuoteCallBack 
[4400] 2014/08/29 15:05:15.546 SKQuoteLib_AttachBest5CallBack 
[4400] 2014/08/29 15:05:15.546 SKQuoteLib_AttachTicksGetCallBack 
[4400] 2014/08/29 15:05:15.546 SKQuoteLib_AttachKLineDataCallBack 
[4400] 2014/08/29 15:05:15.546 SKQuoteLib_AttachMarketTotCallBack 
[4400] 2014/08/29 15:05:15.546 SKQuoteLib_AttachMarketBuySellCallBack 
[4400] 2014/08/29 15:05:15.546 SKQuoteLib_AttachMarketHighLowCallBack 
[4400] 2014/08/29 15:05:15.562 SKQuoteLib_AttachStrikePricesCallBack 
[4400] 2014/08/29 15:05:15.562 SKQuoteLib_AttchServerTimeCallBack 
[4400] 2014/08/29 15:05:15.562 SKQuoteLib_AttachHistoryTicksGetCallBack 
[4400] 2014/08/29 15:05:15.562 SKQuoteLib_AttachProductsReadyCallBack 
[4400] 2014/08/29 15:05:16.703 SKQuoteLib_EnterMonitor IP¡Ginfo20.capital.com.tw
[4400] 2014/08/29 15:05:16.890 SocketConnect Type¡G100  ErrorCode¡G0
[4400] 2014/08/29 15:05:25.125 Stocks Ready
[4400] 2014/08/29 15:05:27.734 SKQuoteLib_RequestTicks (1,TX00)
[4400] 2014/08/29 15:06:16.890 Check Link Status 
[4400] 2014/08/29 15:07:16.890 Check Link Status 
[4400] 2014/08/29 15:08:16.890 Check Link Status 
[2316] 2014/08/29 15:08:33.218 API InitInstance 
[2316] 2014/08/29 15:08:34.484 SKQuoteLib_Initialize ¡GS122811334
[2316] 2014/08/29 15:08:34.484 SKQuoteLib_Initialize ¡Ghttps://order2.capital.com.tw/
[2316] 2014/08/29 15:08:35.390 SKQuoteLib_Initialize  SUCCESS 
[2316] 2014/08/29 15:08:35.390 SKQuoteLib_AttachConnectionCallBack 
[2316] 2014/08/29 15:08:35.390 SKQuoteLib_AttachQuoteCallBack 
[2316] 2014/08/29 15:08:35.390 SKQuoteLib_AttachBest5CallBack 
[2316] 2014/08/29 15:08:35.390 SKQuoteLib_AttachTicksGetCallBack 
[2316] 2014/08/29 15:08:35.390 SKQuoteLib_AttachKLineDataCallBack 
[2316] 2014/08/29 15:08:35.390 SKQuoteLib_AttachMarketTotCallBack 
[2316] 2014/08/29 15:08:35.390 SKQuoteLib_AttachMarketBuySellCallBack 
[2316] 2014/08/29 15:08:35.390 SKQuoteLib_AttachMarketHighLowCallBack 
[2316] 2014/08/29 15:08:35.390 SKQuoteLib_AttachStrikePricesCallBack 
[2316] 2014/08/29 15:08:35.390 SKQuoteLib_AttchServerTimeCallBack 
[2316] 2014/08/29 15:08:35.390 SKQuoteLib_AttachHistoryTicksGetCallBack 
[2316] 2014/08/29 15:08:35.390 SKQuoteLib_AttachProductsReadyCallBack 
[2316] 2014/08/29 15:08:36.281 SKQuoteLib_EnterMonitor IP¡Ginfo20.capital.com.tw
[2316] 2014/08/29 15:08:36.406 SocketConnect Type¡G100  ErrorCode¡G0
[2316] 2014/08/29 15:08:43.750 Stocks Ready
[2316] 2014/08/29 15:08:45.765 SKQuoteLib_RequestTicks (1,1402)
[2316] 2014/08/29 15:09:36.406 Check Link Status 
[2316] 2014/08/29 15:10:36.406 Check Link Status 
[2316] 2014/08/29 15:11:36.406 Check Link Status 
[2316] 2014/08/29 15:12:10.281 SKQuoteLib_LeaveMonitor 
[2316] 2014/08/29 15:12:10.281 SocketClose Type¡G101  ErrorCode¡G0
[2316] 2014/08/29 15:12:10.328 API ExitInstance 
[4552] 2014/08/29 15:37:11.250 API InitInstance 
[4712] 2014/08/29 15:37:25.140 API InitInstance 
[4712] 2014/08/29 15:37:26.437 SKQuoteLib_Initialize ¡GS122811334
[4712] 2014/08/29 15:37:26.437 SKQuoteLib_Initialize ¡Ghttps://order2.capital.com.tw/
[4712] 2014/08/29 15:37:26.921 SKQuoteLib_Initialize  SUCCESS 
[4712] 2014/08/29 15:37:26.921 SKQuoteLib_AttachConnectionCallBack 
[4712] 2014/08/29 15:37:26.921 SKQuoteLib_AttachQuoteCallBack 
[4712] 2014/08/29 15:37:26.921 SKQuoteLib_AttachBest5CallBack 
[4712] 2014/08/29 15:37:26.921 SKQuoteLib_AttachTicksGetCallBack 
[4712] 2014/08/29 15:37:26.921 SKQuoteLib_AttachKLineDataCallBack 
[4712] 2014/08/29 15:37:26.921 SKQuoteLib_AttachMarketTotCallBack 
[4712] 2014/08/29 15:37:26.921 SKQuoteLib_AttachMarketBuySellCallBack 
[4712] 2014/08/29 15:37:26.937 SKQuoteLib_AttachMarketHighLowCallBack 
[4712] 2014/08/29 15:37:26.937 SKQuoteLib_AttachStrikePricesCallBack 
[4712] 2014/08/29 15:37:26.937 SKQuoteLib_AttchServerTimeCallBack 
[4712] 2014/08/29 15:37:26.937 SKQuoteLib_AttachHistoryTicksGetCallBack 
[4712] 2014/08/29 15:37:26.937 SKQuoteLib_AttachProductsReadyCallBack 
[4712] 2014/08/29 15:37:28.968 SKQuoteLib_EnterMonitor IP¡Ginfo13.capital.com.tw
[5392] 2014/08/29 15:37:41.984 API InitInstance 
[5392] 2014/08/29 15:37:43.218 SKQuoteLib_Initialize ¡GS122811334
[5392] 2014/08/29 15:37:43.218 SKQuoteLib_Initialize ¡Ghttps://order2.capital.com.tw/
[5392] 2014/08/29 15:37:43.671 SKQuoteLib_Initialize  SUCCESS 
[5392] 2014/08/29 15:37:43.671 SKQuoteLib_AttachConnectionCallBack 
[5392] 2014/08/29 15:37:43.671 SKQuoteLib_AttachQuoteCallBack 
[5392] 2014/08/29 15:37:43.671 SKQuoteLib_AttachBest5CallBack 
[5392] 2014/08/29 15:37:43.671 SKQuoteLib_AttachTicksGetCallBack 
[5392] 2014/08/29 15:37:43.671 SKQuoteLib_AttachKLineDataCallBack 
[5392] 2014/08/29 15:37:43.671 SKQuoteLib_AttachMarketTotCallBack 
[5392] 2014/08/29 15:37:43.671 SKQuoteLib_AttachMarketBuySellCallBack 
[5392] 2014/08/29 15:37:43.687 SKQuoteLib_AttachMarketHighLowCallBack 
[5392] 2014/08/29 15:37:43.687 SKQuoteLib_AttachStrikePricesCallBack 
[5392] 2014/08/29 15:37:43.687 SKQuoteLib_AttchServerTimeCallBack 
[5392] 2014/08/29 15:37:43.687 SKQuoteLib_AttachHistoryTicksGetCallBack 
[5392] 2014/08/29 15:37:43.687 SKQuoteLib_AttachProductsReadyCallBack 
[5392] 2014/08/29 15:37:44.890 SKQuoteLib_EnterMonitor IP¡Ginfo23.capital.com.tw
[5392] 2014/08/29 15:37:44.890 SocketConnect Type¡G100  ErrorCode¡G0
[5392] 2014/08/29 15:37:48.640 Stocks Ready
[5392] 2014/08/29 15:37:51.453 SKQuoteLib_GetKLine(TX00,1)
[5392] 2014/08/29 15:38:26.000 SKQuoteLib_LeaveMonitor 
[5392] 2014/08/29 15:38:26.000 SocketClose Type¡G101  ErrorCode¡G0
[5392] 2014/08/29 15:38:26.031 API ExitInstance 
[4864] 2014/08/29 15:41:22.406 API InitInstance 
[4864] 2014/08/29 15:41:23.968 SKQuoteLib_Initialize ¡GS122811334
[4864] 2014/08/29 15:41:23.968 SKQuoteLib_Initialize ¡Ghttps://order2.capital.com.tw/
[4864] 2014/08/29 15:41:24.437 SKQuoteLib_Initialize  SUCCESS 
[4864] 2014/08/29 15:41:24.437 SKQuoteLib_AttachConnectionCallBack 
[4864] 2014/08/29 15:41:24.437 SKQuoteLib_AttachQuoteCallBack 
[4864] 2014/08/29 15:41:24.437 SKQuoteLib_AttachBest5CallBack 
[4864] 2014/08/29 15:41:24.437 SKQuoteLib_AttachTicksGetCallBack 
[4864] 2014/08/29 15:41:24.437 SKQuoteLib_AttachKLineDataCallBack 
[4864] 2014/08/29 15:41:24.437 SKQuoteLib_AttachMarketTotCallBack 
[4864] 2014/08/29 15:41:24.437 SKQuoteLib_AttachMarketBuySellCallBack 
[4864] 2014/08/29 15:41:24.437 SKQuoteLib_AttachMarketHighLowCallBack 
[4864] 2014/08/29 15:41:24.437 SKQuoteLib_AttachStrikePricesCallBack 
[4864] 2014/08/29 15:41:24.437 SKQuoteLib_AttchServerTimeCallBack 
[4864] 2014/08/29 15:41:24.437 SKQuoteLib_AttachHistoryTicksGetCallBack 
[4864] 2014/08/29 15:41:24.453 SKQuoteLib_AttachProductsReadyCallBack 
[4864] 2014/08/29 15:41:25.625 SKQuoteLib_EnterMonitor IP¡Ginfo23.capital.com.tw
[4864] 2014/08/29 15:41:25.625 SocketConnect Type¡G100  ErrorCode¡G0
[4864] 2014/08/29 15:41:27.140 Stocks Ready
[4864] 2014/08/29 15:41:29.062 SKQuoteLib_GetKLine(TX00,1)
[4864] 2014/08/29 15:42:25.625 Check Link Status 
[4864] 2014/08/29 15:43:25.625 Check Link Status 
[4864] 2014/08/29 15:44:25.625 Check Link Status 
[4864] 2014/08/29 15:45:25.625 Check Link Status 
[4864] 2014/08/29 15:46:25.625 Check Link Status 
[4864] 2014/08/29 15:47:25.625 Check Link Status 
[4864] 2014/08/29 15:48:25.625 Check Link Status 
[4864] 2014/08/29 15:49:25.625 Check Link Status 
[4864] 2014/08/29 15:50:25.625 Check Link Status 
[4864] 2014/08/29 15:51:25.625 Check Link Status 
[4864] 2014/08/29 15:52:04.609 SKQuoteLib_LeaveMonitor 
[4864] 2014/08/29 15:52:04.609 SocketClose Type¡G101  ErrorCode¡G0
[4864] 2014/08/29 15:52:04.656 API ExitInstance 
[4308] 2014/08/29 15:55:01.843 API InitInstance 
[4308] 2014/08/29 15:55:05.750 SKQuoteLib_Initialize ¡GS122811334
[4308] 2014/08/29 15:55:05.750 SKQuoteLib_Initialize ¡Ghttps://order2.capital.com.tw/
[4308] 2014/08/29 15:55:06.250 SKQuoteLib_Initialize  SUCCESS 
[4308] 2014/08/29 15:55:06.250 SKQuoteLib_AttachConnectionCallBack 
[4308] 2014/08/29 15:55:06.250 SKQuoteLib_AttachQuoteCallBack 
[4308] 2014/08/29 15:55:06.250 SKQuoteLib_AttachBest5CallBack 
[4308] 2014/08/29 15:55:06.250 SKQuoteLib_AttachTicksGetCallBack 
[4308] 2014/08/29 15:55:06.250 SKQuoteLib_AttachKLineDataCallBack 
[4308] 2014/08/29 15:55:06.250 SKQuoteLib_AttachMarketTotCallBack 
[4308] 2014/08/29 15:55:06.250 SKQuoteLib_AttachMarketBuySellCallBack 
[4308] 2014/08/29 15:55:06.250 SKQuoteLib_AttachMarketHighLowCallBack 
[4308] 2014/08/29 15:55:06.250 SKQuoteLib_AttachStrikePricesCallBack 
[4308] 2014/08/29 15:55:06.250 SKQuoteLib_AttchServerTimeCallBack 
[4308] 2014/08/29 15:55:06.250 SKQuoteLib_AttachHistoryTicksGetCallBack 
[4308] 2014/08/29 15:55:06.250 SKQuoteLib_AttachProductsReadyCallBack 
[4308] 2014/08/29 15:55:08.390 SKQuoteLib_EnterMonitor IP¡Ginfo12.capital.com.tw
[4308] 2014/08/29 15:55:08.406 SocketConnect Type¡G100  ErrorCode¡G0
[4308] 2014/08/29 15:55:09.921 Stocks Ready
[4308] 2014/08/29 15:55:13.140 SKQuoteLib_GetKLine(TX00,1)
[3372] 2014/08/29 15:55:37.375 API InitInstance 
[3372] 2014/08/29 15:55:38.593 SKQuoteLib_Initialize ¡GS122811334
[3372] 2014/08/29 15:55:38.593 SKQuoteLib_Initialize ¡Ghttps://order2.capital.com.tw/
[3372] 2014/08/29 15:55:39.125 SKQuoteLib_Initialize  SUCCESS 
[3372] 2014/08/29 15:55:39.125 SKQuoteLib_AttachConnectionCallBack 
[3372] 2014/08/29 15:55:39.125 SKQuoteLib_AttachQuoteCallBack 
[3372] 2014/08/29 15:55:39.125 SKQuoteLib_AttachBest5CallBack 
[3372] 2014/08/29 15:55:39.125 SKQuoteLib_AttachTicksGetCallBack 
[3372] 2014/08/29 15:55:39.140 SKQuoteLib_AttachKLineDataCallBack 
[3372] 2014/08/29 15:55:39.140 SKQuoteLib_AttachMarketTotCallBack 
[3372] 2014/08/29 15:55:39.140 SKQuoteLib_AttachMarketBuySellCallBack 
[3372] 2014/08/29 15:55:39.140 SKQuoteLib_AttachMarketHighLowCallBack 
[3372] 2014/08/29 15:55:39.140 SKQuoteLib_AttachStrikePricesCallBack 
[3372] 2014/08/29 15:55:39.140 SKQuoteLib_AttchServerTimeCallBack 
[3372] 2014/08/29 15:55:39.140 SKQuoteLib_AttachHistoryTicksGetCallBack 
[3372] 2014/08/29 15:55:39.140 SKQuoteLib_AttachProductsReadyCallBack 
[3372] 2014/08/29 15:55:40.171 SKQuoteLib_EnterMonitor IP¡Ginfo10.capital.com.tw
[3372] 2014/08/29 15:55:40.171 SocketConnect Type¡G100  ErrorCode¡G0
[3372] 2014/08/29 15:55:41.687 Stocks Ready
[3372] 2014/08/29 15:55:43.843 SKQuoteLib_GetKLine(TX00,1)
[3372] 2014/08/29 15:55:58.640 SKQuoteLib_LeaveMonitor 
[3372] 2014/08/29 15:55:58.640 SocketClose Type¡G101  ErrorCode¡G0
[3372] 2014/08/29 15:55:58.703 API ExitInstance 
[5964] 2014/08/29 16:02:52.265 API InitInstance 
[5964] 2014/08/29 16:03:03.421 SKQuoteLib_Initialize ¡GS122811334
[5964] 2014/08/29 16:03:03.421 SKQuoteLib_Initialize ¡Ghttps://order2.capital.com.tw/
[5964] 2014/08/29 16:03:03.953 SKQuoteLib_Initialize  SUCCESS 
[5964] 2014/08/29 16:03:03.953 SKQuoteLib_AttachConnectionCallBack 
[5964] 2014/08/29 16:03:03.953 SKQuoteLib_AttachQuoteCallBack 
[5964] 2014/08/29 16:03:03.953 SKQuoteLib_AttachBest5CallBack 
[5964] 2014/08/29 16:03:03.953 SKQuoteLib_AttachTicksGetCallBack 
[5964] 2014/08/29 16:03:03.953 SKQuoteLib_AttachKLineDataCallBack 
[5964] 2014/08/29 16:03:03.953 SKQuoteLib_AttachMarketTotCallBack 
[5964] 2014/08/29 16:03:03.953 SKQuoteLib_AttachMarketBuySellCallBack 
[5964] 2014/08/29 16:03:03.953 SKQuoteLib_AttachMarketHighLowCallBack 
[5964] 2014/08/29 16:03:03.953 SKQuoteLib_AttachStrikePricesCallBack 
[5964] 2014/08/29 16:03:03.968 SKQuoteLib_AttchServerTimeCallBack 
[5964] 2014/08/29 16:03:03.968 SKQuoteLib_AttachHistoryTicksGetCallBack 
[5964] 2014/08/29 16:03:03.968 SKQuoteLib_AttachProductsReadyCallBack 
[5964] 2014/08/29 16:03:05.312 SKQuoteLib_EnterMonitor IP¡Ginfo11.capital.com.tw
[5964] 2014/08/29 16:03:05.312 SocketConnect Type¡G100  ErrorCode¡G0
[5964] 2014/08/29 16:03:06.828 Stocks Ready
[5964] 2014/08/29 16:03:09.031 SKQuoteLib_GetKLine(TX00,1)
[5264] 2014/08/29 16:11:04.765 API InitInstance 
[5264] 2014/08/29 16:11:06.859 SKQuoteLib_Initialize ¡GS122811334
[5264] 2014/08/29 16:11:06.859 SKQuoteLib_Initialize ¡Ghttps://order2.capital.com.tw/
[5264] 2014/08/29 16:11:07.359 SKQuoteLib_Initialize  SUCCESS 
[5264] 2014/08/29 16:11:07.359 SKQuoteLib_AttachConnectionCallBack 
[5264] 2014/08/29 16:11:07.359 SKQuoteLib_AttachQuoteCallBack 
[5264] 2014/08/29 16:11:07.359 SKQuoteLib_AttachBest5CallBack 
[5264] 2014/08/29 16:11:07.359 SKQuoteLib_AttachTicksGetCallBack 
[5264] 2014/08/29 16:11:07.359 SKQuoteLib_AttachKLineDataCallBack 
[5264] 2014/08/29 16:11:07.359 SKQuoteLib_AttachMarketTotCallBack 
[5264] 2014/08/29 16:11:07.359 SKQuoteLib_AttachMarketBuySellCallBack 
[5264] 2014/08/29 16:11:07.359 SKQuoteLib_AttachMarketHighLowCallBack 
[5264] 2014/08/29 16:11:07.359 SKQuoteLib_AttachStrikePricesCallBack 
[5264] 2014/08/29 16:11:07.359 SKQuoteLib_AttchServerTimeCallBack 
[5264] 2014/08/29 16:11:07.359 SKQuoteLib_AttachHistoryTicksGetCallBack 
[5264] 2014/08/29 16:11:07.359 SKQuoteLib_AttachProductsReadyCallBack 
[5264] 2014/08/29 16:11:08.281 SKQuoteLib_EnterMonitor IP¡Ginfo9.capital.com.tw
[5264] 2014/08/29 16:11:08.296 SocketConnect Type¡G100  ErrorCode¡G0
[5264] 2014/08/29 16:11:09.796 Stocks Ready
[5264] 2014/08/29 16:11:11.718 SKQuoteLib_GetKLine(TX00,1)
[4744] 2014/08/29 16:16:02.593 API InitInstance 
[3084] 2014/08/29 16:16:34.953 API InitInstance 
[3084] 2014/08/29 16:16:36.781 SKQuoteLib_Initialize ¡GS122811334
[3084] 2014/08/29 16:16:36.781 SKQuoteLib_Initialize ¡Ghttps://order2.capital.com.tw/
[3084] 2014/08/29 16:16:37.312 SKQuoteLib_Initialize  SUCCESS 
[3084] 2014/08/29 16:16:37.312 SKQuoteLib_AttachConnectionCallBack 
[3084] 2014/08/29 16:16:37.312 SKQuoteLib_AttachQuoteCallBack 
[3084] 2014/08/29 16:16:37.312 SKQuoteLib_AttachBest5CallBack 
[3084] 2014/08/29 16:16:37.312 SKQuoteLib_AttachTicksGetCallBack 
[3084] 2014/08/29 16:16:37.312 SKQuoteLib_AttachKLineDataCallBack 
[3084] 2014/08/29 16:16:37.312 SKQuoteLib_AttachMarketTotCallBack 
[3084] 2014/08/29 16:16:37.312 SKQuoteLib_AttachMarketBuySellCallBack 
[3084] 2014/08/29 16:16:37.312 SKQuoteLib_AttachMarketHighLowCallBack 
[3084] 2014/08/29 16:16:37.312 SKQuoteLib_AttachStrikePricesCallBack 
[3084] 2014/08/29 16:16:37.312 SKQuoteLib_AttchServerTimeCallBack 
[3084] 2014/08/29 16:16:37.312 SKQuoteLib_AttachHistoryTicksGetCallBack 
[3084] 2014/08/29 16:16:37.312 SKQuoteLib_AttachProductsReadyCallBack 
[3084] 2014/08/29 16:16:38.296 SKQuoteLib_EnterMonitor IP¡Ginfo8.capital.com.tw
[3084] 2014/08/29 16:16:42.968 SocketConnect Type¡G100  ErrorCode¡G0
[3084] 2014/08/29 16:16:47.140 Stocks Ready
[3084] 2014/08/29 16:16:49.281 SKQuoteLib_GetKLine(TX00,1)
[5240] 2014/08/29 16:18:15.828 API InitInstance 
[5240] 2014/08/29 16:18:17.109 SKQuoteLib_Initialize ¡GS122811334
[5240] 2014/08/29 16:18:17.109 SKQuoteLib_Initialize ¡Ghttps://order2.capital.com.tw/
[5240] 2014/08/29 16:18:17.640 SKQuoteLib_Initialize  SUCCESS 
[5240] 2014/08/29 16:18:17.640 SKQuoteLib_AttachConnectionCallBack 
[5240] 2014/08/29 16:18:17.640 SKQuoteLib_AttachQuoteCallBack 
[5240] 2014/08/29 16:18:17.640 SKQuoteLib_AttachBest5CallBack 
[5240] 2014/08/29 16:18:17.640 SKQuoteLib_AttachTicksGetCallBack 
[5240] 2014/08/29 16:18:17.640 SKQuoteLib_AttachKLineDataCallBack 
[5240] 2014/08/29 16:18:17.640 SKQuoteLib_AttachMarketTotCallBack 
[5240] 2014/08/29 16:18:17.640 SKQuoteLib_AttachMarketBuySellCallBack 
[5240] 2014/08/29 16:18:17.640 SKQuoteLib_AttachMarketHighLowCallBack 
[5240] 2014/08/29 16:18:17.640 SKQuoteLib_AttachStrikePricesCallBack 
[5240] 2014/08/29 16:18:17.640 SKQuoteLib_AttchServerTimeCallBack 
[5240] 2014/08/29 16:18:17.640 SKQuoteLib_AttachHistoryTicksGetCallBack 
[5240] 2014/08/29 16:18:17.640 SKQuoteLib_AttachProductsReadyCallBack 
[5240] 2014/08/29 16:18:21.046 SKQuoteLib_EnterMonitor IP¡Ginfo12.capital.com.tw
[5240] 2014/08/29 16:18:22.968 SocketConnect Type¡G100  ErrorCode¡G0
[5240] 2014/08/29 16:18:26.546 Stocks Ready
[5240] 2014/08/29 16:18:28.234 SKQuoteLib_GetKLine(TX00,1)
[2400] 2014/08/29 16:26:24.515 API InitInstance 
[2400] 2014/08/29 16:26:25.968 SKQuoteLib_Initialize ¡GS122811334
[2400] 2014/08/29 16:26:25.968 SKQuoteLib_Initialize ¡Ghttps://order2.capital.com.tw/
[2400] 2014/08/29 16:26:26.500 SKQuoteLib_Initialize  SUCCESS 
[2400] 2014/08/29 16:26:26.500 SKQuoteLib_AttachConnectionCallBack 
[2400] 2014/08/29 16:26:26.500 SKQuoteLib_AttachQuoteCallBack 
[2400] 2014/08/29 16:26:26.500 SKQuoteLib_AttachBest5CallBack 
[2400] 2014/08/29 16:26:26.515 SKQuoteLib_AttachTicksGetCallBack 
[2400] 2014/08/29 16:26:26.515 SKQuoteLib_AttachKLineDataCallBack 
[2400] 2014/08/29 16:26:26.515 SKQuoteLib_AttachMarketTotCallBack 
[2400] 2014/08/29 16:26:26.515 SKQuoteLib_AttachMarketBuySellCallBack 
[2400] 2014/08/29 16:26:26.515 SKQuoteLib_AttachMarketHighLowCallBack 
[2400] 2014/08/29 16:26:26.515 SKQuoteLib_AttachStrikePricesCallBack 
[2400] 2014/08/29 16:26:26.515 SKQuoteLib_AttchServerTimeCallBack 
[2400] 2014/08/29 16:26:26.515 SKQuoteLib_AttachHistoryTicksGetCallBack 
[2400] 2014/08/29 16:26:26.515 SKQuoteLib_AttachProductsReadyCallBack 
[2400] 2014/08/29 16:26:27.531 SKQuoteLib_EnterMonitor IP¡Ginfo20.capital.com.tw
[2400] 2014/08/29 16:26:30.015 SocketConnect Type¡G100  ErrorCode¡G0
[2400] 2014/08/29 16:26:33.781 Stocks Ready
[2400] 2014/08/29 16:26:35.750 SKQuoteLib_GetKLine(TX00,1)
[5032] 2014/08/29 16:28:43.500 API InitInstance 
[5032] 2014/08/29 16:28:44.890 SKQuoteLib_Initialize ¡GS122811334
[5032] 2014/08/29 16:28:44.890 SKQuoteLib_Initialize ¡Ghttps://order2.capital.com.tw/
[5032] 2014/08/29 16:28:45.437 SKQuoteLib_Initialize  SUCCESS 
[5032] 2014/08/29 16:28:45.437 SKQuoteLib_AttachConnectionCallBack 
[5032] 2014/08/29 16:28:45.437 SKQuoteLib_AttachQuoteCallBack 
[5032] 2014/08/29 16:28:45.437 SKQuoteLib_AttachBest5CallBack 
[5032] 2014/08/29 16:28:45.437 SKQuoteLib_AttachTicksGetCallBack 
[5032] 2014/08/29 16:28:45.437 SKQuoteLib_AttachKLineDataCallBack 
[5032] 2014/08/29 16:28:45.437 SKQuoteLib_AttachMarketTotCallBack 
[5032] 2014/08/29 16:28:45.437 SKQuoteLib_AttachMarketBuySellCallBack 
[5032] 2014/08/29 16:28:45.437 SKQuoteLib_AttachMarketHighLowCallBack 
[5032] 2014/08/29 16:28:45.437 SKQuoteLib_AttachStrikePricesCallBack 
[5032] 2014/08/29 16:28:45.437 SKQuoteLib_AttchServerTimeCallBack 
[5032] 2014/08/29 16:28:45.437 SKQuoteLib_AttachHistoryTicksGetCallBack 
[5032] 2014/08/29 16:28:45.437 SKQuoteLib_AttachProductsReadyCallBack 
[5032] 2014/08/29 16:28:46.406 SKQuoteLib_EnterMonitor IP¡Ginfo9.capital.com.tw
[5032] 2014/08/29 16:28:48.546 SocketConnect Type¡G100  ErrorCode¡G0
[5032] 2014/08/29 16:28:51.812 Stocks Ready
[5032] 2014/08/29 16:28:53.875 SKQuoteLib_GetKLine(TX00,1)
[5816] 2014/08/29 16:31:53.015 API InitInstance 
[5816] 2014/08/29 16:31:54.281 SKQuoteLib_Initialize ¡GS122811334
[5816] 2014/08/29 16:31:54.281 SKQuoteLib_Initialize ¡Ghttps://order2.capital.com.tw/
[5816] 2014/08/29 16:31:54.843 SKQuoteLib_Initialize  SUCCESS 
[5816] 2014/08/29 16:31:54.843 SKQuoteLib_AttachConnectionCallBack 
[5816] 2014/08/29 16:31:54.843 SKQuoteLib_AttachQuoteCallBack 
[5816] 2014/08/29 16:31:54.843 SKQuoteLib_AttachBest5CallBack 
[5816] 2014/08/29 16:31:54.843 SKQuoteLib_AttachTicksGetCallBack 
[5816] 2014/08/29 16:31:54.843 SKQuoteLib_AttachKLineDataCallBack 
[5816] 2014/08/29 16:31:54.843 SKQuoteLib_AttachMarketTotCallBack 
[5816] 2014/08/29 16:31:54.843 SKQuoteLib_AttachMarketBuySellCallBack 
[5816] 2014/08/29 16:31:54.843 SKQuoteLib_AttachMarketHighLowCallBack 
[5816] 2014/08/29 16:31:54.843 SKQuoteLib_AttachStrikePricesCallBack 
[5816] 2014/08/29 16:31:54.843 SKQuoteLib_AttchServerTimeCallBack 
[5816] 2014/08/29 16:31:54.843 SKQuoteLib_AttachHistoryTicksGetCallBack 
[5816] 2014/08/29 16:31:54.843 SKQuoteLib_AttachProductsReadyCallBack 
[5816] 2014/08/29 16:31:55.875 SKQuoteLib_EnterMonitor IP¡Ginfo23.capital.com.tw
[1296] 2014/08/29 16:35:44.796 API InitInstance 
[1296] 2014/08/29 16:35:45.937 SKQuoteLib_Initialize ¡GS122811334
[1296] 2014/08/29 16:35:45.937 SKQuoteLib_Initialize ¡Ghttps://order2.capital.com.tw/
[1296] 2014/08/29 16:35:46.453 SKQuoteLib_Initialize  SUCCESS 
[1296] 2014/08/29 16:35:46.453 SKQuoteLib_AttachConnectionCallBack 
[1296] 2014/08/29 16:35:46.453 SKQuoteLib_AttachQuoteCallBack 
[1296] 2014/08/29 16:35:46.453 SKQuoteLib_AttachBest5CallBack 
[1296] 2014/08/29 16:35:46.453 SKQuoteLib_AttachTicksGetCallBack 
[1296] 2014/08/29 16:35:46.453 SKQuoteLib_AttachKLineDataCallBack 
[1296] 2014/08/29 16:35:46.453 SKQuoteLib_AttachMarketTotCallBack 
[1296] 2014/08/29 16:35:46.453 SKQuoteLib_AttachMarketBuySellCallBack 
[1296] 2014/08/29 16:35:46.453 SKQuoteLib_AttachMarketHighLowCallBack 
[1296] 2014/08/29 16:35:46.453 SKQuoteLib_AttachStrikePricesCallBack 
[1296] 2014/08/29 16:35:46.453 SKQuoteLib_AttchServerTimeCallBack 
[1296] 2014/08/29 16:35:46.453 SKQuoteLib_AttachHistoryTicksGetCallBack 
[1296] 2014/08/29 16:35:46.453 SKQuoteLib_AttachProductsReadyCallBack 
[1296] 2014/08/29 16:35:47.406 SKQuoteLib_EnterMonitor IP¡Ginfo8.capital.com.tw
[1296] 2014/08/29 16:35:49.531 SocketConnect Type¡G100  ErrorCode¡G0
[1296] 2014/08/29 16:35:53.000 Stocks Ready
[1296] 2014/08/29 16:35:55.000 SKQuoteLib_GetKLine(TX00,1)
[1296] 2014/08/29 16:36:00.468 API ExitInstance 
[2976] 2014/08/29 16:38:25.906 API InitInstance 
[2976] 2014/08/29 16:38:27.265 SKQuoteLib_Initialize ¡GS122811334
[2976] 2014/08/29 16:38:27.265 SKQuoteLib_Initialize ¡Ghttps://order2.capital.com.tw/
[2976] 2014/08/29 16:38:27.781 SKQuoteLib_Initialize  SUCCESS 
[2976] 2014/08/29 16:38:27.781 SKQuoteLib_AttachConnectionCallBack 
[2976] 2014/08/29 16:38:27.796 SKQuoteLib_AttachQuoteCallBack 
[2976] 2014/08/29 16:38:27.796 SKQuoteLib_AttachBest5CallBack 
[2976] 2014/08/29 16:38:27.796 SKQuoteLib_AttachTicksGetCallBack 
[2976] 2014/08/29 16:38:27.796 SKQuoteLib_AttachKLineDataCallBack 
[2976] 2014/08/29 16:38:27.796 SKQuoteLib_AttachMarketTotCallBack 
[2976] 2014/08/29 16:38:27.796 SKQuoteLib_AttachMarketBuySellCallBack 
[2976] 2014/08/29 16:38:27.796 SKQuoteLib_AttachMarketHighLowCallBack 
[2976] 2014/08/29 16:38:27.796 SKQuoteLib_AttachStrikePricesCallBack 
[2976] 2014/08/29 16:38:27.796 SKQuoteLib_AttchServerTimeCallBack 
[2976] 2014/08/29 16:38:27.796 SKQuoteLib_AttachHistoryTicksGetCallBack 
[2976] 2014/08/29 16:38:27.796 SKQuoteLib_AttachProductsReadyCallBack 
[2976] 2014/08/29 16:38:29.140 SKQuoteLib_EnterMonitor IP¡Ginfo23.capital.com.tw
[2976] 2014/08/29 16:38:31.328 SocketConnect Type¡G100  ErrorCode¡G0
[2976] 2014/08/29 16:38:35.000 Stocks Ready
[2976] 2014/08/29 16:38:36.859 SKQuoteLib_GetKLine(TX00,1)
[1336] 2014/08/29 16:52:54.703 API InitInstance 
[1336] 2014/08/29 16:52:56.406 SKQuoteLib_Initialize ¡GS122811334
[1336] 2014/08/29 16:52:56.406 SKQuoteLib_Initialize ¡Ghttps://order2.capital.com.tw/
[1336] 2014/08/29 16:52:56.890 SKQuoteLib_Initialize  SUCCESS 
[1336] 2014/08/29 16:52:56.890 SKQuoteLib_AttachConnectionCallBack 
[1336] 2014/08/29 16:52:56.890 SKQuoteLib_AttachQuoteCallBack 
[1336] 2014/08/29 16:52:56.890 SKQuoteLib_AttachBest5CallBack 
[1336] 2014/08/29 16:52:56.890 SKQuoteLib_AttachTicksGetCallBack 
[1336] 2014/08/29 16:52:56.890 SKQuoteLib_AttachKLineDataCallBack 
[1336] 2014/08/29 16:52:56.890 SKQuoteLib_AttachMarketTotCallBack 
[1336] 2014/08/29 16:52:56.890 SKQuoteLib_AttachMarketBuySellCallBack 
[1336] 2014/08/29 16:52:56.890 SKQuoteLib_AttachMarketHighLowCallBack 
[1336] 2014/08/29 16:52:56.890 SKQuoteLib_AttachStrikePricesCallBack 
[1336] 2014/08/29 16:52:56.890 SKQuoteLib_AttchServerTimeCallBack 
[1336] 2014/08/29 16:52:56.890 SKQuoteLib_AttachHistoryTicksGetCallBack 
[1336] 2014/08/29 16:52:56.890 SKQuoteLib_AttachProductsReadyCallBack 
[1336] 2014/08/29 16:52:58.000 SKQuoteLib_EnterMonitor IP¡Ginfo13.capital.com.tw
[1336] 2014/08/29 16:52:58.000 SocketConnect Type¡G100  ErrorCode¡G0
[1336] 2014/08/29 16:52:59.531 Stocks Ready
[1336] 2014/08/29 16:53:01.578 SKQuoteLib_GetKLine(TX00,1)
[1336] 2014/08/29 16:53:58.000 Check Link Status 
[5456] 2014/08/29 16:54:41.453 API InitInstance 
[5456] 2014/08/29 16:54:44.015 API ExitInstance 
[5468] 2014/08/29 17:01:14.234 API InitInstance 
[5468] 2014/08/29 17:01:15.750 SKQuoteLib_Initialize ¡GS122811334
[5468] 2014/08/29 17:01:15.750 SKQuoteLib_Initialize ¡Ghttps://order2.capital.com.tw/
[5468] 2014/08/29 17:01:16.265 SKQuoteLib_Initialize  SUCCESS 
[5468] 2014/08/29 17:01:16.265 SKQuoteLib_AttachConnectionCallBack 
[5468] 2014/08/29 17:01:16.265 SKQuoteLib_AttachQuoteCallBack 
[5468] 2014/08/29 17:01:16.265 SKQuoteLib_AttachBest5CallBack 
[5468] 2014/08/29 17:01:16.265 SKQuoteLib_AttachTicksGetCallBack 
[5468] 2014/08/29 17:01:16.265 SKQuoteLib_AttachKLineDataCallBack 
[5468] 2014/08/29 17:01:16.265 SKQuoteLib_AttachMarketTotCallBack 
[5468] 2014/08/29 17:01:16.265 SKQuoteLib_AttachMarketBuySellCallBack 
[5468] 2014/08/29 17:01:16.281 SKQuoteLib_AttachMarketHighLowCallBack 
[5468] 2014/08/29 17:01:16.281 SKQuoteLib_AttachStrikePricesCallBack 
[5468] 2014/08/29 17:01:16.281 SKQuoteLib_AttchServerTimeCallBack 
[5468] 2014/08/29 17:01:16.281 SKQuoteLib_AttachHistoryTicksGetCallBack 
[5468] 2014/08/29 17:01:16.281 SKQuoteLib_AttachProductsReadyCallBack 
[5468] 2014/08/29 17:01:17.359 SKQuoteLib_EnterMonitor IP¡Ginfo12.capital.com.tw
[5468] 2014/08/29 17:01:17.359 SocketConnect Type¡G100  ErrorCode¡G0
[5468] 2014/08/29 17:01:29.796 Stocks Ready
[5468] 2014/08/29 17:01:32.125 SKQuoteLib_GetKLine(TX00,1)
[5316] 2014/08/29 17:02:23.437 API InitInstance 
[5316] 2014/08/29 17:02:24.890 SKQuoteLib_Initialize ¡GS122811334
[5316] 2014/08/29 17:02:24.890 SKQuoteLib_Initialize ¡Ghttps://order2.capital.com.tw/
[5316] 2014/08/29 17:02:25.406 SKQuoteLib_Initialize  SUCCESS 
[5316] 2014/08/29 17:02:25.406 SKQuoteLib_AttachConnectionCallBack 
[5316] 2014/08/29 17:02:25.406 SKQuoteLib_AttachQuoteCallBack 
[5316] 2014/08/29 17:02:25.406 SKQuoteLib_AttachBest5CallBack 
[5316] 2014/08/29 17:02:25.406 SKQuoteLib_AttachTicksGetCallBack 
[5316] 2014/08/29 17:02:25.406 SKQuoteLib_AttachKLineDataCallBack 
[5316] 2014/08/29 17:02:25.406 SKQuoteLib_AttachMarketTotCallBack 
[5316] 2014/08/29 17:02:25.421 SKQuoteLib_AttachMarketBuySellCallBack 
[5316] 2014/08/29 17:02:25.421 SKQuoteLib_AttachMarketHighLowCallBack 
[5316] 2014/08/29 17:02:25.421 SKQuoteLib_AttachStrikePricesCallBack 
[5316] 2014/08/29 17:02:25.421 SKQuoteLib_AttchServerTimeCallBack 
[5316] 2014/08/29 17:02:25.421 SKQuoteLib_AttachHistoryTicksGetCallBack 
[5316] 2014/08/29 17:02:25.421 SKQuoteLib_AttachProductsReadyCallBack 
[5316] 2014/08/29 17:02:26.328 SKQuoteLib_EnterMonitor IP¡Ginfo8.capital.com.tw
[5316] 2014/08/29 17:02:26.343 SocketConnect Type¡G100  ErrorCode¡G0
[5316] 2014/08/29 17:02:38.171 Stocks Ready
[5316] 2014/08/29 17:02:40.500 SKQuoteLib_GetKLine(TX00,1)
[2316] 2014/08/29 17:09:32.296 API InitInstance 
[2316] 2014/08/29 17:09:34.234 API ExitInstance 
[4452] 2014/08/29 18:19:05.203 API InitInstance 
[4452] 2014/08/29 18:19:11.312 API ExitInstance 
[4424] 2014/08/29 19:32:32.453 API InitInstance 
[4424] 2014/08/29 19:32:33.500 API ExitInstance 
[4032] 2014/08/29 19:32:50.156 API InitInstance 
[4032] 2014/08/29 19:32:51.234 API ExitInstance 
[1836] 2014/08/29 19:39:21.218 API InitInstance 
[1836] 2014/08/29 19:39:22.328 API ExitInstance 
[3676] 2014/08/29 19:40:12.000 API InitInstance 
[3676] 2014/08/29 19:40:13.500 API ExitInstance 
[3900] 2014/08/29 19:41:23.625 API InitInstance 
[3900] 2014/08/29 19:41:25.765 API ExitInstance 
[4744] 2014/08/29 20:15:49.234 API InitInstance 
[4744] 2014/08/29 20:15:50.328 API ExitInstance 
[5172] 2014/08/29 20:50:59.359 API InitInstance 
[5172] 2014/08/29 20:51:00.953 API ExitInstance 
[2332] 2014/08/29 20:51:49.703 API InitInstance 
[2332] 2014/08/29 20:51:50.625 API ExitInstance 
[5120] 2014/08/29 21:03:29.765 API InitInstance 
[5120] 2014/08/29 21:03:30.953 API ExitInstance 
[140] 2014/08/29 21:07:59.000 API InitInstance 
[140] 2014/08/29 21:08:00.031 API ExitInstance 
[4972] 2014/08/29 21:09:36.937 API InitInstance 
[4972] 2014/08/29 21:09:38.515 API ExitInstance 
[4652] 2014/08/29 21:21:20.250 API InitInstance 
[4652] 2014/08/29 21:21:22.031 API ExitInstance 
[5560] 2014/08/29 21:38:52.937 API InitInstance 
[4952] 2014/08/29 21:40:40.156 API InitInstance 
[4952] 2014/08/29 21:40:42.875 API ExitInstance 
[4076] 2014/08/29 21:45:32.796 API InitInstance 
[4076] 2014/08/29 21:45:34.843 API ExitInstance 
[2408] 2014/08/29 22:01:06.937 API InitInstance 
[2408] 2014/08/29 22:01:08.375 SKQuoteLib_Initialize ¡GS122811334
[2408] 2014/08/29 22:01:08.375 SKQuoteLib_Initialize ¡Ghttps://order2.capital.com.tw/
[2408] 2014/08/29 22:01:09.781 SKQuoteLib_Initialize  SUCCESS 
[2408] 2014/08/29 22:01:09.781 SKQuoteLib_AttachConnectionCallBack 
[2408] 2014/08/29 22:01:09.781 SKQuoteLib_AttachQuoteCallBack 
[2408] 2014/08/29 22:01:09.781 SKQuoteLib_AttachBest5CallBack 
[2408] 2014/08/29 22:01:09.781 SKQuoteLib_AttachTicksGetCallBack 
[2408] 2014/08/29 22:01:09.781 SKQuoteLib_AttachKLineDataCallBack 
[2408] 2014/08/29 22:01:09.781 SKQuoteLib_AttachMarketTotCallBack 
[2408] 2014/08/29 22:01:09.781 SKQuoteLib_AttachMarketBuySellCallBack 
[2408] 2014/08/29 22:01:09.781 SKQuoteLib_AttachMarketHighLowCallBack 
[2408] 2014/08/29 22:01:09.781 SKQuoteLib_AttachStrikePricesCallBack 
[2408] 2014/08/29 22:01:09.781 SKQuoteLib_AttchServerTimeCallBack 
[2408] 2014/08/29 22:01:09.781 SKQuoteLib_AttachHistoryTicksGetCallBack 
[2408] 2014/08/29 22:01:09.781 SKQuoteLib_AttachProductsReadyCallBack 
[2408] 2014/08/29 22:01:10.937 SKQuoteLib_EnterMonitor IP¡Ginfo12.capital.com.tw
[2408] 2014/08/29 22:01:11.000 SocketConnect Type¡G100  ErrorCode¡G0
[2408] 2014/08/29 22:01:27.937 Stocks Ready
[2408] 2014/08/29 22:01:32.984 SKQuoteLib_GetKLine(TX00,1)
[5420] 2014/08/29 22:08:08.109 API InitInstance 
[5420] 2014/08/29 22:08:15.984 API ExitInstance 
[4048] 2014/08/29 22:10:47.703 API InitInstance 
[4048] 2014/08/29 22:11:40.937 API ExitInstance 
[1856] 2014/08/29 22:25:05.750 API InitInstance 
[1856] 2014/08/29 22:25:16.890 API ExitInstance 
[5968] 2014/08/29 22:47:09.187 API InitInstance 
[4804] 2014/08/29 22:58:08.984 API InitInstance 
[4804] 2014/08/29 22:59:04.468 API ExitInstance 
[3400] 2014/08/29 23:00:14.328 API InitInstance 
[3400] 2014/08/29 23:00:25.625 API ExitInstance 
