[4392] 2014/12/31 09:52:38.445 SKOrderLib ª©¥» 2.1.22
[4392] 2014/12/31 09:52:38.445 Login ID: 
[4712] 2014/12/31 09:56:33.715 SKOrderLib ª©¥» 2.1.22
[4712] 2014/12/31 09:56:33.730 Login ID: S122811334
[4712] 2014/12/31 09:56:42.982 CALL RegisterOnAccountCallBack()
[4712] 2014/12/31 09:56:42.982 CALL RegisterOnOrderAsyncReportCallBack()
[4712] 2014/12/31 09:56:42.982 CALL RegisterOnAccountWithLoginIDCallBack()
[4712] 2014/12/31 09:56:42.982 CALL RegisterOnRealBalanceReportCallBack()
[4712] 2014/12/31 09:56:42.985 CALL RegisterOnOpenInterestCallBack()
[4712] 2014/12/31 09:56:42.985 CALL RegisterOnStopLossReportCallBack()
[4712] 2014/12/31 09:56:42.985 CALL RegisterOnOverseaFuturesCallBack()
[4712] 2014/12/31 09:56:42.985 CALL RegisterOnOverseaFutureOpenInterestCallBack()
[4712] 2014/12/31 09:56:42.985 CALL RegisterOnOverseaOptionsCallBack()
[4712] 2014/12/31 09:56:42.985 CALL RegisterOnFutureRightCallBack()
[4712] 2014/12/31 09:56:42.985 CALL RegisterOnCertCanceled()
[4712] 2014/12/31 09:56:42.985 CALL GetUserAccount()
[4712] 2014/12/31 09:56:42.985 TS,9186,9186,0213851,S122811334,½²¦¼´Ü,0,0
[4712] 2014/12/31 09:56:42.985 OS,9188,9188,0011491,S122811334,½²¦¼´Ü,0,0
[4712] 2014/12/31 09:56:42.985 TS,9188,9188,0259512,S122811334,½²¦¼´Ü,0,0
[4712] 2014/12/31 09:56:43.000 TF,F020000,000,9232116,S122811334,½²¦¼´Ü,0,0
[4712] 2014/12/31 09:56:43.000 OF,F020000,000,9232116,S122811334,½²¦¼´Ü,0,0
[4712] 2014/12/31 09:56:43.000 TF,F020000,000,9232129,S122811334,½²¦¼´Ü,0,0
[4712] 2014/12/31 09:56:43.016 OF,F020000,000,9232129,S122811334,½²¦¼´Ü,0,0
[4712] 2014/12/31 09:56:45.306 CALL SKOrderLib_ReadCertByID(S122811334)
[4360] 2014/12/31 09:57:05.893 SKOrderLib ª©¥» 2.1.22
[4360] 2014/12/31 09:57:05.893 Login ID: S122811334
[4360] 2014/12/31 09:57:10.326 CALL RegisterOnAccountCallBack()
[4360] 2014/12/31 09:57:10.326 CALL RegisterOnOrderAsyncReportCallBack()
[4360] 2014/12/31 09:57:10.326 CALL RegisterOnAccountWithLoginIDCallBack()
[4360] 2014/12/31 09:57:10.326 CALL RegisterOnRealBalanceReportCallBack()
[4360] 2014/12/31 09:57:10.326 CALL RegisterOnOpenInterestCallBack()
[4360] 2014/12/31 09:57:10.326 CALL RegisterOnStopLossReportCallBack()
[4360] 2014/12/31 09:57:10.326 CALL RegisterOnOverseaFuturesCallBack()
[4360] 2014/12/31 09:57:10.326 CALL RegisterOnOverseaFutureOpenInterestCallBack()
[4360] 2014/12/31 09:57:10.326 CALL RegisterOnOverseaOptionsCallBack()
[4360] 2014/12/31 09:57:10.326 CALL RegisterOnFutureRightCallBack()
[4360] 2014/12/31 09:57:10.326 CALL RegisterOnCertCanceled()
[4360] 2014/12/31 09:57:10.326 CALL GetUserAccount()
[4360] 2014/12/31 09:57:10.326 TS,9186,9186,0213851,S122811334,½²¦¼´Ü,0,0
[4360] 2014/12/31 09:57:10.326 OS,9188,9188,0011491,S122811334,½²¦¼´Ü,0,0
[4360] 2014/12/31 09:57:10.341 TS,9188,9188,0259512,S122811334,½²¦¼´Ü,0,0
[4360] 2014/12/31 09:57:10.341 TF,F020000,000,9232116,S122811334,½²¦¼´Ü,0,0
[4360] 2014/12/31 09:57:10.341 OF,F020000,000,9232116,S122811334,½²¦¼´Ü,0,0
[4360] 2014/12/31 09:57:10.357 TF,F020000,000,9232129,S122811334,½²¦¼´Ü,0,0
[4360] 2014/12/31 09:57:10.357 OF,F020000,000,9232129,S122811334,½²¦¼´Ü,0,0
[4360] 2014/12/31 09:57:12.505 CALL SKOrderLib_ReadCertByID(S122811334)
