[4068] 2014/12/30 01:26:08.705 SKOrderLib ª©¥» 2.1.22
[4068] 2014/12/30 01:26:08.705 Login ID: S122811334
[4068] 2014/12/30 01:26:19.611 CALL RegisterOnAccountCallBack()
[4068] 2014/12/30 01:26:20.298 CALL RegisterOnOrderAsyncReportCallBack()
[4068] 2014/12/30 01:26:20.548 CALL RegisterOnAccountWithLoginIDCallBack()
[4068] 2014/12/30 01:26:20.861 CALL RegisterOnRealBalanceReportCallBack()
[4068] 2014/12/30 01:26:21.236 CALL RegisterOnOpenInterestCallBack()
[4068] 2014/12/30 01:26:21.423 CALL RegisterOnStopLossReportCallBack()
[4068] 2014/12/30 01:26:21.673 CALL RegisterOnOverseaFuturesCallBack()
[4068] 2014/12/30 01:26:22.048 CALL RegisterOnOverseaFutureOpenInterestCallBack()
[4068] 2014/12/30 01:26:22.673 CALL RegisterOnOverseaOptionsCallBack()
[4068] 2014/12/30 01:26:23.673 CALL RegisterOnFutureRightCallBack()
[4068] 2014/12/30 01:26:24.048 CALL RegisterOnCertCanceled()
[4068] 2014/12/30 01:26:26.423 CALL GetUserAccount()
[4068] 2014/12/30 01:26:26.423 TS,9186,9186,0213851,S122811334,½²¦¼´Ü,0,0
[4532] 2014/12/30 01:29:11.392 SKOrderLib ª©¥» 2.1.22
[4532] 2014/12/30 01:29:11.392 Login ID: S122811334
[4532] 2014/12/30 01:29:13.002 CALL RegisterOnAccountCallBack()
[4532] 2014/12/30 01:29:13.002 CALL RegisterOnOrderAsyncReportCallBack()
[4532] 2014/12/30 01:29:13.017 CALL RegisterOnAccountWithLoginIDCallBack()
[4532] 2014/12/30 01:29:13.017 CALL RegisterOnRealBalanceReportCallBack()
[4532] 2014/12/30 01:29:13.017 CALL RegisterOnOpenInterestCallBack()
[4532] 2014/12/30 01:29:13.017 CALL RegisterOnStopLossReportCallBack()
[4532] 2014/12/30 01:29:13.017 CALL RegisterOnOverseaFuturesCallBack()
[4532] 2014/12/30 01:29:13.017 CALL RegisterOnOverseaFutureOpenInterestCallBack()
[4532] 2014/12/30 01:29:13.017 CALL RegisterOnOverseaOptionsCallBack()
[4532] 2014/12/30 01:29:13.017 CALL RegisterOnFutureRightCallBack()
[4532] 2014/12/30 01:29:13.033 CALL RegisterOnCertCanceled()
[4532] 2014/12/30 01:29:13.033 CALL GetUserAccount()
[4532] 2014/12/30 01:29:13.033 TS,9186,9186,0213851,S122811334,½²¦¼´Ü,0,0
[5744] 2014/12/30 01:33:17.533 SKOrderLib ª©¥» 2.1.22
[5744] 2014/12/30 01:33:17.533 Login ID: S122811334
[5744] 2014/12/30 01:33:19.220 CALL RegisterOnAccountCallBack()
[5744] 2014/12/30 01:33:19.220 CALL RegisterOnOrderAsyncReportCallBack()
[5744] 2014/12/30 01:33:19.236 CALL RegisterOnAccountWithLoginIDCallBack()
[5744] 2014/12/30 01:33:19.236 CALL RegisterOnRealBalanceReportCallBack()
[5744] 2014/12/30 01:33:19.236 CALL RegisterOnOpenInterestCallBack()
[5744] 2014/12/30 01:33:19.236 CALL RegisterOnStopLossReportCallBack()
[5744] 2014/12/30 01:33:19.236 CALL RegisterOnOverseaFuturesCallBack()
[5744] 2014/12/30 01:33:19.236 CALL RegisterOnOverseaFutureOpenInterestCallBack()
[5744] 2014/12/30 01:33:19.236 CALL RegisterOnOverseaOptionsCallBack()
[5744] 2014/12/30 01:33:19.236 CALL RegisterOnFutureRightCallBack()
[5744] 2014/12/30 01:33:19.252 CALL RegisterOnCertCanceled()
[5744] 2014/12/30 01:33:21.752 CALL GetUserAccount()
[5744] 2014/12/30 01:33:21.752 TS,9186,9186,0213851,S122811334,½²¦¼´Ü,0,0
[5144] 2014/12/30 01:36:53.939 SKOrderLib ª©¥» 2.1.22
[5144] 2014/12/30 01:36:53.939 Login ID: S122811334
[5144] 2014/12/30 01:36:55.470 CALL RegisterOnAccountCallBack()
[5144] 2014/12/30 01:36:55.470 CALL RegisterOnOrderAsyncReportCallBack()
[5144] 2014/12/30 01:36:55.470 CALL RegisterOnAccountWithLoginIDCallBack()
[5144] 2014/12/30 01:36:55.470 CALL RegisterOnRealBalanceReportCallBack()
[5144] 2014/12/30 01:36:55.486 CALL RegisterOnOpenInterestCallBack()
[5144] 2014/12/30 01:36:55.486 CALL RegisterOnStopLossReportCallBack()
[5144] 2014/12/30 01:36:55.486 CALL RegisterOnOverseaFuturesCallBack()
[5144] 2014/12/30 01:36:55.486 CALL RegisterOnOverseaFutureOpenInterestCallBack()
[5144] 2014/12/30 01:36:55.486 CALL RegisterOnOverseaOptionsCallBack()
[5144] 2014/12/30 01:36:55.486 CALL RegisterOnFutureRightCallBack()
[5144] 2014/12/30 01:36:55.486 CALL RegisterOnCertCanceled()
[5144] 2014/12/30 01:36:57.298 CALL GetUserAccount()
[5144] 2014/12/30 01:36:57.298 TS,9186,9186,0213851,S122811334,½²¦¼´Ü,0,0
[4612] 2014/12/30 01:40:44.455 SKOrderLib ª©¥» 2.1.22
[4612] 2014/12/30 01:40:44.455 Login ID: S122811334
[4612] 2014/12/30 01:40:45.845 CALL RegisterOnAccountCallBack()
[4612] 2014/12/30 01:40:45.845 CALL RegisterOnOrderAsyncReportCallBack()
[4612] 2014/12/30 01:40:45.845 CALL RegisterOnAccountWithLoginIDCallBack()
[4612] 2014/12/30 01:40:45.861 CALL RegisterOnRealBalanceReportCallBack()
[4612] 2014/12/30 01:40:45.861 CALL RegisterOnOpenInterestCallBack()
[4612] 2014/12/30 01:40:45.861 CALL RegisterOnStopLossReportCallBack()
[4612] 2014/12/30 01:40:45.861 CALL RegisterOnOverseaFuturesCallBack()
[4612] 2014/12/30 01:40:45.861 CALL RegisterOnOverseaFutureOpenInterestCallBack()
[4612] 2014/12/30 01:40:45.861 CALL RegisterOnOverseaOptionsCallBack()
[4612] 2014/12/30 01:40:45.861 CALL RegisterOnFutureRightCallBack()
[4612] 2014/12/30 01:40:45.861 CALL RegisterOnCertCanceled()
[4612] 2014/12/30 01:40:47.127 CALL GetUserAccount()
[4612] 2014/12/30 01:40:47.127 TS,9186,9186,0213851,S122811334,½²¦¼´Ü,0,0
[1040] 2014/12/30 01:43:13.361 SKOrderLib ª©¥» 2.1.22
[1040] 2014/12/30 01:43:13.361 Login ID: S122811334
[1040] 2014/12/30 01:43:16.673 CALL RegisterOnAccountCallBack()
[1040] 2014/12/30 01:43:16.673 CALL RegisterOnOrderAsyncReportCallBack()
[1040] 2014/12/30 01:43:16.673 CALL RegisterOnAccountWithLoginIDCallBack()
[1040] 2014/12/30 01:43:16.689 CALL RegisterOnRealBalanceReportCallBack()
[1040] 2014/12/30 01:43:16.689 CALL RegisterOnOpenInterestCallBack()
[1040] 2014/12/30 01:43:16.689 CALL RegisterOnStopLossReportCallBack()
[1040] 2014/12/30 01:43:16.689 CALL RegisterOnOverseaFuturesCallBack()
[1040] 2014/12/30 01:43:16.689 CALL RegisterOnOverseaFutureOpenInterestCallBack()
[1040] 2014/12/30 01:43:16.689 CALL RegisterOnOverseaOptionsCallBack()
[1040] 2014/12/30 01:43:16.689 CALL RegisterOnFutureRightCallBack()
[1040] 2014/12/30 01:43:16.689 CALL RegisterOnCertCanceled()
[1040] 2014/12/30 01:43:18.720 CALL GetUserAccount()
[1040] 2014/12/30 01:43:18.720 TS,9186,9186,0213851,S122811334,½²¦¼´Ü,0,0
[5520] 2014/12/30 01:48:51.861 SKOrderLib ª©¥» 2.1.22
[5520] 2014/12/30 01:48:51.861 Login ID: S122811334
[5520] 2014/12/30 01:48:55.548 CALL RegisterOnAccountCallBack()
[5520] 2014/12/30 01:48:55.548 CALL RegisterOnOrderAsyncReportCallBack()
[5520] 2014/12/30 01:48:55.548 CALL RegisterOnAccountWithLoginIDCallBack()
[5520] 2014/12/30 01:48:55.564 CALL RegisterOnRealBalanceReportCallBack()
[5520] 2014/12/30 01:48:55.564 CALL RegisterOnOpenInterestCallBack()
[5520] 2014/12/30 01:48:55.564 CALL RegisterOnStopLossReportCallBack()
[5520] 2014/12/30 01:48:55.564 CALL RegisterOnOverseaFuturesCallBack()
[5520] 2014/12/30 01:48:55.564 CALL RegisterOnOverseaFutureOpenInterestCallBack()
[5520] 2014/12/30 01:48:55.564 CALL RegisterOnOverseaOptionsCallBack()
[5520] 2014/12/30 01:48:55.564 CALL RegisterOnFutureRightCallBack()
[5520] 2014/12/30 01:48:55.564 CALL RegisterOnCertCanceled()
[5520] 2014/12/30 01:48:58.142 CALL GetUserAccount()
[5520] 2014/12/30 01:48:58.142 TS,9186,9186,0213851,S122811334,½²¦¼´Ü,0,0
[1608] 2014/12/30 01:52:19.580 SKOrderLib ª©¥» 2.1.22
[1608] 2014/12/30 01:52:19.580 Login ID: S122811334
[1608] 2014/12/30 01:52:23.033 CALL RegisterOnAccountCallBack()
[1608] 2014/12/30 01:52:23.033 CALL RegisterOnOrderAsyncReportCallBack()
[1608] 2014/12/30 01:52:23.033 CALL RegisterOnAccountWithLoginIDCallBack()
[1608] 2014/12/30 01:52:23.033 CALL RegisterOnRealBalanceReportCallBack()
[1608] 2014/12/30 01:52:23.048 CALL RegisterOnOpenInterestCallBack()
[1608] 2014/12/30 01:52:23.048 CALL RegisterOnStopLossReportCallBack()
[1608] 2014/12/30 01:52:23.048 CALL RegisterOnOverseaFuturesCallBack()
[1608] 2014/12/30 01:52:23.048 CALL RegisterOnOverseaFutureOpenInterestCallBack()
[1608] 2014/12/30 01:52:23.048 CALL RegisterOnOverseaOptionsCallBack()
[1608] 2014/12/30 01:52:23.048 CALL RegisterOnFutureRightCallBack()
[1608] 2014/12/30 01:52:23.048 CALL RegisterOnCertCanceled()
[1608] 2014/12/30 01:52:26.173 CALL GetUserAccount()
[1608] 2014/12/30 01:52:26.173 TS,9186,9186,0213851,S122811334,½²¦¼´Ü,0,0
[4604] 2014/12/30 01:54:12.345 SKOrderLib ª©¥» 2.1.22
[4604] 2014/12/30 01:54:12.361 Login ID: S122811334
[4604] 2014/12/30 01:54:16.142 CALL RegisterOnAccountCallBack()
[4604] 2014/12/30 01:54:16.142 CALL RegisterOnOrderAsyncReportCallBack()
[4604] 2014/12/30 01:54:16.142 CALL RegisterOnAccountWithLoginIDCallBack()
[4604] 2014/12/30 01:54:16.142 CALL RegisterOnRealBalanceReportCallBack()
[4604] 2014/12/30 01:54:16.158 CALL RegisterOnOpenInterestCallBack()
[4604] 2014/12/30 01:54:16.158 CALL RegisterOnStopLossReportCallBack()
[4604] 2014/12/30 01:54:16.158 CALL RegisterOnOverseaFuturesCallBack()
[4604] 2014/12/30 01:54:16.158 CALL RegisterOnOverseaFutureOpenInterestCallBack()
[4604] 2014/12/30 01:54:16.158 CALL RegisterOnOverseaOptionsCallBack()
[4604] 2014/12/30 01:54:16.158 CALL RegisterOnFutureRightCallBack()
[4604] 2014/12/30 01:54:16.158 CALL RegisterOnCertCanceled()
[4604] 2014/12/30 01:54:18.220 CALL GetUserAccount()
[4604] 2014/12/30 01:54:18.220 TS,9186,9186,0213851,S122811334,½²¦¼´Ü,0,0
[5960] 2014/12/30 01:56:43.673 SKOrderLib ª©¥» 2.1.22
[5960] 2014/12/30 01:56:43.673 Login ID: S122811334
[5960] 2014/12/30 01:56:47.158 CALL RegisterOnAccountCallBack()
[5960] 2014/12/30 01:56:47.158 CALL RegisterOnOrderAsyncReportCallBack()
[5960] 2014/12/30 01:56:47.158 CALL RegisterOnAccountWithLoginIDCallBack()
[5960] 2014/12/30 01:56:47.173 CALL RegisterOnRealBalanceReportCallBack()
[5960] 2014/12/30 01:56:47.173 CALL RegisterOnOpenInterestCallBack()
[5960] 2014/12/30 01:56:47.173 CALL RegisterOnStopLossReportCallBack()
[5960] 2014/12/30 01:56:47.173 CALL RegisterOnOverseaFuturesCallBack()
[5960] 2014/12/30 01:56:47.173 CALL RegisterOnOverseaFutureOpenInterestCallBack()
[5960] 2014/12/30 01:56:47.173 CALL RegisterOnOverseaOptionsCallBack()
[5960] 2014/12/30 01:56:47.173 CALL RegisterOnFutureRightCallBack()
[5960] 2014/12/30 01:56:47.173 CALL RegisterOnCertCanceled()
[5960] 2014/12/30 01:56:49.923 CALL GetUserAccount()
[5960] 2014/12/30 01:56:49.923 TS,9186,9186,0213851,S122811334,½²¦¼´Ü,0,0
[5164] 2014/12/30 02:16:05.033 SKOrderLib ª©¥» 2.1.22
[5164] 2014/12/30 02:16:05.033 Login ID: S122811334
[5164] 2014/12/30 02:16:10.314 CALL RegisterOnAccountCallBack()
[5164] 2014/12/30 02:16:10.314 CALL RegisterOnOrderAsyncReportCallBack()
[5164] 2014/12/30 02:16:10.314 CALL RegisterOnAccountWithLoginIDCallBack()
[5164] 2014/12/30 02:16:10.330 CALL RegisterOnRealBalanceReportCallBack()
[5164] 2014/12/30 02:16:10.330 CALL RegisterOnOpenInterestCallBack()
[5164] 2014/12/30 02:16:10.330 CALL RegisterOnStopLossReportCallBack()
[5164] 2014/12/30 02:16:10.330 CALL RegisterOnOverseaFuturesCallBack()
[5164] 2014/12/30 02:16:10.330 CALL RegisterOnOverseaFutureOpenInterestCallBack()
[5164] 2014/12/30 02:16:10.330 CALL RegisterOnOverseaOptionsCallBack()
[5164] 2014/12/30 02:16:10.330 CALL RegisterOnFutureRightCallBack()
[5164] 2014/12/30 02:16:10.330 CALL RegisterOnCertCanceled()
[5164] 2014/12/30 02:16:11.720 CALL GetUserAccount()
[5164] 2014/12/30 02:16:11.720 TS,9186,9186,0213851,S122811334,½²¦¼´Ü,0,0
[5276] 2014/12/30 02:18:52.158 SKOrderLib ª©¥» 2.1.22
[5276] 2014/12/30 02:18:52.158 Login ID: S122811334
[5276] 2014/12/30 02:18:56.908 CALL RegisterOnAccountCallBack()
[5276] 2014/12/30 02:18:56.908 CALL RegisterOnOrderAsyncReportCallBack()
[5276] 2014/12/30 02:18:56.908 CALL RegisterOnAccountWithLoginIDCallBack()
[5276] 2014/12/30 02:18:56.923 CALL RegisterOnRealBalanceReportCallBack()
[5276] 2014/12/30 02:18:56.923 CALL RegisterOnOpenInterestCallBack()
[5276] 2014/12/30 02:18:56.923 CALL RegisterOnStopLossReportCallBack()
[5276] 2014/12/30 02:18:56.923 CALL RegisterOnOverseaFuturesCallBack()
[5276] 2014/12/30 02:18:56.923 CALL RegisterOnOverseaFutureOpenInterestCallBack()
[5276] 2014/12/30 02:18:56.923 CALL RegisterOnOverseaOptionsCallBack()
[5276] 2014/12/30 02:18:56.923 CALL RegisterOnFutureRightCallBack()
[5276] 2014/12/30 02:18:56.923 CALL RegisterOnCertCanceled()
[5276] 2014/12/30 02:18:58.564 CALL GetUserAccount()
[5276] 2014/12/30 02:18:58.564 TS,9186,9186,0213851,S122811334,½²¦¼´Ü,0,0
[940] 2014/12/30 02:21:25.205 SKOrderLib ª©¥» 2.1.22
[940] 2014/12/30 02:21:25.205 Login ID: S122811334
[940] 2014/12/30 02:21:28.986 CALL RegisterOnAccountCallBack()
[940] 2014/12/30 02:21:28.986 CALL RegisterOnOrderAsyncReportCallBack()
[940] 2014/12/30 02:21:28.986 CALL RegisterOnAccountWithLoginIDCallBack()
[940] 2014/12/30 02:21:29.002 CALL RegisterOnRealBalanceReportCallBack()
[940] 2014/12/30 02:21:29.002 CALL RegisterOnOpenInterestCallBack()
[940] 2014/12/30 02:21:29.002 CALL RegisterOnStopLossReportCallBack()
[940] 2014/12/30 02:21:29.002 CALL RegisterOnOverseaFuturesCallBack()
[940] 2014/12/30 02:21:29.002 CALL RegisterOnOverseaFutureOpenInterestCallBack()
[940] 2014/12/30 02:21:29.002 CALL RegisterOnOverseaOptionsCallBack()
[940] 2014/12/30 02:21:29.002 CALL RegisterOnFutureRightCallBack()
[940] 2014/12/30 02:21:29.002 CALL RegisterOnCertCanceled()
[940] 2014/12/30 02:21:31.392 CALL GetUserAccount()
[940] 2014/12/30 02:21:31.392 TS,9186,9186,0213851,S122811334,½²¦¼´Ü,0,0
[5876] 2014/12/30 02:42:02.158 SKOrderLib ª©¥» 2.1.22
[5876] 2014/12/30 02:42:02.158 Login ID: S122811334
[5876] 2014/12/30 02:42:06.080 CALL RegisterOnAccountCallBack()
[5876] 2014/12/30 02:42:06.080 CALL RegisterOnOrderAsyncReportCallBack()
[5876] 2014/12/30 02:42:06.080 CALL RegisterOnAccountWithLoginIDCallBack()
[5876] 2014/12/30 02:42:06.080 CALL RegisterOnRealBalanceReportCallBack()
[5876] 2014/12/30 02:42:06.095 CALL RegisterOnOpenInterestCallBack()
[5876] 2014/12/30 02:42:06.095 CALL RegisterOnStopLossReportCallBack()
[5876] 2014/12/30 02:42:06.095 CALL RegisterOnOverseaFuturesCallBack()
[5876] 2014/12/30 02:42:06.095 CALL RegisterOnOverseaFutureOpenInterestCallBack()
[5876] 2014/12/30 02:42:06.095 CALL RegisterOnOverseaOptionsCallBack()
[5876] 2014/12/30 02:42:06.095 CALL RegisterOnFutureRightCallBack()
[5876] 2014/12/30 02:42:06.095 CALL RegisterOnCertCanceled()
[5876] 2014/12/30 02:42:10.908 CALL GetUserAccount()
[5876] 2014/12/30 02:42:10.908 TS,9186,9186,0213851,S122811334,½²¦¼´Ü,0,0
[5712] 2014/12/30 14:37:22.239 SKOrderLib ª©¥» 2.1.22
[5712] 2014/12/30 14:37:22.239 Login ID: S122811334
[5712] 2014/12/30 14:37:28.341 CALL RegisterOnAccountCallBack()
[5712] 2014/12/30 14:37:28.341 CALL RegisterOnOrderAsyncReportCallBack()
[5712] 2014/12/30 14:37:28.341 CALL RegisterOnAccountWithLoginIDCallBack()
[5712] 2014/12/30 14:37:28.341 CALL RegisterOnRealBalanceReportCallBack()
[5712] 2014/12/30 14:37:28.341 CALL RegisterOnOpenInterestCallBack()
[5712] 2014/12/30 14:37:28.341 CALL RegisterOnStopLossReportCallBack()
[5712] 2014/12/30 14:37:28.341 CALL RegisterOnOverseaFuturesCallBack()
[5712] 2014/12/30 14:37:28.341 CALL RegisterOnOverseaFutureOpenInterestCallBack()
[5712] 2014/12/30 14:37:28.341 CALL RegisterOnOverseaOptionsCallBack()
[5712] 2014/12/30 14:37:28.341 CALL RegisterOnFutureRightCallBack()
[5712] 2014/12/30 14:37:28.341 CALL RegisterOnCertCanceled()
[5712] 2014/12/30 14:37:28.341 CALL GetUserAccount()
[5712] 2014/12/30 14:37:28.341 TS,9186,9186,0213851,S122811334,½²¦¼´Ü,0,0
[5712] 2014/12/30 14:38:55.497 OS,9188,9188,0011491,S122811334,½²¦¼´Ü,0,0
[5712] 2014/12/30 14:39:04.016 TS,9188,9188,0259512,S122811334,½²¦¼´Ü,0,0
[5712] 2014/12/30 14:39:08.645 TF,F020000,000,9232116,S122811334,½²¦¼´Ü,0,0
[5712] 2014/12/30 14:39:14.088 OF,F020000,000,9232116,S122811334,½²¦¼´Ü,0,0
[5712] 2014/12/30 14:39:30.507 TF,F020000,000,9232129,S122811334,½²¦¼´Ü,0,0
[5712] 2014/12/30 14:39:48.115 OF,F020000,000,9232129,S122811334,½²¦¼´Ü,0,0
[5712] 2014/12/30 14:39:54.388 CALL SKOrderLib_ReadCertByID(S122811334)
[4552] 2014/12/30 14:43:40.686 SKOrderLib ª©¥» 2.1.22
[4552] 2014/12/30 14:43:40.686 Login ID: S122811334
[4552] 2014/12/30 14:43:45.862 CALL RegisterOnAccountCallBack()
[4552] 2014/12/30 14:43:45.862 CALL RegisterOnOrderAsyncReportCallBack()
[4552] 2014/12/30 14:43:45.862 CALL RegisterOnAccountWithLoginIDCallBack()
[4552] 2014/12/30 14:43:45.862 CALL RegisterOnRealBalanceReportCallBack()
[4552] 2014/12/30 14:43:45.862 CALL RegisterOnOpenInterestCallBack()
[4552] 2014/12/30 14:43:45.862 CALL RegisterOnStopLossReportCallBack()
[4552] 2014/12/30 14:43:45.862 CALL RegisterOnOverseaFuturesCallBack()
[4552] 2014/12/30 14:43:45.878 CALL RegisterOnOverseaFutureOpenInterestCallBack()
[4552] 2014/12/30 14:43:45.878 CALL RegisterOnOverseaOptionsCallBack()
[4552] 2014/12/30 14:43:45.878 CALL RegisterOnFutureRightCallBack()
[4552] 2014/12/30 14:43:45.878 CALL RegisterOnCertCanceled()
[4552] 2014/12/30 14:43:45.878 CALL GetUserAccount()
[4552] 2014/12/30 14:43:45.878 TS,9186,9186,0213851,S122811334,½²¦¼´Ü,0,0
[4552] 2014/12/30 14:43:56.765 OS,9188,9188,0011491,S122811334,½²¦¼´Ü,0,0
[4552] 2014/12/30 14:44:06.355 TS,9188,9188,0259512,S122811334,½²¦¼´Ü,0,0
[4552] 2014/12/30 14:44:11.704 TF,F020000,000,9232116,S122811334,½²¦¼´Ü,0,0
[4552] 2014/12/30 14:44:24.244 OF,F020000,000,9232116,S122811334,½²¦¼´Ü,0,0
[4552] 2014/12/30 14:44:24.244 TF,F020000,000,9232129,S122811334,½²¦¼´Ü,0,0
[4552] 2014/12/30 14:44:24.259 OF,F020000,000,9232129,S122811334,½²¦¼´Ü,0,0
[4552] 2014/12/30 14:44:26.619 CALL SKOrderLib_ReadCertByID(S122811334)
[4552] 2014/12/30 14:48:12.593 SKOrderLib ª©¥» 2.1.22
[4552] 2014/12/30 14:48:12.593 Login ID: S122811334
[4552] 2014/12/30 14:48:36.409 SKOrderLib ª©¥» 2.1.22
[4552] 2014/12/30 14:48:36.409 Login ID: S122811334
[1432] 2014/12/30 14:49:16.959 SKOrderLib ª©¥» 2.1.22
[1432] 2014/12/30 14:49:16.959 Login ID: S122811334
[1432] 2014/12/30 14:49:23.231 CALL RegisterOnAccountCallBack()
[1432] 2014/12/30 14:49:23.231 CALL RegisterOnOrderAsyncReportCallBack()
[1432] 2014/12/30 14:49:23.231 CALL RegisterOnAccountWithLoginIDCallBack()
[1432] 2014/12/30 14:49:23.231 CALL RegisterOnRealBalanceReportCallBack()
[1432] 2014/12/30 14:49:23.231 CALL RegisterOnOpenInterestCallBack()
[1432] 2014/12/30 14:49:23.231 CALL RegisterOnStopLossReportCallBack()
[1432] 2014/12/30 14:49:23.231 CALL RegisterOnOverseaFuturesCallBack()
[1432] 2014/12/30 14:49:23.231 CALL RegisterOnOverseaFutureOpenInterestCallBack()
[1432] 2014/12/30 14:49:23.231 CALL RegisterOnOverseaOptionsCallBack()
[1432] 2014/12/30 14:49:23.231 CALL RegisterOnFutureRightCallBack()
[1432] 2014/12/30 14:49:23.231 CALL RegisterOnCertCanceled()
[1432] 2014/12/30 14:49:23.231 CALL GetUserAccount()
[1432] 2014/12/30 14:49:23.231 TS,9186,9186,0213851,S122811334,½²¦¼´Ü,0,0
[1432] 2014/12/30 14:49:23.231 OS,9188,9188,0011491,S122811334,½²¦¼´Ü,0,0
[1432] 2014/12/30 14:49:23.246 TS,9188,9188,0259512,S122811334,½²¦¼´Ü,0,0
[1432] 2014/12/30 14:49:23.246 TF,F020000,000,9232116,S122811334,½²¦¼´Ü,0,0
[1432] 2014/12/30 14:49:23.246 OF,F020000,000,9232116,S122811334,½²¦¼´Ü,0,0
[1432] 2014/12/30 14:49:23.262 TF,F020000,000,9232129,S122811334,½²¦¼´Ü,0,0
[1432] 2014/12/30 14:49:25.826 OF,F020000,000,9232129,S122811334,½²¦¼´Ü,0,0
[1432] 2014/12/30 14:49:28.135 CALL SKOrderLib_ReadCertByID(S122811334)
[1432] 2014/12/30 14:49:53.577 SKOrderLib ª©¥» 2.1.22
[1432] 2014/12/30 14:49:53.577 Login ID: S122811334
[3036] 2014/12/30 15:16:27.321 SKOrderLib ª©¥» 2.1.22
[3036] 2014/12/30 15:16:27.321 Login ID: S122811334
[3036] 2014/12/30 15:16:37.637 CALL RegisterOnAccountCallBack()
[3036] 2014/12/30 15:16:37.637 CALL RegisterOnOrderAsyncReportCallBack()
[3036] 2014/12/30 15:16:37.638 CALL RegisterOnAccountWithLoginIDCallBack()
[3036] 2014/12/30 15:16:37.638 CALL RegisterOnRealBalanceReportCallBack()
[3036] 2014/12/30 15:16:37.639 CALL RegisterOnOpenInterestCallBack()
[3036] 2014/12/30 15:16:37.639 CALL RegisterOnStopLossReportCallBack()
[3036] 2014/12/30 15:16:37.639 CALL RegisterOnOverseaFuturesCallBack()
[3036] 2014/12/30 15:16:37.640 CALL RegisterOnOverseaFutureOpenInterestCallBack()
[3036] 2014/12/30 15:16:37.640 CALL RegisterOnOverseaOptionsCallBack()
[3036] 2014/12/30 15:16:37.641 CALL RegisterOnFutureRightCallBack()
[3036] 2014/12/30 15:16:37.641 CALL RegisterOnCertCanceled()
[3036] 2014/12/30 15:16:37.642 CALL GetUserAccount()
[3036] 2014/12/30 15:16:37.642 TS,9186,9186,0213851,S122811334,½²¦¼´Ü,0,0
[3036] 2014/12/30 15:16:52.354 OS,9188,9188,0011491,S122811334,½²¦¼´Ü,0,0
[3036] 2014/12/30 15:17:00.101 TS,9188,9188,0259512,S122811334,½²¦¼´Ü,0,0
[3036] 2014/12/30 15:17:02.994 TF,F020000,000,9232116,S122811334,½²¦¼´Ü,0,0
[3036] 2014/12/30 15:17:04.626 OF,F020000,000,9232116,S122811334,½²¦¼´Ü,0,0
[3036] 2014/12/30 15:17:07.178 TF,F020000,000,9232129,S122811334,½²¦¼´Ü,0,0
[3036] 2014/12/30 15:17:29.481 OF,F020000,000,9232129,S122811334,½²¦¼´Ü,0,0
[3036] 2014/12/30 15:17:34.045 CALL SKOrderLib_ReadCertByID(S122811334)
[3036] 2014/12/30 15:17:59.590 SKOrderLib ª©¥» 2.1.22
[3036] 2014/12/30 15:17:59.590 Login ID: S122811334
[3036] 2014/12/30 15:18:05.592 CALL RegisterOnAccountCallBack()
[3036] 2014/12/30 15:18:15.208 CALL RegisterOnOrderAsyncReportCallBack()
[3036] 2014/12/30 15:18:16.146 CALL RegisterOnAccountWithLoginIDCallBack()
[3036] 2014/12/30 15:18:16.715 CALL RegisterOnRealBalanceReportCallBack()
[3036] 2014/12/30 15:18:17.411 CALL RegisterOnOpenInterestCallBack()
[3036] 2014/12/30 15:18:18.470 CALL RegisterOnStopLossReportCallBack()
[3036] 2014/12/30 15:18:20.167 CALL RegisterOnOverseaFuturesCallBack()
[3036] 2014/12/30 15:18:25.797 CALL RegisterOnOverseaFutureOpenInterestCallBack()
[3036] 2014/12/30 15:18:26.239 CALL RegisterOnOverseaOptionsCallBack()
[3036] 2014/12/30 15:18:26.735 CALL RegisterOnFutureRightCallBack()
[3036] 2014/12/30 15:18:27.477 CALL RegisterOnCertCanceled()
[3036] 2014/12/30 15:18:33.752 CALL GetUserAccount()
[3036] 2014/12/30 15:18:33.752 TS,9186,9186,0213851,S122811334,½²¦¼´Ü,0,0
[3036] 2014/12/30 15:18:42.986 OS,9188,9188,0011491,S122811334,½²¦¼´Ü,0,0
[3036] 2014/12/30 15:18:44.820 TS,9188,9188,0259512,S122811334,½²¦¼´Ü,0,0
[3036] 2014/12/30 15:18:49.496 TF,F020000,000,9232116,S122811334,½²¦¼´Ü,0,0
[3036] 2014/12/30 15:19:01.288 OF,F020000,000,9232116,S122811334,½²¦¼´Ü,0,0
[3036] 2014/12/30 15:19:01.350 TF,F020000,000,9232129,S122811334,½²¦¼´Ü,0,0
[3036] 2014/12/30 15:19:01.366 OF,F020000,000,9232129,S122811334,½²¦¼´Ü,0,0
[3036] 2014/12/30 15:19:03.626 CALL SKOrderLib_ReadCertByID(S122811334)
[3036] 2014/12/30 15:25:54.308 CALL SendFutureOrderAsync(F0200009232116,TX00,0,0,1,9800,1)
[3036] 2014/12/30 15:29:38.037 CALL SendFutureOrderAsync(F0200009232129,TX00,0,0,1,9810,1)
[3600] 2014/12/30 15:38:01.326 SKOrderLib ª©¥» 2.1.22
[3600] 2014/12/30 15:38:01.326 Login ID: S122811334
[3600] 2014/12/30 15:38:08.361 CALL RegisterOnAccountCallBack()
[3600] 2014/12/30 15:38:08.361 CALL RegisterOnOrderAsyncReportCallBack()
[3600] 2014/12/30 15:38:08.364 CALL RegisterOnAccountWithLoginIDCallBack()
[3600] 2014/12/30 15:38:08.364 CALL RegisterOnRealBalanceReportCallBack()
[3600] 2014/12/30 15:38:08.364 CALL RegisterOnOpenInterestCallBack()
[3600] 2014/12/30 15:38:08.364 CALL RegisterOnStopLossReportCallBack()
[3600] 2014/12/30 15:38:08.364 CALL RegisterOnOverseaFuturesCallBack()
[3600] 2014/12/30 15:38:08.364 CALL RegisterOnOverseaFutureOpenInterestCallBack()
[3600] 2014/12/30 15:38:08.364 CALL RegisterOnOverseaOptionsCallBack()
[3600] 2014/12/30 15:38:08.364 CALL RegisterOnFutureRightCallBack()
[3600] 2014/12/30 15:38:08.364 CALL RegisterOnCertCanceled()
[3600] 2014/12/30 15:38:08.364 CALL GetUserAccount()
[3600] 2014/12/30 15:38:08.364 TS,9186,9186,0213851,S122811334,½²¦¼´Ü,0,0
[3600] 2014/12/30 15:38:08.379 OS,9188,9188,0011491,S122811334,½²¦¼´Ü,0,0
[3600] 2014/12/30 15:38:08.379 TS,9188,9188,0259512,S122811334,½²¦¼´Ü,0,0
[3600] 2014/12/30 15:38:08.395 TF,F020000,000,9232116,S122811334,½²¦¼´Ü,0,0
[3600] 2014/12/30 15:39:07.355 OF,F020000,000,9232116,S122811334,½²¦¼´Ü,0,0
[3600] 2014/12/30 15:39:07.371 TF,F020000,000,9232129,S122811334,½²¦¼´Ü,0,0
[3600] 2014/12/30 15:39:07.386 OF,F020000,000,9232129,S122811334,½²¦¼´Ü,0,0
[3600] 2014/12/30 15:39:09.950 CALL SKOrderLib_ReadCertByID(S122811334)
[2748] 2014/12/30 15:46:37.595 SKOrderLib ª©¥» 2.1.22
[2748] 2014/12/30 15:46:37.595 Login ID: S122811334
[2748] 2014/12/30 15:46:43.479 CALL RegisterOnAccountCallBack()
[2748] 2014/12/30 15:46:43.479 CALL RegisterOnOrderAsyncReportCallBack()
[2748] 2014/12/30 15:46:43.479 CALL RegisterOnAccountWithLoginIDCallBack()
[2748] 2014/12/30 15:46:43.479 CALL RegisterOnRealBalanceReportCallBack()
[2748] 2014/12/30 15:46:43.479 CALL RegisterOnOpenInterestCallBack()
[2748] 2014/12/30 15:46:43.479 CALL RegisterOnStopLossReportCallBack()
[2748] 2014/12/30 15:46:43.479 CALL RegisterOnOverseaFuturesCallBack()
[2748] 2014/12/30 15:46:43.479 CALL RegisterOnOverseaFutureOpenInterestCallBack()
[2748] 2014/12/30 15:46:43.479 CALL RegisterOnOverseaOptionsCallBack()
[2748] 2014/12/30 15:46:43.479 CALL RegisterOnFutureRightCallBack()
[2748] 2014/12/30 15:46:43.479 CALL RegisterOnCertCanceled()
[2748] 2014/12/30 15:46:43.479 CALL GetUserAccount()
[2748] 2014/12/30 15:46:43.479 TS,9186,9186,0213851,S122811334,½²¦¼´Ü,0,0
[2748] 2014/12/30 15:46:43.479 OS,9188,9188,0011491,S122811334,½²¦¼´Ü,0,0
[2748] 2014/12/30 15:46:43.479 TS,9188,9188,0259512,S122811334,½²¦¼´Ü,0,0
[2748] 2014/12/30 15:46:43.495 TF,F020000,000,9232116,S122811334,½²¦¼´Ü,0,0
[2748] 2014/12/30 15:46:43.495 OF,F020000,000,9232116,S122811334,½²¦¼´Ü,0,0
[2748] 2014/12/30 15:46:43.495 TF,F020000,000,9232129,S122811334,½²¦¼´Ü,0,0
[2748] 2014/12/30 15:46:46.532 OF,F020000,000,9232129,S122811334,½²¦¼´Ü,0,0
[2748] 2014/12/30 15:46:48.740 CALL SKOrderLib_ReadCertByID(S122811334)
[4868] 2014/12/30 16:08:06.970 SKOrderLib ª©¥» 2.1.22
[4868] 2014/12/30 16:08:06.970 Login ID: S122811334
[4868] 2014/12/30 16:08:16.029 CALL RegisterOnAccountCallBack()
[4868] 2014/12/30 16:08:16.029 CALL RegisterOnOrderAsyncReportCallBack()
[4868] 2014/12/30 16:08:16.029 CALL RegisterOnAccountWithLoginIDCallBack()
[4868] 2014/12/30 16:08:16.029 CALL RegisterOnRealBalanceReportCallBack()
[4868] 2014/12/30 16:08:16.029 CALL RegisterOnOpenInterestCallBack()
[4868] 2014/12/30 16:08:16.029 CALL RegisterOnStopLossReportCallBack()
[4868] 2014/12/30 16:08:16.029 CALL RegisterOnOverseaFuturesCallBack()
[4868] 2014/12/30 16:08:16.029 CALL RegisterOnOverseaFutureOpenInterestCallBack()
[4868] 2014/12/30 16:08:16.029 CALL RegisterOnOverseaOptionsCallBack()
[4868] 2014/12/30 16:08:16.029 CALL RegisterOnFutureRightCallBack()
[4868] 2014/12/30 16:08:16.029 CALL RegisterOnCertCanceled()
[4868] 2014/12/30 16:08:16.029 CALL GetUserAccount()
[4868] 2014/12/30 16:08:16.029 TS,9186,9186,0213851,S122811334,½²¦¼´Ü,0,0
[4868] 2014/12/30 16:08:16.029 OS,9188,9188,0011491,S122811334,½²¦¼´Ü,0,0
[4868] 2014/12/30 16:08:16.044 TS,9188,9188,0259512,S122811334,½²¦¼´Ü,0,0
[4868] 2014/12/30 16:08:16.044 TF,F020000,000,9232116,S122811334,½²¦¼´Ü,0,0
[4868] 2014/12/30 16:08:16.044 OF,F020000,000,9232116,S122811334,½²¦¼´Ü,0,0
[4868] 2014/12/30 16:08:16.060 TF,F020000,000,9232129,S122811334,½²¦¼´Ü,0,0
[4868] 2014/12/30 16:08:29.573 OF,F020000,000,9232129,S122811334,½²¦¼´Ü,0,0
[4868] 2014/12/30 16:08:31.753 CALL SKOrderLib_ReadCertByID(S122811334)
[4868] 2014/12/30 16:08:47.310 CALL SendFutureOrderAsync(F0200009232129,,65535,65535,65535,,0)
[3004] 2014/12/30 16:24:18.321 SKOrderLib ª©¥» 2.1.22
[3004] 2014/12/30 16:24:18.321 Login ID: S122811334
[3004] 2014/12/30 16:24:48.288 CALL RegisterOnAccountCallBack()
[3004] 2014/12/30 16:24:48.288 CALL RegisterOnOrderAsyncReportCallBack()
[3004] 2014/12/30 16:24:48.288 CALL RegisterOnAccountWithLoginIDCallBack()
[3004] 2014/12/30 16:24:48.288 CALL RegisterOnRealBalanceReportCallBack()
[3004] 2014/12/30 16:24:48.288 CALL RegisterOnOpenInterestCallBack()
[3004] 2014/12/30 16:24:48.288 CALL RegisterOnStopLossReportCallBack()
[3004] 2014/12/30 16:24:48.288 CALL RegisterOnOverseaFuturesCallBack()
[3004] 2014/12/30 16:24:48.288 CALL RegisterOnOverseaFutureOpenInterestCallBack()
[3004] 2014/12/30 16:24:48.288 CALL RegisterOnOverseaOptionsCallBack()
[3004] 2014/12/30 16:24:48.288 CALL RegisterOnFutureRightCallBack()
[3004] 2014/12/30 16:24:48.288 CALL RegisterOnCertCanceled()
[3004] 2014/12/30 16:25:08.491 CALL GetUserAccount()
[3004] 2014/12/30 16:25:08.491 TS,9186,9186,0213851,S122811334,½²¦¼´Ü,0,0
[3004] 2014/12/30 16:25:08.491 OS,9188,9188,0011491,S122811334,½²¦¼´Ü,0,0
[3004] 2014/12/30 16:25:08.506 TS,9188,9188,0259512,S122811334,½²¦¼´Ü,0,0
[3004] 2014/12/30 16:25:08.506 TF,F020000,000,9232116,S122811334,½²¦¼´Ü,0,0
[3004] 2014/12/30 16:25:08.522 OF,F020000,000,9232116,S122811334,½²¦¼´Ü,0,0
[3004] 2014/12/30 16:25:08.522 TF,F020000,000,9232129,S122811334,½²¦¼´Ü,0,0
[4280] 2014/12/30 16:28:01.416 SKOrderLib ª©¥» 2.1.22
[4280] 2014/12/30 16:28:01.416 Login ID: S122811334
[4280] 2014/12/30 16:28:08.093 CALL RegisterOnAccountCallBack()
[4280] 2014/12/30 16:28:08.093 CALL RegisterOnOrderAsyncReportCallBack()
[4280] 2014/12/30 16:28:08.093 CALL RegisterOnAccountWithLoginIDCallBack()
[4280] 2014/12/30 16:28:08.093 CALL RegisterOnRealBalanceReportCallBack()
[4280] 2014/12/30 16:28:08.093 CALL RegisterOnOpenInterestCallBack()
[4280] 2014/12/30 16:28:08.093 CALL RegisterOnStopLossReportCallBack()
[4280] 2014/12/30 16:28:08.093 CALL RegisterOnOverseaFuturesCallBack()
[4280] 2014/12/30 16:28:08.093 CALL RegisterOnOverseaFutureOpenInterestCallBack()
[4280] 2014/12/30 16:28:08.093 CALL RegisterOnOverseaOptionsCallBack()
[4280] 2014/12/30 16:28:08.093 CALL RegisterOnFutureRightCallBack()
[4280] 2014/12/30 16:28:08.093 CALL RegisterOnCertCanceled()
[4280] 2014/12/30 16:28:11.786 CALL GetUserAccount()
[4280] 2014/12/30 16:28:11.786 TS,9186,9186,0213851,S122811334,½²¦¼´Ü,0,0
[4280] 2014/12/30 16:28:19.205 OS,9188,9188,0011491,S122811334,½²¦¼´Ü,0,0
[4280] 2014/12/30 16:28:22.674 TS,9188,9188,0259512,S122811334,½²¦¼´Ü,0,0
[4280] 2014/12/30 16:28:23.548 TF,F020000,000,9232116,S122811334,½²¦¼´Ü,0,0
[4280] 2014/12/30 16:28:32.893 OF,F020000,000,9232116,S122811334,½²¦¼´Ü,0,0
[4280] 2014/12/30 16:28:35.092 TF,F020000,000,9232129,S122811334,½²¦¼´Ü,0,0
[4280] 2014/12/30 16:28:36.735 OF,F020000,000,9232129,S122811334,½²¦¼´Ü,0,0
[4280] 2014/12/30 16:28:40.132 CALL SKOrderLib_ReadCertByID(S122811334)
[4280] 2014/12/30 16:29:05.385 SKOrderLib ª©¥» 2.1.22
[4280] 2014/12/30 16:29:05.385 Login ID: S122811334
[4280] 2014/12/30 16:29:12.763 CALL GetUserAccount()
[4280] 2014/12/30 16:29:12.763 TS,9186,9186,0213851,S122811334,½²¦¼´Ü,0,0
[4280] 2014/12/30 16:30:42.756 OS,9188,9188,0011491,S122811334,½²¦¼´Ü,0,0
[4280] 2014/12/30 16:30:43.594 TS,9188,9188,0259512,S122811334,½²¦¼´Ü,0,0
[4280] 2014/12/30 16:30:44.544 TF,F020000,000,9232116,S122811334,½²¦¼´Ü,0,0
[4280] 2014/12/30 16:30:45.117 OF,F020000,000,9232116,S122811334,½²¦¼´Ü,0,0
[4280] 2014/12/30 16:30:46.051 TF,F020000,000,9232129,S122811334,½²¦¼´Ü,0,0
[4280] 2014/12/30 16:30:49.567 OF,F020000,000,9232129,S122811334,½²¦¼´Ü,0,0
[4280] 2014/12/30 16:30:51.893 CALL SKOrderLib_ReadCertByID(S122811334)
[3540] 2014/12/30 17:32:29.304 SKOrderLib ª©¥» 2.1.22
[3540] 2014/12/30 17:32:29.304 Login ID: S122811334
[3540] 2014/12/30 17:32:33.822 CALL RegisterOnAccountCallBack()
[3540] 2014/12/30 17:32:33.822 CALL RegisterOnOrderAsyncReportCallBack()
[3540] 2014/12/30 17:32:33.822 CALL RegisterOnAccountWithLoginIDCallBack()
[3540] 2014/12/30 17:32:33.822 CALL RegisterOnRealBalanceReportCallBack()
[3540] 2014/12/30 17:32:33.822 CALL RegisterOnOpenInterestCallBack()
[3540] 2014/12/30 17:32:33.822 CALL RegisterOnStopLossReportCallBack()
[3540] 2014/12/30 17:32:33.822 CALL RegisterOnOverseaFuturesCallBack()
[3540] 2014/12/30 17:32:33.822 CALL RegisterOnOverseaFutureOpenInterestCallBack()
[3540] 2014/12/30 17:32:33.822 CALL RegisterOnOverseaOptionsCallBack()
[3540] 2014/12/30 17:32:33.822 CALL RegisterOnFutureRightCallBack()
[3540] 2014/12/30 17:32:33.822 CALL RegisterOnCertCanceled()
[3540] 2014/12/30 17:32:35.025 CALL GetUserAccount()
[3540] 2014/12/30 17:32:35.025 TS,9186,9186,0213851,S122811334,½²¦¼´Ü,0,0
[3540] 2014/12/30 17:32:35.025 OS,9188,9188,0011491,S122811334,½²¦¼´Ü,0,0
[3540] 2014/12/30 17:32:35.025 TS,9188,9188,0259512,S122811334,½²¦¼´Ü,0,0
[3540] 2014/12/30 17:32:35.041 TF,F020000,000,9232116,S122811334,½²¦¼´Ü,0,0
[3540] 2014/12/30 17:32:35.041 OF,F020000,000,9232116,S122811334,½²¦¼´Ü,0,0
[3540] 2014/12/30 17:32:35.041 TF,F020000,000,9232129,S122811334,½²¦¼´Ü,0,0
[3540] 2014/12/30 17:32:44.971 OF,F020000,000,9232129,S122811334,½²¦¼´Ü,0,0
[3540] 2014/12/30 17:32:55.234 CALL SKOrderLib_ReadCertByID(S122811334)
[3540] 2014/12/30 17:33:06.717 SKOrderLib ª©¥» 2.1.22
[3540] 2014/12/30 17:33:06.717 Login ID: S122811334
[3540] 2014/12/30 17:33:08.299 CALL GetUserAccount()
[3540] 2014/12/30 17:33:08.299 TS,9186,9186,0213851,S122811334,½²¦¼´Ü,0,0
[3540] 2014/12/30 17:33:08.299 OS,9188,9188,0011491,S122811334,½²¦¼´Ü,0,0
[3540] 2014/12/30 17:33:08.299 TS,9188,9188,0259512,S122811334,½²¦¼´Ü,0,0
[3540] 2014/12/30 17:33:08.314 TF,F020000,000,9232116,S122811334,½²¦¼´Ü,0,0
[3540] 2014/12/30 17:33:11.449 OF,F020000,000,9232116,S122811334,½²¦¼´Ü,0,0
[3540] 2014/12/30 17:33:11.464 TF,F020000,000,9232129,S122811334,½²¦¼´Ü,0,0
[3540] 2014/12/30 17:33:11.480 OF,F020000,000,9232129,S122811334,½²¦¼´Ü,0,0
[3540] 2014/12/30 17:33:20.443 CALL SKOrderLib_ReadCertByID(S122811334)
