[2160] 2014/12/29 00:37:51.078 API InitInstance 
[2160] 2014/12/29 00:38:30.203 SKQuoteLib_Initialize ¡GS122811334
[2160] 2014/12/29 00:38:30.203 SKQuoteLib_Initialize ¡Ghttps://order2.capital.com.tw/
[2160] 2014/12/29 00:38:30.718 SKQuoteLib_Initialize ¡Ghttps://order3.capital.com.tw/
[568] 2014/12/29 00:40:00.421 API InitInstance 
[2160] 2014/12/29 00:42:51.531 API InitInstance 
[2160] 2014/12/29 00:43:05.921 SKQuoteLib_Initialize ¡GS122811334
[2160] 2014/12/29 00:43:05.921 SKQuoteLib_Initialize ¡Ghttps://order2.capital.com.tw/
[2160] 2014/12/29 00:43:06.375 SKQuoteLib_Initialize ¡Ghttps://order3.capital.com.tw/
[1220] 2014/12/29 00:43:41.875 API InitInstance 
[1220] 2014/12/29 00:43:52.500 SKQuoteLib_Initialize ¡GS122811334
[1220] 2014/12/29 00:43:52.500 SKQuoteLib_Initialize ¡Ghttps://order2.capital.com.tw/
[1220] 2014/12/29 00:43:52.953 SKQuoteLib_Initialize ¡Ghttps://order3.capital.com.tw/
[3872] 2014/12/29 02:05:30.281 API InitInstance 
[2296] 2014/12/29 02:06:12.546 API InitInstance 
[2296] 2014/12/29 02:07:03.781 SKQuoteLib_Initialize ¡GS122811334
[2296] 2014/12/29 02:07:03.781 SKQuoteLib_Initialize ¡Ghttps://order2.capital.com.tw/
[2296] 2014/12/29 02:07:04.296 SKQuoteLib_Initialize ¡Ghttps://order3.capital.com.tw/
[2516] 2014/12/29 02:09:17.437 API InitInstance 
[2516] 2014/12/29 02:09:48.359 SKQuoteLib_Initialize ¡GS122811334
[2516] 2014/12/29 02:09:48.359 SKQuoteLib_Initialize ¡Ghttps://order2.capital.com.tw/
[2516] 2014/12/29 02:09:48.812 SKQuoteLib_Initialize ¡Ghttps://order3.capital.com.tw/
[2168] 2014/12/29 02:10:45.531 API InitInstance 
[2168] 2014/12/29 02:11:11.078 SKQuoteLib_Initialize ¡GS122811334
[2168] 2014/12/29 02:11:11.078 SKQuoteLib_Initialize ¡Ghttps://order2.capital.com.tw/
[2168] 2014/12/29 02:11:11.593 SKQuoteLib_Initialize ¡Ghttps://order3.capital.com.tw/
[3720] 2014/12/29 02:24:49.250 API InitInstance 
[340] 2014/12/29 02:33:04.765 API InitInstance 
[340] 2014/12/29 02:33:26.328 SKQuoteLib_Initialize ¡GS122811334
[340] 2014/12/29 02:33:26.328 SKQuoteLib_Initialize ¡Ghttps://order2.capital.com.tw/
[340] 2014/12/29 02:33:26.843 SKQuoteLib_Initialize ¡Ghttps://order3.capital.com.tw/
[3260] 2014/12/29 02:43:26.687 API InitInstance 
[3260] 2014/12/29 02:43:37.859 SKQuoteLib_Initialize ¡G
[3260] 2014/12/29 02:43:37.859 SKQuoteLib_Initialize ¡Ghttps://order2.capital.com.tw/
[3260] 2014/12/29 02:43:38.343 SKQuoteLib_Initialize ¡Ghttps://order3.capital.com.tw/
[184] 2014/12/29 02:43:57.343 API InitInstance 
[184] 2014/12/29 02:44:12.218 SKQuoteLib_Initialize ¡G
[184] 2014/12/29 02:44:12.218 SKQuoteLib_Initialize ¡Ghttps://order2.capital.com.tw/
[184] 2014/12/29 02:44:12.687 SKQuoteLib_Initialize ¡Ghttps://order3.capital.com.tw/
[2304] 2014/12/29 02:44:33.453 API InitInstance 
[2304] 2014/12/29 02:45:03.281 SKQuoteLib_Initialize ¡G
[2304] 2014/12/29 02:45:03.281 SKQuoteLib_Initialize ¡Ghttps://order2.capital.com.tw/
[2304] 2014/12/29 02:45:03.828 SKQuoteLib_Initialize ¡Ghttps://order3.capital.com.tw/
[1100] 2014/12/29 02:47:02.125 API InitInstance 
[1100] 2014/12/29 02:47:15.875 SKQuoteLib_Initialize ¡G
[1100] 2014/12/29 02:47:15.875 SKQuoteLib_Initialize ¡Ghttps://order2.capital.com.tw/
[1100] 2014/12/29 02:47:16.453 SKQuoteLib_Initialize ¡Ghttps://order3.capital.com.tw/
[3500] 2014/12/29 02:50:45.390 API InitInstance 
[3500] 2014/12/29 02:51:00.921 SKQuoteLib_Initialize ¡G
[3500] 2014/12/29 02:51:00.921 SKQuoteLib_Initialize ¡Ghttps://order2.capital.com.tw/
[3500] 2014/12/29 02:51:01.421 SKQuoteLib_Initialize ¡Ghttps://order3.capital.com.tw/
[2484] 2014/12/29 03:07:58.546 API InitInstance 
[2484] 2014/12/29 03:08:05.703 SKQuoteLib_Initialize ¡G
[2484] 2014/12/29 03:08:05.703 SKQuoteLib_Initialize ¡Ghttps://order2.capital.com.tw/
[2484] 2014/12/29 03:08:06.281 SKQuoteLib_Initialize ¡Ghttps://order3.capital.com.tw/
[500] 2014/12/29 03:08:43.515 API InitInstance 
[500] 2014/12/29 03:08:50.609 SKQuoteLib_Initialize ¡G
[500] 2014/12/29 03:08:50.609 SKQuoteLib_Initialize ¡Ghttps://order2.capital.com.tw/
[500] 2014/12/29 03:08:51.187 SKQuoteLib_Initialize ¡Ghttps://order3.capital.com.tw/
[3460] 2014/12/29 03:10:03.890 API InitInstance 
[3460] 2014/12/29 03:10:22.062 SKQuoteLib_Initialize ¡G
[3460] 2014/12/29 03:10:22.062 SKQuoteLib_Initialize ¡Ghttps://order2.capital.com.tw/
[3460] 2014/12/29 03:10:22.656 SKQuoteLib_Initialize ¡Ghttps://order3.capital.com.tw/
[2160] 2014/12/29 03:14:56.218 API InitInstance 
[1760] 2014/12/29 03:15:43.078 API InitInstance 
[2524] 2014/12/29 03:16:28.078 API InitInstance 
[3344] 2014/12/29 11:00:46.656 API InitInstance 
[1676] 2014/12/29 11:04:08.359 API InitInstance 
[684] 2014/12/29 11:05:27.703 API InitInstance 
[684] 2014/12/29 11:05:44.796 SKQuoteLib_Initialize ¡G
[684] 2014/12/29 11:05:44.796 SKQuoteLib_Initialize ¡Ghttps://order2.capital.com.tw/
[684] 2014/12/29 11:05:45.296 SKQuoteLib_Initialize ¡Ghttps://order3.capital.com.tw/
[3632] 2014/12/29 11:06:57.781 API InitInstance 
[3632] 2014/12/29 11:07:09.531 SKQuoteLib_Initialize ¡G
[3632] 2014/12/29 11:07:09.531 SKQuoteLib_Initialize ¡Ghttps://order2.capital.com.tw/
[3632] 2014/12/29 11:07:10.078 SKQuoteLib_Initialize ¡Ghttps://order3.capital.com.tw/
[2952] 2014/12/29 11:08:37.562 API InitInstance 
[2952] 2014/12/29 11:08:47.812 SKQuoteLib_Initialize ¡G
[2952] 2014/12/29 11:08:47.812 SKQuoteLib_Initialize ¡Ghttps://order2.capital.com.tw/
[2952] 2014/12/29 11:08:48.406 SKQuoteLib_Initialize ¡Ghttps://order3.capital.com.tw/
[4060] 2014/12/29 12:46:26.828 API InitInstance 
[4060] 2014/12/29 12:47:12.843 API ExitInstance 
[1476] 2014/12/29 12:56:55.343 API InitInstance 
[3304] 2014/12/29 12:57:47.609 API InitInstance 
[2948] 2014/12/29 13:00:39.562 API InitInstance 
[2704] 2014/12/29 13:01:28.000 API InitInstance 
[2632] 2014/12/29 13:02:39.718 API InitInstance 
[2632] 2014/12/29 13:02:43.734 SKQuoteLib_Initialize ¡G
[2632] 2014/12/29 13:02:43.734 SKQuoteLib_Initialize ¡Ghttps://order2.capital.com.tw/
[2632] 2014/12/29 13:02:44.234 SKQuoteLib_Initialize ¡Ghttps://order3.capital.com.tw/
[3612] 2014/12/29 13:04:23.843 API InitInstance 
[3612] 2014/12/29 13:04:30.812 SKQuoteLib_Initialize ¡G
[3612] 2014/12/29 13:04:30.812 SKQuoteLib_Initialize ¡Ghttps://order2.capital.com.tw/
[3612] 2014/12/29 13:04:31.281 SKQuoteLib_Initialize ¡Ghttps://order3.capital.com.tw/
[1384] 2014/12/29 14:46:08.546 API InitInstance 
[1860] 2014/12/29 15:15:24.640 API InitInstance 
[3100] 2014/12/29 15:17:04.015 API InitInstance 
[2628] 2014/12/29 16:16:45.203 API InitInstance 
[2628] 2014/12/29 16:16:58.281 SKQuoteLib_Initialize ¡G
[2628] 2014/12/29 16:16:58.281 SKQuoteLib_Initialize ¡Ghttps://order2.capital.com.tw/
[2628] 2014/12/29 16:16:58.812 SKQuoteLib_Initialize ¡Ghttps://order3.capital.com.tw/
[3360] 2014/12/29 16:34:05.359 API InitInstance 
[3360] 2014/12/29 16:34:16.406 SKQuoteLib_Initialize ¡G
[3360] 2014/12/29 16:34:16.406 SKQuoteLib_Initialize ¡Ghttps://order2.capital.com.tw/
[3360] 2014/12/29 16:34:16.906 SKQuoteLib_Initialize ¡Ghttps://order3.capital.com.tw/
[756] 2014/12/29 16:35:27.578 API InitInstance 
[756] 2014/12/29 16:35:32.328 SKQuoteLib_Initialize ¡G
[756] 2014/12/29 16:35:32.328 SKQuoteLib_Initialize ¡Ghttps://order2.capital.com.tw/
[756] 2014/12/29 16:35:32.812 SKQuoteLib_Initialize ¡Ghttps://order3.capital.com.tw/
[2060] 2014/12/29 16:47:51.968 API InitInstance 
[464] 2014/12/29 21:51:58.877 API InitInstance 
