[6476] 2014/08/31 01:34:27.703 API InitInstance 
[6476] 2014/08/31 01:34:29.437 SKQuoteLib_Initialize ¡GS122811334
[6476] 2014/08/31 01:34:29.437 SKQuoteLib_Initialize ¡Ghttps://order2.capital.com.tw/
[6476] 2014/08/31 01:34:29.640 SKQuoteLib_Initialize ¡GS122811334
[6476] 2014/08/31 01:34:29.640 SKQuoteLib_Initialize ¡Ghttps://order2.capital.com.tw/
[6476] 2014/08/31 01:34:31.312 SKQuoteLib_Initialize  SUCCESS 
[6476] 2014/08/31 01:34:31.312 SKQuoteLib_AttachConnectionCallBack 
[6476] 2014/08/31 01:34:31.312 SKQuoteLib_AttachQuoteCallBack 
[6476] 2014/08/31 01:34:31.312 SKQuoteLib_AttachBest5CallBack 
[6476] 2014/08/31 01:34:31.312 SKQuoteLib_AttachTicksGetCallBack 
[6476] 2014/08/31 01:34:31.312 SKQuoteLib_AttachKLineDataCallBack 
[6476] 2014/08/31 01:34:31.312 SKQuoteLib_AttachMarketTotCallBack 
[6476] 2014/08/31 01:34:31.312 SKQuoteLib_Initialize  SUCCESS 
[6476] 2014/08/31 01:34:31.312 SKQuoteLib_AttachMarketBuySellCallBack 
[6476] 2014/08/31 01:34:31.312 SKQuoteLib_AttachConnectionCallBack 
[6476] 2014/08/31 01:34:31.312 SKQuoteLib_AttachMarketHighLowCallBack 
[6476] 2014/08/31 01:34:31.312 SKQuoteLib_AttachQuoteCallBack 
[6476] 2014/08/31 01:34:31.312 SKQuoteLib_AttachStrikePricesCallBack 
[6476] 2014/08/31 01:34:31.312 SKQuoteLib_AttachBest5CallBack 
[6476] 2014/08/31 01:34:31.312 SKQuoteLib_AttchServerTimeCallBack 
[6476] 2014/08/31 01:34:31.312 SKQuoteLib_AttachTicksGetCallBack 
[6476] 2014/08/31 01:34:31.312 SKQuoteLib_AttachHistoryTicksGetCallBack 
[6476] 2014/08/31 01:34:31.312 SKQuoteLib_AttachKLineDataCallBack 
[6476] 2014/08/31 01:34:31.312 SKQuoteLib_AttachProductsReadyCallBack 
[6476] 2014/08/31 01:34:31.328 SKQuoteLib_AttachMarketTotCallBack 
[6476] 2014/08/31 01:34:31.328 SKQuoteLib_AttachMarketBuySellCallBack 
[6476] 2014/08/31 01:34:31.328 SKQuoteLib_AttachMarketHighLowCallBack 
[6476] 2014/08/31 01:34:31.328 SKQuoteLib_AttachStrikePricesCallBack 
[6476] 2014/08/31 01:34:31.328 SKQuoteLib_AttchServerTimeCallBack 
[6476] 2014/08/31 01:34:31.328 SKQuoteLib_AttachHistoryTicksGetCallBack 
[6476] 2014/08/31 01:34:31.328 SKQuoteLib_AttachProductsReadyCallBack 
[6476] 2014/08/31 01:34:32.671 SKQuoteLib_EnterMonitor IP¡Ginfo10.capital.com.tw
[8096] 2014/08/31 01:41:16.250 API InitInstance 
[8096] 2014/08/31 01:41:19.140 SKQuoteLib_Initialize ¡GS122811334
[8096] 2014/08/31 01:41:19.140 SKQuoteLib_Initialize ¡Ghttps://order2.capital.com.tw/
[8096] 2014/08/31 01:41:19.187 SKQuoteLib_Initialize ¡GS122811334
[8096] 2014/08/31 01:41:19.187 SKQuoteLib_Initialize ¡Ghttps://order2.capital.com.tw/
[8096] 2014/08/31 01:41:20.140 SKQuoteLib_Initialize  SUCCESS 
[8096] 2014/08/31 01:41:20.140 SKQuoteLib_AttachConnectionCallBack 
[8096] 2014/08/31 01:41:20.140 SKQuoteLib_AttachQuoteCallBack 
[8096] 2014/08/31 01:41:20.140 SKQuoteLib_AttachBest5CallBack 
[8096] 2014/08/31 01:41:20.156 SKQuoteLib_AttachTicksGetCallBack 
[8096] 2014/08/31 01:41:20.156 SKQuoteLib_AttachKLineDataCallBack 
[8096] 2014/08/31 01:41:20.156 SKQuoteLib_AttachMarketTotCallBack 
[8096] 2014/08/31 01:41:20.156 SKQuoteLib_AttachMarketBuySellCallBack 
[8096] 2014/08/31 01:41:20.156 SKQuoteLib_AttachMarketHighLowCallBack 
[8096] 2014/08/31 01:41:20.156 SKQuoteLib_AttachStrikePricesCallBack 
[8096] 2014/08/31 01:41:20.156 SKQuoteLib_AttchServerTimeCallBack 
[8096] 2014/08/31 01:41:20.156 SKQuoteLib_Initialize  SUCCESS 
[8096] 2014/08/31 01:41:20.156 SKQuoteLib_AttachHistoryTicksGetCallBack 
[8096] 2014/08/31 01:41:20.156 SKQuoteLib_AttachConnectionCallBack 
[8096] 2014/08/31 01:41:20.156 SKQuoteLib_AttachProductsReadyCallBack 
[8096] 2014/08/31 01:41:20.156 SKQuoteLib_AttachQuoteCallBack 
[8096] 2014/08/31 01:41:20.156 SKQuoteLib_AttachBest5CallBack 
[8096] 2014/08/31 01:41:20.156 SKQuoteLib_AttachTicksGetCallBack 
[8096] 2014/08/31 01:41:20.156 SKQuoteLib_AttachKLineDataCallBack 
[8096] 2014/08/31 01:41:20.156 SKQuoteLib_AttachMarketTotCallBack 
[8096] 2014/08/31 01:41:20.156 SKQuoteLib_AttachMarketBuySellCallBack 
[8096] 2014/08/31 01:41:20.156 SKQuoteLib_AttachMarketHighLowCallBack 
[8096] 2014/08/31 01:41:20.156 SKQuoteLib_AttachStrikePricesCallBack 
[8096] 2014/08/31 01:41:20.156 SKQuoteLib_AttchServerTimeCallBack 
[8096] 2014/08/31 01:41:20.156 SKQuoteLib_AttachHistoryTicksGetCallBack 
[8096] 2014/08/31 01:41:20.156 SKQuoteLib_AttachProductsReadyCallBack 
[8096] 2014/08/31 01:41:21.437 SKQuoteLib_EnterMonitor IP¡Ginfo20.capital.com.tw
[4268] 2014/08/31 01:42:14.500 API InitInstance 
[4268] 2014/08/31 01:42:15.687 SKQuoteLib_Initialize ¡GS122811334
[4268] 2014/08/31 01:42:15.687 SKQuoteLib_Initialize ¡Ghttps://order2.capital.com.tw/
[4268] 2014/08/31 01:42:16.593 SKQuoteLib_Initialize  SUCCESS 
[4268] 2014/08/31 01:42:16.593 SKQuoteLib_AttachConnectionCallBack 
[4268] 2014/08/31 01:42:16.593 SKQuoteLib_AttachQuoteCallBack 
[4268] 2014/08/31 01:42:16.593 SKQuoteLib_AttachBest5CallBack 
[4268] 2014/08/31 01:42:16.593 SKQuoteLib_AttachTicksGetCallBack 
[4268] 2014/08/31 01:42:16.593 SKQuoteLib_AttachKLineDataCallBack 
[4268] 2014/08/31 01:42:16.593 SKQuoteLib_AttachMarketTotCallBack 
[4268] 2014/08/31 01:42:16.593 SKQuoteLib_AttachMarketBuySellCallBack 
[4268] 2014/08/31 01:42:16.593 SKQuoteLib_AttachMarketHighLowCallBack 
[4268] 2014/08/31 01:42:16.593 SKQuoteLib_AttachStrikePricesCallBack 
[4268] 2014/08/31 01:42:16.593 SKQuoteLib_AttchServerTimeCallBack 
[4268] 2014/08/31 01:42:16.593 SKQuoteLib_AttachHistoryTicksGetCallBack 
[4268] 2014/08/31 01:42:16.593 SKQuoteLib_AttachProductsReadyCallBack 
[4268] 2014/08/31 01:42:17.781 SKQuoteLib_EnterMonitor IP¡Ginfo20.capital.com.tw
[4268] 2014/08/31 01:42:17.796 SocketConnect Type¡G100  ErrorCode¡G0
[4268] 2014/08/31 01:42:36.984 Stocks Ready
[7528] 2014/08/31 02:29:31.921 API InitInstance 
[7528] 2014/08/31 02:29:32.937 API ExitInstance 
[2052] 2014/08/31 02:45:08.796 API InitInstance 
[2052] 2014/08/31 02:45:10.093 API ExitInstance 
[7576] 2014/08/31 02:48:19.593 API InitInstance 
[7576] 2014/08/31 02:48:40.484 SKQuoteLib_Initialize ¡GS122811334
[7576] 2014/08/31 02:48:40.484 SKQuoteLib_Initialize ¡Ghttps://order2.capital.com.tw/
[7576] 2014/08/31 02:48:42.437 SKQuoteLib_Initialize  SUCCESS 
[7576] 2014/08/31 02:48:42.437 SKQuoteLib_AttachConnectionCallBack 
[7576] 2014/08/31 02:48:42.437 SKQuoteLib_AttachQuoteCallBack 
[7576] 2014/08/31 02:48:42.437 SKQuoteLib_AttachBest5CallBack 
[7576] 2014/08/31 02:48:42.437 SKQuoteLib_AttachTicksGetCallBack 
[7576] 2014/08/31 02:48:42.437 SKQuoteLib_AttachKLineDataCallBack 
[7576] 2014/08/31 02:48:42.437 SKQuoteLib_AttachMarketTotCallBack 
[7576] 2014/08/31 02:48:42.437 SKQuoteLib_AttachMarketBuySellCallBack 
[7576] 2014/08/31 02:48:42.437 SKQuoteLib_AttachMarketHighLowCallBack 
[7576] 2014/08/31 02:48:42.437 SKQuoteLib_AttachStrikePricesCallBack 
[7576] 2014/08/31 02:48:42.437 SKQuoteLib_AttchServerTimeCallBack 
[7576] 2014/08/31 02:48:42.453 SKQuoteLib_AttachHistoryTicksGetCallBack 
[7576] 2014/08/31 02:48:42.453 SKQuoteLib_AttachProductsReadyCallBack 
[7576] 2014/08/31 02:48:43.656 SKQuoteLib_EnterMonitor IP¡Ginfo8.capital.com.tw
[7576] 2014/08/31 02:48:43.687 SocketConnect Type¡G100  ErrorCode¡G0
[7576] 2014/08/31 02:49:02.484 Stocks Ready
[7576] 2014/08/31 02:49:05.187 SKQuoteLib_GetKLine(TX00,3)
[7576] 2014/08/31 02:49:05.187 SKQuoteLib_GetDate(TX00,3)
[6572] 2014/08/31 02:50:14.312 API InitInstance 
[4324] 2014/08/31 02:50:53.171 API InitInstance 
[4324] 2014/08/31 02:50:55.812 SKQuoteLib_Initialize ¡GS122811334
[4324] 2014/08/31 02:50:55.812 SKQuoteLib_Initialize ¡Ghttps://order2.capital.com.tw/
[4324] 2014/08/31 02:50:56.562 SKQuoteLib_Initialize  SUCCESS 
[4324] 2014/08/31 02:50:56.562 SKQuoteLib_AttachConnectionCallBack 
[4324] 2014/08/31 02:50:56.562 SKQuoteLib_AttachQuoteCallBack 
[4324] 2014/08/31 02:50:56.562 SKQuoteLib_AttachBest5CallBack 
[4324] 2014/08/31 02:50:56.562 SKQuoteLib_AttachTicksGetCallBack 
[4324] 2014/08/31 02:50:56.562 SKQuoteLib_AttachKLineDataCallBack 
[4324] 2014/08/31 02:50:56.562 SKQuoteLib_AttachMarketTotCallBack 
[4324] 2014/08/31 02:50:56.562 SKQuoteLib_AttachMarketBuySellCallBack 
[4324] 2014/08/31 02:50:56.562 SKQuoteLib_AttachMarketHighLowCallBack 
[4324] 2014/08/31 02:50:56.562 SKQuoteLib_AttachStrikePricesCallBack 
[4324] 2014/08/31 02:50:56.562 SKQuoteLib_AttchServerTimeCallBack 
[4324] 2014/08/31 02:50:56.562 SKQuoteLib_AttachHistoryTicksGetCallBack 
[4324] 2014/08/31 02:50:56.562 SKQuoteLib_AttachProductsReadyCallBack 
[4324] 2014/08/31 02:50:57.921 SKQuoteLib_EnterMonitor IP¡Ginfo8.capital.com.tw
[4324] 2014/08/31 02:50:57.937 SocketConnect Type¡G100  ErrorCode¡G0
[4324] 2014/08/31 02:51:15.140 Stocks Ready
[4324] 2014/08/31 02:51:17.968 SKQuoteLib_GetKLine(TX00,3)
[4324] 2014/08/31 02:51:17.968 SKQuoteLib_GetDate(TX00,3)
[4636] 2014/08/31 02:53:12.062 API InitInstance 
[4636] 2014/08/31 02:53:14.250 API ExitInstance 
[7404] 2014/08/31 03:02:04.921 API InitInstance 
[7404] 2014/08/31 03:02:06.250 API ExitInstance 
[7664] 2014/08/31 03:19:18.921 API InitInstance 
[7664] 2014/08/31 03:19:21.046 API ExitInstance 
[7112] 2014/08/31 03:29:59.906 API InitInstance 
[6256] 2014/08/31 03:33:36.531 API InitInstance 
[7028] 2014/08/31 03:34:25.750 API InitInstance 
[6092] 2014/08/31 03:40:27.937 API InitInstance 
[8112] 2014/08/31 03:45:12.937 API InitInstance 
[7840] 2014/08/31 03:45:38.312 API InitInstance 
[6604] 2014/08/31 03:48:12.656 API InitInstance 
[7896] 2014/08/31 03:50:35.406 API InitInstance 
[7000] 2014/08/31 03:54:19.015 API InitInstance 
[4204] 2014/08/31 03:58:05.453 API InitInstance 
[3848] 2014/08/31 04:00:30.500 API InitInstance 
[6576] 2014/08/31 04:03:34.515 API InitInstance 
[4888] 2014/08/31 04:09:13.234 API InitInstance 
[7292] 2014/08/31 04:27:49.921 API InitInstance 
[7428] 2014/08/31 04:45:54.687 API InitInstance 
[7428] 2014/08/31 04:45:56.609 SKQuoteLib_Initialize ¡GS122811334
[7428] 2014/08/31 04:45:56.609 SKQuoteLib_Initialize ¡Ghttps://order2.capital.com.tw/
[7428] 2014/08/31 04:45:57.343 SKQuoteLib_Initialize  SUCCESS 
[7428] 2014/08/31 04:45:57.343 SKQuoteLib_AttachConnectionCallBack 
[7428] 2014/08/31 04:45:57.343 SKQuoteLib_AttachQuoteCallBack 
[7428] 2014/08/31 04:45:57.343 SKQuoteLib_AttachBest5CallBack 
[7428] 2014/08/31 04:45:57.343 SKQuoteLib_AttachTicksGetCallBack 
[7428] 2014/08/31 04:45:57.343 SKQuoteLib_AttachKLineDataCallBack 
[7428] 2014/08/31 04:45:57.343 SKQuoteLib_AttachMarketTotCallBack 
[7428] 2014/08/31 04:45:57.343 SKQuoteLib_AttachMarketBuySellCallBack 
[7428] 2014/08/31 04:45:57.343 SKQuoteLib_AttachMarketHighLowCallBack 
[7428] 2014/08/31 04:45:57.343 SKQuoteLib_AttachStrikePricesCallBack 
[7428] 2014/08/31 04:45:57.343 SKQuoteLib_AttchServerTimeCallBack 
[7428] 2014/08/31 04:45:57.343 SKQuoteLib_AttachHistoryTicksGetCallBack 
[7428] 2014/08/31 04:45:57.359 SKQuoteLib_AttachProductsReadyCallBack 
[7428] 2014/08/31 04:45:58.515 SKQuoteLib_EnterMonitor IP¡Ginfo13.capital.com.tw
[7428] 2014/08/31 04:45:58.531 SocketConnect Type¡G100  ErrorCode¡G0
[7428] 2014/08/31 04:46:17.609 Stocks Ready
[7428] 2014/08/31 04:46:20.968 SKQuoteLib_GetKLine(TX00,1)
[7428] 2014/08/31 04:46:23.796 SKQuoteLib_GetKLine(TX00,2)
[7428] 2014/08/31 04:46:58.531 Check Link Status 
[7428] 2014/08/31 04:47:58.531 Check Link Status 
[7428] 2014/08/31 04:48:15.109 SKQuoteLib_LeaveMonitor 
[7428] 2014/08/31 04:48:15.109 SocketClose Type¡G101  ErrorCode¡G0
[7428] 2014/08/31 04:48:15.187 API ExitInstance 
[6912] 2014/08/31 04:48:53.281 API InitInstance 
[6912] 2014/08/31 04:48:56.328 API ExitInstance 
[4016] 2014/08/31 20:51:26.968 API InitInstance 
[2784] 2014/08/31 20:53:39.765 API InitInstance 
[2504] 2014/08/31 20:58:01.359 API InitInstance 
[3300] 2014/08/31 21:18:10.109 API InitInstance 
[3264] 2014/08/31 21:23:43.250 API InitInstance 
[2984] 2014/08/31 21:24:54.328 API InitInstance 
[1492] 2014/08/31 21:32:16.453 API InitInstance 
[3108] 2014/08/31 23:33:54.578 API InitInstance 
[2660] 2014/08/31 23:54:02.171 API InitInstance 
