[2080] 2014/09/25 00:01:24.171 API InitInstance 
[2080] 2014/09/25 00:01:28.281 SKQuoteLib_Initialize ¡GS122811334
[2080] 2014/09/25 00:01:28.281 SKQuoteLib_Initialize ¡Ghttps://order2.capital.com.tw/
[2080] 2014/09/25 00:01:30.000 SKQuoteLib_Initialize  SUCCESS 
[2080] 2014/09/25 00:01:30.000 SKQuoteLib_AttachConnectionCallBack 
[2080] 2014/09/25 00:01:30.000 SKQuoteLib_AttachQuoteCallBack 
[2080] 2014/09/25 00:01:30.000 SKQuoteLib_AttachBest5CallBack 
[2080] 2014/09/25 00:01:30.000 SKQuoteLib_AttachTicksGetCallBack 
[2080] 2014/09/25 00:01:30.000 SKQuoteLib_AttachKLineDataCallBack 
[2080] 2014/09/25 00:01:30.000 SKQuoteLib_AttachMarketTotCallBack 
[2080] 2014/09/25 00:01:30.000 SKQuoteLib_AttachMarketBuySellCallBack 
[2080] 2014/09/25 00:01:30.015 SKQuoteLib_AttachMarketHighLowCallBack 
[2080] 2014/09/25 00:01:30.015 SKQuoteLib_AttachStrikePricesCallBack 
[2080] 2014/09/25 00:01:30.015 SKQuoteLib_AttchServerTimeCallBack 
[2080] 2014/09/25 00:01:30.015 SKQuoteLib_AttachHistoryTicksGetCallBack 
[2080] 2014/09/25 00:01:30.015 SKQuoteLib_AttachProductsReadyCallBack 
[2080] 2014/09/25 00:01:30.109 SKQuoteLib_EnterMonitor IP¡Ginfo8.capital.com.tw
[2080] 2014/09/25 00:01:30.140 SocketConnect Type¡G100  ErrorCode¡G0
[2080] 2014/09/25 00:01:31.734 Stocks Ready
[2080] 2014/09/25 00:01:31.765 SKQuoteLib_GetKLine(TX00,4)
[2080] 2014/09/25 00:01:31.765 SKQuoteLib_GetDate(TX00,4)
[2080] 2014/09/25 00:01:32.812 SKQuoteLib_GetKLine(TX00,1)
[2080] 2014/09/25 00:01:34.812 SKQuoteLib_RequestTicks (1,TX00)
[2080] 2014/09/25 00:02:30.140 Check Link Status 
[2080] 2014/09/25 00:02:45.718 SKQuoteLib_LeaveMonitor 
[2080] 2014/09/25 00:02:45.734 SocketClose Type¡G101  ErrorCode¡G0
[2080] 2014/09/25 00:02:45.828 API ExitInstance 
[5500] 2014/09/25 00:03:57.718 API InitInstance 
[5500] 2014/09/25 00:04:02.656 SKQuoteLib_Initialize ¡GS122811334
[5500] 2014/09/25 00:04:02.656 SKQuoteLib_Initialize ¡Ghttps://order2.capital.com.tw/
[5500] 2014/09/25 00:04:03.265 SKQuoteLib_Initialize  SUCCESS 
[5500] 2014/09/25 00:04:03.265 SKQuoteLib_AttachConnectionCallBack 
[5500] 2014/09/25 00:04:03.265 SKQuoteLib_AttachQuoteCallBack 
[5500] 2014/09/25 00:04:03.265 SKQuoteLib_AttachBest5CallBack 
[5500] 2014/09/25 00:04:03.265 SKQuoteLib_AttachTicksGetCallBack 
[5500] 2014/09/25 00:04:03.265 SKQuoteLib_AttachKLineDataCallBack 
[5500] 2014/09/25 00:04:03.265 SKQuoteLib_AttachMarketTotCallBack 
[5500] 2014/09/25 00:04:03.265 SKQuoteLib_AttachMarketBuySellCallBack 
[5500] 2014/09/25 00:04:03.265 SKQuoteLib_AttachMarketHighLowCallBack 
[5500] 2014/09/25 00:04:03.265 SKQuoteLib_AttachStrikePricesCallBack 
[5500] 2014/09/25 00:04:03.281 SKQuoteLib_AttchServerTimeCallBack 
[5500] 2014/09/25 00:04:03.281 SKQuoteLib_AttachHistoryTicksGetCallBack 
[5500] 2014/09/25 00:04:03.281 SKQuoteLib_AttachProductsReadyCallBack 
[5500] 2014/09/25 00:04:03.375 SKQuoteLib_EnterMonitor IP¡Ginfo12.capital.com.tw
[5500] 2014/09/25 00:04:03.406 SocketConnect Type¡G100  ErrorCode¡G0
[5500] 2014/09/25 00:04:04.984 Stocks Ready
[5500] 2014/09/25 00:04:05.015 SKQuoteLib_GetKLine(TX00,4)
[5500] 2014/09/25 00:04:05.015 SKQuoteLib_GetDate(TX00,4)
[5500] 2014/09/25 00:04:06.234 SKQuoteLib_GetKLine(TX00,1)
[5500] 2014/09/25 00:04:07.171 SKQuoteLib_RequestTicks (1,TX00)
[5500] 2014/09/25 00:04:28.625 SKQuoteLib_LeaveMonitor 
[5500] 2014/09/25 00:04:28.625 SocketClose Type¡G101  ErrorCode¡G0
[5500] 2014/09/25 00:04:28.687 API ExitInstance 
[5352] 2014/09/25 00:05:44.046 API InitInstance 
[5352] 2014/09/25 00:05:46.250 SKQuoteLib_Initialize ¡GS122811334
[5352] 2014/09/25 00:05:46.250 SKQuoteLib_Initialize ¡Ghttps://order2.capital.com.tw/
[5352] 2014/09/25 00:05:46.843 SKQuoteLib_Initialize  SUCCESS 
[5352] 2014/09/25 00:05:46.843 SKQuoteLib_AttachConnectionCallBack 
[5352] 2014/09/25 00:05:46.843 SKQuoteLib_AttachQuoteCallBack 
[5352] 2014/09/25 00:05:46.843 SKQuoteLib_AttachBest5CallBack 
[5352] 2014/09/25 00:05:46.843 SKQuoteLib_AttachTicksGetCallBack 
[5352] 2014/09/25 00:05:46.843 SKQuoteLib_AttachKLineDataCallBack 
[5352] 2014/09/25 00:05:46.843 SKQuoteLib_AttachMarketTotCallBack 
[5352] 2014/09/25 00:05:46.843 SKQuoteLib_AttachMarketBuySellCallBack 
[5352] 2014/09/25 00:05:46.843 SKQuoteLib_AttachMarketHighLowCallBack 
[5352] 2014/09/25 00:05:46.843 SKQuoteLib_AttachStrikePricesCallBack 
[5352] 2014/09/25 00:05:46.843 SKQuoteLib_AttchServerTimeCallBack 
[5352] 2014/09/25 00:05:46.843 SKQuoteLib_AttachHistoryTicksGetCallBack 
[5352] 2014/09/25 00:05:46.843 SKQuoteLib_AttachProductsReadyCallBack 
[5352] 2014/09/25 00:05:46.859 SKQuoteLib_EnterMonitor IP¡Ginfo12.capital.com.tw
[5352] 2014/09/25 00:05:46.875 SocketConnect Type¡G100  ErrorCode¡G0
[5352] 2014/09/25 00:05:48.484 Stocks Ready
[5352] 2014/09/25 00:05:48.515 SKQuoteLib_GetKLine(TX00,4)
[5352] 2014/09/25 00:05:48.515 SKQuoteLib_GetDate(TX00,4)
[5352] 2014/09/25 00:05:49.546 SKQuoteLib_GetKLine(TX00,1)
[5352] 2014/09/25 00:05:51.062 SKQuoteLib_RequestTicks (1,TX00)
[5352] 2014/09/25 00:06:46.875 Check Link Status 
[5352] 2014/09/25 00:06:56.359 SKQuoteLib_LeaveMonitor 
[5352] 2014/09/25 00:06:56.359 SocketClose Type¡G101  ErrorCode¡G0
[5352] 2014/09/25 00:06:56.437 API ExitInstance 
[5964] 2014/09/25 00:11:43.390 API InitInstance 
[5964] 2014/09/25 00:11:45.390 SKQuoteLib_Initialize ¡GS122811334
[5964] 2014/09/25 00:11:45.390 SKQuoteLib_Initialize ¡Ghttps://order2.capital.com.tw/
[5964] 2014/09/25 00:11:46.015 SKQuoteLib_Initialize  SUCCESS 
[5964] 2014/09/25 00:11:46.015 SKQuoteLib_AttachConnectionCallBack 
[5964] 2014/09/25 00:11:46.015 SKQuoteLib_AttachQuoteCallBack 
[5964] 2014/09/25 00:11:46.015 SKQuoteLib_AttachBest5CallBack 
[5964] 2014/09/25 00:11:46.015 SKQuoteLib_AttachTicksGetCallBack 
[5964] 2014/09/25 00:11:46.015 SKQuoteLib_AttachKLineDataCallBack 
[5964] 2014/09/25 00:11:46.031 SKQuoteLib_AttachMarketTotCallBack 
[5964] 2014/09/25 00:11:46.031 SKQuoteLib_AttachMarketBuySellCallBack 
[5964] 2014/09/25 00:11:46.031 SKQuoteLib_AttachMarketHighLowCallBack 
[5964] 2014/09/25 00:11:46.031 SKQuoteLib_AttachStrikePricesCallBack 
[5964] 2014/09/25 00:11:46.031 SKQuoteLib_AttchServerTimeCallBack 
[5964] 2014/09/25 00:11:46.031 SKQuoteLib_AttachHistoryTicksGetCallBack 
[5964] 2014/09/25 00:11:46.031 SKQuoteLib_AttachProductsReadyCallBack 
[5964] 2014/09/25 00:11:46.140 SKQuoteLib_EnterMonitor IP¡Ginfo20.capital.com.tw
[5964] 2014/09/25 00:11:46.203 SocketConnect Type¡G100  ErrorCode¡G0
[5964] 2014/09/25 00:11:47.984 Stocks Ready
[5964] 2014/09/25 00:11:48.015 SKQuoteLib_GetKLine(TX00,4)
[5964] 2014/09/25 00:11:48.015 SKQuoteLib_GetDate(TX00,4)
[5964] 2014/09/25 00:11:49.234 SKQuoteLib_GetKLine(TX00,1)
[5964] 2014/09/25 00:11:50.109 SKQuoteLib_RequestTicks (1,TX00)
[5964] 2014/09/25 00:12:29.000 SKQuoteLib_LeaveMonitor 
[5964] 2014/09/25 00:12:29.015 SocketClose Type¡G101  ErrorCode¡G0
[5964] 2014/09/25 00:12:29.078 API ExitInstance 
[5104] 2014/09/25 00:32:18.437 API InitInstance 
[5104] 2014/09/25 00:32:20.625 API ExitInstance 
[4252] 2014/09/25 00:39:21.609 API InitInstance 
[4252] 2014/09/25 00:39:23.984 SKQuoteLib_Initialize ¡GS122811334
[4252] 2014/09/25 00:39:23.984 SKQuoteLib_Initialize ¡Ghttps://order2.capital.com.tw/
[4252] 2014/09/25 00:39:25.203 SKQuoteLib_Initialize  SUCCESS 
[4252] 2014/09/25 00:39:25.203 SKQuoteLib_AttachConnectionCallBack 
[4252] 2014/09/25 00:39:25.203 SKQuoteLib_AttachQuoteCallBack 
[4252] 2014/09/25 00:39:25.203 SKQuoteLib_AttachBest5CallBack 
[4252] 2014/09/25 00:39:25.203 SKQuoteLib_AttachTicksGetCallBack 
[4252] 2014/09/25 00:39:25.203 SKQuoteLib_AttachKLineDataCallBack 
[4252] 2014/09/25 00:39:25.203 SKQuoteLib_AttachMarketTotCallBack 
[4252] 2014/09/25 00:39:25.203 SKQuoteLib_AttachMarketBuySellCallBack 
[4252] 2014/09/25 00:39:25.203 SKQuoteLib_AttachMarketHighLowCallBack 
[4252] 2014/09/25 00:39:25.203 SKQuoteLib_AttachStrikePricesCallBack 
[4252] 2014/09/25 00:39:25.218 SKQuoteLib_AttchServerTimeCallBack 
[4252] 2014/09/25 00:39:25.218 SKQuoteLib_AttachHistoryTicksGetCallBack 
[4252] 2014/09/25 00:39:25.218 SKQuoteLib_AttachProductsReadyCallBack 
[4252] 2014/09/25 00:39:25.328 SKQuoteLib_EnterMonitor IP¡Ginfo11.capital.com.tw
[4252] 2014/09/25 00:39:25.359 SocketConnect Type¡G100  ErrorCode¡G0
[4252] 2014/09/25 00:39:41.921 Stocks Ready
[4252] 2014/09/25 00:39:41.984 SKQuoteLib_GetKLine(TX00,4)
[4252] 2014/09/25 00:39:41.984 SKQuoteLib_GetDate(TX00,4)
[4252] 2014/09/25 00:39:43.203 SKQuoteLib_GetKLine(TX00,1)
[4252] 2014/09/25 00:39:44.093 SKQuoteLib_RequestTicks (1,TX00)
[5012] 2014/09/25 00:43:08.250 API InitInstance 
[5012] 2014/09/25 00:43:10.031 SKQuoteLib_Initialize ¡GS122811334
[5012] 2014/09/25 00:43:10.031 SKQuoteLib_Initialize ¡Ghttps://order2.capital.com.tw/
[5012] 2014/09/25 00:43:10.656 SKQuoteLib_Initialize  SUCCESS 
[5012] 2014/09/25 00:43:10.656 SKQuoteLib_AttachConnectionCallBack 
[5012] 2014/09/25 00:43:10.656 SKQuoteLib_AttachQuoteCallBack 
[5012] 2014/09/25 00:43:10.656 SKQuoteLib_AttachBest5CallBack 
[5012] 2014/09/25 00:43:10.671 SKQuoteLib_AttachTicksGetCallBack 
[5012] 2014/09/25 00:43:10.671 SKQuoteLib_AttachKLineDataCallBack 
[5012] 2014/09/25 00:43:10.671 SKQuoteLib_AttachMarketTotCallBack 
[5012] 2014/09/25 00:43:10.671 SKQuoteLib_AttachMarketBuySellCallBack 
[5012] 2014/09/25 00:43:10.671 SKQuoteLib_AttachMarketHighLowCallBack 
[5012] 2014/09/25 00:43:10.671 SKQuoteLib_AttachStrikePricesCallBack 
[5012] 2014/09/25 00:43:10.671 SKQuoteLib_AttchServerTimeCallBack 
[5012] 2014/09/25 00:43:10.671 SKQuoteLib_AttachHistoryTicksGetCallBack 
[5012] 2014/09/25 00:43:10.671 SKQuoteLib_AttachProductsReadyCallBack 
[5012] 2014/09/25 00:43:10.781 SKQuoteLib_EnterMonitor IP¡Ginfo13.capital.com.tw
[5012] 2014/09/25 00:43:10.796 SocketConnect Type¡G100  ErrorCode¡G0
[5012] 2014/09/25 00:43:26.640 Stocks Ready
[5012] 2014/09/25 00:43:26.671 SKQuoteLib_GetKLine(TX00,4)
[5012] 2014/09/25 00:43:26.671 SKQuoteLib_GetDate(TX00,4)
[5012] 2014/09/25 00:43:27.843 SKQuoteLib_GetKLine(TX00,1)
[5012] 2014/09/25 00:43:28.687 SKQuoteLib_RequestTicks (1,TX00)
[5012] 2014/09/25 00:43:57.765 SKQuoteLib_LeaveMonitor 
[5012] 2014/09/25 00:43:57.765 SocketClose Type¡G101  ErrorCode¡G0
[2888] 2014/09/25 00:52:37.531 API InitInstance 
[2888] 2014/09/25 00:52:49.140 API ExitInstance 
[4508] 2014/09/25 00:53:42.343 API InitInstance 
[4508] 2014/09/25 00:53:44.250 SKQuoteLib_Initialize ¡GS122811334
[4508] 2014/09/25 00:53:44.250 SKQuoteLib_Initialize ¡Ghttps://order2.capital.com.tw/
[4508] 2014/09/25 00:53:44.875 SKQuoteLib_Initialize  SUCCESS 
[4508] 2014/09/25 00:53:44.875 SKQuoteLib_AttachConnectionCallBack 
[4508] 2014/09/25 00:53:44.875 SKQuoteLib_AttachQuoteCallBack 
[4508] 2014/09/25 00:53:44.875 SKQuoteLib_AttachBest5CallBack 
[4508] 2014/09/25 00:53:44.875 SKQuoteLib_AttachTicksGetCallBack 
[4508] 2014/09/25 00:53:44.875 SKQuoteLib_AttachKLineDataCallBack 
[4508] 2014/09/25 00:53:44.875 SKQuoteLib_AttachMarketTotCallBack 
[4508] 2014/09/25 00:53:44.875 SKQuoteLib_AttachMarketBuySellCallBack 
[4508] 2014/09/25 00:53:44.875 SKQuoteLib_AttachMarketHighLowCallBack 
[4508] 2014/09/25 00:53:44.875 SKQuoteLib_AttachStrikePricesCallBack 
[4508] 2014/09/25 00:53:44.875 SKQuoteLib_AttchServerTimeCallBack 
[4508] 2014/09/25 00:53:44.875 SKQuoteLib_AttachHistoryTicksGetCallBack 
[4508] 2014/09/25 00:53:44.875 SKQuoteLib_AttachProductsReadyCallBack 
[4508] 2014/09/25 00:53:44.984 SKQuoteLib_EnterMonitor IP¡Ginfo20.capital.com.tw
[4508] 2014/09/25 00:53:45.000 SocketConnect Type¡G100  ErrorCode¡G0
[4508] 2014/09/25 00:54:01.093 Stocks Ready
[4508] 2014/09/25 00:54:01.093 SKQuoteLib_GetKLine(TX00,4)
[4508] 2014/09/25 00:54:01.093 SKQuoteLib_GetDate(TX00,4)
[4508] 2014/09/25 00:54:02.093 SKQuoteLib_GetKLine(TX00,1)
[4508] 2014/09/25 00:54:03.078 SKQuoteLib_RequestTicks (1,TX00)
[4508] 2014/09/25 00:54:34.562 SKQuoteLib_LeaveMonitor 
[4508] 2014/09/25 00:54:34.562 SocketClose Type¡G101  ErrorCode¡G0
[4508] 2014/09/25 00:56:16.437 API ExitInstance 
[2740] 2014/09/25 01:12:34.250 API InitInstance 
[2740] 2014/09/25 01:12:36.734 SKQuoteLib_Initialize ¡GS122811334
[2740] 2014/09/25 01:12:36.734 SKQuoteLib_Initialize ¡Ghttps://order2.capital.com.tw/
[2740] 2014/09/25 01:12:37.437 SKQuoteLib_Initialize  SUCCESS 
[2740] 2014/09/25 01:12:37.437 SKQuoteLib_AttachConnectionCallBack 
[2740] 2014/09/25 01:12:37.437 SKQuoteLib_AttachQuoteCallBack 
[2740] 2014/09/25 01:12:37.437 SKQuoteLib_AttachBest5CallBack 
[2740] 2014/09/25 01:12:37.437 SKQuoteLib_AttachTicksGetCallBack 
[2740] 2014/09/25 01:12:37.437 SKQuoteLib_AttachKLineDataCallBack 
[2740] 2014/09/25 01:12:37.437 SKQuoteLib_AttachMarketTotCallBack 
[2740] 2014/09/25 01:12:37.437 SKQuoteLib_AttachMarketBuySellCallBack 
[2740] 2014/09/25 01:12:37.437 SKQuoteLib_AttachMarketHighLowCallBack 
[2740] 2014/09/25 01:12:37.437 SKQuoteLib_AttachStrikePricesCallBack 
[2740] 2014/09/25 01:12:37.437 SKQuoteLib_AttchServerTimeCallBack 
[2740] 2014/09/25 01:12:37.437 SKQuoteLib_AttachHistoryTicksGetCallBack 
[2740] 2014/09/25 01:12:37.437 SKQuoteLib_AttachProductsReadyCallBack 
[2740] 2014/09/25 01:12:37.546 SKQuoteLib_EnterMonitor IP¡Ginfo9.capital.com.tw
[2740] 2014/09/25 01:12:37.562 SocketConnect Type¡G100  ErrorCode¡G0
[2740] 2014/09/25 01:12:39.562 Stocks Ready
[2740] 2014/09/25 01:12:39.671 SKQuoteLib_GetKLine(TX00,4)
[2740] 2014/09/25 01:12:39.671 SKQuoteLib_GetDate(TX00,4)
[2740] 2014/09/25 01:12:42.296 SKQuoteLib_GetKLine(TX00,1)
[2740] 2014/09/25 01:12:44.781 SKQuoteLib_RequestTicks (1,TX00)
[2740] 2014/09/25 01:13:33.078 SKQuoteLib_LeaveMonitor 
[2740] 2014/09/25 01:13:33.078 SocketClose Type¡G101  ErrorCode¡G0
[2740] 2014/09/25 01:13:33.281 API ExitInstance 
[1252] 2014/09/25 01:18:13.171 API InitInstance 
[1252] 2014/09/25 01:18:14.640 API ExitInstance 
[2736] 2014/09/25 01:18:38.687 API InitInstance 
[2736] 2014/09/25 01:18:39.343 API ExitInstance 
[3760] 2014/09/25 01:18:53.250 API InitInstance 
[3760] 2014/09/25 01:19:01.125 SKQuoteLib_Initialize ¡GS122811334
[3760] 2014/09/25 01:19:01.125 SKQuoteLib_Initialize ¡Ghttps://order2.capital.com.tw/
[3760] 2014/09/25 01:19:01.687 SKQuoteLib_Initialize  SUCCESS 
[3760] 2014/09/25 01:19:01.687 SKQuoteLib_AttachConnectionCallBack 
[3760] 2014/09/25 01:19:01.687 SKQuoteLib_AttachQuoteCallBack 
[3760] 2014/09/25 01:19:01.687 SKQuoteLib_AttachBest5CallBack 
[3760] 2014/09/25 01:19:01.687 SKQuoteLib_AttachTicksGetCallBack 
[3760] 2014/09/25 01:19:01.687 SKQuoteLib_AttachKLineDataCallBack 
[3760] 2014/09/25 01:19:01.687 SKQuoteLib_AttachMarketTotCallBack 
[3760] 2014/09/25 01:19:01.687 SKQuoteLib_AttachMarketBuySellCallBack 
[3760] 2014/09/25 01:19:01.687 SKQuoteLib_AttachMarketHighLowCallBack 
[3760] 2014/09/25 01:19:01.687 SKQuoteLib_AttachStrikePricesCallBack 
[3760] 2014/09/25 01:19:01.687 SKQuoteLib_AttchServerTimeCallBack 
[3760] 2014/09/25 01:19:01.687 SKQuoteLib_AttachHistoryTicksGetCallBack 
[3760] 2014/09/25 01:19:01.687 SKQuoteLib_AttachProductsReadyCallBack 
[3760] 2014/09/25 01:19:02.796 SKQuoteLib_EnterMonitor IP¡Ginfo20.capital.com.tw
[3760] 2014/09/25 01:19:02.828 SocketConnect Type¡G100  ErrorCode¡G0
[3760] 2014/09/25 01:19:19.250 Stocks Ready
[3760] 2014/09/25 01:19:19.265 SKQuoteLib_GetKLine(TX00,1)
[3760] 2014/09/25 01:19:20.250 SKQuoteLib_GetKLine(TX00,4)
[3760] 2014/09/25 01:19:20.250 SKQuoteLib_GetDate(TX00,4)
[3760] 2014/09/25 01:19:20.968 SKQuoteLib_RequestTicks (1,TX00)
[3760] 2014/09/25 01:19:45.890 SKQuoteLib_LeaveMonitor 
[3760] 2014/09/25 01:19:45.890 SocketClose Type¡G101  ErrorCode¡G0
[3760] 2014/09/25 01:19:46.437 API ExitInstance 
[3988] 2014/09/25 01:21:22.609 API InitInstance 
[3988] 2014/09/25 01:21:33.218 API ExitInstance 
[976] 2014/09/25 01:21:41.812 API InitInstance 
[976] 2014/09/25 01:21:45.453 SKQuoteLib_Initialize ¡GS122811334
[976] 2014/09/25 01:21:45.453 SKQuoteLib_Initialize ¡Ghttps://order2.capital.com.tw/
[976] 2014/09/25 01:21:45.921 SKQuoteLib_Initialize  SUCCESS 
[976] 2014/09/25 01:21:45.921 SKQuoteLib_AttachConnectionCallBack 
[976] 2014/09/25 01:21:45.921 SKQuoteLib_AttachQuoteCallBack 
[976] 2014/09/25 01:21:45.921 SKQuoteLib_AttachBest5CallBack 
[976] 2014/09/25 01:21:45.921 SKQuoteLib_AttachTicksGetCallBack 
[976] 2014/09/25 01:21:45.921 SKQuoteLib_AttachKLineDataCallBack 
[976] 2014/09/25 01:21:45.921 SKQuoteLib_AttachMarketTotCallBack 
[976] 2014/09/25 01:21:45.921 SKQuoteLib_AttachMarketBuySellCallBack 
[976] 2014/09/25 01:21:45.921 SKQuoteLib_AttachMarketHighLowCallBack 
[976] 2014/09/25 01:21:45.921 SKQuoteLib_AttachStrikePricesCallBack 
[976] 2014/09/25 01:21:45.921 SKQuoteLib_AttchServerTimeCallBack 
[976] 2014/09/25 01:21:45.921 SKQuoteLib_AttachHistoryTicksGetCallBack 
[976] 2014/09/25 01:21:45.921 SKQuoteLib_AttachProductsReadyCallBack 
[976] 2014/09/25 01:21:46.015 SKQuoteLib_EnterMonitor IP¡Ginfo12.capital.com.tw
[976] 2014/09/25 01:21:46.031 SocketConnect Type¡G100  ErrorCode¡G0
[976] 2014/09/25 01:21:46.890 Stocks Ready
[976] 2014/09/25 01:21:46.890 SKQuoteLib_GetKLine(TX00,4)
[976] 2014/09/25 01:21:46.890 SKQuoteLib_GetDate(TX00,4)
[976] 2014/09/25 01:21:47.734 SKQuoteLib_GetKLine(TX00,1)
[976] 2014/09/25 01:21:48.328 SKQuoteLib_RequestTicks (1,TX00)
[976] 2014/09/25 01:22:08.640 SKQuoteLib_LeaveMonitor 
[976] 2014/09/25 01:22:08.640 SocketClose Type¡G101  ErrorCode¡G0
[976] 2014/09/25 01:22:09.187 API ExitInstance 
[2580] 2014/09/25 01:23:05.140 API InitInstance 
[2580] 2014/09/25 01:23:06.328 SKQuoteLib_Initialize ¡GS122811334
[2580] 2014/09/25 01:23:06.328 SKQuoteLib_Initialize ¡Ghttps://order2.capital.com.tw/
[2580] 2014/09/25 01:23:06.765 SKQuoteLib_Initialize  SUCCESS 
[2580] 2014/09/25 01:23:06.765 SKQuoteLib_AttachConnectionCallBack 
[2580] 2014/09/25 01:23:06.765 SKQuoteLib_AttachQuoteCallBack 
[2580] 2014/09/25 01:23:06.765 SKQuoteLib_AttachBest5CallBack 
[2580] 2014/09/25 01:23:06.765 SKQuoteLib_AttachTicksGetCallBack 
[2580] 2014/09/25 01:23:06.765 SKQuoteLib_AttachKLineDataCallBack 
[2580] 2014/09/25 01:23:06.765 SKQuoteLib_AttachMarketTotCallBack 
[2580] 2014/09/25 01:23:06.765 SKQuoteLib_AttachMarketBuySellCallBack 
[2580] 2014/09/25 01:23:06.765 SKQuoteLib_AttachMarketHighLowCallBack 
[2580] 2014/09/25 01:23:06.765 SKQuoteLib_AttachStrikePricesCallBack 
[2580] 2014/09/25 01:23:06.765 SKQuoteLib_AttchServerTimeCallBack 
[2580] 2014/09/25 01:23:06.765 SKQuoteLib_AttachHistoryTicksGetCallBack 
[2580] 2014/09/25 01:23:06.765 SKQuoteLib_AttachProductsReadyCallBack 
[2580] 2014/09/25 01:23:06.875 SKQuoteLib_EnterMonitor IP¡Ginfo23.capital.com.tw
[2580] 2014/09/25 01:23:06.890 SocketConnect Type¡G100  ErrorCode¡G0
[2580] 2014/09/25 01:23:07.750 Stocks Ready
[2580] 2014/09/25 01:23:07.765 SKQuoteLib_GetKLine(TX00,4)
[2580] 2014/09/25 01:23:07.765 SKQuoteLib_GetDate(TX00,4)
[2580] 2014/09/25 01:23:08.453 SKQuoteLib_GetKLine(TX00,1)
[2580] 2014/09/25 01:23:09.015 SKQuoteLib_RequestTicks (1,TX00)
[2580] 2014/09/25 01:23:44.093 SKQuoteLib_LeaveMonitor 
[2580] 2014/09/25 01:23:44.093 SocketClose Type¡G101  ErrorCode¡G0
[2580] 2014/09/25 01:23:44.625 API ExitInstance 
[3168] 2014/09/25 01:24:07.750 API InitInstance 
[3168] 2014/09/25 01:24:08.515 API ExitInstance 
[3412] 2014/09/25 01:25:37.203 API InitInstance 
[3412] 2014/09/25 01:25:39.671 API ExitInstance 
[1736] 2014/09/25 01:26:25.875 API InitInstance 
[1736] 2014/09/25 01:26:28.656 API ExitInstance 
[3696] 2014/09/25 01:26:39.109 API InitInstance 
[3696] 2014/09/25 01:26:40.765 SKQuoteLib_Initialize ¡GS122811334
[3696] 2014/09/25 01:26:40.765 SKQuoteLib_Initialize ¡Ghttps://order2.capital.com.tw/
[3696] 2014/09/25 01:26:41.203 SKQuoteLib_Initialize  SUCCESS 
[3696] 2014/09/25 01:26:41.203 SKQuoteLib_AttachConnectionCallBack 
[3696] 2014/09/25 01:26:41.203 SKQuoteLib_AttachQuoteCallBack 
[3696] 2014/09/25 01:26:41.203 SKQuoteLib_AttachBest5CallBack 
[3696] 2014/09/25 01:26:41.203 SKQuoteLib_AttachTicksGetCallBack 
[3696] 2014/09/25 01:26:41.203 SKQuoteLib_AttachKLineDataCallBack 
[3696] 2014/09/25 01:26:41.203 SKQuoteLib_AttachMarketTotCallBack 
[3696] 2014/09/25 01:26:41.218 SKQuoteLib_AttachMarketBuySellCallBack 
[3696] 2014/09/25 01:26:41.218 SKQuoteLib_AttachMarketHighLowCallBack 
[3696] 2014/09/25 01:26:41.218 SKQuoteLib_AttachStrikePricesCallBack 
[3696] 2014/09/25 01:26:41.218 SKQuoteLib_AttchServerTimeCallBack 
[3696] 2014/09/25 01:26:41.218 SKQuoteLib_AttachHistoryTicksGetCallBack 
[3696] 2014/09/25 01:26:41.218 SKQuoteLib_AttachProductsReadyCallBack 
[3696] 2014/09/25 01:26:41.312 SKQuoteLib_EnterMonitor IP¡Ginfo10.capital.com.tw
[3696] 2014/09/25 01:26:41.328 SocketConnect Type¡G100  ErrorCode¡G0
[3696] 2014/09/25 01:26:42.203 Stocks Ready
[3696] 2014/09/25 01:26:42.218 SKQuoteLib_GetKLine(TX00,4)
[3696] 2014/09/25 01:26:42.218 SKQuoteLib_GetDate(TX00,4)
[3696] 2014/09/25 01:26:42.921 SKQuoteLib_GetKLine(TX00,1)
[3696] 2014/09/25 01:26:43.515 SKQuoteLib_RequestTicks (1,TX00)
[3696] 2014/09/25 01:27:41.328 Check Link Status 
[3696] 2014/09/25 01:27:58.468 SKQuoteLib_LeaveMonitor 
[3696] 2014/09/25 01:27:58.484 SocketClose Type¡G101  ErrorCode¡G0
[3696] 2014/09/25 01:27:58.515 API ExitInstance 
[1392] 2014/09/25 01:31:55.406 API InitInstance 
[1392] 2014/09/25 01:31:56.406 API ExitInstance 
[1164] 2014/09/25 01:32:42.046 API InitInstance 
[1164] 2014/09/25 01:32:43.921 SKQuoteLib_Initialize ¡GS122811334
[1164] 2014/09/25 01:32:43.921 SKQuoteLib_Initialize ¡Ghttps://order2.capital.com.tw/
[1164] 2014/09/25 01:32:44.468 SKQuoteLib_Initialize  SUCCESS 
[1164] 2014/09/25 01:32:44.468 SKQuoteLib_AttachConnectionCallBack 
[1164] 2014/09/25 01:32:44.468 SKQuoteLib_AttachQuoteCallBack 
[1164] 2014/09/25 01:32:44.468 SKQuoteLib_AttachBest5CallBack 
[1164] 2014/09/25 01:32:44.468 SKQuoteLib_AttachTicksGetCallBack 
[1164] 2014/09/25 01:32:44.468 SKQuoteLib_AttachKLineDataCallBack 
[1164] 2014/09/25 01:32:44.468 SKQuoteLib_AttachMarketTotCallBack 
[1164] 2014/09/25 01:32:44.468 SKQuoteLib_AttachMarketBuySellCallBack 
[1164] 2014/09/25 01:32:44.468 SKQuoteLib_AttachMarketHighLowCallBack 
[1164] 2014/09/25 01:32:44.484 SKQuoteLib_AttachStrikePricesCallBack 
[1164] 2014/09/25 01:32:44.484 SKQuoteLib_AttchServerTimeCallBack 
[1164] 2014/09/25 01:32:44.484 SKQuoteLib_AttachHistoryTicksGetCallBack 
[1164] 2014/09/25 01:32:44.484 SKQuoteLib_AttachProductsReadyCallBack 
[1164] 2014/09/25 01:32:44.578 SKQuoteLib_EnterMonitor IP¡Ginfo11.capital.com.tw
[1164] 2014/09/25 01:32:44.593 SocketConnect Type¡G100  ErrorCode¡G0
[1164] 2014/09/25 01:32:45.437 Stocks Ready
[1164] 2014/09/25 01:32:45.453 SKQuoteLib_GetKLine(TX00,1)
[1164] 2014/09/25 01:32:46.218 SKQuoteLib_GetKLine(TX00,4)
[1164] 2014/09/25 01:32:46.218 SKQuoteLib_GetDate(TX00,4)
[1164] 2014/09/25 01:32:46.765 SKQuoteLib_RequestTicks (1,TX00)
[1164] 2014/09/25 01:33:03.468 SKQuoteLib_LeaveMonitor 
[1164] 2014/09/25 01:33:03.468 SocketClose Type¡G101  ErrorCode¡G0
[1164] 2014/09/25 01:33:03.515 API ExitInstance 
[396] 2014/09/25 01:35:25.734 API InitInstance 
[396] 2014/09/25 01:35:26.453 API ExitInstance 
[244] 2014/09/25 01:35:52.484 API InitInstance 
[244] 2014/09/25 01:35:54.203 SKQuoteLib_Initialize ¡GS122811334
[244] 2014/09/25 01:35:54.203 SKQuoteLib_Initialize ¡Ghttps://order2.capital.com.tw/
[244] 2014/09/25 01:35:54.640 SKQuoteLib_Initialize  SUCCESS 
[244] 2014/09/25 01:35:54.640 SKQuoteLib_AttachConnectionCallBack 
[244] 2014/09/25 01:35:54.640 SKQuoteLib_AttachQuoteCallBack 
[244] 2014/09/25 01:35:54.640 SKQuoteLib_AttachBest5CallBack 
[244] 2014/09/25 01:35:54.640 SKQuoteLib_AttachTicksGetCallBack 
[244] 2014/09/25 01:35:54.640 SKQuoteLib_AttachKLineDataCallBack 
[244] 2014/09/25 01:35:54.640 SKQuoteLib_AttachMarketTotCallBack 
[244] 2014/09/25 01:35:54.640 SKQuoteLib_AttachMarketBuySellCallBack 
[244] 2014/09/25 01:35:54.640 SKQuoteLib_AttachMarketHighLowCallBack 
[244] 2014/09/25 01:35:54.640 SKQuoteLib_AttachStrikePricesCallBack 
[244] 2014/09/25 01:35:54.640 SKQuoteLib_AttchServerTimeCallBack 
[244] 2014/09/25 01:35:54.640 SKQuoteLib_AttachHistoryTicksGetCallBack 
[244] 2014/09/25 01:35:54.640 SKQuoteLib_AttachProductsReadyCallBack 
[244] 2014/09/25 01:35:54.656 SKQuoteLib_EnterMonitor IP¡Ginfo12.capital.com.tw
[244] 2014/09/25 01:35:54.671 SocketConnect Type¡G100  ErrorCode¡G0
[244] 2014/09/25 01:35:55.515 Stocks Ready
[244] 2014/09/25 01:35:55.531 SKQuoteLib_GetKLine(TX00,4)
[244] 2014/09/25 01:35:55.531 SKQuoteLib_GetDate(TX00,4)
[244] 2014/09/25 01:35:56.218 SKQuoteLib_GetKLine(TX00,1)
[244] 2014/09/25 01:35:56.765 SKQuoteLib_RequestTicks (1,TX00)
[244] 2014/09/25 01:36:22.484 SKQuoteLib_LeaveMonitor 
[244] 2014/09/25 01:36:22.484 SocketClose Type¡G101  ErrorCode¡G0
[244] 2014/09/25 01:36:22.531 API ExitInstance 
[5884] 2014/09/25 10:37:19.437 API InitInstance 
[7576] 2014/09/25 10:56:44.640 API InitInstance 
[5064] 2014/09/25 11:01:01.156 API InitInstance 
[5744] 2014/09/25 11:03:56.281 API InitInstance 
[5808] 2014/09/25 11:06:55.875 API InitInstance 
[7020] 2014/09/25 11:08:54.484 API InitInstance 
[5280] 2014/09/25 11:17:43.421 API InitInstance 
[5280] 2014/09/25 11:17:51.531 API ExitInstance 
[7832] 2014/09/25 11:30:25.093 API InitInstance 
[7096] 2014/09/25 12:20:43.312 API InitInstance 
[7096] 2014/09/25 12:21:03.234 SKQuoteLib_Initialize ¡GS122811334
[7096] 2014/09/25 12:21:03.234 SKQuoteLib_Initialize ¡Ghttps://order2.capital.com.tw/
[7096] 2014/09/25 12:21:05.234 SKQuoteLib_Initialize  SUCCESS 
[7096] 2014/09/25 12:21:05.234 SKQuoteLib_AttachConnectionCallBack 
[7096] 2014/09/25 12:21:05.234 SKQuoteLib_AttachQuoteCallBack 
[7096] 2014/09/25 12:21:05.234 SKQuoteLib_AttachBest5CallBack 
[7096] 2014/09/25 12:21:05.234 SKQuoteLib_AttachTicksGetCallBack 
[7096] 2014/09/25 12:21:05.234 SKQuoteLib_AttachKLineDataCallBack 
[7096] 2014/09/25 12:21:05.234 SKQuoteLib_AttachMarketTotCallBack 
[7096] 2014/09/25 12:21:05.234 SKQuoteLib_AttachMarketBuySellCallBack 
[7096] 2014/09/25 12:21:05.234 SKQuoteLib_AttachMarketHighLowCallBack 
[7096] 2014/09/25 12:21:05.234 SKQuoteLib_AttachStrikePricesCallBack 
[7096] 2014/09/25 12:21:05.234 SKQuoteLib_AttchServerTimeCallBack 
[7096] 2014/09/25 12:21:05.234 SKQuoteLib_AttachHistoryTicksGetCallBack 
[7096] 2014/09/25 12:21:05.234 SKQuoteLib_AttachProductsReadyCallBack 
[7096] 2014/09/25 12:21:05.250 SKQuoteLib_EnterMonitor IP¡Ginfo11.capital.com.tw
[7096] 2014/09/25 12:21:05.265 SocketConnect Type¡G100  ErrorCode¡G0
[7096] 2014/09/25 12:21:06.718 Stocks Ready
[7096] 2014/09/25 12:21:06.718 SKQuoteLib_GetKLine(TX00,4)
[7096] 2014/09/25 12:21:06.718 SKQuoteLib_GetDate(TX00,4)
[7096] 2014/09/25 12:21:07.593 SKQuoteLib_GetKLine(TX00,1)
[7096] 2014/09/25 12:21:08.265 SKQuoteLib_RequestTicks (1,TX00)
[7096] 2014/09/25 12:22:05.265 Check Link Status 
[7096] 2014/09/25 12:23:05.265 Check Link Status 
[7096] 2014/09/25 12:24:05.265 Check Link Status 
[7096] 2014/09/25 12:25:05.265 Check Link Status 
[7096] 2014/09/25 12:26:05.265 Check Link Status 
[7096] 2014/09/25 12:27:05.265 Check Link Status 
[7096] 2014/09/25 12:28:05.265 Check Link Status 
[7096] 2014/09/25 12:29:05.265 Check Link Status 
[7096] 2014/09/25 12:30:05.265 Check Link Status 
[7096] 2014/09/25 12:31:05.265 Check Link Status 
[7096] 2014/09/25 12:31:05.828 SKQuoteLib_LeaveMonitor 
[7096] 2014/09/25 12:31:05.828 SocketClose Type¡G101  ErrorCode¡G0
[7096] 2014/09/25 12:31:05.890 API ExitInstance 
[7888] 2014/09/25 12:57:18.750 API InitInstance 
[7888] 2014/09/25 12:57:49.531 SKQuoteLib_Initialize ¡GS122811334
[7888] 2014/09/25 12:57:49.531 SKQuoteLib_Initialize ¡Ghttps://order2.capital.com.tw/
[7888] 2014/09/25 12:57:51.562 SKQuoteLib_Initialize  SUCCESS 
[7888] 2014/09/25 12:57:51.562 SKQuoteLib_AttachConnectionCallBack 
[7888] 2014/09/25 12:57:51.562 SKQuoteLib_AttachQuoteCallBack 
[7888] 2014/09/25 12:57:51.562 SKQuoteLib_AttachBest5CallBack 
[7888] 2014/09/25 12:57:51.562 SKQuoteLib_AttachTicksGetCallBack 
[7888] 2014/09/25 12:57:51.562 SKQuoteLib_AttachKLineDataCallBack 
[7888] 2014/09/25 12:57:51.562 SKQuoteLib_AttachMarketTotCallBack 
[7888] 2014/09/25 12:57:51.562 SKQuoteLib_AttachMarketBuySellCallBack 
[7888] 2014/09/25 12:57:51.562 SKQuoteLib_AttachMarketHighLowCallBack 
[7888] 2014/09/25 12:57:51.562 SKQuoteLib_AttachStrikePricesCallBack 
[7888] 2014/09/25 12:57:51.562 SKQuoteLib_AttchServerTimeCallBack 
[7888] 2014/09/25 12:57:51.562 SKQuoteLib_AttachHistoryTicksGetCallBack 
[7888] 2014/09/25 12:57:51.562 SKQuoteLib_AttachProductsReadyCallBack 
[7888] 2014/09/25 12:57:52.859 SKQuoteLib_EnterMonitor IP¡Ginfo12.capital.com.tw
[7888] 2014/09/25 12:57:53.171 SocketConnect Type¡G100  ErrorCode¡G0
[7888] 2014/09/25 12:57:55.750 Stocks Ready
[7888] 2014/09/25 12:57:55.765 SKQuoteLib_GetKLine(TX00,4)
[7888] 2014/09/25 12:57:55.765 SKQuoteLib_GetDate(TX00,4)
[7888] 2014/09/25 12:57:57.062 SKQuoteLib_GetKLine(TX00,1)
[7888] 2014/09/25 12:57:57.656 SKQuoteLib_RequestTicks (1,TX00)
[3992] 2014/09/25 13:39:24.187 API InitInstance 
[3992] 2014/09/25 13:39:26.875 SKQuoteLib_Initialize ¡GS122811334
[3992] 2014/09/25 13:39:26.875 SKQuoteLib_Initialize ¡Ghttps://order2.capital.com.tw/
[3992] 2014/09/25 13:39:27.421 SKQuoteLib_Initialize  SUCCESS 
[3992] 2014/09/25 13:39:27.421 SKQuoteLib_AttachConnectionCallBack 
[3992] 2014/09/25 13:39:27.421 SKQuoteLib_AttachQuoteCallBack 
[3992] 2014/09/25 13:39:27.421 SKQuoteLib_AttachBest5CallBack 
[3992] 2014/09/25 13:39:27.421 SKQuoteLib_AttachTicksGetCallBack 
[3992] 2014/09/25 13:39:27.421 SKQuoteLib_AttachKLineDataCallBack 
[3992] 2014/09/25 13:39:27.421 SKQuoteLib_AttachMarketTotCallBack 
[3992] 2014/09/25 13:39:27.421 SKQuoteLib_AttachMarketBuySellCallBack 
[3992] 2014/09/25 13:39:27.421 SKQuoteLib_AttachMarketHighLowCallBack 
[3992] 2014/09/25 13:39:27.421 SKQuoteLib_AttachStrikePricesCallBack 
[3992] 2014/09/25 13:39:27.421 SKQuoteLib_AttchServerTimeCallBack 
[3992] 2014/09/25 13:39:27.421 SKQuoteLib_AttachHistoryTicksGetCallBack 
[3992] 2014/09/25 13:39:27.421 SKQuoteLib_AttachProductsReadyCallBack 
[3992] 2014/09/25 13:39:27.453 SKQuoteLib_EnterMonitor IP¡Ginfo11.capital.com.tw
[3992] 2014/09/25 13:39:27.453 SocketConnect Type¡G100  ErrorCode¡G0
[3992] 2014/09/25 13:39:28.828 Stocks Ready
[3992] 2014/09/25 13:39:28.828 SKQuoteLib_GetKLine(TX00,4)
[3992] 2014/09/25 13:39:28.828 SKQuoteLib_GetDate(TX00,4)
[3992] 2014/09/25 13:39:29.531 SKQuoteLib_GetKLine(TX00,1)
[3992] 2014/09/25 13:39:30.125 SKQuoteLib_RequestTicks (1,TX00)
[3992] 2014/09/25 13:40:27.453 Check Link Status 
[3992] 2014/09/25 13:41:27.453 Check Link Status 
[3992] 2014/09/25 13:41:47.796 SKQuoteLib_LeaveMonitor 
[3992] 2014/09/25 13:41:47.796 SocketClose Type¡G101  ErrorCode¡G0
[3992] 2014/09/25 13:41:47.843 API ExitInstance 
[4052] 2014/09/25 20:57:45.046 API InitInstance 
[4052] 2014/09/25 20:57:45.953 API ExitInstance 
[2036] 2014/09/25 20:58:32.828 API InitInstance 
[2036] 2014/09/25 20:58:46.203 API ExitInstance 
[1540] 2014/09/25 21:02:47.734 API InitInstance 
[1540] 2014/09/25 21:02:51.640 SKQuoteLib_Initialize ¡GS122811334
[1540] 2014/09/25 21:02:51.640 SKQuoteLib_Initialize ¡Ghttps://order2.capital.com.tw/
[1540] 2014/09/25 21:02:53.031 SKQuoteLib_Initialize  SUCCESS 
[1540] 2014/09/25 21:02:53.031 SKQuoteLib_AttachConnectionCallBack 
[1540] 2014/09/25 21:02:53.031 SKQuoteLib_AttachQuoteCallBack 
[1540] 2014/09/25 21:02:53.031 SKQuoteLib_AttachBest5CallBack 
[1540] 2014/09/25 21:02:53.031 SKQuoteLib_AttachTicksGetCallBack 
[1540] 2014/09/25 21:02:53.031 SKQuoteLib_AttachKLineDataCallBack 
[1540] 2014/09/25 21:02:53.031 SKQuoteLib_AttachMarketTotCallBack 
[1540] 2014/09/25 21:02:53.031 SKQuoteLib_AttachMarketBuySellCallBack 
[1540] 2014/09/25 21:02:53.031 SKQuoteLib_AttachMarketHighLowCallBack 
[1540] 2014/09/25 21:02:53.031 SKQuoteLib_AttachStrikePricesCallBack 
[1540] 2014/09/25 21:02:53.031 SKQuoteLib_AttchServerTimeCallBack 
[1540] 2014/09/25 21:02:53.031 SKQuoteLib_AttachHistoryTicksGetCallBack 
[1540] 2014/09/25 21:02:53.031 SKQuoteLib_AttachProductsReadyCallBack 
[1540] 2014/09/25 21:02:53.156 SKQuoteLib_EnterMonitor IP¡Ginfo8.capital.com.tw
[1540] 2014/09/25 21:02:53.187 SocketConnect Type¡G100  ErrorCode¡G0
[1540] 2014/09/25 21:03:10.515 Stocks Ready
[1540] 2014/09/25 21:03:10.593 SKQuoteLib_GetKLine(TX00,4)
[1540] 2014/09/25 21:03:10.609 SKQuoteLib_GetDate(TX00,4)
[1540] 2014/09/25 21:03:12.734 SKQuoteLib_GetKLine(TX00,1)
[1540] 2014/09/25 21:03:13.625 SKQuoteLib_RequestTicks (1,TX00)
[1540] 2014/09/25 21:03:53.187 Check Link Status 
[1540] 2014/09/25 21:04:53.187 Check Link Status 
[1540] 2014/09/25 21:05:53.187 Check Link Status 
[1540] 2014/09/25 21:06:52.140 SKQuoteLib_LeaveMonitor 
[1540] 2014/09/25 21:06:52.140 SocketClose Type¡G101  ErrorCode¡G0
[1540] 2014/09/25 21:06:52.234 API ExitInstance 
[3956] 2014/09/25 21:07:20.187 API InitInstance 
[3956] 2014/09/25 21:07:20.921 API ExitInstance 
[1860] 2014/09/25 21:07:52.609 API InitInstance 
[1860] 2014/09/25 21:07:53.968 SKQuoteLib_Initialize ¡GS122811334
[1860] 2014/09/25 21:07:53.968 SKQuoteLib_Initialize ¡Ghttps://order2.capital.com.tw/
[1860] 2014/09/25 21:07:54.562 SKQuoteLib_Initialize  SUCCESS 
[1860] 2014/09/25 21:07:54.562 SKQuoteLib_AttachConnectionCallBack 
[1860] 2014/09/25 21:07:54.562 SKQuoteLib_AttachQuoteCallBack 
[1860] 2014/09/25 21:07:54.562 SKQuoteLib_AttachBest5CallBack 
[1860] 2014/09/25 21:07:54.562 SKQuoteLib_AttachTicksGetCallBack 
[1860] 2014/09/25 21:07:54.562 SKQuoteLib_AttachKLineDataCallBack 
[1860] 2014/09/25 21:07:54.562 SKQuoteLib_AttachMarketTotCallBack 
[1860] 2014/09/25 21:07:54.562 SKQuoteLib_AttachMarketBuySellCallBack 
[1860] 2014/09/25 21:07:54.562 SKQuoteLib_AttachMarketHighLowCallBack 
[1860] 2014/09/25 21:07:54.562 SKQuoteLib_AttachStrikePricesCallBack 
[1860] 2014/09/25 21:07:54.578 SKQuoteLib_AttchServerTimeCallBack 
[1860] 2014/09/25 21:07:54.578 SKQuoteLib_AttachHistoryTicksGetCallBack 
[1860] 2014/09/25 21:07:54.578 SKQuoteLib_AttachProductsReadyCallBack 
[1860] 2014/09/25 21:07:54.671 SKQuoteLib_EnterMonitor IP¡Ginfo9.capital.com.tw
[1860] 2014/09/25 21:07:54.718 SocketConnect Type¡G100  ErrorCode¡G0
[1860] 2014/09/25 21:08:12.015 Stocks Ready
[1860] 2014/09/25 21:08:12.031 SKQuoteLib_GetKLine(TX00,1)
[1860] 2014/09/25 21:08:13.234 SKQuoteLib_GetKLine(TX00,4)
[1860] 2014/09/25 21:08:13.234 SKQuoteLib_GetDate(TX00,4)
[1860] 2014/09/25 21:08:14.078 SKQuoteLib_RequestTicks (1,TX00)
[1860] 2014/09/25 21:08:54.718 Check Link Status 
[1860] 2014/09/25 21:09:54.718 Check Link Status 
[1860] 2014/09/25 21:10:54.718 Check Link Status 
[1860] 2014/09/25 21:11:54.718 Check Link Status 
[1860] 2014/09/25 21:12:54.718 Check Link Status 
[1860] 2014/09/25 21:13:54.718 Check Link Status 
[1860] 2014/09/25 21:14:54.718 Check Link Status 
[1860] 2014/09/25 21:15:54.718 Check Link Status 
[1860] 2014/09/25 21:16:54.718 Check Link Status 
[1860] 2014/09/25 21:17:54.718 Check Link Status 
[1860] 2014/09/25 21:18:54.718 Check Link Status 
[1860] 2014/09/25 21:19:54.718 Check Link Status 
[1860] 2014/09/25 21:20:54.718 Check Link Status 
[1860] 2014/09/25 21:21:54.718 Check Link Status 
[1860] 2014/09/25 21:22:54.718 Check Link Status 
[1860] 2014/09/25 21:23:54.718 Check Link Status 
[1860] 2014/09/25 21:24:54.718 Check Link Status 
[1860] 2014/09/25 21:25:54.718 Check Link Status 
[1860] 2014/09/25 21:26:54.718 Check Link Status 
[1860] 2014/09/25 21:27:54.718 Check Link Status 
[1860] 2014/09/25 21:28:54.718 Check Link Status 
[1860] 2014/09/25 21:29:54.718 Check Link Status 
[1860] 2014/09/25 21:30:54.718 Check Link Status 
[1860] 2014/09/25 21:31:54.718 Check Link Status 
[1860] 2014/09/25 21:32:54.718 Check Link Status 
[1860] 2014/09/25 21:33:54.718 Check Link Status 
[1860] 2014/09/25 21:34:54.718 Check Link Status 
[1860] 2014/09/25 21:35:54.718 Check Link Status 
[1860] 2014/09/25 21:36:54.718 Check Link Status 
[1860] 2014/09/25 21:37:54.718 Check Link Status 
[1860] 2014/09/25 21:38:54.718 Check Link Status 
[1860] 2014/09/25 21:39:54.718 Check Link Status 
[1860] 2014/09/25 21:40:54.718 Check Link Status 
[1860] 2014/09/25 21:41:11.734 SKQuoteLib_LeaveMonitor 
[1860] 2014/09/25 21:41:11.750 SocketClose Type¡G101  ErrorCode¡G0
[1860] 2014/09/25 21:41:11.812 API ExitInstance 
[4596] 2014/09/25 22:43:59.500 API InitInstance 
[4596] 2014/09/25 22:44:01.531 API ExitInstance 
[4840] 2014/09/25 22:44:56.312 API InitInstance 
[4840] 2014/09/25 22:44:59.109 SKQuoteLib_Initialize ¡GS122811334
[4840] 2014/09/25 22:44:59.109 SKQuoteLib_Initialize ¡Ghttps://order2.capital.com.tw/
[4840] 2014/09/25 22:45:00.968 SKQuoteLib_Initialize  SUCCESS 
[4840] 2014/09/25 22:45:01.000 SKQuoteLib_AttachConnectionCallBack 
[4840] 2014/09/25 22:45:01.000 SKQuoteLib_AttachQuoteCallBack 
[4840] 2014/09/25 22:45:01.000 SKQuoteLib_AttachBest5CallBack 
[4840] 2014/09/25 22:45:01.000 SKQuoteLib_AttachTicksGetCallBack 
[4840] 2014/09/25 22:45:01.015 SKQuoteLib_AttachKLineDataCallBack 
[4840] 2014/09/25 22:45:01.015 SKQuoteLib_AttachMarketTotCallBack 
[4840] 2014/09/25 22:45:01.015 SKQuoteLib_AttachMarketBuySellCallBack 
[4840] 2014/09/25 22:45:01.015 SKQuoteLib_AttachMarketHighLowCallBack 
[4840] 2014/09/25 22:45:01.015 SKQuoteLib_AttachStrikePricesCallBack 
[4840] 2014/09/25 22:45:01.015 SKQuoteLib_AttchServerTimeCallBack 
[4840] 2014/09/25 22:45:01.015 SKQuoteLib_AttachHistoryTicksGetCallBack 
[4840] 2014/09/25 22:45:01.015 SKQuoteLib_AttachProductsReadyCallBack 
[4840] 2014/09/25 22:45:01.265 SKQuoteLib_EnterMonitor IP¡Ginfo20.capital.com.tw
[4840] 2014/09/25 22:45:01.281 SocketConnect Type¡G100  ErrorCode¡G0
[4840] 2014/09/25 22:45:18.468 Stocks Ready
[4840] 2014/09/25 22:45:18.531 SKQuoteLib_GetKLine(TX00,1)
[4840] 2014/09/25 22:45:20.562 SKQuoteLib_GetKLine(TX00,4)
[4840] 2014/09/25 22:45:20.562 SKQuoteLib_GetDate(TX00,4)
[4840] 2014/09/25 22:45:22.218 SKQuoteLib_RequestTicks (1,TX00)
[4840] 2014/09/25 22:46:18.187 SocketErrorDisConnect Type¡G101  ErrorCode¡G0
[4092] 2014/09/25 22:47:13.812 API InitInstance 
[4092] 2014/09/25 22:47:16.171 SKQuoteLib_Initialize ¡GS122811334
[4092] 2014/09/25 22:47:16.171 SKQuoteLib_Initialize ¡Ghttps://order2.capital.com.tw/
[4092] 2014/09/25 22:47:18.828 SKQuoteLib_Initialize  SUCCESS 
[4092] 2014/09/25 22:47:18.828 SKQuoteLib_AttachConnectionCallBack 
[4092] 2014/09/25 22:47:18.968 SKQuoteLib_AttachQuoteCallBack 
[4092] 2014/09/25 22:47:18.968 SKQuoteLib_AttachBest5CallBack 
[4092] 2014/09/25 22:47:18.968 SKQuoteLib_AttachTicksGetCallBack 
[4092] 2014/09/25 22:47:18.968 SKQuoteLib_AttachKLineDataCallBack 
[4092] 2014/09/25 22:47:18.968 SKQuoteLib_AttachMarketTotCallBack 
[4092] 2014/09/25 22:47:18.968 SKQuoteLib_AttachMarketBuySellCallBack 
[4092] 2014/09/25 22:47:18.968 SKQuoteLib_AttachMarketHighLowCallBack 
[4092] 2014/09/25 22:47:18.968 SKQuoteLib_AttachStrikePricesCallBack 
[4092] 2014/09/25 22:47:18.968 SKQuoteLib_AttchServerTimeCallBack 
[4092] 2014/09/25 22:47:18.968 SKQuoteLib_AttachHistoryTicksGetCallBack 
[4092] 2014/09/25 22:47:18.968 SKQuoteLib_AttachProductsReadyCallBack 
[4092] 2014/09/25 22:47:19.109 SKQuoteLib_EnterMonitor IP¡Ginfo13.capital.com.tw
[4092] 2014/09/25 22:47:19.125 SocketConnect Type¡G100  ErrorCode¡G0
[4092] 2014/09/25 22:49:30.671 SocketErrorDisConnect Type¡G101  ErrorCode¡G0
[5152] 2014/09/25 22:50:55.750 API InitInstance 
[5152] 2014/09/25 22:50:57.671 SKQuoteLib_Initialize ¡GS122811334
[5152] 2014/09/25 22:50:57.671 SKQuoteLib_Initialize ¡Ghttps://order2.capital.com.tw/
[5152] 2014/09/25 22:50:58.500 SKQuoteLib_Initialize  SUCCESS 
[5152] 2014/09/25 22:50:58.500 SKQuoteLib_AttachConnectionCallBack 
[5152] 2014/09/25 22:50:58.500 SKQuoteLib_AttachQuoteCallBack 
[5152] 2014/09/25 22:50:58.500 SKQuoteLib_AttachBest5CallBack 
[5152] 2014/09/25 22:50:58.500 SKQuoteLib_AttachTicksGetCallBack 
[5152] 2014/09/25 22:50:58.500 SKQuoteLib_AttachKLineDataCallBack 
[5152] 2014/09/25 22:50:58.500 SKQuoteLib_AttachMarketTotCallBack 
[5152] 2014/09/25 22:50:58.500 SKQuoteLib_AttachMarketBuySellCallBack 
[5152] 2014/09/25 22:50:58.500 SKQuoteLib_AttachMarketHighLowCallBack 
[5152] 2014/09/25 22:50:58.500 SKQuoteLib_AttachStrikePricesCallBack 
[5152] 2014/09/25 22:50:58.500 SKQuoteLib_AttchServerTimeCallBack 
[5152] 2014/09/25 22:50:58.500 SKQuoteLib_AttachHistoryTicksGetCallBack 
[5152] 2014/09/25 22:50:58.500 SKQuoteLib_AttachProductsReadyCallBack 
[5152] 2014/09/25 22:50:58.625 SKQuoteLib_EnterMonitor IP¡Ginfo23.capital.com.tw
[5152] 2014/09/25 22:50:58.640 SocketConnect Type¡G100  ErrorCode¡G0
[5152] 2014/09/25 22:51:15.156 Stocks Ready
[5152] 2014/09/25 22:51:15.203 SKQuoteLib_GetKLine(TX00,4)
[5152] 2014/09/25 22:51:15.203 SKQuoteLib_GetDate(TX00,4)
[5152] 2014/09/25 22:51:16.359 SKQuoteLib_GetKLine(TX00,1)
[5152] 2014/09/25 22:51:18.406 SKQuoteLib_RequestTicks (1,TX00)
[5152] 2014/09/25 22:51:58.640 Check Link Status 
[5152] 2014/09/25 22:52:58.640 Check Link Status 
[5152] 2014/09/25 22:53:58.640 Check Link Status 
[5152] 2014/09/25 22:54:43.390 SKQuoteLib_LeaveMonitor 
[5152] 2014/09/25 22:54:43.406 SocketClose Type¡G101  ErrorCode¡G0
[5152] 2014/09/25 22:54:43.609 API ExitInstance 
[5776] 2014/09/25 22:55:50.125 API InitInstance 
[5776] 2014/09/25 22:56:24.468 SKQuoteLib_Initialize ¡GS122811334
[5776] 2014/09/25 22:56:24.468 SKQuoteLib_Initialize ¡Ghttps://order2.capital.com.tw/
[5776] 2014/09/25 22:56:25.406 SKQuoteLib_Initialize  SUCCESS 
[5776] 2014/09/25 22:56:25.406 SKQuoteLib_AttachConnectionCallBack 
[5776] 2014/09/25 22:56:25.406 SKQuoteLib_AttachQuoteCallBack 
[5776] 2014/09/25 22:56:25.406 SKQuoteLib_AttachBest5CallBack 
[5776] 2014/09/25 22:56:25.406 SKQuoteLib_AttachTicksGetCallBack 
[5776] 2014/09/25 22:56:25.406 SKQuoteLib_AttachKLineDataCallBack 
[5776] 2014/09/25 22:56:25.406 SKQuoteLib_AttachMarketTotCallBack 
[5776] 2014/09/25 22:56:25.406 SKQuoteLib_AttachMarketBuySellCallBack 
[5776] 2014/09/25 22:56:25.406 SKQuoteLib_AttachMarketHighLowCallBack 
[5776] 2014/09/25 22:56:25.406 SKQuoteLib_AttachStrikePricesCallBack 
[5776] 2014/09/25 22:56:25.406 SKQuoteLib_AttchServerTimeCallBack 
[5776] 2014/09/25 22:56:25.421 SKQuoteLib_AttachHistoryTicksGetCallBack 
[5776] 2014/09/25 22:56:25.421 SKQuoteLib_AttachProductsReadyCallBack 
[5776] 2014/09/25 22:56:25.531 SKQuoteLib_EnterMonitor IP¡Ginfo12.capital.com.tw
[5776] 2014/09/25 22:56:25.546 SocketConnect Type¡G100  ErrorCode¡G0
[5776] 2014/09/25 22:56:27.265 Stocks Ready
[5776] 2014/09/25 22:56:27.281 SKQuoteLib_GetKLine(TX00,4)
[5776] 2014/09/25 22:56:27.281 SKQuoteLib_GetDate(TX00,4)
[5776] 2014/09/25 22:56:28.453 SKQuoteLib_GetKLine(TX00,1)
[5776] 2014/09/25 22:56:29.593 SKQuoteLib_RequestTicks (1,TX00)
[5776] 2014/09/25 22:57:25.546 Check Link Status 
[5776] 2014/09/25 22:58:02.875 SKQuoteLib_LeaveMonitor 
[5776] 2014/09/25 22:58:02.890 SocketClose Type¡G101  ErrorCode¡G0
[5776] 2014/09/25 22:58:03.093 API ExitInstance 
[3972] 2014/09/25 22:58:43.765 API InitInstance 
[3972] 2014/09/25 22:58:57.718 SKQuoteLib_Initialize ¡GS122811334
[3972] 2014/09/25 22:58:57.718 SKQuoteLib_Initialize ¡Ghttps://order2.capital.com.tw/
[3972] 2014/09/25 22:58:58.656 SKQuoteLib_Initialize  SUCCESS 
[3972] 2014/09/25 22:58:58.656 SKQuoteLib_AttachConnectionCallBack 
[3972] 2014/09/25 22:58:58.656 SKQuoteLib_AttachQuoteCallBack 
[3972] 2014/09/25 22:58:58.656 SKQuoteLib_AttachBest5CallBack 
[3972] 2014/09/25 22:58:58.656 SKQuoteLib_AttachTicksGetCallBack 
[3972] 2014/09/25 22:58:58.656 SKQuoteLib_AttachKLineDataCallBack 
[3972] 2014/09/25 22:58:58.656 SKQuoteLib_AttachMarketTotCallBack 
[3972] 2014/09/25 22:58:58.656 SKQuoteLib_AttachMarketBuySellCallBack 
[3972] 2014/09/25 22:58:58.656 SKQuoteLib_AttachMarketHighLowCallBack 
[3972] 2014/09/25 22:58:58.656 SKQuoteLib_AttachStrikePricesCallBack 
[3972] 2014/09/25 22:58:58.656 SKQuoteLib_AttchServerTimeCallBack 
[3972] 2014/09/25 22:58:58.656 SKQuoteLib_AttachHistoryTicksGetCallBack 
[3972] 2014/09/25 22:58:58.656 SKQuoteLib_AttachProductsReadyCallBack 
[3972] 2014/09/25 22:58:58.765 SKQuoteLib_EnterMonitor IP¡Ginfo10.capital.com.tw
[3972] 2014/09/25 22:58:58.796 SocketConnect Type¡G100  ErrorCode¡G0
[3972] 2014/09/25 22:59:00.984 Stocks Ready
[3972] 2014/09/25 22:59:01.000 SKQuoteLib_GetKLine(TX00,4)
[3972] 2014/09/25 22:59:01.000 SKQuoteLib_GetDate(TX00,4)
[3972] 2014/09/25 22:59:02.250 SKQuoteLib_GetKLine(TX00,1)
[3972] 2014/09/25 22:59:03.796 SKQuoteLib_RequestTicks (1,TX00)
[3972] 2014/09/25 22:59:56.328 SKQuoteLib_LeaveMonitor 
[3972] 2014/09/25 22:59:56.328 SocketClose Type¡G101  ErrorCode¡G0
[3972] 2014/09/25 22:59:56.437 API ExitInstance 
[4868] 2014/09/25 23:00:48.593 API InitInstance 
[4868] 2014/09/25 23:00:59.921 API ExitInstance 
[4940] 2014/09/25 23:01:07.453 API InitInstance 
[4940] 2014/09/25 23:01:17.328 SKQuoteLib_Initialize ¡GS122811334
[4940] 2014/09/25 23:01:17.328 SKQuoteLib_Initialize ¡Ghttps://order2.capital.com.tw/
[4940] 2014/09/25 23:01:18.109 SKQuoteLib_Initialize  SUCCESS 
[4940] 2014/09/25 23:01:18.109 SKQuoteLib_AttachConnectionCallBack 
[4940] 2014/09/25 23:01:18.109 SKQuoteLib_AttachQuoteCallBack 
[4940] 2014/09/25 23:01:18.109 SKQuoteLib_AttachBest5CallBack 
[4940] 2014/09/25 23:01:18.109 SKQuoteLib_AttachTicksGetCallBack 
[4940] 2014/09/25 23:01:18.109 SKQuoteLib_AttachKLineDataCallBack 
[4940] 2014/09/25 23:01:18.109 SKQuoteLib_AttachMarketTotCallBack 
[4940] 2014/09/25 23:01:18.109 SKQuoteLib_AttachMarketBuySellCallBack 
[4940] 2014/09/25 23:01:18.109 SKQuoteLib_AttachMarketHighLowCallBack 
[4940] 2014/09/25 23:01:18.109 SKQuoteLib_AttachStrikePricesCallBack 
[4940] 2014/09/25 23:01:18.109 SKQuoteLib_AttchServerTimeCallBack 
[4940] 2014/09/25 23:01:18.109 SKQuoteLib_AttachHistoryTicksGetCallBack 
[4940] 2014/09/25 23:01:18.109 SKQuoteLib_AttachProductsReadyCallBack 
[4940] 2014/09/25 23:01:18.218 SKQuoteLib_EnterMonitor IP¡Ginfo9.capital.com.tw
[4940] 2014/09/25 23:01:18.250 SocketConnect Type¡G100  ErrorCode¡G0
[4940] 2014/09/25 23:02:07.890 Stocks Ready
[4940] 2014/09/25 23:02:07.906 SKQuoteLib_GetKLine(TX00,4)
[4940] 2014/09/25 23:02:07.906 SKQuoteLib_GetDate(TX00,4)
[4940] 2014/09/25 23:02:09.312 SKQuoteLib_GetKLine(TX00,1)
[4940] 2014/09/25 23:02:11.125 SKQuoteLib_RequestTicks (1,TX00)
[3572] 2014/09/25 23:05:02.468 API InitInstance 
[3572] 2014/09/25 23:06:00.703 SKQuoteLib_Initialize ¡GS122811334
[3572] 2014/09/25 23:06:00.703 SKQuoteLib_Initialize ¡Ghttps://order2.capital.com.tw/
[3572] 2014/09/25 23:06:01.546 SKQuoteLib_Initialize  SUCCESS 
[3572] 2014/09/25 23:06:01.546 SKQuoteLib_AttachConnectionCallBack 
[3572] 2014/09/25 23:06:01.546 SKQuoteLib_AttachQuoteCallBack 
[3572] 2014/09/25 23:06:01.546 SKQuoteLib_AttachBest5CallBack 
[3572] 2014/09/25 23:06:01.546 SKQuoteLib_AttachTicksGetCallBack 
[3572] 2014/09/25 23:06:01.546 SKQuoteLib_AttachKLineDataCallBack 
[3572] 2014/09/25 23:06:01.546 SKQuoteLib_AttachMarketTotCallBack 
[3572] 2014/09/25 23:06:01.546 SKQuoteLib_AttachMarketBuySellCallBack 
[3572] 2014/09/25 23:06:01.546 SKQuoteLib_AttachMarketHighLowCallBack 
[3572] 2014/09/25 23:06:01.562 SKQuoteLib_AttachStrikePricesCallBack 
[3572] 2014/09/25 23:06:01.562 SKQuoteLib_AttchServerTimeCallBack 
[3572] 2014/09/25 23:06:01.562 SKQuoteLib_AttachHistoryTicksGetCallBack 
[3572] 2014/09/25 23:06:01.562 SKQuoteLib_AttachProductsReadyCallBack 
[3572] 2014/09/25 23:06:02.671 SKQuoteLib_EnterMonitor IP¡Ginfo11.capital.com.tw
[3572] 2014/09/25 23:06:02.687 SocketConnect Type¡G100  ErrorCode¡G0
[3572] 2014/09/25 23:07:00.984 Stocks Ready
[3572] 2014/09/25 23:07:01.062 SKQuoteLib_GetKLine(TX00,1)
[3572] 2014/09/25 23:07:03.343 SKQuoteLib_GetKLine(TX00,4)
[3572] 2014/09/25 23:07:03.343 SKQuoteLib_GetDate(TX00,4)
[3572] 2014/09/25 23:07:03.859 Check Link Status 
[3572] 2014/09/25 23:07:04.843 SKQuoteLib_RequestTicks (1,TX00)
[3572] 2014/09/25 23:08:33.234 SocketErrorDisConnect Type¡G101  ErrorCode¡G0
[5980] 2014/09/25 23:09:11.875 API InitInstance 
[5980] 2014/09/25 23:09:29.546 SKQuoteLib_Initialize ¡GS122811334
[5980] 2014/09/25 23:09:29.546 SKQuoteLib_Initialize ¡Ghttps://order2.capital.com.tw/
[5980] 2014/09/25 23:09:30.468 SKQuoteLib_Initialize  SUCCESS 
[5980] 2014/09/25 23:09:30.468 SKQuoteLib_AttachConnectionCallBack 
[5980] 2014/09/25 23:09:30.468 SKQuoteLib_AttachQuoteCallBack 
[5980] 2014/09/25 23:09:30.468 SKQuoteLib_AttachBest5CallBack 
[5980] 2014/09/25 23:09:30.468 SKQuoteLib_AttachTicksGetCallBack 
[5980] 2014/09/25 23:09:30.484 SKQuoteLib_AttachKLineDataCallBack 
[5980] 2014/09/25 23:09:30.484 SKQuoteLib_AttachMarketTotCallBack 
[5980] 2014/09/25 23:09:30.484 SKQuoteLib_AttachMarketBuySellCallBack 
[5980] 2014/09/25 23:09:30.484 SKQuoteLib_AttachMarketHighLowCallBack 
[5980] 2014/09/25 23:09:30.484 SKQuoteLib_AttachStrikePricesCallBack 
[5980] 2014/09/25 23:09:30.484 SKQuoteLib_AttchServerTimeCallBack 
[5980] 2014/09/25 23:09:30.484 SKQuoteLib_AttachHistoryTicksGetCallBack 
[5980] 2014/09/25 23:09:30.484 SKQuoteLib_AttachProductsReadyCallBack 
[5980] 2014/09/25 23:09:30.484 SKQuoteLib_EnterMonitor IP¡Ginfo23.capital.com.tw
[5980] 2014/09/25 23:09:30.515 SocketConnect Type¡G100  ErrorCode¡G0
[5980] 2014/09/25 23:10:25.734 Stocks Ready
[5980] 2014/09/25 23:10:25.750 SKQuoteLib_GetKLine(TX00,4)
[5980] 2014/09/25 23:10:25.750 SKQuoteLib_GetDate(TX00,4)
[5980] 2014/09/25 23:10:26.906 SKQuoteLib_GetKLine(TX00,1)
[5980] 2014/09/25 23:10:28.437 SKQuoteLib_RequestTicks (1,TX00)
[5980] 2014/09/25 23:10:58.406 Check Link Status 
[5980] 2014/09/25 23:11:25.187 SKQuoteLib_LeaveMonitor 
[5980] 2014/09/25 23:11:25.187 SocketClose Type¡G101  ErrorCode¡G0
[5980] 2014/09/25 23:11:25.296 API ExitInstance 
[4448] 2014/09/25 23:13:37.109 API InitInstance 
[4448] 2014/09/25 23:13:43.703 SKQuoteLib_Initialize ¡GS122811334
[4448] 2014/09/25 23:13:43.703 SKQuoteLib_Initialize ¡Ghttps://order2.capital.com.tw/
[4448] 2014/09/25 23:13:44.328 SKQuoteLib_Initialize  SUCCESS 
[4448] 2014/09/25 23:13:44.328 SKQuoteLib_AttachConnectionCallBack 
[4448] 2014/09/25 23:13:44.328 SKQuoteLib_AttachQuoteCallBack 
[4448] 2014/09/25 23:13:44.328 SKQuoteLib_AttachBest5CallBack 
[4448] 2014/09/25 23:13:44.328 SKQuoteLib_AttachTicksGetCallBack 
[4448] 2014/09/25 23:13:44.328 SKQuoteLib_AttachKLineDataCallBack 
[4448] 2014/09/25 23:13:44.328 SKQuoteLib_AttachMarketTotCallBack 
[4448] 2014/09/25 23:13:44.328 SKQuoteLib_AttachMarketBuySellCallBack 
[4448] 2014/09/25 23:13:44.328 SKQuoteLib_AttachMarketHighLowCallBack 
[4448] 2014/09/25 23:13:44.328 SKQuoteLib_AttachStrikePricesCallBack 
[4448] 2014/09/25 23:13:44.328 SKQuoteLib_AttchServerTimeCallBack 
[4448] 2014/09/25 23:13:44.328 SKQuoteLib_AttachHistoryTicksGetCallBack 
[4448] 2014/09/25 23:13:44.328 SKQuoteLib_AttachProductsReadyCallBack 
[4448] 2014/09/25 23:13:44.453 SKQuoteLib_EnterMonitor IP¡Ginfo20.capital.com.tw
[4448] 2014/09/25 23:13:44.468 SocketConnect Type¡G100  ErrorCode¡G0
[4448] 2014/09/25 23:13:45.468 Stocks Ready
[4448] 2014/09/25 23:13:45.484 SKQuoteLib_GetKLine(TX00,1)
[4448] 2014/09/25 23:13:46.421 SKQuoteLib_GetKLine(TX00,4)
[4448] 2014/09/25 23:13:46.421 SKQuoteLib_GetDate(TX00,4)
[4448] 2014/09/25 23:13:47.015 SKQuoteLib_RequestTicks (1,TX00)
[4448] 2014/09/25 23:14:40.265 SKQuoteLib_LeaveMonitor 
[4448] 2014/09/25 23:14:40.265 SocketClose Type¡G101  ErrorCode¡G0
[4448] 2014/09/25 23:14:40.343 API ExitInstance 
[2308] 2014/09/25 23:37:21.187 API InitInstance 
[2308] 2014/09/25 23:37:22.265 API ExitInstance 
[1588] 2014/09/25 23:38:05.593 API InitInstance 
[1588] 2014/09/25 23:38:06.265 API ExitInstance 
[3084] 2014/09/25 23:38:29.031 API InitInstance 
[3084] 2014/09/25 23:38:29.890 API ExitInstance 
[1500] 2014/09/25 23:39:20.515 API InitInstance 
[1500] 2014/09/25 23:39:24.515 SKQuoteLib_Initialize ¡GS122811334
[1500] 2014/09/25 23:39:24.515 SKQuoteLib_Initialize ¡Ghttps://order2.capital.com.tw/
[1500] 2014/09/25 23:39:25.093 SKQuoteLib_Initialize  SUCCESS 
[1500] 2014/09/25 23:39:25.093 SKQuoteLib_AttachConnectionCallBack 
[1500] 2014/09/25 23:39:25.093 SKQuoteLib_AttachQuoteCallBack 
[1500] 2014/09/25 23:39:25.093 SKQuoteLib_AttachBest5CallBack 
[1500] 2014/09/25 23:39:25.093 SKQuoteLib_AttachTicksGetCallBack 
[1500] 2014/09/25 23:39:25.093 SKQuoteLib_AttachKLineDataCallBack 
[1500] 2014/09/25 23:39:25.093 SKQuoteLib_AttachMarketTotCallBack 
[1500] 2014/09/25 23:39:25.093 SKQuoteLib_AttachMarketBuySellCallBack 
[1500] 2014/09/25 23:39:25.093 SKQuoteLib_AttachMarketHighLowCallBack 
[1500] 2014/09/25 23:39:25.093 SKQuoteLib_AttachStrikePricesCallBack 
[1500] 2014/09/25 23:39:25.093 SKQuoteLib_AttchServerTimeCallBack 
[1500] 2014/09/25 23:39:25.093 SKQuoteLib_AttachHistoryTicksGetCallBack 
[1500] 2014/09/25 23:39:25.093 SKQuoteLib_AttachProductsReadyCallBack 
[1500] 2014/09/25 23:39:25.296 SKQuoteLib_EnterMonitor IP¡Ginfo11.capital.com.tw
[1500] 2014/09/25 23:39:25.328 SocketConnect Type¡G100  ErrorCode¡G0
[1500] 2014/09/25 23:39:26.171 Stocks Ready
[1500] 2014/09/25 23:39:26.281 SKQuoteLib_GetKLine(TX00,4)
[1500] 2014/09/25 23:39:26.281 SKQuoteLib_GetDate(TX00,4)
[1500] 2014/09/25 23:39:27.125 SKQuoteLib_GetKLine(TX00,1)
[1500] 2014/09/25 23:39:27.734 SKQuoteLib_RequestTicks (1,TX00)
[1500] 2014/09/25 23:40:25.328 Check Link Status 
[1500] 2014/09/25 23:40:51.312 SKQuoteLib_LeaveMonitor 
[1500] 2014/09/25 23:40:51.312 SocketClose Type¡G101  ErrorCode¡G0
[1500] 2014/09/25 23:40:51.375 API ExitInstance 
[2608] 2014/09/25 23:42:29.296 API InitInstance 
[2608] 2014/09/25 23:42:30.093 API ExitInstance 
[1556] 2014/09/25 23:43:23.890 API InitInstance 
[1556] 2014/09/25 23:43:37.906 SKQuoteLib_Initialize ¡GS122811334
[1556] 2014/09/25 23:43:37.906 SKQuoteLib_Initialize ¡Ghttps://order2.capital.com.tw/
[1556] 2014/09/25 23:43:38.328 SKQuoteLib_Initialize  SUCCESS 
[1556] 2014/09/25 23:43:38.328 SKQuoteLib_AttachConnectionCallBack 
[1556] 2014/09/25 23:43:38.328 SKQuoteLib_AttachQuoteCallBack 
[1556] 2014/09/25 23:43:38.328 SKQuoteLib_AttachBest5CallBack 
[1556] 2014/09/25 23:43:38.328 SKQuoteLib_AttachTicksGetCallBack 
[1556] 2014/09/25 23:43:38.328 SKQuoteLib_AttachKLineDataCallBack 
[1556] 2014/09/25 23:43:38.328 SKQuoteLib_AttachMarketTotCallBack 
[1556] 2014/09/25 23:43:38.328 SKQuoteLib_AttachMarketBuySellCallBack 
[1556] 2014/09/25 23:43:38.328 SKQuoteLib_AttachMarketHighLowCallBack 
[1556] 2014/09/25 23:43:38.343 SKQuoteLib_AttachStrikePricesCallBack 
[1556] 2014/09/25 23:43:38.343 SKQuoteLib_AttchServerTimeCallBack 
[1556] 2014/09/25 23:43:38.343 SKQuoteLib_AttachHistoryTicksGetCallBack 
[1556] 2014/09/25 23:43:38.343 SKQuoteLib_AttachProductsReadyCallBack 
[1556] 2014/09/25 23:43:38.437 SKQuoteLib_EnterMonitor IP¡Ginfo23.capital.com.tw
[1556] 2014/09/25 23:43:38.453 SocketConnect Type¡G100  ErrorCode¡G0
[1556] 2014/09/25 23:43:39.281 Stocks Ready
[1556] 2014/09/25 23:43:39.296 SKQuoteLib_GetKLine(TX00,4)
[1556] 2014/09/25 23:43:39.296 SKQuoteLib_GetDate(TX00,4)
[1556] 2014/09/25 23:43:40.125 SKQuoteLib_GetKLine(TX00,1)
[1556] 2014/09/25 23:43:40.718 SKQuoteLib_RequestTicks (1,TX00)
[1556] 2014/09/25 23:44:06.828 SKQuoteLib_LeaveMonitor 
[1556] 2014/09/25 23:44:06.828 SocketClose Type¡G101  ErrorCode¡G0
[1556] 2014/09/25 23:44:06.890 API ExitInstance 
[2960] 2014/09/25 23:46:21.203 API InitInstance 
[2960] 2014/09/25 23:46:23.718 API ExitInstance 
[952] 2014/09/25 23:46:48.421 API InitInstance 
[952] 2014/09/25 23:46:57.421 SKQuoteLib_Initialize ¡GS122811334
[952] 2014/09/25 23:46:57.421 SKQuoteLib_Initialize ¡Ghttps://order2.capital.com.tw/
[952] 2014/09/25 23:46:57.890 SKQuoteLib_Initialize  SUCCESS 
[952] 2014/09/25 23:46:57.890 SKQuoteLib_AttachConnectionCallBack 
[952] 2014/09/25 23:46:57.890 SKQuoteLib_AttachQuoteCallBack 
[952] 2014/09/25 23:46:57.890 SKQuoteLib_AttachBest5CallBack 
[952] 2014/09/25 23:46:57.890 SKQuoteLib_AttachTicksGetCallBack 
[952] 2014/09/25 23:46:57.890 SKQuoteLib_AttachKLineDataCallBack 
[952] 2014/09/25 23:46:57.890 SKQuoteLib_AttachMarketTotCallBack 
[952] 2014/09/25 23:46:57.890 SKQuoteLib_AttachMarketBuySellCallBack 
[952] 2014/09/25 23:46:57.890 SKQuoteLib_AttachMarketHighLowCallBack 
[952] 2014/09/25 23:46:57.890 SKQuoteLib_AttachStrikePricesCallBack 
[952] 2014/09/25 23:46:57.890 SKQuoteLib_AttchServerTimeCallBack 
[952] 2014/09/25 23:46:57.890 SKQuoteLib_AttachHistoryTicksGetCallBack 
[952] 2014/09/25 23:46:57.890 SKQuoteLib_AttachProductsReadyCallBack 
[952] 2014/09/25 23:46:58.000 SKQuoteLib_EnterMonitor IP¡Ginfo9.capital.com.tw
[952] 2014/09/25 23:46:58.015 SocketConnect Type¡G100  ErrorCode¡G0
[952] 2014/09/25 23:46:58.859 Stocks Ready
[952] 2014/09/25 23:46:58.890 SKQuoteLib_GetKLine(TX00,4)
[952] 2014/09/25 23:46:58.890 SKQuoteLib_GetDate(TX00,4)
[952] 2014/09/25 23:47:01.203 SKQuoteLib_GetKLine(TX00,1)
[952] 2014/09/25 23:47:03.437 SKQuoteLib_RequestTicks (1,TX00)
[952] 2014/09/25 23:48:01.843 Check Link Status 
[952] 2014/09/25 23:48:51.015 SKQuoteLib_LeaveMonitor 
[952] 2014/09/25 23:48:51.031 SocketClose Type¡G101  ErrorCode¡G0
[952] 2014/09/25 23:48:51.093 API ExitInstance 
[2500] 2014/09/25 23:50:06.046 API InitInstance 
[2500] 2014/09/25 23:50:32.875 API ExitInstance 
[3916] 2014/09/25 23:50:53.781 API InitInstance 
[3916] 2014/09/25 23:51:04.390 SKQuoteLib_Initialize ¡GS122811334
[3916] 2014/09/25 23:51:04.390 SKQuoteLib_Initialize ¡Ghttps://order2.capital.com.tw/
[3916] 2014/09/25 23:51:04.828 SKQuoteLib_Initialize  SUCCESS 
[3916] 2014/09/25 23:51:04.828 SKQuoteLib_AttachConnectionCallBack 
[3916] 2014/09/25 23:51:04.828 SKQuoteLib_AttachQuoteCallBack 
[3916] 2014/09/25 23:51:04.828 SKQuoteLib_AttachBest5CallBack 
[3916] 2014/09/25 23:51:04.828 SKQuoteLib_AttachTicksGetCallBack 
[3916] 2014/09/25 23:51:04.828 SKQuoteLib_AttachKLineDataCallBack 
[3916] 2014/09/25 23:51:04.828 SKQuoteLib_AttachMarketTotCallBack 
[3916] 2014/09/25 23:51:04.828 SKQuoteLib_AttachMarketBuySellCallBack 
[3916] 2014/09/25 23:51:04.828 SKQuoteLib_AttachMarketHighLowCallBack 
[3916] 2014/09/25 23:51:04.828 SKQuoteLib_AttachStrikePricesCallBack 
[3916] 2014/09/25 23:51:04.828 SKQuoteLib_AttchServerTimeCallBack 
[3916] 2014/09/25 23:51:04.828 SKQuoteLib_AttachHistoryTicksGetCallBack 
[3916] 2014/09/25 23:51:04.828 SKQuoteLib_AttachProductsReadyCallBack 
[3916] 2014/09/25 23:51:04.937 SKQuoteLib_EnterMonitor IP¡Ginfo10.capital.com.tw
[3916] 2014/09/25 23:51:04.953 SocketConnect Type¡G100  ErrorCode¡G0
[3916] 2014/09/25 23:51:05.796 Stocks Ready
[3916] 2014/09/25 23:51:05.812 SKQuoteLib_GetKLine(TX00,4)
[3916] 2014/09/25 23:51:05.812 SKQuoteLib_GetDate(TX00,4)
[3916] 2014/09/25 23:51:06.531 SKQuoteLib_GetKLine(TX00,1)
[3916] 2014/09/25 23:51:07.109 SKQuoteLib_RequestTicks (1,TX00)
[3916] 2014/09/25 23:52:04.953 Check Link Status 
[3916] 2014/09/25 23:52:46.921 SKQuoteLib_LeaveMonitor 
[3916] 2014/09/25 23:52:46.921 SocketClose Type¡G101  ErrorCode¡G0
[3916] 2014/09/25 23:52:46.984 API ExitInstance 
[3856] 2014/09/25 23:56:05.687 API InitInstance 
[3856] 2014/09/25 23:56:07.671 API ExitInstance 
[3636] 2014/09/25 23:56:47.296 API InitInstance 
[3636] 2014/09/25 23:56:59.187 SKQuoteLib_Initialize ¡GS122811334
[3636] 2014/09/25 23:56:59.187 SKQuoteLib_Initialize ¡Ghttps://order2.capital.com.tw/
[3636] 2014/09/25 23:56:59.640 SKQuoteLib_Initialize  SUCCESS 
[3636] 2014/09/25 23:56:59.640 SKQuoteLib_AttachConnectionCallBack 
[3636] 2014/09/25 23:56:59.640 SKQuoteLib_AttachQuoteCallBack 
[3636] 2014/09/25 23:56:59.640 SKQuoteLib_AttachBest5CallBack 
[3636] 2014/09/25 23:56:59.640 SKQuoteLib_AttachTicksGetCallBack 
[3636] 2014/09/25 23:56:59.640 SKQuoteLib_AttachKLineDataCallBack 
[3636] 2014/09/25 23:56:59.640 SKQuoteLib_AttachMarketTotCallBack 
[3636] 2014/09/25 23:56:59.640 SKQuoteLib_AttachMarketBuySellCallBack 
[3636] 2014/09/25 23:56:59.656 SKQuoteLib_AttachMarketHighLowCallBack 
[3636] 2014/09/25 23:56:59.656 SKQuoteLib_AttachStrikePricesCallBack 
[3636] 2014/09/25 23:56:59.656 SKQuoteLib_AttchServerTimeCallBack 
[3636] 2014/09/25 23:56:59.656 SKQuoteLib_AttachHistoryTicksGetCallBack 
[3636] 2014/09/25 23:56:59.656 SKQuoteLib_AttachProductsReadyCallBack 
[3636] 2014/09/25 23:56:59.656 SKQuoteLib_EnterMonitor IP¡Ginfo23.capital.com.tw
[3636] 2014/09/25 23:56:59.671 SocketConnect Type¡G100  ErrorCode¡G0
[3636] 2014/09/25 23:57:00.546 Stocks Ready
[3636] 2014/09/25 23:57:00.546 SKQuoteLib_GetKLine(TX00,4)
[3636] 2014/09/25 23:57:00.546 SKQuoteLib_GetDate(TX00,4)
[3636] 2014/09/25 23:57:01.296 SKQuoteLib_GetKLine(TX00,1)
[3636] 2014/09/25 23:57:01.890 SKQuoteLib_RequestTicks (1,TX00)
[3636] 2014/09/25 23:57:59.671 Check Link Status 
[3636] 2014/09/25 23:58:45.984 SKQuoteLib_LeaveMonitor 
[3636] 2014/09/25 23:58:45.984 SocketClose Type¡G101  ErrorCode¡G0
[3636] 2014/09/25 23:58:46.031 API ExitInstance 
