[5260] 2014/09/05 00:25:10.968 API InitInstance 
[5260] 2014/09/05 00:25:12.328 API ExitInstance 
[5988] 2014/09/05 00:30:48.593 API InitInstance 
[5988] 2014/09/05 00:30:50.468 SKQuoteLib_Initialize ¡GS122811334
[5988] 2014/09/05 00:30:50.468 SKQuoteLib_Initialize ¡Ghttps://order2.capital.com.tw/
[5988] 2014/09/05 00:30:51.578 SKQuoteLib_Initialize  SUCCESS 
[5988] 2014/09/05 00:30:51.578 SKQuoteLib_AttachConnectionCallBack 
[5988] 2014/09/05 00:30:51.578 SKQuoteLib_AttachQuoteCallBack 
[5988] 2014/09/05 00:30:51.578 SKQuoteLib_AttachBest5CallBack 
[5988] 2014/09/05 00:30:51.593 SKQuoteLib_AttachTicksGetCallBack 
[5988] 2014/09/05 00:30:51.593 SKQuoteLib_AttachKLineDataCallBack 
[5988] 2014/09/05 00:30:51.593 SKQuoteLib_AttachMarketTotCallBack 
[5988] 2014/09/05 00:30:51.593 SKQuoteLib_AttachMarketBuySellCallBack 
[5988] 2014/09/05 00:30:51.593 SKQuoteLib_AttachMarketHighLowCallBack 
[5988] 2014/09/05 00:30:51.593 SKQuoteLib_AttachStrikePricesCallBack 
[5988] 2014/09/05 00:30:51.593 SKQuoteLib_AttchServerTimeCallBack 
[5988] 2014/09/05 00:30:51.593 SKQuoteLib_AttachHistoryTicksGetCallBack 
[5988] 2014/09/05 00:30:51.593 SKQuoteLib_AttachProductsReadyCallBack 
[5988] 2014/09/05 00:30:51.703 SKQuoteLib_EnterMonitor IP¡Ginfo13.capital.com.tw
[5988] 2014/09/05 00:30:51.734 SocketConnect Type¡G100  ErrorCode¡G0
[5988] 2014/09/05 00:31:18.062 Stocks Ready
[5988] 2014/09/05 00:31:54.375 Check Link Status 
[5988] 2014/09/05 00:31:54.375 SKQuoteLib_RequestTicks (1,1402)
[4404] 2014/09/05 00:39:05.906 API InitInstance 
[4404] 2014/09/05 00:39:22.812 API ExitInstance 
[4468] 2014/09/05 00:39:27.000 API InitInstance 
[4468] 2014/09/05 00:39:32.421 API ExitInstance 
[4552] 2014/09/05 00:39:49.406 API InitInstance 
[4312] 2014/09/05 00:41:58.015 API InitInstance 
[4312] 2014/09/05 00:42:16.265 SKQuoteLib_Initialize ¡GS122811334
[4312] 2014/09/05 00:42:16.265 SKQuoteLib_Initialize ¡Ghttps://order2.capital.com.tw/
[4312] 2014/09/05 00:42:16.859 SKQuoteLib_Initialize  SUCCESS 
[4312] 2014/09/05 00:42:16.859 SKQuoteLib_AttachConnectionCallBack 
[4312] 2014/09/05 00:42:16.859 SKQuoteLib_AttachQuoteCallBack 
[4312] 2014/09/05 00:42:16.859 SKQuoteLib_AttachBest5CallBack 
[4312] 2014/09/05 00:42:16.859 SKQuoteLib_AttachTicksGetCallBack 
[4312] 2014/09/05 00:42:16.859 SKQuoteLib_AttachKLineDataCallBack 
[4312] 2014/09/05 00:42:16.859 SKQuoteLib_AttachMarketTotCallBack 
[4312] 2014/09/05 00:42:16.859 SKQuoteLib_AttachMarketBuySellCallBack 
[4312] 2014/09/05 00:42:16.859 SKQuoteLib_AttachMarketHighLowCallBack 
[4312] 2014/09/05 00:42:16.859 SKQuoteLib_AttachStrikePricesCallBack 
[4312] 2014/09/05 00:42:16.859 SKQuoteLib_AttchServerTimeCallBack 
[4312] 2014/09/05 00:42:16.859 SKQuoteLib_AttachHistoryTicksGetCallBack 
[4312] 2014/09/05 00:42:16.859 SKQuoteLib_AttachProductsReadyCallBack 
[4312] 2014/09/05 00:42:16.875 SKQuoteLib_EnterMonitor IP¡Ginfo13.capital.com.tw
[4312] 2014/09/05 00:42:16.890 SocketConnect Type¡G100  ErrorCode¡G0
[4312] 2014/09/05 00:42:35.328 Stocks Ready
[4312] 2014/09/05 00:42:39.546 SKQuoteLib_RequestTicks (1,1402)
[5264] 2014/09/05 00:44:10.171 API InitInstance 
[5264] 2014/09/05 00:44:13.015 API ExitInstance 
[5368] 2014/09/05 00:44:58.281 API InitInstance 
[5368] 2014/09/05 00:45:01.281 SKQuoteLib_Initialize ¡GS122811334
[5368] 2014/09/05 00:45:01.281 SKQuoteLib_Initialize ¡Ghttps://order2.capital.com.tw/
[5368] 2014/09/05 00:45:01.906 SKQuoteLib_Initialize  SUCCESS 
[5368] 2014/09/05 00:45:01.906 SKQuoteLib_AttachConnectionCallBack 
[5368] 2014/09/05 00:45:01.906 SKQuoteLib_AttachQuoteCallBack 
[5368] 2014/09/05 00:45:01.906 SKQuoteLib_AttachBest5CallBack 
[5368] 2014/09/05 00:45:01.906 SKQuoteLib_AttachTicksGetCallBack 
[5368] 2014/09/05 00:45:01.906 SKQuoteLib_AttachKLineDataCallBack 
[5368] 2014/09/05 00:45:01.906 SKQuoteLib_AttachMarketTotCallBack 
[5368] 2014/09/05 00:45:01.906 SKQuoteLib_AttachMarketBuySellCallBack 
[5368] 2014/09/05 00:45:01.906 SKQuoteLib_AttachMarketHighLowCallBack 
[5368] 2014/09/05 00:45:01.906 SKQuoteLib_AttachStrikePricesCallBack 
[5368] 2014/09/05 00:45:01.906 SKQuoteLib_AttchServerTimeCallBack 
[5368] 2014/09/05 00:45:01.906 SKQuoteLib_AttachHistoryTicksGetCallBack 
[5368] 2014/09/05 00:45:01.906 SKQuoteLib_AttachProductsReadyCallBack 
[5368] 2014/09/05 00:45:02.031 SKQuoteLib_EnterMonitor IP¡Ginfo22.capital.com.tw
[5368] 2014/09/05 00:45:02.046 SocketConnect Type¡G100  ErrorCode¡G0
[5368] 2014/09/05 00:45:22.734 Stocks Ready
[5368] 2014/09/05 00:45:26.578 SKQuoteLib_RequestTicks (1,1402)
[5368] 2014/09/05 00:46:02.046 Check Link Status 
[4176] 2014/09/05 01:06:59.890 API InitInstance 
[4176] 2014/09/05 01:07:01.015 API ExitInstance 
[4200] 2014/09/05 01:42:39.343 API InitInstance 
[4200] 2014/09/05 01:42:40.218 API ExitInstance 
[4584] 2014/09/05 01:46:57.343 API InitInstance 
[4584] 2014/09/05 01:46:58.875 SKQuoteLib_Initialize ¡GS122811334
[4584] 2014/09/05 01:46:58.875 SKQuoteLib_Initialize ¡Ghttps://order2.capital.com.tw/
[4584] 2014/09/05 01:46:59.578 SKQuoteLib_Initialize  SUCCESS 
[4584] 2014/09/05 01:46:59.578 SKQuoteLib_AttachConnectionCallBack 
[4584] 2014/09/05 01:46:59.578 SKQuoteLib_AttachQuoteCallBack 
[4584] 2014/09/05 01:46:59.578 SKQuoteLib_AttachBest5CallBack 
[4584] 2014/09/05 01:46:59.578 SKQuoteLib_AttachTicksGetCallBack 
[4584] 2014/09/05 01:46:59.578 SKQuoteLib_AttachKLineDataCallBack 
[4584] 2014/09/05 01:46:59.578 SKQuoteLib_AttachMarketTotCallBack 
[4584] 2014/09/05 01:46:59.578 SKQuoteLib_AttachMarketBuySellCallBack 
[4584] 2014/09/05 01:46:59.578 SKQuoteLib_AttachMarketHighLowCallBack 
[4584] 2014/09/05 01:46:59.578 SKQuoteLib_AttachStrikePricesCallBack 
[4584] 2014/09/05 01:46:59.578 SKQuoteLib_AttchServerTimeCallBack 
[4584] 2014/09/05 01:46:59.578 SKQuoteLib_AttachHistoryTicksGetCallBack 
[4584] 2014/09/05 01:46:59.578 SKQuoteLib_AttachProductsReadyCallBack 
[4584] 2014/09/05 01:46:59.703 SKQuoteLib_EnterMonitor IP¡Ginfo24.capital.com.tw
[4584] 2014/09/05 01:46:59.718 SocketConnect Type¡G100  ErrorCode¡G0
[4584] 2014/09/05 01:47:16.156 Stocks Ready
[4584] 2014/09/05 01:47:18.250 SKQuoteLib_RequestTicks (1,1402)
[4584] 2014/09/05 01:47:59.718 Check Link Status 
[4584] 2014/09/05 01:48:59.718 Check Link Status 
[4584] 2014/09/05 01:49:59.718 Check Link Status 
[4584] 2014/09/05 01:50:59.718 Check Link Status 
[5308] 2014/09/05 01:52:55.750 API InitInstance 
[5308] 2014/09/05 01:52:56.937 SKQuoteLib_Initialize ¡GS122811334
[5308] 2014/09/05 01:52:56.937 SKQuoteLib_Initialize ¡Ghttps://order2.capital.com.tw/
[5308] 2014/09/05 01:52:57.640 SKQuoteLib_Initialize  SUCCESS 
[5308] 2014/09/05 01:52:57.640 SKQuoteLib_AttachConnectionCallBack 
[5308] 2014/09/05 01:52:57.640 SKQuoteLib_AttachQuoteCallBack 
[5308] 2014/09/05 01:52:57.640 SKQuoteLib_AttachBest5CallBack 
[5308] 2014/09/05 01:52:57.640 SKQuoteLib_AttachTicksGetCallBack 
[5308] 2014/09/05 01:52:57.640 SKQuoteLib_AttachKLineDataCallBack 
[5308] 2014/09/05 01:52:57.640 SKQuoteLib_AttachMarketTotCallBack 
[5308] 2014/09/05 01:52:57.640 SKQuoteLib_AttachMarketBuySellCallBack 
[5308] 2014/09/05 01:52:57.640 SKQuoteLib_AttachMarketHighLowCallBack 
[5308] 2014/09/05 01:52:57.640 SKQuoteLib_AttachStrikePricesCallBack 
[5308] 2014/09/05 01:52:57.640 SKQuoteLib_AttchServerTimeCallBack 
[5308] 2014/09/05 01:52:57.640 SKQuoteLib_AttachHistoryTicksGetCallBack 
[5308] 2014/09/05 01:52:57.640 SKQuoteLib_AttachProductsReadyCallBack 
[5308] 2014/09/05 01:52:57.750 SKQuoteLib_EnterMonitor IP¡Ginfo11.capital.com.tw
[5308] 2014/09/05 01:52:57.781 SocketConnect Type¡G100  ErrorCode¡G0
[5308] 2014/09/05 01:53:13.546 Stocks Ready
[5308] 2014/09/05 01:53:16.343 SKQuoteLib_RequestTicks (1,1402)
[5808] 2014/09/05 01:54:30.765 API InitInstance 
[5808] 2014/09/05 01:54:32.437 SKQuoteLib_Initialize ¡GS122811334
[5808] 2014/09/05 01:54:32.437 SKQuoteLib_Initialize ¡Ghttps://order2.capital.com.tw/
[5808] 2014/09/05 01:54:33.078 SKQuoteLib_Initialize  SUCCESS 
[5808] 2014/09/05 01:54:33.078 SKQuoteLib_AttachConnectionCallBack 
[5808] 2014/09/05 01:54:33.078 SKQuoteLib_AttachQuoteCallBack 
[5808] 2014/09/05 01:54:33.078 SKQuoteLib_AttachBest5CallBack 
[5808] 2014/09/05 01:54:33.078 SKQuoteLib_AttachTicksGetCallBack 
[5808] 2014/09/05 01:54:33.078 SKQuoteLib_AttachKLineDataCallBack 
[5808] 2014/09/05 01:54:33.078 SKQuoteLib_AttachMarketTotCallBack 
[5808] 2014/09/05 01:54:33.078 SKQuoteLib_AttachMarketBuySellCallBack 
[5808] 2014/09/05 01:54:33.078 SKQuoteLib_AttachMarketHighLowCallBack 
[5808] 2014/09/05 01:54:33.078 SKQuoteLib_AttachStrikePricesCallBack 
[5808] 2014/09/05 01:54:33.078 SKQuoteLib_AttchServerTimeCallBack 
[5808] 2014/09/05 01:54:33.078 SKQuoteLib_AttachHistoryTicksGetCallBack 
[5808] 2014/09/05 01:54:33.093 SKQuoteLib_AttachProductsReadyCallBack 
[5808] 2014/09/05 01:54:33.203 SKQuoteLib_EnterMonitor IP¡Ginfo22.capital.com.tw
[5808] 2014/09/05 01:54:33.234 SocketConnect Type¡G100  ErrorCode¡G0
[5808] 2014/09/05 01:54:49.796 Stocks Ready
[5808] 2014/09/05 01:54:52.296 SKQuoteLib_RequestTicks (1,1402)
[4476] 2014/09/05 01:57:42.343 API InitInstance 
[4476] 2014/09/05 01:57:57.078 SKQuoteLib_Initialize ¡GS122811334
[4476] 2014/09/05 01:57:57.078 SKQuoteLib_Initialize ¡Ghttps://order2.capital.com.tw/
[4476] 2014/09/05 01:57:57.656 SKQuoteLib_Initialize  SUCCESS 
[4476] 2014/09/05 01:57:57.656 SKQuoteLib_AttachConnectionCallBack 
[4476] 2014/09/05 01:57:57.656 SKQuoteLib_AttachQuoteCallBack 
[4476] 2014/09/05 01:57:57.656 SKQuoteLib_AttachBest5CallBack 
[4476] 2014/09/05 01:57:57.656 SKQuoteLib_AttachTicksGetCallBack 
[4476] 2014/09/05 01:57:57.656 SKQuoteLib_AttachKLineDataCallBack 
[4476] 2014/09/05 01:57:57.656 SKQuoteLib_AttachMarketTotCallBack 
[4476] 2014/09/05 01:57:57.656 SKQuoteLib_AttachMarketBuySellCallBack 
[4476] 2014/09/05 01:57:57.656 SKQuoteLib_AttachMarketHighLowCallBack 
[4476] 2014/09/05 01:57:57.656 SKQuoteLib_AttachStrikePricesCallBack 
[4476] 2014/09/05 01:57:57.656 SKQuoteLib_AttchServerTimeCallBack 
[4476] 2014/09/05 01:57:57.671 SKQuoteLib_AttachHistoryTicksGetCallBack 
[4476] 2014/09/05 01:57:57.671 SKQuoteLib_AttachProductsReadyCallBack 
[4476] 2014/09/05 01:57:57.843 SKQuoteLib_EnterMonitor IP¡Ginfo9.capital.com.tw
[4476] 2014/09/05 01:57:57.875 SocketConnect Type¡G100  ErrorCode¡G0
[4476] 2014/09/05 01:58:24.312 Stocks Ready
[4476] 2014/09/05 01:58:27.625 SKQuoteLib_RequestTicks (1,1402)
[4476] 2014/09/05 01:58:57.875 Check Link Status 
[6088] 2014/09/05 02:35:17.109 API InitInstance 
[6088] 2014/09/05 02:35:18.046 API ExitInstance 
[5912] 2014/09/05 02:38:54.171 API InitInstance 
[5912] 2014/09/05 02:38:56.156 SKQuoteLib_Initialize ¡GS122811334
[5912] 2014/09/05 02:38:56.156 SKQuoteLib_Initialize ¡Ghttps://order2.capital.com.tw/
[5912] 2014/09/05 02:38:57.875 SKQuoteLib_Initialize  SUCCESS 
[5912] 2014/09/05 02:38:57.875 SKQuoteLib_AttachConnectionCallBack 
[5912] 2014/09/05 02:38:57.875 SKQuoteLib_AttachQuoteCallBack 
[5912] 2014/09/05 02:38:57.875 SKQuoteLib_AttachBest5CallBack 
[5912] 2014/09/05 02:38:57.875 SKQuoteLib_AttachTicksGetCallBack 
[5912] 2014/09/05 02:38:57.875 SKQuoteLib_AttachKLineDataCallBack 
[5912] 2014/09/05 02:38:57.875 SKQuoteLib_AttachMarketTotCallBack 
[5912] 2014/09/05 02:38:57.875 SKQuoteLib_AttachMarketBuySellCallBack 
[5912] 2014/09/05 02:38:57.875 SKQuoteLib_AttachMarketHighLowCallBack 
[5912] 2014/09/05 02:38:57.875 SKQuoteLib_AttachStrikePricesCallBack 
[5912] 2014/09/05 02:38:57.875 SKQuoteLib_AttchServerTimeCallBack 
[5912] 2014/09/05 02:38:57.875 SKQuoteLib_AttachHistoryTicksGetCallBack 
[5912] 2014/09/05 02:38:57.875 SKQuoteLib_AttachProductsReadyCallBack 
[5912] 2014/09/05 02:38:58.000 SKQuoteLib_EnterMonitor IP¡Ginfo21.capital.com.tw
[5912] 2014/09/05 02:38:58.015 SocketConnect Type¡G100  ErrorCode¡G0
[5912] 2014/09/05 02:39:14.375 Stocks Ready
[5912] 2014/09/05 02:39:25.093 SKQuoteLib_RequestTicks (1,1402)
[4644] 2014/09/05 02:51:07.640 API InitInstance 
[4644] 2014/09/05 02:51:09.546 SKQuoteLib_Initialize ¡GS122811334
[4644] 2014/09/05 02:51:09.546 SKQuoteLib_Initialize ¡Ghttps://order2.capital.com.tw/
[4644] 2014/09/05 02:51:10.187 SKQuoteLib_Initialize  SUCCESS 
[4644] 2014/09/05 02:51:10.187 SKQuoteLib_AttachConnectionCallBack 
[4644] 2014/09/05 02:51:10.203 SKQuoteLib_AttachQuoteCallBack 
[4644] 2014/09/05 02:51:10.203 SKQuoteLib_AttachBest5CallBack 
[4644] 2014/09/05 02:51:10.203 SKQuoteLib_AttachTicksGetCallBack 
[4644] 2014/09/05 02:51:10.203 SKQuoteLib_AttachKLineDataCallBack 
[4644] 2014/09/05 02:51:10.203 SKQuoteLib_AttachMarketTotCallBack 
[4644] 2014/09/05 02:51:10.203 SKQuoteLib_AttachMarketBuySellCallBack 
[4644] 2014/09/05 02:51:10.203 SKQuoteLib_AttachMarketHighLowCallBack 
[4644] 2014/09/05 02:51:10.203 SKQuoteLib_AttachStrikePricesCallBack 
[4644] 2014/09/05 02:51:10.203 SKQuoteLib_AttchServerTimeCallBack 
[4644] 2014/09/05 02:51:10.203 SKQuoteLib_AttachHistoryTicksGetCallBack 
[4644] 2014/09/05 02:51:10.203 SKQuoteLib_AttachProductsReadyCallBack 
[4644] 2014/09/05 02:51:10.328 SKQuoteLib_EnterMonitor IP¡Ginfo22.capital.com.tw
[4644] 2014/09/05 02:51:10.343 SocketConnect Type¡G100  ErrorCode¡G0
[4644] 2014/09/05 02:51:29.984 Stocks Ready
[4644] 2014/09/05 02:51:32.093 SKQuoteLib_RequestTicks (1,1402)
[5988] 2014/09/05 02:54:45.640 API InitInstance 
[5988] 2014/09/05 02:54:47.375 SKQuoteLib_Initialize ¡GS122811334
[5988] 2014/09/05 02:54:47.375 SKQuoteLib_Initialize ¡Ghttps://order2.capital.com.tw/
[5988] 2014/09/05 02:54:48.109 SKQuoteLib_Initialize  SUCCESS 
[5988] 2014/09/05 02:54:48.125 SKQuoteLib_AttachConnectionCallBack 
[5988] 2014/09/05 02:54:48.125 SKQuoteLib_AttachQuoteCallBack 
[5988] 2014/09/05 02:54:48.125 SKQuoteLib_AttachBest5CallBack 
[5988] 2014/09/05 02:54:48.125 SKQuoteLib_AttachTicksGetCallBack 
[5988] 2014/09/05 02:54:48.125 SKQuoteLib_AttachKLineDataCallBack 
[5988] 2014/09/05 02:54:48.125 SKQuoteLib_AttachMarketTotCallBack 
[5988] 2014/09/05 02:54:48.125 SKQuoteLib_AttachMarketBuySellCallBack 
[5988] 2014/09/05 02:54:48.125 SKQuoteLib_AttachMarketHighLowCallBack 
[5988] 2014/09/05 02:54:48.125 SKQuoteLib_AttachStrikePricesCallBack 
[5988] 2014/09/05 02:54:48.125 SKQuoteLib_AttchServerTimeCallBack 
[5988] 2014/09/05 02:54:48.125 SKQuoteLib_AttachHistoryTicksGetCallBack 
[5988] 2014/09/05 02:54:48.125 SKQuoteLib_AttachProductsReadyCallBack 
[5988] 2014/09/05 02:54:48.140 SKQuoteLib_EnterMonitor IP¡Ginfo22.capital.com.tw
[5988] 2014/09/05 02:54:48.171 SocketConnect Type¡G100  ErrorCode¡G0
[5988] 2014/09/05 02:55:03.984 Stocks Ready
[5988] 2014/09/05 02:55:07.187 SKQuoteLib_RequestTicks (1,1402)
[1720] 2014/09/05 02:58:49.750 API InitInstance 
[1720] 2014/09/05 02:58:50.593 API ExitInstance 
[4436] 2014/09/05 03:01:16.093 API InitInstance 
[4436] 2014/09/05 03:01:16.859 API ExitInstance 
[5608] 2014/09/05 03:05:14.218 API InitInstance 
[5608] 2014/09/05 03:05:16.593 SKQuoteLib_Initialize ¡GS122811334
[5608] 2014/09/05 03:05:16.593 SKQuoteLib_Initialize ¡Ghttps://order2.capital.com.tw/
[5608] 2014/09/05 03:05:17.312 SKQuoteLib_Initialize  SUCCESS 
[5608] 2014/09/05 03:05:17.312 SKQuoteLib_AttachConnectionCallBack 
[5608] 2014/09/05 03:05:17.312 SKQuoteLib_AttachQuoteCallBack 
[5608] 2014/09/05 03:05:17.312 SKQuoteLib_AttachBest5CallBack 
[5608] 2014/09/05 03:05:17.312 SKQuoteLib_AttachTicksGetCallBack 
[5608] 2014/09/05 03:05:17.312 SKQuoteLib_AttachKLineDataCallBack 
[5608] 2014/09/05 03:05:17.312 SKQuoteLib_AttachMarketTotCallBack 
[5608] 2014/09/05 03:05:17.328 SKQuoteLib_AttachMarketBuySellCallBack 
[5608] 2014/09/05 03:05:17.328 SKQuoteLib_AttachMarketHighLowCallBack 
[5608] 2014/09/05 03:05:17.328 SKQuoteLib_AttachStrikePricesCallBack 
[5608] 2014/09/05 03:05:17.328 SKQuoteLib_AttchServerTimeCallBack 
[5608] 2014/09/05 03:05:17.328 SKQuoteLib_AttachHistoryTicksGetCallBack 
[5608] 2014/09/05 03:05:17.328 SKQuoteLib_AttachProductsReadyCallBack 
[5608] 2014/09/05 03:05:17.343 SKQuoteLib_EnterMonitor IP¡Ginfo22.capital.com.tw
[5608] 2014/09/05 03:05:17.375 SocketConnect Type¡G100  ErrorCode¡G0
[5608] 2014/09/05 03:05:33.750 Stocks Ready
[5608] 2014/09/05 03:05:35.781 SKQuoteLib_RequestTicks (1,1402)
[4624] 2014/09/05 03:08:04.625 API InitInstance 
[4624] 2014/09/05 03:08:05.765 SKQuoteLib_Initialize ¡GS122811334
[4624] 2014/09/05 03:08:05.765 SKQuoteLib_Initialize ¡Ghttps://order2.capital.com.tw/
[4624] 2014/09/05 03:08:06.390 SKQuoteLib_Initialize  SUCCESS 
[4624] 2014/09/05 03:08:06.390 SKQuoteLib_AttachConnectionCallBack 
[4624] 2014/09/05 03:08:06.390 SKQuoteLib_AttachQuoteCallBack 
[4624] 2014/09/05 03:08:06.390 SKQuoteLib_AttachBest5CallBack 
[4624] 2014/09/05 03:08:06.390 SKQuoteLib_AttachTicksGetCallBack 
[4624] 2014/09/05 03:08:06.390 SKQuoteLib_AttachKLineDataCallBack 
[4624] 2014/09/05 03:08:06.390 SKQuoteLib_AttachMarketTotCallBack 
[4624] 2014/09/05 03:08:06.390 SKQuoteLib_AttachMarketBuySellCallBack 
[4624] 2014/09/05 03:08:06.390 SKQuoteLib_AttachMarketHighLowCallBack 
[4624] 2014/09/05 03:08:06.390 SKQuoteLib_AttachStrikePricesCallBack 
[4624] 2014/09/05 03:08:06.390 SKQuoteLib_AttchServerTimeCallBack 
[4624] 2014/09/05 03:08:06.390 SKQuoteLib_AttachHistoryTicksGetCallBack 
[4624] 2014/09/05 03:08:06.390 SKQuoteLib_AttachProductsReadyCallBack 
[4624] 2014/09/05 03:08:06.515 SKQuoteLib_EnterMonitor IP¡Ginfo13.capital.com.tw
[4624] 2014/09/05 03:08:09.921 SocketConnect Type¡G100  ErrorCode¡G0
[4624] 2014/09/05 03:08:26.468 Stocks Ready
[4624] 2014/09/05 03:08:29.968 SKQuoteLib_RequestTicks (1,1402)
[5964] 2014/09/05 03:21:13.484 API InitInstance 
[5964] 2014/09/05 03:21:15.296 SKQuoteLib_Initialize ¡GS122811334
[5964] 2014/09/05 03:21:15.296 SKQuoteLib_Initialize ¡Ghttps://order2.capital.com.tw/
[5964] 2014/09/05 03:21:16.140 SKQuoteLib_Initialize  SUCCESS 
[5964] 2014/09/05 03:21:16.140 SKQuoteLib_AttachConnectionCallBack 
[5964] 2014/09/05 03:21:16.140 SKQuoteLib_AttachQuoteCallBack 
[5964] 2014/09/05 03:21:16.140 SKQuoteLib_AttachBest5CallBack 
[5964] 2014/09/05 03:21:16.140 SKQuoteLib_AttachTicksGetCallBack 
[5964] 2014/09/05 03:21:16.140 SKQuoteLib_AttachKLineDataCallBack 
[5964] 2014/09/05 03:21:16.140 SKQuoteLib_AttachMarketTotCallBack 
[5964] 2014/09/05 03:21:16.140 SKQuoteLib_AttachMarketBuySellCallBack 
[5964] 2014/09/05 03:21:16.140 SKQuoteLib_AttachMarketHighLowCallBack 
[5964] 2014/09/05 03:21:16.140 SKQuoteLib_AttachStrikePricesCallBack 
[5964] 2014/09/05 03:21:16.140 SKQuoteLib_AttchServerTimeCallBack 
[5964] 2014/09/05 03:21:16.140 SKQuoteLib_AttachHistoryTicksGetCallBack 
[5964] 2014/09/05 03:21:16.140 SKQuoteLib_AttachProductsReadyCallBack 
[5964] 2014/09/05 03:21:16.265 SKQuoteLib_EnterMonitor IP¡Ginfo22.capital.com.tw
[5964] 2014/09/05 03:21:16.296 SocketConnect Type¡G100  ErrorCode¡G0
[5964] 2014/09/05 03:21:42.968 Stocks Ready
[5964] 2014/09/05 03:21:45.062 SKQuoteLib_RequestTicks (1,1402)
[2736] 2014/09/05 03:24:02.593 API InitInstance 
[2736] 2014/09/05 03:24:04.796 SKQuoteLib_Initialize ¡GS122811334
[2736] 2014/09/05 03:24:04.796 SKQuoteLib_Initialize ¡Ghttps://order2.capital.com.tw/
[2736] 2014/09/05 03:24:05.453 SKQuoteLib_Initialize  SUCCESS 
[2736] 2014/09/05 03:24:05.453 SKQuoteLib_AttachConnectionCallBack 
[2736] 2014/09/05 03:24:05.453 SKQuoteLib_AttachQuoteCallBack 
[2736] 2014/09/05 03:24:05.453 SKQuoteLib_AttachBest5CallBack 
[2736] 2014/09/05 03:24:05.453 SKQuoteLib_AttachTicksGetCallBack 
[2736] 2014/09/05 03:24:05.453 SKQuoteLib_AttachKLineDataCallBack 
[2736] 2014/09/05 03:24:05.468 SKQuoteLib_AttachMarketTotCallBack 
[2736] 2014/09/05 03:24:05.468 SKQuoteLib_AttachMarketBuySellCallBack 
[2736] 2014/09/05 03:24:05.468 SKQuoteLib_AttachMarketHighLowCallBack 
[2736] 2014/09/05 03:24:05.468 SKQuoteLib_AttachStrikePricesCallBack 
[2736] 2014/09/05 03:24:05.468 SKQuoteLib_AttchServerTimeCallBack 
[2736] 2014/09/05 03:24:05.468 SKQuoteLib_AttachHistoryTicksGetCallBack 
[2736] 2014/09/05 03:24:05.468 SKQuoteLib_AttachProductsReadyCallBack 
[2736] 2014/09/05 03:24:05.578 SKQuoteLib_EnterMonitor IP¡Ginfo9.capital.com.tw
[2736] 2014/09/05 03:24:05.609 SocketConnect Type¡G100  ErrorCode¡G0
[2736] 2014/09/05 03:24:24.296 Stocks Ready
[2736] 2014/09/05 03:24:26.234 SKQuoteLib_RequestTicks (1,1402)
[1168] 2014/09/05 03:32:21.453 API InitInstance 
[1168] 2014/09/05 03:32:23.921 SKQuoteLib_Initialize ¡GS122811334
[1168] 2014/09/05 03:32:23.921 SKQuoteLib_Initialize ¡Ghttps://order2.capital.com.tw/
[1168] 2014/09/05 03:32:24.562 SKQuoteLib_Initialize  SUCCESS 
[1168] 2014/09/05 03:32:24.562 SKQuoteLib_AttachConnectionCallBack 
[1168] 2014/09/05 03:32:24.562 SKQuoteLib_AttachQuoteCallBack 
[1168] 2014/09/05 03:32:24.562 SKQuoteLib_AttachBest5CallBack 
[1168] 2014/09/05 03:32:24.562 SKQuoteLib_AttachTicksGetCallBack 
[1168] 2014/09/05 03:32:24.562 SKQuoteLib_AttachKLineDataCallBack 
[1168] 2014/09/05 03:32:24.562 SKQuoteLib_AttachMarketTotCallBack 
[1168] 2014/09/05 03:32:24.562 SKQuoteLib_AttachMarketBuySellCallBack 
[1168] 2014/09/05 03:32:24.562 SKQuoteLib_AttachMarketHighLowCallBack 
[1168] 2014/09/05 03:32:24.562 SKQuoteLib_AttachStrikePricesCallBack 
[1168] 2014/09/05 03:32:24.562 SKQuoteLib_AttchServerTimeCallBack 
[1168] 2014/09/05 03:32:24.562 SKQuoteLib_AttachHistoryTicksGetCallBack 
[1168] 2014/09/05 03:32:24.562 SKQuoteLib_AttachProductsReadyCallBack 
[1168] 2014/09/05 03:32:24.687 SKQuoteLib_EnterMonitor IP¡Ginfo24.capital.com.tw
[1168] 2014/09/05 03:32:24.703 SocketConnect Type¡G100  ErrorCode¡G0
[1168] 2014/09/05 03:32:40.328 Stocks Ready
[1168] 2014/09/05 03:32:44.015 SKQuoteLib_RequestTicks (1,1402)
[6056] 2014/09/05 03:33:14.984 API InitInstance 
[6056] 2014/09/05 03:33:16.531 SKQuoteLib_Initialize ¡GS122811334
[6056] 2014/09/05 03:33:16.531 SKQuoteLib_Initialize ¡Ghttps://order2.capital.com.tw/
[6056] 2014/09/05 03:33:17.203 SKQuoteLib_Initialize  SUCCESS 
[6056] 2014/09/05 03:33:17.203 SKQuoteLib_AttachConnectionCallBack 
[6056] 2014/09/05 03:33:17.203 SKQuoteLib_AttachQuoteCallBack 
[6056] 2014/09/05 03:33:17.203 SKQuoteLib_AttachBest5CallBack 
[6056] 2014/09/05 03:33:17.203 SKQuoteLib_AttachTicksGetCallBack 
[6056] 2014/09/05 03:33:17.203 SKQuoteLib_AttachKLineDataCallBack 
[6056] 2014/09/05 03:33:17.203 SKQuoteLib_AttachMarketTotCallBack 
[6056] 2014/09/05 03:33:17.203 SKQuoteLib_AttachMarketBuySellCallBack 
[6056] 2014/09/05 03:33:17.203 SKQuoteLib_AttachMarketHighLowCallBack 
[6056] 2014/09/05 03:33:17.203 SKQuoteLib_AttachStrikePricesCallBack 
[6056] 2014/09/05 03:33:17.203 SKQuoteLib_AttchServerTimeCallBack 
[6056] 2014/09/05 03:33:17.203 SKQuoteLib_AttachHistoryTicksGetCallBack 
[6056] 2014/09/05 03:33:17.203 SKQuoteLib_AttachProductsReadyCallBack 
[6056] 2014/09/05 03:33:17.328 SKQuoteLib_EnterMonitor IP¡Ginfo21.capital.com.tw
[6056] 2014/09/05 03:33:17.343 SocketConnect Type¡G100  ErrorCode¡G0
[6056] 2014/09/05 03:33:34.828 Stocks Ready
[6056] 2014/09/05 03:33:37.171 SKQuoteLib_RequestTicks (1,1402)
[4492] 2014/09/05 03:34:13.109 API InitInstance 
[4492] 2014/09/05 03:34:14.500 SKQuoteLib_Initialize ¡GS122811334
[4492] 2014/09/05 03:34:14.500 SKQuoteLib_Initialize ¡Ghttps://order2.capital.com.tw/
[4492] 2014/09/05 03:34:15.156 SKQuoteLib_Initialize  SUCCESS 
[4492] 2014/09/05 03:34:15.156 SKQuoteLib_AttachConnectionCallBack 
[4492] 2014/09/05 03:34:15.156 SKQuoteLib_AttachQuoteCallBack 
[4492] 2014/09/05 03:34:15.156 SKQuoteLib_AttachBest5CallBack 
[4492] 2014/09/05 03:34:15.156 SKQuoteLib_AttachTicksGetCallBack 
[4492] 2014/09/05 03:34:15.156 SKQuoteLib_AttachKLineDataCallBack 
[4492] 2014/09/05 03:34:15.156 SKQuoteLib_AttachMarketTotCallBack 
[4492] 2014/09/05 03:34:15.156 SKQuoteLib_AttachMarketBuySellCallBack 
[4492] 2014/09/05 03:34:15.156 SKQuoteLib_AttachMarketHighLowCallBack 
[4492] 2014/09/05 03:34:15.156 SKQuoteLib_AttachStrikePricesCallBack 
[4492] 2014/09/05 03:34:15.156 SKQuoteLib_AttchServerTimeCallBack 
[4492] 2014/09/05 03:34:15.156 SKQuoteLib_AttachHistoryTicksGetCallBack 
[4492] 2014/09/05 03:34:15.156 SKQuoteLib_AttachProductsReadyCallBack 
[4492] 2014/09/05 03:34:15.187 SKQuoteLib_EnterMonitor IP¡Ginfo21.capital.com.tw
[4492] 2014/09/05 03:34:15.203 SocketConnect Type¡G100  ErrorCode¡G0
[4492] 2014/09/05 03:34:31.171 Stocks Ready
[4492] 2014/09/05 03:34:33.250 SKQuoteLib_RequestTicks (1,1402)
[4704] 2014/09/05 03:40:20.812 API InitInstance 
[4704] 2014/09/05 03:40:22.796 SKQuoteLib_Initialize ¡GS122811334
[4704] 2014/09/05 03:40:22.796 SKQuoteLib_Initialize ¡Ghttps://order2.capital.com.tw/
[4704] 2014/09/05 03:40:23.609 SKQuoteLib_Initialize  SUCCESS 
[4704] 2014/09/05 03:40:23.609 SKQuoteLib_AttachConnectionCallBack 
[4704] 2014/09/05 03:40:23.609 SKQuoteLib_AttachQuoteCallBack 
[4704] 2014/09/05 03:40:23.609 SKQuoteLib_AttachBest5CallBack 
[4704] 2014/09/05 03:40:23.609 SKQuoteLib_AttachTicksGetCallBack 
[4704] 2014/09/05 03:40:23.609 SKQuoteLib_AttachKLineDataCallBack 
[4704] 2014/09/05 03:40:23.609 SKQuoteLib_AttachMarketTotCallBack 
[4704] 2014/09/05 03:40:23.609 SKQuoteLib_AttachMarketBuySellCallBack 
[4704] 2014/09/05 03:40:23.609 SKQuoteLib_AttachMarketHighLowCallBack 
[4704] 2014/09/05 03:40:23.609 SKQuoteLib_AttachStrikePricesCallBack 
[4704] 2014/09/05 03:40:23.609 SKQuoteLib_AttchServerTimeCallBack 
[4704] 2014/09/05 03:40:23.609 SKQuoteLib_AttachHistoryTicksGetCallBack 
[4704] 2014/09/05 03:40:23.609 SKQuoteLib_AttachProductsReadyCallBack 
[4704] 2014/09/05 03:40:23.656 SKQuoteLib_EnterMonitor IP¡Ginfo24.capital.com.tw
[4704] 2014/09/05 03:40:23.671 SocketConnect Type¡G100  ErrorCode¡G0
[4704] 2014/09/05 03:40:47.625 Stocks Ready
[4704] 2014/09/05 03:40:49.468 SKQuoteLib_RequestTicks (1,1402)
[5916] 2014/09/05 03:46:24.390 API InitInstance 
[5916] 2014/09/05 03:46:26.500 SKQuoteLib_Initialize ¡GS122811334
[5916] 2014/09/05 03:46:26.500 SKQuoteLib_Initialize ¡Ghttps://order2.capital.com.tw/
[5916] 2014/09/05 03:46:27.546 SKQuoteLib_Initialize  SUCCESS 
[5916] 2014/09/05 03:46:27.546 SKQuoteLib_AttachConnectionCallBack 
[5916] 2014/09/05 03:46:27.546 SKQuoteLib_AttachQuoteCallBack 
[5916] 2014/09/05 03:46:27.546 SKQuoteLib_AttachBest5CallBack 
[5916] 2014/09/05 03:46:27.546 SKQuoteLib_AttachTicksGetCallBack 
[5916] 2014/09/05 03:46:27.546 SKQuoteLib_AttachKLineDataCallBack 
[5916] 2014/09/05 03:46:27.546 SKQuoteLib_AttachMarketTotCallBack 
[5916] 2014/09/05 03:46:27.546 SKQuoteLib_AttachMarketBuySellCallBack 
[5916] 2014/09/05 03:46:27.546 SKQuoteLib_AttachMarketHighLowCallBack 
[5916] 2014/09/05 03:46:27.546 SKQuoteLib_AttachStrikePricesCallBack 
[5916] 2014/09/05 03:46:27.546 SKQuoteLib_AttchServerTimeCallBack 
[5916] 2014/09/05 03:46:27.546 SKQuoteLib_AttachHistoryTicksGetCallBack 
[5916] 2014/09/05 03:46:27.546 SKQuoteLib_AttachProductsReadyCallBack 
[5916] 2014/09/05 03:46:27.734 SKQuoteLib_EnterMonitor IP¡Ginfo23.capital.com.tw
[5916] 2014/09/05 03:46:27.765 SocketConnect Type¡G100  ErrorCode¡G0
[5916] 2014/09/05 03:47:02.359 Stocks Ready
[5916] 2014/09/05 03:47:05.156 SKQuoteLib_RequestTicks (1,1402)
[6092] 2014/09/05 03:47:48.031 API InitInstance 
[6092] 2014/09/05 03:47:49.406 API ExitInstance 
[5188] 2014/09/05 03:48:25.140 API InitInstance 
[5188] 2014/09/05 03:48:26.359 SKQuoteLib_Initialize ¡GS122811334
[5188] 2014/09/05 03:48:26.359 SKQuoteLib_Initialize ¡Ghttps://order2.capital.com.tw/
[5188] 2014/09/05 03:48:27.593 SKQuoteLib_Initialize  SUCCESS 
[5188] 2014/09/05 03:48:27.593 SKQuoteLib_AttachConnectionCallBack 
[5188] 2014/09/05 03:48:27.593 SKQuoteLib_AttachQuoteCallBack 
[5188] 2014/09/05 03:48:27.593 SKQuoteLib_AttachBest5CallBack 
[5188] 2014/09/05 03:48:27.593 SKQuoteLib_AttachTicksGetCallBack 
[5188] 2014/09/05 03:48:27.593 SKQuoteLib_AttachKLineDataCallBack 
[5188] 2014/09/05 03:48:27.593 SKQuoteLib_AttachMarketTotCallBack 
[5188] 2014/09/05 03:48:27.593 SKQuoteLib_AttachMarketBuySellCallBack 
[5188] 2014/09/05 03:48:27.593 SKQuoteLib_AttachMarketHighLowCallBack 
[5188] 2014/09/05 03:48:27.593 SKQuoteLib_AttachStrikePricesCallBack 
[5188] 2014/09/05 03:48:27.593 SKQuoteLib_AttchServerTimeCallBack 
[5188] 2014/09/05 03:48:27.593 SKQuoteLib_AttachHistoryTicksGetCallBack 
[5188] 2014/09/05 03:48:27.593 SKQuoteLib_AttachProductsReadyCallBack 
[5188] 2014/09/05 03:48:27.718 SKQuoteLib_EnterMonitor IP¡Ginfo11.capital.com.tw
[5188] 2014/09/05 03:48:27.750 SocketConnect Type¡G100  ErrorCode¡G0
[5188] 2014/09/05 03:48:45.062 Stocks Ready
[5188] 2014/09/05 03:48:47.671 SKQuoteLib_RequestTicks (1,1402)
[4880] 2014/09/05 03:49:40.171 API InitInstance 
[4880] 2014/09/05 03:49:42.531 SKQuoteLib_Initialize ¡GS122811334
[4880] 2014/09/05 03:49:42.531 SKQuoteLib_Initialize ¡Ghttps://order2.capital.com.tw/
[4880] 2014/09/05 03:49:43.187 SKQuoteLib_Initialize  SUCCESS 
[4880] 2014/09/05 03:49:43.187 SKQuoteLib_AttachConnectionCallBack 
[4880] 2014/09/05 03:49:43.187 SKQuoteLib_AttachQuoteCallBack 
[4880] 2014/09/05 03:49:43.187 SKQuoteLib_AttachBest5CallBack 
[4880] 2014/09/05 03:49:43.187 SKQuoteLib_AttachTicksGetCallBack 
[4880] 2014/09/05 03:49:43.187 SKQuoteLib_AttachKLineDataCallBack 
[4880] 2014/09/05 03:49:43.187 SKQuoteLib_AttachMarketTotCallBack 
[4880] 2014/09/05 03:49:43.187 SKQuoteLib_AttachMarketBuySellCallBack 
[4880] 2014/09/05 03:49:43.187 SKQuoteLib_AttachMarketHighLowCallBack 
[4880] 2014/09/05 03:49:43.187 SKQuoteLib_AttachStrikePricesCallBack 
[4880] 2014/09/05 03:49:43.203 SKQuoteLib_AttchServerTimeCallBack 
[4880] 2014/09/05 03:49:43.203 SKQuoteLib_AttachHistoryTicksGetCallBack 
[4880] 2014/09/05 03:49:43.203 SKQuoteLib_AttachProductsReadyCallBack 
[4880] 2014/09/05 03:49:43.328 SKQuoteLib_EnterMonitor IP¡Ginfo22.capital.com.tw
[4880] 2014/09/05 03:49:43.343 SocketConnect Type¡G100  ErrorCode¡G0
[4880] 2014/09/05 03:50:02.562 Stocks Ready
[4880] 2014/09/05 03:50:04.859 SKQuoteLib_RequestTicks (1,1402)
[3708] 2014/09/05 09:48:28.281 API InitInstance 
[3708] 2014/09/05 09:48:29.281 SKQuoteLib_Initialize ¡GS122811334
[3708] 2014/09/05 09:48:29.281 SKQuoteLib_Initialize ¡Ghttps://order2.capital.com.tw/
[3708] 2014/09/05 09:48:29.781 SKQuoteLib_Initialize  SUCCESS 
[3708] 2014/09/05 09:48:29.781 SKQuoteLib_AttachConnectionCallBack 
[3708] 2014/09/05 09:48:29.781 SKQuoteLib_AttachQuoteCallBack 
[3708] 2014/09/05 09:48:29.781 SKQuoteLib_AttachBest5CallBack 
[3708] 2014/09/05 09:48:29.781 SKQuoteLib_AttachTicksGetCallBack 
[3708] 2014/09/05 09:48:29.781 SKQuoteLib_AttachKLineDataCallBack 
[3708] 2014/09/05 09:48:29.781 SKQuoteLib_AttachMarketTotCallBack 
[3708] 2014/09/05 09:48:29.781 SKQuoteLib_AttachMarketBuySellCallBack 
[3708] 2014/09/05 09:48:29.781 SKQuoteLib_AttachMarketHighLowCallBack 
[3708] 2014/09/05 09:48:29.781 SKQuoteLib_AttachStrikePricesCallBack 
[3708] 2014/09/05 09:48:29.781 SKQuoteLib_AttchServerTimeCallBack 
[3708] 2014/09/05 09:48:29.781 SKQuoteLib_AttachHistoryTicksGetCallBack 
[3708] 2014/09/05 09:48:29.781 SKQuoteLib_AttachProductsReadyCallBack 
[3708] 2014/09/05 09:48:29.812 SKQuoteLib_EnterMonitor IP¡Ginfo16.capital.com.tw
[3708] 2014/09/05 09:48:29.828 SocketConnect Type¡G100  ErrorCode¡G0
[7624] 2014/09/05 09:49:02.546 API InitInstance 
[8000] 2014/09/05 09:49:20.796 API InitInstance 
[8000] 2014/09/05 09:49:22.296 SKQuoteLib_Initialize ¡GS122811334
[8000] 2014/09/05 09:49:22.296 SKQuoteLib_Initialize ¡Ghttps://order2.capital.com.tw/
[8000] 2014/09/05 09:49:22.812 SKQuoteLib_Initialize  SUCCESS 
[8000] 2014/09/05 09:49:22.812 SKQuoteLib_AttachConnectionCallBack 
[8000] 2014/09/05 09:49:22.812 SKQuoteLib_AttachQuoteCallBack 
[8000] 2014/09/05 09:49:22.812 SKQuoteLib_AttachBest5CallBack 
[8000] 2014/09/05 09:49:22.812 SKQuoteLib_AttachTicksGetCallBack 
[8000] 2014/09/05 09:49:22.812 SKQuoteLib_AttachKLineDataCallBack 
[8000] 2014/09/05 09:49:22.812 SKQuoteLib_AttachMarketTotCallBack 
[8000] 2014/09/05 09:49:22.812 SKQuoteLib_AttachMarketBuySellCallBack 
[8000] 2014/09/05 09:49:22.812 SKQuoteLib_AttachMarketHighLowCallBack 
[8000] 2014/09/05 09:49:22.812 SKQuoteLib_AttachStrikePricesCallBack 
[8000] 2014/09/05 09:49:22.812 SKQuoteLib_AttchServerTimeCallBack 
[8000] 2014/09/05 09:49:22.812 SKQuoteLib_AttachHistoryTicksGetCallBack 
[8000] 2014/09/05 09:49:22.812 SKQuoteLib_AttachProductsReadyCallBack 
[8000] 2014/09/05 09:49:22.843 SKQuoteLib_EnterMonitor IP¡Ginfo21.capital.com.tw
[8000] 2014/09/05 09:49:22.859 SocketConnect Type¡G100  ErrorCode¡G0
[8000] 2014/09/05 09:49:34.968 Stocks Ready
[8000] 2014/09/05 09:49:36.156 SKQuoteLib_RequestTicks (1,1402)
[6180] 2014/09/05 09:52:53.859 API InitInstance 
[6180] 2014/09/05 09:52:57.687 API ExitInstance 
[5744] 2014/09/05 09:55:45.890 API InitInstance 
[4720] 2014/09/05 10:08:10.796 API InitInstance 
[4580] 2014/09/05 10:17:47.937 API InitInstance 
[7980] 2014/09/05 10:39:54.234 API InitInstance 
[6760] 2014/09/05 10:40:13.546 API InitInstance 
[6760] 2014/09/05 10:40:16.828 SKQuoteLib_Initialize ¡GS122811334
[6760] 2014/09/05 10:40:16.828 SKQuoteLib_Initialize ¡Ghttps://order2.capital.com.tw/
[6760] 2014/09/05 10:40:17.734 SKQuoteLib_Initialize  SUCCESS 
[6760] 2014/09/05 10:40:17.734 SKQuoteLib_AttachConnectionCallBack 
[6760] 2014/09/05 10:40:17.734 SKQuoteLib_AttachQuoteCallBack 
[6760] 2014/09/05 10:40:17.734 SKQuoteLib_AttachBest5CallBack 
[6760] 2014/09/05 10:40:17.734 SKQuoteLib_AttachTicksGetCallBack 
[6760] 2014/09/05 10:40:17.734 SKQuoteLib_AttachKLineDataCallBack 
[6760] 2014/09/05 10:40:17.734 SKQuoteLib_AttachMarketTotCallBack 
[6760] 2014/09/05 10:40:17.734 SKQuoteLib_AttachMarketBuySellCallBack 
[6760] 2014/09/05 10:40:17.734 SKQuoteLib_AttachMarketHighLowCallBack 
[6760] 2014/09/05 10:40:17.734 SKQuoteLib_AttachStrikePricesCallBack 
[6760] 2014/09/05 10:40:17.734 SKQuoteLib_AttchServerTimeCallBack 
[6760] 2014/09/05 10:40:17.734 SKQuoteLib_AttachHistoryTicksGetCallBack 
[6760] 2014/09/05 10:40:17.734 SKQuoteLib_AttachProductsReadyCallBack 
[6760] 2014/09/05 10:40:17.828 SKQuoteLib_EnterMonitor IP¡Ginfo9.capital.com.tw
[6760] 2014/09/05 10:40:17.843 SocketConnect Type¡G100  ErrorCode¡G0
[6760] 2014/09/05 10:40:30.218 Stocks Ready
[6760] 2014/09/05 10:40:32.000 SKQuoteLib_RequestTicks (1,TX00)
[4036] 2014/09/05 11:12:34.218 API InitInstance 
[4036] 2014/09/05 11:13:09.140 SKQuoteLib_Initialize ¡GS122811334
[4036] 2014/09/05 11:13:09.140 SKQuoteLib_Initialize ¡Ghttps://order2.capital.com.tw/
[4036] 2014/09/05 11:13:09.640 SKQuoteLib_Initialize  SUCCESS 
[4036] 2014/09/05 11:13:09.640 SKQuoteLib_AttachConnectionCallBack 
[4036] 2014/09/05 11:13:09.640 SKQuoteLib_AttachQuoteCallBack 
[4036] 2014/09/05 11:13:09.640 SKQuoteLib_AttachBest5CallBack 
[4036] 2014/09/05 11:13:09.640 SKQuoteLib_AttachTicksGetCallBack 
[4036] 2014/09/05 11:13:09.640 SKQuoteLib_AttachKLineDataCallBack 
[4036] 2014/09/05 11:13:09.640 SKQuoteLib_AttachMarketTotCallBack 
[4036] 2014/09/05 11:13:09.640 SKQuoteLib_AttachMarketBuySellCallBack 
[4036] 2014/09/05 11:13:09.640 SKQuoteLib_AttachMarketHighLowCallBack 
[4036] 2014/09/05 11:13:09.640 SKQuoteLib_AttachStrikePricesCallBack 
[4036] 2014/09/05 11:13:09.640 SKQuoteLib_AttchServerTimeCallBack 
[4036] 2014/09/05 11:13:09.640 SKQuoteLib_AttachHistoryTicksGetCallBack 
[4036] 2014/09/05 11:13:09.640 SKQuoteLib_AttachProductsReadyCallBack 
[4036] 2014/09/05 11:13:09.671 SKQuoteLib_EnterMonitor IP¡Ginfo24.capital.com.tw
[4036] 2014/09/05 11:13:09.687 SocketConnect Type¡G100  ErrorCode¡G0
[4036] 2014/09/05 11:13:21.750 Stocks Ready
[4036] 2014/09/05 11:13:23.625 SKQuoteLib_RequestTicks (1,TX00)
[5524] 2014/09/05 11:15:42.734 API InitInstance 
[5524] 2014/09/05 11:15:43.796 SKQuoteLib_Initialize ¡GS122811334
[5524] 2014/09/05 11:15:43.796 SKQuoteLib_Initialize ¡Ghttps://order2.capital.com.tw/
[5524] 2014/09/05 11:15:44.296 SKQuoteLib_Initialize  SUCCESS 
[5524] 2014/09/05 11:15:44.296 SKQuoteLib_AttachConnectionCallBack 
[5524] 2014/09/05 11:15:44.296 SKQuoteLib_AttachQuoteCallBack 
[5524] 2014/09/05 11:15:44.296 SKQuoteLib_AttachBest5CallBack 
[5524] 2014/09/05 11:15:44.296 SKQuoteLib_AttachTicksGetCallBack 
[5524] 2014/09/05 11:15:44.296 SKQuoteLib_AttachKLineDataCallBack 
[5524] 2014/09/05 11:15:44.296 SKQuoteLib_AttachMarketTotCallBack 
[5524] 2014/09/05 11:15:44.296 SKQuoteLib_AttachMarketBuySellCallBack 
[5524] 2014/09/05 11:15:44.296 SKQuoteLib_AttachMarketHighLowCallBack 
[5524] 2014/09/05 11:15:44.296 SKQuoteLib_AttachStrikePricesCallBack 
[5524] 2014/09/05 11:15:44.296 SKQuoteLib_AttchServerTimeCallBack 
[5524] 2014/09/05 11:15:44.296 SKQuoteLib_AttachHistoryTicksGetCallBack 
[5524] 2014/09/05 11:15:44.296 SKQuoteLib_AttachProductsReadyCallBack 
[5524] 2014/09/05 11:15:44.312 SKQuoteLib_EnterMonitor IP¡Ginfo24.capital.com.tw
[5524] 2014/09/05 11:15:44.328 SocketConnect Type¡G100  ErrorCode¡G0
[5524] 2014/09/05 11:15:56.515 Stocks Ready
[5524] 2014/09/05 11:16:01.015 SKQuoteLib_RequestTicks (1,TX00)
[7708] 2014/09/05 11:18:11.671 API InitInstance 
[7708] 2014/09/05 11:18:13.031 SKQuoteLib_Initialize ¡GS122811334
[7708] 2014/09/05 11:18:13.031 SKQuoteLib_Initialize ¡Ghttps://order2.capital.com.tw/
[7708] 2014/09/05 11:18:13.500 SKQuoteLib_Initialize  SUCCESS 
[7708] 2014/09/05 11:18:13.500 SKQuoteLib_AttachConnectionCallBack 
[7708] 2014/09/05 11:18:13.500 SKQuoteLib_AttachQuoteCallBack 
[7708] 2014/09/05 11:18:13.500 SKQuoteLib_AttachBest5CallBack 
[7708] 2014/09/05 11:18:13.515 SKQuoteLib_AttachTicksGetCallBack 
[7708] 2014/09/05 11:18:13.515 SKQuoteLib_AttachKLineDataCallBack 
[7708] 2014/09/05 11:18:13.515 SKQuoteLib_AttachMarketTotCallBack 
[7708] 2014/09/05 11:18:13.515 SKQuoteLib_AttachMarketBuySellCallBack 
[7708] 2014/09/05 11:18:13.515 SKQuoteLib_AttachMarketHighLowCallBack 
[7708] 2014/09/05 11:18:13.515 SKQuoteLib_AttachStrikePricesCallBack 
[7708] 2014/09/05 11:18:13.515 SKQuoteLib_AttchServerTimeCallBack 
[7708] 2014/09/05 11:18:13.515 SKQuoteLib_AttachHistoryTicksGetCallBack 
[7708] 2014/09/05 11:18:13.515 SKQuoteLib_AttachProductsReadyCallBack 
[7708] 2014/09/05 11:18:13.546 SKQuoteLib_EnterMonitor IP¡Ginfo23.capital.com.tw
[7708] 2014/09/05 11:18:13.546 SocketConnect Type¡G100  ErrorCode¡G0
[7708] 2014/09/05 11:18:25.468 Stocks Ready
[7708] 2014/09/05 11:18:27.484 SKQuoteLib_RequestTicks (1,TX00)
[5356] 2014/09/05 11:21:35.437 API InitInstance 
[5356] 2014/09/05 11:21:36.609 SKQuoteLib_Initialize ¡GS122811334
[5356] 2014/09/05 11:21:36.609 SKQuoteLib_Initialize ¡Ghttps://order2.capital.com.tw/
[5356] 2014/09/05 11:21:37.109 SKQuoteLib_Initialize  SUCCESS 
[5356] 2014/09/05 11:21:37.109 SKQuoteLib_AttachConnectionCallBack 
[5356] 2014/09/05 11:21:37.109 SKQuoteLib_AttachQuoteCallBack 
[5356] 2014/09/05 11:21:37.109 SKQuoteLib_AttachBest5CallBack 
[5356] 2014/09/05 11:21:37.109 SKQuoteLib_AttachTicksGetCallBack 
[5356] 2014/09/05 11:21:37.109 SKQuoteLib_AttachKLineDataCallBack 
[5356] 2014/09/05 11:21:37.109 SKQuoteLib_AttachMarketTotCallBack 
[5356] 2014/09/05 11:21:37.109 SKQuoteLib_AttachMarketBuySellCallBack 
[5356] 2014/09/05 11:21:37.109 SKQuoteLib_AttachMarketHighLowCallBack 
[5356] 2014/09/05 11:21:37.109 SKQuoteLib_AttachStrikePricesCallBack 
[5356] 2014/09/05 11:21:37.109 SKQuoteLib_AttchServerTimeCallBack 
[5356] 2014/09/05 11:21:37.109 SKQuoteLib_AttachHistoryTicksGetCallBack 
[5356] 2014/09/05 11:21:37.109 SKQuoteLib_AttachProductsReadyCallBack 
[5356] 2014/09/05 11:21:37.140 SKQuoteLib_EnterMonitor IP¡Ginfo21.capital.com.tw
[5356] 2014/09/05 11:21:37.156 SocketConnect Type¡G100  ErrorCode¡G0
[5356] 2014/09/05 11:21:48.718 Stocks Ready
[5356] 2014/09/05 11:21:50.812 SKQuoteLib_RequestTicks (1,TX00)
[5760] 2014/09/05 11:24:53.453 API InitInstance 
[5760] 2014/09/05 11:24:54.718 SKQuoteLib_Initialize ¡GS122811334
[5760] 2014/09/05 11:24:54.718 SKQuoteLib_Initialize ¡Ghttps://order2.capital.com.tw/
[5760] 2014/09/05 11:24:55.187 SKQuoteLib_Initialize  SUCCESS 
[5760] 2014/09/05 11:24:55.187 SKQuoteLib_AttachConnectionCallBack 
[5760] 2014/09/05 11:24:55.187 SKQuoteLib_AttachQuoteCallBack 
[5760] 2014/09/05 11:24:55.187 SKQuoteLib_AttachBest5CallBack 
[5760] 2014/09/05 11:24:55.187 SKQuoteLib_AttachTicksGetCallBack 
[5760] 2014/09/05 11:24:55.203 SKQuoteLib_AttachKLineDataCallBack 
[5760] 2014/09/05 11:24:55.203 SKQuoteLib_AttachMarketTotCallBack 
[5760] 2014/09/05 11:24:55.203 SKQuoteLib_AttachMarketBuySellCallBack 
[5760] 2014/09/05 11:24:55.203 SKQuoteLib_AttachMarketHighLowCallBack 
[5760] 2014/09/05 11:24:55.203 SKQuoteLib_AttachStrikePricesCallBack 
[5760] 2014/09/05 11:24:55.203 SKQuoteLib_AttchServerTimeCallBack 
[5760] 2014/09/05 11:24:55.203 SKQuoteLib_AttachHistoryTicksGetCallBack 
[5760] 2014/09/05 11:24:55.203 SKQuoteLib_AttachProductsReadyCallBack 
[5760] 2014/09/05 11:24:55.234 SKQuoteLib_EnterMonitor IP¡Ginfo22.capital.com.tw
[5760] 2014/09/05 11:24:55.234 SocketConnect Type¡G100  ErrorCode¡G0
[5760] 2014/09/05 11:25:07.468 Stocks Ready
[5760] 2014/09/05 11:25:10.203 SKQuoteLib_RequestTicks (1,TX00)
[2964] 2014/09/05 11:26:32.859 API InitInstance 
[2964] 2014/09/05 11:26:34.359 SKQuoteLib_Initialize ¡GS122811334
[2964] 2014/09/05 11:26:34.359 SKQuoteLib_Initialize ¡Ghttps://order2.capital.com.tw/
[2964] 2014/09/05 11:26:34.906 SKQuoteLib_Initialize  SUCCESS 
[2964] 2014/09/05 11:26:34.906 SKQuoteLib_AttachConnectionCallBack 
[2964] 2014/09/05 11:26:34.906 SKQuoteLib_AttachQuoteCallBack 
[2964] 2014/09/05 11:26:34.906 SKQuoteLib_AttachBest5CallBack 
[2964] 2014/09/05 11:26:34.906 SKQuoteLib_AttachTicksGetCallBack 
[2964] 2014/09/05 11:26:34.906 SKQuoteLib_AttachKLineDataCallBack 
[2964] 2014/09/05 11:26:34.906 SKQuoteLib_AttachMarketTotCallBack 
[2964] 2014/09/05 11:26:34.906 SKQuoteLib_AttachMarketBuySellCallBack 
[2964] 2014/09/05 11:26:34.906 SKQuoteLib_AttachMarketHighLowCallBack 
[2964] 2014/09/05 11:26:34.906 SKQuoteLib_AttachStrikePricesCallBack 
[2964] 2014/09/05 11:26:34.906 SKQuoteLib_AttchServerTimeCallBack 
[2964] 2014/09/05 11:26:34.906 SKQuoteLib_AttachHistoryTicksGetCallBack 
[2964] 2014/09/05 11:26:34.906 SKQuoteLib_AttachProductsReadyCallBack 
[2964] 2014/09/05 11:26:34.953 SKQuoteLib_EnterMonitor IP¡Ginfo16.capital.com.tw
[2964] 2014/09/05 11:26:34.953 SocketConnect Type¡G100  ErrorCode¡G0
[2964] 2014/09/05 11:26:46.375 Stocks Ready
[2964] 2014/09/05 11:26:47.875 SKQuoteLib_RequestTicks (1,TX00)
[4320] 2014/09/05 11:28:13.921 API InitInstance 
[4320] 2014/09/05 11:28:15.171 SKQuoteLib_Initialize ¡GS122811334
[4320] 2014/09/05 11:28:15.171 SKQuoteLib_Initialize ¡Ghttps://order2.capital.com.tw/
[4320] 2014/09/05 11:28:15.703 SKQuoteLib_Initialize  SUCCESS 
[4320] 2014/09/05 11:28:15.703 SKQuoteLib_AttachConnectionCallBack 
[4320] 2014/09/05 11:28:15.703 SKQuoteLib_AttachQuoteCallBack 
[4320] 2014/09/05 11:28:15.703 SKQuoteLib_AttachBest5CallBack 
[4320] 2014/09/05 11:28:15.703 SKQuoteLib_AttachTicksGetCallBack 
[4320] 2014/09/05 11:28:15.703 SKQuoteLib_AttachKLineDataCallBack 
[4320] 2014/09/05 11:28:15.703 SKQuoteLib_AttachMarketTotCallBack 
[4320] 2014/09/05 11:28:15.703 SKQuoteLib_AttachMarketBuySellCallBack 
[4320] 2014/09/05 11:28:15.703 SKQuoteLib_AttachMarketHighLowCallBack 
[4320] 2014/09/05 11:28:15.703 SKQuoteLib_AttachStrikePricesCallBack 
[4320] 2014/09/05 11:28:15.703 SKQuoteLib_AttchServerTimeCallBack 
[4320] 2014/09/05 11:28:15.703 SKQuoteLib_AttachHistoryTicksGetCallBack 
[4320] 2014/09/05 11:28:15.703 SKQuoteLib_AttachProductsReadyCallBack 
[4320] 2014/09/05 11:28:15.734 SKQuoteLib_EnterMonitor IP¡Ginfo21.capital.com.tw
[4320] 2014/09/05 11:28:15.734 SocketConnect Type¡G100  ErrorCode¡G0
[4320] 2014/09/05 11:28:27.937 Stocks Ready
[4320] 2014/09/05 11:28:29.718 SKQuoteLib_RequestTicks (1,TX00)
[5996] 2014/09/05 11:28:48.031 API InitInstance 
[5996] 2014/09/05 11:28:49.078 SKQuoteLib_Initialize ¡GS122811334
[5996] 2014/09/05 11:28:49.078 SKQuoteLib_Initialize ¡Ghttps://order2.capital.com.tw/
[5996] 2014/09/05 11:28:49.578 SKQuoteLib_Initialize  SUCCESS 
[5996] 2014/09/05 11:28:49.578 SKQuoteLib_AttachConnectionCallBack 
[5996] 2014/09/05 11:28:49.578 SKQuoteLib_AttachQuoteCallBack 
[5996] 2014/09/05 11:28:49.578 SKQuoteLib_AttachBest5CallBack 
[5996] 2014/09/05 11:28:49.578 SKQuoteLib_AttachTicksGetCallBack 
[5996] 2014/09/05 11:28:49.578 SKQuoteLib_AttachKLineDataCallBack 
[5996] 2014/09/05 11:28:49.578 SKQuoteLib_AttachMarketTotCallBack 
[5996] 2014/09/05 11:28:49.578 SKQuoteLib_AttachMarketBuySellCallBack 
[5996] 2014/09/05 11:28:49.578 SKQuoteLib_AttachMarketHighLowCallBack 
[5996] 2014/09/05 11:28:49.578 SKQuoteLib_AttachStrikePricesCallBack 
[5996] 2014/09/05 11:28:49.578 SKQuoteLib_AttchServerTimeCallBack 
[5996] 2014/09/05 11:28:49.578 SKQuoteLib_AttachHistoryTicksGetCallBack 
[5996] 2014/09/05 11:28:49.578 SKQuoteLib_AttachProductsReadyCallBack 
[5996] 2014/09/05 11:28:49.593 SKQuoteLib_EnterMonitor IP¡Ginfo22.capital.com.tw
[5996] 2014/09/05 11:28:49.609 SocketConnect Type¡G100  ErrorCode¡G0
[5996] 2014/09/05 11:29:01.750 Stocks Ready
[5996] 2014/09/05 11:29:03.312 SKQuoteLib_RequestTicks (1,TX00)
[6832] 2014/09/05 11:31:09.531 API InitInstance 
[6832] 2014/09/05 11:31:11.015 SKQuoteLib_Initialize ¡GS122811334
[6832] 2014/09/05 11:31:11.015 SKQuoteLib_Initialize ¡Ghttps://order2.capital.com.tw/
[6832] 2014/09/05 11:31:11.515 SKQuoteLib_Initialize  SUCCESS 
[6832] 2014/09/05 11:31:11.515 SKQuoteLib_AttachConnectionCallBack 
[6832] 2014/09/05 11:31:11.515 SKQuoteLib_AttachQuoteCallBack 
[6832] 2014/09/05 11:31:11.515 SKQuoteLib_AttachBest5CallBack 
[6832] 2014/09/05 11:31:11.515 SKQuoteLib_AttachTicksGetCallBack 
[6832] 2014/09/05 11:31:11.515 SKQuoteLib_AttachKLineDataCallBack 
[6832] 2014/09/05 11:31:11.515 SKQuoteLib_AttachMarketTotCallBack 
[6832] 2014/09/05 11:31:11.515 SKQuoteLib_AttachMarketBuySellCallBack 
[6832] 2014/09/05 11:31:11.515 SKQuoteLib_AttachMarketHighLowCallBack 
[6832] 2014/09/05 11:31:11.515 SKQuoteLib_AttachStrikePricesCallBack 
[6832] 2014/09/05 11:31:11.515 SKQuoteLib_AttchServerTimeCallBack 
[6832] 2014/09/05 11:31:11.515 SKQuoteLib_AttachHistoryTicksGetCallBack 
[6832] 2014/09/05 11:31:11.515 SKQuoteLib_AttachProductsReadyCallBack 
[6832] 2014/09/05 11:31:11.531 SKQuoteLib_EnterMonitor IP¡Ginfo22.capital.com.tw
[6832] 2014/09/05 11:31:11.546 SocketConnect Type¡G100  ErrorCode¡G0
[6832] 2014/09/05 11:31:23.546 Stocks Ready
[6832] 2014/09/05 11:31:24.937 SKQuoteLib_RequestTicks (1,TX00)
[7572] 2014/09/05 11:31:42.234 API InitInstance 
[7572] 2014/09/05 11:31:43.265 SKQuoteLib_Initialize ¡GS122811334
[7572] 2014/09/05 11:31:43.265 SKQuoteLib_Initialize ¡Ghttps://order2.capital.com.tw/
[7572] 2014/09/05 11:31:43.734 SKQuoteLib_Initialize  SUCCESS 
[7572] 2014/09/05 11:31:43.734 SKQuoteLib_AttachConnectionCallBack 
[7572] 2014/09/05 11:31:43.734 SKQuoteLib_AttachQuoteCallBack 
[7572] 2014/09/05 11:31:43.734 SKQuoteLib_AttachBest5CallBack 
[7572] 2014/09/05 11:31:43.734 SKQuoteLib_AttachTicksGetCallBack 
[7572] 2014/09/05 11:31:43.734 SKQuoteLib_AttachKLineDataCallBack 
[7572] 2014/09/05 11:31:43.734 SKQuoteLib_AttachMarketTotCallBack 
[7572] 2014/09/05 11:31:43.734 SKQuoteLib_AttachMarketBuySellCallBack 
[7572] 2014/09/05 11:31:43.734 SKQuoteLib_AttachMarketHighLowCallBack 
[7572] 2014/09/05 11:31:43.734 SKQuoteLib_AttachStrikePricesCallBack 
[7572] 2014/09/05 11:31:43.734 SKQuoteLib_AttchServerTimeCallBack 
[7572] 2014/09/05 11:31:43.734 SKQuoteLib_AttachHistoryTicksGetCallBack 
[7572] 2014/09/05 11:31:43.734 SKQuoteLib_AttachProductsReadyCallBack 
[7572] 2014/09/05 11:31:43.781 SKQuoteLib_EnterMonitor IP¡Ginfo13.capital.com.tw
[7572] 2014/09/05 11:31:43.781 SocketConnect Type¡G100  ErrorCode¡G0
[7572] 2014/09/05 11:31:55.906 Stocks Ready
[7572] 2014/09/05 11:32:27.437 SKQuoteLib_RequestTicks (1,TX00)
[5724] 2014/09/05 11:43:32.078 API InitInstance 
[5724] 2014/09/05 11:43:33.500 API ExitInstance 
[5744] 2014/09/05 11:59:18.781 API InitInstance 
[5744] 2014/09/05 11:59:21.015 SKQuoteLib_Initialize ¡GS122811334
[5744] 2014/09/05 11:59:21.015 SKQuoteLib_Initialize ¡Ghttps://order2.capital.com.tw/
[5744] 2014/09/05 11:59:21.640 SKQuoteLib_Initialize  SUCCESS 
[5744] 2014/09/05 11:59:21.640 SKQuoteLib_AttachConnectionCallBack 
[5744] 2014/09/05 11:59:21.640 SKQuoteLib_AttachQuoteCallBack 
[5744] 2014/09/05 11:59:21.640 SKQuoteLib_AttachBest5CallBack 
[5744] 2014/09/05 11:59:21.640 SKQuoteLib_AttachTicksGetCallBack 
[5744] 2014/09/05 11:59:21.640 SKQuoteLib_AttachKLineDataCallBack 
[5744] 2014/09/05 11:59:21.640 SKQuoteLib_AttachMarketTotCallBack 
[5744] 2014/09/05 11:59:21.640 SKQuoteLib_AttachMarketBuySellCallBack 
[5744] 2014/09/05 11:59:21.640 SKQuoteLib_AttachMarketHighLowCallBack 
[5744] 2014/09/05 11:59:21.640 SKQuoteLib_AttachStrikePricesCallBack 
[5744] 2014/09/05 11:59:21.640 SKQuoteLib_AttchServerTimeCallBack 
[5744] 2014/09/05 11:59:21.640 SKQuoteLib_AttachHistoryTicksGetCallBack 
[5744] 2014/09/05 11:59:21.640 SKQuoteLib_AttachProductsReadyCallBack 
[5744] 2014/09/05 11:59:21.687 SKQuoteLib_EnterMonitor IP¡Ginfo13.capital.com.tw
[5744] 2014/09/05 11:59:21.687 SocketConnect Type¡G100  ErrorCode¡G0
[5744] 2014/09/05 11:59:33.421 Stocks Ready
[5744] 2014/09/05 11:59:35.343 SKQuoteLib_RequestTicks (1,TX00)
[7036] 2014/09/05 12:00:32.203 API InitInstance 
[7036] 2014/09/05 12:00:33.468 SKQuoteLib_Initialize ¡GS122811334
[7036] 2014/09/05 12:00:33.468 SKQuoteLib_Initialize ¡Ghttps://order2.capital.com.tw/
[7036] 2014/09/05 12:00:33.968 SKQuoteLib_Initialize  SUCCESS 
[7036] 2014/09/05 12:00:33.968 SKQuoteLib_AttachConnectionCallBack 
[7036] 2014/09/05 12:00:33.968 SKQuoteLib_AttachQuoteCallBack 
[7036] 2014/09/05 12:00:33.968 SKQuoteLib_AttachBest5CallBack 
[7036] 2014/09/05 12:00:33.968 SKQuoteLib_AttachTicksGetCallBack 
[7036] 2014/09/05 12:00:33.968 SKQuoteLib_AttachKLineDataCallBack 
[7036] 2014/09/05 12:00:33.968 SKQuoteLib_AttachMarketTotCallBack 
[7036] 2014/09/05 12:00:33.968 SKQuoteLib_AttachMarketBuySellCallBack 
[7036] 2014/09/05 12:00:33.968 SKQuoteLib_AttachMarketHighLowCallBack 
[7036] 2014/09/05 12:00:33.968 SKQuoteLib_AttachStrikePricesCallBack 
[7036] 2014/09/05 12:00:33.968 SKQuoteLib_AttchServerTimeCallBack 
[7036] 2014/09/05 12:00:33.968 SKQuoteLib_AttachHistoryTicksGetCallBack 
[7036] 2014/09/05 12:00:33.968 SKQuoteLib_AttachProductsReadyCallBack 
[7036] 2014/09/05 12:00:34.000 SKQuoteLib_EnterMonitor IP¡Ginfo16.capital.com.tw
[7036] 2014/09/05 12:00:34.015 SocketConnect Type¡G100  ErrorCode¡G0
[7036] 2014/09/05 12:00:45.765 Stocks Ready
[7036] 2014/09/05 12:00:47.453 SKQuoteLib_RequestTicks (1,TX00)
[3296] 2014/09/05 12:23:40.296 API InitInstance 
[3296] 2014/09/05 12:23:41.218 API ExitInstance 
[2764] 2014/09/05 12:24:10.593 API InitInstance 
[2764] 2014/09/05 12:24:11.578 API ExitInstance 
[5344] 2014/09/05 12:48:01.796 API InitInstance 
[5344] 2014/09/05 12:48:03.250 API ExitInstance 
[5412] 2014/09/05 13:45:59.187 API InitInstance 
[5412] 2014/09/05 13:46:00.578 API ExitInstance 
[6748] 2014/09/05 13:49:26.015 API InitInstance 
[6748] 2014/09/05 13:49:28.671 SKQuoteLib_Initialize ¡GS122811334
[6748] 2014/09/05 13:49:28.671 SKQuoteLib_Initialize ¡Ghttps://order2.capital.com.tw/
[6748] 2014/09/05 13:49:29.203 SKQuoteLib_Initialize  SUCCESS 
[6748] 2014/09/05 13:49:29.203 SKQuoteLib_AttachConnectionCallBack 
[6748] 2014/09/05 13:49:29.203 SKQuoteLib_AttachQuoteCallBack 
[6748] 2014/09/05 13:49:29.203 SKQuoteLib_AttachBest5CallBack 
[6748] 2014/09/05 13:49:29.203 SKQuoteLib_AttachTicksGetCallBack 
[6748] 2014/09/05 13:49:29.203 SKQuoteLib_AttachKLineDataCallBack 
[6748] 2014/09/05 13:49:29.203 SKQuoteLib_AttachMarketTotCallBack 
[6748] 2014/09/05 13:49:29.203 SKQuoteLib_AttachMarketBuySellCallBack 
[6748] 2014/09/05 13:49:29.203 SKQuoteLib_AttachMarketHighLowCallBack 
[6748] 2014/09/05 13:49:29.203 SKQuoteLib_AttachStrikePricesCallBack 
[6748] 2014/09/05 13:49:29.203 SKQuoteLib_AttchServerTimeCallBack 
[6748] 2014/09/05 13:49:29.203 SKQuoteLib_AttachHistoryTicksGetCallBack 
[6748] 2014/09/05 13:49:29.203 SKQuoteLib_AttachProductsReadyCallBack 
[6748] 2014/09/05 13:49:29.250 SKQuoteLib_EnterMonitor IP¡Ginfo24.capital.com.tw
[6748] 2014/09/05 13:49:29.250 SocketConnect Type¡G100  ErrorCode¡G0
[6748] 2014/09/05 13:49:41.453 Stocks Ready
[6748] 2014/09/05 13:49:43.515 SKQuoteLib_RequestTicks (1,TX00)
[6748] 2014/09/05 13:50:29.250 Check Link Status 
[6748] 2014/09/05 13:51:25.281 SKQuoteLib_LeaveMonitor 
[6748] 2014/09/05 13:51:25.296 SocketClose Type¡G101  ErrorCode¡G0
[6748] 2014/09/05 13:51:25.343 API ExitInstance 
[6604] 2014/09/05 13:56:32.578 API InitInstance 
[6604] 2014/09/05 13:56:34.062 API ExitInstance 
[5200] 2014/09/05 14:00:29.328 API InitInstance 
[5200] 2014/09/05 14:00:31.187 API ExitInstance 
[6588] 2014/09/05 14:03:24.515 API InitInstance 
[6588] 2014/09/05 14:03:26.453 API ExitInstance 
[3328] 2014/09/05 14:41:42.125 API InitInstance 
[3328] 2014/09/05 14:41:43.921 API ExitInstance 
[7768] 2014/09/05 15:11:42.421 API InitInstance 
[7768] 2014/09/05 15:11:44.000 API ExitInstance 
[7476] 2014/09/05 15:20:06.062 API InitInstance 
[7476] 2014/09/05 15:20:07.312 API ExitInstance 
[5280] 2014/09/05 15:23:44.703 API InitInstance 
[5280] 2014/09/05 15:23:45.468 API ExitInstance 
[4540] 2014/09/05 15:31:56.875 API InitInstance 
[4540] 2014/09/05 15:31:58.562 API ExitInstance 
[7688] 2014/09/05 15:58:28.218 API InitInstance 
[7688] 2014/09/05 15:58:31.812 API ExitInstance 
[6208] 2014/09/05 16:00:20.375 API InitInstance 
[6208] 2014/09/05 16:00:22.140 API ExitInstance 
[5756] 2014/09/05 16:05:50.515 API InitInstance 
[5756] 2014/09/05 16:05:52.000 API ExitInstance 
[8168] 2014/09/05 16:09:47.546 API InitInstance 
[8168] 2014/09/05 16:09:51.140 SKQuoteLib_Initialize ¡GS122811334
[8168] 2014/09/05 16:09:51.140 SKQuoteLib_Initialize ¡Ghttps://order2.capital.com.tw/
[8168] 2014/09/05 16:09:51.625 SKQuoteLib_Initialize  SUCCESS 
[8168] 2014/09/05 16:09:51.625 SKQuoteLib_AttachConnectionCallBack 
[8168] 2014/09/05 16:09:51.625 SKQuoteLib_AttachQuoteCallBack 
[8168] 2014/09/05 16:09:51.625 SKQuoteLib_AttachBest5CallBack 
[8168] 2014/09/05 16:09:51.625 SKQuoteLib_AttachTicksGetCallBack 
[8168] 2014/09/05 16:09:51.625 SKQuoteLib_AttachKLineDataCallBack 
[8168] 2014/09/05 16:09:51.625 SKQuoteLib_AttachMarketTotCallBack 
[8168] 2014/09/05 16:09:51.625 SKQuoteLib_AttachMarketBuySellCallBack 
[8168] 2014/09/05 16:09:51.625 SKQuoteLib_AttachMarketHighLowCallBack 
[8168] 2014/09/05 16:09:51.625 SKQuoteLib_AttachStrikePricesCallBack 
[8168] 2014/09/05 16:09:51.625 SKQuoteLib_AttchServerTimeCallBack 
[8168] 2014/09/05 16:09:51.625 SKQuoteLib_AttachHistoryTicksGetCallBack 
[8168] 2014/09/05 16:09:51.625 SKQuoteLib_AttachProductsReadyCallBack 
[8168] 2014/09/05 16:09:51.671 SKQuoteLib_EnterMonitor IP¡Ginfo9.capital.com.tw
[8168] 2014/09/05 16:09:51.687 SocketConnect Type¡G100  ErrorCode¡G0
[8168] 2014/09/05 16:10:03.968 Stocks Ready
[8168] 2014/09/05 16:10:06.656 SKQuoteLib_RequestTicks (1,TX00)
[4632] 2014/09/05 16:17:28.625 API InitInstance 
[4632] 2014/09/05 16:17:30.484 API ExitInstance 
[5236] 2014/09/05 16:45:29.484 API InitInstance 
[5236] 2014/09/05 16:45:30.875 API ExitInstance 
[1652] 2014/09/05 16:46:19.515 API InitInstance 
[1652] 2014/09/05 16:46:21.484 API ExitInstance 
[7800] 2014/09/05 16:57:14.000 API InitInstance 
[7800] 2014/09/05 16:57:14.781 API ExitInstance 
[5928] 2014/09/05 17:03:27.421 API InitInstance 
[5928] 2014/09/05 17:03:28.296 API ExitInstance 
[6328] 2014/09/05 17:05:19.437 API InitInstance 
[6328] 2014/09/05 17:05:39.640 API ExitInstance 
[5524] 2014/09/05 17:07:32.281 API InitInstance 
[5524] 2014/09/05 17:07:33.390 API ExitInstance 
[4228] 2014/09/05 17:11:57.140 API InitInstance 
[4228] 2014/09/05 17:11:59.609 API ExitInstance 
[6796] 2014/09/05 17:17:08.750 API InitInstance 
[6796] 2014/09/05 17:17:10.890 API ExitInstance 
[5796] 2014/09/05 17:19:23.781 API InitInstance 
[5796] 2014/09/05 17:19:25.625 API ExitInstance 
[4988] 2014/09/05 18:18:04.468 API InitInstance 
[4988] 2014/09/05 18:18:06.031 API ExitInstance 
[4648] 2014/09/05 18:25:01.546 API InitInstance 
[4648] 2014/09/05 18:25:03.015 API ExitInstance 
