[4300] 2015/01/01 22:05:01.822 SKOrderLib ª©¥» 2.1.22
[4300] 2015/01/01 22:05:01.822 Login ID: S122811334
[4300] 2015/01/01 22:05:05.147 CALL RegisterOnAccountCallBack()
[4300] 2015/01/01 22:05:05.147 CALL RegisterOnOrderAsyncReportCallBack()
[4300] 2015/01/01 22:05:05.147 CALL RegisterOnAccountWithLoginIDCallBack()
[4300] 2015/01/01 22:05:05.147 CALL RegisterOnRealBalanceReportCallBack()
[4300] 2015/01/01 22:05:05.147 CALL RegisterOnOpenInterestCallBack()
[4300] 2015/01/01 22:05:05.147 CALL RegisterOnStopLossReportCallBack()
[4300] 2015/01/01 22:05:05.147 CALL RegisterOnOverseaFuturesCallBack()
[4300] 2015/01/01 22:05:05.147 CALL RegisterOnOverseaFutureOpenInterestCallBack()
[4300] 2015/01/01 22:05:05.147 CALL RegisterOnOverseaOptionsCallBack()
[4300] 2015/01/01 22:05:05.147 CALL RegisterOnFutureRightCallBack()
[4300] 2015/01/01 22:05:05.147 CALL RegisterOnCertCanceled()
[4300] 2015/01/01 22:05:50.467 CALL GetUserAccount()
[4300] 2015/01/01 22:05:50.467 TS,9186,9186,0213851,S122811334,½²¦¼´Ü,0,0
[4300] 2015/01/01 22:07:52.980 OS,9188,9188,0011491,S122811334,½²¦¼´Ü,0,0
[4300] 2015/01/01 22:08:06.251 TS,9188,9188,0259512,S122811334,½²¦¼´Ü,0,0
[4300] 2015/01/01 22:08:06.255 TF,F020000,000,9232116,S122811334,½²¦¼´Ü,0,0
[4300] 2015/01/01 22:08:06.258 OF,F020000,000,9232116,S122811334,½²¦¼´Ü,0,0
[4300] 2015/01/01 22:08:06.264 TF,F020000,000,9232129,S122811334,½²¦¼´Ü,0,0
[4300] 2015/01/01 22:08:06.269 OF,F020000,000,9232129,S122811334,½²¦¼´Ü,0,0
[4300] 2015/01/01 22:08:08.545 CALL SKOrderLib_ReadCertByID(S122811334)
[5240] 2015/01/01 22:08:40.230 SKOrderLib ª©¥» 2.1.22
[5240] 2015/01/01 22:08:40.230 Login ID: S122811334
[5240] 2015/01/01 22:08:42.452 CALL RegisterOnAccountCallBack()
[5240] 2015/01/01 22:08:42.453 CALL RegisterOnOrderAsyncReportCallBack()
[5240] 2015/01/01 22:08:42.454 CALL RegisterOnAccountWithLoginIDCallBack()
[5240] 2015/01/01 22:08:42.454 CALL RegisterOnRealBalanceReportCallBack()
[5240] 2015/01/01 22:08:42.455 CALL RegisterOnOpenInterestCallBack()
[5240] 2015/01/01 22:08:42.455 CALL RegisterOnStopLossReportCallBack()
[5240] 2015/01/01 22:08:42.456 CALL RegisterOnOverseaFuturesCallBack()
[5240] 2015/01/01 22:08:42.456 CALL RegisterOnOverseaFutureOpenInterestCallBack()
[5240] 2015/01/01 22:08:42.456 CALL RegisterOnOverseaOptionsCallBack()
[5240] 2015/01/01 22:08:42.457 CALL RegisterOnFutureRightCallBack()
[5240] 2015/01/01 22:08:42.457 CALL RegisterOnCertCanceled()
[5240] 2015/01/01 22:08:46.676 CALL GetUserAccount()
[5240] 2015/01/01 22:08:46.676 TS,9186,9186,0213851,S122811334,½²¦¼´Ü,0,0
[5240] 2015/01/01 22:08:46.676 OS,9188,9188,0011491,S122811334,½²¦¼´Ü,0,0
[5240] 2015/01/01 22:08:46.676 TS,9188,9188,0259512,S122811334,½²¦¼´Ü,0,0
[5240] 2015/01/01 22:08:46.691 TF,F020000,000,9232116,S122811334,½²¦¼´Ü,0,0
[5240] 2015/01/01 22:08:46.691 OF,F020000,000,9232116,S122811334,½²¦¼´Ü,0,0
[5240] 2015/01/01 22:08:46.707 TF,F020000,000,9232129,S122811334,½²¦¼´Ü,0,0
[5240] 2015/01/01 22:08:46.707 OF,F020000,000,9232129,S122811334,½²¦¼´Ü,0,0
[5240] 2015/01/01 22:08:48.899 CALL SKOrderLib_ReadCertByID(S122811334)
[4300] 2015/01/01 22:16:07.657 CALL SendFutureOrderAsync(F0200009232116,TX00,0,0,1,9900,1)
[5548] 2015/01/01 22:19:29.882 SKOrderLib ª©¥» 2.1.22
[5548] 2015/01/01 22:19:29.883 Login ID: S122811334
[5548] 2015/01/01 22:19:33.767 CALL RegisterOnAccountCallBack()
[5548] 2015/01/01 22:19:33.767 CALL RegisterOnOrderAsyncReportCallBack()
[5548] 2015/01/01 22:19:33.768 CALL RegisterOnAccountWithLoginIDCallBack()
[5548] 2015/01/01 22:19:33.768 CALL RegisterOnRealBalanceReportCallBack()
[5548] 2015/01/01 22:19:33.769 CALL RegisterOnOpenInterestCallBack()
[5548] 2015/01/01 22:19:33.769 CALL RegisterOnStopLossReportCallBack()
[5548] 2015/01/01 22:19:33.770 CALL RegisterOnOverseaFuturesCallBack()
[5548] 2015/01/01 22:19:33.770 CALL RegisterOnOverseaFutureOpenInterestCallBack()
[5548] 2015/01/01 22:19:33.770 CALL RegisterOnOverseaOptionsCallBack()
[5548] 2015/01/01 22:19:33.771 CALL RegisterOnFutureRightCallBack()
[5548] 2015/01/01 22:19:33.771 CALL RegisterOnCertCanceled()
[5548] 2015/01/01 22:19:33.772 CALL GetUserAccount()
[5548] 2015/01/01 22:19:33.772 TS,9186,9186,0213851,S122811334,½²¦¼´Ü,0,0
[5548] 2015/01/01 22:19:33.774 OS,9188,9188,0011491,S122811334,½²¦¼´Ü,0,0
[5548] 2015/01/01 22:19:33.775 TS,9188,9188,0259512,S122811334,½²¦¼´Ü,0,0
[5548] 2015/01/01 22:19:33.777 TF,F020000,000,9232116,S122811334,½²¦¼´Ü,0,0
[5548] 2015/01/01 22:19:33.778 OF,F020000,000,9232116,S122811334,½²¦¼´Ü,0,0
[5548] 2015/01/01 22:19:33.781 TF,F020000,000,9232129,S122811334,½²¦¼´Ü,0,0
[5548] 2015/01/01 22:19:33.783 OF,F020000,000,9232129,S122811334,½²¦¼´Ü,0,0
[5548] 2015/01/01 22:19:35.211 CALL SKOrderLib_ReadCertByID(S122811334)
[5548] 2015/01/01 22:20:55.488 CALL SendFutureOrderAsync(F0200009232116,,65535,65535,65535,,0)
[5548] 2015/01/01 22:21:10.336 CALL SendFutureOrderAsync(F0200009232116,,65535,65535,65535,,0)
[5548] 2015/01/01 22:21:37.720 CALL SendFutureOrderAsync(F0200009232116,TX00,0,0,1,9910,1)
[1748] 2015/01/01 23:02:30.657 SKOrderLib ª©¥» 2.1.22
[1748] 2015/01/01 23:02:30.657 Login ID: S122811334
[1748] 2015/01/01 23:02:32.924 CALL RegisterOnAccountCallBack()
[1748] 2015/01/01 23:02:32.924 CALL RegisterOnOrderAsyncReportCallBack()
[1748] 2015/01/01 23:02:32.924 CALL RegisterOnAccountWithLoginIDCallBack()
[1748] 2015/01/01 23:02:32.924 CALL RegisterOnRealBalanceReportCallBack()
[1748] 2015/01/01 23:02:32.924 CALL RegisterOnOpenInterestCallBack()
[1748] 2015/01/01 23:02:32.924 CALL RegisterOnStopLossReportCallBack()
[1748] 2015/01/01 23:02:32.924 CALL RegisterOnOverseaFuturesCallBack()
[1748] 2015/01/01 23:02:32.924 CALL RegisterOnOverseaFutureOpenInterestCallBack()
[1748] 2015/01/01 23:02:32.924 CALL RegisterOnOverseaOptionsCallBack()
[1748] 2015/01/01 23:02:32.924 CALL RegisterOnFutureRightCallBack()
[1748] 2015/01/01 23:02:32.924 CALL RegisterOnCertCanceled()
[1748] 2015/01/01 23:02:45.687 CALL GetUserAccount()
[1748] 2015/01/01 23:02:45.687 TS,9186,9186,0213851,S122811334,½²¦¼´Ü,0,0
[1748] 2015/01/01 23:02:45.687 OS,9188,9188,0011491,S122811334,½²¦¼´Ü,0,0
[1748] 2015/01/01 23:02:45.687 TS,9188,9188,0259512,S122811334,½²¦¼´Ü,0,0
[1748] 2015/01/01 23:02:45.705 TF,F020000,000,9232116,S122811334,½²¦¼´Ü,0,0
[1748] 2015/01/01 23:02:45.705 OF,F020000,000,9232116,S122811334,½²¦¼´Ü,0,0
[1748] 2015/01/01 23:02:45.705 TF,F020000,000,9232129,S122811334,½²¦¼´Ü,0,0
[1748] 2015/01/01 23:02:45.705 OF,F020000,000,9232129,S122811334,½²¦¼´Ü,0,0
[1748] 2015/01/01 23:02:47.853 CALL SKOrderLib_ReadCertByID(S122811334)
[1748] 2015/01/01 23:03:17.917 CALL SendFutureOrderAsync(F0200009232129,TX00,0,0,1,9850,1)
[5328] 2015/01/01 23:07:16.726 SKOrderLib ª©¥» 2.1.22
[5328] 2015/01/01 23:07:16.726 Login ID: S122811334
[5328] 2015/01/01 23:07:18.305 CALL RegisterOnAccountCallBack()
[5328] 2015/01/01 23:07:18.305 CALL RegisterOnOrderAsyncReportCallBack()
[5328] 2015/01/01 23:07:18.305 CALL RegisterOnAccountWithLoginIDCallBack()
[5328] 2015/01/01 23:07:18.321 CALL RegisterOnRealBalanceReportCallBack()
[5328] 2015/01/01 23:07:18.321 CALL RegisterOnOpenInterestCallBack()
[5328] 2015/01/01 23:07:18.321 CALL RegisterOnStopLossReportCallBack()
[5328] 2015/01/01 23:07:18.321 CALL RegisterOnOverseaFuturesCallBack()
[5328] 2015/01/01 23:07:18.321 CALL RegisterOnOverseaFutureOpenInterestCallBack()
[5328] 2015/01/01 23:07:18.321 CALL RegisterOnOverseaOptionsCallBack()
[5328] 2015/01/01 23:07:18.321 CALL RegisterOnFutureRightCallBack()
[5328] 2015/01/01 23:07:18.321 CALL RegisterOnCertCanceled()
[5328] 2015/01/01 23:07:18.321 CALL GetUserAccount()
[5328] 2015/01/01 23:07:18.321 TS,9186,9186,0213851,S122811334,½²¦¼´Ü,0,0
[5328] 2015/01/01 23:07:18.321 OS,9188,9188,0011491,S122811334,½²¦¼´Ü,0,0
[5328] 2015/01/01 23:07:18.321 TS,9188,9188,0259512,S122811334,½²¦¼´Ü,0,0
[5328] 2015/01/01 23:07:18.336 TF,F020000,000,9232116,S122811334,½²¦¼´Ü,0,0
[5328] 2015/01/01 23:07:18.336 OF,F020000,000,9232116,S122811334,½²¦¼´Ü,0,0
[5328] 2015/01/01 23:07:18.336 TF,F020000,000,9232129,S122811334,½²¦¼´Ü,0,0
[5328] 2015/01/01 23:07:18.336 OF,F020000,000,9232129,S122811334,½²¦¼´Ü,0,0
[5328] 2015/01/01 23:07:19.570 CALL SKOrderLib_ReadCertByID(S122811334)
[5328] 2015/01/01 23:07:38.055 CALL SendFutureOrderAsync(F0200009232116,TX00,0,0,1,9870,1)
[5328] 2015/01/01 23:08:04.014 CALL SendFutureOrderAsync(F0200009232116,TX00,0,0,1,9870,1)
[1268] 2015/01/01 23:12:11.704 SKOrderLib ª©¥» 2.1.22
[1268] 2015/01/01 23:12:11.704 Login ID: S122811334
[1268] 2015/01/01 23:12:13.279 CALL RegisterOnAccountCallBack()
[1268] 2015/01/01 23:12:13.279 CALL RegisterOnOrderAsyncReportCallBack()
[1268] 2015/01/01 23:12:13.279 CALL RegisterOnAccountWithLoginIDCallBack()
[1268] 2015/01/01 23:12:13.294 CALL RegisterOnRealBalanceReportCallBack()
[1268] 2015/01/01 23:12:13.294 CALL RegisterOnOpenInterestCallBack()
[1268] 2015/01/01 23:12:13.294 CALL RegisterOnStopLossReportCallBack()
[1268] 2015/01/01 23:12:13.294 CALL RegisterOnOverseaFuturesCallBack()
[1268] 2015/01/01 23:12:13.294 CALL RegisterOnOverseaFutureOpenInterestCallBack()
[1268] 2015/01/01 23:12:13.294 CALL RegisterOnOverseaOptionsCallBack()
[1268] 2015/01/01 23:12:13.294 CALL RegisterOnFutureRightCallBack()
[1268] 2015/01/01 23:12:13.294 CALL RegisterOnCertCanceled()
[1268] 2015/01/01 23:12:13.294 CALL GetUserAccount()
[1268] 2015/01/01 23:12:13.294 TS,9186,9186,0213851,S122811334,½²¦¼´Ü,0,0
[1268] 2015/01/01 23:12:13.294 OS,9188,9188,0011491,S122811334,½²¦¼´Ü,0,0
[1268] 2015/01/01 23:12:13.294 TS,9188,9188,0259512,S122811334,½²¦¼´Ü,0,0
[1268] 2015/01/01 23:12:13.310 TF,F020000,000,9232116,S122811334,½²¦¼´Ü,0,0
[1268] 2015/01/01 23:12:13.310 OF,F020000,000,9232116,S122811334,½²¦¼´Ü,0,0
[1268] 2015/01/01 23:12:13.310 TF,F020000,000,9232129,S122811334,½²¦¼´Ü,0,0
[1268] 2015/01/01 23:12:13.310 OF,F020000,000,9232129,S122811334,½²¦¼´Ü,0,0
[1268] 2015/01/01 23:12:14.352 CALL SKOrderLib_ReadCertByID(S122811334)
[1268] 2015/01/01 23:12:55.729 CALL SendFutureOrderAsync(F0200009232129,TX00,0,0,1,9930,1)
[5152] 2015/01/01 23:30:21.595 SKOrderLib ª©¥» 2.1.22
[5152] 2015/01/01 23:30:21.595 Login ID: S122811334
[5152] 2015/01/01 23:30:24.925 CALL RegisterOnAccountCallBack()
[5152] 2015/01/01 23:30:24.925 CALL RegisterOnOrderAsyncReportCallBack()
[5152] 2015/01/01 23:30:24.925 CALL RegisterOnAccountWithLoginIDCallBack()
[5152] 2015/01/01 23:30:24.925 CALL RegisterOnRealBalanceReportCallBack()
[5152] 2015/01/01 23:30:24.925 CALL RegisterOnOpenInterestCallBack()
[5152] 2015/01/01 23:30:24.925 CALL RegisterOnStopLossReportCallBack()
[5152] 2015/01/01 23:30:24.941 CALL RegisterOnOverseaFuturesCallBack()
[5152] 2015/01/01 23:30:24.941 CALL RegisterOnOverseaFutureOpenInterestCallBack()
[5152] 2015/01/01 23:30:24.941 CALL RegisterOnOverseaOptionsCallBack()
[5152] 2015/01/01 23:30:24.941 CALL RegisterOnFutureRightCallBack()
[5152] 2015/01/01 23:30:24.941 CALL RegisterOnCertCanceled()
[5152] 2015/01/01 23:30:26.966 CALL GetUserAccount()
[5152] 2015/01/01 23:30:26.966 TS,9186,9186,0213851,S122811334,½²¦¼´Ü,0,0
[5152] 2015/01/01 23:30:26.966 OS,9188,9188,0011491,S122811334,½²¦¼´Ü,0,0
[5152] 2015/01/01 23:30:26.966 TS,9188,9188,0259512,S122811334,½²¦¼´Ü,0,0
[5152] 2015/01/01 23:30:26.966 TF,F020000,000,9232116,S122811334,½²¦¼´Ü,0,0
[5152] 2015/01/01 23:30:26.966 OF,F020000,000,9232116,S122811334,½²¦¼´Ü,0,0
[5152] 2015/01/01 23:30:26.982 TF,F020000,000,9232129,S122811334,½²¦¼´Ü,0,0
[5152] 2015/01/01 23:30:26.982 OF,F020000,000,9232129,S122811334,½²¦¼´Ü,0,0
[5152] 2015/01/01 23:30:29.304 CALL SKOrderLib_ReadCertByID(S122811334)
[5152] 2015/01/01 23:30:54.932 CALL SendFutureOrderAsync(F0200009232129,TX00,0,0,1,9850,1)
