[2308] 2015/02/12 00:09:58.812 SKOrderLib ª©¥» 2.1.22
[2308] 2015/02/12 00:09:58.812 Login ID: S122811334
[2308] 2015/02/12 00:09:59.875 CALL RegisterOnAccountCallBack()
[2308] 2015/02/12 00:09:59.875 CALL RegisterOnOrderAsyncReportCallBack()
[2308] 2015/02/12 00:09:59.875 CALL RegisterOnAccountWithLoginIDCallBack()
[2308] 2015/02/12 00:09:59.875 CALL RegisterOnRealBalanceReportCallBack()
[2308] 2015/02/12 00:09:59.875 CALL RegisterOnOpenInterestCallBack()
[2308] 2015/02/12 00:09:59.875 CALL RegisterOnStopLossReportCallBack()
[2308] 2015/02/12 00:09:59.875 CALL RegisterOnOverseaFuturesCallBack()
[2308] 2015/02/12 00:09:59.875 CALL RegisterOnOverseaFutureOpenInterestCallBack()
[2308] 2015/02/12 00:09:59.875 CALL RegisterOnOverseaOptionsCallBack()
[2308] 2015/02/12 00:09:59.890 CALL RegisterOnFutureRightCallBack()
[2308] 2015/02/12 00:09:59.890 CALL RegisterOnCertCanceled()
[2308] 2015/02/12 00:09:59.890 CALL RegisterOnExecutionReportCallBack()
[2308] 2015/02/12 00:09:59.890 CALL GetUserAccount()
[2308] 2015/02/12 00:09:59.890 TS,9186,9186,0213851,S122811334,½²¦¼´Ü,0,0
[2308] 2015/02/12 00:09:59.890 OS,9188,9188,0011491,S122811334,½²¦¼´Ü,0,0
[2308] 2015/02/12 00:09:59.890 TS,9188,9188,0259512,S122811334,½²¦¼´Ü,0,0
[2308] 2015/02/12 00:09:59.890 TF,F020000,000,9232116,S122811334,½²¦¼´Ü,0,0
[2308] 2015/02/12 00:09:59.906 OF,F020000,000,9232116,S122811334,½²¦¼´Ü,0,0
[2308] 2015/02/12 00:09:59.906 TF,F020000,000,9232129,S122811334,½²¦¼´Ü,0,0
[2308] 2015/02/12 00:09:59.906 OF,F020000,000,9232129,S122811334,½²¦¼´Ü,0,0
[2308] 2015/02/12 00:09:59.906 CALL SKOrderLib_ReadCertByID(S122811334)
[2308] 2015/02/12 00:10:00.187 CALL GetFutureRight(F0200009232116)
[2308] 2015/02/12 00:10:05.437 CALL GetOpenInterest(F0200009232116)
[4912] 2015/02/12 00:10:05.765 SKOrderLib ª©¥» 2.1.22
[4912] 2015/02/12 00:10:05.765 Login ID: S122811334
[4912] 2015/02/12 00:10:06.750 CALL RegisterOnAccountCallBack()
[4912] 2015/02/12 00:10:06.750 CALL RegisterOnOrderAsyncReportCallBack()
[4912] 2015/02/12 00:10:06.750 CALL RegisterOnAccountWithLoginIDCallBack()
[4912] 2015/02/12 00:10:06.750 CALL RegisterOnRealBalanceReportCallBack()
[4912] 2015/02/12 00:10:06.750 CALL RegisterOnOpenInterestCallBack()
[4912] 2015/02/12 00:10:06.750 CALL RegisterOnStopLossReportCallBack()
[4912] 2015/02/12 00:10:06.750 CALL RegisterOnOverseaFuturesCallBack()
[4912] 2015/02/12 00:10:06.750 CALL RegisterOnOverseaFutureOpenInterestCallBack()
[4912] 2015/02/12 00:10:06.750 CALL RegisterOnOverseaOptionsCallBack()
[4912] 2015/02/12 00:10:06.750 CALL RegisterOnFutureRightCallBack()
[4912] 2015/02/12 00:10:06.750 CALL RegisterOnCertCanceled()
[4912] 2015/02/12 00:10:06.750 CALL RegisterOnExecutionReportCallBack()
[4912] 2015/02/12 00:10:06.750 CALL GetUserAccount()
[4912] 2015/02/12 00:10:06.750 TS,9186,9186,0213851,S122811334,½²¦¼´Ü,0,0
[4912] 2015/02/12 00:10:06.750 OS,9188,9188,0011491,S122811334,½²¦¼´Ü,0,0
[4912] 2015/02/12 00:10:06.750 TS,9188,9188,0259512,S122811334,½²¦¼´Ü,0,0
[4912] 2015/02/12 00:10:06.765 TF,F020000,000,9232116,S122811334,½²¦¼´Ü,0,0
[4912] 2015/02/12 00:10:06.765 OF,F020000,000,9232116,S122811334,½²¦¼´Ü,0,0
[4912] 2015/02/12 00:10:06.765 TF,F020000,000,9232129,S122811334,½²¦¼´Ü,0,0
[4912] 2015/02/12 00:10:06.765 OF,F020000,000,9232129,S122811334,½²¦¼´Ü,0,0
[4912] 2015/02/12 00:10:06.765 CALL SKOrderLib_ReadCertByID(S122811334)
[4912] 2015/02/12 00:10:06.953 CALL GetFutureRight(F0200009232129)
[4912] 2015/02/12 00:10:12.187 CALL GetOpenInterest(F0200009232129)
[2308] 2015/02/12 00:10:20.484 CALL GetFutureRight(F0200009232116)
[2308] 2015/02/12 00:10:25.531 CALL GetOpenInterest(F0200009232116)
[4912] 2015/02/12 00:10:27.250 CALL GetFutureRight(F0200009232129)
[4912] 2015/02/12 00:10:32.296 CALL GetOpenInterest(F0200009232129)
[2308] 2015/02/12 00:10:35.484 CALL GetFutureRight(F0200009232116)
[2308] 2015/02/12 00:10:40.531 CALL GetOpenInterest(F0200009232116)
[4912] 2015/02/12 00:10:42.250 CALL GetFutureRight(F0200009232129)
[4912] 2015/02/12 00:10:47.312 CALL GetOpenInterest(F0200009232129)
[2308] 2015/02/12 00:10:50.484 CALL GetFutureRight(F0200009232116)
[2308] 2015/02/12 00:10:55.546 CALL GetOpenInterest(F0200009232116)
[4912] 2015/02/12 00:10:57.250 CALL GetFutureRight(F0200009232129)
[4912] 2015/02/12 00:11:02.296 CALL GetOpenInterest(F0200009232129)
[2308] 2015/02/12 00:11:05.484 CALL GetFutureRight(F0200009232116)
[2308] 2015/02/12 00:11:10.531 CALL GetOpenInterest(F0200009232116)
[4912] 2015/02/12 00:11:12.250 CALL GetFutureRight(F0200009232129)
[4912] 2015/02/12 00:11:17.312 CALL GetOpenInterest(F0200009232129)
[2308] 2015/02/12 00:11:20.484 CALL GetFutureRight(F0200009232116)
[2308] 2015/02/12 00:11:25.531 CALL GetOpenInterest(F0200009232116)
[4912] 2015/02/12 00:11:27.250 CALL GetFutureRight(F0200009232129)
[4912] 2015/02/12 00:11:32.296 CALL GetOpenInterest(F0200009232129)
[2308] 2015/02/12 00:11:35.484 CALL GetFutureRight(F0200009232116)
[2308] 2015/02/12 00:11:40.531 CALL GetOpenInterest(F0200009232116)
[4912] 2015/02/12 00:11:42.250 CALL GetFutureRight(F0200009232129)
[4912] 2015/02/12 00:11:47.296 CALL GetOpenInterest(F0200009232129)
[2308] 2015/02/12 00:11:50.484 CALL GetFutureRight(F0200009232116)
[2308] 2015/02/12 00:11:55.671 CALL GetOpenInterest(F0200009232116)
[4912] 2015/02/12 00:11:57.250 CALL GetFutureRight(F0200009232129)
[4912] 2015/02/12 00:12:02.312 CALL GetOpenInterest(F0200009232129)
[2308] 2015/02/12 00:12:05.484 CALL GetFutureRight(F0200009232116)
[2308] 2015/02/12 00:12:10.531 CALL GetOpenInterest(F0200009232116)
[4912] 2015/02/12 00:12:12.250 CALL GetFutureRight(F0200009232129)
[4912] 2015/02/12 00:12:17.296 CALL GetOpenInterest(F0200009232129)
[2308] 2015/02/12 00:12:20.484 CALL GetFutureRight(F0200009232116)
[2308] 2015/02/12 00:12:25.546 CALL GetOpenInterest(F0200009232116)
[4912] 2015/02/12 00:12:27.250 CALL GetFutureRight(F0200009232129)
[4912] 2015/02/12 00:12:32.312 CALL GetOpenInterest(F0200009232129)
[2308] 2015/02/12 00:12:35.484 CALL GetFutureRight(F0200009232116)
[2308] 2015/02/12 00:12:40.531 CALL GetOpenInterest(F0200009232116)
[4912] 2015/02/12 00:12:42.250 CALL GetFutureRight(F0200009232129)
[4912] 2015/02/12 00:12:47.296 CALL GetOpenInterest(F0200009232129)
[2308] 2015/02/12 00:12:50.484 CALL GetFutureRight(F0200009232116)
[2308] 2015/02/12 00:12:55.562 CALL GetOpenInterest(F0200009232116)
[4912] 2015/02/12 00:12:57.250 CALL GetFutureRight(F0200009232129)
[4912] 2015/02/12 00:13:02.296 CALL GetOpenInterest(F0200009232129)
[576] 2015/02/12 00:13:53.109 SKOrderLib ª©¥» 2.1.22
[576] 2015/02/12 00:13:53.109 Login ID: S122811334
[576] 2015/02/12 00:13:54.062 CALL RegisterOnAccountCallBack()
[576] 2015/02/12 00:13:54.062 CALL RegisterOnOrderAsyncReportCallBack()
[576] 2015/02/12 00:13:54.062 CALL RegisterOnAccountWithLoginIDCallBack()
[576] 2015/02/12 00:13:54.062 CALL RegisterOnRealBalanceReportCallBack()
[576] 2015/02/12 00:13:54.062 CALL RegisterOnOpenInterestCallBack()
[576] 2015/02/12 00:13:54.062 CALL RegisterOnStopLossReportCallBack()
[576] 2015/02/12 00:13:54.062 CALL RegisterOnOverseaFuturesCallBack()
[576] 2015/02/12 00:13:54.078 CALL RegisterOnOverseaFutureOpenInterestCallBack()
[576] 2015/02/12 00:13:54.078 CALL RegisterOnOverseaOptionsCallBack()
[576] 2015/02/12 00:13:54.078 CALL RegisterOnFutureRightCallBack()
[576] 2015/02/12 00:13:54.078 CALL RegisterOnCertCanceled()
[576] 2015/02/12 00:13:54.078 CALL RegisterOnExecutionReportCallBack()
[576] 2015/02/12 00:13:54.078 CALL GetUserAccount()
[576] 2015/02/12 00:13:54.078 TS,9186,9186,0213851,S122811334,½²¦¼´Ü,0,0
[576] 2015/02/12 00:13:54.078 OS,9188,9188,0011491,S122811334,½²¦¼´Ü,0,0
[576] 2015/02/12 00:13:54.078 TS,9188,9188,0259512,S122811334,½²¦¼´Ü,0,0
[576] 2015/02/12 00:13:54.078 TF,F020000,000,9232116,S122811334,½²¦¼´Ü,0,0
[576] 2015/02/12 00:13:54.093 OF,F020000,000,9232116,S122811334,½²¦¼´Ü,0,0
[576] 2015/02/12 00:13:54.093 TF,F020000,000,9232129,S122811334,½²¦¼´Ü,0,0
[576] 2015/02/12 00:13:54.093 OF,F020000,000,9232129,S122811334,½²¦¼´Ü,0,0
[576] 2015/02/12 00:13:54.093 CALL SKOrderLib_ReadCertByID(S122811334)
[576] 2015/02/12 00:13:54.281 CALL GetFutureRight(F0200009232116)
[576] 2015/02/12 00:13:59.421 CALL GetOpenInterest(F0200009232116)
[6100] 2015/02/12 00:13:59.828 SKOrderLib ª©¥» 2.1.22
[6100] 2015/02/12 00:13:59.828 Login ID: S122811334
[6100] 2015/02/12 00:14:00.843 CALL RegisterOnAccountCallBack()
[6100] 2015/02/12 00:14:00.843 CALL RegisterOnOrderAsyncReportCallBack()
[6100] 2015/02/12 00:14:00.843 CALL RegisterOnAccountWithLoginIDCallBack()
[6100] 2015/02/12 00:14:00.843 CALL RegisterOnRealBalanceReportCallBack()
[6100] 2015/02/12 00:14:00.843 CALL RegisterOnOpenInterestCallBack()
[6100] 2015/02/12 00:14:00.843 CALL RegisterOnStopLossReportCallBack()
[6100] 2015/02/12 00:14:00.843 CALL RegisterOnOverseaFuturesCallBack()
[6100] 2015/02/12 00:14:00.843 CALL RegisterOnOverseaFutureOpenInterestCallBack()
[6100] 2015/02/12 00:14:00.843 CALL RegisterOnOverseaOptionsCallBack()
[6100] 2015/02/12 00:14:00.843 CALL RegisterOnFutureRightCallBack()
[6100] 2015/02/12 00:14:00.843 CALL RegisterOnCertCanceled()
[6100] 2015/02/12 00:14:00.843 CALL RegisterOnExecutionReportCallBack()
[6100] 2015/02/12 00:14:00.843 CALL GetUserAccount()
[6100] 2015/02/12 00:14:00.843 TS,9186,9186,0213851,S122811334,½²¦¼´Ü,0,0
[6100] 2015/02/12 00:14:00.843 OS,9188,9188,0011491,S122811334,½²¦¼´Ü,0,0
[6100] 2015/02/12 00:14:00.843 TS,9188,9188,0259512,S122811334,½²¦¼´Ü,0,0
[6100] 2015/02/12 00:14:00.859 TF,F020000,000,9232116,S122811334,½²¦¼´Ü,0,0
[6100] 2015/02/12 00:14:00.859 OF,F020000,000,9232116,S122811334,½²¦¼´Ü,0,0
[6100] 2015/02/12 00:14:00.859 TF,F020000,000,9232129,S122811334,½²¦¼´Ü,0,0
[6100] 2015/02/12 00:14:00.875 OF,F020000,000,9232129,S122811334,½²¦¼´Ü,0,0
[6100] 2015/02/12 00:14:00.875 CALL SKOrderLib_ReadCertByID(S122811334)
[6100] 2015/02/12 00:14:01.062 CALL GetFutureRight(F0200009232129)
[6100] 2015/02/12 00:14:06.203 CALL GetOpenInterest(F0200009232129)
[576] 2015/02/12 00:14:14.468 CALL GetFutureRight(F0200009232116)
[576] 2015/02/12 00:14:19.531 CALL GetOpenInterest(F0200009232116)
[6100] 2015/02/12 00:14:21.265 CALL GetFutureRight(F0200009232129)
[6100] 2015/02/12 00:14:26.328 CALL GetOpenInterest(F0200009232129)
[576] 2015/02/12 00:14:29.468 CALL GetFutureRight(F0200009232116)
[576] 2015/02/12 00:14:34.531 CALL GetOpenInterest(F0200009232116)
[6100] 2015/02/12 00:14:36.265 CALL GetFutureRight(F0200009232129)
[6100] 2015/02/12 00:14:41.328 CALL GetOpenInterest(F0200009232129)
[576] 2015/02/12 00:14:44.468 CALL GetFutureRight(F0200009232116)
[576] 2015/02/12 00:14:49.515 CALL GetOpenInterest(F0200009232116)
[6100] 2015/02/12 00:14:51.265 CALL GetFutureRight(F0200009232129)
[6100] 2015/02/12 00:14:56.328 CALL GetOpenInterest(F0200009232129)
[576] 2015/02/12 00:14:59.468 CALL GetFutureRight(F0200009232116)
[576] 2015/02/12 00:15:04.531 CALL GetOpenInterest(F0200009232116)
[6100] 2015/02/12 00:15:06.265 CALL GetFutureRight(F0200009232129)
[6100] 2015/02/12 00:15:11.328 CALL GetOpenInterest(F0200009232129)
[576] 2015/02/12 00:15:14.468 CALL GetFutureRight(F0200009232116)
[576] 2015/02/12 00:15:19.531 CALL GetOpenInterest(F0200009232116)
[6100] 2015/02/12 00:15:21.265 CALL GetFutureRight(F0200009232129)
[6100] 2015/02/12 00:15:26.312 CALL GetOpenInterest(F0200009232129)
[576] 2015/02/12 00:15:29.468 CALL GetFutureRight(F0200009232116)
[576] 2015/02/12 00:15:34.515 CALL GetOpenInterest(F0200009232116)
[6100] 2015/02/12 00:15:36.265 CALL GetFutureRight(F0200009232129)
[6100] 2015/02/12 00:15:41.312 CALL GetOpenInterest(F0200009232129)
[576] 2015/02/12 00:15:44.468 CALL GetFutureRight(F0200009232116)
[576] 2015/02/12 00:15:49.515 CALL GetOpenInterest(F0200009232116)
[6100] 2015/02/12 00:15:51.265 CALL GetFutureRight(F0200009232129)
[6100] 2015/02/12 00:15:56.312 CALL GetOpenInterest(F0200009232129)
[576] 2015/02/12 00:15:59.468 CALL GetFutureRight(F0200009232116)
[576] 2015/02/12 00:16:04.515 CALL GetOpenInterest(F0200009232116)
[6100] 2015/02/12 00:16:06.265 CALL GetFutureRight(F0200009232129)
[5096] 2015/02/12 02:31:51.218 SKOrderLib ª©¥» 2.1.22
[5096] 2015/02/12 02:31:51.234 Login ID: S122811334
[5096] 2015/02/12 02:31:52.265 CALL RegisterOnAccountCallBack()
[5096] 2015/02/12 02:31:52.265 CALL RegisterOnOrderAsyncReportCallBack()
[5096] 2015/02/12 02:31:52.265 CALL RegisterOnAccountWithLoginIDCallBack()
[5096] 2015/02/12 02:31:52.265 CALL RegisterOnRealBalanceReportCallBack()
[5096] 2015/02/12 02:31:52.265 CALL RegisterOnOpenInterestCallBack()
[5096] 2015/02/12 02:31:52.265 CALL RegisterOnStopLossReportCallBack()
[5096] 2015/02/12 02:31:52.265 CALL RegisterOnOverseaFuturesCallBack()
[5096] 2015/02/12 02:31:52.265 CALL RegisterOnOverseaFutureOpenInterestCallBack()
[5096] 2015/02/12 02:31:52.265 CALL RegisterOnOverseaOptionsCallBack()
[5096] 2015/02/12 02:31:52.265 CALL RegisterOnFutureRightCallBack()
[5096] 2015/02/12 02:31:52.265 CALL RegisterOnCertCanceled()
[5096] 2015/02/12 02:31:52.265 CALL RegisterOnExecutionReportCallBack()
[5096] 2015/02/12 02:31:52.265 CALL GetUserAccount()
[5096] 2015/02/12 02:31:52.265 TS,9186,9186,0213851,S122811334,½²¦¼´Ü,0,0
[5096] 2015/02/12 02:31:52.281 OS,9188,9188,0011491,S122811334,½²¦¼´Ü,0,0
[5096] 2015/02/12 02:31:52.281 TS,9188,9188,0259512,S122811334,½²¦¼´Ü,0,0
[5096] 2015/02/12 02:31:52.281 TF,F020000,000,9232116,S122811334,½²¦¼´Ü,0,0
[5096] 2015/02/12 02:31:52.281 OF,F020000,000,9232116,S122811334,½²¦¼´Ü,0,0
[5096] 2015/02/12 02:31:52.296 TF,F020000,000,9232129,S122811334,½²¦¼´Ü,0,0
[5096] 2015/02/12 02:31:52.296 OF,F020000,000,9232129,S122811334,½²¦¼´Ü,0,0
[5096] 2015/02/12 02:31:52.296 CALL SKOrderLib_ReadCertByID(S122811334)
[5096] 2015/02/12 02:31:52.609 CALL GetFutureRight(F0200009232116)
[5096] 2015/02/12 02:31:57.843 CALL GetOpenInterest(F0200009232116)
[6096] 2015/02/12 02:31:58.203 SKOrderLib ª©¥» 2.1.22
[6096] 2015/02/12 02:31:58.218 Login ID: S122811334
[6096] 2015/02/12 02:31:59.046 CALL RegisterOnAccountCallBack()
[6096] 2015/02/12 02:31:59.046 CALL RegisterOnOrderAsyncReportCallBack()
[6096] 2015/02/12 02:31:59.046 CALL RegisterOnAccountWithLoginIDCallBack()
[6096] 2015/02/12 02:31:59.046 CALL RegisterOnRealBalanceReportCallBack()
[6096] 2015/02/12 02:31:59.046 CALL RegisterOnOpenInterestCallBack()
[6096] 2015/02/12 02:31:59.046 CALL RegisterOnStopLossReportCallBack()
[6096] 2015/02/12 02:31:59.046 CALL RegisterOnOverseaFuturesCallBack()
[6096] 2015/02/12 02:31:59.046 CALL RegisterOnOverseaFutureOpenInterestCallBack()
[6096] 2015/02/12 02:31:59.046 CALL RegisterOnOverseaOptionsCallBack()
[6096] 2015/02/12 02:31:59.046 CALL RegisterOnFutureRightCallBack()
[6096] 2015/02/12 02:31:59.046 CALL RegisterOnCertCanceled()
[6096] 2015/02/12 02:31:59.046 CALL RegisterOnExecutionReportCallBack()
[6096] 2015/02/12 02:31:59.046 CALL GetUserAccount()
[6096] 2015/02/12 02:31:59.046 TS,9186,9186,0213851,S122811334,½²¦¼´Ü,0,0
[6096] 2015/02/12 02:31:59.046 OS,9188,9188,0011491,S122811334,½²¦¼´Ü,0,0
[6096] 2015/02/12 02:31:59.046 TS,9188,9188,0259512,S122811334,½²¦¼´Ü,0,0
[6096] 2015/02/12 02:31:59.046 TF,F020000,000,9232116,S122811334,½²¦¼´Ü,0,0
[6096] 2015/02/12 02:31:59.062 OF,F020000,000,9232116,S122811334,½²¦¼´Ü,0,0
[6096] 2015/02/12 02:31:59.062 TF,F020000,000,9232129,S122811334,½²¦¼´Ü,0,0
[6096] 2015/02/12 02:31:59.062 OF,F020000,000,9232129,S122811334,½²¦¼´Ü,0,0
[6096] 2015/02/12 02:31:59.062 CALL SKOrderLib_ReadCertByID(S122811334)
[6096] 2015/02/12 02:31:59.234 CALL GetFutureRight(F0200009232129)
[6096] 2015/02/12 02:32:04.390 CALL GetOpenInterest(F0200009232129)
[5096] 2015/02/12 02:32:12.906 CALL GetFutureRight(F0200009232116)
[5096] 2015/02/12 02:32:17.984 CALL GetOpenInterest(F0200009232116)
[6096] 2015/02/12 02:32:19.437 CALL GetFutureRight(F0200009232129)
[6096] 2015/02/12 02:32:24.500 CALL GetOpenInterest(F0200009232129)
[5096] 2015/02/12 02:32:27.906 CALL GetFutureRight(F0200009232116)
[5096] 2015/02/12 02:32:32.953 CALL GetOpenInterest(F0200009232116)
[6096] 2015/02/12 02:32:34.437 CALL GetFutureRight(F0200009232129)
[6096] 2015/02/12 02:32:39.546 CALL GetOpenInterest(F0200009232129)
[5096] 2015/02/12 02:32:42.906 CALL GetFutureRight(F0200009232116)
[5096] 2015/02/12 02:32:47.968 CALL GetOpenInterest(F0200009232116)
[6096] 2015/02/12 02:32:49.437 CALL GetFutureRight(F0200009232129)
[6096] 2015/02/12 02:32:54.484 CALL GetOpenInterest(F0200009232129)
[5096] 2015/02/12 02:32:57.906 CALL GetFutureRight(F0200009232116)
[5096] 2015/02/12 02:33:02.953 CALL GetOpenInterest(F0200009232116)
[6096] 2015/02/12 02:33:04.437 CALL GetFutureRight(F0200009232129)
[6096] 2015/02/12 02:33:09.500 CALL GetOpenInterest(F0200009232129)
[5096] 2015/02/12 02:33:12.906 CALL GetFutureRight(F0200009232116)
[5096] 2015/02/12 02:33:17.953 CALL GetOpenInterest(F0200009232116)
[6096] 2015/02/12 02:33:19.437 CALL GetFutureRight(F0200009232129)
[6096] 2015/02/12 02:33:24.500 CALL GetOpenInterest(F0200009232129)
[5096] 2015/02/12 02:33:27.906 CALL GetFutureRight(F0200009232116)
[5096] 2015/02/12 02:33:32.953 CALL GetOpenInterest(F0200009232116)
[6096] 2015/02/12 02:33:34.437 CALL GetFutureRight(F0200009232129)
[6096] 2015/02/12 02:33:39.484 CALL GetOpenInterest(F0200009232129)
[5096] 2015/02/12 02:33:42.906 CALL GetFutureRight(F0200009232116)
[5096] 2015/02/12 02:33:47.968 CALL GetOpenInterest(F0200009232116)
[6096] 2015/02/12 02:33:49.437 CALL GetFutureRight(F0200009232129)
[6096] 2015/02/12 02:33:54.484 CALL GetOpenInterest(F0200009232129)
[5096] 2015/02/12 02:33:57.906 CALL GetFutureRight(F0200009232116)
[5096] 2015/02/12 02:34:02.968 CALL GetOpenInterest(F0200009232116)
[6096] 2015/02/12 02:34:04.437 CALL GetFutureRight(F0200009232129)
[6096] 2015/02/12 02:34:09.500 CALL GetOpenInterest(F0200009232129)
[5096] 2015/02/12 02:34:12.906 CALL GetFutureRight(F0200009232116)
[5096] 2015/02/12 02:34:17.953 CALL GetOpenInterest(F0200009232116)
[6096] 2015/02/12 02:34:19.437 CALL GetFutureRight(F0200009232129)
[6096] 2015/02/12 02:34:24.500 CALL GetOpenInterest(F0200009232129)
[5096] 2015/02/12 02:34:27.906 CALL GetFutureRight(F0200009232116)
[5096] 2015/02/12 02:34:32.953 CALL GetOpenInterest(F0200009232116)
[6096] 2015/02/12 02:34:34.437 CALL GetFutureRight(F0200009232129)
[6096] 2015/02/12 02:34:39.562 CALL GetOpenInterest(F0200009232129)
[5096] 2015/02/12 02:34:42.906 CALL GetFutureRight(F0200009232116)
[5096] 2015/02/12 02:34:47.968 CALL GetOpenInterest(F0200009232116)
[6096] 2015/02/12 02:34:49.437 CALL GetFutureRight(F0200009232129)
[6096] 2015/02/12 02:34:54.484 CALL GetOpenInterest(F0200009232129)
[5096] 2015/02/12 02:34:57.906 CALL GetFutureRight(F0200009232116)
[5096] 2015/02/12 02:35:02.953 CALL GetOpenInterest(F0200009232116)
[6096] 2015/02/12 02:35:04.437 CALL GetFutureRight(F0200009232129)
[6096] 2015/02/12 02:35:09.500 CALL GetOpenInterest(F0200009232129)
[5096] 2015/02/12 02:35:12.906 CALL GetFutureRight(F0200009232116)
[5096] 2015/02/12 02:35:17.968 CALL GetOpenInterest(F0200009232116)
[6096] 2015/02/12 02:35:19.437 CALL GetFutureRight(F0200009232129)
[6096] 2015/02/12 02:35:24.500 CALL GetOpenInterest(F0200009232129)
[5096] 2015/02/12 02:35:27.906 CALL GetFutureRight(F0200009232116)
[5096] 2015/02/12 02:35:32.968 CALL GetOpenInterest(F0200009232116)
[6096] 2015/02/12 02:35:34.437 CALL GetFutureRight(F0200009232129)
[6096] 2015/02/12 02:35:39.500 CALL GetOpenInterest(F0200009232129)
[5096] 2015/02/12 02:35:42.906 CALL GetFutureRight(F0200009232116)
[5096] 2015/02/12 02:35:47.953 CALL GetOpenInterest(F0200009232116)
[6096] 2015/02/12 02:35:49.437 CALL GetFutureRight(F0200009232129)
[6096] 2015/02/12 02:35:54.500 CALL GetOpenInterest(F0200009232129)
[5096] 2015/02/12 02:35:57.906 CALL GetFutureRight(F0200009232116)
[5096] 2015/02/12 02:36:02.953 CALL GetOpenInterest(F0200009232116)
[6096] 2015/02/12 02:36:04.437 CALL GetFutureRight(F0200009232129)
[6096] 2015/02/12 02:36:09.500 CALL GetOpenInterest(F0200009232129)
[5096] 2015/02/12 02:36:12.906 CALL GetFutureRight(F0200009232116)
[5096] 2015/02/12 02:36:17.984 CALL GetOpenInterest(F0200009232116)
[6096] 2015/02/12 02:36:19.437 CALL GetFutureRight(F0200009232129)
[6096] 2015/02/12 02:36:24.484 CALL GetOpenInterest(F0200009232129)
[5096] 2015/02/12 02:36:27.906 CALL GetFutureRight(F0200009232116)
[5096] 2015/02/12 02:36:32.968 CALL GetOpenInterest(F0200009232116)
[6096] 2015/02/12 02:36:34.437 CALL GetFutureRight(F0200009232129)
[6096] 2015/02/12 02:36:39.484 CALL GetOpenInterest(F0200009232129)
[5096] 2015/02/12 02:36:42.906 CALL GetFutureRight(F0200009232116)
[5096] 2015/02/12 02:36:47.968 CALL GetOpenInterest(F0200009232116)
[6096] 2015/02/12 02:36:49.437 CALL GetFutureRight(F0200009232129)
[6096] 2015/02/12 02:36:54.500 CALL GetOpenInterest(F0200009232129)
[5096] 2015/02/12 02:36:57.906 CALL GetFutureRight(F0200009232116)
[5096] 2015/02/12 02:37:02.968 CALL GetOpenInterest(F0200009232116)
[6096] 2015/02/12 02:37:04.437 CALL GetFutureRight(F0200009232129)
[6096] 2015/02/12 02:37:09.500 CALL GetOpenInterest(F0200009232129)
[5096] 2015/02/12 02:37:12.906 CALL GetFutureRight(F0200009232116)
[5096] 2015/02/12 02:37:17.968 CALL GetOpenInterest(F0200009232116)
[6096] 2015/02/12 02:37:19.437 CALL GetFutureRight(F0200009232129)
[6096] 2015/02/12 02:37:24.484 CALL GetOpenInterest(F0200009232129)
[5096] 2015/02/12 02:37:27.906 CALL GetFutureRight(F0200009232116)
[5096] 2015/02/12 02:37:32.968 CALL GetOpenInterest(F0200009232116)
[6096] 2015/02/12 02:37:34.437 CALL GetFutureRight(F0200009232129)
[6096] 2015/02/12 02:37:39.500 CALL GetOpenInterest(F0200009232129)
[5096] 2015/02/12 02:37:42.906 CALL GetFutureRight(F0200009232116)
[5096] 2015/02/12 02:37:47.968 CALL GetOpenInterest(F0200009232116)
[6096] 2015/02/12 02:37:49.437 CALL GetFutureRight(F0200009232129)
[6096] 2015/02/12 02:37:54.484 CALL GetOpenInterest(F0200009232129)
[5096] 2015/02/12 02:37:57.906 CALL GetFutureRight(F0200009232116)
[5096] 2015/02/12 02:38:02.953 CALL GetOpenInterest(F0200009232116)
[6096] 2015/02/12 02:38:04.437 CALL GetFutureRight(F0200009232129)
[6096] 2015/02/12 02:38:09.484 CALL GetOpenInterest(F0200009232129)
[5096] 2015/02/12 02:38:12.906 CALL GetFutureRight(F0200009232116)
[5096] 2015/02/12 02:38:17.984 CALL GetOpenInterest(F0200009232116)
[6096] 2015/02/12 02:38:19.437 CALL GetFutureRight(F0200009232129)
[6096] 2015/02/12 02:38:24.500 CALL GetOpenInterest(F0200009232129)
[5096] 2015/02/12 02:38:27.906 CALL GetFutureRight(F0200009232116)
[5096] 2015/02/12 02:38:32.953 CALL GetOpenInterest(F0200009232116)
[6096] 2015/02/12 02:38:34.437 CALL GetFutureRight(F0200009232129)
[6096] 2015/02/12 02:38:39.484 CALL GetOpenInterest(F0200009232129)
[5096] 2015/02/12 02:38:42.906 CALL GetFutureRight(F0200009232116)
[5096] 2015/02/12 02:38:47.953 CALL GetOpenInterest(F0200009232116)
[6096] 2015/02/12 02:38:49.437 CALL GetFutureRight(F0200009232129)
[6096] 2015/02/12 02:38:54.500 CALL GetOpenInterest(F0200009232129)
[5096] 2015/02/12 02:38:57.906 CALL GetFutureRight(F0200009232116)
[5096] 2015/02/12 02:39:02.968 CALL GetOpenInterest(F0200009232116)
[6096] 2015/02/12 02:39:04.437 CALL GetFutureRight(F0200009232129)
[6096] 2015/02/12 02:39:09.484 CALL GetOpenInterest(F0200009232129)
[5096] 2015/02/12 02:39:12.906 CALL GetFutureRight(F0200009232116)
[5096] 2015/02/12 02:39:17.968 CALL GetOpenInterest(F0200009232116)
[6096] 2015/02/12 02:39:19.437 CALL GetFutureRight(F0200009232129)
[6096] 2015/02/12 02:39:24.484 CALL GetOpenInterest(F0200009232129)
[5096] 2015/02/12 02:39:27.906 CALL GetFutureRight(F0200009232116)
[5096] 2015/02/12 02:39:32.953 CALL GetOpenInterest(F0200009232116)
[6096] 2015/02/12 02:39:34.437 CALL GetFutureRight(F0200009232129)
[6096] 2015/02/12 02:39:39.484 CALL GetOpenInterest(F0200009232129)
[5096] 2015/02/12 02:39:42.906 CALL GetFutureRight(F0200009232116)
[5096] 2015/02/12 02:39:47.968 CALL GetOpenInterest(F0200009232116)
[6096] 2015/02/12 02:39:49.437 CALL GetFutureRight(F0200009232129)
[6096] 2015/02/12 02:39:54.500 CALL GetOpenInterest(F0200009232129)
[5096] 2015/02/12 02:39:57.906 CALL GetFutureRight(F0200009232116)
[5096] 2015/02/12 02:40:02.953 CALL GetOpenInterest(F0200009232116)
[6096] 2015/02/12 02:40:04.437 CALL GetFutureRight(F0200009232129)
[6096] 2015/02/12 02:40:09.500 CALL GetOpenInterest(F0200009232129)
[5096] 2015/02/12 02:40:12.906 CALL GetFutureRight(F0200009232116)
[5096] 2015/02/12 02:40:17.968 CALL GetOpenInterest(F0200009232116)
[6096] 2015/02/12 02:40:19.437 CALL GetFutureRight(F0200009232129)
[6096] 2015/02/12 02:40:24.484 CALL GetOpenInterest(F0200009232129)
[5096] 2015/02/12 02:40:27.906 CALL GetFutureRight(F0200009232116)
[5096] 2015/02/12 02:40:32.953 CALL GetOpenInterest(F0200009232116)
[6096] 2015/02/12 02:40:34.437 CALL GetFutureRight(F0200009232129)
[6096] 2015/02/12 02:40:39.484 CALL GetOpenInterest(F0200009232129)
[5096] 2015/02/12 02:40:42.906 CALL GetFutureRight(F0200009232116)
[5096] 2015/02/12 02:40:47.968 CALL GetOpenInterest(F0200009232116)
[6096] 2015/02/12 02:40:49.437 CALL GetFutureRight(F0200009232129)
[6096] 2015/02/12 02:40:54.484 CALL GetOpenInterest(F0200009232129)
[5096] 2015/02/12 02:40:57.906 CALL GetFutureRight(F0200009232116)
[5096] 2015/02/12 02:41:02.968 CALL GetOpenInterest(F0200009232116)
[6096] 2015/02/12 02:41:04.437 CALL GetFutureRight(F0200009232129)
[6096] 2015/02/12 02:41:09.484 CALL GetOpenInterest(F0200009232129)
[5096] 2015/02/12 02:41:12.906 CALL GetFutureRight(F0200009232116)
[5096] 2015/02/12 02:41:17.968 CALL GetOpenInterest(F0200009232116)
[6096] 2015/02/12 02:41:19.437 CALL GetFutureRight(F0200009232129)
[6096] 2015/02/12 02:41:24.484 CALL GetOpenInterest(F0200009232129)
[5096] 2015/02/12 02:41:27.906 CALL GetFutureRight(F0200009232116)
[5096] 2015/02/12 02:41:32.968 CALL GetOpenInterest(F0200009232116)
[6096] 2015/02/12 02:41:34.437 CALL GetFutureRight(F0200009232129)
[6096] 2015/02/12 02:41:39.484 CALL GetOpenInterest(F0200009232129)
[5096] 2015/02/12 02:41:42.906 CALL GetFutureRight(F0200009232116)
[5096] 2015/02/12 02:41:47.968 CALL GetOpenInterest(F0200009232116)
[6096] 2015/02/12 02:41:49.437 CALL GetFutureRight(F0200009232129)
[6096] 2015/02/12 02:41:54.484 CALL GetOpenInterest(F0200009232129)
[5096] 2015/02/12 02:41:57.906 CALL GetFutureRight(F0200009232116)
[5096] 2015/02/12 02:42:02.953 CALL GetOpenInterest(F0200009232116)
[6096] 2015/02/12 02:42:04.437 CALL GetFutureRight(F0200009232129)
[6096] 2015/02/12 02:42:09.515 CALL GetOpenInterest(F0200009232129)
[5096] 2015/02/12 02:42:12.906 CALL GetFutureRight(F0200009232116)
[5096] 2015/02/12 02:42:17.968 CALL GetOpenInterest(F0200009232116)
[6096] 2015/02/12 02:42:19.437 CALL GetFutureRight(F0200009232129)
[6096] 2015/02/12 02:42:24.500 CALL GetOpenInterest(F0200009232129)
[5096] 2015/02/12 02:42:27.906 CALL GetFutureRight(F0200009232116)
[5096] 2015/02/12 02:42:32.953 CALL GetOpenInterest(F0200009232116)
[6096] 2015/02/12 02:42:34.437 CALL GetFutureRight(F0200009232129)
[6096] 2015/02/12 02:42:39.500 CALL GetOpenInterest(F0200009232129)
[5096] 2015/02/12 02:42:42.906 CALL GetFutureRight(F0200009232116)
[5096] 2015/02/12 02:42:47.968 CALL GetOpenInterest(F0200009232116)
[6096] 2015/02/12 02:42:49.437 CALL GetFutureRight(F0200009232129)
[6096] 2015/02/12 02:42:54.500 CALL GetOpenInterest(F0200009232129)
[5096] 2015/02/12 02:42:57.906 CALL GetFutureRight(F0200009232116)
[5096] 2015/02/12 02:43:02.968 CALL GetOpenInterest(F0200009232116)
[6096] 2015/02/12 02:43:04.437 CALL GetFutureRight(F0200009232129)
[6096] 2015/02/12 02:43:09.484 CALL GetOpenInterest(F0200009232129)
[5096] 2015/02/12 02:43:12.906 CALL GetFutureRight(F0200009232116)
[5096] 2015/02/12 02:43:17.984 CALL GetOpenInterest(F0200009232116)
[6096] 2015/02/12 02:43:19.437 CALL GetFutureRight(F0200009232129)
[6096] 2015/02/12 02:43:24.500 CALL GetOpenInterest(F0200009232129)
[5096] 2015/02/12 02:43:27.906 CALL GetFutureRight(F0200009232116)
[5096] 2015/02/12 02:43:32.968 CALL GetOpenInterest(F0200009232116)
[6096] 2015/02/12 02:43:34.437 CALL GetFutureRight(F0200009232129)
[6096] 2015/02/12 02:43:39.500 CALL GetOpenInterest(F0200009232129)
[5096] 2015/02/12 02:43:42.906 CALL GetFutureRight(F0200009232116)
[5096] 2015/02/12 02:43:47.953 CALL GetOpenInterest(F0200009232116)
[6096] 2015/02/12 02:43:49.437 CALL GetFutureRight(F0200009232129)
[6096] 2015/02/12 02:43:54.484 CALL GetOpenInterest(F0200009232129)
[5096] 2015/02/12 02:43:57.906 CALL GetFutureRight(F0200009232116)
[5096] 2015/02/12 02:44:02.968 CALL GetOpenInterest(F0200009232116)
[6096] 2015/02/12 02:44:04.437 CALL GetFutureRight(F0200009232129)
[6096] 2015/02/12 02:44:09.500 CALL GetOpenInterest(F0200009232129)
[5096] 2015/02/12 02:44:12.906 CALL GetFutureRight(F0200009232116)
[5096] 2015/02/12 02:44:17.953 CALL GetOpenInterest(F0200009232116)
[6096] 2015/02/12 02:44:19.437 CALL GetFutureRight(F0200009232129)
[6096] 2015/02/12 02:44:24.484 CALL GetOpenInterest(F0200009232129)
[5096] 2015/02/12 02:44:27.906 CALL GetFutureRight(F0200009232116)
[5096] 2015/02/12 02:44:32.968 CALL GetOpenInterest(F0200009232116)
[6096] 2015/02/12 02:44:34.437 CALL GetFutureRight(F0200009232129)
[6096] 2015/02/12 02:44:39.484 CALL GetOpenInterest(F0200009232129)
[5096] 2015/02/12 02:44:42.906 CALL GetFutureRight(F0200009232116)
[5096] 2015/02/12 02:44:48.375 CALL GetOpenInterest(F0200009232116)
[6096] 2015/02/12 02:44:49.437 CALL GetFutureRight(F0200009232129)
[6096] 2015/02/12 02:44:54.484 CALL GetOpenInterest(F0200009232129)
[5096] 2015/02/12 02:44:57.906 CALL GetFutureRight(F0200009232116)
[5096] 2015/02/12 02:45:02.968 CALL GetOpenInterest(F0200009232116)
[6096] 2015/02/12 02:45:04.437 CALL GetFutureRight(F0200009232129)
[6096] 2015/02/12 02:45:09.500 CALL GetOpenInterest(F0200009232129)
[5096] 2015/02/12 02:45:12.906 CALL GetFutureRight(F0200009232116)
[5096] 2015/02/12 02:45:17.953 CALL GetOpenInterest(F0200009232116)
[6096] 2015/02/12 02:45:19.437 CALL GetFutureRight(F0200009232129)
[6096] 2015/02/12 02:45:24.500 CALL GetOpenInterest(F0200009232129)
[5096] 2015/02/12 02:45:27.906 CALL GetFutureRight(F0200009232116)
[5096] 2015/02/12 02:45:32.968 CALL GetOpenInterest(F0200009232116)
[6096] 2015/02/12 02:45:34.437 CALL GetFutureRight(F0200009232129)
[6096] 2015/02/12 02:45:39.500 CALL GetOpenInterest(F0200009232129)
[5096] 2015/02/12 02:45:42.906 CALL GetFutureRight(F0200009232116)
[5096] 2015/02/12 02:45:47.968 CALL GetOpenInterest(F0200009232116)
[6096] 2015/02/12 02:45:49.437 CALL GetFutureRight(F0200009232129)
[6096] 2015/02/12 02:45:54.500 CALL GetOpenInterest(F0200009232129)
[5096] 2015/02/12 02:45:57.906 CALL GetFutureRight(F0200009232116)
[5096] 2015/02/12 02:46:02.968 CALL GetOpenInterest(F0200009232116)
[6096] 2015/02/12 02:46:04.437 CALL GetFutureRight(F0200009232129)
[6096] 2015/02/12 02:46:09.500 CALL GetOpenInterest(F0200009232129)
[5096] 2015/02/12 02:46:12.906 CALL GetFutureRight(F0200009232116)
[5096] 2015/02/12 02:46:17.968 CALL GetOpenInterest(F0200009232116)
[6096] 2015/02/12 02:46:19.437 CALL GetFutureRight(F0200009232129)
[6096] 2015/02/12 02:46:24.500 CALL GetOpenInterest(F0200009232129)
[5096] 2015/02/12 02:46:27.906 CALL GetFutureRight(F0200009232116)
[5096] 2015/02/12 02:46:32.968 CALL GetOpenInterest(F0200009232116)
[6096] 2015/02/12 02:46:34.437 CALL GetFutureRight(F0200009232129)
[6096] 2015/02/12 02:46:39.484 CALL GetOpenInterest(F0200009232129)
[5096] 2015/02/12 02:46:42.906 CALL GetFutureRight(F0200009232116)
[5096] 2015/02/12 02:46:47.953 CALL GetOpenInterest(F0200009232116)
[6096] 2015/02/12 02:46:49.437 CALL GetFutureRight(F0200009232129)
[6096] 2015/02/12 02:46:54.500 CALL GetOpenInterest(F0200009232129)
[5096] 2015/02/12 02:46:57.906 CALL GetFutureRight(F0200009232116)
[5096] 2015/02/12 02:47:02.968 CALL GetOpenInterest(F0200009232116)
[6096] 2015/02/12 02:47:04.437 CALL GetFutureRight(F0200009232129)
[6096] 2015/02/12 02:47:09.515 CALL GetOpenInterest(F0200009232129)
[5096] 2015/02/12 02:47:12.906 CALL GetFutureRight(F0200009232116)
[5096] 2015/02/12 02:47:17.953 CALL GetOpenInterest(F0200009232116)
[6096] 2015/02/12 02:47:19.437 CALL GetFutureRight(F0200009232129)
[6096] 2015/02/12 02:47:24.500 CALL GetOpenInterest(F0200009232129)
[5096] 2015/02/12 02:47:27.906 CALL GetFutureRight(F0200009232116)
[5096] 2015/02/12 02:47:32.968 CALL GetOpenInterest(F0200009232116)
[6096] 2015/02/12 02:47:34.437 CALL GetFutureRight(F0200009232129)
[6096] 2015/02/12 02:47:39.484 CALL GetOpenInterest(F0200009232129)
[5096] 2015/02/12 02:47:42.906 CALL GetFutureRight(F0200009232116)
[5096] 2015/02/12 02:47:47.953 CALL GetOpenInterest(F0200009232116)
[6096] 2015/02/12 02:47:49.437 CALL GetFutureRight(F0200009232129)
[6096] 2015/02/12 02:47:54.484 CALL GetOpenInterest(F0200009232129)
[5096] 2015/02/12 02:47:57.906 CALL GetFutureRight(F0200009232116)
[5096] 2015/02/12 02:48:02.968 CALL GetOpenInterest(F0200009232116)
[6096] 2015/02/12 02:48:04.437 CALL GetFutureRight(F0200009232129)
[6096] 2015/02/12 02:48:09.484 CALL GetOpenInterest(F0200009232129)
[5096] 2015/02/12 02:48:12.906 CALL GetFutureRight(F0200009232116)
[5096] 2015/02/12 02:48:17.953 CALL GetOpenInterest(F0200009232116)
[6096] 2015/02/12 02:48:19.437 CALL GetFutureRight(F0200009232129)
[6096] 2015/02/12 02:48:24.500 CALL GetOpenInterest(F0200009232129)
[5096] 2015/02/12 02:48:27.906 CALL GetFutureRight(F0200009232116)
[5096] 2015/02/12 02:48:32.953 CALL GetOpenInterest(F0200009232116)
[6096] 2015/02/12 02:48:34.437 CALL GetFutureRight(F0200009232129)
[6096] 2015/02/12 02:48:39.484 CALL GetOpenInterest(F0200009232129)
[5096] 2015/02/12 02:48:42.906 CALL GetFutureRight(F0200009232116)
[5096] 2015/02/12 02:48:47.968 CALL GetOpenInterest(F0200009232116)
[6096] 2015/02/12 02:48:49.437 CALL GetFutureRight(F0200009232129)
[6096] 2015/02/12 02:48:54.500 CALL GetOpenInterest(F0200009232129)
[5096] 2015/02/12 02:48:57.906 CALL GetFutureRight(F0200009232116)
[5096] 2015/02/12 02:49:02.953 CALL GetOpenInterest(F0200009232116)
[6096] 2015/02/12 02:49:04.437 CALL GetFutureRight(F0200009232129)
[6096] 2015/02/12 02:49:09.500 CALL GetOpenInterest(F0200009232129)
[5096] 2015/02/12 02:49:12.906 CALL GetFutureRight(F0200009232116)
[5096] 2015/02/12 02:49:17.968 CALL GetOpenInterest(F0200009232116)
[6096] 2015/02/12 02:49:19.437 CALL GetFutureRight(F0200009232129)
[6096] 2015/02/12 02:49:24.484 CALL GetOpenInterest(F0200009232129)
[5096] 2015/02/12 02:49:27.906 CALL GetFutureRight(F0200009232116)
[5096] 2015/02/12 02:49:32.953 CALL GetOpenInterest(F0200009232116)
[6096] 2015/02/12 02:49:34.437 CALL GetFutureRight(F0200009232129)
[6096] 2015/02/12 02:49:39.484 CALL GetOpenInterest(F0200009232129)
[5096] 2015/02/12 02:49:42.906 CALL GetFutureRight(F0200009232116)
[5096] 2015/02/12 02:49:47.968 CALL GetOpenInterest(F0200009232116)
[6096] 2015/02/12 02:49:49.437 CALL GetFutureRight(F0200009232129)
[6096] 2015/02/12 02:49:54.500 CALL GetOpenInterest(F0200009232129)
[5096] 2015/02/12 02:49:57.906 CALL GetFutureRight(F0200009232116)
[5096] 2015/02/12 02:50:02.953 CALL GetOpenInterest(F0200009232116)
[6096] 2015/02/12 02:50:04.437 CALL GetFutureRight(F0200009232129)
[6096] 2015/02/12 02:50:09.500 CALL GetOpenInterest(F0200009232129)
[5096] 2015/02/12 02:50:12.906 CALL GetFutureRight(F0200009232116)
[5096] 2015/02/12 02:50:17.968 CALL GetOpenInterest(F0200009232116)
[6096] 2015/02/12 02:50:19.437 CALL GetFutureRight(F0200009232129)
[6096] 2015/02/12 02:50:24.500 CALL GetOpenInterest(F0200009232129)
[5096] 2015/02/12 02:50:27.906 CALL GetFutureRight(F0200009232116)
[5096] 2015/02/12 02:50:32.968 CALL GetOpenInterest(F0200009232116)
[6096] 2015/02/12 02:50:34.437 CALL GetFutureRight(F0200009232129)
[6096] 2015/02/12 02:50:39.484 CALL GetOpenInterest(F0200009232129)
[5096] 2015/02/12 02:50:42.906 CALL GetFutureRight(F0200009232116)
[5096] 2015/02/12 02:50:47.968 CALL GetOpenInterest(F0200009232116)
[6096] 2015/02/12 02:50:49.437 CALL GetFutureRight(F0200009232129)
[6096] 2015/02/12 02:50:54.484 CALL GetOpenInterest(F0200009232129)
[5096] 2015/02/12 02:50:57.906 CALL GetFutureRight(F0200009232116)
[5096] 2015/02/12 02:51:02.968 CALL GetOpenInterest(F0200009232116)
[6096] 2015/02/12 02:51:04.437 CALL GetFutureRight(F0200009232129)
[6096] 2015/02/12 02:51:09.484 CALL GetOpenInterest(F0200009232129)
[5096] 2015/02/12 02:51:12.906 CALL GetFutureRight(F0200009232116)
[5096] 2015/02/12 02:51:17.953 CALL GetOpenInterest(F0200009232116)
[6096] 2015/02/12 02:51:19.437 CALL GetFutureRight(F0200009232129)
[6096] 2015/02/12 02:51:24.500 CALL GetOpenInterest(F0200009232129)
[5096] 2015/02/12 02:51:27.906 CALL GetFutureRight(F0200009232116)
[5096] 2015/02/12 02:51:32.968 CALL GetOpenInterest(F0200009232116)
[6096] 2015/02/12 02:51:34.437 CALL GetFutureRight(F0200009232129)
[6096] 2015/02/12 02:51:39.500 CALL GetOpenInterest(F0200009232129)
[5096] 2015/02/12 02:51:42.906 CALL GetFutureRight(F0200009232116)
[5096] 2015/02/12 02:51:47.953 CALL GetOpenInterest(F0200009232116)
[6096] 2015/02/12 02:51:49.437 CALL GetFutureRight(F0200009232129)
[6096] 2015/02/12 02:51:54.500 CALL GetOpenInterest(F0200009232129)
[5096] 2015/02/12 02:51:57.906 CALL GetFutureRight(F0200009232116)
[5096] 2015/02/12 02:52:02.968 CALL GetOpenInterest(F0200009232116)
[6096] 2015/02/12 02:52:04.437 CALL GetFutureRight(F0200009232129)
[6096] 2015/02/12 02:52:09.500 CALL GetOpenInterest(F0200009232129)
[5096] 2015/02/12 02:52:12.906 CALL GetFutureRight(F0200009232116)
[5096] 2015/02/12 02:52:17.953 CALL GetOpenInterest(F0200009232116)
[6096] 2015/02/12 02:52:19.437 CALL GetFutureRight(F0200009232129)
[6096] 2015/02/12 02:52:24.500 CALL GetOpenInterest(F0200009232129)
[5096] 2015/02/12 02:52:27.906 CALL GetFutureRight(F0200009232116)
[5096] 2015/02/12 02:52:32.968 CALL GetOpenInterest(F0200009232116)
[6096] 2015/02/12 02:52:34.437 CALL GetFutureRight(F0200009232129)
[6096] 2015/02/12 02:52:39.500 CALL GetOpenInterest(F0200009232129)
[5096] 2015/02/12 02:52:42.906 CALL GetFutureRight(F0200009232116)
[5096] 2015/02/12 02:52:47.968 CALL GetOpenInterest(F0200009232116)
[6096] 2015/02/12 02:52:49.437 CALL GetFutureRight(F0200009232129)
[6096] 2015/02/12 02:52:54.500 CALL GetOpenInterest(F0200009232129)
[5096] 2015/02/12 02:52:57.906 CALL GetFutureRight(F0200009232116)
[5096] 2015/02/12 02:53:02.953 CALL GetOpenInterest(F0200009232116)
[6096] 2015/02/12 02:53:04.437 CALL GetFutureRight(F0200009232129)
[6096] 2015/02/12 02:53:09.500 CALL GetOpenInterest(F0200009232129)
[5096] 2015/02/12 02:53:12.906 CALL GetFutureRight(F0200009232116)
[5096] 2015/02/12 02:53:17.953 CALL GetOpenInterest(F0200009232116)
[6096] 2015/02/12 02:53:19.437 CALL GetFutureRight(F0200009232129)
[6096] 2015/02/12 02:53:24.500 CALL GetOpenInterest(F0200009232129)
[5096] 2015/02/12 02:53:27.906 CALL GetFutureRight(F0200009232116)
[5096] 2015/02/12 02:53:32.953 CALL GetOpenInterest(F0200009232116)
[6096] 2015/02/12 02:53:34.437 CALL GetFutureRight(F0200009232129)
[6096] 2015/02/12 02:53:39.484 CALL GetOpenInterest(F0200009232129)
[5096] 2015/02/12 02:53:42.906 CALL GetFutureRight(F0200009232116)
[5096] 2015/02/12 02:53:47.968 CALL GetOpenInterest(F0200009232116)
[6096] 2015/02/12 02:53:49.437 CALL GetFutureRight(F0200009232129)
[6096] 2015/02/12 02:53:54.484 CALL GetOpenInterest(F0200009232129)
[5096] 2015/02/12 02:53:57.906 CALL GetFutureRight(F0200009232116)
[5096] 2015/02/12 02:54:02.953 CALL GetOpenInterest(F0200009232116)
[6096] 2015/02/12 02:54:04.437 CALL GetFutureRight(F0200009232129)
[6096] 2015/02/12 02:54:09.484 CALL GetOpenInterest(F0200009232129)
[5096] 2015/02/12 02:54:12.906 CALL GetFutureRight(F0200009232116)
[5096] 2015/02/12 02:54:17.968 CALL GetOpenInterest(F0200009232116)
[6096] 2015/02/12 02:54:19.437 CALL GetFutureRight(F0200009232129)
[6096] 2015/02/12 02:54:24.484 CALL GetOpenInterest(F0200009232129)
[5096] 2015/02/12 02:54:27.906 CALL GetFutureRight(F0200009232116)
[5096] 2015/02/12 02:54:32.968 CALL GetOpenInterest(F0200009232116)
[6096] 2015/02/12 02:54:34.437 CALL GetFutureRight(F0200009232129)
[6096] 2015/02/12 02:54:39.484 CALL GetOpenInterest(F0200009232129)
[5096] 2015/02/12 02:54:42.906 CALL GetFutureRight(F0200009232116)
[5096] 2015/02/12 02:54:47.953 CALL GetOpenInterest(F0200009232116)
[6096] 2015/02/12 02:54:49.437 CALL GetFutureRight(F0200009232129)
[6096] 2015/02/12 02:54:54.500 CALL GetOpenInterest(F0200009232129)
[5096] 2015/02/12 02:54:57.906 CALL GetFutureRight(F0200009232116)
[5096] 2015/02/12 02:55:02.968 CALL GetOpenInterest(F0200009232116)
[6096] 2015/02/12 02:55:04.437 CALL GetFutureRight(F0200009232129)
[6096] 2015/02/12 02:55:09.500 CALL GetOpenInterest(F0200009232129)
[5096] 2015/02/12 02:55:12.906 CALL GetFutureRight(F0200009232116)
[5096] 2015/02/12 02:55:17.968 CALL GetOpenInterest(F0200009232116)
[6096] 2015/02/12 02:55:19.437 CALL GetFutureRight(F0200009232129)
[6096] 2015/02/12 02:55:24.500 CALL GetOpenInterest(F0200009232129)
[5096] 2015/02/12 02:55:27.906 CALL GetFutureRight(F0200009232116)
[5096] 2015/02/12 02:55:32.968 CALL GetOpenInterest(F0200009232116)
[6096] 2015/02/12 02:55:34.437 CALL GetFutureRight(F0200009232129)
[6096] 2015/02/12 02:55:39.484 CALL GetOpenInterest(F0200009232129)
[5096] 2015/02/12 02:55:42.906 CALL GetFutureRight(F0200009232116)
[5096] 2015/02/12 02:55:47.968 CALL GetOpenInterest(F0200009232116)
[6096] 2015/02/12 02:55:49.437 CALL GetFutureRight(F0200009232129)
[6096] 2015/02/12 02:55:54.484 CALL GetOpenInterest(F0200009232129)
[5096] 2015/02/12 02:55:57.906 CALL GetFutureRight(F0200009232116)
[5096] 2015/02/12 02:56:02.968 CALL GetOpenInterest(F0200009232116)
[6096] 2015/02/12 02:56:04.437 CALL GetFutureRight(F0200009232129)
[6096] 2015/02/12 02:56:09.500 CALL GetOpenInterest(F0200009232129)
[5096] 2015/02/12 02:56:12.906 CALL GetFutureRight(F0200009232116)
[5096] 2015/02/12 02:56:17.968 CALL GetOpenInterest(F0200009232116)
[6096] 2015/02/12 02:56:19.437 CALL GetFutureRight(F0200009232129)
[6096] 2015/02/12 02:56:24.484 CALL GetOpenInterest(F0200009232129)
[5096] 2015/02/12 02:56:27.906 CALL GetFutureRight(F0200009232116)
[5096] 2015/02/12 02:56:32.968 CALL GetOpenInterest(F0200009232116)
[6096] 2015/02/12 02:56:34.437 CALL GetFutureRight(F0200009232129)
[6096] 2015/02/12 02:56:39.500 CALL GetOpenInterest(F0200009232129)
[5096] 2015/02/12 02:56:42.906 CALL GetFutureRight(F0200009232116)
[5096] 2015/02/12 02:56:47.968 CALL GetOpenInterest(F0200009232116)
[6096] 2015/02/12 02:56:49.437 CALL GetFutureRight(F0200009232129)
[6096] 2015/02/12 02:56:54.500 CALL GetOpenInterest(F0200009232129)
[5096] 2015/02/12 02:56:57.906 CALL GetFutureRight(F0200009232116)
[5096] 2015/02/12 02:57:02.968 CALL GetOpenInterest(F0200009232116)
[6096] 2015/02/12 02:57:04.437 CALL GetFutureRight(F0200009232129)
[6096] 2015/02/12 02:57:09.500 CALL GetOpenInterest(F0200009232129)
[5096] 2015/02/12 02:57:12.906 CALL GetFutureRight(F0200009232116)
[5096] 2015/02/12 02:57:17.968 CALL GetOpenInterest(F0200009232116)
[6096] 2015/02/12 02:57:19.437 CALL GetFutureRight(F0200009232129)
[6096] 2015/02/12 02:57:24.500 CALL GetOpenInterest(F0200009232129)
[5096] 2015/02/12 02:57:27.906 CALL GetFutureRight(F0200009232116)
[5096] 2015/02/12 02:57:32.968 CALL GetOpenInterest(F0200009232116)
[6096] 2015/02/12 02:57:34.437 CALL GetFutureRight(F0200009232129)
[6096] 2015/02/12 02:57:39.500 CALL GetOpenInterest(F0200009232129)
[5096] 2015/02/12 02:57:42.906 CALL GetFutureRight(F0200009232116)
[5096] 2015/02/12 02:57:47.968 CALL GetOpenInterest(F0200009232116)
[6096] 2015/02/12 02:57:49.437 CALL GetFutureRight(F0200009232129)
[6096] 2015/02/12 02:57:54.500 CALL GetOpenInterest(F0200009232129)
[5096] 2015/02/12 02:57:57.906 CALL GetFutureRight(F0200009232116)
[5096] 2015/02/12 02:58:02.953 CALL GetOpenInterest(F0200009232116)
[6096] 2015/02/12 02:58:04.437 CALL GetFutureRight(F0200009232129)
[6096] 2015/02/12 02:58:09.500 CALL GetOpenInterest(F0200009232129)
[5096] 2015/02/12 02:58:12.906 CALL GetFutureRight(F0200009232116)
[5096] 2015/02/12 02:58:17.968 CALL GetOpenInterest(F0200009232116)
[6096] 2015/02/12 02:58:19.437 CALL GetFutureRight(F0200009232129)
[6096] 2015/02/12 02:58:24.500 CALL GetOpenInterest(F0200009232129)
[5096] 2015/02/12 02:58:27.906 CALL GetFutureRight(F0200009232116)
[5096] 2015/02/12 02:58:32.968 CALL GetOpenInterest(F0200009232116)
[6096] 2015/02/12 02:58:34.437 CALL GetFutureRight(F0200009232129)
[6096] 2015/02/12 02:58:39.484 CALL GetOpenInterest(F0200009232129)
[5096] 2015/02/12 02:58:42.906 CALL GetFutureRight(F0200009232116)
[5096] 2015/02/12 02:58:47.968 CALL GetOpenInterest(F0200009232116)
[6096] 2015/02/12 02:58:49.437 CALL GetFutureRight(F0200009232129)
[6096] 2015/02/12 02:58:54.500 CALL GetOpenInterest(F0200009232129)
[5096] 2015/02/12 02:58:57.906 CALL GetFutureRight(F0200009232116)
[5096] 2015/02/12 02:59:02.968 CALL GetOpenInterest(F0200009232116)
[6096] 2015/02/12 02:59:04.437 CALL GetFutureRight(F0200009232129)
[6096] 2015/02/12 02:59:09.500 CALL GetOpenInterest(F0200009232129)
[5096] 2015/02/12 02:59:12.906 CALL GetFutureRight(F0200009232116)
[5096] 2015/02/12 02:59:17.968 CALL GetOpenInterest(F0200009232116)
[6096] 2015/02/12 02:59:19.437 CALL GetFutureRight(F0200009232129)
[6096] 2015/02/12 02:59:24.500 CALL GetOpenInterest(F0200009232129)
[5096] 2015/02/12 02:59:27.906 CALL GetFutureRight(F0200009232116)
[5096] 2015/02/12 02:59:32.968 CALL GetOpenInterest(F0200009232116)
[6096] 2015/02/12 02:59:34.437 CALL GetFutureRight(F0200009232129)
[6096] 2015/02/12 02:59:39.484 CALL GetOpenInterest(F0200009232129)
[5096] 2015/02/12 02:59:42.906 CALL GetFutureRight(F0200009232116)
[5096] 2015/02/12 02:59:47.968 CALL GetOpenInterest(F0200009232116)
[6096] 2015/02/12 02:59:49.437 CALL GetFutureRight(F0200009232129)
[6096] 2015/02/12 02:59:54.484 CALL GetOpenInterest(F0200009232129)
[5096] 2015/02/12 02:59:57.906 CALL GetFutureRight(F0200009232116)
[5096] 2015/02/12 03:00:02.968 CALL GetOpenInterest(F0200009232116)
[6096] 2015/02/12 03:00:04.437 CALL GetFutureRight(F0200009232129)
[6096] 2015/02/12 03:00:09.500 CALL GetOpenInterest(F0200009232129)
[5096] 2015/02/12 03:00:12.906 CALL GetFutureRight(F0200009232116)
[5096] 2015/02/12 03:00:17.968 CALL GetOpenInterest(F0200009232116)
[6096] 2015/02/12 03:00:19.437 CALL GetFutureRight(F0200009232129)
[6096] 2015/02/12 03:00:24.500 CALL GetOpenInterest(F0200009232129)
[5096] 2015/02/12 03:00:27.906 CALL GetFutureRight(F0200009232116)
[5096] 2015/02/12 03:00:32.953 CALL GetOpenInterest(F0200009232116)
[6096] 2015/02/12 03:00:34.437 CALL GetFutureRight(F0200009232129)
[6096] 2015/02/12 03:00:39.500 CALL GetOpenInterest(F0200009232129)
[5096] 2015/02/12 03:00:42.906 CALL GetFutureRight(F0200009232116)
[5096] 2015/02/12 03:00:47.984 CALL GetOpenInterest(F0200009232116)
[6096] 2015/02/12 03:00:49.437 CALL GetFutureRight(F0200009232129)
[6096] 2015/02/12 03:00:54.500 CALL GetOpenInterest(F0200009232129)
[5096] 2015/02/12 03:00:57.906 CALL GetFutureRight(F0200009232116)
[5096] 2015/02/12 03:01:02.968 CALL GetOpenInterest(F0200009232116)
[6096] 2015/02/12 03:01:04.437 CALL GetFutureRight(F0200009232129)
[6096] 2015/02/12 03:01:09.484 CALL GetOpenInterest(F0200009232129)
[5096] 2015/02/12 03:01:12.906 CALL GetFutureRight(F0200009232116)
[5096] 2015/02/12 03:01:17.968 CALL GetOpenInterest(F0200009232116)
[6096] 2015/02/12 03:01:19.437 CALL GetFutureRight(F0200009232129)
[6096] 2015/02/12 03:01:24.484 CALL GetOpenInterest(F0200009232129)
[5096] 2015/02/12 03:01:27.906 CALL GetFutureRight(F0200009232116)
[5096] 2015/02/12 03:01:32.968 CALL GetOpenInterest(F0200009232116)
[6096] 2015/02/12 03:01:34.437 CALL GetFutureRight(F0200009232129)
[6096] 2015/02/12 03:01:39.484 CALL GetOpenInterest(F0200009232129)
[5096] 2015/02/12 03:01:42.906 CALL GetFutureRight(F0200009232116)
[5096] 2015/02/12 03:01:47.968 CALL GetOpenInterest(F0200009232116)
[6096] 2015/02/12 03:01:49.437 CALL GetFutureRight(F0200009232129)
[6096] 2015/02/12 03:01:54.484 CALL GetOpenInterest(F0200009232129)
[5096] 2015/02/12 03:01:57.906 CALL GetFutureRight(F0200009232116)
[5096] 2015/02/12 03:02:02.968 CALL GetOpenInterest(F0200009232116)
[6096] 2015/02/12 03:02:04.437 CALL GetFutureRight(F0200009232129)
[6096] 2015/02/12 03:02:09.500 CALL GetOpenInterest(F0200009232129)
[5096] 2015/02/12 03:02:12.906 CALL GetFutureRight(F0200009232116)
[5096] 2015/02/12 03:02:17.968 CALL GetOpenInterest(F0200009232116)
[6096] 2015/02/12 03:02:19.437 CALL GetFutureRight(F0200009232129)
[6096] 2015/02/12 03:02:24.500 CALL GetOpenInterest(F0200009232129)
[5096] 2015/02/12 03:02:27.906 CALL GetFutureRight(F0200009232116)
[5096] 2015/02/12 03:02:32.968 CALL GetOpenInterest(F0200009232116)
[6096] 2015/02/12 03:02:34.437 CALL GetFutureRight(F0200009232129)
[6096] 2015/02/12 03:02:39.500 CALL GetOpenInterest(F0200009232129)
[5096] 2015/02/12 03:02:42.906 CALL GetFutureRight(F0200009232116)
[5096] 2015/02/12 03:02:47.953 CALL GetOpenInterest(F0200009232116)
[6096] 2015/02/12 03:02:49.437 CALL GetFutureRight(F0200009232129)
[6096] 2015/02/12 03:02:54.484 CALL GetOpenInterest(F0200009232129)
[5096] 2015/02/12 03:02:57.906 CALL GetFutureRight(F0200009232116)
[5096] 2015/02/12 03:03:04.062 CALL GetOpenInterest(F0200009232116)
[6096] 2015/02/12 03:03:04.437 CALL GetFutureRight(F0200009232129)
[6096] 2015/02/12 03:03:09.484 CALL GetOpenInterest(F0200009232129)
[5096] 2015/02/12 03:03:12.906 CALL GetFutureRight(F0200009232116)
[5096] 2015/02/12 03:03:17.953 CALL GetOpenInterest(F0200009232116)
[6096] 2015/02/12 03:03:19.437 CALL GetFutureRight(F0200009232129)
[6096] 2015/02/12 03:03:24.500 CALL GetOpenInterest(F0200009232129)
[5096] 2015/02/12 03:03:27.906 CALL GetFutureRight(F0200009232116)
[5096] 2015/02/12 03:03:32.968 CALL GetOpenInterest(F0200009232116)
[6096] 2015/02/12 03:03:34.437 CALL GetFutureRight(F0200009232129)
[6096] 2015/02/12 03:03:39.500 CALL GetOpenInterest(F0200009232129)
[5096] 2015/02/12 03:03:42.906 CALL GetFutureRight(F0200009232116)
[5096] 2015/02/12 03:03:47.953 CALL GetOpenInterest(F0200009232116)
[6096] 2015/02/12 03:03:49.437 CALL GetFutureRight(F0200009232129)
[6096] 2015/02/12 03:03:54.484 CALL GetOpenInterest(F0200009232129)
[5096] 2015/02/12 03:03:57.906 CALL GetFutureRight(F0200009232116)
[5096] 2015/02/12 03:04:02.968 CALL GetOpenInterest(F0200009232116)
[6096] 2015/02/12 03:04:04.437 CALL GetFutureRight(F0200009232129)
[6096] 2015/02/12 03:04:09.500 CALL GetOpenInterest(F0200009232129)
[5096] 2015/02/12 03:04:12.906 CALL GetFutureRight(F0200009232116)
[5096] 2015/02/12 03:04:17.953 CALL GetOpenInterest(F0200009232116)
[6096] 2015/02/12 03:04:19.437 CALL GetFutureRight(F0200009232129)
[6096] 2015/02/12 03:04:24.484 CALL GetOpenInterest(F0200009232129)
[5096] 2015/02/12 03:04:27.906 CALL GetFutureRight(F0200009232116)
[5096] 2015/02/12 03:04:32.953 CALL GetOpenInterest(F0200009232116)
[6096] 2015/02/12 03:04:34.437 CALL GetFutureRight(F0200009232129)
[6096] 2015/02/12 03:04:39.484 CALL GetOpenInterest(F0200009232129)
[5096] 2015/02/12 03:04:42.906 CALL GetFutureRight(F0200009232116)
[5096] 2015/02/12 03:04:48.359 CALL GetOpenInterest(F0200009232116)
[6096] 2015/02/12 03:04:49.437 CALL GetFutureRight(F0200009232129)
[6096] 2015/02/12 03:04:54.500 CALL GetOpenInterest(F0200009232129)
[5096] 2015/02/12 03:04:57.906 CALL GetFutureRight(F0200009232116)
[5096] 2015/02/12 03:05:02.953 CALL GetOpenInterest(F0200009232116)
[6096] 2015/02/12 03:05:04.437 CALL GetFutureRight(F0200009232129)
[6096] 2015/02/12 03:05:09.484 CALL GetOpenInterest(F0200009232129)
[5096] 2015/02/12 03:05:12.906 CALL GetFutureRight(F0200009232116)
[5096] 2015/02/12 03:05:17.953 CALL GetOpenInterest(F0200009232116)
[6096] 2015/02/12 03:05:19.437 CALL GetFutureRight(F0200009232129)
[6096] 2015/02/12 03:05:24.484 CALL GetOpenInterest(F0200009232129)
[5096] 2015/02/12 03:05:27.906 CALL GetFutureRight(F0200009232116)
[5096] 2015/02/12 03:05:32.953 CALL GetOpenInterest(F0200009232116)
[6096] 2015/02/12 03:05:34.437 CALL GetFutureRight(F0200009232129)
[6096] 2015/02/12 03:05:39.484 CALL GetOpenInterest(F0200009232129)
[5096] 2015/02/12 03:05:42.906 CALL GetFutureRight(F0200009232116)
[5096] 2015/02/12 03:05:47.953 CALL GetOpenInterest(F0200009232116)
[6096] 2015/02/12 03:05:49.437 CALL GetFutureRight(F0200009232129)
[6096] 2015/02/12 03:05:54.500 CALL GetOpenInterest(F0200009232129)
[5096] 2015/02/12 03:05:57.906 CALL GetFutureRight(F0200009232116)
[5096] 2015/02/12 03:06:02.953 CALL GetOpenInterest(F0200009232116)
[6096] 2015/02/12 03:06:04.437 CALL GetFutureRight(F0200009232129)
[6096] 2015/02/12 03:06:09.500 CALL GetOpenInterest(F0200009232129)
[5096] 2015/02/12 03:06:12.906 CALL GetFutureRight(F0200009232116)
[5096] 2015/02/12 03:06:17.953 CALL GetOpenInterest(F0200009232116)
[6096] 2015/02/12 03:06:19.437 CALL GetFutureRight(F0200009232129)
[6096] 2015/02/12 03:06:24.500 CALL GetOpenInterest(F0200009232129)
[5096] 2015/02/12 03:06:27.906 CALL GetFutureRight(F0200009232116)
[5096] 2015/02/12 03:06:32.953 CALL GetOpenInterest(F0200009232116)
[6096] 2015/02/12 03:06:34.437 CALL GetFutureRight(F0200009232129)
[6096] 2015/02/12 03:06:39.500 CALL GetOpenInterest(F0200009232129)
[5096] 2015/02/12 03:06:42.906 CALL GetFutureRight(F0200009232116)
[5096] 2015/02/12 03:06:47.968 CALL GetOpenInterest(F0200009232116)
[6096] 2015/02/12 03:06:49.437 CALL GetFutureRight(F0200009232129)
[6096] 2015/02/12 03:06:54.515 CALL GetOpenInterest(F0200009232129)
[5096] 2015/02/12 03:06:57.906 CALL GetFutureRight(F0200009232116)
[5096] 2015/02/12 03:07:02.953 CALL GetOpenInterest(F0200009232116)
[6096] 2015/02/12 03:07:04.437 CALL GetFutureRight(F0200009232129)
[6096] 2015/02/12 03:07:09.484 CALL GetOpenInterest(F0200009232129)
[5096] 2015/02/12 03:07:12.906 CALL GetFutureRight(F0200009232116)
[5096] 2015/02/12 03:07:17.968 CALL GetOpenInterest(F0200009232116)
[6096] 2015/02/12 03:07:19.437 CALL GetFutureRight(F0200009232129)
[6096] 2015/02/12 03:07:24.484 CALL GetOpenInterest(F0200009232129)
[5096] 2015/02/12 03:07:27.906 CALL GetFutureRight(F0200009232116)
[5096] 2015/02/12 03:07:32.968 CALL GetOpenInterest(F0200009232116)
[6096] 2015/02/12 03:07:34.437 CALL GetFutureRight(F0200009232129)
[6096] 2015/02/12 03:07:39.484 CALL GetOpenInterest(F0200009232129)
[5096] 2015/02/12 03:07:42.906 CALL GetFutureRight(F0200009232116)
[5096] 2015/02/12 03:07:47.968 CALL GetOpenInterest(F0200009232116)
[6096] 2015/02/12 03:07:49.437 CALL GetFutureRight(F0200009232129)
[6096] 2015/02/12 03:07:54.500 CALL GetOpenInterest(F0200009232129)
[5096] 2015/02/12 03:07:57.906 CALL GetFutureRight(F0200009232116)
[5096] 2015/02/12 03:08:02.968 CALL GetOpenInterest(F0200009232116)
[6096] 2015/02/12 03:08:04.437 CALL GetFutureRight(F0200009232129)
[6096] 2015/02/12 03:08:09.484 CALL GetOpenInterest(F0200009232129)
[5096] 2015/02/12 03:08:12.906 CALL GetFutureRight(F0200009232116)
[5096] 2015/02/12 03:08:17.968 CALL GetOpenInterest(F0200009232116)
[6096] 2015/02/12 03:08:19.437 CALL GetFutureRight(F0200009232129)
[6096] 2015/02/12 03:08:24.484 CALL GetOpenInterest(F0200009232129)
[5096] 2015/02/12 03:08:27.906 CALL GetFutureRight(F0200009232116)
[5096] 2015/02/12 03:08:32.953 CALL GetOpenInterest(F0200009232116)
[6096] 2015/02/12 03:08:34.437 CALL GetFutureRight(F0200009232129)
[6096] 2015/02/12 03:08:39.500 CALL GetOpenInterest(F0200009232129)
[5096] 2015/02/12 03:08:42.906 CALL GetFutureRight(F0200009232116)
[5096] 2015/02/12 03:08:47.968 CALL GetOpenInterest(F0200009232116)
[6096] 2015/02/12 03:08:49.437 CALL GetFutureRight(F0200009232129)
[6096] 2015/02/12 03:08:54.500 CALL GetOpenInterest(F0200009232129)
[5096] 2015/02/12 03:08:57.906 CALL GetFutureRight(F0200009232116)
[5096] 2015/02/12 03:09:02.968 CALL GetOpenInterest(F0200009232116)
[6096] 2015/02/12 03:09:04.437 CALL GetFutureRight(F0200009232129)
[6096] 2015/02/12 03:09:09.500 CALL GetOpenInterest(F0200009232129)
[5096] 2015/02/12 03:09:12.906 CALL GetFutureRight(F0200009232116)
[5096] 2015/02/12 03:09:17.968 CALL GetOpenInterest(F0200009232116)
[6096] 2015/02/12 03:09:19.437 CALL GetFutureRight(F0200009232129)
[6096] 2015/02/12 03:09:24.500 CALL GetOpenInterest(F0200009232129)
[5096] 2015/02/12 03:09:27.906 CALL GetFutureRight(F0200009232116)
[5096] 2015/02/12 03:09:32.953 CALL GetOpenInterest(F0200009232116)
[6096] 2015/02/12 03:09:34.437 CALL GetFutureRight(F0200009232129)
[6096] 2015/02/12 03:09:39.500 CALL GetOpenInterest(F0200009232129)
[5096] 2015/02/12 03:09:42.906 CALL GetFutureRight(F0200009232116)
[5096] 2015/02/12 03:09:47.968 CALL GetOpenInterest(F0200009232116)
[6096] 2015/02/12 03:09:49.437 CALL GetFutureRight(F0200009232129)
[6096] 2015/02/12 03:09:54.500 CALL GetOpenInterest(F0200009232129)
[5096] 2015/02/12 03:09:57.906 CALL GetFutureRight(F0200009232116)
[5096] 2015/02/12 03:10:02.953 CALL GetOpenInterest(F0200009232116)
[6096] 2015/02/12 03:10:04.437 CALL GetFutureRight(F0200009232129)
[6096] 2015/02/12 03:10:09.500 CALL GetOpenInterest(F0200009232129)
[5096] 2015/02/12 03:10:12.906 CALL GetFutureRight(F0200009232116)
[5096] 2015/02/12 03:10:17.968 CALL GetOpenInterest(F0200009232116)
[6096] 2015/02/12 03:10:19.437 CALL GetFutureRight(F0200009232129)
[6096] 2015/02/12 03:10:24.500 CALL GetOpenInterest(F0200009232129)
[5096] 2015/02/12 03:10:27.906 CALL GetFutureRight(F0200009232116)
[5096] 2015/02/12 03:10:32.953 CALL GetOpenInterest(F0200009232116)
[6096] 2015/02/12 03:10:34.437 CALL GetFutureRight(F0200009232129)
[6096] 2015/02/12 03:10:39.500 CALL GetOpenInterest(F0200009232129)
[5096] 2015/02/12 03:10:42.906 CALL GetFutureRight(F0200009232116)
[5096] 2015/02/12 03:10:47.968 CALL GetOpenInterest(F0200009232116)
[6096] 2015/02/12 03:10:49.437 CALL GetFutureRight(F0200009232129)
[6096] 2015/02/12 03:10:54.500 CALL GetOpenInterest(F0200009232129)
[5096] 2015/02/12 03:10:57.906 CALL GetFutureRight(F0200009232116)
[5096] 2015/02/12 03:11:02.953 CALL GetOpenInterest(F0200009232116)
[6096] 2015/02/12 03:11:04.437 CALL GetFutureRight(F0200009232129)
[6096] 2015/02/12 03:11:09.484 CALL GetOpenInterest(F0200009232129)
[5096] 2015/02/12 03:11:12.906 CALL GetFutureRight(F0200009232116)
[5096] 2015/02/12 03:11:17.953 CALL GetOpenInterest(F0200009232116)
[6096] 2015/02/12 03:11:19.437 CALL GetFutureRight(F0200009232129)
[6096] 2015/02/12 03:11:26.250 CALL GetOpenInterest(F0200009232129)
[5096] 2015/02/12 03:11:27.906 CALL GetFutureRight(F0200009232116)
[5096] 2015/02/12 03:11:32.953 CALL GetOpenInterest(F0200009232116)
[6096] 2015/02/12 03:11:34.437 CALL GetFutureRight(F0200009232129)
[6096] 2015/02/12 03:11:39.484 CALL GetOpenInterest(F0200009232129)
[5096] 2015/02/12 03:11:42.906 CALL GetFutureRight(F0200009232116)
[5096] 2015/02/12 03:11:47.953 CALL GetOpenInterest(F0200009232116)
[6096] 2015/02/12 03:11:49.437 CALL GetFutureRight(F0200009232129)
[6096] 2015/02/12 03:11:54.484 CALL GetOpenInterest(F0200009232129)
[5096] 2015/02/12 03:11:57.906 CALL GetFutureRight(F0200009232116)
[5096] 2015/02/12 03:12:02.953 CALL GetOpenInterest(F0200009232116)
[6096] 2015/02/12 03:12:04.437 CALL GetFutureRight(F0200009232129)
[6096] 2015/02/12 03:12:09.500 CALL GetOpenInterest(F0200009232129)
[5096] 2015/02/12 03:12:12.906 CALL GetFutureRight(F0200009232116)
[5096] 2015/02/12 03:12:17.968 CALL GetOpenInterest(F0200009232116)
[6096] 2015/02/12 03:12:19.437 CALL GetFutureRight(F0200009232129)
[6096] 2015/02/12 03:12:24.484 CALL GetOpenInterest(F0200009232129)
[5096] 2015/02/12 03:12:27.906 CALL GetFutureRight(F0200009232116)
[5096] 2015/02/12 03:12:32.953 CALL GetOpenInterest(F0200009232116)
[6096] 2015/02/12 03:12:34.437 CALL GetFutureRight(F0200009232129)
[6096] 2015/02/12 03:12:39.500 CALL GetOpenInterest(F0200009232129)
[5096] 2015/02/12 03:12:42.906 CALL GetFutureRight(F0200009232116)
[5096] 2015/02/12 03:12:47.968 CALL GetOpenInterest(F0200009232116)
[6096] 2015/02/12 03:12:49.437 CALL GetFutureRight(F0200009232129)
[6096] 2015/02/12 03:12:54.500 CALL GetOpenInterest(F0200009232129)
[5096] 2015/02/12 03:12:57.906 CALL GetFutureRight(F0200009232116)
[5096] 2015/02/12 03:13:02.953 CALL GetOpenInterest(F0200009232116)
[6096] 2015/02/12 03:13:04.437 CALL GetFutureRight(F0200009232129)
[6096] 2015/02/12 03:13:09.500 CALL GetOpenInterest(F0200009232129)
[5096] 2015/02/12 03:13:12.906 CALL GetFutureRight(F0200009232116)
[5096] 2015/02/12 03:13:17.968 CALL GetOpenInterest(F0200009232116)
[6096] 2015/02/12 03:13:19.437 CALL GetFutureRight(F0200009232129)
[6096] 2015/02/12 03:13:24.500 CALL GetOpenInterest(F0200009232129)
[5096] 2015/02/12 03:13:27.906 CALL GetFutureRight(F0200009232116)
[5096] 2015/02/12 03:13:32.968 CALL GetOpenInterest(F0200009232116)
[6096] 2015/02/12 03:13:34.437 CALL GetFutureRight(F0200009232129)
[6096] 2015/02/12 03:13:39.500 CALL GetOpenInterest(F0200009232129)
[5096] 2015/02/12 03:13:42.906 CALL GetFutureRight(F0200009232116)
[5096] 2015/02/12 03:13:47.968 CALL GetOpenInterest(F0200009232116)
[6096] 2015/02/12 03:13:49.437 CALL GetFutureRight(F0200009232129)
[6096] 2015/02/12 03:13:54.500 CALL GetOpenInterest(F0200009232129)
[5096] 2015/02/12 03:13:57.906 CALL GetFutureRight(F0200009232116)
[5096] 2015/02/12 03:14:02.953 CALL GetOpenInterest(F0200009232116)
[6096] 2015/02/12 03:14:04.437 CALL GetFutureRight(F0200009232129)
[6096] 2015/02/12 03:14:09.500 CALL GetOpenInterest(F0200009232129)
[5096] 2015/02/12 03:14:12.906 CALL GetFutureRight(F0200009232116)
[5096] 2015/02/12 03:14:17.953 CALL GetOpenInterest(F0200009232116)
[6096] 2015/02/12 03:14:19.437 CALL GetFutureRight(F0200009232129)
[6096] 2015/02/12 03:14:24.484 CALL GetOpenInterest(F0200009232129)
[5096] 2015/02/12 03:14:27.906 CALL GetFutureRight(F0200009232116)
[5096] 2015/02/12 03:14:32.968 CALL GetOpenInterest(F0200009232116)
[6096] 2015/02/12 03:14:34.437 CALL GetFutureRight(F0200009232129)
[6096] 2015/02/12 03:14:39.500 CALL GetOpenInterest(F0200009232129)
[5096] 2015/02/12 03:14:42.906 CALL GetFutureRight(F0200009232116)
[5096] 2015/02/12 03:14:47.968 CALL GetOpenInterest(F0200009232116)
[6096] 2015/02/12 03:14:49.437 CALL GetFutureRight(F0200009232129)
[6096] 2015/02/12 03:14:54.484 CALL GetOpenInterest(F0200009232129)
[5096] 2015/02/12 03:14:57.906 CALL GetFutureRight(F0200009232116)
[5096] 2015/02/12 03:15:02.968 CALL GetOpenInterest(F0200009232116)
[6096] 2015/02/12 03:15:04.437 CALL GetFutureRight(F0200009232129)
[6096] 2015/02/12 03:15:09.500 CALL GetOpenInterest(F0200009232129)
[5096] 2015/02/12 03:15:12.906 CALL GetFutureRight(F0200009232116)
[5096] 2015/02/12 03:15:17.953 CALL GetOpenInterest(F0200009232116)
[6096] 2015/02/12 03:15:19.437 CALL GetFutureRight(F0200009232129)
[6096] 2015/02/12 03:15:24.484 CALL GetOpenInterest(F0200009232129)
[5096] 2015/02/12 03:15:27.906 CALL GetFutureRight(F0200009232116)
[5096] 2015/02/12 03:15:32.953 CALL GetOpenInterest(F0200009232116)
[6096] 2015/02/12 03:15:34.437 CALL GetFutureRight(F0200009232129)
[6096] 2015/02/12 03:15:39.484 CALL GetOpenInterest(F0200009232129)
[5096] 2015/02/12 03:15:42.906 CALL GetFutureRight(F0200009232116)
[5096] 2015/02/12 03:15:47.968 CALL GetOpenInterest(F0200009232116)
[6096] 2015/02/12 03:15:49.437 CALL GetFutureRight(F0200009232129)
[6096] 2015/02/12 03:15:54.484 CALL GetOpenInterest(F0200009232129)
[5096] 2015/02/12 03:15:57.906 CALL GetFutureRight(F0200009232116)
[5096] 2015/02/12 03:16:02.953 CALL GetOpenInterest(F0200009232116)
[6096] 2015/02/12 03:16:04.437 CALL GetFutureRight(F0200009232129)
[6096] 2015/02/12 03:16:09.484 CALL GetOpenInterest(F0200009232129)
[5096] 2015/02/12 03:16:12.906 CALL GetFutureRight(F0200009232116)
[5096] 2015/02/12 03:16:17.968 CALL GetOpenInterest(F0200009232116)
[6096] 2015/02/12 03:16:19.437 CALL GetFutureRight(F0200009232129)
[6096] 2015/02/12 03:16:24.500 CALL GetOpenInterest(F0200009232129)
[5096] 2015/02/12 03:16:27.906 CALL GetFutureRight(F0200009232116)
[5096] 2015/02/12 03:16:32.968 CALL GetOpenInterest(F0200009232116)
[6096] 2015/02/12 03:16:34.437 CALL GetFutureRight(F0200009232129)
[6096] 2015/02/12 03:16:39.500 CALL GetOpenInterest(F0200009232129)
[5096] 2015/02/12 03:16:42.906 CALL GetFutureRight(F0200009232116)
[5096] 2015/02/12 03:16:47.968 CALL GetOpenInterest(F0200009232116)
[6096] 2015/02/12 03:16:49.437 CALL GetFutureRight(F0200009232129)
[6096] 2015/02/12 03:16:54.500 CALL GetOpenInterest(F0200009232129)
[5096] 2015/02/12 03:16:57.906 CALL GetFutureRight(F0200009232116)
[5096] 2015/02/12 03:17:02.968 CALL GetOpenInterest(F0200009232116)
[6096] 2015/02/12 03:17:04.437 CALL GetFutureRight(F0200009232129)
[6096] 2015/02/12 03:17:09.484 CALL GetOpenInterest(F0200009232129)
[5096] 2015/02/12 03:17:12.906 CALL GetFutureRight(F0200009232116)
[5096] 2015/02/12 03:17:17.953 CALL GetOpenInterest(F0200009232116)
[6096] 2015/02/12 03:17:19.437 CALL GetFutureRight(F0200009232129)
[6096] 2015/02/12 03:17:24.484 CALL GetOpenInterest(F0200009232129)
[5096] 2015/02/12 03:17:27.906 CALL GetFutureRight(F0200009232116)
[5096] 2015/02/12 03:17:32.953 CALL GetOpenInterest(F0200009232116)
[6096] 2015/02/12 03:17:34.437 CALL GetFutureRight(F0200009232129)
[6096] 2015/02/12 03:17:39.484 CALL GetOpenInterest(F0200009232129)
[5096] 2015/02/12 03:17:42.906 CALL GetFutureRight(F0200009232116)
[5096] 2015/02/12 03:17:47.953 CALL GetOpenInterest(F0200009232116)
[6096] 2015/02/12 03:17:49.437 CALL GetFutureRight(F0200009232129)
[6096] 2015/02/12 03:17:54.500 CALL GetOpenInterest(F0200009232129)
[5096] 2015/02/12 03:17:57.906 CALL GetFutureRight(F0200009232116)
[5096] 2015/02/12 03:18:02.953 CALL GetOpenInterest(F0200009232116)
[6096] 2015/02/12 03:18:04.437 CALL GetFutureRight(F0200009232129)
[6096] 2015/02/12 03:18:09.500 CALL GetOpenInterest(F0200009232129)
[5096] 2015/02/12 03:18:12.906 CALL GetFutureRight(F0200009232116)
[5096] 2015/02/12 03:18:17.968 CALL GetOpenInterest(F0200009232116)
[6096] 2015/02/12 03:18:19.437 CALL GetFutureRight(F0200009232129)
[6096] 2015/02/12 03:18:24.500 CALL GetOpenInterest(F0200009232129)
[5096] 2015/02/12 03:18:27.906 CALL GetFutureRight(F0200009232116)
[5096] 2015/02/12 03:18:33.000 CALL GetOpenInterest(F0200009232116)
[6096] 2015/02/12 03:18:34.437 CALL GetFutureRight(F0200009232129)
[6096] 2015/02/12 03:18:39.484 CALL GetOpenInterest(F0200009232129)
[5096] 2015/02/12 03:18:42.906 CALL GetFutureRight(F0200009232116)
[5096] 2015/02/12 03:18:47.968 CALL GetOpenInterest(F0200009232116)
[6096] 2015/02/12 03:18:49.437 CALL GetFutureRight(F0200009232129)
[6096] 2015/02/12 03:18:54.500 CALL GetOpenInterest(F0200009232129)
[5096] 2015/02/12 03:18:57.906 CALL GetFutureRight(F0200009232116)
[5096] 2015/02/12 03:19:02.968 CALL GetOpenInterest(F0200009232116)
[6096] 2015/02/12 03:19:04.437 CALL GetFutureRight(F0200009232129)
[6096] 2015/02/12 03:19:09.484 CALL GetOpenInterest(F0200009232129)
[5096] 2015/02/12 03:19:12.906 CALL GetFutureRight(F0200009232116)
[5096] 2015/02/12 03:19:17.968 CALL GetOpenInterest(F0200009232116)
[6096] 2015/02/12 03:19:19.437 CALL GetFutureRight(F0200009232129)
[6096] 2015/02/12 03:19:24.500 CALL GetOpenInterest(F0200009232129)
[5096] 2015/02/12 03:19:27.906 CALL GetFutureRight(F0200009232116)
[5096] 2015/02/12 03:19:32.968 CALL GetOpenInterest(F0200009232116)
[6096] 2015/02/12 03:19:34.437 CALL GetFutureRight(F0200009232129)
[6096] 2015/02/12 03:19:39.500 CALL GetOpenInterest(F0200009232129)
[5096] 2015/02/12 03:19:42.906 CALL GetFutureRight(F0200009232116)
[5096] 2015/02/12 03:19:47.968 CALL GetOpenInterest(F0200009232116)
[6096] 2015/02/12 03:19:49.437 CALL GetFutureRight(F0200009232129)
[6096] 2015/02/12 03:19:54.500 CALL GetOpenInterest(F0200009232129)
[5096] 2015/02/12 03:19:57.906 CALL GetFutureRight(F0200009232116)
[5096] 2015/02/12 03:20:02.968 CALL GetOpenInterest(F0200009232116)
[6096] 2015/02/12 03:20:04.437 CALL GetFutureRight(F0200009232129)
[6096] 2015/02/12 03:20:09.500 CALL GetOpenInterest(F0200009232129)
[5096] 2015/02/12 03:20:12.906 CALL GetFutureRight(F0200009232116)
[5096] 2015/02/12 03:20:17.984 CALL GetOpenInterest(F0200009232116)
[6096] 2015/02/12 03:20:19.437 CALL GetFutureRight(F0200009232129)
[6096] 2015/02/12 03:20:24.578 CALL GetOpenInterest(F0200009232129)
[5096] 2015/02/12 03:20:27.906 CALL GetFutureRight(F0200009232116)
[5096] 2015/02/12 03:20:33.000 CALL GetOpenInterest(F0200009232116)
[6096] 2015/02/12 03:20:34.437 CALL GetFutureRight(F0200009232129)
[6096] 2015/02/12 03:20:39.500 CALL GetOpenInterest(F0200009232129)
[5096] 2015/02/12 03:20:42.906 CALL GetFutureRight(F0200009232116)
[5096] 2015/02/12 03:20:47.984 CALL GetOpenInterest(F0200009232116)
[6096] 2015/02/12 03:20:49.437 CALL GetFutureRight(F0200009232129)
[6096] 2015/02/12 03:20:54.515 CALL GetOpenInterest(F0200009232129)
[5096] 2015/02/12 03:20:57.906 CALL GetFutureRight(F0200009232116)
[5096] 2015/02/12 03:21:02.984 CALL GetOpenInterest(F0200009232116)
[6096] 2015/02/12 03:21:04.437 CALL GetFutureRight(F0200009232129)
[6096] 2015/02/12 03:21:09.515 CALL GetOpenInterest(F0200009232129)
[5096] 2015/02/12 03:21:12.906 CALL GetFutureRight(F0200009232116)
[5096] 2015/02/12 03:21:17.968 CALL GetOpenInterest(F0200009232116)
[6096] 2015/02/12 03:21:19.437 CALL GetFutureRight(F0200009232129)
[6096] 2015/02/12 03:21:24.500 CALL GetOpenInterest(F0200009232129)
[5096] 2015/02/12 03:21:27.906 CALL GetFutureRight(F0200009232116)
[5096] 2015/02/12 03:21:32.968 CALL GetOpenInterest(F0200009232116)
[6096] 2015/02/12 03:21:34.437 CALL GetFutureRight(F0200009232129)
[6096] 2015/02/12 03:21:39.500 CALL GetOpenInterest(F0200009232129)
[5096] 2015/02/12 03:21:42.906 CALL GetFutureRight(F0200009232116)
[5096] 2015/02/12 03:21:47.968 CALL GetOpenInterest(F0200009232116)
[6096] 2015/02/12 03:21:49.437 CALL GetFutureRight(F0200009232129)
[6096] 2015/02/12 03:21:54.500 CALL GetOpenInterest(F0200009232129)
[5096] 2015/02/12 03:21:57.906 CALL GetFutureRight(F0200009232116)
[5096] 2015/02/12 03:22:02.968 CALL GetOpenInterest(F0200009232116)
[6096] 2015/02/12 03:22:04.437 CALL GetFutureRight(F0200009232129)
[6096] 2015/02/12 03:22:09.500 CALL GetOpenInterest(F0200009232129)
[5096] 2015/02/12 03:22:12.906 CALL GetFutureRight(F0200009232116)
[5096] 2015/02/12 03:22:17.968 CALL GetOpenInterest(F0200009232116)
[6096] 2015/02/12 03:22:19.437 CALL GetFutureRight(F0200009232129)
[6096] 2015/02/12 03:22:24.500 CALL GetOpenInterest(F0200009232129)
[5096] 2015/02/12 03:22:27.906 CALL GetFutureRight(F0200009232116)
[5096] 2015/02/12 03:22:32.953 CALL GetOpenInterest(F0200009232116)
[6096] 2015/02/12 03:22:34.437 CALL GetFutureRight(F0200009232129)
[6096] 2015/02/12 03:22:39.484 CALL GetOpenInterest(F0200009232129)
[5096] 2015/02/12 03:22:42.906 CALL GetFutureRight(F0200009232116)
[5096] 2015/02/12 03:22:47.953 CALL GetOpenInterest(F0200009232116)
[6096] 2015/02/12 03:22:49.437 CALL GetFutureRight(F0200009232129)
[6096] 2015/02/12 03:22:54.484 CALL GetOpenInterest(F0200009232129)
[5096] 2015/02/12 03:22:57.906 CALL GetFutureRight(F0200009232116)
[5096] 2015/02/12 03:23:02.953 CALL GetOpenInterest(F0200009232116)
[6096] 2015/02/12 03:23:04.437 CALL GetFutureRight(F0200009232129)
[6096] 2015/02/12 03:23:09.484 CALL GetOpenInterest(F0200009232129)
[5096] 2015/02/12 03:23:12.906 CALL GetFutureRight(F0200009232116)
[5096] 2015/02/12 03:23:17.968 CALL GetOpenInterest(F0200009232116)
[6096] 2015/02/12 03:23:19.437 CALL GetFutureRight(F0200009232129)
[6096] 2015/02/12 03:23:24.484 CALL GetOpenInterest(F0200009232129)
[5096] 2015/02/12 03:23:27.906 CALL GetFutureRight(F0200009232116)
[5096] 2015/02/12 03:23:32.968 CALL GetOpenInterest(F0200009232116)
[6096] 2015/02/12 03:23:34.437 CALL GetFutureRight(F0200009232129)
[6096] 2015/02/12 03:23:39.484 CALL GetOpenInterest(F0200009232129)
[5096] 2015/02/12 03:23:42.906 CALL GetFutureRight(F0200009232116)
[5096] 2015/02/12 03:23:47.953 CALL GetOpenInterest(F0200009232116)
[6096] 2015/02/12 03:23:49.437 CALL GetFutureRight(F0200009232129)
[6096] 2015/02/12 03:23:54.484 CALL GetOpenInterest(F0200009232129)
[5096] 2015/02/12 03:23:57.906 CALL GetFutureRight(F0200009232116)
[5096] 2015/02/12 03:24:02.953 CALL GetOpenInterest(F0200009232116)
[6096] 2015/02/12 03:24:04.437 CALL GetFutureRight(F0200009232129)
[6096] 2015/02/12 03:24:09.484 CALL GetOpenInterest(F0200009232129)
[5096] 2015/02/12 03:24:12.906 CALL GetFutureRight(F0200009232116)
[5096] 2015/02/12 03:24:17.968 CALL GetOpenInterest(F0200009232116)
[6096] 2015/02/12 03:24:19.437 CALL GetFutureRight(F0200009232129)
[6096] 2015/02/12 03:24:24.484 CALL GetOpenInterest(F0200009232129)
[5096] 2015/02/12 03:24:27.906 CALL GetFutureRight(F0200009232116)
[5096] 2015/02/12 03:24:32.968 CALL GetOpenInterest(F0200009232116)
