[2932] 2015/03/27 02:08:04.343 SKOrderLib ª©¥» 2.1.22
[2932] 2015/03/27 02:08:04.343 Login ID: S122811334
[2932] 2015/03/27 02:08:05.375 CALL RegisterOnAccountCallBack()
[2932] 2015/03/27 02:08:05.375 CALL RegisterOnOrderAsyncReportCallBack()
[2932] 2015/03/27 02:08:05.390 CALL RegisterOnAccountWithLoginIDCallBack()
[2932] 2015/03/27 02:08:05.390 CALL RegisterOnRealBalanceReportCallBack()
[2932] 2015/03/27 02:08:05.390 CALL RegisterOnOpenInterestCallBack()
[2932] 2015/03/27 02:08:05.390 CALL RegisterOnStopLossReportCallBack()
[2932] 2015/03/27 02:08:05.390 CALL RegisterOnOverseaFuturesCallBack()
[2932] 2015/03/27 02:08:05.390 CALL RegisterOnOverseaFutureOpenInterestCallBack()
[2932] 2015/03/27 02:08:05.390 CALL RegisterOnOverseaOptionsCallBack()
[2932] 2015/03/27 02:08:05.390 CALL RegisterOnFutureRightCallBack()
[2932] 2015/03/27 02:08:05.390 CALL RegisterOnCertCanceled()
[2932] 2015/03/27 02:08:05.390 CALL RegisterOnExecutionReportCallBack()
[2932] 2015/03/27 02:08:05.390 CALL GetUserAccount()
[2932] 2015/03/27 02:08:05.390 TS,9186,9186,0213851,S122811334,½²¦¼´Ü,0,0
[2932] 2015/03/27 02:08:05.390 OS,9188,9188,0011491,S122811334,½²¦¼´Ü,0,0
[2932] 2015/03/27 02:08:05.390 TS,9188,9188,0259512,S122811334,½²¦¼´Ü,0,0
[2932] 2015/03/27 02:08:05.390 TF,F020000,000,9232116,S122811334,½²¦¼´Ü,0,0
[2932] 2015/03/27 02:08:05.390 OF,F020000,000,9232116,S122811334,½²¦¼´Ü,0,0
[2932] 2015/03/27 02:08:05.390 TF,F020000,000,9232129,S122811334,½²¦¼´Ü,0,0
[2932] 2015/03/27 02:08:05.406 OF,F020000,000,9232129,S122811334,½²¦¼´Ü,0,0
[2932] 2015/03/27 02:08:05.406 CALL SKOrderLib_ReadCertByID(S122811334)
[2932] 2015/03/27 02:08:05.718 CALL GetFutureRight(F0200009232116)
[2932] 2015/03/27 02:08:10.968 CALL GetOpenInterest(F0200009232116)
[1716] 2015/03/27 02:08:11.265 SKOrderLib ª©¥» 2.1.22
[1716] 2015/03/27 02:08:11.265 Login ID: S122811334
[1716] 2015/03/27 02:08:12.109 CALL RegisterOnAccountCallBack()
[1716] 2015/03/27 02:08:12.109 CALL RegisterOnOrderAsyncReportCallBack()
[1716] 2015/03/27 02:08:12.109 CALL RegisterOnAccountWithLoginIDCallBack()
[1716] 2015/03/27 02:08:12.109 CALL RegisterOnRealBalanceReportCallBack()
[1716] 2015/03/27 02:08:12.125 CALL RegisterOnOpenInterestCallBack()
[1716] 2015/03/27 02:08:12.125 CALL RegisterOnStopLossReportCallBack()
[1716] 2015/03/27 02:08:12.125 CALL RegisterOnOverseaFuturesCallBack()
[1716] 2015/03/27 02:08:12.125 CALL RegisterOnOverseaFutureOpenInterestCallBack()
[1716] 2015/03/27 02:08:12.125 CALL RegisterOnOverseaOptionsCallBack()
[1716] 2015/03/27 02:08:12.125 CALL RegisterOnFutureRightCallBack()
[1716] 2015/03/27 02:08:12.125 CALL RegisterOnCertCanceled()
[1716] 2015/03/27 02:08:12.125 CALL RegisterOnExecutionReportCallBack()
[1716] 2015/03/27 02:08:12.125 CALL GetUserAccount()
[1716] 2015/03/27 02:08:12.125 TS,9186,9186,0213851,S122811334,½²¦¼´Ü,0,0
[1716] 2015/03/27 02:08:12.125 OS,9188,9188,0011491,S122811334,½²¦¼´Ü,0,0
[1716] 2015/03/27 02:08:12.125 TS,9188,9188,0259512,S122811334,½²¦¼´Ü,0,0
[1716] 2015/03/27 02:08:12.125 TF,F020000,000,9232116,S122811334,½²¦¼´Ü,0,0
[1716] 2015/03/27 02:08:12.125 OF,F020000,000,9232116,S122811334,½²¦¼´Ü,0,0
[1716] 2015/03/27 02:08:12.125 TF,F020000,000,9232129,S122811334,½²¦¼´Ü,0,0
[1716] 2015/03/27 02:08:12.125 OF,F020000,000,9232129,S122811334,½²¦¼´Ü,0,0
[1716] 2015/03/27 02:08:12.140 CALL SKOrderLib_ReadCertByID(S122811334)
[1716] 2015/03/27 02:08:12.296 CALL GetFutureRight(F0200009232129)
[1716] 2015/03/27 02:08:17.453 CALL GetOpenInterest(F0200009232129)
[2932] 2015/03/27 02:08:26.015 CALL GetFutureRight(F0200009232116)
[2932] 2015/03/27 02:08:31.062 CALL GetOpenInterest(F0200009232116)
[1716] 2015/03/27 02:08:32.500 CALL GetFutureRight(F0200009232129)
[1716] 2015/03/27 02:08:37.546 CALL GetOpenInterest(F0200009232129)
[2932] 2015/03/27 02:08:41.015 CALL GetFutureRight(F0200009232116)
[2932] 2015/03/27 02:08:46.062 CALL GetOpenInterest(F0200009232116)
[1716] 2015/03/27 02:08:47.500 CALL GetFutureRight(F0200009232129)
[1716] 2015/03/27 02:08:52.562 CALL GetOpenInterest(F0200009232129)
[2932] 2015/03/27 02:08:56.015 CALL GetFutureRight(F0200009232116)
[2932] 2015/03/27 02:09:01.062 CALL GetOpenInterest(F0200009232116)
[1716] 2015/03/27 02:09:02.500 CALL GetFutureRight(F0200009232129)
[1716] 2015/03/27 02:09:07.578 CALL GetOpenInterest(F0200009232129)
[2932] 2015/03/27 02:09:11.015 CALL GetFutureRight(F0200009232116)
[2932] 2015/03/27 02:09:16.093 CALL GetOpenInterest(F0200009232116)
[1716] 2015/03/27 02:09:17.500 CALL GetFutureRight(F0200009232129)
[1716] 2015/03/27 02:09:22.546 CALL GetOpenInterest(F0200009232129)
[2932] 2015/03/27 02:09:26.015 CALL GetFutureRight(F0200009232116)
[2932] 2015/03/27 02:09:31.062 CALL GetOpenInterest(F0200009232116)
[1716] 2015/03/27 02:09:32.500 CALL GetFutureRight(F0200009232129)
[1716] 2015/03/27 02:09:37.546 CALL GetOpenInterest(F0200009232129)
[2932] 2015/03/27 02:09:41.015 CALL GetFutureRight(F0200009232116)
[2932] 2015/03/27 02:09:46.062 CALL GetOpenInterest(F0200009232116)
[1716] 2015/03/27 02:09:47.500 CALL GetFutureRight(F0200009232129)
[1716] 2015/03/27 02:09:52.546 CALL GetOpenInterest(F0200009232129)
[2932] 2015/03/27 02:09:56.015 CALL GetFutureRight(F0200009232116)
[2932] 2015/03/27 02:10:01.078 CALL GetOpenInterest(F0200009232116)
[1716] 2015/03/27 02:10:02.500 CALL GetFutureRight(F0200009232129)
[1716] 2015/03/27 02:10:07.562 CALL GetOpenInterest(F0200009232129)
[2932] 2015/03/27 02:10:11.015 CALL GetFutureRight(F0200009232116)
[2932] 2015/03/27 02:10:16.062 CALL GetOpenInterest(F0200009232116)
[1716] 2015/03/27 02:10:17.500 CALL GetFutureRight(F0200009232129)
[1716] 2015/03/27 02:10:22.546 CALL GetOpenInterest(F0200009232129)
[2932] 2015/03/27 02:10:26.015 CALL GetFutureRight(F0200009232116)
[2932] 2015/03/27 02:10:31.062 CALL GetOpenInterest(F0200009232116)
[1716] 2015/03/27 02:10:32.500 CALL GetFutureRight(F0200009232129)
[1716] 2015/03/27 02:10:37.562 CALL GetOpenInterest(F0200009232129)
[2032] 2015/03/27 02:18:11.484 SKOrderLib ª©¥» 2.1.22
[2032] 2015/03/27 02:18:11.484 Login ID: S122811334
[2032] 2015/03/27 02:18:12.531 CALL RegisterOnAccountCallBack()
[2032] 2015/03/27 02:18:12.531 CALL RegisterOnOrderAsyncReportCallBack()
[2032] 2015/03/27 02:18:12.531 CALL RegisterOnAccountWithLoginIDCallBack()
[2032] 2015/03/27 02:18:12.531 CALL RegisterOnRealBalanceReportCallBack()
[2032] 2015/03/27 02:18:12.531 CALL RegisterOnOpenInterestCallBack()
[2032] 2015/03/27 02:18:12.531 CALL RegisterOnStopLossReportCallBack()
[2032] 2015/03/27 02:18:12.531 CALL RegisterOnOverseaFuturesCallBack()
[2032] 2015/03/27 02:18:12.531 CALL RegisterOnOverseaFutureOpenInterestCallBack()
[2032] 2015/03/27 02:18:12.531 CALL RegisterOnOverseaOptionsCallBack()
[2032] 2015/03/27 02:18:12.531 CALL RegisterOnFutureRightCallBack()
[2032] 2015/03/27 02:18:12.531 CALL RegisterOnCertCanceled()
[2032] 2015/03/27 02:18:12.531 CALL RegisterOnExecutionReportCallBack()
[2032] 2015/03/27 02:18:12.531 CALL GetUserAccount()
[2032] 2015/03/27 02:18:12.531 TS,9186,9186,0213851,S122811334,½²¦¼´Ü,0,0
[2032] 2015/03/27 02:18:12.546 OS,9188,9188,0011491,S122811334,½²¦¼´Ü,0,0
[2032] 2015/03/27 02:18:12.546 TS,9188,9188,0259512,S122811334,½²¦¼´Ü,0,0
[2032] 2015/03/27 02:18:12.546 TF,F020000,000,9232116,S122811334,½²¦¼´Ü,0,0
[2032] 2015/03/27 02:18:12.546 OF,F020000,000,9232116,S122811334,½²¦¼´Ü,0,0
[2032] 2015/03/27 02:18:12.546 TF,F020000,000,9232129,S122811334,½²¦¼´Ü,0,0
[2032] 2015/03/27 02:18:12.546 OF,F020000,000,9232129,S122811334,½²¦¼´Ü,0,0
[2032] 2015/03/27 02:18:12.546 CALL SKOrderLib_ReadCertByID(S122811334)
[2032] 2015/03/27 02:18:12.812 CALL GetFutureRight(F0200009232116)
[2032] 2015/03/27 02:18:18.062 CALL GetOpenInterest(F0200009232116)
[920] 2015/03/27 02:18:18.343 SKOrderLib ª©¥» 2.1.22
[920] 2015/03/27 02:18:18.343 Login ID: S122811334
[920] 2015/03/27 02:18:19.312 CALL RegisterOnAccountCallBack()
[920] 2015/03/27 02:18:19.312 CALL RegisterOnOrderAsyncReportCallBack()
[920] 2015/03/27 02:18:19.312 CALL RegisterOnAccountWithLoginIDCallBack()
[920] 2015/03/27 02:18:19.312 CALL RegisterOnRealBalanceReportCallBack()
[920] 2015/03/27 02:18:19.312 CALL RegisterOnOpenInterestCallBack()
[920] 2015/03/27 02:18:19.312 CALL RegisterOnStopLossReportCallBack()
[920] 2015/03/27 02:18:19.312 CALL RegisterOnOverseaFuturesCallBack()
[920] 2015/03/27 02:18:19.312 CALL RegisterOnOverseaFutureOpenInterestCallBack()
[920] 2015/03/27 02:18:19.312 CALL RegisterOnOverseaOptionsCallBack()
[920] 2015/03/27 02:18:19.312 CALL RegisterOnFutureRightCallBack()
[920] 2015/03/27 02:18:19.312 CALL RegisterOnCertCanceled()
[920] 2015/03/27 02:18:19.312 CALL RegisterOnExecutionReportCallBack()
[920] 2015/03/27 02:18:19.312 CALL GetUserAccount()
[920] 2015/03/27 02:18:19.312 TS,9186,9186,0213851,S122811334,½²¦¼´Ü,0,0
[920] 2015/03/27 02:18:19.312 OS,9188,9188,0011491,S122811334,½²¦¼´Ü,0,0
[920] 2015/03/27 02:18:19.312 TS,9188,9188,0259512,S122811334,½²¦¼´Ü,0,0
[920] 2015/03/27 02:18:19.312 TF,F020000,000,9232116,S122811334,½²¦¼´Ü,0,0
[920] 2015/03/27 02:18:19.328 OF,F020000,000,9232116,S122811334,½²¦¼´Ü,0,0
[920] 2015/03/27 02:18:19.328 TF,F020000,000,9232129,S122811334,½²¦¼´Ü,0,0
[920] 2015/03/27 02:18:19.328 OF,F020000,000,9232129,S122811334,½²¦¼´Ü,0,0
[920] 2015/03/27 02:18:19.328 CALL SKOrderLib_ReadCertByID(S122811334)
[920] 2015/03/27 02:18:19.500 CALL GetFutureRight(F0200009232129)
[920] 2015/03/27 02:18:24.656 CALL GetOpenInterest(F0200009232129)
[2032] 2015/03/27 02:18:33.109 CALL GetFutureRight(F0200009232116)
[2032] 2015/03/27 02:18:38.171 CALL GetOpenInterest(F0200009232116)
[920] 2015/03/27 02:18:39.703 CALL GetFutureRight(F0200009232129)
[920] 2015/03/27 02:18:44.750 CALL GetOpenInterest(F0200009232129)
[2032] 2015/03/27 02:18:48.109 CALL GetFutureRight(F0200009232116)
[2032] 2015/03/27 02:18:53.171 CALL GetOpenInterest(F0200009232116)
[920] 2015/03/27 02:18:54.703 CALL GetFutureRight(F0200009232129)
[920] 2015/03/27 02:18:59.750 CALL GetOpenInterest(F0200009232129)
[2032] 2015/03/27 02:19:03.109 CALL GetFutureRight(F0200009232116)
[2032] 2015/03/27 02:19:08.156 CALL GetOpenInterest(F0200009232116)
[920] 2015/03/27 02:19:09.703 CALL GetFutureRight(F0200009232129)
[920] 2015/03/27 02:19:14.781 CALL GetOpenInterest(F0200009232129)
[2032] 2015/03/27 02:19:18.109 CALL GetFutureRight(F0200009232116)
[2032] 2015/03/27 02:19:23.171 CALL GetOpenInterest(F0200009232116)
[920] 2015/03/27 02:19:24.703 CALL GetFutureRight(F0200009232129)
[920] 2015/03/27 02:19:29.765 CALL GetOpenInterest(F0200009232129)
[2032] 2015/03/27 02:19:33.109 CALL GetFutureRight(F0200009232116)
[2032] 2015/03/27 02:19:38.171 CALL GetOpenInterest(F0200009232116)
[920] 2015/03/27 02:19:39.703 CALL GetFutureRight(F0200009232129)
[920] 2015/03/27 02:19:44.750 CALL GetOpenInterest(F0200009232129)
[2032] 2015/03/27 02:19:48.109 CALL GetFutureRight(F0200009232116)
[2032] 2015/03/27 02:19:53.171 CALL GetOpenInterest(F0200009232116)
[920] 2015/03/27 02:19:54.703 CALL GetFutureRight(F0200009232129)
[920] 2015/03/27 02:19:59.750 CALL GetOpenInterest(F0200009232129)
[2032] 2015/03/27 02:20:03.109 CALL GetFutureRight(F0200009232116)
[2032] 2015/03/27 02:20:08.156 CALL GetOpenInterest(F0200009232116)
[920] 2015/03/27 02:20:09.703 CALL GetFutureRight(F0200009232129)
[920] 2015/03/27 02:20:14.765 CALL GetOpenInterest(F0200009232129)
[2032] 2015/03/27 02:20:18.109 CALL GetFutureRight(F0200009232116)
[2032] 2015/03/27 02:20:23.156 CALL GetOpenInterest(F0200009232116)
[920] 2015/03/27 02:20:24.703 CALL GetFutureRight(F0200009232129)
[920] 2015/03/27 02:20:29.765 CALL GetOpenInterest(F0200009232129)
[2032] 2015/03/27 02:20:33.109 CALL GetFutureRight(F0200009232116)
[2032] 2015/03/27 02:20:38.156 CALL GetOpenInterest(F0200009232116)
[920] 2015/03/27 02:20:39.703 CALL GetFutureRight(F0200009232129)
[920] 2015/03/27 02:20:44.750 CALL GetOpenInterest(F0200009232129)
[2032] 2015/03/27 02:20:48.109 CALL GetFutureRight(F0200009232116)
[2032] 2015/03/27 02:20:53.156 CALL GetOpenInterest(F0200009232116)
[920] 2015/03/27 02:20:54.703 CALL GetFutureRight(F0200009232129)
[3748] 2015/03/27 02:35:56.687 SKOrderLib ª©¥» 2.1.22
[3748] 2015/03/27 02:35:56.687 Login ID: S122811334
[3748] 2015/03/27 02:35:59.750 CALL RegisterOnAccountCallBack()
[3748] 2015/03/27 02:35:59.750 CALL RegisterOnOrderAsyncReportCallBack()
[3748] 2015/03/27 02:35:59.750 CALL RegisterOnAccountWithLoginIDCallBack()
[3748] 2015/03/27 02:35:59.750 CALL RegisterOnRealBalanceReportCallBack()
[3748] 2015/03/27 02:35:59.750 CALL RegisterOnOpenInterestCallBack()
[3748] 2015/03/27 02:35:59.750 CALL RegisterOnStopLossReportCallBack()
[3748] 2015/03/27 02:35:59.765 CALL RegisterOnOverseaFuturesCallBack()
[3748] 2015/03/27 02:35:59.765 CALL RegisterOnOverseaFutureOpenInterestCallBack()
[3748] 2015/03/27 02:35:59.765 CALL RegisterOnOverseaOptionsCallBack()
[3748] 2015/03/27 02:35:59.765 CALL RegisterOnFutureRightCallBack()
[3748] 2015/03/27 02:35:59.765 CALL RegisterOnCertCanceled()
[3748] 2015/03/27 02:35:59.765 CALL RegisterOnExecutionReportCallBack()
[3748] 2015/03/27 02:35:59.765 CALL GetUserAccount()
[3748] 2015/03/27 02:35:59.765 TS,9186,9186,0213851,S122811334,½²¦¼´Ü,0,0
[3748] 2015/03/27 02:35:59.765 OS,9188,9188,0011491,S122811334,½²¦¼´Ü,0,0
[3748] 2015/03/27 02:35:59.765 TS,9188,9188,0259512,S122811334,½²¦¼´Ü,0,0
[3748] 2015/03/27 02:35:59.765 TF,F020000,000,9232116,S122811334,½²¦¼´Ü,0,0
[3748] 2015/03/27 02:35:59.765 OF,F020000,000,9232116,S122811334,½²¦¼´Ü,0,0
[3748] 2015/03/27 02:35:59.765 TF,F020000,000,9232129,S122811334,½²¦¼´Ü,0,0
[3748] 2015/03/27 02:35:59.765 OF,F020000,000,9232129,S122811334,½²¦¼´Ü,0,0
[3748] 2015/03/27 02:35:59.765 CALL SKOrderLib_ReadCertByID(S122811334)
[3748] 2015/03/27 02:36:00.062 CALL GetFutureRight(F0200009232116)
[3748] 2015/03/27 02:36:05.312 CALL GetOpenInterest(F0200009232116)
[3804] 2015/03/27 02:36:05.609 SKOrderLib ª©¥» 2.1.22
[3804] 2015/03/27 02:36:05.609 Login ID: S122811334
[3804] 2015/03/27 02:36:06.609 CALL RegisterOnAccountCallBack()
[3804] 2015/03/27 02:36:06.625 CALL RegisterOnOrderAsyncReportCallBack()
[3804] 2015/03/27 02:36:06.625 CALL RegisterOnAccountWithLoginIDCallBack()
[3804] 2015/03/27 02:36:06.625 CALL RegisterOnRealBalanceReportCallBack()
[3804] 2015/03/27 02:36:06.625 CALL RegisterOnOpenInterestCallBack()
[3804] 2015/03/27 02:36:06.625 CALL RegisterOnStopLossReportCallBack()
[3804] 2015/03/27 02:36:06.625 CALL RegisterOnOverseaFuturesCallBack()
[3804] 2015/03/27 02:36:06.625 CALL RegisterOnOverseaFutureOpenInterestCallBack()
[3804] 2015/03/27 02:36:06.625 CALL RegisterOnOverseaOptionsCallBack()
[3804] 2015/03/27 02:36:06.625 CALL RegisterOnFutureRightCallBack()
[3804] 2015/03/27 02:36:06.625 CALL RegisterOnCertCanceled()
[3804] 2015/03/27 02:36:06.625 CALL RegisterOnExecutionReportCallBack()
[3804] 2015/03/27 02:36:06.625 CALL GetUserAccount()
[3804] 2015/03/27 02:36:06.625 TS,9186,9186,0213851,S122811334,½²¦¼´Ü,0,0
[3804] 2015/03/27 02:36:06.625 OS,9188,9188,0011491,S122811334,½²¦¼´Ü,0,0
[3804] 2015/03/27 02:36:06.625 TS,9188,9188,0259512,S122811334,½²¦¼´Ü,0,0
[3804] 2015/03/27 02:36:06.625 TF,F020000,000,9232116,S122811334,½²¦¼´Ü,0,0
[3804] 2015/03/27 02:36:06.625 OF,F020000,000,9232116,S122811334,½²¦¼´Ü,0,0
[3804] 2015/03/27 02:36:06.625 TF,F020000,000,9232129,S122811334,½²¦¼´Ü,0,0
[3804] 2015/03/27 02:36:06.640 OF,F020000,000,9232129,S122811334,½²¦¼´Ü,0,0
[3804] 2015/03/27 02:36:06.640 CALL SKOrderLib_ReadCertByID(S122811334)
[3804] 2015/03/27 02:36:06.812 CALL GetFutureRight(F0200009232129)
[3804] 2015/03/27 02:36:11.953 CALL GetOpenInterest(F0200009232129)
[3748] 2015/03/27 02:36:20.375 CALL GetFutureRight(F0200009232116)
[3748] 2015/03/27 02:36:25.437 CALL GetOpenInterest(F0200009232116)
[3804] 2015/03/27 02:36:27.000 CALL GetFutureRight(F0200009232129)
[3804] 2015/03/27 02:36:32.062 CALL GetOpenInterest(F0200009232129)
[3748] 2015/03/27 02:36:35.375 CALL GetFutureRight(F0200009232116)
[3748] 2015/03/27 02:36:40.437 CALL GetOpenInterest(F0200009232116)
[3804] 2015/03/27 02:36:42.000 CALL GetFutureRight(F0200009232129)
[3804] 2015/03/27 02:36:47.046 CALL GetOpenInterest(F0200009232129)
[3748] 2015/03/27 02:36:50.375 CALL GetFutureRight(F0200009232116)
[3748] 2015/03/27 02:36:55.421 CALL GetOpenInterest(F0200009232116)
[3804] 2015/03/27 02:36:57.000 CALL GetFutureRight(F0200009232129)
[3804] 2015/03/27 02:37:02.062 CALL GetOpenInterest(F0200009232129)
[3748] 2015/03/27 02:37:05.375 CALL GetFutureRight(F0200009232116)
[3748] 2015/03/27 02:37:10.421 CALL GetOpenInterest(F0200009232116)
[3804] 2015/03/27 02:37:12.000 CALL GetFutureRight(F0200009232129)
[3804] 2015/03/27 02:37:17.046 CALL GetOpenInterest(F0200009232129)
[3748] 2015/03/27 02:37:20.375 CALL GetFutureRight(F0200009232116)
[3748] 2015/03/27 02:37:25.421 CALL GetOpenInterest(F0200009232116)
[3804] 2015/03/27 02:37:27.000 CALL GetFutureRight(F0200009232129)
[3804] 2015/03/27 02:37:32.062 CALL GetOpenInterest(F0200009232129)
[3748] 2015/03/27 02:37:35.375 CALL GetFutureRight(F0200009232116)
[3748] 2015/03/27 02:37:40.468 CALL GetOpenInterest(F0200009232116)
[3804] 2015/03/27 02:37:42.000 CALL GetFutureRight(F0200009232129)
[3804] 2015/03/27 02:37:47.062 CALL GetOpenInterest(F0200009232129)
[3748] 2015/03/27 02:37:50.375 CALL GetFutureRight(F0200009232116)
[3748] 2015/03/27 02:37:55.437 CALL GetOpenInterest(F0200009232116)
[3804] 2015/03/27 02:37:57.000 CALL GetFutureRight(F0200009232129)
[3804] 2015/03/27 02:38:02.062 CALL GetOpenInterest(F0200009232129)
[3748] 2015/03/27 02:38:05.375 CALL GetFutureRight(F0200009232116)
[2460] 2015/03/27 02:41:33.062 SKOrderLib ª©¥» 2.1.22
[2460] 2015/03/27 02:41:33.062 Login ID: S122811334
[2460] 2015/03/27 02:41:34.015 CALL RegisterOnAccountCallBack()
[2460] 2015/03/27 02:41:34.015 CALL RegisterOnOrderAsyncReportCallBack()
[2460] 2015/03/27 02:41:34.015 CALL RegisterOnAccountWithLoginIDCallBack()
[2460] 2015/03/27 02:41:34.015 CALL RegisterOnRealBalanceReportCallBack()
[2460] 2015/03/27 02:41:34.015 CALL RegisterOnOpenInterestCallBack()
[2460] 2015/03/27 02:41:34.015 CALL RegisterOnStopLossReportCallBack()
[2460] 2015/03/27 02:41:34.015 CALL RegisterOnOverseaFuturesCallBack()
[2460] 2015/03/27 02:41:34.015 CALL RegisterOnOverseaFutureOpenInterestCallBack()
[2460] 2015/03/27 02:41:34.015 CALL RegisterOnOverseaOptionsCallBack()
[2460] 2015/03/27 02:41:34.015 CALL RegisterOnFutureRightCallBack()
[2460] 2015/03/27 02:41:34.015 CALL RegisterOnCertCanceled()
[2460] 2015/03/27 02:41:34.015 CALL RegisterOnExecutionReportCallBack()
[2460] 2015/03/27 02:41:34.015 CALL GetUserAccount()
[2460] 2015/03/27 02:41:34.015 TS,9186,9186,0213851,S122811334,½²¦¼´Ü,0,0
[2460] 2015/03/27 02:41:34.015 OS,9188,9188,0011491,S122811334,½²¦¼´Ü,0,0
[2460] 2015/03/27 02:41:34.015 TS,9188,9188,0259512,S122811334,½²¦¼´Ü,0,0
[2460] 2015/03/27 02:41:34.031 TF,F020000,000,9232116,S122811334,½²¦¼´Ü,0,0
[2460] 2015/03/27 02:41:34.031 OF,F020000,000,9232116,S122811334,½²¦¼´Ü,0,0
[2460] 2015/03/27 02:41:34.031 TF,F020000,000,9232129,S122811334,½²¦¼´Ü,0,0
[2460] 2015/03/27 02:41:34.031 OF,F020000,000,9232129,S122811334,½²¦¼´Ü,0,0
[2460] 2015/03/27 02:41:34.031 CALL SKOrderLib_ReadCertByID(S122811334)
[2460] 2015/03/27 02:41:34.203 CALL GetFutureRight(F0200009232116)
[2460] 2015/03/27 02:41:39.375 CALL GetOpenInterest(F0200009232116)
[1204] 2015/03/27 02:41:39.656 SKOrderLib ª©¥» 2.1.22
[1204] 2015/03/27 02:41:39.656 Login ID: S122811334
[1204] 2015/03/27 02:41:40.671 CALL RegisterOnAccountCallBack()
[1204] 2015/03/27 02:41:40.671 CALL RegisterOnOrderAsyncReportCallBack()
[1204] 2015/03/27 02:41:40.671 CALL RegisterOnAccountWithLoginIDCallBack()
[1204] 2015/03/27 02:41:40.671 CALL RegisterOnRealBalanceReportCallBack()
[1204] 2015/03/27 02:41:40.671 CALL RegisterOnOpenInterestCallBack()
[1204] 2015/03/27 02:41:40.671 CALL RegisterOnStopLossReportCallBack()
[1204] 2015/03/27 02:41:40.671 CALL RegisterOnOverseaFuturesCallBack()
[1204] 2015/03/27 02:41:40.671 CALL RegisterOnOverseaFutureOpenInterestCallBack()
[1204] 2015/03/27 02:41:40.671 CALL RegisterOnOverseaOptionsCallBack()
[1204] 2015/03/27 02:41:40.671 CALL RegisterOnFutureRightCallBack()
[1204] 2015/03/27 02:41:40.671 CALL RegisterOnCertCanceled()
[1204] 2015/03/27 02:41:40.671 CALL RegisterOnExecutionReportCallBack()
[1204] 2015/03/27 02:41:40.671 CALL GetUserAccount()
[1204] 2015/03/27 02:41:40.671 TS,9186,9186,0213851,S122811334,½²¦¼´Ü,0,0
[1204] 2015/03/27 02:41:40.671 OS,9188,9188,0011491,S122811334,½²¦¼´Ü,0,0
[1204] 2015/03/27 02:41:40.687 TS,9188,9188,0259512,S122811334,½²¦¼´Ü,0,0
[1204] 2015/03/27 02:41:40.687 TF,F020000,000,9232116,S122811334,½²¦¼´Ü,0,0
[1204] 2015/03/27 02:41:40.687 OF,F020000,000,9232116,S122811334,½²¦¼´Ü,0,0
[1204] 2015/03/27 02:41:40.687 TF,F020000,000,9232129,S122811334,½²¦¼´Ü,0,0
[1204] 2015/03/27 02:41:40.687 OF,F020000,000,9232129,S122811334,½²¦¼´Ü,0,0
[1204] 2015/03/27 02:41:40.687 CALL SKOrderLib_ReadCertByID(S122811334)
[1204] 2015/03/27 02:41:40.859 CALL GetFutureRight(F0200009232129)
[1204] 2015/03/27 02:41:46.015 CALL GetOpenInterest(F0200009232129)
[2460] 2015/03/27 02:41:54.437 CALL GetFutureRight(F0200009232116)
[2460] 2015/03/27 02:41:59.500 CALL GetOpenInterest(F0200009232116)
[1204] 2015/03/27 02:42:01.078 CALL GetFutureRight(F0200009232129)
[1204] 2015/03/27 02:42:06.140 CALL GetOpenInterest(F0200009232129)
[2460] 2015/03/27 02:42:09.437 CALL GetFutureRight(F0200009232116)
[2460] 2015/03/27 02:42:14.515 CALL GetOpenInterest(F0200009232116)
[1204] 2015/03/27 02:42:16.078 CALL GetFutureRight(F0200009232129)
[1204] 2015/03/27 02:42:21.125 CALL GetOpenInterest(F0200009232129)
[2460] 2015/03/27 02:42:24.453 CALL GetFutureRight(F0200009232116)
[2460] 2015/03/27 02:42:29.500 CALL GetOpenInterest(F0200009232116)
[1204] 2015/03/27 02:42:31.078 CALL GetFutureRight(F0200009232129)
[1204] 2015/03/27 02:42:36.140 CALL GetOpenInterest(F0200009232129)
[2460] 2015/03/27 02:42:39.453 CALL GetFutureRight(F0200009232116)
[2460] 2015/03/27 02:42:44.500 CALL GetOpenInterest(F0200009232116)
[1204] 2015/03/27 02:42:46.078 CALL GetFutureRight(F0200009232129)
[1204] 2015/03/27 02:42:51.140 CALL GetOpenInterest(F0200009232129)
[2460] 2015/03/27 02:42:54.453 CALL GetFutureRight(F0200009232116)
[2460] 2015/03/27 02:42:59.515 CALL GetOpenInterest(F0200009232116)
[1204] 2015/03/27 02:43:01.078 CALL GetFutureRight(F0200009232129)
[1204] 2015/03/27 02:43:06.140 CALL GetOpenInterest(F0200009232129)
[2460] 2015/03/27 02:43:09.453 CALL GetFutureRight(F0200009232116)
[2460] 2015/03/27 02:43:14.515 CALL GetOpenInterest(F0200009232116)
[1204] 2015/03/27 02:43:16.078 CALL GetFutureRight(F0200009232129)
[1204] 2015/03/27 02:43:21.125 CALL GetOpenInterest(F0200009232129)
[2460] 2015/03/27 02:43:24.453 CALL GetFutureRight(F0200009232116)
[2460] 2015/03/27 02:43:29.500 CALL GetOpenInterest(F0200009232116)
[1204] 2015/03/27 02:43:31.078 CALL GetFutureRight(F0200009232129)
[1204] 2015/03/27 02:43:36.140 CALL GetOpenInterest(F0200009232129)
[2460] 2015/03/27 02:43:39.453 CALL GetFutureRight(F0200009232116)
[2460] 2015/03/27 02:43:44.515 CALL GetOpenInterest(F0200009232116)
[1204] 2015/03/27 02:43:46.093 CALL GetFutureRight(F0200009232129)
[1188] 2015/03/27 02:46:35.250 SKOrderLib ª©¥» 2.1.22
[1188] 2015/03/27 02:46:35.250 Login ID: S122811334
[1188] 2015/03/27 02:46:36.281 CALL RegisterOnAccountCallBack()
[1188] 2015/03/27 02:46:36.281 CALL RegisterOnOrderAsyncReportCallBack()
[1188] 2015/03/27 02:46:36.281 CALL RegisterOnAccountWithLoginIDCallBack()
[1188] 2015/03/27 02:46:36.281 CALL RegisterOnRealBalanceReportCallBack()
[1188] 2015/03/27 02:46:36.281 CALL RegisterOnOpenInterestCallBack()
[1188] 2015/03/27 02:46:36.281 CALL RegisterOnStopLossReportCallBack()
[1188] 2015/03/27 02:46:36.281 CALL RegisterOnOverseaFuturesCallBack()
[1188] 2015/03/27 02:46:36.281 CALL RegisterOnOverseaFutureOpenInterestCallBack()
[1188] 2015/03/27 02:46:36.281 CALL RegisterOnOverseaOptionsCallBack()
[1188] 2015/03/27 02:46:36.281 CALL RegisterOnFutureRightCallBack()
[1188] 2015/03/27 02:46:36.281 CALL RegisterOnCertCanceled()
[1188] 2015/03/27 02:46:36.281 CALL RegisterOnExecutionReportCallBack()
[1188] 2015/03/27 02:46:36.281 CALL GetUserAccount()
[1188] 2015/03/27 02:46:36.281 TS,9186,9186,0213851,S122811334,½²¦¼´Ü,0,0
[1188] 2015/03/27 02:46:36.296 OS,9188,9188,0011491,S122811334,½²¦¼´Ü,0,0
[1188] 2015/03/27 02:46:36.296 TS,9188,9188,0259512,S122811334,½²¦¼´Ü,0,0
[1188] 2015/03/27 02:46:36.296 TF,F020000,000,9232116,S122811334,½²¦¼´Ü,0,0
[1188] 2015/03/27 02:46:36.296 OF,F020000,000,9232116,S122811334,½²¦¼´Ü,0,0
[1188] 2015/03/27 02:46:36.296 TF,F020000,000,9232129,S122811334,½²¦¼´Ü,0,0
[1188] 2015/03/27 02:46:36.296 OF,F020000,000,9232129,S122811334,½²¦¼´Ü,0,0
[1188] 2015/03/27 02:46:36.296 CALL SKOrderLib_ReadCertByID(S122811334)
[1188] 2015/03/27 02:46:36.562 CALL GetFutureRight(F0200009232116)
[1188] 2015/03/27 02:46:41.812 CALL GetOpenInterest(F0200009232116)
[2648] 2015/03/27 02:46:42.093 SKOrderLib ª©¥» 2.1.22
[2648] 2015/03/27 02:46:42.093 Login ID: S122811334
[2648] 2015/03/27 02:46:43.015 CALL RegisterOnAccountCallBack()
[2648] 2015/03/27 02:46:43.031 CALL RegisterOnOrderAsyncReportCallBack()
[2648] 2015/03/27 02:46:43.031 CALL RegisterOnAccountWithLoginIDCallBack()
[2648] 2015/03/27 02:46:43.031 CALL RegisterOnRealBalanceReportCallBack()
[2648] 2015/03/27 02:46:43.031 CALL RegisterOnOpenInterestCallBack()
[2648] 2015/03/27 02:46:43.031 CALL RegisterOnStopLossReportCallBack()
[2648] 2015/03/27 02:46:43.031 CALL RegisterOnOverseaFuturesCallBack()
[2648] 2015/03/27 02:46:43.031 CALL RegisterOnOverseaFutureOpenInterestCallBack()
[2648] 2015/03/27 02:46:43.031 CALL RegisterOnOverseaOptionsCallBack()
[2648] 2015/03/27 02:46:43.031 CALL RegisterOnFutureRightCallBack()
[2648] 2015/03/27 02:46:43.031 CALL RegisterOnCertCanceled()
[2648] 2015/03/27 02:46:43.031 CALL RegisterOnExecutionReportCallBack()
[2648] 2015/03/27 02:46:43.031 CALL GetUserAccount()
[2648] 2015/03/27 02:46:43.031 TS,9186,9186,0213851,S122811334,½²¦¼´Ü,0,0
[2648] 2015/03/27 02:46:43.031 OS,9188,9188,0011491,S122811334,½²¦¼´Ü,0,0
[2648] 2015/03/27 02:46:43.031 TS,9188,9188,0259512,S122811334,½²¦¼´Ü,0,0
[2648] 2015/03/27 02:46:43.031 TF,F020000,000,9232116,S122811334,½²¦¼´Ü,0,0
[2648] 2015/03/27 02:46:43.031 OF,F020000,000,9232116,S122811334,½²¦¼´Ü,0,0
[2648] 2015/03/27 02:46:43.031 TF,F020000,000,9232129,S122811334,½²¦¼´Ü,0,0
[2648] 2015/03/27 02:46:43.046 OF,F020000,000,9232129,S122811334,½²¦¼´Ü,0,0
[2648] 2015/03/27 02:46:43.046 CALL SKOrderLib_ReadCertByID(S122811334)
[2648] 2015/03/27 02:46:43.218 CALL GetFutureRight(F0200009232129)
[2648] 2015/03/27 02:46:48.375 CALL GetOpenInterest(F0200009232129)
[1188] 2015/03/27 02:46:56.859 CALL GetFutureRight(F0200009232116)
[1188] 2015/03/27 02:47:01.921 CALL GetOpenInterest(F0200009232116)
[2648] 2015/03/27 02:47:03.421 CALL GetFutureRight(F0200009232129)
[2648] 2015/03/27 02:47:08.515 CALL GetOpenInterest(F0200009232129)
[1188] 2015/03/27 02:47:11.859 CALL GetFutureRight(F0200009232116)
[1188] 2015/03/27 02:47:16.906 CALL GetOpenInterest(F0200009232116)
[2648] 2015/03/27 02:47:18.421 CALL GetFutureRight(F0200009232129)
[2648] 2015/03/27 02:47:23.500 CALL GetOpenInterest(F0200009232129)
[1188] 2015/03/27 02:47:26.859 CALL GetFutureRight(F0200009232116)
[1188] 2015/03/27 02:47:31.921 CALL GetOpenInterest(F0200009232116)
[2648] 2015/03/27 02:47:33.421 CALL GetFutureRight(F0200009232129)
[2648] 2015/03/27 02:47:38.500 CALL GetOpenInterest(F0200009232129)
[1188] 2015/03/27 02:47:41.859 CALL GetFutureRight(F0200009232116)
[1188] 2015/03/27 02:47:46.921 CALL GetOpenInterest(F0200009232116)
[2648] 2015/03/27 02:47:48.421 CALL GetFutureRight(F0200009232129)
[1920] 2015/03/27 02:50:34.109 SKOrderLib ª©¥» 2.1.22
[1920] 2015/03/27 02:50:34.109 Login ID: S122811334
[1920] 2015/03/27 02:50:34.937 CALL RegisterOnAccountCallBack()
[1920] 2015/03/27 02:50:34.937 CALL RegisterOnOrderAsyncReportCallBack()
[1920] 2015/03/27 02:50:34.937 CALL RegisterOnAccountWithLoginIDCallBack()
[1920] 2015/03/27 02:50:34.937 CALL RegisterOnRealBalanceReportCallBack()
[1920] 2015/03/27 02:50:34.937 CALL RegisterOnOpenInterestCallBack()
[1920] 2015/03/27 02:50:34.937 CALL RegisterOnStopLossReportCallBack()
[1920] 2015/03/27 02:50:34.937 CALL RegisterOnOverseaFuturesCallBack()
[1920] 2015/03/27 02:50:34.937 CALL RegisterOnOverseaFutureOpenInterestCallBack()
[1920] 2015/03/27 02:50:34.937 CALL RegisterOnOverseaOptionsCallBack()
[1920] 2015/03/27 02:50:34.937 CALL RegisterOnFutureRightCallBack()
[1920] 2015/03/27 02:50:34.937 CALL RegisterOnCertCanceled()
[1920] 2015/03/27 02:50:34.937 CALL RegisterOnExecutionReportCallBack()
[1920] 2015/03/27 02:50:34.937 CALL GetUserAccount()
[1920] 2015/03/27 02:50:34.937 TS,9186,9186,0213851,S122811334,½²¦¼´Ü,0,0
[1920] 2015/03/27 02:50:34.953 OS,9188,9188,0011491,S122811334,½²¦¼´Ü,0,0
[1920] 2015/03/27 02:50:34.953 TS,9188,9188,0259512,S122811334,½²¦¼´Ü,0,0
[1920] 2015/03/27 02:50:34.953 TF,F020000,000,9232116,S122811334,½²¦¼´Ü,0,0
[1920] 2015/03/27 02:50:34.953 OF,F020000,000,9232116,S122811334,½²¦¼´Ü,0,0
[1920] 2015/03/27 02:50:34.953 TF,F020000,000,9232129,S122811334,½²¦¼´Ü,0,0
[1920] 2015/03/27 02:50:34.953 OF,F020000,000,9232129,S122811334,½²¦¼´Ü,0,0
[1920] 2015/03/27 02:50:34.953 CALL SKOrderLib_ReadCertByID(S122811334)
[1920] 2015/03/27 02:50:35.125 CALL GetFutureRight(F0200009232116)
[1920] 2015/03/27 02:50:40.484 CALL GetOpenInterest(F0200009232116)
[3816] 2015/03/27 02:50:40.765 SKOrderLib ª©¥» 2.1.22
[3816] 2015/03/27 02:50:40.765 Login ID: S122811334
[3816] 2015/03/27 02:50:41.718 CALL RegisterOnAccountCallBack()
[3816] 2015/03/27 02:50:41.718 CALL RegisterOnOrderAsyncReportCallBack()
[3816] 2015/03/27 02:50:41.718 CALL RegisterOnAccountWithLoginIDCallBack()
[3816] 2015/03/27 02:50:41.718 CALL RegisterOnRealBalanceReportCallBack()
[3816] 2015/03/27 02:50:41.718 CALL RegisterOnOpenInterestCallBack()
[3816] 2015/03/27 02:50:41.718 CALL RegisterOnStopLossReportCallBack()
[3816] 2015/03/27 02:50:41.718 CALL RegisterOnOverseaFuturesCallBack()
[3816] 2015/03/27 02:50:41.718 CALL RegisterOnOverseaFutureOpenInterestCallBack()
[3816] 2015/03/27 02:50:41.718 CALL RegisterOnOverseaOptionsCallBack()
[3816] 2015/03/27 02:50:41.718 CALL RegisterOnFutureRightCallBack()
[3816] 2015/03/27 02:50:41.718 CALL RegisterOnCertCanceled()
[3816] 2015/03/27 02:50:41.718 CALL RegisterOnExecutionReportCallBack()
[3816] 2015/03/27 02:50:41.718 CALL GetUserAccount()
[3816] 2015/03/27 02:50:41.734 TS,9186,9186,0213851,S122811334,½²¦¼´Ü,0,0
[3816] 2015/03/27 02:50:41.734 OS,9188,9188,0011491,S122811334,½²¦¼´Ü,0,0
[3816] 2015/03/27 02:50:41.734 TS,9188,9188,0259512,S122811334,½²¦¼´Ü,0,0
[3816] 2015/03/27 02:50:41.734 TF,F020000,000,9232116,S122811334,½²¦¼´Ü,0,0
[3816] 2015/03/27 02:50:41.734 OF,F020000,000,9232116,S122811334,½²¦¼´Ü,0,0
[3816] 2015/03/27 02:50:41.734 TF,F020000,000,9232129,S122811334,½²¦¼´Ü,0,0
[3816] 2015/03/27 02:50:41.734 OF,F020000,000,9232129,S122811334,½²¦¼´Ü,0,0
[3816] 2015/03/27 02:50:41.734 CALL SKOrderLib_ReadCertByID(S122811334)
[3816] 2015/03/27 02:50:41.906 CALL GetFutureRight(F0200009232129)
[3816] 2015/03/27 02:50:47.062 CALL GetOpenInterest(F0200009232129)
[1920] 2015/03/27 02:50:55.531 CALL GetFutureRight(F0200009232116)
[1920] 2015/03/27 02:51:00.578 CALL GetOpenInterest(F0200009232116)
[3816] 2015/03/27 02:51:02.109 CALL GetFutureRight(F0200009232129)
[3816] 2015/03/27 02:51:07.171 CALL GetOpenInterest(F0200009232129)
[1920] 2015/03/27 02:51:10.531 CALL GetFutureRight(F0200009232116)
[1920] 2015/03/27 02:51:15.593 CALL GetOpenInterest(F0200009232116)
[3816] 2015/03/27 02:51:17.109 CALL GetFutureRight(F0200009232129)
[3816] 2015/03/27 02:51:22.156 CALL GetOpenInterest(F0200009232129)
[1920] 2015/03/27 02:51:25.531 CALL GetFutureRight(F0200009232116)
[1920] 2015/03/27 02:51:30.578 CALL GetOpenInterest(F0200009232116)
[3816] 2015/03/27 02:51:32.109 CALL GetFutureRight(F0200009232129)
[3816] 2015/03/27 02:51:37.171 CALL GetOpenInterest(F0200009232129)
[1920] 2015/03/27 02:51:40.531 CALL GetFutureRight(F0200009232116)
[1920] 2015/03/27 02:51:45.578 CALL GetOpenInterest(F0200009232116)
