[2144] 2015/04/12 20:54:37.437 SKOrderLib ª©¥» 2.1.22
[2144] 2015/04/12 20:54:37.437 Login ID: S122811334
[2144] 2015/04/12 20:54:38.390 CALL RegisterOnAccountCallBack()
[2144] 2015/04/12 20:54:38.390 CALL RegisterOnOrderAsyncReportCallBack()
[2144] 2015/04/12 20:54:38.390 CALL RegisterOnAccountWithLoginIDCallBack()
[2144] 2015/04/12 20:54:38.390 CALL RegisterOnRealBalanceReportCallBack()
[2144] 2015/04/12 20:54:38.390 CALL RegisterOnOpenInterestCallBack()
[2144] 2015/04/12 20:54:38.390 CALL RegisterOnStopLossReportCallBack()
[2144] 2015/04/12 20:54:38.390 CALL RegisterOnOverseaFuturesCallBack()
[2144] 2015/04/12 20:54:38.406 CALL RegisterOnOverseaFutureOpenInterestCallBack()
[2144] 2015/04/12 20:54:38.406 CALL RegisterOnOverseaOptionsCallBack()
[2144] 2015/04/12 20:54:38.406 CALL RegisterOnFutureRightCallBack()
[2144] 2015/04/12 20:54:38.406 CALL RegisterOnCertCanceled()
[2144] 2015/04/12 20:54:38.406 CALL RegisterOnExecutionReportCallBack()
[2144] 2015/04/12 20:54:38.406 CALL GetUserAccount()
[2144] 2015/04/12 20:54:38.406 TS,9186,9186,0213851,S122811334,½²¦¼´Ü,0,0
[2144] 2015/04/12 20:54:38.406 OS,9188,9188,0011491,S122811334,½²¦¼´Ü,0,0
[2144] 2015/04/12 20:54:38.406 TS,9188,9188,0259512,S122811334,½²¦¼´Ü,0,0
[2144] 2015/04/12 20:54:38.406 TF,F020000,000,9232116,S122811334,½²¦¼´Ü,0,0
[2144] 2015/04/12 20:54:38.406 OF,F020000,000,9232116,S122811334,½²¦¼´Ü,0,0
[2144] 2015/04/12 20:54:38.406 TF,F020000,000,9232129,S122811334,½²¦¼´Ü,0,0
[2144] 2015/04/12 20:54:38.406 OF,F020000,000,9232129,S122811334,½²¦¼´Ü,0,0
[2144] 2015/04/12 20:54:38.421 CALL SKOrderLib_ReadCertByID(S122811334)
[2144] 2015/04/12 20:54:38.718 CALL GetFutureRight(F0200009232116)
[2144] 2015/04/12 20:54:43.968 CALL GetOpenInterest(F0200009232116)
[528] 2015/04/12 20:54:44.250 SKOrderLib ª©¥» 2.1.22
[528] 2015/04/12 20:54:44.250 Login ID: S122811334
[528] 2015/04/12 20:54:45.093 CALL RegisterOnAccountCallBack()
[528] 2015/04/12 20:54:45.093 CALL RegisterOnOrderAsyncReportCallBack()
[528] 2015/04/12 20:54:45.093 CALL RegisterOnAccountWithLoginIDCallBack()
[528] 2015/04/12 20:54:45.093 CALL RegisterOnRealBalanceReportCallBack()
[528] 2015/04/12 20:54:45.093 CALL RegisterOnOpenInterestCallBack()
[528] 2015/04/12 20:54:45.093 CALL RegisterOnStopLossReportCallBack()
[528] 2015/04/12 20:54:45.093 CALL RegisterOnOverseaFuturesCallBack()
[528] 2015/04/12 20:54:45.093 CALL RegisterOnOverseaFutureOpenInterestCallBack()
[528] 2015/04/12 20:54:45.093 CALL RegisterOnOverseaOptionsCallBack()
[528] 2015/04/12 20:54:45.093 CALL RegisterOnFutureRightCallBack()
[528] 2015/04/12 20:54:45.093 CALL RegisterOnCertCanceled()
[528] 2015/04/12 20:54:45.093 CALL RegisterOnExecutionReportCallBack()
[528] 2015/04/12 20:54:45.093 CALL GetUserAccount()
[528] 2015/04/12 20:54:45.093 TS,9186,9186,0213851,S122811334,½²¦¼´Ü,0,0
[528] 2015/04/12 20:54:45.093 OS,9188,9188,0011491,S122811334,½²¦¼´Ü,0,0
[528] 2015/04/12 20:54:45.093 TS,9188,9188,0259512,S122811334,½²¦¼´Ü,0,0
[528] 2015/04/12 20:54:45.093 TF,F020000,000,9232116,S122811334,½²¦¼´Ü,0,0
[528] 2015/04/12 20:54:45.109 OF,F020000,000,9232116,S122811334,½²¦¼´Ü,0,0
[528] 2015/04/12 20:54:45.109 TF,F020000,000,9232129,S122811334,½²¦¼´Ü,0,0
[528] 2015/04/12 20:54:45.109 OF,F020000,000,9232129,S122811334,½²¦¼´Ü,0,0
[528] 2015/04/12 20:54:45.109 CALL SKOrderLib_ReadCertByID(S122811334)
[528] 2015/04/12 20:54:45.281 CALL GetFutureRight(F0200009232129)
[528] 2015/04/12 20:54:50.421 CALL GetOpenInterest(F0200009232129)
[2144] 2015/04/12 20:54:59.015 CALL GetFutureRight(F0200009232116)
[2144] 2015/04/12 20:55:04.062 CALL GetOpenInterest(F0200009232116)
[528] 2015/04/12 20:55:05.468 CALL GetFutureRight(F0200009232129)
[528] 2015/04/12 20:55:10.531 CALL GetOpenInterest(F0200009232129)
[2144] 2015/04/12 20:55:14.015 CALL GetFutureRight(F0200009232116)
[2144] 2015/04/12 20:55:19.078 CALL GetOpenInterest(F0200009232116)
[528] 2015/04/12 20:55:20.468 CALL GetFutureRight(F0200009232129)
[528] 2015/04/12 20:55:25.531 CALL GetOpenInterest(F0200009232129)
[2144] 2015/04/12 20:55:29.031 CALL GetFutureRight(F0200009232116)
[2144] 2015/04/12 20:55:34.093 CALL GetOpenInterest(F0200009232116)
[528] 2015/04/12 20:55:35.468 CALL GetFutureRight(F0200009232129)
[528] 2015/04/12 20:55:40.531 CALL GetOpenInterest(F0200009232129)
[2144] 2015/04/12 20:55:44.015 CALL GetFutureRight(F0200009232116)
[2144] 2015/04/12 20:55:49.078 CALL GetOpenInterest(F0200009232116)
[528] 2015/04/12 20:55:50.468 CALL GetFutureRight(F0200009232129)
[528] 2015/04/12 20:55:55.515 CALL GetOpenInterest(F0200009232129)
[2144] 2015/04/12 20:55:59.015 CALL GetFutureRight(F0200009232116)
[2144] 2015/04/12 20:56:04.078 CALL GetOpenInterest(F0200009232116)
[528] 2015/04/12 20:56:05.468 CALL GetFutureRight(F0200009232129)
[528] 2015/04/12 20:56:10.531 CALL GetOpenInterest(F0200009232129)
[2144] 2015/04/12 20:56:14.015 CALL GetFutureRight(F0200009232116)
[2144] 2015/04/12 20:56:19.109 CALL GetOpenInterest(F0200009232116)
[528] 2015/04/12 20:56:20.468 CALL GetFutureRight(F0200009232129)
[528] 2015/04/12 20:56:25.515 CALL GetOpenInterest(F0200009232129)
[2144] 2015/04/12 20:56:29.015 CALL GetFutureRight(F0200009232116)
[2144] 2015/04/12 20:56:34.093 CALL GetOpenInterest(F0200009232116)
[528] 2015/04/12 20:56:35.468 CALL GetFutureRight(F0200009232129)
[528] 2015/04/12 20:56:40.515 CALL GetOpenInterest(F0200009232129)
[2144] 2015/04/12 20:56:44.015 CALL GetFutureRight(F0200009232116)
[2144] 2015/04/12 20:56:49.078 CALL GetOpenInterest(F0200009232116)
[528] 2015/04/12 20:56:50.468 CALL GetFutureRight(F0200009232129)
[528] 2015/04/12 20:56:55.515 CALL GetOpenInterest(F0200009232129)
[2144] 2015/04/12 20:56:59.015 CALL GetFutureRight(F0200009232116)
[2144] 2015/04/12 20:57:04.078 CALL GetOpenInterest(F0200009232116)
[528] 2015/04/12 20:57:05.468 CALL GetFutureRight(F0200009232129)
[528] 2015/04/12 20:57:10.515 CALL GetOpenInterest(F0200009232129)
[2144] 2015/04/12 20:57:14.015 CALL GetFutureRight(F0200009232116)
[2144] 2015/04/12 20:57:19.109 CALL GetOpenInterest(F0200009232116)
[528] 2015/04/12 20:57:20.468 CALL GetFutureRight(F0200009232129)
[528] 2015/04/12 20:57:25.515 CALL GetOpenInterest(F0200009232129)
[2144] 2015/04/12 20:57:29.015 CALL GetFutureRight(F0200009232116)
[2144] 2015/04/12 20:57:34.078 CALL GetOpenInterest(F0200009232116)
[528] 2015/04/12 20:57:35.468 CALL GetFutureRight(F0200009232129)
[528] 2015/04/12 20:57:40.531 CALL GetOpenInterest(F0200009232129)
[2144] 2015/04/12 20:57:44.015 CALL GetFutureRight(F0200009232116)
[2144] 2015/04/12 20:57:49.125 CALL GetOpenInterest(F0200009232116)
[528] 2015/04/12 20:57:50.468 CALL GetFutureRight(F0200009232129)
[528] 2015/04/12 20:57:55.515 CALL GetOpenInterest(F0200009232129)
[2144] 2015/04/12 20:57:59.015 CALL GetFutureRight(F0200009232116)
[2144] 2015/04/12 20:58:04.093 CALL GetOpenInterest(F0200009232116)
[528] 2015/04/12 20:58:05.468 CALL GetFutureRight(F0200009232129)
[528] 2015/04/12 20:58:10.515 CALL GetOpenInterest(F0200009232129)
[2144] 2015/04/12 20:58:14.015 CALL GetFutureRight(F0200009232116)
[2144] 2015/04/12 20:58:19.093 CALL GetOpenInterest(F0200009232116)
[528] 2015/04/12 20:58:20.468 CALL GetFutureRight(F0200009232129)
[528] 2015/04/12 20:58:25.515 CALL GetOpenInterest(F0200009232129)
[2144] 2015/04/12 20:58:29.015 CALL GetFutureRight(F0200009232116)
[2144] 2015/04/12 20:58:34.078 CALL GetOpenInterest(F0200009232116)
[528] 2015/04/12 20:58:35.468 CALL GetFutureRight(F0200009232129)
[528] 2015/04/12 20:58:40.531 CALL GetOpenInterest(F0200009232129)
[2144] 2015/04/12 20:58:44.015 CALL GetFutureRight(F0200009232116)
[2144] 2015/04/12 20:58:49.078 CALL GetOpenInterest(F0200009232116)
[528] 2015/04/12 20:58:50.468 CALL GetFutureRight(F0200009232129)
[528] 2015/04/12 20:58:55.531 CALL GetOpenInterest(F0200009232129)
[2144] 2015/04/12 20:58:59.015 CALL GetFutureRight(F0200009232116)
[2144] 2015/04/12 20:59:04.078 CALL GetOpenInterest(F0200009232116)
[528] 2015/04/12 20:59:05.468 CALL GetFutureRight(F0200009232129)
[5284] 2015/04/12 21:02:50.375 SKOrderLib ª©¥» 2.1.22
[5284] 2015/04/12 21:02:50.390 Login ID: S122811334
[5284] 2015/04/12 21:02:51.156 CALL RegisterOnAccountCallBack()
[5284] 2015/04/12 21:02:51.156 CALL RegisterOnOrderAsyncReportCallBack()
[5284] 2015/04/12 21:02:51.156 CALL RegisterOnAccountWithLoginIDCallBack()
[5284] 2015/04/12 21:02:51.156 CALL RegisterOnRealBalanceReportCallBack()
[5284] 2015/04/12 21:02:51.156 CALL RegisterOnOpenInterestCallBack()
[5284] 2015/04/12 21:02:51.156 CALL RegisterOnStopLossReportCallBack()
[5284] 2015/04/12 21:02:51.156 CALL RegisterOnOverseaFuturesCallBack()
[5284] 2015/04/12 21:02:51.156 CALL RegisterOnOverseaFutureOpenInterestCallBack()
[5284] 2015/04/12 21:02:51.156 CALL RegisterOnOverseaOptionsCallBack()
[5284] 2015/04/12 21:02:51.156 CALL RegisterOnFutureRightCallBack()
[5284] 2015/04/12 21:02:51.156 CALL RegisterOnCertCanceled()
[5284] 2015/04/12 21:02:51.156 CALL RegisterOnExecutionReportCallBack()
[5284] 2015/04/12 21:02:51.156 CALL GetUserAccount()
[5284] 2015/04/12 21:02:51.156 TS,9186,9186,0213851,S122811334,½²¦¼´Ü,0,0
[5284] 2015/04/12 21:02:51.171 OS,9188,9188,0011491,S122811334,½²¦¼´Ü,0,0
[5284] 2015/04/12 21:02:51.171 TS,9188,9188,0259512,S122811334,½²¦¼´Ü,0,0
[5284] 2015/04/12 21:02:51.171 TF,F020000,000,9232116,S122811334,½²¦¼´Ü,0,0
[5284] 2015/04/12 21:02:51.171 OF,F020000,000,9232116,S122811334,½²¦¼´Ü,0,0
[5284] 2015/04/12 21:02:51.171 TF,F020000,000,9232129,S122811334,½²¦¼´Ü,0,0
[5284] 2015/04/12 21:02:51.171 OF,F020000,000,9232129,S122811334,½²¦¼´Ü,0,0
[5284] 2015/04/12 21:02:51.171 CALL SKOrderLib_ReadCertByID(S122811334)
[5284] 2015/04/12 21:02:51.359 CALL GetFutureRight(F0200009232116)
[5284] 2015/04/12 21:02:56.515 CALL GetOpenInterest(F0200009232116)
[4192] 2015/04/12 21:02:56.875 SKOrderLib ª©¥» 2.1.22
[4192] 2015/04/12 21:02:56.875 Login ID: S122811334
[4192] 2015/04/12 21:02:57.796 CALL RegisterOnAccountCallBack()
[4192] 2015/04/12 21:02:57.796 CALL RegisterOnOrderAsyncReportCallBack()
[4192] 2015/04/12 21:02:57.796 CALL RegisterOnAccountWithLoginIDCallBack()
[4192] 2015/04/12 21:02:57.796 CALL RegisterOnRealBalanceReportCallBack()
[4192] 2015/04/12 21:02:57.796 CALL RegisterOnOpenInterestCallBack()
[4192] 2015/04/12 21:02:57.796 CALL RegisterOnStopLossReportCallBack()
[4192] 2015/04/12 21:02:57.796 CALL RegisterOnOverseaFuturesCallBack()
[4192] 2015/04/12 21:02:57.796 CALL RegisterOnOverseaFutureOpenInterestCallBack()
[4192] 2015/04/12 21:02:57.796 CALL RegisterOnOverseaOptionsCallBack()
[4192] 2015/04/12 21:02:57.796 CALL RegisterOnFutureRightCallBack()
[4192] 2015/04/12 21:02:57.796 CALL RegisterOnCertCanceled()
[4192] 2015/04/12 21:02:57.796 CALL RegisterOnExecutionReportCallBack()
[4192] 2015/04/12 21:02:57.796 CALL GetUserAccount()
[4192] 2015/04/12 21:02:57.796 TS,9186,9186,0213851,S122811334,½²¦¼´Ü,0,0
[4192] 2015/04/12 21:02:57.812 OS,9188,9188,0011491,S122811334,½²¦¼´Ü,0,0
[4192] 2015/04/12 21:02:57.812 TS,9188,9188,0259512,S122811334,½²¦¼´Ü,0,0
[4192] 2015/04/12 21:02:57.812 TF,F020000,000,9232116,S122811334,½²¦¼´Ü,0,0
[4192] 2015/04/12 21:02:57.812 OF,F020000,000,9232116,S122811334,½²¦¼´Ü,0,0
[4192] 2015/04/12 21:02:57.812 TF,F020000,000,9232129,S122811334,½²¦¼´Ü,0,0
[4192] 2015/04/12 21:02:57.812 OF,F020000,000,9232129,S122811334,½²¦¼´Ü,0,0
[4192] 2015/04/12 21:02:57.828 CALL SKOrderLib_ReadCertByID(S122811334)
[4192] 2015/04/12 21:02:58.015 CALL GetFutureRight(F0200009232129)
[4192] 2015/04/12 21:03:03.281 CALL GetOpenInterest(F0200009232129)
[5284] 2015/04/12 21:03:11.578 CALL GetFutureRight(F0200009232116)
[5284] 2015/04/12 21:03:16.625 CALL GetOpenInterest(F0200009232116)
[4192] 2015/04/12 21:03:18.328 CALL GetFutureRight(F0200009232129)
[4192] 2015/04/12 21:03:23.406 CALL GetOpenInterest(F0200009232129)
[5284] 2015/04/12 21:03:26.578 CALL GetFutureRight(F0200009232116)
[5284] 2015/04/12 21:03:31.640 CALL GetOpenInterest(F0200009232116)
[4192] 2015/04/12 21:03:33.328 CALL GetFutureRight(F0200009232129)
[4192] 2015/04/12 21:03:38.375 CALL GetOpenInterest(F0200009232129)
[5284] 2015/04/12 21:03:41.578 CALL GetFutureRight(F0200009232116)
[5284] 2015/04/12 21:03:46.625 CALL GetOpenInterest(F0200009232116)
[4192] 2015/04/12 21:03:48.328 CALL GetFutureRight(F0200009232129)
[4192] 2015/04/12 21:03:53.375 CALL GetOpenInterest(F0200009232129)
[5284] 2015/04/12 21:03:56.578 CALL GetFutureRight(F0200009232116)
[5284] 2015/04/12 21:04:01.640 CALL GetOpenInterest(F0200009232116)
[4192] 2015/04/12 21:04:03.328 CALL GetFutureRight(F0200009232129)
[4192] 2015/04/12 21:04:08.390 CALL GetOpenInterest(F0200009232129)
[5284] 2015/04/12 21:04:11.578 CALL GetFutureRight(F0200009232116)
[5284] 2015/04/12 21:04:16.625 CALL GetOpenInterest(F0200009232116)
[4192] 2015/04/12 21:04:18.328 CALL GetFutureRight(F0200009232129)
[4192] 2015/04/12 21:04:23.390 CALL GetOpenInterest(F0200009232129)
[5284] 2015/04/12 21:04:26.578 CALL GetFutureRight(F0200009232116)
[5284] 2015/04/12 21:04:31.625 CALL GetOpenInterest(F0200009232116)
[4192] 2015/04/12 21:04:33.328 CALL GetFutureRight(F0200009232129)
[4192] 2015/04/12 21:04:38.375 CALL GetOpenInterest(F0200009232129)
[5284] 2015/04/12 21:04:41.578 CALL GetFutureRight(F0200009232116)
[5284] 2015/04/12 21:04:46.640 CALL GetOpenInterest(F0200009232116)
[4192] 2015/04/12 21:04:48.328 CALL GetFutureRight(F0200009232129)
[4192] 2015/04/12 21:04:53.390 CALL GetOpenInterest(F0200009232129)
[5284] 2015/04/12 21:04:56.578 CALL GetFutureRight(F0200009232116)
[5284] 2015/04/12 21:05:01.640 CALL GetOpenInterest(F0200009232116)
[4192] 2015/04/12 21:05:03.328 CALL GetFutureRight(F0200009232129)
[4192] 2015/04/12 21:05:08.390 CALL GetOpenInterest(F0200009232129)
[5284] 2015/04/12 21:05:11.578 CALL GetFutureRight(F0200009232116)
[5284] 2015/04/12 21:05:16.625 CALL GetOpenInterest(F0200009232116)
[4192] 2015/04/12 21:05:18.328 CALL GetFutureRight(F0200009232129)
[4192] 2015/04/12 21:05:23.390 CALL GetOpenInterest(F0200009232129)
[5284] 2015/04/12 21:05:26.578 CALL GetFutureRight(F0200009232116)
[5284] 2015/04/12 21:05:31.625 CALL GetOpenInterest(F0200009232116)
[4192] 2015/04/12 21:05:33.328 CALL GetFutureRight(F0200009232129)
[4192] 2015/04/12 21:05:38.375 CALL GetOpenInterest(F0200009232129)
[5284] 2015/04/12 21:05:41.578 CALL GetFutureRight(F0200009232116)
[5284] 2015/04/12 21:05:46.640 CALL GetOpenInterest(F0200009232116)
[4192] 2015/04/12 21:05:48.328 CALL GetFutureRight(F0200009232129)
[4192] 2015/04/12 21:05:53.375 CALL GetOpenInterest(F0200009232129)
[5284] 2015/04/12 21:05:56.578 CALL GetFutureRight(F0200009232116)
[5284] 2015/04/12 21:06:01.640 CALL GetOpenInterest(F0200009232116)
[4192] 2015/04/12 21:06:03.328 CALL GetFutureRight(F0200009232129)
[4192] 2015/04/12 21:06:08.375 CALL GetOpenInterest(F0200009232129)
[5284] 2015/04/12 21:06:11.578 CALL GetFutureRight(F0200009232116)
[5284] 2015/04/12 21:06:16.625 CALL GetOpenInterest(F0200009232116)
[4192] 2015/04/12 21:06:18.328 CALL GetFutureRight(F0200009232129)
[4192] 2015/04/12 21:06:23.390 CALL GetOpenInterest(F0200009232129)
[5284] 2015/04/12 21:06:26.578 CALL GetFutureRight(F0200009232116)
[5284] 2015/04/12 21:06:31.640 CALL GetOpenInterest(F0200009232116)
[4192] 2015/04/12 21:06:33.328 CALL GetFutureRight(F0200009232129)
[4192] 2015/04/12 21:06:38.390 CALL GetOpenInterest(F0200009232129)
[5284] 2015/04/12 21:06:41.578 CALL GetFutureRight(F0200009232116)
[5284] 2015/04/12 21:06:46.640 CALL GetOpenInterest(F0200009232116)
[4192] 2015/04/12 21:06:48.328 CALL GetFutureRight(F0200009232129)
[4192] 2015/04/12 21:06:53.390 CALL GetOpenInterest(F0200009232129)
[5284] 2015/04/12 21:06:56.578 CALL GetFutureRight(F0200009232116)
[5284] 2015/04/12 21:07:01.640 CALL GetOpenInterest(F0200009232116)
[4192] 2015/04/12 21:07:03.328 CALL GetFutureRight(F0200009232129)
[4192] 2015/04/12 21:07:08.390 CALL GetOpenInterest(F0200009232129)
[5284] 2015/04/12 21:07:11.578 CALL GetFutureRight(F0200009232116)
[5284] 2015/04/12 21:07:16.640 CALL GetOpenInterest(F0200009232116)
[4192] 2015/04/12 21:07:18.328 CALL GetFutureRight(F0200009232129)
[4192] 2015/04/12 21:07:23.375 CALL GetOpenInterest(F0200009232129)
[5284] 2015/04/12 21:07:26.578 CALL GetFutureRight(F0200009232116)
[5284] 2015/04/12 21:07:31.640 CALL GetOpenInterest(F0200009232116)
[4192] 2015/04/12 21:07:33.328 CALL GetFutureRight(F0200009232129)
[4192] 2015/04/12 21:07:38.375 CALL GetOpenInterest(F0200009232129)
[5284] 2015/04/12 21:07:41.578 CALL GetFutureRight(F0200009232116)
[5284] 2015/04/12 21:07:46.640 CALL GetOpenInterest(F0200009232116)
[4192] 2015/04/12 21:07:48.328 CALL GetFutureRight(F0200009232129)
[4192] 2015/04/12 21:07:53.375 CALL GetOpenInterest(F0200009232129)
[5284] 2015/04/12 21:07:56.578 CALL GetFutureRight(F0200009232116)
[5284] 2015/04/12 21:08:01.625 CALL GetOpenInterest(F0200009232116)
[5532] 2015/04/12 21:13:57.812 SKOrderLib ª©¥» 2.1.22
[5532] 2015/04/12 21:13:57.812 Login ID: S122811334
[5532] 2015/04/12 21:13:58.734 CALL RegisterOnAccountCallBack()
[5532] 2015/04/12 21:13:58.734 CALL RegisterOnOrderAsyncReportCallBack()
[5532] 2015/04/12 21:13:58.734 CALL RegisterOnAccountWithLoginIDCallBack()
[5532] 2015/04/12 21:13:58.734 CALL RegisterOnRealBalanceReportCallBack()
[5532] 2015/04/12 21:13:58.734 CALL RegisterOnOpenInterestCallBack()
[5532] 2015/04/12 21:13:58.734 CALL RegisterOnStopLossReportCallBack()
[5532] 2015/04/12 21:13:58.734 CALL RegisterOnOverseaFuturesCallBack()
[5532] 2015/04/12 21:13:58.734 CALL RegisterOnOverseaFutureOpenInterestCallBack()
[5532] 2015/04/12 21:13:58.734 CALL RegisterOnOverseaOptionsCallBack()
[5532] 2015/04/12 21:13:58.750 CALL RegisterOnFutureRightCallBack()
[5532] 2015/04/12 21:13:58.750 CALL RegisterOnCertCanceled()
[5532] 2015/04/12 21:13:58.750 CALL RegisterOnExecutionReportCallBack()
[5532] 2015/04/12 21:13:58.750 CALL GetUserAccount()
[5532] 2015/04/12 21:13:58.750 TS,9186,9186,0213851,S122811334,½²¦¼´Ü,0,0
[5532] 2015/04/12 21:13:58.750 OS,9188,9188,0011491,S122811334,½²¦¼´Ü,0,0
[5532] 2015/04/12 21:13:58.750 TS,9188,9188,0259512,S122811334,½²¦¼´Ü,0,0
[5532] 2015/04/12 21:13:58.750 TF,F020000,000,9232116,S122811334,½²¦¼´Ü,0,0
[5532] 2015/04/12 21:13:58.750 OF,F020000,000,9232116,S122811334,½²¦¼´Ü,0,0
[5532] 2015/04/12 21:13:58.750 TF,F020000,000,9232129,S122811334,½²¦¼´Ü,0,0
[5532] 2015/04/12 21:13:58.750 OF,F020000,000,9232129,S122811334,½²¦¼´Ü,0,0
[5532] 2015/04/12 21:13:58.750 CALL SKOrderLib_ReadCertByID(S122811334)
[5532] 2015/04/12 21:13:59.031 CALL GetFutureRight(F0200009232116)
[5532] 2015/04/12 21:14:04.281 CALL GetOpenInterest(F0200009232116)
[5556] 2015/04/12 21:14:04.562 SKOrderLib ª©¥» 2.1.22
[5556] 2015/04/12 21:14:04.562 Login ID: S122811334
[5556] 2015/04/12 21:14:05.390 CALL RegisterOnAccountCallBack()
[5556] 2015/04/12 21:14:05.390 CALL RegisterOnOrderAsyncReportCallBack()
[5556] 2015/04/12 21:14:05.390 CALL RegisterOnAccountWithLoginIDCallBack()
[5556] 2015/04/12 21:14:05.390 CALL RegisterOnRealBalanceReportCallBack()
[5556] 2015/04/12 21:14:05.390 CALL RegisterOnOpenInterestCallBack()
[5556] 2015/04/12 21:14:05.390 CALL RegisterOnStopLossReportCallBack()
[5556] 2015/04/12 21:14:05.390 CALL RegisterOnOverseaFuturesCallBack()
[5556] 2015/04/12 21:14:05.390 CALL RegisterOnOverseaFutureOpenInterestCallBack()
[5556] 2015/04/12 21:14:05.406 CALL RegisterOnOverseaOptionsCallBack()
[5556] 2015/04/12 21:14:05.406 CALL RegisterOnFutureRightCallBack()
[5556] 2015/04/12 21:14:05.406 CALL RegisterOnCertCanceled()
[5556] 2015/04/12 21:14:05.406 CALL RegisterOnExecutionReportCallBack()
[5556] 2015/04/12 21:14:05.406 CALL GetUserAccount()
[5556] 2015/04/12 21:14:05.406 TS,9186,9186,0213851,S122811334,½²¦¼´Ü,0,0
[5556] 2015/04/12 21:14:05.406 OS,9188,9188,0011491,S122811334,½²¦¼´Ü,0,0
[5556] 2015/04/12 21:14:05.406 TS,9188,9188,0259512,S122811334,½²¦¼´Ü,0,0
[5556] 2015/04/12 21:14:05.406 TF,F020000,000,9232116,S122811334,½²¦¼´Ü,0,0
[5556] 2015/04/12 21:14:05.406 OF,F020000,000,9232116,S122811334,½²¦¼´Ü,0,0
[5556] 2015/04/12 21:14:05.406 TF,F020000,000,9232129,S122811334,½²¦¼´Ü,0,0
[5556] 2015/04/12 21:14:05.421 OF,F020000,000,9232129,S122811334,½²¦¼´Ü,0,0
[5556] 2015/04/12 21:14:05.421 CALL SKOrderLib_ReadCertByID(S122811334)
[5556] 2015/04/12 21:14:05.578 CALL GetFutureRight(F0200009232129)
[5556] 2015/04/12 21:14:10.937 CALL GetOpenInterest(F0200009232129)
[5532] 2015/04/12 21:14:19.328 CALL GetFutureRight(F0200009232116)
[5532] 2015/04/12 21:14:24.375 CALL GetOpenInterest(F0200009232116)
[5556] 2015/04/12 21:14:26.000 CALL GetFutureRight(F0200009232129)
[5556] 2015/04/12 21:14:31.046 CALL GetOpenInterest(F0200009232129)
[5532] 2015/04/12 21:14:34.328 CALL GetFutureRight(F0200009232116)
[5532] 2015/04/12 21:14:39.375 CALL GetOpenInterest(F0200009232116)
[5556] 2015/04/12 21:14:41.000 CALL GetFutureRight(F0200009232129)
[5556] 2015/04/12 21:14:46.062 CALL GetOpenInterest(F0200009232129)
[5532] 2015/04/12 21:14:49.328 CALL GetFutureRight(F0200009232116)
[5532] 2015/04/12 21:14:54.375 CALL GetOpenInterest(F0200009232116)
[5556] 2015/04/12 21:14:56.000 CALL GetFutureRight(F0200009232129)
[5556] 2015/04/12 21:15:01.078 CALL GetOpenInterest(F0200009232129)
[5532] 2015/04/12 21:15:04.328 CALL GetFutureRight(F0200009232116)
[5532] 2015/04/12 21:15:09.390 CALL GetOpenInterest(F0200009232116)
[5556] 2015/04/12 21:15:11.000 CALL GetFutureRight(F0200009232129)
[5556] 2015/04/12 21:15:16.046 CALL GetOpenInterest(F0200009232129)
[5532] 2015/04/12 21:15:19.328 CALL GetFutureRight(F0200009232116)
[5532] 2015/04/12 21:15:24.390 CALL GetOpenInterest(F0200009232116)
[5556] 2015/04/12 21:15:26.000 CALL GetFutureRight(F0200009232129)
[5556] 2015/04/12 21:15:31.046 CALL GetOpenInterest(F0200009232129)
[5532] 2015/04/12 21:15:34.328 CALL GetFutureRight(F0200009232116)
[5532] 2015/04/12 21:15:39.390 CALL GetOpenInterest(F0200009232116)
[5556] 2015/04/12 21:15:41.000 CALL GetFutureRight(F0200009232129)
[5556] 2015/04/12 21:15:46.062 CALL GetOpenInterest(F0200009232129)
[5532] 2015/04/12 21:15:49.328 CALL GetFutureRight(F0200009232116)
[5532] 2015/04/12 21:15:54.390 CALL GetOpenInterest(F0200009232116)
[5556] 2015/04/12 21:15:56.000 CALL GetFutureRight(F0200009232129)
[5556] 2015/04/12 21:16:01.046 CALL GetOpenInterest(F0200009232129)
[5532] 2015/04/12 21:16:04.328 CALL GetFutureRight(F0200009232116)
[5532] 2015/04/12 21:16:09.375 CALL GetOpenInterest(F0200009232116)
[5556] 2015/04/12 21:16:11.000 CALL GetFutureRight(F0200009232129)
[5556] 2015/04/12 21:16:16.046 CALL GetOpenInterest(F0200009232129)
[5532] 2015/04/12 21:16:19.328 CALL GetFutureRight(F0200009232116)
[5532] 2015/04/12 21:16:24.390 CALL GetOpenInterest(F0200009232116)
[5556] 2015/04/12 21:16:26.000 CALL GetFutureRight(F0200009232129)
[5556] 2015/04/12 21:16:31.046 CALL GetOpenInterest(F0200009232129)
[5532] 2015/04/12 21:16:34.328 CALL GetFutureRight(F0200009232116)
[5532] 2015/04/12 21:16:39.390 CALL GetOpenInterest(F0200009232116)
[5556] 2015/04/12 21:16:41.000 CALL GetFutureRight(F0200009232129)
[5556] 2015/04/12 21:16:46.046 CALL GetOpenInterest(F0200009232129)
[5532] 2015/04/12 21:16:49.328 CALL GetFutureRight(F0200009232116)
[5532] 2015/04/12 21:16:54.390 CALL GetOpenInterest(F0200009232116)
[5556] 2015/04/12 21:16:56.000 CALL GetFutureRight(F0200009232129)
[5556] 2015/04/12 21:17:01.046 CALL GetOpenInterest(F0200009232129)
[5532] 2015/04/12 21:17:04.328 CALL GetFutureRight(F0200009232116)
[5532] 2015/04/12 21:17:09.375 CALL GetOpenInterest(F0200009232116)
[5556] 2015/04/12 21:17:11.000 CALL GetFutureRight(F0200009232129)
[5556] 2015/04/12 21:17:16.046 CALL GetOpenInterest(F0200009232129)
[5532] 2015/04/12 21:17:19.328 CALL GetFutureRight(F0200009232116)
[4164] 2015/04/12 21:46:54.984 SKOrderLib ª©¥» 2.1.22
[4164] 2015/04/12 21:46:54.984 Login ID: S122811334
[4164] 2015/04/12 21:46:55.937 CALL RegisterOnAccountCallBack()
[4164] 2015/04/12 21:46:55.937 CALL RegisterOnOrderAsyncReportCallBack()
[4164] 2015/04/12 21:46:55.937 CALL RegisterOnAccountWithLoginIDCallBack()
[4164] 2015/04/12 21:46:55.937 CALL RegisterOnRealBalanceReportCallBack()
[4164] 2015/04/12 21:46:55.937 CALL RegisterOnOpenInterestCallBack()
[4164] 2015/04/12 21:46:55.937 CALL RegisterOnStopLossReportCallBack()
[4164] 2015/04/12 21:46:55.937 CALL RegisterOnOverseaFuturesCallBack()
[4164] 2015/04/12 21:46:55.937 CALL RegisterOnOverseaFutureOpenInterestCallBack()
[4164] 2015/04/12 21:46:55.937 CALL RegisterOnOverseaOptionsCallBack()
[4164] 2015/04/12 21:46:55.953 CALL RegisterOnFutureRightCallBack()
[4164] 2015/04/12 21:46:55.953 CALL RegisterOnCertCanceled()
[4164] 2015/04/12 21:46:55.953 CALL RegisterOnExecutionReportCallBack()
[4164] 2015/04/12 21:46:55.953 CALL GetUserAccount()
[4164] 2015/04/12 21:46:55.953 TS,9186,9186,0213851,S122811334,½²¦¼´Ü,0,0
[4164] 2015/04/12 21:46:55.953 OS,9188,9188,0011491,S122811334,½²¦¼´Ü,0,0
[4164] 2015/04/12 21:46:55.953 TS,9188,9188,0259512,S122811334,½²¦¼´Ü,0,0
[4164] 2015/04/12 21:46:55.953 TF,F020000,000,9232116,S122811334,½²¦¼´Ü,0,0
[4164] 2015/04/12 21:46:55.953 OF,F020000,000,9232116,S122811334,½²¦¼´Ü,0,0
[4164] 2015/04/12 21:46:55.953 TF,F020000,000,9232129,S122811334,½²¦¼´Ü,0,0
[4164] 2015/04/12 21:46:55.953 OF,F020000,000,9232129,S122811334,½²¦¼´Ü,0,0
[4164] 2015/04/12 21:46:55.953 CALL SKOrderLib_ReadCertByID(S122811334)
[4164] 2015/04/12 21:46:56.234 CALL GetFutureRight(F0200009232116)
[4164] 2015/04/12 21:47:01.484 CALL GetOpenInterest(F0200009232116)
[356] 2015/04/12 21:47:01.781 SKOrderLib ª©¥» 2.1.22
[356] 2015/04/12 21:47:01.781 Login ID: S122811334
[356] 2015/04/12 21:47:02.640 CALL RegisterOnAccountCallBack()
[356] 2015/04/12 21:47:02.640 CALL RegisterOnOrderAsyncReportCallBack()
[356] 2015/04/12 21:47:02.640 CALL RegisterOnAccountWithLoginIDCallBack()
[356] 2015/04/12 21:47:02.640 CALL RegisterOnRealBalanceReportCallBack()
[356] 2015/04/12 21:47:02.640 CALL RegisterOnOpenInterestCallBack()
[356] 2015/04/12 21:47:02.640 CALL RegisterOnStopLossReportCallBack()
[356] 2015/04/12 21:47:02.640 CALL RegisterOnOverseaFuturesCallBack()
[356] 2015/04/12 21:47:02.640 CALL RegisterOnOverseaFutureOpenInterestCallBack()
[356] 2015/04/12 21:47:02.640 CALL RegisterOnOverseaOptionsCallBack()
[356] 2015/04/12 21:47:02.640 CALL RegisterOnFutureRightCallBack()
[356] 2015/04/12 21:47:02.640 CALL RegisterOnCertCanceled()
[356] 2015/04/12 21:47:02.640 CALL RegisterOnExecutionReportCallBack()
[356] 2015/04/12 21:47:02.656 CALL GetUserAccount()
[356] 2015/04/12 21:47:02.656 TS,9186,9186,0213851,S122811334,½²¦¼´Ü,0,0
[356] 2015/04/12 21:47:02.656 OS,9188,9188,0011491,S122811334,½²¦¼´Ü,0,0
[356] 2015/04/12 21:47:02.656 TS,9188,9188,0259512,S122811334,½²¦¼´Ü,0,0
[356] 2015/04/12 21:47:02.656 TF,F020000,000,9232116,S122811334,½²¦¼´Ü,0,0
[356] 2015/04/12 21:47:02.656 OF,F020000,000,9232116,S122811334,½²¦¼´Ü,0,0
[356] 2015/04/12 21:47:02.656 TF,F020000,000,9232129,S122811334,½²¦¼´Ü,0,0
[356] 2015/04/12 21:47:02.656 OF,F020000,000,9232129,S122811334,½²¦¼´Ü,0,0
[356] 2015/04/12 21:47:02.656 CALL SKOrderLib_ReadCertByID(S122811334)
[356] 2015/04/12 21:47:02.828 CALL GetFutureRight(F0200009232129)
[356] 2015/04/12 21:47:07.984 CALL GetOpenInterest(F0200009232129)
[4164] 2015/04/12 21:47:16.531 CALL GetFutureRight(F0200009232116)
[4164] 2015/04/12 21:47:21.578 CALL GetOpenInterest(F0200009232116)
[356] 2015/04/12 21:47:23.031 CALL GetFutureRight(F0200009232129)
[356] 2015/04/12 21:47:28.109 CALL GetOpenInterest(F0200009232129)
[4164] 2015/04/12 21:47:31.531 CALL GetFutureRight(F0200009232116)
[4164] 2015/04/12 21:47:36.578 CALL GetOpenInterest(F0200009232116)
[356] 2015/04/12 21:47:38.031 CALL GetFutureRight(F0200009232129)
[356] 2015/04/12 21:47:43.078 CALL GetOpenInterest(F0200009232129)
[4164] 2015/04/12 21:47:46.531 CALL GetFutureRight(F0200009232116)
[4164] 2015/04/12 21:47:51.578 CALL GetOpenInterest(F0200009232116)
[356] 2015/04/12 21:47:53.031 CALL GetFutureRight(F0200009232129)
[356] 2015/04/12 21:47:58.078 CALL GetOpenInterest(F0200009232129)
[4164] 2015/04/12 21:48:01.531 CALL GetFutureRight(F0200009232116)
[4164] 2015/04/12 21:48:06.578 CALL GetOpenInterest(F0200009232116)
[356] 2015/04/12 21:48:08.031 CALL GetFutureRight(F0200009232129)
[356] 2015/04/12 21:48:13.078 CALL GetOpenInterest(F0200009232129)
[4164] 2015/04/12 21:48:16.531 CALL GetFutureRight(F0200009232116)
[4164] 2015/04/12 21:48:21.578 CALL GetOpenInterest(F0200009232116)
[356] 2015/04/12 21:48:23.031 CALL GetFutureRight(F0200009232129)
