[4212] 2015/02/26 20:42:11.531 SKOrderLib ª©¥» 2.1.22
[4212] 2015/02/26 20:42:11.531 Login ID: S122811334
[4212] 2015/02/26 20:42:12.515 CALL RegisterOnAccountCallBack()
[4212] 2015/02/26 20:42:12.515 CALL RegisterOnOrderAsyncReportCallBack()
[4212] 2015/02/26 20:42:12.515 CALL RegisterOnAccountWithLoginIDCallBack()
[4212] 2015/02/26 20:42:12.515 CALL RegisterOnRealBalanceReportCallBack()
[4212] 2015/02/26 20:42:12.515 CALL RegisterOnOpenInterestCallBack()
[4212] 2015/02/26 20:42:12.515 CALL RegisterOnStopLossReportCallBack()
[4212] 2015/02/26 20:42:12.515 CALL RegisterOnOverseaFuturesCallBack()
[4212] 2015/02/26 20:42:12.515 CALL RegisterOnOverseaFutureOpenInterestCallBack()
[4212] 2015/02/26 20:42:12.515 CALL RegisterOnOverseaOptionsCallBack()
[4212] 2015/02/26 20:42:12.515 CALL RegisterOnFutureRightCallBack()
[4212] 2015/02/26 20:42:12.515 CALL RegisterOnCertCanceled()
[4212] 2015/02/26 20:42:12.515 CALL RegisterOnExecutionReportCallBack()
[4212] 2015/02/26 20:42:12.515 CALL GetUserAccount()
[4212] 2015/02/26 20:42:12.515 TS,9186,9186,0213851,S122811334,½²¦¼´Ü,0,0
[4212] 2015/02/26 20:42:12.515 OS,9188,9188,0011491,S122811334,½²¦¼´Ü,0,0
[4212] 2015/02/26 20:42:12.515 TS,9188,9188,0259512,S122811334,½²¦¼´Ü,0,0
[4212] 2015/02/26 20:42:12.515 TF,F020000,000,9232116,S122811334,½²¦¼´Ü,0,0
[4212] 2015/02/26 20:42:12.531 OF,F020000,000,9232116,S122811334,½²¦¼´Ü,0,0
[4212] 2015/02/26 20:42:12.531 TF,F020000,000,9232129,S122811334,½²¦¼´Ü,0,0
[4212] 2015/02/26 20:42:12.531 OF,F020000,000,9232129,S122811334,½²¦¼´Ü,0,0
[4212] 2015/02/26 20:42:12.531 CALL SKOrderLib_ReadCertByID(S122811334)
[4212] 2015/02/26 20:42:12.812 CALL GetFutureRight(F0200009232116)
[4212] 2015/02/26 20:42:18.046 CALL GetOpenInterest(F0200009232116)
[3932] 2015/02/26 20:42:18.343 SKOrderLib ª©¥» 2.1.22
[3932] 2015/02/26 20:42:18.359 Login ID: S122811334
[3932] 2015/02/26 20:42:19.140 CALL RegisterOnAccountCallBack()
[3932] 2015/02/26 20:42:19.140 CALL RegisterOnOrderAsyncReportCallBack()
[3932] 2015/02/26 20:42:19.140 CALL RegisterOnAccountWithLoginIDCallBack()
[3932] 2015/02/26 20:42:19.140 CALL RegisterOnRealBalanceReportCallBack()
[3932] 2015/02/26 20:42:19.140 CALL RegisterOnOpenInterestCallBack()
[3932] 2015/02/26 20:42:19.140 CALL RegisterOnStopLossReportCallBack()
[3932] 2015/02/26 20:42:19.140 CALL RegisterOnOverseaFuturesCallBack()
[3932] 2015/02/26 20:42:19.140 CALL RegisterOnOverseaFutureOpenInterestCallBack()
[3932] 2015/02/26 20:42:19.140 CALL RegisterOnOverseaOptionsCallBack()
[3932] 2015/02/26 20:42:19.140 CALL RegisterOnFutureRightCallBack()
[3932] 2015/02/26 20:42:19.140 CALL RegisterOnCertCanceled()
[3932] 2015/02/26 20:42:19.140 CALL RegisterOnExecutionReportCallBack()
[3932] 2015/02/26 20:42:19.140 CALL GetUserAccount()
[3932] 2015/02/26 20:42:19.140 TS,9186,9186,0213851,S122811334,½²¦¼´Ü,0,0
[3932] 2015/02/26 20:42:19.140 OS,9188,9188,0011491,S122811334,½²¦¼´Ü,0,0
[3932] 2015/02/26 20:42:19.156 TS,9188,9188,0259512,S122811334,½²¦¼´Ü,0,0
[3932] 2015/02/26 20:42:19.156 TF,F020000,000,9232116,S122811334,½²¦¼´Ü,0,0
[3932] 2015/02/26 20:42:19.156 OF,F020000,000,9232116,S122811334,½²¦¼´Ü,0,0
[3932] 2015/02/26 20:42:19.156 TF,F020000,000,9232129,S122811334,½²¦¼´Ü,0,0
[3932] 2015/02/26 20:42:19.156 OF,F020000,000,9232129,S122811334,½²¦¼´Ü,0,0
[3932] 2015/02/26 20:42:19.156 CALL SKOrderLib_ReadCertByID(S122811334)
[3932] 2015/02/26 20:42:19.328 CALL GetFutureRight(F0200009232129)
[3932] 2015/02/26 20:42:24.484 CALL GetOpenInterest(F0200009232129)
[4212] 2015/02/26 20:42:33.109 CALL GetFutureRight(F0200009232116)
[4212] 2015/02/26 20:42:38.171 CALL GetOpenInterest(F0200009232116)
[3932] 2015/02/26 20:42:39.531 CALL GetFutureRight(F0200009232129)
[3932] 2015/02/26 20:42:44.593 CALL GetOpenInterest(F0200009232129)
[4212] 2015/02/26 20:42:48.109 CALL GetFutureRight(F0200009232116)
[4212] 2015/02/26 20:42:53.156 CALL GetOpenInterest(F0200009232116)
[3932] 2015/02/26 20:42:54.531 CALL GetFutureRight(F0200009232129)
[3932] 2015/02/26 20:42:59.593 CALL GetOpenInterest(F0200009232129)
[4212] 2015/02/26 20:43:03.109 CALL GetFutureRight(F0200009232116)
[4212] 2015/02/26 20:43:08.203 CALL GetOpenInterest(F0200009232116)
[3932] 2015/02/26 20:43:09.531 CALL GetFutureRight(F0200009232129)
[3932] 2015/02/26 20:43:14.578 CALL GetOpenInterest(F0200009232129)
[4212] 2015/02/26 20:43:18.109 CALL GetFutureRight(F0200009232116)
[4212] 2015/02/26 20:43:23.171 CALL GetOpenInterest(F0200009232116)
[3932] 2015/02/26 20:43:24.531 CALL GetFutureRight(F0200009232129)
[3932] 2015/02/26 20:43:29.578 CALL GetOpenInterest(F0200009232129)
[4212] 2015/02/26 20:43:33.109 CALL GetFutureRight(F0200009232116)
[4212] 2015/02/26 20:43:38.171 CALL GetOpenInterest(F0200009232116)
[3932] 2015/02/26 20:43:39.531 CALL GetFutureRight(F0200009232129)
[3932] 2015/02/26 20:43:44.578 CALL GetOpenInterest(F0200009232129)
[4212] 2015/02/26 20:43:48.109 CALL GetFutureRight(F0200009232116)
[4212] 2015/02/26 20:43:53.171 CALL GetOpenInterest(F0200009232116)
[3932] 2015/02/26 20:43:54.531 CALL GetFutureRight(F0200009232129)
[3932] 2015/02/26 20:43:59.578 CALL GetOpenInterest(F0200009232129)
[4212] 2015/02/26 20:44:03.109 CALL GetFutureRight(F0200009232116)
[4212] 2015/02/26 20:44:08.171 CALL GetOpenInterest(F0200009232116)
[3932] 2015/02/26 20:44:09.531 CALL GetFutureRight(F0200009232129)
[3932] 2015/02/26 20:44:14.578 CALL GetOpenInterest(F0200009232129)
[4212] 2015/02/26 20:44:18.109 CALL GetFutureRight(F0200009232116)
[4212] 2015/02/26 20:44:23.187 CALL GetOpenInterest(F0200009232116)
[3932] 2015/02/26 20:44:24.531 CALL GetFutureRight(F0200009232129)
[3932] 2015/02/26 20:44:29.609 CALL GetOpenInterest(F0200009232129)
[4212] 2015/02/26 20:44:33.109 CALL GetFutureRight(F0200009232116)
[4212] 2015/02/26 20:44:38.171 CALL GetOpenInterest(F0200009232116)
[3932] 2015/02/26 20:44:39.531 CALL GetFutureRight(F0200009232129)
[3932] 2015/02/26 20:44:44.640 CALL GetOpenInterest(F0200009232129)
[4212] 2015/02/26 20:44:48.109 CALL GetFutureRight(F0200009232116)
[4212] 2015/02/26 20:44:53.203 CALL GetOpenInterest(F0200009232116)
[3932] 2015/02/26 20:44:54.531 CALL GetFutureRight(F0200009232129)
[3932] 2015/02/26 20:44:59.718 CALL GetOpenInterest(F0200009232129)
[4212] 2015/02/26 20:45:03.109 CALL GetFutureRight(F0200009232116)
[4212] 2015/02/26 20:45:08.156 CALL GetOpenInterest(F0200009232116)
[3932] 2015/02/26 20:45:09.531 CALL GetFutureRight(F0200009232129)
[3932] 2015/02/26 20:45:14.609 CALL GetOpenInterest(F0200009232129)
[4212] 2015/02/26 20:45:18.109 CALL GetFutureRight(F0200009232116)
[4212] 2015/02/26 20:45:23.171 CALL GetOpenInterest(F0200009232116)
[3932] 2015/02/26 20:45:24.531 CALL GetFutureRight(F0200009232129)
[3932] 2015/02/26 20:45:29.609 CALL GetOpenInterest(F0200009232129)
[4212] 2015/02/26 20:45:33.109 CALL GetFutureRight(F0200009232116)
[4212] 2015/02/26 20:45:38.156 CALL GetOpenInterest(F0200009232116)
[3932] 2015/02/26 20:45:39.531 CALL GetFutureRight(F0200009232129)
[3932] 2015/02/26 20:45:44.625 CALL GetOpenInterest(F0200009232129)
[4212] 2015/02/26 20:45:48.109 CALL GetFutureRight(F0200009232116)
[4212] 2015/02/26 20:45:53.187 CALL GetOpenInterest(F0200009232116)
[3932] 2015/02/26 20:45:54.531 CALL GetFutureRight(F0200009232129)
[3932] 2015/02/26 20:45:59.609 CALL GetOpenInterest(F0200009232129)
[4212] 2015/02/26 20:46:03.109 CALL GetFutureRight(F0200009232116)
[4212] 2015/02/26 20:46:08.171 CALL GetOpenInterest(F0200009232116)
[3932] 2015/02/26 20:46:09.531 CALL GetFutureRight(F0200009232129)
[3932] 2015/02/26 20:46:14.609 CALL GetOpenInterest(F0200009232129)
[4212] 2015/02/26 20:46:18.109 CALL GetFutureRight(F0200009232116)
[4212] 2015/02/26 20:46:23.171 CALL GetOpenInterest(F0200009232116)
[3932] 2015/02/26 20:46:24.531 CALL GetFutureRight(F0200009232129)
[3932] 2015/02/26 20:46:29.593 CALL GetOpenInterest(F0200009232129)
[4212] 2015/02/26 20:46:33.109 CALL GetFutureRight(F0200009232116)
[4212] 2015/02/26 20:46:38.187 CALL GetOpenInterest(F0200009232116)
[3932] 2015/02/26 20:46:39.531 CALL GetFutureRight(F0200009232129)
[3932] 2015/02/26 20:46:44.609 CALL GetOpenInterest(F0200009232129)
[4212] 2015/02/26 20:46:48.109 CALL GetFutureRight(F0200009232116)
[4212] 2015/02/26 20:46:53.187 CALL GetOpenInterest(F0200009232116)
[3932] 2015/02/26 20:46:54.531 CALL GetFutureRight(F0200009232129)
[3932] 2015/02/26 20:46:59.593 CALL GetOpenInterest(F0200009232129)
[4212] 2015/02/26 20:47:03.109 CALL GetFutureRight(F0200009232116)
[4212] 2015/02/26 20:47:08.171 CALL GetOpenInterest(F0200009232116)
[3932] 2015/02/26 20:47:09.531 CALL GetFutureRight(F0200009232129)
[3932] 2015/02/26 20:47:14.593 CALL GetOpenInterest(F0200009232129)
[4212] 2015/02/26 20:47:18.109 CALL GetFutureRight(F0200009232116)
[4212] 2015/02/26 20:47:23.171 CALL GetOpenInterest(F0200009232116)
[3932] 2015/02/26 20:47:24.531 CALL GetFutureRight(F0200009232129)
[3932] 2015/02/26 20:47:29.578 CALL GetOpenInterest(F0200009232129)
[4212] 2015/02/26 20:47:33.109 CALL GetFutureRight(F0200009232116)
[4212] 2015/02/26 20:47:38.156 CALL GetOpenInterest(F0200009232116)
[3932] 2015/02/26 20:47:39.531 CALL GetFutureRight(F0200009232129)
[3932] 2015/02/26 20:47:44.578 CALL GetOpenInterest(F0200009232129)
[4212] 2015/02/26 20:47:48.109 CALL GetFutureRight(F0200009232116)
[4212] 2015/02/26 20:47:53.171 CALL GetOpenInterest(F0200009232116)
[3932] 2015/02/26 20:47:54.531 CALL GetFutureRight(F0200009232129)
[3932] 2015/02/26 20:47:59.578 CALL GetOpenInterest(F0200009232129)
[4212] 2015/02/26 20:48:03.109 CALL GetFutureRight(F0200009232116)
[4212] 2015/02/26 20:48:08.171 CALL GetOpenInterest(F0200009232116)
[3932] 2015/02/26 20:48:09.531 CALL GetFutureRight(F0200009232129)
[3932] 2015/02/26 20:48:14.578 CALL GetOpenInterest(F0200009232129)
[4212] 2015/02/26 20:48:18.109 CALL GetFutureRight(F0200009232116)
[4212] 2015/02/26 20:48:23.171 CALL GetOpenInterest(F0200009232116)
[3932] 2015/02/26 20:48:24.531 CALL GetFutureRight(F0200009232129)
[3932] 2015/02/26 20:48:29.578 CALL GetOpenInterest(F0200009232129)
[4212] 2015/02/26 20:48:33.109 CALL GetFutureRight(F0200009232116)
[4212] 2015/02/26 20:48:38.156 CALL GetOpenInterest(F0200009232116)
[3932] 2015/02/26 20:48:39.531 CALL GetFutureRight(F0200009232129)
[3932] 2015/02/26 20:48:44.578 CALL GetOpenInterest(F0200009232129)
[4212] 2015/02/26 20:48:48.109 CALL GetFutureRight(F0200009232116)
[4212] 2015/02/26 20:48:53.171 CALL GetOpenInterest(F0200009232116)
[3932] 2015/02/26 20:48:54.531 CALL GetFutureRight(F0200009232129)
[3932] 2015/02/26 20:48:59.593 CALL GetOpenInterest(F0200009232129)
[4212] 2015/02/26 20:49:03.109 CALL GetFutureRight(F0200009232116)
[4212] 2015/02/26 20:49:08.171 CALL GetOpenInterest(F0200009232116)
[3932] 2015/02/26 20:49:09.531 CALL GetFutureRight(F0200009232129)
[3932] 2015/02/26 20:49:14.578 CALL GetOpenInterest(F0200009232129)
[4212] 2015/02/26 20:49:18.109 CALL GetFutureRight(F0200009232116)
[4212] 2015/02/26 20:49:23.171 CALL GetOpenInterest(F0200009232116)
[3932] 2015/02/26 20:49:24.531 CALL GetFutureRight(F0200009232129)
[3932] 2015/02/26 20:49:29.593 CALL GetOpenInterest(F0200009232129)
[4212] 2015/02/26 20:49:33.109 CALL GetFutureRight(F0200009232116)
[4212] 2015/02/26 20:49:38.171 CALL GetOpenInterest(F0200009232116)
[3932] 2015/02/26 20:49:39.531 CALL GetFutureRight(F0200009232129)
[3932] 2015/02/26 20:49:44.578 CALL GetOpenInterest(F0200009232129)
[4212] 2015/02/26 20:49:48.109 CALL GetFutureRight(F0200009232116)
[4212] 2015/02/26 20:49:53.171 CALL GetOpenInterest(F0200009232116)
[3932] 2015/02/26 20:49:54.531 CALL GetFutureRight(F0200009232129)
[3932] 2015/02/26 20:49:59.578 CALL GetOpenInterest(F0200009232129)
[4212] 2015/02/26 20:50:03.109 CALL GetFutureRight(F0200009232116)
[4212] 2015/02/26 20:50:08.156 CALL GetOpenInterest(F0200009232116)
[3932] 2015/02/26 20:50:09.531 CALL GetFutureRight(F0200009232129)
[3932] 2015/02/26 20:50:14.578 CALL GetOpenInterest(F0200009232129)
[4212] 2015/02/26 20:50:18.109 CALL GetFutureRight(F0200009232116)
[4212] 2015/02/26 20:50:23.156 CALL GetOpenInterest(F0200009232116)
[3932] 2015/02/26 20:50:24.531 CALL GetFutureRight(F0200009232129)
[3932] 2015/02/26 20:50:29.578 CALL GetOpenInterest(F0200009232129)
[4212] 2015/02/26 20:50:33.109 CALL GetFutureRight(F0200009232116)
[4212] 2015/02/26 20:50:38.171 CALL GetOpenInterest(F0200009232116)
[3932] 2015/02/26 20:50:39.531 CALL GetFutureRight(F0200009232129)
[3932] 2015/02/26 20:50:44.578 CALL GetOpenInterest(F0200009232129)
[4212] 2015/02/26 20:50:48.109 CALL GetFutureRight(F0200009232116)
[4212] 2015/02/26 20:50:53.171 CALL GetOpenInterest(F0200009232116)
[3932] 2015/02/26 20:50:54.531 CALL GetFutureRight(F0200009232129)
[3932] 2015/02/26 20:50:59.578 CALL GetOpenInterest(F0200009232129)
[4212] 2015/02/26 20:51:03.109 CALL GetFutureRight(F0200009232116)
[4212] 2015/02/26 20:51:08.156 CALL GetOpenInterest(F0200009232116)
[3932] 2015/02/26 20:51:09.531 CALL GetFutureRight(F0200009232129)
[3932] 2015/02/26 20:51:14.593 CALL GetOpenInterest(F0200009232129)
[4212] 2015/02/26 20:51:18.109 CALL GetFutureRight(F0200009232116)
[4212] 2015/02/26 20:51:23.171 CALL GetOpenInterest(F0200009232116)
[3932] 2015/02/26 20:51:24.531 CALL GetFutureRight(F0200009232129)
[3932] 2015/02/26 20:51:29.578 CALL GetOpenInterest(F0200009232129)
[4212] 2015/02/26 20:51:33.109 CALL GetFutureRight(F0200009232116)
[4212] 2015/02/26 20:51:38.171 CALL GetOpenInterest(F0200009232116)
[3932] 2015/02/26 20:51:39.531 CALL GetFutureRight(F0200009232129)
[3932] 2015/02/26 20:51:44.593 CALL GetOpenInterest(F0200009232129)
[4212] 2015/02/26 20:51:48.109 CALL GetFutureRight(F0200009232116)
[4212] 2015/02/26 20:51:53.156 CALL GetOpenInterest(F0200009232116)
[3932] 2015/02/26 20:51:54.531 CALL GetFutureRight(F0200009232129)
[3932] 2015/02/26 20:51:59.578 CALL GetOpenInterest(F0200009232129)
[4212] 2015/02/26 20:52:03.109 CALL GetFutureRight(F0200009232116)
[4212] 2015/02/26 20:52:08.171 CALL GetOpenInterest(F0200009232116)
[3932] 2015/02/26 20:52:09.531 CALL GetFutureRight(F0200009232129)
[3932] 2015/02/26 20:52:14.593 CALL GetOpenInterest(F0200009232129)
[4212] 2015/02/26 20:52:18.109 CALL GetFutureRight(F0200009232116)
[4212] 2015/02/26 20:52:23.171 CALL GetOpenInterest(F0200009232116)
[3932] 2015/02/26 20:52:24.531 CALL GetFutureRight(F0200009232129)
[3932] 2015/02/26 20:52:29.578 CALL GetOpenInterest(F0200009232129)
[4212] 2015/02/26 20:52:33.109 CALL GetFutureRight(F0200009232116)
[4212] 2015/02/26 20:52:38.171 CALL GetOpenInterest(F0200009232116)
[3932] 2015/02/26 20:52:39.531 CALL GetFutureRight(F0200009232129)
[3932] 2015/02/26 20:52:44.578 CALL GetOpenInterest(F0200009232129)
[4212] 2015/02/26 20:52:48.109 CALL GetFutureRight(F0200009232116)
[4212] 2015/02/26 20:52:53.171 CALL GetOpenInterest(F0200009232116)
[3932] 2015/02/26 20:52:54.531 CALL GetFutureRight(F0200009232129)
[3932] 2015/02/26 20:52:59.578 CALL GetOpenInterest(F0200009232129)
[4212] 2015/02/26 20:53:03.109 CALL GetFutureRight(F0200009232116)
[4212] 2015/02/26 20:53:08.171 CALL GetOpenInterest(F0200009232116)
[3932] 2015/02/26 20:53:09.531 CALL GetFutureRight(F0200009232129)
[3932] 2015/02/26 20:53:14.578 CALL GetOpenInterest(F0200009232129)
[4212] 2015/02/26 20:53:18.109 CALL GetFutureRight(F0200009232116)
[4212] 2015/02/26 20:53:23.171 CALL GetOpenInterest(F0200009232116)
[3932] 2015/02/26 20:53:24.531 CALL GetFutureRight(F0200009232129)
[3932] 2015/02/26 20:53:29.578 CALL GetOpenInterest(F0200009232129)
[4212] 2015/02/26 20:53:33.109 CALL GetFutureRight(F0200009232116)
[4212] 2015/02/26 20:53:38.171 CALL GetOpenInterest(F0200009232116)
[3932] 2015/02/26 20:53:39.531 CALL GetFutureRight(F0200009232129)
[3932] 2015/02/26 20:53:44.578 CALL GetOpenInterest(F0200009232129)
[4212] 2015/02/26 20:53:48.109 CALL GetFutureRight(F0200009232116)
[4212] 2015/02/26 20:53:53.156 CALL GetOpenInterest(F0200009232116)
[3932] 2015/02/26 20:53:54.531 CALL GetFutureRight(F0200009232129)
[3932] 2015/02/26 20:53:59.578 CALL GetOpenInterest(F0200009232129)
[4212] 2015/02/26 20:54:03.109 CALL GetFutureRight(F0200009232116)
[4212] 2015/02/26 20:54:08.156 CALL GetOpenInterest(F0200009232116)
[3932] 2015/02/26 20:54:09.531 CALL GetFutureRight(F0200009232129)
[3932] 2015/02/26 20:54:14.593 CALL GetOpenInterest(F0200009232129)
[4212] 2015/02/26 20:54:18.109 CALL GetFutureRight(F0200009232116)
[4212] 2015/02/26 20:54:23.156 CALL GetOpenInterest(F0200009232116)
[3932] 2015/02/26 20:54:24.531 CALL GetFutureRight(F0200009232129)
[3932] 2015/02/26 20:54:29.578 CALL GetOpenInterest(F0200009232129)
[4212] 2015/02/26 20:54:33.109 CALL GetFutureRight(F0200009232116)
[4212] 2015/02/26 20:54:38.156 CALL GetOpenInterest(F0200009232116)
[3932] 2015/02/26 20:54:39.531 CALL GetFutureRight(F0200009232129)
[3932] 2015/02/26 20:54:44.578 CALL GetOpenInterest(F0200009232129)
[4212] 2015/02/26 20:54:48.109 CALL GetFutureRight(F0200009232116)
[4212] 2015/02/26 20:54:53.171 CALL GetOpenInterest(F0200009232116)
[3932] 2015/02/26 20:54:54.531 CALL GetFutureRight(F0200009232129)
[3932] 2015/02/26 20:54:59.593 CALL GetOpenInterest(F0200009232129)
[4212] 2015/02/26 20:55:03.109 CALL GetFutureRight(F0200009232116)
[4212] 2015/02/26 20:55:08.171 CALL GetOpenInterest(F0200009232116)
[3932] 2015/02/26 20:55:09.531 CALL GetFutureRight(F0200009232129)
[3932] 2015/02/26 20:55:14.578 CALL GetOpenInterest(F0200009232129)
[4212] 2015/02/26 20:55:18.109 CALL GetFutureRight(F0200009232116)
[4212] 2015/02/26 20:55:23.171 CALL GetOpenInterest(F0200009232116)
[3932] 2015/02/26 20:55:24.531 CALL GetFutureRight(F0200009232129)
[3932] 2015/02/26 20:55:29.578 CALL GetOpenInterest(F0200009232129)
[4212] 2015/02/26 20:55:33.109 CALL GetFutureRight(F0200009232116)
[4212] 2015/02/26 20:55:38.171 CALL GetOpenInterest(F0200009232116)
[3932] 2015/02/26 20:55:39.531 CALL GetFutureRight(F0200009232129)
[3932] 2015/02/26 20:55:44.593 CALL GetOpenInterest(F0200009232129)
[4212] 2015/02/26 20:55:48.109 CALL GetFutureRight(F0200009232116)
[4212] 2015/02/26 20:55:53.156 CALL GetOpenInterest(F0200009232116)
[3932] 2015/02/26 20:55:54.531 CALL GetFutureRight(F0200009232129)
[3932] 2015/02/26 20:55:59.578 CALL GetOpenInterest(F0200009232129)
[4212] 2015/02/26 20:56:03.109 CALL GetFutureRight(F0200009232116)
[4212] 2015/02/26 20:56:08.156 CALL GetOpenInterest(F0200009232116)
[3932] 2015/02/26 20:56:09.531 CALL GetFutureRight(F0200009232129)
[3932] 2015/02/26 20:56:14.578 CALL GetOpenInterest(F0200009232129)
[4212] 2015/02/26 20:56:18.109 CALL GetFutureRight(F0200009232116)
[4212] 2015/02/26 20:56:23.156 CALL GetOpenInterest(F0200009232116)
[3932] 2015/02/26 20:56:24.531 CALL GetFutureRight(F0200009232129)
[3932] 2015/02/26 20:56:29.578 CALL GetOpenInterest(F0200009232129)
[4212] 2015/02/26 20:56:33.109 CALL GetFutureRight(F0200009232116)
[4212] 2015/02/26 20:56:38.156 CALL GetOpenInterest(F0200009232116)
[3932] 2015/02/26 20:56:39.531 CALL GetFutureRight(F0200009232129)
[3932] 2015/02/26 20:56:44.578 CALL GetOpenInterest(F0200009232129)
[4212] 2015/02/26 20:56:48.109 CALL GetFutureRight(F0200009232116)
[4212] 2015/02/26 20:56:53.171 CALL GetOpenInterest(F0200009232116)
[3932] 2015/02/26 20:56:54.531 CALL GetFutureRight(F0200009232129)
[3932] 2015/02/26 20:56:59.578 CALL GetOpenInterest(F0200009232129)
[4212] 2015/02/26 20:57:03.109 CALL GetFutureRight(F0200009232116)
[4212] 2015/02/26 20:57:08.156 CALL GetOpenInterest(F0200009232116)
[3932] 2015/02/26 20:57:09.531 CALL GetFutureRight(F0200009232129)
[3932] 2015/02/26 20:57:14.578 CALL GetOpenInterest(F0200009232129)
[4212] 2015/02/26 20:57:18.109 CALL GetFutureRight(F0200009232116)
[4212] 2015/02/26 20:57:23.171 CALL GetOpenInterest(F0200009232116)
[3932] 2015/02/26 20:57:24.531 CALL GetFutureRight(F0200009232129)
[3932] 2015/02/26 20:57:29.578 CALL GetOpenInterest(F0200009232129)
[4212] 2015/02/26 20:57:33.109 CALL GetFutureRight(F0200009232116)
[4212] 2015/02/26 20:57:38.171 CALL GetOpenInterest(F0200009232116)
[3932] 2015/02/26 20:57:39.531 CALL GetFutureRight(F0200009232129)
[3932] 2015/02/26 20:57:44.578 CALL GetOpenInterest(F0200009232129)
[4212] 2015/02/26 20:57:48.109 CALL GetFutureRight(F0200009232116)
[4212] 2015/02/26 20:57:53.156 CALL GetOpenInterest(F0200009232116)
[3932] 2015/02/26 20:57:54.531 CALL GetFutureRight(F0200009232129)
[3932] 2015/02/26 20:57:59.578 CALL GetOpenInterest(F0200009232129)
[4212] 2015/02/26 20:58:03.109 CALL GetFutureRight(F0200009232116)
[4212] 2015/02/26 20:58:08.171 CALL GetOpenInterest(F0200009232116)
[3932] 2015/02/26 20:58:09.531 CALL GetFutureRight(F0200009232129)
[3932] 2015/02/26 20:58:14.578 CALL GetOpenInterest(F0200009232129)
[4212] 2015/02/26 20:58:18.109 CALL GetFutureRight(F0200009232116)
[4212] 2015/02/26 20:58:23.171 CALL GetOpenInterest(F0200009232116)
[3932] 2015/02/26 20:58:24.531 CALL GetFutureRight(F0200009232129)
[3932] 2015/02/26 20:58:29.578 CALL GetOpenInterest(F0200009232129)
[4212] 2015/02/26 20:58:33.109 CALL GetFutureRight(F0200009232116)
[4212] 2015/02/26 20:58:38.171 CALL GetOpenInterest(F0200009232116)
[3932] 2015/02/26 20:58:39.531 CALL GetFutureRight(F0200009232129)
[3932] 2015/02/26 20:58:44.578 CALL GetOpenInterest(F0200009232129)
[4212] 2015/02/26 20:58:48.109 CALL GetFutureRight(F0200009232116)
[4212] 2015/02/26 20:58:53.156 CALL GetOpenInterest(F0200009232116)
[3932] 2015/02/26 20:58:54.531 CALL GetFutureRight(F0200009232129)
[3932] 2015/02/26 20:58:59.578 CALL GetOpenInterest(F0200009232129)
[4212] 2015/02/26 20:59:03.109 CALL GetFutureRight(F0200009232116)
[4212] 2015/02/26 20:59:08.156 CALL GetOpenInterest(F0200009232116)
[3932] 2015/02/26 20:59:09.531 CALL GetFutureRight(F0200009232129)
[3932] 2015/02/26 20:59:14.578 CALL GetOpenInterest(F0200009232129)
[4212] 2015/02/26 20:59:18.109 CALL GetFutureRight(F0200009232116)
[4212] 2015/02/26 20:59:23.171 CALL GetOpenInterest(F0200009232116)
[3932] 2015/02/26 20:59:24.531 CALL GetFutureRight(F0200009232129)
[3932] 2015/02/26 20:59:29.578 CALL GetOpenInterest(F0200009232129)
[4212] 2015/02/26 20:59:33.109 CALL GetFutureRight(F0200009232116)
[4212] 2015/02/26 20:59:38.171 CALL GetOpenInterest(F0200009232116)
[3932] 2015/02/26 20:59:39.531 CALL GetFutureRight(F0200009232129)
[3932] 2015/02/26 20:59:44.578 CALL GetOpenInterest(F0200009232129)
[4212] 2015/02/26 20:59:48.109 CALL GetFutureRight(F0200009232116)
[4212] 2015/02/26 20:59:53.171 CALL GetOpenInterest(F0200009232116)
[3932] 2015/02/26 20:59:54.531 CALL GetFutureRight(F0200009232129)
[3932] 2015/02/26 20:59:59.578 CALL GetOpenInterest(F0200009232129)
[4212] 2015/02/26 21:00:03.109 CALL GetFutureRight(F0200009232116)
[4212] 2015/02/26 21:00:08.156 CALL GetOpenInterest(F0200009232116)
[3932] 2015/02/26 21:00:09.531 CALL GetFutureRight(F0200009232129)
[3932] 2015/02/26 21:00:14.578 CALL GetOpenInterest(F0200009232129)
[4212] 2015/02/26 21:00:18.218 CALL GetFutureRight(F0200009232116)
[4212] 2015/02/26 21:00:23.265 CALL GetOpenInterest(F0200009232116)
[3932] 2015/02/26 21:00:24.531 CALL GetFutureRight(F0200009232129)
[3932] 2015/02/26 21:00:29.593 CALL GetOpenInterest(F0200009232129)
[4212] 2015/02/26 21:00:33.218 CALL GetFutureRight(F0200009232116)
[4212] 2015/02/26 21:00:38.296 CALL GetOpenInterest(F0200009232116)
[3932] 2015/02/26 21:00:39.531 CALL GetFutureRight(F0200009232129)
[3932] 2015/02/26 21:00:44.593 CALL GetOpenInterest(F0200009232129)
[4212] 2015/02/26 21:00:48.218 CALL GetFutureRight(F0200009232116)
[4212] 2015/02/26 21:00:53.265 CALL GetOpenInterest(F0200009232116)
[3932] 2015/02/26 21:00:54.531 CALL GetFutureRight(F0200009232129)
[3932] 2015/02/26 21:00:59.578 CALL GetOpenInterest(F0200009232129)
[4212] 2015/02/26 21:01:03.218 CALL GetFutureRight(F0200009232116)
[4212] 2015/02/26 21:01:08.281 CALL GetOpenInterest(F0200009232116)
[3932] 2015/02/26 21:01:09.531 CALL GetFutureRight(F0200009232129)
[3932] 2015/02/26 21:01:14.578 CALL GetOpenInterest(F0200009232129)
[4212] 2015/02/26 21:01:18.218 CALL GetFutureRight(F0200009232116)
[4212] 2015/02/26 21:01:23.265 CALL GetOpenInterest(F0200009232116)
[3932] 2015/02/26 21:01:24.531 CALL GetFutureRight(F0200009232129)
[3932] 2015/02/26 21:01:29.593 CALL GetOpenInterest(F0200009232129)
[4212] 2015/02/26 21:01:33.218 CALL GetFutureRight(F0200009232116)
[4212] 2015/02/26 21:01:38.281 CALL GetOpenInterest(F0200009232116)
[3932] 2015/02/26 21:01:39.531 CALL GetFutureRight(F0200009232129)
[3932] 2015/02/26 21:01:44.578 CALL GetOpenInterest(F0200009232129)
[4212] 2015/02/26 21:01:48.218 CALL GetFutureRight(F0200009232116)
[4212] 2015/02/26 21:01:53.265 CALL GetOpenInterest(F0200009232116)
[3932] 2015/02/26 21:01:54.531 CALL GetFutureRight(F0200009232129)
[3932] 2015/02/26 21:01:59.593 CALL GetOpenInterest(F0200009232129)
[4212] 2015/02/26 21:02:03.218 CALL GetFutureRight(F0200009232116)
[4212] 2015/02/26 21:02:08.265 CALL GetOpenInterest(F0200009232116)
[3932] 2015/02/26 21:02:09.531 CALL GetFutureRight(F0200009232129)
[3932] 2015/02/26 21:02:14.578 CALL GetOpenInterest(F0200009232129)
[4212] 2015/02/26 21:02:18.218 CALL GetFutureRight(F0200009232116)
[4212] 2015/02/26 21:02:23.265 CALL GetOpenInterest(F0200009232116)
[3932] 2015/02/26 21:02:24.531 CALL GetFutureRight(F0200009232129)
[3932] 2015/02/26 21:02:29.578 CALL GetOpenInterest(F0200009232129)
[4212] 2015/02/26 21:02:33.218 CALL GetFutureRight(F0200009232116)
[4212] 2015/02/26 21:02:38.265 CALL GetOpenInterest(F0200009232116)
[3932] 2015/02/26 21:02:39.531 CALL GetFutureRight(F0200009232129)
[3932] 2015/02/26 21:02:44.578 CALL GetOpenInterest(F0200009232129)
[4212] 2015/02/26 21:02:48.218 CALL GetFutureRight(F0200009232116)
[4212] 2015/02/26 21:02:53.265 CALL GetOpenInterest(F0200009232116)
[3932] 2015/02/26 21:02:54.531 CALL GetFutureRight(F0200009232129)
[3932] 2015/02/26 21:02:59.578 CALL GetOpenInterest(F0200009232129)
[4212] 2015/02/26 21:03:03.218 CALL GetFutureRight(F0200009232116)
[4212] 2015/02/26 21:03:08.281 CALL GetOpenInterest(F0200009232116)
[3932] 2015/02/26 21:03:09.531 CALL GetFutureRight(F0200009232129)
[3932] 2015/02/26 21:03:14.593 CALL GetOpenInterest(F0200009232129)
[4212] 2015/02/26 21:03:18.218 CALL GetFutureRight(F0200009232116)
[4212] 2015/02/26 21:03:23.281 CALL GetOpenInterest(F0200009232116)
[3932] 2015/02/26 21:03:24.531 CALL GetFutureRight(F0200009232129)
[3932] 2015/02/26 21:03:29.578 CALL GetOpenInterest(F0200009232129)
[4212] 2015/02/26 21:03:33.218 CALL GetFutureRight(F0200009232116)
[4212] 2015/02/26 21:03:38.281 CALL GetOpenInterest(F0200009232116)
[3932] 2015/02/26 21:03:39.531 CALL GetFutureRight(F0200009232129)
[3932] 2015/02/26 21:03:44.593 CALL GetOpenInterest(F0200009232129)
[4212] 2015/02/26 21:03:48.218 CALL GetFutureRight(F0200009232116)
[4212] 2015/02/26 21:03:53.281 CALL GetOpenInterest(F0200009232116)
[3932] 2015/02/26 21:03:54.531 CALL GetFutureRight(F0200009232129)
[3932] 2015/02/26 21:03:59.593 CALL GetOpenInterest(F0200009232129)
[4212] 2015/02/26 21:04:03.218 CALL GetFutureRight(F0200009232116)
[4212] 2015/02/26 21:04:08.281 CALL GetOpenInterest(F0200009232116)
[3932] 2015/02/26 21:04:09.531 CALL GetFutureRight(F0200009232129)
[3932] 2015/02/26 21:04:14.593 CALL GetOpenInterest(F0200009232129)
[4212] 2015/02/26 21:04:18.218 CALL GetFutureRight(F0200009232116)
[4212] 2015/02/26 21:04:23.265 CALL GetOpenInterest(F0200009232116)
[3932] 2015/02/26 21:04:24.531 CALL GetFutureRight(F0200009232129)
[3932] 2015/02/26 21:04:29.578 CALL GetOpenInterest(F0200009232129)
[4212] 2015/02/26 21:04:33.218 CALL GetFutureRight(F0200009232116)
[4212] 2015/02/26 21:04:38.281 CALL GetOpenInterest(F0200009232116)
[3932] 2015/02/26 21:04:39.531 CALL GetFutureRight(F0200009232129)
[3932] 2015/02/26 21:04:44.593 CALL GetOpenInterest(F0200009232129)
[4212] 2015/02/26 21:04:48.218 CALL GetFutureRight(F0200009232116)
[4212] 2015/02/26 21:04:53.281 CALL GetOpenInterest(F0200009232116)
[3932] 2015/02/26 21:04:54.531 CALL GetFutureRight(F0200009232129)
[3932] 2015/02/26 21:04:59.593 CALL GetOpenInterest(F0200009232129)
[4212] 2015/02/26 21:05:03.218 CALL GetFutureRight(F0200009232116)
[4212] 2015/02/26 21:05:08.296 CALL GetOpenInterest(F0200009232116)
[3932] 2015/02/26 21:05:09.531 CALL GetFutureRight(F0200009232129)
