[5928] 2015/02/28 01:23:11.891 SKOrderLib ª©¥» 2.1.22
[5928] 2015/02/28 01:23:11.907 Login ID: S122811334
[5928] 2015/02/28 01:23:13.499 CALL RegisterOnAccountCallBack()
[5928] 2015/02/28 01:23:13.514 CALL RegisterOnOrderAsyncReportCallBack()
[5928] 2015/02/28 01:23:13.514 CALL RegisterOnAccountWithLoginIDCallBack()
[5928] 2015/02/28 01:23:13.514 CALL RegisterOnRealBalanceReportCallBack()
[5928] 2015/02/28 01:23:13.514 CALL RegisterOnOpenInterestCallBack()
[5928] 2015/02/28 01:23:13.514 CALL RegisterOnStopLossReportCallBack()
[5928] 2015/02/28 01:23:13.514 CALL RegisterOnOverseaFuturesCallBack()
[5928] 2015/02/28 01:23:13.514 CALL RegisterOnOverseaFutureOpenInterestCallBack()
[5928] 2015/02/28 01:23:13.514 CALL RegisterOnOverseaOptionsCallBack()
[5928] 2015/02/28 01:23:13.514 CALL RegisterOnFutureRightCallBack()
[5928] 2015/02/28 01:23:13.514 CALL RegisterOnCertCanceled()
[5928] 2015/02/28 01:23:13.514 CALL RegisterOnExecutionReportCallBack()
[5928] 2015/02/28 01:23:13.514 CALL GetUserAccount()
[5928] 2015/02/28 01:23:13.514 TS,9186,9186,0213851,S122811334,½²¦¼´Ü,0,0
[5928] 2015/02/28 01:23:13.514 OS,9188,9188,0011491,S122811334,½²¦¼´Ü,0,0
[5928] 2015/02/28 01:23:13.514 TS,9188,9188,0259512,S122811334,½²¦¼´Ü,0,0
[5928] 2015/02/28 01:23:13.514 TF,F020000,000,9232116,S122811334,½²¦¼´Ü,0,0
[5928] 2015/02/28 01:23:13.514 OF,F020000,000,9232116,S122811334,½²¦¼´Ü,0,0
[5928] 2015/02/28 01:23:13.530 TF,F020000,000,9232129,S122811334,½²¦¼´Ü,0,0
[5928] 2015/02/28 01:23:13.530 OF,F020000,000,9232129,S122811334,½²¦¼´Ü,0,0
[5928] 2015/02/28 01:23:13.530 CALL SKOrderLib_ReadCertByID(S122811334)
[5928] 2015/02/28 01:23:14.216 CALL GetFutureRight(F0200009232116)
[5928] 2015/02/28 01:23:20.113 CALL GetOpenInterest(F0200009232116)
[4132] 2015/02/28 01:23:20.238 SKOrderLib ª©¥» 2.1.22
[4132] 2015/02/28 01:23:20.238 Login ID: S122811334
[4132] 2015/02/28 01:23:21.697 CALL RegisterOnAccountCallBack()
[4132] 2015/02/28 01:23:21.697 CALL RegisterOnOrderAsyncReportCallBack()
[4132] 2015/02/28 01:23:21.697 CALL RegisterOnAccountWithLoginIDCallBack()
[4132] 2015/02/28 01:23:21.697 CALL RegisterOnRealBalanceReportCallBack()
[4132] 2015/02/28 01:23:21.697 CALL RegisterOnOpenInterestCallBack()
[4132] 2015/02/28 01:23:21.697 CALL RegisterOnStopLossReportCallBack()
[4132] 2015/02/28 01:23:21.697 CALL RegisterOnOverseaFuturesCallBack()
[4132] 2015/02/28 01:23:21.697 CALL RegisterOnOverseaFutureOpenInterestCallBack()
[4132] 2015/02/28 01:23:21.697 CALL RegisterOnOverseaOptionsCallBack()
[4132] 2015/02/28 01:23:21.697 CALL RegisterOnFutureRightCallBack()
[4132] 2015/02/28 01:23:21.697 CALL RegisterOnCertCanceled()
[4132] 2015/02/28 01:23:21.697 CALL RegisterOnExecutionReportCallBack()
[4132] 2015/02/28 01:23:21.712 CALL GetUserAccount()
[4132] 2015/02/28 01:23:21.712 TS,9186,9186,0213851,S122811334,½²¦¼´Ü,0,0
[4132] 2015/02/28 01:23:21.712 OS,9188,9188,0011491,S122811334,½²¦¼´Ü,0,0
[4132] 2015/02/28 01:23:21.712 TS,9188,9188,0259512,S122811334,½²¦¼´Ü,0,0
[4132] 2015/02/28 01:23:21.712 TF,F020000,000,9232116,S122811334,½²¦¼´Ü,0,0
[4132] 2015/02/28 01:23:21.712 OF,F020000,000,9232116,S122811334,½²¦¼´Ü,0,0
[4132] 2015/02/28 01:23:21.712 TF,F020000,000,9232129,S122811334,½²¦¼´Ü,0,0
[4132] 2015/02/28 01:23:21.712 OF,F020000,000,9232129,S122811334,½²¦¼´Ü,0,0
[4132] 2015/02/28 01:23:21.712 CALL SKOrderLib_ReadCertByID(S122811334)
[4132] 2015/02/28 01:23:22.291 CALL GetFutureRight(F0200009232129)
[4132] 2015/02/28 01:23:27.949 CALL GetOpenInterest(F0200009232129)
[5928] 2015/02/28 01:23:35.203 CALL GetFutureRight(F0200009232116)
[5928] 2015/02/28 01:23:40.519 CALL GetOpenInterest(F0200009232116)
[4132] 2015/02/28 01:23:43.064 CALL GetFutureRight(F0200009232129)
[4132] 2015/02/28 01:23:48.172 CALL GetOpenInterest(F0200009232129)
[5928] 2015/02/28 01:23:50.215 CALL GetFutureRight(F0200009232116)
[5928] 2015/02/28 01:23:55.421 CALL GetOpenInterest(F0200009232116)
[4132] 2015/02/28 01:23:58.070 CALL GetFutureRight(F0200009232129)
[4132] 2015/02/28 01:24:03.212 CALL GetOpenInterest(F0200009232129)
[5928] 2015/02/28 01:24:05.214 CALL GetFutureRight(F0200009232116)
[5928] 2015/02/28 01:24:10.344 CALL GetOpenInterest(F0200009232116)
[4132] 2015/02/28 01:24:13.084 CALL GetFutureRight(F0200009232129)
[4132] 2015/02/28 01:24:18.212 CALL GetOpenInterest(F0200009232129)
[5928] 2015/02/28 01:24:20.227 CALL GetFutureRight(F0200009232116)
[5928] 2015/02/28 01:24:25.380 CALL GetOpenInterest(F0200009232116)
[4132] 2015/02/28 01:24:28.084 CALL GetFutureRight(F0200009232129)
[4132] 2015/02/28 01:24:33.194 CALL GetOpenInterest(F0200009232129)
[5928] 2015/02/28 01:24:35.241 CALL GetFutureRight(F0200009232116)
[5928] 2015/02/28 01:24:40.364 CALL GetOpenInterest(F0200009232116)
[4132] 2015/02/28 01:24:43.095 CALL GetFutureRight(F0200009232129)
[4132] 2015/02/28 01:24:48.195 CALL GetOpenInterest(F0200009232129)
[5928] 2015/02/28 01:24:50.242 CALL GetFutureRight(F0200009232116)
[5928] 2015/02/28 01:24:55.762 CALL GetOpenInterest(F0200009232116)
[4132] 2015/02/28 01:24:58.109 CALL GetFutureRight(F0200009232129)
[4132] 2015/02/28 01:25:03.226 CALL GetOpenInterest(F0200009232129)
[5928] 2015/02/28 01:25:05.250 CALL GetFutureRight(F0200009232116)
[5928] 2015/02/28 01:25:10.347 CALL GetOpenInterest(F0200009232116)
[4132] 2015/02/28 01:25:13.111 CALL GetFutureRight(F0200009232129)
[4132] 2015/02/28 01:25:18.225 CALL GetOpenInterest(F0200009232129)
[5928] 2015/02/28 01:25:20.256 CALL GetFutureRight(F0200009232116)
[5928] 2015/02/28 01:25:25.379 CALL GetOpenInterest(F0200009232116)
[4132] 2015/02/28 01:25:28.126 CALL GetFutureRight(F0200009232129)
[4132] 2015/02/28 01:25:33.239 CALL GetOpenInterest(F0200009232129)
[5928] 2015/02/28 01:25:35.258 CALL GetFutureRight(F0200009232116)
[5928] 2015/02/28 01:25:40.377 CALL GetOpenInterest(F0200009232116)
[4132] 2015/02/28 01:25:43.126 CALL GetFutureRight(F0200009232129)
[4132] 2015/02/28 01:25:48.240 CALL GetOpenInterest(F0200009232129)
[5928] 2015/02/28 01:25:50.278 CALL GetFutureRight(F0200009232116)
[5928] 2015/02/28 01:25:55.393 CALL GetOpenInterest(F0200009232116)
[4132] 2015/02/28 01:25:58.139 CALL GetFutureRight(F0200009232129)
[4132] 2015/02/28 01:26:03.239 CALL GetOpenInterest(F0200009232129)
[5928] 2015/02/28 01:26:05.272 CALL GetFutureRight(F0200009232116)
[5928] 2015/02/28 01:26:10.392 CALL GetOpenInterest(F0200009232116)
[4132] 2015/02/28 01:26:13.139 CALL GetFutureRight(F0200009232129)
[4132] 2015/02/28 01:26:18.256 CALL GetOpenInterest(F0200009232129)
[5928] 2015/02/28 01:26:20.293 CALL GetFutureRight(F0200009232116)
[5928] 2015/02/28 01:26:25.407 CALL GetOpenInterest(F0200009232116)
[4132] 2015/02/28 01:26:28.154 CALL GetFutureRight(F0200009232129)
[4132] 2015/02/28 01:26:33.275 CALL GetOpenInterest(F0200009232129)
[5928] 2015/02/28 01:26:35.293 CALL GetFutureRight(F0200009232116)
[5216] 2015/02/28 01:40:04.159 SKOrderLib ª©¥» 2.1.22
[5216] 2015/02/28 01:40:04.160 Login ID: S122811334
[5216] 2015/02/28 01:40:05.725 CALL RegisterOnAccountCallBack()
[5216] 2015/02/28 01:40:05.725 CALL RegisterOnOrderAsyncReportCallBack()
[5216] 2015/02/28 01:40:05.725 CALL RegisterOnAccountWithLoginIDCallBack()
[5216] 2015/02/28 01:40:05.725 CALL RegisterOnRealBalanceReportCallBack()
[5216] 2015/02/28 01:40:05.725 CALL RegisterOnOpenInterestCallBack()
[5216] 2015/02/28 01:40:05.740 CALL RegisterOnStopLossReportCallBack()
[5216] 2015/02/28 01:40:05.740 CALL RegisterOnOverseaFuturesCallBack()
[5216] 2015/02/28 01:40:05.740 CALL RegisterOnOverseaFutureOpenInterestCallBack()
[5216] 2015/02/28 01:40:05.740 CALL RegisterOnOverseaOptionsCallBack()
[5216] 2015/02/28 01:40:05.740 CALL RegisterOnFutureRightCallBack()
[5216] 2015/02/28 01:40:05.740 CALL RegisterOnCertCanceled()
[5216] 2015/02/28 01:40:05.740 CALL RegisterOnExecutionReportCallBack()
[5216] 2015/02/28 01:40:05.740 CALL GetUserAccount()
[5216] 2015/02/28 01:40:05.740 TS,9186,9186,0213851,S122811334,½²¦¼´Ü,0,0
[5216] 2015/02/28 01:40:05.756 OS,9188,9188,0011491,S122811334,½²¦¼´Ü,0,0
[5216] 2015/02/28 01:40:05.756 TS,9188,9188,0259512,S122811334,½²¦¼´Ü,0,0
[5216] 2015/02/28 01:40:05.756 TF,F020000,000,9232116,S122811334,½²¦¼´Ü,0,0
[5216] 2015/02/28 01:40:05.756 OF,F020000,000,9232116,S122811334,½²¦¼´Ü,0,0
[5216] 2015/02/28 01:40:05.756 TF,F020000,000,9232129,S122811334,½²¦¼´Ü,0,0
[5216] 2015/02/28 01:40:05.756 OF,F020000,000,9232129,S122811334,½²¦¼´Ü,0,0
[5216] 2015/02/28 01:40:05.756 CALL SKOrderLib_ReadCertByID(S122811334)
[5216] 2015/02/28 01:40:06.439 CALL GetFutureRight(F0200009232116)
[5216] 2015/02/28 01:40:11.976 CALL GetOpenInterest(F0200009232116)
[6064] 2015/02/28 01:40:12.108 SKOrderLib ª©¥» 2.1.22
[6064] 2015/02/28 01:40:12.108 Login ID: S122811334
[6064] 2015/02/28 01:40:13.592 CALL RegisterOnAccountCallBack()
[6064] 2015/02/28 01:40:13.592 CALL RegisterOnOrderAsyncReportCallBack()
[6064] 2015/02/28 01:40:13.592 CALL RegisterOnAccountWithLoginIDCallBack()
[6064] 2015/02/28 01:40:13.592 CALL RegisterOnRealBalanceReportCallBack()
[6064] 2015/02/28 01:40:13.592 CALL RegisterOnOpenInterestCallBack()
[6064] 2015/02/28 01:40:13.592 CALL RegisterOnStopLossReportCallBack()
[6064] 2015/02/28 01:40:13.592 CALL RegisterOnOverseaFuturesCallBack()
[6064] 2015/02/28 01:40:13.592 CALL RegisterOnOverseaFutureOpenInterestCallBack()
[6064] 2015/02/28 01:40:13.592 CALL RegisterOnOverseaOptionsCallBack()
[6064] 2015/02/28 01:40:13.608 CALL RegisterOnFutureRightCallBack()
[6064] 2015/02/28 01:40:13.608 CALL RegisterOnCertCanceled()
[6064] 2015/02/28 01:40:13.608 CALL RegisterOnExecutionReportCallBack()
[6064] 2015/02/28 01:40:13.608 CALL GetUserAccount()
[6064] 2015/02/28 01:40:13.608 TS,9186,9186,0213851,S122811334,½²¦¼´Ü,0,0
[6064] 2015/02/28 01:40:13.608 OS,9188,9188,0011491,S122811334,½²¦¼´Ü,0,0
[6064] 2015/02/28 01:40:13.608 TS,9188,9188,0259512,S122811334,½²¦¼´Ü,0,0
[6064] 2015/02/28 01:40:13.608 TF,F020000,000,9232116,S122811334,½²¦¼´Ü,0,0
[6064] 2015/02/28 01:40:13.608 OF,F020000,000,9232116,S122811334,½²¦¼´Ü,0,0
[6064] 2015/02/28 01:40:13.608 TF,F020000,000,9232129,S122811334,½²¦¼´Ü,0,0
[6064] 2015/02/28 01:40:13.608 OF,F020000,000,9232129,S122811334,½²¦¼´Ü,0,0
[6064] 2015/02/28 01:40:13.608 CALL SKOrderLib_ReadCertByID(S122811334)
[6064] 2015/02/28 01:40:14.192 CALL GetFutureRight(F0200009232129)
[6064] 2015/02/28 01:40:19.622 CALL GetOpenInterest(F0200009232129)
[5216] 2015/02/28 01:40:27.093 CALL GetFutureRight(F0200009232116)
[5216] 2015/02/28 01:40:32.206 CALL GetOpenInterest(F0200009232116)
[6064] 2015/02/28 01:40:34.738 CALL GetFutureRight(F0200009232129)
[6064] 2015/02/28 01:40:39.923 CALL GetOpenInterest(F0200009232129)
[5216] 2015/02/28 01:40:42.094 CALL GetFutureRight(F0200009232116)
[5216] 2015/02/28 01:40:47.205 CALL GetOpenInterest(F0200009232116)
[6064] 2015/02/28 01:40:49.738 CALL GetFutureRight(F0200009232129)
[6064] 2015/02/28 01:40:54.852 CALL GetOpenInterest(F0200009232129)
[5216] 2015/02/28 01:40:57.107 CALL GetFutureRight(F0200009232116)
[5216] 2015/02/28 01:41:02.206 CALL GetOpenInterest(F0200009232116)
[6064] 2015/02/28 01:41:04.753 CALL GetFutureRight(F0200009232129)
[6064] 2015/02/28 01:41:09.858 CALL GetOpenInterest(F0200009232129)
[5216] 2015/02/28 01:41:12.121 CALL GetFutureRight(F0200009232116)
[5216] 2015/02/28 01:41:17.236 CALL GetOpenInterest(F0200009232116)
[6064] 2015/02/28 01:41:19.753 CALL GetFutureRight(F0200009232129)
[6064] 2015/02/28 01:41:24.889 CALL GetOpenInterest(F0200009232129)
[5216] 2015/02/28 01:41:27.121 CALL GetFutureRight(F0200009232116)
[5216] 2015/02/28 01:41:32.251 CALL GetOpenInterest(F0200009232116)
[6064] 2015/02/28 01:41:34.772 CALL GetFutureRight(F0200009232129)
[6064] 2015/02/28 01:41:39.874 CALL GetOpenInterest(F0200009232129)
[5216] 2015/02/28 01:41:42.136 CALL GetFutureRight(F0200009232116)
[5216] 2015/02/28 01:41:47.237 CALL GetOpenInterest(F0200009232116)
[6064] 2015/02/28 01:41:49.772 CALL GetFutureRight(F0200009232129)
[6064] 2015/02/28 01:41:54.873 CALL GetOpenInterest(F0200009232129)
[5216] 2015/02/28 01:41:57.134 CALL GetFutureRight(F0200009232116)
[5216] 2015/02/28 01:42:02.249 CALL GetOpenInterest(F0200009232116)
[6064] 2015/02/28 01:42:04.787 CALL GetFutureRight(F0200009232129)
[6064] 2015/02/28 01:42:09.904 CALL GetOpenInterest(F0200009232129)
[5216] 2015/02/28 01:42:12.150 CALL GetFutureRight(F0200009232116)
[5216] 2015/02/28 01:42:17.261 CALL GetOpenInterest(F0200009232116)
[6064] 2015/02/28 01:42:19.787 CALL GetFutureRight(F0200009232129)
[6064] 2015/02/28 01:42:24.888 CALL GetOpenInterest(F0200009232129)
[5216] 2015/02/28 01:42:27.150 CALL GetFutureRight(F0200009232116)
[5216] 2015/02/28 01:42:32.260 CALL GetOpenInterest(F0200009232116)
[6064] 2015/02/28 01:42:34.802 CALL GetFutureRight(F0200009232129)
[6064] 2015/02/28 01:42:39.917 CALL GetOpenInterest(F0200009232129)
[5216] 2015/02/28 01:42:42.170 CALL GetFutureRight(F0200009232116)
[5216] 2015/02/28 01:42:47.270 CALL GetOpenInterest(F0200009232116)
[6064] 2015/02/28 01:42:49.801 CALL GetFutureRight(F0200009232129)
[6064] 2015/02/28 01:42:54.916 CALL GetOpenInterest(F0200009232129)
[5216] 2015/02/28 01:42:57.185 CALL GetFutureRight(F0200009232116)
[5216] 2015/02/28 01:43:02.301 CALL GetOpenInterest(F0200009232116)
[6064] 2015/02/28 01:43:04.817 CALL GetFutureRight(F0200009232129)
[6064] 2015/02/28 01:43:09.932 CALL GetOpenInterest(F0200009232129)
[5216] 2015/02/28 01:43:12.184 CALL GetFutureRight(F0200009232116)
[5216] 2015/02/28 01:43:17.285 CALL GetOpenInterest(F0200009232116)
[6064] 2015/02/28 01:43:19.815 CALL GetFutureRight(F0200009232129)
[1656] 2015/02/28 01:47:29.413 SKOrderLib ª©¥» 2.1.22
[1656] 2015/02/28 01:47:29.413 Login ID: S122811334
[1656] 2015/02/28 01:47:30.791 CALL RegisterOnAccountCallBack()
[1656] 2015/02/28 01:47:30.791 CALL RegisterOnOrderAsyncReportCallBack()
[1656] 2015/02/28 01:47:30.791 CALL RegisterOnAccountWithLoginIDCallBack()
[1656] 2015/02/28 01:47:30.791 CALL RegisterOnRealBalanceReportCallBack()
[1656] 2015/02/28 01:47:30.791 CALL RegisterOnOpenInterestCallBack()
[1656] 2015/02/28 01:47:30.791 CALL RegisterOnStopLossReportCallBack()
[1656] 2015/02/28 01:47:30.791 CALL RegisterOnOverseaFuturesCallBack()
[1656] 2015/02/28 01:47:30.791 CALL RegisterOnOverseaFutureOpenInterestCallBack()
[1656] 2015/02/28 01:47:30.791 CALL RegisterOnOverseaOptionsCallBack()
[1656] 2015/02/28 01:47:30.791 CALL RegisterOnFutureRightCallBack()
[1656] 2015/02/28 01:47:30.791 CALL RegisterOnCertCanceled()
[1656] 2015/02/28 01:47:30.791 CALL RegisterOnExecutionReportCallBack()
[1656] 2015/02/28 01:47:30.807 CALL GetUserAccount()
[1656] 2015/02/28 01:47:30.807 TS,9186,9186,0213851,S122811334,½²¦¼´Ü,0,0
[1656] 2015/02/28 01:47:30.807 OS,9188,9188,0011491,S122811334,½²¦¼´Ü,0,0
[1656] 2015/02/28 01:47:30.807 TS,9188,9188,0259512,S122811334,½²¦¼´Ü,0,0
[1656] 2015/02/28 01:47:30.807 TF,F020000,000,9232116,S122811334,½²¦¼´Ü,0,0
[1656] 2015/02/28 01:47:30.807 OF,F020000,000,9232116,S122811334,½²¦¼´Ü,0,0
[1656] 2015/02/28 01:47:30.807 TF,F020000,000,9232129,S122811334,½²¦¼´Ü,0,0
[1656] 2015/02/28 01:47:30.807 OF,F020000,000,9232129,S122811334,½²¦¼´Ü,0,0
[1656] 2015/02/28 01:47:30.807 CALL SKOrderLib_ReadCertByID(S122811334)
[1656] 2015/02/28 01:47:31.391 CALL GetFutureRight(F0200009232116)
[1656] 2015/02/28 01:47:36.907 CALL GetOpenInterest(F0200009232116)
[3684] 2015/02/28 01:47:37.038 SKOrderLib ª©¥» 2.1.22
[3684] 2015/02/28 01:47:37.038 Login ID: S122811334
[3684] 2015/02/28 01:47:38.491 CALL RegisterOnAccountCallBack()
[3684] 2015/02/28 01:47:38.491 CALL RegisterOnOrderAsyncReportCallBack()
[3684] 2015/02/28 01:47:38.506 CALL RegisterOnAccountWithLoginIDCallBack()
[3684] 2015/02/28 01:47:38.506 CALL RegisterOnRealBalanceReportCallBack()
[3684] 2015/02/28 01:47:38.506 CALL RegisterOnOpenInterestCallBack()
[3684] 2015/02/28 01:47:38.506 CALL RegisterOnStopLossReportCallBack()
[3684] 2015/02/28 01:47:38.506 CALL RegisterOnOverseaFuturesCallBack()
[3684] 2015/02/28 01:47:38.506 CALL RegisterOnOverseaFutureOpenInterestCallBack()
[3684] 2015/02/28 01:47:38.506 CALL RegisterOnOverseaOptionsCallBack()
[3684] 2015/02/28 01:47:38.506 CALL RegisterOnFutureRightCallBack()
[3684] 2015/02/28 01:47:38.506 CALL RegisterOnCertCanceled()
[3684] 2015/02/28 01:47:38.506 CALL RegisterOnExecutionReportCallBack()
[3684] 2015/02/28 01:47:38.506 CALL GetUserAccount()
[3684] 2015/02/28 01:47:38.506 TS,9186,9186,0213851,S122811334,½²¦¼´Ü,0,0
[3684] 2015/02/28 01:47:38.506 OS,9188,9188,0011491,S122811334,½²¦¼´Ü,0,0
[3684] 2015/02/28 01:47:38.506 TS,9188,9188,0259512,S122811334,½²¦¼´Ü,0,0
[3684] 2015/02/28 01:47:38.506 TF,F020000,000,9232116,S122811334,½²¦¼´Ü,0,0
[3684] 2015/02/28 01:47:38.506 OF,F020000,000,9232116,S122811334,½²¦¼´Ü,0,0
[3684] 2015/02/28 01:47:38.506 TF,F020000,000,9232129,S122811334,½²¦¼´Ü,0,0
[3684] 2015/02/28 01:47:38.506 OF,F020000,000,9232129,S122811334,½²¦¼´Ü,0,0
[3684] 2015/02/28 01:47:38.522 CALL SKOrderLib_ReadCertByID(S122811334)
[3684] 2015/02/28 01:47:39.091 CALL GetFutureRight(F0200009232129)
[3684] 2015/02/28 01:47:44.522 CALL GetOpenInterest(F0200009232129)
[1656] 2015/02/28 01:47:52.006 CALL GetFutureRight(F0200009232116)
[1656] 2015/02/28 01:47:57.390 CALL GetOpenInterest(F0200009232116)
[3684] 2015/02/28 01:47:59.641 CALL GetFutureRight(F0200009232129)
[3684] 2015/02/28 01:48:04.737 CALL GetOpenInterest(F0200009232129)
[1656] 2015/02/28 01:48:07.020 CALL GetFutureRight(F0200009232116)
[1656] 2015/02/28 01:48:12.121 CALL GetOpenInterest(F0200009232116)
[3684] 2015/02/28 01:48:14.636 CALL GetFutureRight(F0200009232129)
[3684] 2015/02/28 01:48:19.756 CALL GetOpenInterest(F0200009232129)
[1656] 2015/02/28 01:48:22.020 CALL GetFutureRight(F0200009232116)
[1656] 2015/02/28 01:48:27.136 CALL GetOpenInterest(F0200009232116)
[3684] 2015/02/28 01:48:29.651 CALL GetFutureRight(F0200009232129)
[3684] 2015/02/28 01:48:34.772 CALL GetOpenInterest(F0200009232129)
[1656] 2015/02/28 01:48:37.034 CALL GetFutureRight(F0200009232116)
[1656] 2015/02/28 01:48:42.137 CALL GetOpenInterest(F0200009232116)
[3684] 2015/02/28 01:48:44.651 CALL GetFutureRight(F0200009232129)
[3684] 2015/02/28 01:48:49.772 CALL GetOpenInterest(F0200009232129)
[1656] 2015/02/28 01:48:52.035 CALL GetFutureRight(F0200009232116)
[1656] 2015/02/28 01:48:57.149 CALL GetOpenInterest(F0200009232116)
[3684] 2015/02/28 01:48:59.671 CALL GetFutureRight(F0200009232129)
[3684] 2015/02/28 01:49:04.799 CALL GetOpenInterest(F0200009232129)
[1656] 2015/02/28 01:49:07.050 CALL GetFutureRight(F0200009232116)
[1656] 2015/02/28 01:49:12.171 CALL GetOpenInterest(F0200009232116)
[3684] 2015/02/28 01:49:14.666 CALL GetFutureRight(F0200009232129)
[3684] 2015/02/28 01:49:19.786 CALL GetOpenInterest(F0200009232129)
[1656] 2015/02/28 01:49:22.048 CALL GetFutureRight(F0200009232116)
[1656] 2015/02/28 01:49:27.155 CALL GetOpenInterest(F0200009232116)
[3684] 2015/02/28 01:49:29.686 CALL GetFutureRight(F0200009232129)
[3684] 2015/02/28 01:49:34.801 CALL GetOpenInterest(F0200009232129)
[1656] 2015/02/28 01:49:37.055 CALL GetFutureRight(F0200009232116)
[1656] 2015/02/28 01:49:42.185 CALL GetOpenInterest(F0200009232116)
[3684] 2015/02/28 01:49:44.686 CALL GetFutureRight(F0200009232129)
[3684] 2015/02/28 01:49:49.785 CALL GetOpenInterest(F0200009232129)
[1656] 2015/02/28 01:49:52.058 CALL GetFutureRight(F0200009232116)
[1656] 2015/02/28 01:49:57.154 CALL GetOpenInterest(F0200009232116)
[3684] 2015/02/28 01:49:59.700 CALL GetFutureRight(F0200009232129)
[3684] 2015/02/28 01:50:04.816 CALL GetOpenInterest(F0200009232129)
[1656] 2015/02/28 01:50:07.067 CALL GetFutureRight(F0200009232116)
[1656] 2015/02/28 01:50:12.168 CALL GetOpenInterest(F0200009232116)
[3684] 2015/02/28 01:50:14.701 CALL GetFutureRight(F0200009232129)
[3684] 2015/02/28 01:50:19.816 CALL GetOpenInterest(F0200009232129)
[1656] 2015/02/28 01:50:22.085 CALL GetFutureRight(F0200009232116)
[1656] 2015/02/28 01:50:27.200 CALL GetOpenInterest(F0200009232116)
[3684] 2015/02/28 01:50:29.715 CALL GetFutureRight(F0200009232129)
[3684] 2015/02/28 01:50:34.845 CALL GetOpenInterest(F0200009232129)
[1656] 2015/02/28 01:50:37.084 CALL GetFutureRight(F0200009232116)
[1656] 2015/02/28 01:50:42.183 CALL GetOpenInterest(F0200009232116)
[3684] 2015/02/28 01:50:44.716 CALL GetFutureRight(F0200009232129)
[3684] 2015/02/28 01:50:49.830 CALL GetOpenInterest(F0200009232129)
[1656] 2015/02/28 01:50:52.099 CALL GetFutureRight(F0200009232116)
[1656] 2015/02/28 01:50:57.213 CALL GetOpenInterest(F0200009232116)
[3684] 2015/02/28 01:50:59.728 CALL GetFutureRight(F0200009232129)
[3684] 2015/02/28 01:51:04.829 CALL GetOpenInterest(F0200009232129)
[1656] 2015/02/28 01:51:07.099 CALL GetFutureRight(F0200009232116)
[1656] 2015/02/28 01:51:12.213 CALL GetOpenInterest(F0200009232116)
[3684] 2015/02/28 01:51:14.729 CALL GetFutureRight(F0200009232129)
[3684] 2015/02/28 01:51:19.844 CALL GetOpenInterest(F0200009232129)
[1656] 2015/02/28 01:51:22.114 CALL GetFutureRight(F0200009232116)
[1656] 2015/02/28 01:51:27.243 CALL GetOpenInterest(F0200009232116)
[3684] 2015/02/28 01:51:29.744 CALL GetFutureRight(F0200009232129)
[3684] 2015/02/28 01:51:34.858 CALL GetOpenInterest(F0200009232129)
[1656] 2015/02/28 01:51:37.112 CALL GetFutureRight(F0200009232116)
[1656] 2015/02/28 01:51:42.227 CALL GetOpenInterest(F0200009232116)
[3684] 2015/02/28 01:51:44.744 CALL GetFutureRight(F0200009232129)
[3684] 2015/02/28 01:51:49.860 CALL GetOpenInterest(F0200009232129)
[1656] 2015/02/28 01:51:52.126 CALL GetFutureRight(F0200009232116)
[1656] 2015/02/28 01:51:57.242 CALL GetOpenInterest(F0200009232116)
[3684] 2015/02/28 01:51:59.764 CALL GetFutureRight(F0200009232129)
[3684] 2015/02/28 01:52:04.896 CALL GetOpenInterest(F0200009232129)
[1656] 2015/02/28 01:52:07.127 CALL GetFutureRight(F0200009232116)
[1656] 2015/02/28 01:52:12.257 CALL GetOpenInterest(F0200009232116)
[3684] 2015/02/28 01:52:14.780 CALL GetFutureRight(F0200009232129)
[3684] 2015/02/28 01:52:19.897 CALL GetOpenInterest(F0200009232129)
[1656] 2015/02/28 01:52:22.143 CALL GetFutureRight(F0200009232116)
[1656] 2015/02/28 01:52:27.259 CALL GetOpenInterest(F0200009232116)
[3684] 2015/02/28 01:52:29.779 CALL GetFutureRight(F0200009232129)
[3684] 2015/02/28 01:52:34.895 CALL GetOpenInterest(F0200009232129)
[1656] 2015/02/28 01:52:37.143 CALL GetFutureRight(F0200009232116)
[1656] 2015/02/28 01:52:42.259 CALL GetOpenInterest(F0200009232116)
[3684] 2015/02/28 01:52:44.795 CALL GetFutureRight(F0200009232129)
[3684] 2015/02/28 01:52:49.896 CALL GetOpenInterest(F0200009232129)
[1656] 2015/02/28 01:52:52.162 CALL GetFutureRight(F0200009232116)
[1656] 2015/02/28 01:52:57.274 CALL GetOpenInterest(F0200009232116)
[3684] 2015/02/28 01:52:59.794 CALL GetFutureRight(F0200009232129)
[3684] 2015/02/28 01:53:04.911 CALL GetOpenInterest(F0200009232129)
[1656] 2015/02/28 01:53:07.178 CALL GetFutureRight(F0200009232116)
[1656] 2015/02/28 01:53:12.310 CALL GetOpenInterest(F0200009232116)
[3684] 2015/02/28 01:53:14.810 CALL GetFutureRight(F0200009232129)
[3684] 2015/02/28 01:53:19.926 CALL GetOpenInterest(F0200009232129)
[1656] 2015/02/28 01:53:22.177 CALL GetFutureRight(F0200009232116)
[1656] 2015/02/28 01:53:27.309 CALL GetOpenInterest(F0200009232116)
[3684] 2015/02/28 01:53:29.808 CALL GetFutureRight(F0200009232129)
[3684] 2015/02/28 01:53:34.942 CALL GetOpenInterest(F0200009232129)
[1656] 2015/02/28 01:53:37.193 CALL GetFutureRight(F0200009232116)
[1656] 2015/02/28 01:53:42.309 CALL GetOpenInterest(F0200009232116)
[3684] 2015/02/28 01:53:44.823 CALL GetFutureRight(F0200009232129)
[3684] 2015/02/28 01:53:49.941 CALL GetOpenInterest(F0200009232129)
[1656] 2015/02/28 01:53:52.192 CALL GetFutureRight(F0200009232116)
[1656] 2015/02/28 01:53:57.293 CALL GetOpenInterest(F0200009232116)
[3684] 2015/02/28 01:53:59.823 CALL GetFutureRight(F0200009232129)
[3684] 2015/02/28 01:54:04.955 CALL GetOpenInterest(F0200009232129)
[1656] 2015/02/28 01:54:07.207 CALL GetFutureRight(F0200009232116)
[1656] 2015/02/28 01:54:12.322 CALL GetOpenInterest(F0200009232116)
[3684] 2015/02/28 01:54:14.839 CALL GetFutureRight(F0200009232129)
[3684] 2015/02/28 01:54:19.954 CALL GetOpenInterest(F0200009232129)
[1656] 2015/02/28 01:54:22.206 CALL GetFutureRight(F0200009232116)
[1656] 2015/02/28 01:54:27.322 CALL GetOpenInterest(F0200009232116)
[3684] 2015/02/28 01:54:29.838 CALL GetFutureRight(F0200009232129)
[3684] 2015/02/28 01:54:34.956 CALL GetOpenInterest(F0200009232129)
[1656] 2015/02/28 01:54:37.222 CALL GetFutureRight(F0200009232116)
[1656] 2015/02/28 01:54:42.352 CALL GetOpenInterest(F0200009232116)
[3684] 2015/02/28 01:54:44.853 CALL GetFutureRight(F0200009232129)
[3684] 2015/02/28 01:54:49.975 CALL GetOpenInterest(F0200009232129)
[1656] 2015/02/28 01:54:52.221 CALL GetFutureRight(F0200009232116)
[1656] 2015/02/28 01:54:57.337 CALL GetOpenInterest(F0200009232116)
[3684] 2015/02/28 01:54:59.852 CALL GetFutureRight(F0200009232129)
[3684] 2015/02/28 01:55:04.958 CALL GetOpenInterest(F0200009232129)
[1656] 2015/02/28 01:55:07.236 CALL GetFutureRight(F0200009232116)
[1656] 2015/02/28 01:55:12.353 CALL GetOpenInterest(F0200009232116)
[3684] 2015/02/28 01:55:14.873 CALL GetFutureRight(F0200009232129)
[3684] 2015/02/28 01:55:20.004 CALL GetOpenInterest(F0200009232129)
[1656] 2015/02/28 01:55:22.236 CALL GetFutureRight(F0200009232116)
[1656] 2015/02/28 01:55:27.372 CALL GetOpenInterest(F0200009232116)
[3684] 2015/02/28 01:55:29.890 CALL GetFutureRight(F0200009232129)
[3684] 2015/02/28 01:55:35.004 CALL GetOpenInterest(F0200009232129)
[1656] 2015/02/28 01:55:37.252 CALL GetFutureRight(F0200009232116)
[1656] 2015/02/28 01:55:42.372 CALL GetOpenInterest(F0200009232116)
[3684] 2015/02/28 01:55:44.888 CALL GetFutureRight(F0200009232129)
[3684] 2015/02/28 01:55:50.003 CALL GetOpenInterest(F0200009232129)
[1656] 2015/02/28 01:55:52.250 CALL GetFutureRight(F0200009232116)
[1656] 2015/02/28 01:55:57.372 CALL GetOpenInterest(F0200009232116)
[3684] 2015/02/28 01:55:59.904 CALL GetFutureRight(F0200009232129)
[3684] 2015/02/28 01:56:05.002 CALL GetOpenInterest(F0200009232129)
[1656] 2015/02/28 01:56:07.256 CALL GetFutureRight(F0200009232116)
[1656] 2015/02/28 01:56:12.371 CALL GetOpenInterest(F0200009232116)
[3684] 2015/02/28 01:56:14.903 CALL GetFutureRight(F0200009232129)
[3684] 2015/02/28 01:56:20.002 CALL GetOpenInterest(F0200009232129)
[1656] 2015/02/28 01:56:22.270 CALL GetFutureRight(F0200009232116)
[1656] 2015/02/28 01:56:27.401 CALL GetOpenInterest(F0200009232116)
[3684] 2015/02/28 01:56:29.918 CALL GetFutureRight(F0200009232129)
[3684] 2015/02/28 01:56:35.033 CALL GetOpenInterest(F0200009232129)
[1656] 2015/02/28 01:56:37.271 CALL GetFutureRight(F0200009232116)
[1656] 2015/02/28 01:56:42.400 CALL GetOpenInterest(F0200009232116)
[3684] 2015/02/28 01:56:44.917 CALL GetFutureRight(F0200009232129)
[3684] 2015/02/28 01:56:50.032 CALL GetOpenInterest(F0200009232129)
[1656] 2015/02/28 01:56:52.286 CALL GetFutureRight(F0200009232116)
[1656] 2015/02/28 01:56:57.401 CALL GetOpenInterest(F0200009232116)
[3684] 2015/02/28 01:56:59.932 CALL GetFutureRight(F0200009232129)
[3684] 2015/02/28 01:57:05.047 CALL GetOpenInterest(F0200009232129)
[1656] 2015/02/28 01:57:07.285 CALL GetFutureRight(F0200009232116)
[1656] 2015/02/28 01:57:12.399 CALL GetOpenInterest(F0200009232116)
[3684] 2015/02/28 01:57:14.933 CALL GetFutureRight(F0200009232129)
[3684] 2015/02/28 01:57:20.052 CALL GetOpenInterest(F0200009232129)
[1656] 2015/02/28 01:57:22.299 CALL GetFutureRight(F0200009232116)
[1656] 2015/02/28 01:57:27.415 CALL GetOpenInterest(F0200009232116)
[3684] 2015/02/28 01:57:29.947 CALL GetFutureRight(F0200009232129)
[3684] 2015/02/28 01:57:35.062 CALL GetOpenInterest(F0200009232129)
[1656] 2015/02/28 01:57:37.300 CALL GetFutureRight(F0200009232116)
[1656] 2015/02/28 01:57:42.414 CALL GetOpenInterest(F0200009232116)
[3684] 2015/02/28 01:57:44.947 CALL GetFutureRight(F0200009232129)
[3684] 2015/02/28 01:57:50.052 CALL GetOpenInterest(F0200009232129)
[1656] 2015/02/28 01:57:52.314 CALL GetFutureRight(F0200009232116)
[1656] 2015/02/28 01:57:57.445 CALL GetOpenInterest(F0200009232116)
[3684] 2015/02/28 01:57:59.966 CALL GetFutureRight(F0200009232129)
[3684] 2015/02/28 01:58:05.083 CALL GetOpenInterest(F0200009232129)
[1656] 2015/02/28 01:58:07.328 CALL GetFutureRight(F0200009232116)
[1656] 2015/02/28 01:58:12.449 CALL GetOpenInterest(F0200009232116)
[3684] 2015/02/28 01:58:14.966 CALL GetFutureRight(F0200009232129)
[3684] 2015/02/28 01:58:20.082 CALL GetOpenInterest(F0200009232129)
[1656] 2015/02/28 01:58:22.329 CALL GetFutureRight(F0200009232116)
[1656] 2015/02/28 01:58:27.428 CALL GetOpenInterest(F0200009232116)
[3684] 2015/02/28 01:58:29.965 CALL GetFutureRight(F0200009232129)
[3684] 2015/02/28 01:58:35.066 CALL GetOpenInterest(F0200009232129)
[1656] 2015/02/28 01:58:37.344 CALL GetFutureRight(F0200009232116)
[1656] 2015/02/28 01:58:42.454 CALL GetOpenInterest(F0200009232116)
[3684] 2015/02/28 01:58:44.980 CALL GetFutureRight(F0200009232129)
[3684] 2015/02/28 01:58:50.113 CALL GetOpenInterest(F0200009232129)
[1656] 2015/02/28 01:58:52.344 CALL GetFutureRight(F0200009232116)
[1656] 2015/02/28 01:58:57.458 CALL GetOpenInterest(F0200009232116)
[3684] 2015/02/28 01:58:59.982 CALL GetFutureRight(F0200009232129)
[3684] 2015/02/28 01:59:05.112 CALL GetOpenInterest(F0200009232129)
[1656] 2015/02/28 01:59:07.343 CALL GetFutureRight(F0200009232116)
[1656] 2015/02/28 01:59:12.449 CALL GetOpenInterest(F0200009232116)
[3684] 2015/02/28 01:59:14.995 CALL GetFutureRight(F0200009232129)
[3684] 2015/02/28 01:59:20.096 CALL GetOpenInterest(F0200009232129)
[1656] 2015/02/28 01:59:22.363 CALL GetFutureRight(F0200009232116)
[1656] 2015/02/28 01:59:27.479 CALL GetOpenInterest(F0200009232116)
[3684] 2015/02/28 01:59:29.997 CALL GetFutureRight(F0200009232129)
[3684] 2015/02/28 01:59:35.111 CALL GetOpenInterest(F0200009232129)
[1656] 2015/02/28 01:59:37.359 CALL GetFutureRight(F0200009232116)
[1656] 2015/02/28 01:59:42.463 CALL GetOpenInterest(F0200009232116)
[3684] 2015/02/28 01:59:45.009 CALL GetFutureRight(F0200009232129)
[3684] 2015/02/28 01:59:50.111 CALL GetOpenInterest(F0200009232129)
[1656] 2015/02/28 01:59:52.378 CALL GetFutureRight(F0200009232116)
[1656] 2015/02/28 01:59:57.494 CALL GetOpenInterest(F0200009232116)
[3684] 2015/02/28 02:00:00.010 CALL GetFutureRight(F0200009232129)
[3684] 2015/02/28 02:00:05.127 CALL GetOpenInterest(F0200009232129)
[1656] 2015/02/28 02:00:07.377 CALL GetFutureRight(F0200009232116)
[1656] 2015/02/28 02:00:12.494 CALL GetOpenInterest(F0200009232116)
[3684] 2015/02/28 02:00:15.025 CALL GetFutureRight(F0200009232129)
[3684] 2015/02/28 02:00:20.139 CALL GetOpenInterest(F0200009232129)
[1656] 2015/02/28 02:00:22.393 CALL GetFutureRight(F0200009232116)
[1656] 2015/02/28 02:00:27.509 CALL GetOpenInterest(F0200009232116)
[3684] 2015/02/28 02:00:30.024 CALL GetFutureRight(F0200009232129)
[3684] 2015/02/28 02:00:35.156 CALL GetOpenInterest(F0200009232129)
[1656] 2015/02/28 02:00:37.393 CALL GetFutureRight(F0200009232116)
[1656] 2015/02/28 02:00:42.509 CALL GetOpenInterest(F0200009232116)
[3684] 2015/02/28 02:00:45.038 CALL GetFutureRight(F0200009232129)
[3684] 2015/02/28 02:00:50.141 CALL GetOpenInterest(F0200009232129)
[1656] 2015/02/28 02:00:52.408 CALL GetFutureRight(F0200009232116)
[1656] 2015/02/28 02:00:57.524 CALL GetOpenInterest(F0200009232116)
[3684] 2015/02/28 02:01:00.039 CALL GetFutureRight(F0200009232129)
[3684] 2015/02/28 02:01:05.161 CALL GetOpenInterest(F0200009232129)
[1656] 2015/02/28 02:01:07.406 CALL GetFutureRight(F0200009232116)
[1656] 2015/02/28 02:01:12.524 CALL GetOpenInterest(F0200009232116)
[3684] 2015/02/28 02:01:15.054 CALL GetFutureRight(F0200009232129)
[3684] 2015/02/28 02:01:20.175 CALL GetOpenInterest(F0200009232129)
[1656] 2015/02/28 02:01:22.422 CALL GetFutureRight(F0200009232116)
[1656] 2015/02/28 02:01:27.538 CALL GetOpenInterest(F0200009232116)
[3684] 2015/02/28 02:01:30.056 CALL GetFutureRight(F0200009232129)
[3684] 2015/02/28 02:01:35.174 CALL GetOpenInterest(F0200009232129)
[1656] 2015/02/28 02:01:37.422 CALL GetFutureRight(F0200009232116)
[1656] 2015/02/28 02:01:42.553 CALL GetOpenInterest(F0200009232116)
[3684] 2015/02/28 02:01:45.062 CALL GetFutureRight(F0200009232129)
[3684] 2015/02/28 02:01:50.174 CALL GetOpenInterest(F0200009232129)
[1656] 2015/02/28 02:01:52.437 CALL GetFutureRight(F0200009232116)
[1656] 2015/02/28 02:01:57.556 CALL GetOpenInterest(F0200009232116)
[3684] 2015/02/28 02:02:00.068 CALL GetFutureRight(F0200009232129)
[3684] 2015/02/28 02:02:05.174 CALL GetOpenInterest(F0200009232129)
[1656] 2015/02/28 02:02:07.436 CALL GetFutureRight(F0200009232116)
[1656] 2015/02/28 02:02:12.557 CALL GetOpenInterest(F0200009232116)
[3684] 2015/02/28 02:02:15.089 CALL GetFutureRight(F0200009232129)
[3684] 2015/02/28 02:02:20.205 CALL GetOpenInterest(F0200009232129)
[1656] 2015/02/28 02:02:22.451 CALL GetFutureRight(F0200009232116)
[1656] 2015/02/28 02:02:27.557 CALL GetOpenInterest(F0200009232116)
[3684] 2015/02/28 02:02:30.089 CALL GetFutureRight(F0200009232129)
[3684] 2015/02/28 02:02:35.219 CALL GetOpenInterest(F0200009232129)
[1656] 2015/02/28 02:02:37.451 CALL GetFutureRight(F0200009232116)
[1656] 2015/02/28 02:02:42.572 CALL GetOpenInterest(F0200009232116)
[3684] 2015/02/28 02:02:45.104 CALL GetFutureRight(F0200009232129)
[3684] 2015/02/28 02:02:50.233 CALL GetOpenInterest(F0200009232129)
[1656] 2015/02/28 02:02:52.453 CALL GetFutureRight(F0200009232116)
[1656] 2015/02/28 02:02:57.571 CALL GetOpenInterest(F0200009232116)
[3684] 2015/02/28 02:03:00.102 CALL GetFutureRight(F0200009232129)
[3684] 2015/02/28 02:03:05.218 CALL GetOpenInterest(F0200009232129)
[1656] 2015/02/28 02:03:07.472 CALL GetFutureRight(F0200009232116)
[1656] 2015/02/28 02:03:12.586 CALL GetOpenInterest(F0200009232116)
[3684] 2015/02/28 02:03:15.119 CALL GetFutureRight(F0200009232129)
[3684] 2015/02/28 02:03:20.233 CALL GetOpenInterest(F0200009232129)
[1656] 2015/02/28 02:03:22.471 CALL GetFutureRight(F0200009232116)
[1656] 2015/02/28 02:03:27.570 CALL GetOpenInterest(F0200009232116)
[3684] 2015/02/28 02:03:30.117 CALL GetFutureRight(F0200009232129)
[3684] 2015/02/28 02:03:35.254 CALL GetOpenInterest(F0200009232129)
[1656] 2015/02/28 02:03:37.487 CALL GetFutureRight(F0200009232116)
[1656] 2015/02/28 02:03:42.616 CALL GetOpenInterest(F0200009232116)
[3684] 2015/02/28 02:03:45.133 CALL GetFutureRight(F0200009232129)
[3684] 2015/02/28 02:03:50.247 CALL GetOpenInterest(F0200009232129)
[1656] 2015/02/28 02:03:52.801 CALL GetFutureRight(F0200009232116)
[4832] 2015/02/28 02:04:24.862 SKOrderLib ª©¥» 2.1.22
[4832] 2015/02/28 02:04:24.862 Login ID: S122811334
[4832] 2015/02/28 02:04:26.449 CALL RegisterOnAccountCallBack()
[4832] 2015/02/28 02:04:26.449 CALL RegisterOnOrderAsyncReportCallBack()
[4832] 2015/02/28 02:04:26.450 CALL RegisterOnAccountWithLoginIDCallBack()
[4832] 2015/02/28 02:04:26.450 CALL RegisterOnRealBalanceReportCallBack()
[4832] 2015/02/28 02:04:26.450 CALL RegisterOnOpenInterestCallBack()
[4832] 2015/02/28 02:04:26.451 CALL RegisterOnStopLossReportCallBack()
[4832] 2015/02/28 02:04:26.451 CALL RegisterOnOverseaFuturesCallBack()
[4832] 2015/02/28 02:04:26.452 CALL RegisterOnOverseaFutureOpenInterestCallBack()
[4832] 2015/02/28 02:04:26.452 CALL RegisterOnOverseaOptionsCallBack()
[4832] 2015/02/28 02:04:26.453 CALL RegisterOnFutureRightCallBack()
[4832] 2015/02/28 02:04:26.453 CALL RegisterOnCertCanceled()
[4832] 2015/02/28 02:04:26.454 CALL RegisterOnExecutionReportCallBack()
[4832] 2015/02/28 02:04:26.454 CALL GetUserAccount()
[4832] 2015/02/28 02:04:26.454 TS,9186,9186,0213851,S122811334,½²¦¼´Ü,0,0
[4832] 2015/02/28 02:04:26.456 OS,9188,9188,0011491,S122811334,½²¦¼´Ü,0,0
[4832] 2015/02/28 02:04:26.457 TS,9188,9188,0259512,S122811334,½²¦¼´Ü,0,0
[4832] 2015/02/28 02:04:26.458 TF,F020000,000,9232116,S122811334,½²¦¼´Ü,0,0
[4832] 2015/02/28 02:04:26.458 OF,F020000,000,9232116,S122811334,½²¦¼´Ü,0,0
[4832] 2015/02/28 02:04:26.458 TF,F020000,000,9232129,S122811334,½²¦¼´Ü,0,0
[4832] 2015/02/28 02:04:26.458 OF,F020000,000,9232129,S122811334,½²¦¼´Ü,0,0
[4832] 2015/02/28 02:04:26.458 CALL SKOrderLib_ReadCertByID(S122811334)
[4832] 2015/02/28 02:04:27.152 CALL GetFutureRight(F0200009232116)
[4832] 2015/02/28 02:04:32.700 CALL GetOpenInterest(F0200009232116)
[228] 2015/02/28 02:04:32.829 SKOrderLib ª©¥» 2.1.22
[228] 2015/02/28 02:04:32.829 Login ID: S122811334
[228] 2015/02/28 02:04:34.300 CALL RegisterOnAccountCallBack()
[228] 2015/02/28 02:04:34.300 CALL RegisterOnOrderAsyncReportCallBack()
[228] 2015/02/28 02:04:34.300 CALL RegisterOnAccountWithLoginIDCallBack()
[228] 2015/02/28 02:04:34.300 CALL RegisterOnRealBalanceReportCallBack()
[228] 2015/02/28 02:04:34.300 CALL RegisterOnOpenInterestCallBack()
[228] 2015/02/28 02:04:34.300 CALL RegisterOnStopLossReportCallBack()
[228] 2015/02/28 02:04:34.300 CALL RegisterOnOverseaFuturesCallBack()
[228] 2015/02/28 02:04:34.300 CALL RegisterOnOverseaFutureOpenInterestCallBack()
[228] 2015/02/28 02:04:34.300 CALL RegisterOnOverseaOptionsCallBack()
[228] 2015/02/28 02:04:34.300 CALL RegisterOnFutureRightCallBack()
[228] 2015/02/28 02:04:34.300 CALL RegisterOnCertCanceled()
[228] 2015/02/28 02:04:34.300 CALL RegisterOnExecutionReportCallBack()
[228] 2015/02/28 02:04:34.300 CALL GetUserAccount()
[228] 2015/02/28 02:04:34.315 TS,9186,9186,0213851,S122811334,½²¦¼´Ü,0,0
[228] 2015/02/28 02:04:34.315 OS,9188,9188,0011491,S122811334,½²¦¼´Ü,0,0
[228] 2015/02/28 02:04:34.315 TS,9188,9188,0259512,S122811334,½²¦¼´Ü,0,0
[228] 2015/02/28 02:04:34.315 TF,F020000,000,9232116,S122811334,½²¦¼´Ü,0,0
[228] 2015/02/28 02:04:34.315 OF,F020000,000,9232116,S122811334,½²¦¼´Ü,0,0
[228] 2015/02/28 02:04:34.315 TF,F020000,000,9232129,S122811334,½²¦¼´Ü,0,0
[228] 2015/02/28 02:04:34.315 OF,F020000,000,9232129,S122811334,½²¦¼´Ü,0,0
[228] 2015/02/28 02:04:34.315 CALL SKOrderLib_ReadCertByID(S122811334)
[228] 2015/02/28 02:04:34.900 CALL GetFutureRight(F0200009232129)
[228] 2015/02/28 02:04:40.316 CALL GetOpenInterest(F0200009232129)
[4832] 2015/02/28 02:04:47.799 CALL GetFutureRight(F0200009232116)
[4832] 2015/02/28 02:04:53.252 CALL GetOpenInterest(F0200009232116)
[228] 2015/02/28 02:04:55.413 CALL GetFutureRight(F0200009232129)
[228] 2015/02/28 02:05:00.530 CALL GetOpenInterest(F0200009232129)
[4832] 2015/02/28 02:05:02.798 CALL GetFutureRight(F0200009232116)
[4832] 2015/02/28 02:05:07.914 CALL GetOpenInterest(F0200009232116)
[228] 2015/02/28 02:05:10.429 CALL GetFutureRight(F0200009232129)
[228] 2015/02/28 02:05:15.546 CALL GetOpenInterest(F0200009232129)
[4832] 2015/02/28 02:05:17.812 CALL GetFutureRight(F0200009232116)
[4832] 2015/02/28 02:05:22.929 CALL GetOpenInterest(F0200009232116)
[228] 2015/02/28 02:05:25.428 CALL GetFutureRight(F0200009232129)
[228] 2015/02/28 02:05:30.531 CALL GetOpenInterest(F0200009232129)
[4832] 2015/02/28 02:05:32.813 CALL GetFutureRight(F0200009232116)
[4832] 2015/02/28 02:05:37.928 CALL GetOpenInterest(F0200009232116)
[228] 2015/02/28 02:05:40.444 CALL GetFutureRight(F0200009232129)
[228] 2015/02/28 02:05:45.564 CALL GetOpenInterest(F0200009232129)
[4832] 2015/02/28 02:05:47.826 CALL GetFutureRight(F0200009232116)
[4832] 2015/02/28 02:05:52.944 CALL GetOpenInterest(F0200009232116)
[228] 2015/02/28 02:05:55.442 CALL GetFutureRight(F0200009232129)
[228] 2015/02/28 02:06:00.549 CALL GetOpenInterest(F0200009232129)
[4832] 2015/02/28 02:06:02.827 CALL GetFutureRight(F0200009232116)
[4832] 2015/02/28 02:06:07.943 CALL GetOpenInterest(F0200009232116)
[228] 2015/02/28 02:06:10.449 CALL GetFutureRight(F0200009232129)
[228] 2015/02/28 02:06:15.563 CALL GetOpenInterest(F0200009232129)
[4832] 2015/02/28 02:06:17.842 CALL GetFutureRight(F0200009232116)
[4832] 2015/02/28 02:06:22.950 CALL GetOpenInterest(F0200009232116)
[228] 2015/02/28 02:06:25.457 CALL GetFutureRight(F0200009232129)
[228] 2015/02/28 02:06:30.578 CALL GetOpenInterest(F0200009232129)
[4832] 2015/02/28 02:06:32.841 CALL GetFutureRight(F0200009232116)
[4832] 2015/02/28 02:06:37.962 CALL GetOpenInterest(F0200009232116)
[228] 2015/02/28 02:06:40.478 CALL GetFutureRight(F0200009232129)
[228] 2015/02/28 02:06:45.594 CALL GetOpenInterest(F0200009232129)
[4832] 2015/02/28 02:06:47.849 CALL GetFutureRight(F0200009232116)
[4832] 2015/02/28 02:06:52.958 CALL GetOpenInterest(F0200009232116)
[228] 2015/02/28 02:06:55.473 CALL GetFutureRight(F0200009232129)
[228] 2015/02/28 02:07:00.594 CALL GetOpenInterest(F0200009232129)
[4832] 2015/02/28 02:07:02.850 CALL GetFutureRight(F0200009232116)
[4832] 2015/02/28 02:07:07.977 CALL GetOpenInterest(F0200009232116)
[228] 2015/02/28 02:07:10.493 CALL GetFutureRight(F0200009232129)
[228] 2015/02/28 02:07:15.624 CALL GetOpenInterest(F0200009232129)
[4832] 2015/02/28 02:07:17.863 CALL GetFutureRight(F0200009232116)
[4832] 2015/02/28 02:07:22.961 CALL GetOpenInterest(F0200009232116)
[228] 2015/02/28 02:07:25.495 CALL GetFutureRight(F0200009232129)
[228] 2015/02/28 02:07:30.609 CALL GetOpenInterest(F0200009232129)
[4832] 2015/02/28 02:07:32.868 CALL GetFutureRight(F0200009232116)
[4832] 2015/02/28 02:07:37.992 CALL GetOpenInterest(F0200009232116)
[228] 2015/02/28 02:07:40.508 CALL GetFutureRight(F0200009232129)
[228] 2015/02/28 02:07:45.623 CALL GetOpenInterest(F0200009232129)
[4832] 2015/02/28 02:07:47.881 CALL GetFutureRight(F0200009232116)
[4832] 2015/02/28 02:07:52.997 CALL GetOpenInterest(F0200009232116)
[228] 2015/02/28 02:07:55.508 CALL GetFutureRight(F0200009232129)
[228] 2015/02/28 02:08:00.623 CALL GetOpenInterest(F0200009232129)
[4832] 2015/02/28 02:08:02.891 CALL GetFutureRight(F0200009232116)
[4832] 2015/02/28 02:08:07.991 CALL GetOpenInterest(F0200009232116)
[228] 2015/02/28 02:08:10.522 CALL GetFutureRight(F0200009232129)
[228] 2015/02/28 02:08:15.637 CALL GetOpenInterest(F0200009232129)
[4832] 2015/02/28 02:08:17.891 CALL GetFutureRight(F0200009232116)
[4832] 2015/02/28 02:08:22.992 CALL GetOpenInterest(F0200009232116)
[228] 2015/02/28 02:08:25.522 CALL GetFutureRight(F0200009232129)
[228] 2015/02/28 02:08:30.636 CALL GetOpenInterest(F0200009232129)
[6000] 2015/02/28 02:08:58.086 SKOrderLib ª©¥» 2.1.22
[6000] 2015/02/28 02:08:58.086 Login ID: S122811334
[6000] 2015/02/28 02:08:59.557 CALL RegisterOnAccountCallBack()
[6000] 2015/02/28 02:08:59.558 CALL RegisterOnOrderAsyncReportCallBack()
[6000] 2015/02/28 02:08:59.559 CALL RegisterOnAccountWithLoginIDCallBack()
[6000] 2015/02/28 02:08:59.560 CALL RegisterOnRealBalanceReportCallBack()
[6000] 2015/02/28 02:08:59.561 CALL RegisterOnOpenInterestCallBack()
[6000] 2015/02/28 02:08:59.562 CALL RegisterOnStopLossReportCallBack()
[6000] 2015/02/28 02:08:59.563 CALL RegisterOnOverseaFuturesCallBack()
[6000] 2015/02/28 02:08:59.563 CALL RegisterOnOverseaFutureOpenInterestCallBack()
[6000] 2015/02/28 02:08:59.564 CALL RegisterOnOverseaOptionsCallBack()
[6000] 2015/02/28 02:08:59.564 CALL RegisterOnFutureRightCallBack()
[6000] 2015/02/28 02:08:59.565 CALL RegisterOnCertCanceled()
[6000] 2015/02/28 02:08:59.565 CALL RegisterOnExecutionReportCallBack()
[6000] 2015/02/28 02:08:59.566 CALL GetUserAccount()
[6000] 2015/02/28 02:08:59.566 TS,9186,9186,0213851,S122811334,½²¦¼´Ü,0,0
[6000] 2015/02/28 02:08:59.566 OS,9188,9188,0011491,S122811334,½²¦¼´Ü,0,0
[6000] 2015/02/28 02:08:59.566 TS,9188,9188,0259512,S122811334,½²¦¼´Ü,0,0
[6000] 2015/02/28 02:08:59.566 TF,F020000,000,9232116,S122811334,½²¦¼´Ü,0,0
[6000] 2015/02/28 02:08:59.566 OF,F020000,000,9232116,S122811334,½²¦¼´Ü,0,0
[6000] 2015/02/28 02:08:59.566 TF,F020000,000,9232129,S122811334,½²¦¼´Ü,0,0
[6000] 2015/02/28 02:08:59.566 OF,F020000,000,9232129,S122811334,½²¦¼´Ü,0,0
[6000] 2015/02/28 02:08:59.566 CALL SKOrderLib_ReadCertByID(S122811334)
[6000] 2015/02/28 02:09:00.137 CALL GetFutureRight(F0200009232116)
[6000] 2015/02/28 02:09:05.558 CALL GetOpenInterest(F0200009232116)
[4956] 2015/02/28 02:09:05.678 SKOrderLib ª©¥» 2.1.22
[4956] 2015/02/28 02:09:05.678 Login ID: S122811334
[4956] 2015/02/28 02:09:08.258 CALL RegisterOnAccountCallBack()
[4956] 2015/02/28 02:09:08.273 CALL RegisterOnOrderAsyncReportCallBack()
[4956] 2015/02/28 02:09:08.273 CALL RegisterOnAccountWithLoginIDCallBack()
[4956] 2015/02/28 02:09:08.273 CALL RegisterOnRealBalanceReportCallBack()
[4956] 2015/02/28 02:09:08.273 CALL RegisterOnOpenInterestCallBack()
[4956] 2015/02/28 02:09:08.273 CALL RegisterOnStopLossReportCallBack()
[4956] 2015/02/28 02:09:08.273 CALL RegisterOnOverseaFuturesCallBack()
[4956] 2015/02/28 02:09:08.273 CALL RegisterOnOverseaFutureOpenInterestCallBack()
[4956] 2015/02/28 02:09:08.273 CALL RegisterOnOverseaOptionsCallBack()
[4956] 2015/02/28 02:09:08.273 CALL RegisterOnFutureRightCallBack()
[4956] 2015/02/28 02:09:08.273 CALL RegisterOnCertCanceled()
[4956] 2015/02/28 02:09:08.273 CALL RegisterOnExecutionReportCallBack()
[4956] 2015/02/28 02:09:08.273 CALL GetUserAccount()
[4956] 2015/02/28 02:09:08.273 TS,9186,9186,0213851,S122811334,½²¦¼´Ü,0,0
[4956] 2015/02/28 02:09:08.273 OS,9188,9188,0011491,S122811334,½²¦¼´Ü,0,0
[4956] 2015/02/28 02:09:08.273 TS,9188,9188,0259512,S122811334,½²¦¼´Ü,0,0
[4956] 2015/02/28 02:09:08.273 TF,F020000,000,9232116,S122811334,½²¦¼´Ü,0,0
[4956] 2015/02/28 02:09:08.273 OF,F020000,000,9232116,S122811334,½²¦¼´Ü,0,0
[4956] 2015/02/28 02:09:08.273 TF,F020000,000,9232129,S122811334,½²¦¼´Ü,0,0
[4956] 2015/02/28 02:09:08.289 OF,F020000,000,9232129,S122811334,½²¦¼´Ü,0,0
[4956] 2015/02/28 02:09:08.289 CALL SKOrderLib_ReadCertByID(S122811334)
[4956] 2015/02/28 02:09:08.873 CALL GetFutureRight(F0200009232129)
[4956] 2015/02/28 02:09:14.290 CALL GetOpenInterest(F0200009232129)
[6000] 2015/02/28 02:09:20.666 CALL GetFutureRight(F0200009232116)
[6000] 2015/02/28 02:09:26.435 CALL GetOpenInterest(F0200009232116)
[4956] 2015/02/28 02:09:29.391 CALL GetFutureRight(F0200009232129)
[4956] 2015/02/28 02:09:34.504 CALL GetOpenInterest(F0200009232129)
[6000] 2015/02/28 02:09:35.672 CALL GetFutureRight(F0200009232116)
[6000] 2015/02/28 02:09:40.772 CALL GetOpenInterest(F0200009232116)
[4956] 2015/02/28 02:09:44.402 CALL GetFutureRight(F0200009232129)
[4956] 2015/02/28 02:09:49.504 CALL GetOpenInterest(F0200009232129)
[6000] 2015/02/28 02:09:50.688 CALL GetFutureRight(F0200009232116)
[6000] 2015/02/28 02:09:55.787 CALL GetOpenInterest(F0200009232116)
[4956] 2015/02/28 02:09:59.403 CALL GetFutureRight(F0200009232129)
[4956] 2015/02/28 02:10:04.503 CALL GetOpenInterest(F0200009232129)
[6000] 2015/02/28 02:10:05.687 CALL GetFutureRight(F0200009232116)
[6000] 2015/02/28 02:10:10.817 CALL GetOpenInterest(F0200009232116)
[4956] 2015/02/28 02:10:14.418 CALL GetFutureRight(F0200009232129)
[4956] 2015/02/28 02:10:19.555 CALL GetOpenInterest(F0200009232129)
[6000] 2015/02/28 02:10:20.701 CALL GetFutureRight(F0200009232116)
[6000] 2015/02/28 02:10:25.832 CALL GetOpenInterest(F0200009232116)
[4324] 2015/02/28 02:11:21.815 SKOrderLib ª©¥» 2.1.22
[4324] 2015/02/28 02:11:21.815 Login ID: S122811334
[4324] 2015/02/28 02:11:23.300 CALL RegisterOnAccountCallBack()
[4324] 2015/02/28 02:11:23.300 CALL RegisterOnOrderAsyncReportCallBack()
[4324] 2015/02/28 02:11:23.300 CALL RegisterOnAccountWithLoginIDCallBack()
[4324] 2015/02/28 02:11:23.300 CALL RegisterOnRealBalanceReportCallBack()
[4324] 2015/02/28 02:11:23.300 CALL RegisterOnOpenInterestCallBack()
[4324] 2015/02/28 02:11:23.300 CALL RegisterOnStopLossReportCallBack()
[4324] 2015/02/28 02:11:23.300 CALL RegisterOnOverseaFuturesCallBack()
[4324] 2015/02/28 02:11:23.300 CALL RegisterOnOverseaFutureOpenInterestCallBack()
[4324] 2015/02/28 02:11:23.300 CALL RegisterOnOverseaOptionsCallBack()
[4324] 2015/02/28 02:11:23.300 CALL RegisterOnFutureRightCallBack()
[4324] 2015/02/28 02:11:23.300 CALL RegisterOnCertCanceled()
[4324] 2015/02/28 02:11:23.300 CALL RegisterOnExecutionReportCallBack()
[4324] 2015/02/28 02:11:23.300 CALL GetUserAccount()
[4324] 2015/02/28 02:11:23.300 TS,9186,9186,0213851,S122811334,½²¦¼´Ü,0,0
[4324] 2015/02/28 02:11:23.315 OS,9188,9188,0011491,S122811334,½²¦¼´Ü,0,0
[4324] 2015/02/28 02:11:23.315 TS,9188,9188,0259512,S122811334,½²¦¼´Ü,0,0
[4324] 2015/02/28 02:11:23.315 TF,F020000,000,9232116,S122811334,½²¦¼´Ü,0,0
[4324] 2015/02/28 02:11:23.315 OF,F020000,000,9232116,S122811334,½²¦¼´Ü,0,0
[4324] 2015/02/28 02:11:23.315 TF,F020000,000,9232129,S122811334,½²¦¼´Ü,0,0
[4324] 2015/02/28 02:11:23.331 OF,F020000,000,9232129,S122811334,½²¦¼´Ü,0,0
[4324] 2015/02/28 02:11:23.331 CALL SKOrderLib_ReadCertByID(S122811334)
[4324] 2015/02/28 02:11:23.883 CALL GetFutureRight(F0200009232116)
[4324] 2015/02/28 02:11:29.300 CALL GetOpenInterest(F0200009232116)
[5900] 2015/02/28 02:11:29.415 SKOrderLib ª©¥» 2.1.22
[5900] 2015/02/28 02:11:29.415 Login ID: S122811334
[5900] 2015/02/28 02:11:30.885 CALL RegisterOnAccountCallBack()
[5900] 2015/02/28 02:11:30.885 CALL RegisterOnOrderAsyncReportCallBack()
[5900] 2015/02/28 02:11:30.885 CALL RegisterOnAccountWithLoginIDCallBack()
[5900] 2015/02/28 02:11:30.900 CALL RegisterOnRealBalanceReportCallBack()
[5900] 2015/02/28 02:11:30.900 CALL RegisterOnOpenInterestCallBack()
[5900] 2015/02/28 02:11:30.900 CALL RegisterOnStopLossReportCallBack()
[5900] 2015/02/28 02:11:30.900 CALL RegisterOnOverseaFuturesCallBack()
[5900] 2015/02/28 02:11:30.900 CALL RegisterOnOverseaFutureOpenInterestCallBack()
[5900] 2015/02/28 02:11:30.900 CALL RegisterOnOverseaOptionsCallBack()
[5900] 2015/02/28 02:11:30.900 CALL RegisterOnFutureRightCallBack()
[5900] 2015/02/28 02:11:30.900 CALL RegisterOnCertCanceled()
[5900] 2015/02/28 02:11:30.900 CALL RegisterOnExecutionReportCallBack()
[5900] 2015/02/28 02:11:30.900 CALL GetUserAccount()
[5900] 2015/02/28 02:11:30.900 TS,9186,9186,0213851,S122811334,½²¦¼´Ü,0,0
[5900] 2015/02/28 02:11:30.900 OS,9188,9188,0011491,S122811334,½²¦¼´Ü,0,0
[5900] 2015/02/28 02:11:30.900 TS,9188,9188,0259512,S122811334,½²¦¼´Ü,0,0
[5900] 2015/02/28 02:11:30.900 TF,F020000,000,9232116,S122811334,½²¦¼´Ü,0,0
[5900] 2015/02/28 02:11:30.916 OF,F020000,000,9232116,S122811334,½²¦¼´Ü,0,0
[5900] 2015/02/28 02:11:30.916 TF,F020000,000,9232129,S122811334,½²¦¼´Ü,0,0
[5900] 2015/02/28 02:11:30.916 OF,F020000,000,9232129,S122811334,½²¦¼´Ü,0,0
[5900] 2015/02/28 02:11:30.916 CALL SKOrderLib_ReadCertByID(S122811334)
[5900] 2015/02/28 02:11:31.484 CALL GetFutureRight(F0200009232129)
[5900] 2015/02/28 02:11:36.916 CALL GetOpenInterest(F0200009232129)
[4324] 2015/02/28 02:11:44.398 CALL GetFutureRight(F0200009232116)
[4324] 2015/02/28 02:11:49.567 CALL GetOpenInterest(F0200009232116)
[5900] 2015/02/28 02:11:52.013 CALL GetFutureRight(F0200009232129)
[5900] 2015/02/28 02:11:58.044 CALL GetOpenInterest(F0200009232129)
[4324] 2015/02/28 02:11:59.401 CALL GetFutureRight(F0200009232116)
[4324] 2015/02/28 02:12:04.698 CALL GetOpenInterest(F0200009232116)
[5900] 2015/02/28 02:12:07.029 CALL GetFutureRight(F0200009232129)
[5900] 2015/02/28 02:12:12.145 CALL GetOpenInterest(F0200009232129)
[4324] 2015/02/28 02:12:14.412 CALL GetFutureRight(F0200009232116)
[4324] 2015/02/28 02:12:19.527 CALL GetOpenInterest(F0200009232116)
[5900] 2015/02/28 02:12:22.028 CALL GetFutureRight(F0200009232129)
[5900] 2015/02/28 02:12:27.129 CALL GetOpenInterest(F0200009232129)
[4324] 2015/02/28 02:12:29.412 CALL GetFutureRight(F0200009232116)
[4324] 2015/02/28 02:12:34.544 CALL GetOpenInterest(F0200009232116)
[5900] 2015/02/28 02:12:37.043 CALL GetFutureRight(F0200009232129)
[5900] 2015/02/28 02:12:42.148 CALL GetOpenInterest(F0200009232129)
[4324] 2015/02/28 02:12:44.427 CALL GetFutureRight(F0200009232116)
[4324] 2015/02/28 02:12:49.544 CALL GetOpenInterest(F0200009232116)
[5900] 2015/02/28 02:12:52.042 CALL GetFutureRight(F0200009232129)
[5900] 2015/02/28 02:12:57.149 CALL GetOpenInterest(F0200009232129)
[4324] 2015/02/28 02:12:59.427 CALL GetFutureRight(F0200009232116)
[4324] 2015/02/28 02:13:04.546 CALL GetOpenInterest(F0200009232116)
[5900] 2015/02/28 02:13:07.057 CALL GetFutureRight(F0200009232129)
[5900] 2015/02/28 02:13:12.179 CALL GetOpenInterest(F0200009232129)
[4324] 2015/02/28 02:13:14.441 CALL GetFutureRight(F0200009232116)
[4324] 2015/02/28 02:13:19.550 CALL GetOpenInterest(F0200009232116)
[5900] 2015/02/28 02:13:22.065 CALL GetFutureRight(F0200009232129)
[5900] 2015/02/28 02:13:27.179 CALL GetOpenInterest(F0200009232129)
[4324] 2015/02/28 02:13:29.441 CALL GetFutureRight(F0200009232116)
[4324] 2015/02/28 02:13:34.562 CALL GetOpenInterest(F0200009232116)
[5900] 2015/02/28 02:13:37.064 CALL GetFutureRight(F0200009232129)
[5900] 2015/02/28 02:13:42.178 CALL GetOpenInterest(F0200009232129)
[4324] 2015/02/28 02:13:44.449 CALL GetFutureRight(F0200009232116)
[4324] 2015/02/28 02:13:49.563 CALL GetOpenInterest(F0200009232116)
[5900] 2015/02/28 02:13:52.072 CALL GetFutureRight(F0200009232129)
[5900] 2015/02/28 02:13:57.178 CALL GetOpenInterest(F0200009232129)
[4324] 2015/02/28 02:13:59.451 CALL GetFutureRight(F0200009232116)
[4324] 2015/02/28 02:14:04.562 CALL GetOpenInterest(F0200009232116)
[5900] 2015/02/28 02:14:07.094 CALL GetFutureRight(F0200009232129)
[5900] 2015/02/28 02:14:12.208 CALL GetOpenInterest(F0200009232129)
[4324] 2015/02/28 02:14:14.462 CALL GetFutureRight(F0200009232116)
[4324] 2015/02/28 02:14:19.562 CALL GetOpenInterest(F0200009232116)
[5900] 2015/02/28 02:14:22.095 CALL GetFutureRight(F0200009232129)
[5900] 2015/02/28 02:14:27.193 CALL GetOpenInterest(F0200009232129)
[4324] 2015/02/28 02:14:29.471 CALL GetFutureRight(F0200009232116)
[4324] 2015/02/28 02:14:34.592 CALL GetOpenInterest(F0200009232116)
[5900] 2015/02/28 02:14:37.108 CALL GetFutureRight(F0200009232129)
[5900] 2015/02/28 02:14:42.224 CALL GetOpenInterest(F0200009232129)
[4324] 2015/02/28 02:14:44.476 CALL GetFutureRight(F0200009232116)
[4324] 2015/02/28 02:14:49.608 CALL GetOpenInterest(F0200009232116)
[5900] 2015/02/28 02:14:52.108 CALL GetFutureRight(F0200009232129)
[6140] 2015/02/28 12:14:09.795 SKOrderLib ª©¥» 2.1.22
[6140] 2015/02/28 12:14:09.795 Login ID: S122811334
[6140] 2015/02/28 12:14:11.536 CALL RegisterOnAccountCallBack()
[6140] 2015/02/28 12:14:11.536 CALL RegisterOnOrderAsyncReportCallBack()
[6140] 2015/02/28 12:14:11.536 CALL RegisterOnAccountWithLoginIDCallBack()
[6140] 2015/02/28 12:14:11.536 CALL RegisterOnRealBalanceReportCallBack()
[6140] 2015/02/28 12:14:11.536 CALL RegisterOnOpenInterestCallBack()
[6140] 2015/02/28 12:14:11.536 CALL RegisterOnStopLossReportCallBack()
[6140] 2015/02/28 12:14:11.536 CALL RegisterOnOverseaFuturesCallBack()
[6140] 2015/02/28 12:14:11.536 CALL RegisterOnOverseaFutureOpenInterestCallBack()
[6140] 2015/02/28 12:14:11.536 CALL RegisterOnOverseaOptionsCallBack()
[6140] 2015/02/28 12:14:11.536 CALL RegisterOnFutureRightCallBack()
[6140] 2015/02/28 12:14:11.536 CALL RegisterOnCertCanceled()
[6140] 2015/02/28 12:14:11.536 CALL RegisterOnExecutionReportCallBack()
[6140] 2015/02/28 12:14:11.536 CALL GetUserAccount()
[6140] 2015/02/28 12:14:11.536 TS,9186,9186,0213851,S122811334,½²¦¼´Ü,0,0
[6140] 2015/02/28 12:14:11.536 OS,9188,9188,0011491,S122811334,½²¦¼´Ü,0,0
[6140] 2015/02/28 12:14:11.546 TS,9188,9188,0259512,S122811334,½²¦¼´Ü,0,0
[6140] 2015/02/28 12:14:11.546 TF,F020000,000,9232116,S122811334,½²¦¼´Ü,0,0
[6140] 2015/02/28 12:14:11.546 OF,F020000,000,9232116,S122811334,½²¦¼´Ü,0,0
[6140] 2015/02/28 12:14:11.546 TF,F020000,000,9232129,S122811334,½²¦¼´Ü,0,0
[6140] 2015/02/28 12:14:11.546 OF,F020000,000,9232129,S122811334,½²¦¼´Ü,0,0
[6140] 2015/02/28 12:14:11.546 CALL SKOrderLib_ReadCertByID(S122811334)
[6140] 2015/02/28 12:14:12.243 CALL GetFutureRight(F0200009232116)
[6140] 2015/02/28 12:14:17.881 CALL GetOpenInterest(F0200009232116)
[6104] 2015/02/28 12:14:18.013 SKOrderLib ª©¥» 2.1.22
[6104] 2015/02/28 12:14:18.013 Login ID: S122811334
[6104] 2015/02/28 12:14:19.760 CALL RegisterOnAccountCallBack()
[6104] 2015/02/28 12:14:19.760 CALL RegisterOnOrderAsyncReportCallBack()
[6104] 2015/02/28 12:14:19.760 CALL RegisterOnAccountWithLoginIDCallBack()
[6104] 2015/02/28 12:14:19.760 CALL RegisterOnRealBalanceReportCallBack()
[6104] 2015/02/28 12:14:19.760 CALL RegisterOnOpenInterestCallBack()
[6104] 2015/02/28 12:14:19.760 CALL RegisterOnStopLossReportCallBack()
[6104] 2015/02/28 12:14:19.760 CALL RegisterOnOverseaFuturesCallBack()
[6104] 2015/02/28 12:14:19.760 CALL RegisterOnOverseaFutureOpenInterestCallBack()
[6104] 2015/02/28 12:14:19.760 CALL RegisterOnOverseaOptionsCallBack()
[6104] 2015/02/28 12:14:19.760 CALL RegisterOnFutureRightCallBack()
[6104] 2015/02/28 12:14:19.760 CALL RegisterOnCertCanceled()
[6104] 2015/02/28 12:14:19.760 CALL RegisterOnExecutionReportCallBack()
[6104] 2015/02/28 12:14:19.760 CALL GetUserAccount()
[6104] 2015/02/28 12:14:19.760 TS,9186,9186,0213851,S122811334,½²¦¼´Ü,0,0
[6104] 2015/02/28 12:14:19.760 OS,9188,9188,0011491,S122811334,½²¦¼´Ü,0,0
[6104] 2015/02/28 12:14:19.771 TS,9188,9188,0259512,S122811334,½²¦¼´Ü,0,0
[6104] 2015/02/28 12:14:19.773 TF,F020000,000,9232116,S122811334,½²¦¼´Ü,0,0
[6104] 2015/02/28 12:14:19.774 OF,F020000,000,9232116,S122811334,½²¦¼´Ü,0,0
[6104] 2015/02/28 12:14:19.778 TF,F020000,000,9232129,S122811334,½²¦¼´Ü,0,0
[6104] 2015/02/28 12:14:19.781 OF,F020000,000,9232129,S122811334,½²¦¼´Ü,0,0
[6104] 2015/02/28 12:14:19.783 CALL SKOrderLib_ReadCertByID(S122811334)
[6104] 2015/02/28 12:14:20.373 CALL GetFutureRight(F0200009232129)
[6104] 2015/02/28 12:14:25.904 CALL GetOpenInterest(F0200009232129)
[6140] 2015/02/28 12:14:32.967 CALL GetFutureRight(F0200009232116)
[6140] 2015/02/28 12:14:38.141 CALL GetOpenInterest(F0200009232116)
[6104] 2015/02/28 12:14:41.006 CALL GetFutureRight(F0200009232129)
[6104] 2015/02/28 12:14:46.280 CALL GetOpenInterest(F0200009232129)
[6140] 2015/02/28 12:14:47.975 CALL GetFutureRight(F0200009232116)
[6140] 2015/02/28 12:14:53.087 CALL GetOpenInterest(F0200009232116)
[6104] 2015/02/28 12:14:56.014 CALL GetFutureRight(F0200009232129)
[6104] 2015/02/28 12:15:01.136 CALL GetOpenInterest(F0200009232129)
[6140] 2015/02/28 12:15:02.991 CALL GetFutureRight(F0200009232116)
[6140] 2015/02/28 12:15:08.103 CALL GetOpenInterest(F0200009232116)
[6104] 2015/02/28 12:15:11.019 CALL GetFutureRight(F0200009232129)
[6104] 2015/02/28 12:15:16.135 CALL GetOpenInterest(F0200009232129)
[6140] 2015/02/28 12:15:17.997 CALL GetFutureRight(F0200009232116)
[6140] 2015/02/28 12:15:23.112 CALL GetOpenInterest(F0200009232116)
[6104] 2015/02/28 12:15:26.024 CALL GetFutureRight(F0200009232129)
[6104] 2015/02/28 12:15:31.142 CALL GetOpenInterest(F0200009232129)
[6140] 2015/02/28 12:15:33.004 CALL GetFutureRight(F0200009232116)
[6140] 2015/02/28 12:15:38.111 CALL GetOpenInterest(F0200009232116)
[6104] 2015/02/28 12:15:41.038 CALL GetFutureRight(F0200009232129)
[6104] 2015/02/28 12:15:46.150 CALL GetOpenInterest(F0200009232129)
[6140] 2015/02/28 12:15:48.008 CALL GetFutureRight(F0200009232116)
[6140] 2015/02/28 12:15:53.156 CALL GetOpenInterest(F0200009232116)
[6104] 2015/02/28 12:15:56.038 CALL GetFutureRight(F0200009232129)
[6104] 2015/02/28 12:16:01.334 CALL GetOpenInterest(F0200009232129)
[6140] 2015/02/28 12:16:03.016 CALL GetFutureRight(F0200009232116)
[6140] 2015/02/28 12:16:08.127 CALL GetOpenInterest(F0200009232116)
[6104] 2015/02/28 12:16:11.046 CALL GetFutureRight(F0200009232129)
[6104] 2015/02/28 12:16:16.150 CALL GetOpenInterest(F0200009232129)
[6140] 2015/02/28 12:16:18.025 CALL GetFutureRight(F0200009232116)
[6140] 2015/02/28 12:16:23.147 CALL GetOpenInterest(F0200009232116)
[6104] 2015/02/28 12:16:26.055 CALL GetFutureRight(F0200009232129)
[6104] 2015/02/28 12:16:31.169 CALL GetOpenInterest(F0200009232129)
[6140] 2015/02/28 12:16:33.032 CALL GetFutureRight(F0200009232116)
[6140] 2015/02/28 12:16:38.147 CALL GetOpenInterest(F0200009232116)
[6104] 2015/02/28 12:16:41.063 CALL GetFutureRight(F0200009232129)
[6104] 2015/02/28 12:16:46.179 CALL GetOpenInterest(F0200009232129)
[6140] 2015/02/28 12:16:48.036 CALL GetFutureRight(F0200009232116)
[6140] 2015/02/28 12:16:53.152 CALL GetOpenInterest(F0200009232116)
[6104] 2015/02/28 12:16:56.075 CALL GetFutureRight(F0200009232129)
[6104] 2015/02/28 12:17:01.187 CALL GetOpenInterest(F0200009232129)
[6140] 2015/02/28 12:17:03.042 CALL GetFutureRight(F0200009232116)
[6140] 2015/02/28 12:17:08.165 CALL GetOpenInterest(F0200009232116)
[6104] 2015/02/28 12:17:11.079 CALL GetFutureRight(F0200009232129)
[6104] 2015/02/28 12:17:16.365 CALL GetOpenInterest(F0200009232129)
[6140] 2015/02/28 12:17:18.050 CALL GetFutureRight(F0200009232116)
[6140] 2015/02/28 12:17:23.178 CALL GetOpenInterest(F0200009232116)
[6104] 2015/02/28 12:17:26.083 CALL GetFutureRight(F0200009232129)
[6104] 2015/02/28 12:17:31.202 CALL GetOpenInterest(F0200009232129)
[6140] 2015/02/28 12:17:33.062 CALL GetFutureRight(F0200009232116)
[6140] 2015/02/28 12:17:38.197 CALL GetOpenInterest(F0200009232116)
[6104] 2015/02/28 12:17:41.093 CALL GetFutureRight(F0200009232129)
[6104] 2015/02/28 12:17:46.206 CALL GetOpenInterest(F0200009232129)
[6140] 2015/02/28 12:17:48.063 CALL GetFutureRight(F0200009232116)
[6140] 2015/02/28 12:17:53.177 CALL GetOpenInterest(F0200009232116)
[6104] 2015/02/28 12:17:56.105 CALL GetFutureRight(F0200009232129)
[6104] 2015/02/28 12:18:01.219 CALL GetOpenInterest(F0200009232129)
[6140] 2015/02/28 12:18:03.072 CALL GetFutureRight(F0200009232116)
[6140] 2015/02/28 12:18:08.193 CALL GetOpenInterest(F0200009232116)
[6104] 2015/02/28 12:18:11.110 CALL GetFutureRight(F0200009232129)
[6104] 2015/02/28 12:18:16.225 CALL GetOpenInterest(F0200009232129)
[6140] 2015/02/28 12:18:18.077 CALL GetFutureRight(F0200009232116)
[6140] 2015/02/28 12:18:23.323 CALL GetOpenInterest(F0200009232116)
[6104] 2015/02/28 12:18:26.115 CALL GetFutureRight(F0200009232129)
[6104] 2015/02/28 12:18:31.242 CALL GetOpenInterest(F0200009232129)
[6140] 2015/02/28 12:18:33.085 CALL GetFutureRight(F0200009232116)
[6140] 2015/02/28 12:18:38.208 CALL GetOpenInterest(F0200009232116)
[6104] 2015/02/28 12:18:41.123 CALL GetFutureRight(F0200009232129)
[5716] 2015/02/28 12:24:29.532 SKOrderLib ª©¥» 2.1.22
[5716] 2015/02/28 12:24:29.532 Login ID: S122811334
[5716] 2015/02/28 12:24:31.192 CALL RegisterOnAccountCallBack()
[5716] 2015/02/28 12:24:31.192 CALL RegisterOnOrderAsyncReportCallBack()
[5716] 2015/02/28 12:24:31.192 CALL RegisterOnAccountWithLoginIDCallBack()
[5716] 2015/02/28 12:24:31.192 CALL RegisterOnRealBalanceReportCallBack()
[5716] 2015/02/28 12:24:31.192 CALL RegisterOnOpenInterestCallBack()
[5716] 2015/02/28 12:24:31.192 CALL RegisterOnStopLossReportCallBack()
[5716] 2015/02/28 12:24:31.192 CALL RegisterOnOverseaFuturesCallBack()
[5716] 2015/02/28 12:24:31.192 CALL RegisterOnOverseaFutureOpenInterestCallBack()
[5716] 2015/02/28 12:24:31.192 CALL RegisterOnOverseaOptionsCallBack()
[5716] 2015/02/28 12:24:31.192 CALL RegisterOnFutureRightCallBack()
[5716] 2015/02/28 12:24:31.192 CALL RegisterOnCertCanceled()
[5716] 2015/02/28 12:24:31.192 CALL RegisterOnExecutionReportCallBack()
[5716] 2015/02/28 12:24:31.192 CALL GetUserAccount()
[5716] 2015/02/28 12:24:31.192 TS,9186,9186,0213851,S122811334,½²¦¼´Ü,0,0
[5716] 2015/02/28 12:24:31.192 OS,9188,9188,0011491,S122811334,½²¦¼´Ü,0,0
[5716] 2015/02/28 12:24:31.202 TS,9188,9188,0259512,S122811334,½²¦¼´Ü,0,0
[5716] 2015/02/28 12:24:31.202 TF,F020000,000,9232116,S122811334,½²¦¼´Ü,0,0
[5716] 2015/02/28 12:24:31.202 OF,F020000,000,9232116,S122811334,½²¦¼´Ü,0,0
[5716] 2015/02/28 12:24:31.202 TF,F020000,000,9232129,S122811334,½²¦¼´Ü,0,0
[5716] 2015/02/28 12:24:31.202 OF,F020000,000,9232129,S122811334,½²¦¼´Ü,0,0
[5716] 2015/02/28 12:24:31.212 CALL SKOrderLib_ReadCertByID(S122811334)
[5716] 2015/02/28 12:24:31.900 CALL GetFutureRight(F0200009232116)
[5716] 2015/02/28 12:24:37.530 CALL GetOpenInterest(F0200009232116)
[5736] 2015/02/28 12:24:37.660 SKOrderLib ª©¥» 2.1.22
[5736] 2015/02/28 12:24:37.660 Login ID: S122811334
[5736] 2015/02/28 12:24:39.262 CALL RegisterOnAccountCallBack()
[5736] 2015/02/28 12:24:39.262 CALL RegisterOnOrderAsyncReportCallBack()
[5736] 2015/02/28 12:24:39.262 CALL RegisterOnAccountWithLoginIDCallBack()
[5736] 2015/02/28 12:24:39.262 CALL RegisterOnRealBalanceReportCallBack()
[5736] 2015/02/28 12:24:39.262 CALL RegisterOnOpenInterestCallBack()
[5736] 2015/02/28 12:24:39.262 CALL RegisterOnStopLossReportCallBack()
[5736] 2015/02/28 12:24:39.262 CALL RegisterOnOverseaFuturesCallBack()
[5736] 2015/02/28 12:24:39.262 CALL RegisterOnOverseaFutureOpenInterestCallBack()
[5736] 2015/02/28 12:24:39.262 CALL RegisterOnOverseaOptionsCallBack()
[5736] 2015/02/28 12:24:39.262 CALL RegisterOnFutureRightCallBack()
[5736] 2015/02/28 12:24:39.272 CALL RegisterOnCertCanceled()
[5736] 2015/02/28 12:24:39.272 CALL RegisterOnExecutionReportCallBack()
[5736] 2015/02/28 12:24:39.272 CALL GetUserAccount()
[5736] 2015/02/28 12:24:39.272 TS,9186,9186,0213851,S122811334,½²¦¼´Ü,0,0
[5736] 2015/02/28 12:24:39.272 OS,9188,9188,0011491,S122811334,½²¦¼´Ü,0,0
[5736] 2015/02/28 12:24:39.272 TS,9188,9188,0259512,S122811334,½²¦¼´Ü,0,0
[5736] 2015/02/28 12:24:39.272 TF,F020000,000,9232116,S122811334,½²¦¼´Ü,0,0
[5736] 2015/02/28 12:24:39.272 OF,F020000,000,9232116,S122811334,½²¦¼´Ü,0,0
[5736] 2015/02/28 12:24:39.282 TF,F020000,000,9232129,S122811334,½²¦¼´Ü,0,0
[5736] 2015/02/28 12:24:39.282 OF,F020000,000,9232129,S122811334,½²¦¼´Ü,0,0
[5736] 2015/02/28 12:24:39.282 CALL SKOrderLib_ReadCertByID(S122811334)
[5736] 2015/02/28 12:24:39.859 CALL GetFutureRight(F0200009232129)
[5736] 2015/02/28 12:24:45.357 CALL GetOpenInterest(F0200009232129)
[5716] 2015/02/28 12:24:52.637 CALL GetFutureRight(F0200009232116)
[5716] 2015/02/28 12:24:58.310 CALL GetOpenInterest(F0200009232116)
[5736] 2015/02/28 12:25:00.449 CALL GetFutureRight(F0200009232129)
[5736] 2015/02/28 12:25:05.563 CALL GetOpenInterest(F0200009232129)
[5716] 2015/02/28 12:25:07.648 CALL GetFutureRight(F0200009232116)
[5716] 2015/02/28 12:25:12.955 CALL GetOpenInterest(F0200009232116)
[5736] 2015/02/28 12:25:15.465 CALL GetFutureRight(F0200009232129)
[5736] 2015/02/28 12:25:20.577 CALL GetOpenInterest(F0200009232129)
[5716] 2015/02/28 12:25:22.655 CALL GetFutureRight(F0200009232116)
[5716] 2015/02/28 12:25:28.012 CALL GetOpenInterest(F0200009232116)
[5736] 2015/02/28 12:25:30.466 CALL GetFutureRight(F0200009232129)
[5736] 2015/02/28 12:25:35.569 CALL GetOpenInterest(F0200009232129)
[5716] 2015/02/28 12:25:37.657 CALL GetFutureRight(F0200009232116)
[5716] 2015/02/28 12:25:42.771 CALL GetOpenInterest(F0200009232116)
[5736] 2015/02/28 12:25:45.474 CALL GetFutureRight(F0200009232129)
[5736] 2015/02/28 12:25:50.588 CALL GetOpenInterest(F0200009232129)
[5716] 2015/02/28 12:25:52.666 CALL GetFutureRight(F0200009232116)
[5716] 2015/02/28 12:25:57.913 CALL GetOpenInterest(F0200009232116)
[5736] 2015/02/28 12:26:00.486 CALL GetFutureRight(F0200009232129)
[5736] 2015/02/28 12:26:05.600 CALL GetOpenInterest(F0200009232129)
[5716] 2015/02/28 12:26:07.680 CALL GetFutureRight(F0200009232116)
[5716] 2015/02/28 12:26:12.795 CALL GetOpenInterest(F0200009232116)
[5736] 2015/02/28 12:26:15.489 CALL GetFutureRight(F0200009232129)
[5736] 2015/02/28 12:26:20.602 CALL GetOpenInterest(F0200009232129)
[5716] 2015/02/28 12:26:22.677 CALL GetFutureRight(F0200009232116)
[5716] 2015/02/28 12:26:27.790 CALL GetOpenInterest(F0200009232116)
[5736] 2015/02/28 12:26:30.503 CALL GetFutureRight(F0200009232129)
[5736] 2015/02/28 12:26:35.626 CALL GetOpenInterest(F0200009232129)
[5716] 2015/02/28 12:26:37.691 CALL GetFutureRight(F0200009232116)
[5716] 2015/02/28 12:26:42.811 CALL GetOpenInterest(F0200009232116)
[5736] 2015/02/28 12:26:45.505 CALL GetFutureRight(F0200009232129)
[5736] 2015/02/28 12:26:50.605 CALL GetOpenInterest(F0200009232129)
[5716] 2015/02/28 12:26:52.700 CALL GetFutureRight(F0200009232116)
[5716] 2015/02/28 12:26:57.818 CALL GetOpenInterest(F0200009232116)
[5736] 2015/02/28 12:27:00.513 CALL GetFutureRight(F0200009232129)
[5736] 2015/02/28 12:27:05.626 CALL GetOpenInterest(F0200009232129)
[5716] 2015/02/28 12:27:07.701 CALL GetFutureRight(F0200009232116)
[5716] 2015/02/28 12:27:12.814 CALL GetOpenInterest(F0200009232116)
[5736] 2015/02/28 12:27:15.519 CALL GetFutureRight(F0200009232129)
[5736] 2015/02/28 12:27:20.635 CALL GetOpenInterest(F0200009232129)
[5716] 2015/02/28 12:27:22.709 CALL GetFutureRight(F0200009232116)
[5716] 2015/02/28 12:27:27.830 CALL GetOpenInterest(F0200009232116)
[5736] 2015/02/28 12:27:30.532 CALL GetFutureRight(F0200009232129)
[5736] 2015/02/28 12:27:35.648 CALL GetOpenInterest(F0200009232129)
[5716] 2015/02/28 12:27:37.721 CALL GetFutureRight(F0200009232116)
[5716] 2015/02/28 12:27:43.027 CALL GetOpenInterest(F0200009232116)
[5736] 2015/02/28 12:27:45.539 CALL GetFutureRight(F0200009232129)
[5736] 2015/02/28 12:27:50.653 CALL GetOpenInterest(F0200009232129)
[5716] 2015/02/28 12:27:52.723 CALL GetFutureRight(F0200009232116)
[5716] 2015/02/28 12:27:57.838 CALL GetOpenInterest(F0200009232116)
[5736] 2015/02/28 12:28:00.541 CALL GetFutureRight(F0200009232129)
[5736] 2015/02/28 12:28:05.653 CALL GetOpenInterest(F0200009232129)
[5716] 2015/02/28 12:28:07.732 CALL GetFutureRight(F0200009232116)
[5716] 2015/02/28 12:28:12.845 CALL GetOpenInterest(F0200009232116)
[5736] 2015/02/28 12:28:15.545 CALL GetFutureRight(F0200009232129)
[5736] 2015/02/28 12:28:20.820 CALL GetOpenInterest(F0200009232129)
[5716] 2015/02/28 12:28:22.743 CALL GetFutureRight(F0200009232116)
[5716] 2015/02/28 12:28:27.872 CALL GetOpenInterest(F0200009232116)
[5736] 2015/02/28 12:28:30.560 CALL GetFutureRight(F0200009232129)
[5736] 2015/02/28 12:28:35.678 CALL GetOpenInterest(F0200009232129)
[5716] 2015/02/28 12:28:37.743 CALL GetFutureRight(F0200009232116)
[5716] 2015/02/28 12:28:42.854 CALL GetOpenInterest(F0200009232116)
[5736] 2015/02/28 12:28:45.559 CALL GetFutureRight(F0200009232129)
[5736] 2015/02/28 12:28:50.681 CALL GetOpenInterest(F0200009232129)
[5716] 2015/02/28 12:28:52.756 CALL GetFutureRight(F0200009232116)
[5716] 2015/02/28 12:28:57.873 CALL GetOpenInterest(F0200009232116)
[5736] 2015/02/28 12:29:00.568 CALL GetFutureRight(F0200009232129)
[5736] 2015/02/28 12:29:05.681 CALL GetOpenInterest(F0200009232129)
[5716] 2015/02/28 12:29:07.766 CALL GetFutureRight(F0200009232116)
[5716] 2015/02/28 12:29:13.028 CALL GetOpenInterest(F0200009232116)
[5736] 2015/02/28 12:29:15.578 CALL GetFutureRight(F0200009232129)
[5736] 2015/02/28 12:29:20.690 CALL GetOpenInterest(F0200009232129)
[5716] 2015/02/28 12:29:22.775 CALL GetFutureRight(F0200009232116)
[5716] 2015/02/28 12:29:27.890 CALL GetOpenInterest(F0200009232116)
[5736] 2015/02/28 12:29:30.581 CALL GetFutureRight(F0200009232129)
[5736] 2015/02/28 12:29:35.711 CALL GetOpenInterest(F0200009232129)
[5716] 2015/02/28 12:29:37.779 CALL GetFutureRight(F0200009232116)
[5716] 2015/02/28 12:29:42.903 CALL GetOpenInterest(F0200009232116)
[5736] 2015/02/28 12:29:45.590 CALL GetFutureRight(F0200009232129)
[5736] 2015/02/28 12:29:50.706 CALL GetOpenInterest(F0200009232129)
[5716] 2015/02/28 12:29:52.788 CALL GetFutureRight(F0200009232116)
[5716] 2015/02/28 12:29:57.894 CALL GetOpenInterest(F0200009232116)
[5736] 2015/02/28 12:30:00.596 CALL GetFutureRight(F0200009232129)
[5736] 2015/02/28 12:30:05.731 CALL GetOpenInterest(F0200009232129)
[5716] 2015/02/28 12:30:07.795 CALL GetFutureRight(F0200009232116)
[5716] 2015/02/28 12:30:12.905 CALL GetOpenInterest(F0200009232116)
[1848] 2015/02/28 14:10:10.285 SKOrderLib ª©¥» 2.1.22
[1848] 2015/02/28 14:10:10.285 Login ID: S122811334
[1848] 2015/02/28 14:10:11.850 CALL RegisterOnAccountCallBack()
[1848] 2015/02/28 14:10:11.850 CALL RegisterOnOrderAsyncReportCallBack()
[1848] 2015/02/28 14:10:11.851 CALL RegisterOnAccountWithLoginIDCallBack()
[1848] 2015/02/28 14:10:11.852 CALL RegisterOnRealBalanceReportCallBack()
[1848] 2015/02/28 14:10:11.853 CALL RegisterOnOpenInterestCallBack()
[1848] 2015/02/28 14:10:11.853 CALL RegisterOnStopLossReportCallBack()
[1848] 2015/02/28 14:10:11.854 CALL RegisterOnOverseaFuturesCallBack()
[1848] 2015/02/28 14:10:11.855 CALL RegisterOnOverseaFutureOpenInterestCallBack()
[1848] 2015/02/28 14:10:11.856 CALL RegisterOnOverseaOptionsCallBack()
[1848] 2015/02/28 14:10:11.856 CALL RegisterOnFutureRightCallBack()
[1848] 2015/02/28 14:10:11.857 CALL RegisterOnCertCanceled()
[1848] 2015/02/28 14:10:11.858 CALL RegisterOnExecutionReportCallBack()
[1848] 2015/02/28 14:10:11.858 CALL GetUserAccount()
[1848] 2015/02/28 14:10:11.859 TS,9186,9186,0213851,S122811334,½²¦¼´Ü,0,0
[1848] 2015/02/28 14:10:11.862 OS,9188,9188,0011491,S122811334,½²¦¼´Ü,0,0
[1848] 2015/02/28 14:10:11.864 TS,9188,9188,0259512,S122811334,½²¦¼´Ü,0,0
[1848] 2015/02/28 14:10:11.866 TF,F020000,000,9232116,S122811334,½²¦¼´Ü,0,0
[1848] 2015/02/28 14:10:11.868 OF,F020000,000,9232116,S122811334,½²¦¼´Ü,0,0
[1848] 2015/02/28 14:10:11.870 TF,F020000,000,9232129,S122811334,½²¦¼´Ü,0,0
[1848] 2015/02/28 14:10:11.872 OF,F020000,000,9232129,S122811334,½²¦¼´Ü,0,0
[1848] 2015/02/28 14:10:11.874 CALL SKOrderLib_ReadCertByID(S122811334)
[1848] 2015/02/28 14:10:12.646 CALL GetFutureRight(F0200009232116)
[1848] 2015/02/28 14:10:18.455 CALL GetOpenInterest(F0200009232116)
[3504] 2015/02/28 14:10:20.102 SKOrderLib ª©¥» 2.1.22
[3504] 2015/02/28 14:10:20.103 Login ID: S122811334
[3504] 2015/02/28 14:10:22.734 CALL RegisterOnAccountCallBack()
[3504] 2015/02/28 14:10:22.735 CALL RegisterOnOrderAsyncReportCallBack()
[3504] 2015/02/28 14:10:22.735 CALL RegisterOnAccountWithLoginIDCallBack()
[3504] 2015/02/28 14:10:22.736 CALL RegisterOnRealBalanceReportCallBack()
[3504] 2015/02/28 14:10:22.736 CALL RegisterOnOpenInterestCallBack()
[3504] 2015/02/28 14:10:22.737 CALL RegisterOnStopLossReportCallBack()
[3504] 2015/02/28 14:10:22.737 CALL RegisterOnOverseaFuturesCallBack()
[3504] 2015/02/28 14:10:22.737 CALL RegisterOnOverseaFutureOpenInterestCallBack()
[3504] 2015/02/28 14:10:22.738 CALL RegisterOnOverseaOptionsCallBack()
[3504] 2015/02/28 14:10:22.738 CALL RegisterOnFutureRightCallBack()
[3504] 2015/02/28 14:10:22.739 CALL RegisterOnCertCanceled()
[3504] 2015/02/28 14:10:22.739 CALL RegisterOnExecutionReportCallBack()
[3504] 2015/02/28 14:10:22.740 CALL GetUserAccount()
[3504] 2015/02/28 14:10:22.740 TS,9186,9186,0213851,S122811334,½²¦¼´Ü,0,0
[3504] 2015/02/28 14:10:22.742 OS,9188,9188,0011491,S122811334,½²¦¼´Ü,0,0
[3504] 2015/02/28 14:10:22.744 TS,9188,9188,0259512,S122811334,½²¦¼´Ü,0,0
[3504] 2015/02/28 14:10:22.745 TF,F020000,000,9232116,S122811334,½²¦¼´Ü,0,0
[3504] 2015/02/28 14:10:22.746 OF,F020000,000,9232116,S122811334,½²¦¼´Ü,0,0
[3504] 2015/02/28 14:10:22.748 TF,F020000,000,9232129,S122811334,½²¦¼´Ü,0,0
[3504] 2015/02/28 14:10:22.751 OF,F020000,000,9232129,S122811334,½²¦¼´Ü,0,0
[3504] 2015/02/28 14:10:22.752 CALL SKOrderLib_ReadCertByID(S122811334)
[3504] 2015/02/28 14:10:23.330 CALL GetFutureRight(F0200009232129)
[3504] 2015/02/28 14:10:28.869 CALL GetOpenInterest(F0200009232129)
[1848] 2015/02/28 14:10:35.083 CALL GetFutureRight(F0200009232116)
[1848] 2015/02/28 14:10:41.150 CALL GetOpenInterest(F0200009232116)
[3504] 2015/02/28 14:10:43.959 CALL GetFutureRight(F0200009232129)
[3504] 2015/02/28 14:10:49.075 CALL GetOpenInterest(F0200009232129)
[1848] 2015/02/28 14:10:50.090 CALL GetFutureRight(F0200009232116)
[1848] 2015/02/28 14:10:55.204 CALL GetOpenInterest(F0200009232116)
[3504] 2015/02/28 14:10:58.964 CALL GetFutureRight(F0200009232129)
[3504] 2015/02/28 14:11:04.075 CALL GetOpenInterest(F0200009232129)
[1848] 2015/02/28 14:11:05.098 CALL GetFutureRight(F0200009232116)
[1848] 2015/02/28 14:11:10.214 CALL GetOpenInterest(F0200009232116)
[3504] 2015/02/28 14:11:13.973 CALL GetFutureRight(F0200009232129)
[3504] 2015/02/28 14:11:19.081 CALL GetOpenInterest(F0200009232129)
[1848] 2015/02/28 14:11:20.107 CALL GetFutureRight(F0200009232116)
[1848] 2015/02/28 14:11:25.213 CALL GetOpenInterest(F0200009232116)
[3504] 2015/02/28 14:11:28.979 CALL GetFutureRight(F0200009232129)
[3504] 2015/02/28 14:11:34.086 CALL GetOpenInterest(F0200009232129)
[1848] 2015/02/28 14:11:35.113 CALL GetFutureRight(F0200009232116)
[1848] 2015/02/28 14:11:40.222 CALL GetOpenInterest(F0200009232116)
[3504] 2015/02/28 14:11:43.986 CALL GetFutureRight(F0200009232129)
[3504] 2015/02/28 14:11:49.091 CALL GetOpenInterest(F0200009232129)
[1848] 2015/02/28 14:11:50.119 CALL GetFutureRight(F0200009232116)
