[3548] 2015/03/20 04:20:59.312 SKOrderLib ª©¥» 2.1.22
[3548] 2015/03/20 04:20:59.312 Login ID: S122811334
[3548] 2015/03/20 04:21:00.375 CALL RegisterOnAccountCallBack()
[3548] 2015/03/20 04:21:00.375 CALL RegisterOnOrderAsyncReportCallBack()
[3548] 2015/03/20 04:21:00.375 CALL RegisterOnAccountWithLoginIDCallBack()
[3548] 2015/03/20 04:21:00.375 CALL RegisterOnRealBalanceReportCallBack()
[3548] 2015/03/20 04:21:00.375 CALL RegisterOnOpenInterestCallBack()
[3548] 2015/03/20 04:21:00.375 CALL RegisterOnStopLossReportCallBack()
[3548] 2015/03/20 04:21:00.375 CALL RegisterOnOverseaFuturesCallBack()
[3548] 2015/03/20 04:21:00.375 CALL RegisterOnOverseaFutureOpenInterestCallBack()
[3548] 2015/03/20 04:21:00.375 CALL RegisterOnOverseaOptionsCallBack()
[3548] 2015/03/20 04:21:00.375 CALL RegisterOnFutureRightCallBack()
[3548] 2015/03/20 04:21:00.375 CALL RegisterOnCertCanceled()
[3548] 2015/03/20 04:21:00.375 CALL RegisterOnExecutionReportCallBack()
[3548] 2015/03/20 04:21:00.390 CALL GetUserAccount()
[3548] 2015/03/20 04:21:00.390 TS,9186,9186,0213851,S122811334,½²¦¼´Ü,0,0
[3548] 2015/03/20 04:21:00.390 OS,9188,9188,0011491,S122811334,½²¦¼´Ü,0,0
[3548] 2015/03/20 04:21:00.390 TS,9188,9188,0259512,S122811334,½²¦¼´Ü,0,0
[3548] 2015/03/20 04:21:00.390 TF,F020000,000,9232116,S122811334,½²¦¼´Ü,0,0
[3548] 2015/03/20 04:21:00.390 OF,F020000,000,9232116,S122811334,½²¦¼´Ü,0,0
[3548] 2015/03/20 04:21:00.390 TF,F020000,000,9232129,S122811334,½²¦¼´Ü,0,0
[3548] 2015/03/20 04:21:00.390 OF,F020000,000,9232129,S122811334,½²¦¼´Ü,0,0
[3548] 2015/03/20 04:21:00.390 CALL SKOrderLib_ReadCertByID(S122811334)
[3548] 2015/03/20 04:21:00.703 CALL GetFutureRight(F0200009232116)
[3548] 2015/03/20 04:21:05.953 CALL GetOpenInterest(F0200009232116)
[2556] 2015/03/20 04:21:06.265 SKOrderLib ª©¥» 2.1.22
[2556] 2015/03/20 04:21:06.265 Login ID: S122811334
[2556] 2015/03/20 04:21:07.234 CALL RegisterOnAccountCallBack()
[2556] 2015/03/20 04:21:07.234 CALL RegisterOnOrderAsyncReportCallBack()
[2556] 2015/03/20 04:21:07.234 CALL RegisterOnAccountWithLoginIDCallBack()
[2556] 2015/03/20 04:21:07.234 CALL RegisterOnRealBalanceReportCallBack()
[2556] 2015/03/20 04:21:07.234 CALL RegisterOnOpenInterestCallBack()
[2556] 2015/03/20 04:21:07.234 CALL RegisterOnStopLossReportCallBack()
[2556] 2015/03/20 04:21:07.234 CALL RegisterOnOverseaFuturesCallBack()
[2556] 2015/03/20 04:21:07.234 CALL RegisterOnOverseaFutureOpenInterestCallBack()
[2556] 2015/03/20 04:21:07.234 CALL RegisterOnOverseaOptionsCallBack()
[2556] 2015/03/20 04:21:07.234 CALL RegisterOnFutureRightCallBack()
[2556] 2015/03/20 04:21:07.234 CALL RegisterOnCertCanceled()
[2556] 2015/03/20 04:21:07.234 CALL RegisterOnExecutionReportCallBack()
[2556] 2015/03/20 04:21:07.234 CALL GetUserAccount()
[2556] 2015/03/20 04:21:07.234 TS,9186,9186,0213851,S122811334,½²¦¼´Ü,0,0
[2556] 2015/03/20 04:21:07.250 OS,9188,9188,0011491,S122811334,½²¦¼´Ü,0,0
[2556] 2015/03/20 04:21:07.250 TS,9188,9188,0259512,S122811334,½²¦¼´Ü,0,0
[2556] 2015/03/20 04:21:07.250 TF,F020000,000,9232116,S122811334,½²¦¼´Ü,0,0
[2556] 2015/03/20 04:21:07.250 OF,F020000,000,9232116,S122811334,½²¦¼´Ü,0,0
[2556] 2015/03/20 04:21:07.250 TF,F020000,000,9232129,S122811334,½²¦¼´Ü,0,0
[2556] 2015/03/20 04:21:07.250 OF,F020000,000,9232129,S122811334,½²¦¼´Ü,0,0
[2556] 2015/03/20 04:21:07.250 CALL SKOrderLib_ReadCertByID(S122811334)
[2556] 2015/03/20 04:21:07.437 CALL GetFutureRight(F0200009232129)
[2556] 2015/03/20 04:21:12.671 CALL GetOpenInterest(F0200009232129)
[3548] 2015/03/20 04:21:21.015 CALL GetFutureRight(F0200009232116)
[3548] 2015/03/20 04:21:26.078 CALL GetOpenInterest(F0200009232116)
[2556] 2015/03/20 04:21:27.718 CALL GetFutureRight(F0200009232129)
[2556] 2015/03/20 04:21:32.781 CALL GetOpenInterest(F0200009232129)
[3548] 2015/03/20 04:21:36.015 CALL GetFutureRight(F0200009232116)
[3548] 2015/03/20 04:21:41.062 CALL GetOpenInterest(F0200009232116)
[2556] 2015/03/20 04:21:42.718 CALL GetFutureRight(F0200009232129)
[2556] 2015/03/20 04:21:47.781 CALL GetOpenInterest(F0200009232129)
[3548] 2015/03/20 04:21:51.015 CALL GetFutureRight(F0200009232116)
[3548] 2015/03/20 04:21:56.078 CALL GetOpenInterest(F0200009232116)
[2556] 2015/03/20 04:21:57.718 CALL GetFutureRight(F0200009232129)
[2556] 2015/03/20 04:22:02.781 CALL GetOpenInterest(F0200009232129)
[3548] 2015/03/20 04:22:06.015 CALL GetFutureRight(F0200009232116)
[3548] 2015/03/20 04:22:11.078 CALL GetOpenInterest(F0200009232116)
[2556] 2015/03/20 04:22:12.718 CALL GetFutureRight(F0200009232129)
[2556] 2015/03/20 04:22:17.781 CALL GetOpenInterest(F0200009232129)
[3548] 2015/03/20 04:22:21.015 CALL GetFutureRight(F0200009232116)
[3548] 2015/03/20 04:22:26.062 CALL GetOpenInterest(F0200009232116)
[2556] 2015/03/20 04:22:27.718 CALL GetFutureRight(F0200009232129)
[2556] 2015/03/20 04:22:32.765 CALL GetOpenInterest(F0200009232129)
[3548] 2015/03/20 04:22:36.015 CALL GetFutureRight(F0200009232116)
[3548] 2015/03/20 04:22:41.078 CALL GetOpenInterest(F0200009232116)
[2556] 2015/03/20 04:22:42.718 CALL GetFutureRight(F0200009232129)
[2556] 2015/03/20 04:22:47.765 CALL GetOpenInterest(F0200009232129)
[852] 2015/03/20 04:23:14.109 SKOrderLib ª©¥» 2.1.22
[852] 2015/03/20 04:23:14.109 Login ID: S122811334
[852] 2015/03/20 04:23:15.078 CALL RegisterOnAccountCallBack()
[852] 2015/03/20 04:23:15.093 CALL RegisterOnOrderAsyncReportCallBack()
[852] 2015/03/20 04:23:15.093 CALL RegisterOnAccountWithLoginIDCallBack()
[852] 2015/03/20 04:23:15.093 CALL RegisterOnRealBalanceReportCallBack()
[852] 2015/03/20 04:23:15.093 CALL RegisterOnOpenInterestCallBack()
[852] 2015/03/20 04:23:15.093 CALL RegisterOnStopLossReportCallBack()
[852] 2015/03/20 04:23:15.093 CALL RegisterOnOverseaFuturesCallBack()
[852] 2015/03/20 04:23:15.093 CALL RegisterOnOverseaFutureOpenInterestCallBack()
[852] 2015/03/20 04:23:15.093 CALL RegisterOnOverseaOptionsCallBack()
[852] 2015/03/20 04:23:15.093 CALL RegisterOnFutureRightCallBack()
[852] 2015/03/20 04:23:15.093 CALL RegisterOnCertCanceled()
[852] 2015/03/20 04:23:15.093 CALL RegisterOnExecutionReportCallBack()
[852] 2015/03/20 04:23:15.093 CALL GetUserAccount()
[852] 2015/03/20 04:23:15.093 TS,9186,9186,0213851,S122811334,½²¦¼´Ü,0,0
[852] 2015/03/20 04:23:15.093 OS,9188,9188,0011491,S122811334,½²¦¼´Ü,0,0
[852] 2015/03/20 04:23:15.093 TS,9188,9188,0259512,S122811334,½²¦¼´Ü,0,0
[852] 2015/03/20 04:23:15.093 TF,F020000,000,9232116,S122811334,½²¦¼´Ü,0,0
[852] 2015/03/20 04:23:15.093 OF,F020000,000,9232116,S122811334,½²¦¼´Ü,0,0
[852] 2015/03/20 04:23:15.093 TF,F020000,000,9232129,S122811334,½²¦¼´Ü,0,0
[852] 2015/03/20 04:23:15.109 OF,F020000,000,9232129,S122811334,½²¦¼´Ü,0,0
[852] 2015/03/20 04:23:15.109 CALL SKOrderLib_ReadCertByID(S122811334)
[852] 2015/03/20 04:23:15.281 CALL GetFutureRight(F0200009232116)
[852] 2015/03/20 04:23:20.437 CALL GetOpenInterest(F0200009232116)
[1136] 2015/03/20 04:23:20.718 SKOrderLib ª©¥» 2.1.22
[1136] 2015/03/20 04:23:20.718 Login ID: S122811334
[1136] 2015/03/20 04:23:21.671 CALL RegisterOnAccountCallBack()
[1136] 2015/03/20 04:23:21.671 CALL RegisterOnOrderAsyncReportCallBack()
[1136] 2015/03/20 04:23:21.671 CALL RegisterOnAccountWithLoginIDCallBack()
[1136] 2015/03/20 04:23:21.671 CALL RegisterOnRealBalanceReportCallBack()
[1136] 2015/03/20 04:23:21.671 CALL RegisterOnOpenInterestCallBack()
[1136] 2015/03/20 04:23:21.671 CALL RegisterOnStopLossReportCallBack()
[1136] 2015/03/20 04:23:21.671 CALL RegisterOnOverseaFuturesCallBack()
[1136] 2015/03/20 04:23:21.671 CALL RegisterOnOverseaFutureOpenInterestCallBack()
[1136] 2015/03/20 04:23:21.671 CALL RegisterOnOverseaOptionsCallBack()
[1136] 2015/03/20 04:23:21.687 CALL RegisterOnFutureRightCallBack()
[1136] 2015/03/20 04:23:21.687 CALL RegisterOnCertCanceled()
[1136] 2015/03/20 04:23:21.687 CALL RegisterOnExecutionReportCallBack()
[1136] 2015/03/20 04:23:21.687 CALL GetUserAccount()
[1136] 2015/03/20 04:23:21.687 TS,9186,9186,0213851,S122811334,½²¦¼´Ü,0,0
[1136] 2015/03/20 04:23:21.687 OS,9188,9188,0011491,S122811334,½²¦¼´Ü,0,0
[1136] 2015/03/20 04:23:21.687 TS,9188,9188,0259512,S122811334,½²¦¼´Ü,0,0
[1136] 2015/03/20 04:23:21.687 TF,F020000,000,9232116,S122811334,½²¦¼´Ü,0,0
[1136] 2015/03/20 04:23:21.687 OF,F020000,000,9232116,S122811334,½²¦¼´Ü,0,0
[1136] 2015/03/20 04:23:21.687 TF,F020000,000,9232129,S122811334,½²¦¼´Ü,0,0
[1136] 2015/03/20 04:23:21.687 OF,F020000,000,9232129,S122811334,½²¦¼´Ü,0,0
[1136] 2015/03/20 04:23:21.687 CALL SKOrderLib_ReadCertByID(S122811334)
[1136] 2015/03/20 04:23:21.859 CALL GetFutureRight(F0200009232129)
[1136] 2015/03/20 04:23:27.015 CALL GetOpenInterest(F0200009232129)
[852] 2015/03/20 04:23:35.484 CALL GetFutureRight(F0200009232116)
[852] 2015/03/20 04:23:40.546 CALL GetOpenInterest(F0200009232116)
[1136] 2015/03/20 04:23:42.062 CALL GetFutureRight(F0200009232129)
[1136] 2015/03/20 04:23:47.125 CALL GetOpenInterest(F0200009232129)
[852] 2015/03/20 04:23:50.484 CALL GetFutureRight(F0200009232116)
[852] 2015/03/20 04:23:55.531 CALL GetOpenInterest(F0200009232116)
[1136] 2015/03/20 04:23:57.062 CALL GetFutureRight(F0200009232129)
[1136] 2015/03/20 04:24:02.125 CALL GetOpenInterest(F0200009232129)
[852] 2015/03/20 04:24:05.484 CALL GetFutureRight(F0200009232116)
[852] 2015/03/20 04:24:10.546 CALL GetOpenInterest(F0200009232116)
[1136] 2015/03/20 04:24:12.062 CALL GetFutureRight(F0200009232129)
[1136] 2015/03/20 04:24:17.125 CALL GetOpenInterest(F0200009232129)
[852] 2015/03/20 04:24:20.484 CALL GetFutureRight(F0200009232116)
[852] 2015/03/20 04:24:25.546 CALL GetOpenInterest(F0200009232116)
[1136] 2015/03/20 04:24:27.062 CALL GetFutureRight(F0200009232129)
[1136] 2015/03/20 04:24:32.125 CALL GetOpenInterest(F0200009232129)
[852] 2015/03/20 04:24:35.484 CALL GetFutureRight(F0200009232116)
[852] 2015/03/20 04:24:40.531 CALL GetOpenInterest(F0200009232116)
[1136] 2015/03/20 04:24:42.062 CALL GetFutureRight(F0200009232129)
[1136] 2015/03/20 04:24:47.125 CALL GetOpenInterest(F0200009232129)
[852] 2015/03/20 04:24:50.484 CALL GetFutureRight(F0200009232116)
[852] 2015/03/20 04:24:55.531 CALL GetOpenInterest(F0200009232116)
[1136] 2015/03/20 04:24:57.062 CALL GetFutureRight(F0200009232129)
[1136] 2015/03/20 04:25:02.125 CALL GetOpenInterest(F0200009232129)
[852] 2015/03/20 04:25:05.484 CALL GetFutureRight(F0200009232116)
[852] 2015/03/20 04:25:10.546 CALL GetOpenInterest(F0200009232116)
[1136] 2015/03/20 04:25:12.062 CALL GetFutureRight(F0200009232129)
[1136] 2015/03/20 04:25:17.125 CALL GetOpenInterest(F0200009232129)
[852] 2015/03/20 04:25:20.484 CALL GetFutureRight(F0200009232116)
[852] 2015/03/20 04:25:25.546 CALL GetOpenInterest(F0200009232116)
[1136] 2015/03/20 04:25:27.062 CALL GetFutureRight(F0200009232129)
[1136] 2015/03/20 04:25:32.125 CALL GetOpenInterest(F0200009232129)
[852] 2015/03/20 04:25:35.484 CALL GetFutureRight(F0200009232116)
[852] 2015/03/20 04:25:40.546 CALL GetOpenInterest(F0200009232116)
[1136] 2015/03/20 04:25:42.062 CALL GetFutureRight(F0200009232129)
[1136] 2015/03/20 04:25:47.109 CALL GetOpenInterest(F0200009232129)
[852] 2015/03/20 04:25:50.484 CALL GetFutureRight(F0200009232116)
[852] 2015/03/20 04:25:55.531 CALL GetOpenInterest(F0200009232116)
[1136] 2015/03/20 04:25:57.062 CALL GetFutureRight(F0200009232129)
[1692] 2015/03/20 04:26:24.812 SKOrderLib ª©¥» 2.1.22
[1692] 2015/03/20 04:26:24.812 Login ID: S122811334
[1692] 2015/03/20 04:26:25.640 CALL RegisterOnAccountCallBack()
[1692] 2015/03/20 04:26:25.640 CALL RegisterOnOrderAsyncReportCallBack()
[1692] 2015/03/20 04:26:25.640 CALL RegisterOnAccountWithLoginIDCallBack()
[1692] 2015/03/20 04:26:25.640 CALL RegisterOnRealBalanceReportCallBack()
[1692] 2015/03/20 04:26:25.640 CALL RegisterOnOpenInterestCallBack()
[1692] 2015/03/20 04:26:25.640 CALL RegisterOnStopLossReportCallBack()
[1692] 2015/03/20 04:26:25.640 CALL RegisterOnOverseaFuturesCallBack()
[1692] 2015/03/20 04:26:25.640 CALL RegisterOnOverseaFutureOpenInterestCallBack()
[1692] 2015/03/20 04:26:25.640 CALL RegisterOnOverseaOptionsCallBack()
[1692] 2015/03/20 04:26:25.640 CALL RegisterOnFutureRightCallBack()
[1692] 2015/03/20 04:26:25.656 CALL RegisterOnCertCanceled()
[1692] 2015/03/20 04:26:25.656 CALL RegisterOnExecutionReportCallBack()
[1692] 2015/03/20 04:26:25.656 CALL GetUserAccount()
[1692] 2015/03/20 04:26:25.656 TS,9186,9186,0213851,S122811334,½²¦¼´Ü,0,0
[1692] 2015/03/20 04:26:25.656 OS,9188,9188,0011491,S122811334,½²¦¼´Ü,0,0
[1692] 2015/03/20 04:26:25.656 TS,9188,9188,0259512,S122811334,½²¦¼´Ü,0,0
[1692] 2015/03/20 04:26:25.656 TF,F020000,000,9232116,S122811334,½²¦¼´Ü,0,0
[1692] 2015/03/20 04:26:25.656 OF,F020000,000,9232116,S122811334,½²¦¼´Ü,0,0
[1692] 2015/03/20 04:26:25.656 TF,F020000,000,9232129,S122811334,½²¦¼´Ü,0,0
[1692] 2015/03/20 04:26:25.656 OF,F020000,000,9232129,S122811334,½²¦¼´Ü,0,0
[1692] 2015/03/20 04:26:25.656 CALL SKOrderLib_ReadCertByID(S122811334)
[1692] 2015/03/20 04:26:25.828 CALL GetFutureRight(F0200009232116)
[1692] 2015/03/20 04:26:31.000 CALL GetOpenInterest(F0200009232116)
[1656] 2015/03/20 04:26:31.296 SKOrderLib ª©¥» 2.1.22
[1656] 2015/03/20 04:26:31.296 Login ID: S122811334
[1656] 2015/03/20 04:26:32.109 CALL RegisterOnAccountCallBack()
[1656] 2015/03/20 04:26:32.109 CALL RegisterOnOrderAsyncReportCallBack()
[1656] 2015/03/20 04:26:32.109 CALL RegisterOnAccountWithLoginIDCallBack()
[1656] 2015/03/20 04:26:32.109 CALL RegisterOnRealBalanceReportCallBack()
[1656] 2015/03/20 04:26:32.109 CALL RegisterOnOpenInterestCallBack()
[1656] 2015/03/20 04:26:32.109 CALL RegisterOnStopLossReportCallBack()
[1656] 2015/03/20 04:26:32.109 CALL RegisterOnOverseaFuturesCallBack()
[1656] 2015/03/20 04:26:32.109 CALL RegisterOnOverseaFutureOpenInterestCallBack()
[1656] 2015/03/20 04:26:32.109 CALL RegisterOnOverseaOptionsCallBack()
[1656] 2015/03/20 04:26:32.125 CALL RegisterOnFutureRightCallBack()
[1656] 2015/03/20 04:26:32.125 CALL RegisterOnCertCanceled()
[1656] 2015/03/20 04:26:32.125 CALL RegisterOnExecutionReportCallBack()
[1656] 2015/03/20 04:26:32.125 CALL GetUserAccount()
[1656] 2015/03/20 04:26:32.125 TS,9186,9186,0213851,S122811334,½²¦¼´Ü,0,0
[1656] 2015/03/20 04:26:32.125 OS,9188,9188,0011491,S122811334,½²¦¼´Ü,0,0
[1656] 2015/03/20 04:26:32.125 TS,9188,9188,0259512,S122811334,½²¦¼´Ü,0,0
[1656] 2015/03/20 04:26:32.125 TF,F020000,000,9232116,S122811334,½²¦¼´Ü,0,0
[1656] 2015/03/20 04:26:32.125 OF,F020000,000,9232116,S122811334,½²¦¼´Ü,0,0
[1656] 2015/03/20 04:26:32.125 TF,F020000,000,9232129,S122811334,½²¦¼´Ü,0,0
[1656] 2015/03/20 04:26:32.125 OF,F020000,000,9232129,S122811334,½²¦¼´Ü,0,0
[1656] 2015/03/20 04:26:32.125 CALL SKOrderLib_ReadCertByID(S122811334)
[1656] 2015/03/20 04:26:32.296 CALL GetFutureRight(F0200009232129)
[1656] 2015/03/20 04:26:37.437 CALL GetOpenInterest(F0200009232129)
[1692] 2015/03/20 04:26:46.062 CALL GetFutureRight(F0200009232116)
[1692] 2015/03/20 04:26:51.109 CALL GetOpenInterest(F0200009232116)
[1656] 2015/03/20 04:26:52.500 CALL GetFutureRight(F0200009232129)
[1656] 2015/03/20 04:26:57.562 CALL GetOpenInterest(F0200009232129)
[1692] 2015/03/20 04:27:01.062 CALL GetFutureRight(F0200009232116)
[1692] 2015/03/20 04:27:06.109 CALL GetOpenInterest(F0200009232116)
[1656] 2015/03/20 04:27:07.500 CALL GetFutureRight(F0200009232129)
[1656] 2015/03/20 04:27:12.562 CALL GetOpenInterest(F0200009232129)
[1692] 2015/03/20 04:27:16.062 CALL GetFutureRight(F0200009232116)
[1692] 2015/03/20 04:27:21.125 CALL GetOpenInterest(F0200009232116)
[1656] 2015/03/20 04:27:22.500 CALL GetFutureRight(F0200009232129)
[1656] 2015/03/20 04:27:27.562 CALL GetOpenInterest(F0200009232129)
[1692] 2015/03/20 04:27:31.062 CALL GetFutureRight(F0200009232116)
[1692] 2015/03/20 04:27:36.125 CALL GetOpenInterest(F0200009232116)
[1656] 2015/03/20 04:27:37.500 CALL GetFutureRight(F0200009232129)
[1656] 2015/03/20 04:27:42.546 CALL GetOpenInterest(F0200009232129)
[1692] 2015/03/20 04:27:46.062 CALL GetFutureRight(F0200009232116)
[1692] 2015/03/20 04:27:51.125 CALL GetOpenInterest(F0200009232116)
[1656] 2015/03/20 04:27:52.500 CALL GetFutureRight(F0200009232129)
[1656] 2015/03/20 04:27:57.546 CALL GetOpenInterest(F0200009232129)
[1692] 2015/03/20 04:28:01.062 CALL GetFutureRight(F0200009232116)
[1692] 2015/03/20 04:28:06.125 CALL GetOpenInterest(F0200009232116)
[1656] 2015/03/20 04:28:07.500 CALL GetFutureRight(F0200009232129)
[1656] 2015/03/20 04:28:12.562 CALL GetOpenInterest(F0200009232129)
[1692] 2015/03/20 04:28:16.062 CALL GetFutureRight(F0200009232116)
[3280] 2015/03/20 04:31:59.968 SKOrderLib ª©¥» 2.1.22
[3280] 2015/03/20 04:31:59.968 Login ID: S122811334
[3280] 2015/03/20 04:32:01.046 CALL RegisterOnAccountCallBack()
[3280] 2015/03/20 04:32:01.046 CALL RegisterOnOrderAsyncReportCallBack()
[3280] 2015/03/20 04:32:01.046 CALL RegisterOnAccountWithLoginIDCallBack()
[3280] 2015/03/20 04:32:01.046 CALL RegisterOnRealBalanceReportCallBack()
[3280] 2015/03/20 04:32:01.046 CALL RegisterOnOpenInterestCallBack()
[3280] 2015/03/20 04:32:01.046 CALL RegisterOnStopLossReportCallBack()
[3280] 2015/03/20 04:32:01.046 CALL RegisterOnOverseaFuturesCallBack()
[3280] 2015/03/20 04:32:01.046 CALL RegisterOnOverseaFutureOpenInterestCallBack()
[3280] 2015/03/20 04:32:01.046 CALL RegisterOnOverseaOptionsCallBack()
[3280] 2015/03/20 04:32:01.046 CALL RegisterOnFutureRightCallBack()
[3280] 2015/03/20 04:32:01.046 CALL RegisterOnCertCanceled()
[3280] 2015/03/20 04:32:01.046 CALL RegisterOnExecutionReportCallBack()
[3280] 2015/03/20 04:32:01.046 CALL GetUserAccount()
[3280] 2015/03/20 04:32:01.046 TS,9186,9186,0213851,S122811334,½²¦¼´Ü,0,0
[3280] 2015/03/20 04:32:01.046 OS,9188,9188,0011491,S122811334,½²¦¼´Ü,0,0
[3280] 2015/03/20 04:32:01.046 TS,9188,9188,0259512,S122811334,½²¦¼´Ü,0,0
[3280] 2015/03/20 04:32:01.046 TF,F020000,000,9232116,S122811334,½²¦¼´Ü,0,0
[3280] 2015/03/20 04:32:01.046 OF,F020000,000,9232116,S122811334,½²¦¼´Ü,0,0
[3280] 2015/03/20 04:32:01.062 TF,F020000,000,9232129,S122811334,½²¦¼´Ü,0,0
[3280] 2015/03/20 04:32:01.062 OF,F020000,000,9232129,S122811334,½²¦¼´Ü,0,0
[3280] 2015/03/20 04:32:01.062 CALL SKOrderLib_ReadCertByID(S122811334)
[3280] 2015/03/20 04:32:01.328 CALL GetFutureRight(F0200009232116)
[3280] 2015/03/20 04:32:07.562 CALL GetOpenInterest(F0200009232116)
[2868] 2015/03/20 04:32:07.859 SKOrderLib ª©¥» 2.1.22
[2868] 2015/03/20 04:32:07.859 Login ID: S122811334
[2868] 2015/03/20 04:32:08.671 CALL RegisterOnAccountCallBack()
[2868] 2015/03/20 04:32:08.671 CALL RegisterOnOrderAsyncReportCallBack()
[2868] 2015/03/20 04:32:08.671 CALL RegisterOnAccountWithLoginIDCallBack()
[2868] 2015/03/20 04:32:08.671 CALL RegisterOnRealBalanceReportCallBack()
[2868] 2015/03/20 04:32:08.671 CALL RegisterOnOpenInterestCallBack()
[2868] 2015/03/20 04:32:08.671 CALL RegisterOnStopLossReportCallBack()
[2868] 2015/03/20 04:32:08.671 CALL RegisterOnOverseaFuturesCallBack()
[2868] 2015/03/20 04:32:08.671 CALL RegisterOnOverseaFutureOpenInterestCallBack()
[2868] 2015/03/20 04:32:08.687 CALL RegisterOnOverseaOptionsCallBack()
[2868] 2015/03/20 04:32:08.687 CALL RegisterOnFutureRightCallBack()
[2868] 2015/03/20 04:32:08.687 CALL RegisterOnCertCanceled()
[2868] 2015/03/20 04:32:08.687 CALL RegisterOnExecutionReportCallBack()
[2868] 2015/03/20 04:32:08.687 CALL GetUserAccount()
[2868] 2015/03/20 04:32:08.687 TS,9186,9186,0213851,S122811334,½²¦¼´Ü,0,0
[2868] 2015/03/20 04:32:08.687 OS,9188,9188,0011491,S122811334,½²¦¼´Ü,0,0
[2868] 2015/03/20 04:32:08.687 TS,9188,9188,0259512,S122811334,½²¦¼´Ü,0,0
[2868] 2015/03/20 04:32:08.687 TF,F020000,000,9232116,S122811334,½²¦¼´Ü,0,0
[2868] 2015/03/20 04:32:08.687 OF,F020000,000,9232116,S122811334,½²¦¼´Ü,0,0
[2868] 2015/03/20 04:32:08.687 TF,F020000,000,9232129,S122811334,½²¦¼´Ü,0,0
[2868] 2015/03/20 04:32:08.687 OF,F020000,000,9232129,S122811334,½²¦¼´Ü,0,0
[2868] 2015/03/20 04:32:08.687 CALL SKOrderLib_ReadCertByID(S122811334)
[2868] 2015/03/20 04:32:08.859 CALL GetFutureRight(F0200009232129)
[2868] 2015/03/20 04:32:14.109 CALL GetOpenInterest(F0200009232129)
[3280] 2015/03/20 04:32:22.609 CALL GetFutureRight(F0200009232116)
[3280] 2015/03/20 04:32:27.671 CALL GetOpenInterest(F0200009232116)
[2868] 2015/03/20 04:32:29.156 CALL GetFutureRight(F0200009232129)
[2868] 2015/03/20 04:32:34.218 CALL GetOpenInterest(F0200009232129)
[3280] 2015/03/20 04:32:37.609 CALL GetFutureRight(F0200009232116)
[3280] 2015/03/20 04:32:42.656 CALL GetOpenInterest(F0200009232116)
[2868] 2015/03/20 04:32:44.156 CALL GetFutureRight(F0200009232129)
[2868] 2015/03/20 04:32:49.218 CALL GetOpenInterest(F0200009232129)
[3280] 2015/03/20 04:32:52.609 CALL GetFutureRight(F0200009232116)
[3280] 2015/03/20 04:32:57.656 CALL GetOpenInterest(F0200009232116)
[2868] 2015/03/20 04:32:59.156 CALL GetFutureRight(F0200009232129)
[2868] 2015/03/20 04:33:04.218 CALL GetOpenInterest(F0200009232129)
[3280] 2015/03/20 04:33:07.609 CALL GetFutureRight(F0200009232116)
[3280] 2015/03/20 04:33:12.671 CALL GetOpenInterest(F0200009232116)
[2868] 2015/03/20 04:33:14.156 CALL GetFutureRight(F0200009232129)
[2868] 2015/03/20 04:33:19.218 CALL GetOpenInterest(F0200009232129)
[3280] 2015/03/20 04:33:22.609 CALL GetFutureRight(F0200009232116)
[3280] 2015/03/20 04:33:27.656 CALL GetOpenInterest(F0200009232116)
[2868] 2015/03/20 04:33:29.156 CALL GetFutureRight(F0200009232129)
[2868] 2015/03/20 04:33:34.250 CALL GetOpenInterest(F0200009232129)
[3280] 2015/03/20 04:33:37.609 CALL GetFutureRight(F0200009232116)
[3280] 2015/03/20 04:33:42.671 CALL GetOpenInterest(F0200009232116)
[2868] 2015/03/20 04:33:44.156 CALL GetFutureRight(F0200009232129)
[2868] 2015/03/20 04:33:49.218 CALL GetOpenInterest(F0200009232129)
[3280] 2015/03/20 04:33:52.609 CALL GetFutureRight(F0200009232116)
[3280] 2015/03/20 04:33:57.671 CALL GetOpenInterest(F0200009232116)
[2868] 2015/03/20 04:33:59.156 CALL GetFutureRight(F0200009232129)
[2868] 2015/03/20 04:34:04.218 CALL GetOpenInterest(F0200009232129)
[3280] 2015/03/20 04:34:07.609 CALL GetFutureRight(F0200009232116)
[3280] 2015/03/20 04:34:12.656 CALL GetOpenInterest(F0200009232116)
[2868] 2015/03/20 04:34:14.156 CALL GetFutureRight(F0200009232129)
[2868] 2015/03/20 04:34:19.218 CALL GetOpenInterest(F0200009232129)
[3280] 2015/03/20 04:34:22.609 CALL GetFutureRight(F0200009232116)
[3280] 2015/03/20 04:34:27.671 CALL GetOpenInterest(F0200009232116)
[2868] 2015/03/20 04:34:29.156 CALL GetFutureRight(F0200009232129)
[2868] 2015/03/20 04:34:34.203 CALL GetOpenInterest(F0200009232129)
[3280] 2015/03/20 04:34:37.609 CALL GetFutureRight(F0200009232116)
[3640] 2015/03/20 04:39:06.828 SKOrderLib ª©¥» 2.1.22
[3640] 2015/03/20 04:39:06.828 Login ID: S122811334
[3640] 2015/03/20 04:39:07.859 CALL RegisterOnAccountCallBack()
[3640] 2015/03/20 04:39:07.859 CALL RegisterOnOrderAsyncReportCallBack()
[3640] 2015/03/20 04:39:07.859 CALL RegisterOnAccountWithLoginIDCallBack()
[3640] 2015/03/20 04:39:07.859 CALL RegisterOnRealBalanceReportCallBack()
[3640] 2015/03/20 04:39:07.859 CALL RegisterOnOpenInterestCallBack()
[3640] 2015/03/20 04:39:07.859 CALL RegisterOnStopLossReportCallBack()
[3640] 2015/03/20 04:39:07.859 CALL RegisterOnOverseaFuturesCallBack()
[3640] 2015/03/20 04:39:07.859 CALL RegisterOnOverseaFutureOpenInterestCallBack()
[3640] 2015/03/20 04:39:07.859 CALL RegisterOnOverseaOptionsCallBack()
[3640] 2015/03/20 04:39:07.859 CALL RegisterOnFutureRightCallBack()
[3640] 2015/03/20 04:39:07.859 CALL RegisterOnCertCanceled()
[3640] 2015/03/20 04:39:07.859 CALL RegisterOnExecutionReportCallBack()
[3640] 2015/03/20 04:39:07.859 CALL GetUserAccount()
[3640] 2015/03/20 04:39:07.859 TS,9186,9186,0213851,S122811334,½²¦¼´Ü,0,0
[3640] 2015/03/20 04:39:07.859 OS,9188,9188,0011491,S122811334,½²¦¼´Ü,0,0
[3640] 2015/03/20 04:39:07.859 TS,9188,9188,0259512,S122811334,½²¦¼´Ü,0,0
[3640] 2015/03/20 04:39:07.859 TF,F020000,000,9232116,S122811334,½²¦¼´Ü,0,0
[3640] 2015/03/20 04:39:07.875 OF,F020000,000,9232116,S122811334,½²¦¼´Ü,0,0
[3640] 2015/03/20 04:39:07.875 TF,F020000,000,9232129,S122811334,½²¦¼´Ü,0,0
[3640] 2015/03/20 04:39:07.875 OF,F020000,000,9232129,S122811334,½²¦¼´Ü,0,0
[3640] 2015/03/20 04:39:07.875 CALL SKOrderLib_ReadCertByID(S122811334)
[3640] 2015/03/20 04:39:08.046 CALL GetFutureRight(F0200009232116)
[3640] 2015/03/20 04:39:13.234 CALL GetOpenInterest(F0200009232116)
[1664] 2015/03/20 04:39:13.531 SKOrderLib ª©¥» 2.1.22
[1664] 2015/03/20 04:39:13.531 Login ID: S122811334
[1664] 2015/03/20 04:39:14.562 CALL RegisterOnAccountCallBack()
[1664] 2015/03/20 04:39:14.562 CALL RegisterOnOrderAsyncReportCallBack()
[1664] 2015/03/20 04:39:14.562 CALL RegisterOnAccountWithLoginIDCallBack()
[1664] 2015/03/20 04:39:14.562 CALL RegisterOnRealBalanceReportCallBack()
[1664] 2015/03/20 04:39:14.562 CALL RegisterOnOpenInterestCallBack()
[1664] 2015/03/20 04:39:14.562 CALL RegisterOnStopLossReportCallBack()
[1664] 2015/03/20 04:39:14.562 CALL RegisterOnOverseaFuturesCallBack()
[1664] 2015/03/20 04:39:14.578 CALL RegisterOnOverseaFutureOpenInterestCallBack()
[1664] 2015/03/20 04:39:14.578 CALL RegisterOnOverseaOptionsCallBack()
[1664] 2015/03/20 04:39:14.578 CALL RegisterOnFutureRightCallBack()
[1664] 2015/03/20 04:39:14.578 CALL RegisterOnCertCanceled()
[1664] 2015/03/20 04:39:14.578 CALL RegisterOnExecutionReportCallBack()
[1664] 2015/03/20 04:39:14.578 CALL GetUserAccount()
[1664] 2015/03/20 04:39:14.578 TS,9186,9186,0213851,S122811334,½²¦¼´Ü,0,0
[1664] 2015/03/20 04:39:14.578 OS,9188,9188,0011491,S122811334,½²¦¼´Ü,0,0
[1664] 2015/03/20 04:39:14.578 TS,9188,9188,0259512,S122811334,½²¦¼´Ü,0,0
[1664] 2015/03/20 04:39:14.578 TF,F020000,000,9232116,S122811334,½²¦¼´Ü,0,0
[1664] 2015/03/20 04:39:14.578 OF,F020000,000,9232116,S122811334,½²¦¼´Ü,0,0
[1664] 2015/03/20 04:39:14.578 TF,F020000,000,9232129,S122811334,½²¦¼´Ü,0,0
[1664] 2015/03/20 04:39:14.578 OF,F020000,000,9232129,S122811334,½²¦¼´Ü,0,0
[1664] 2015/03/20 04:39:14.593 CALL SKOrderLib_ReadCertByID(S122811334)
[1664] 2015/03/20 04:39:14.765 CALL GetFutureRight(F0200009232129)
[1664] 2015/03/20 04:39:19.921 CALL GetOpenInterest(F0200009232129)
[3640] 2015/03/20 04:39:28.281 CALL GetFutureRight(F0200009232116)
[3640] 2015/03/20 04:39:33.343 CALL GetOpenInterest(F0200009232116)
[1664] 2015/03/20 04:39:34.968 CALL GetFutureRight(F0200009232129)
