[4184] 2015/01/08 10:03:37.484 SKOrderLib ª©¥» 2.1.21
[4184] 2015/01/08 10:03:37.484 Login ID: S122811334
[4184] 2015/01/08 10:03:38.000 CALL RegisterOnAccountCallBack()
[4184] 2015/01/08 10:03:38.000 CALL RegisterOnOrderAsyncReportCallBack()
[4184] 2015/01/08 10:03:38.000 CALL RegisterOnAccountWithLoginIDCallBack()
[4184] 2015/01/08 10:03:38.000 CALL RegisterOnRealBalanceReportCallBack()
[4184] 2015/01/08 10:03:38.000 CALL RegisterOnOpenInterestCallBack()
[4184] 2015/01/08 10:03:38.000 CALL RegisterOnStopLossReportCallBack()
[4184] 2015/01/08 10:03:38.000 CALL RegisterOnOverseaFuturesCallBack()
[4184] 2015/01/08 10:03:38.000 CALL RegisterOnOverseaFutureOpenInterestCallBack()
[4184] 2015/01/08 10:03:38.000 CALL RegisterOnOverseaOptionsCallBack()
[4184] 2015/01/08 10:03:38.000 CALL RegisterOnFutureRightCallBack()
[4184] 2015/01/08 10:03:38.000 CALL RegisterOnCertCanceled()
[4184] 2015/01/08 10:03:38.000 CALL RegisterOnExecutionReportCallBack()
[4184] 2015/01/08 10:03:38.000 CALL GetUserAccount()
[4184] 2015/01/08 10:03:38.000 TS,9186,9186,0213851,S122811334,½²¦¼´Ü,0,0
[4184] 2015/01/08 10:03:38.015 OS,9188,9188,0011491,S122811334,½²¦¼´Ü,0,0
[4184] 2015/01/08 10:03:38.015 TS,9188,9188,0259512,S122811334,½²¦¼´Ü,0,0
[4184] 2015/01/08 10:03:38.015 TF,F020000,000,9232116,S122811334,½²¦¼´Ü,0,0
[4184] 2015/01/08 10:03:38.015 OF,F020000,000,9232116,S122811334,½²¦¼´Ü,0,0
[4184] 2015/01/08 10:03:38.015 TF,F020000,000,9232129,S122811334,½²¦¼´Ü,0,0
[4184] 2015/01/08 10:03:38.015 OF,F020000,000,9232129,S122811334,½²¦¼´Ü,0,0
[4184] 2015/01/08 10:03:38.015 CALL SKOrderLib_ReadCertByID(S122811334)
[4892] 2015/01/08 10:03:42.359 SKOrderLib ª©¥» 2.1.21
[4892] 2015/01/08 10:03:42.359 Login ID: S122811334
[4892] 2015/01/08 10:03:42.843 CALL RegisterOnAccountCallBack()
[4892] 2015/01/08 10:03:42.843 CALL RegisterOnOrderAsyncReportCallBack()
[4892] 2015/01/08 10:03:42.843 CALL RegisterOnAccountWithLoginIDCallBack()
[4892] 2015/01/08 10:03:42.843 CALL RegisterOnRealBalanceReportCallBack()
[4892] 2015/01/08 10:03:42.843 CALL RegisterOnOpenInterestCallBack()
[4892] 2015/01/08 10:03:42.843 CALL RegisterOnStopLossReportCallBack()
[4892] 2015/01/08 10:03:42.843 CALL RegisterOnOverseaFuturesCallBack()
[4892] 2015/01/08 10:03:42.843 CALL RegisterOnOverseaFutureOpenInterestCallBack()
[4892] 2015/01/08 10:03:42.843 CALL RegisterOnOverseaOptionsCallBack()
[4892] 2015/01/08 10:03:42.843 CALL RegisterOnFutureRightCallBack()
[4892] 2015/01/08 10:03:42.843 CALL RegisterOnCertCanceled()
[4892] 2015/01/08 10:03:42.843 CALL RegisterOnExecutionReportCallBack()
[4892] 2015/01/08 10:03:42.843 CALL GetUserAccount()
[4892] 2015/01/08 10:03:42.843 TS,9186,9186,0213851,S122811334,½²¦¼´Ü,0,0
[4892] 2015/01/08 10:03:42.843 OS,9188,9188,0011491,S122811334,½²¦¼´Ü,0,0
[4892] 2015/01/08 10:03:42.859 TS,9188,9188,0259512,S122811334,½²¦¼´Ü,0,0
[4892] 2015/01/08 10:03:42.859 TF,F020000,000,9232116,S122811334,½²¦¼´Ü,0,0
[4892] 2015/01/08 10:03:42.859 OF,F020000,000,9232116,S122811334,½²¦¼´Ü,0,0
[4892] 2015/01/08 10:03:42.859 TF,F020000,000,9232129,S122811334,½²¦¼´Ü,0,0
[4892] 2015/01/08 10:03:42.859 OF,F020000,000,9232129,S122811334,½²¦¼´Ü,0,0
[4892] 2015/01/08 10:03:42.859 CALL SKOrderLib_ReadCertByID(S122811334)
[4200] 2015/01/08 10:05:25.812 SKOrderLib ª©¥» 2.1.21
[4200] 2015/01/08 10:05:25.812 Login ID: S122811334
[4200] 2015/01/08 10:05:26.296 CALL RegisterOnAccountCallBack()
[4200] 2015/01/08 10:05:26.296 CALL RegisterOnOrderAsyncReportCallBack()
[4200] 2015/01/08 10:05:26.296 CALL RegisterOnAccountWithLoginIDCallBack()
[4200] 2015/01/08 10:05:26.296 CALL RegisterOnRealBalanceReportCallBack()
[4200] 2015/01/08 10:05:26.296 CALL RegisterOnOpenInterestCallBack()
[4200] 2015/01/08 10:05:26.296 CALL RegisterOnStopLossReportCallBack()
[4200] 2015/01/08 10:05:26.296 CALL RegisterOnOverseaFuturesCallBack()
[4200] 2015/01/08 10:05:26.296 CALL RegisterOnOverseaFutureOpenInterestCallBack()
[4200] 2015/01/08 10:05:26.296 CALL RegisterOnOverseaOptionsCallBack()
[4200] 2015/01/08 10:05:26.296 CALL RegisterOnFutureRightCallBack()
[4200] 2015/01/08 10:05:26.296 CALL RegisterOnCertCanceled()
[4200] 2015/01/08 10:05:26.296 CALL RegisterOnExecutionReportCallBack()
[4200] 2015/01/08 10:05:26.296 CALL GetUserAccount()
[4200] 2015/01/08 10:05:26.296 TS,9186,9186,0213851,S122811334,½²¦¼´Ü,0,0
[4200] 2015/01/08 10:05:26.296 OS,9188,9188,0011491,S122811334,½²¦¼´Ü,0,0
[4200] 2015/01/08 10:05:26.296 TS,9188,9188,0259512,S122811334,½²¦¼´Ü,0,0
[4200] 2015/01/08 10:05:26.296 TF,F020000,000,9232116,S122811334,½²¦¼´Ü,0,0
[4200] 2015/01/08 10:05:26.296 OF,F020000,000,9232116,S122811334,½²¦¼´Ü,0,0
[4200] 2015/01/08 10:05:26.312 TF,F020000,000,9232129,S122811334,½²¦¼´Ü,0,0
[4200] 2015/01/08 10:05:26.312 OF,F020000,000,9232129,S122811334,½²¦¼´Ü,0,0
[4200] 2015/01/08 10:05:26.312 CALL SKOrderLib_ReadCertByID(S122811334)
[4580] 2015/01/08 10:05:26.437 SKOrderLib ª©¥» 2.1.21
[4580] 2015/01/08 10:05:26.437 Login ID: S122811334
[4580] 2015/01/08 10:05:26.890 CALL RegisterOnAccountCallBack()
[4580] 2015/01/08 10:05:26.890 CALL RegisterOnOrderAsyncReportCallBack()
[4580] 2015/01/08 10:05:26.890 CALL RegisterOnAccountWithLoginIDCallBack()
[4580] 2015/01/08 10:05:26.890 CALL RegisterOnRealBalanceReportCallBack()
[4580] 2015/01/08 10:05:26.890 CALL RegisterOnOpenInterestCallBack()
[4580] 2015/01/08 10:05:26.890 CALL RegisterOnStopLossReportCallBack()
[4580] 2015/01/08 10:05:26.890 CALL RegisterOnOverseaFuturesCallBack()
[4580] 2015/01/08 10:05:26.890 CALL RegisterOnOverseaFutureOpenInterestCallBack()
[4580] 2015/01/08 10:05:26.890 CALL RegisterOnOverseaOptionsCallBack()
[4580] 2015/01/08 10:05:26.890 CALL RegisterOnFutureRightCallBack()
[4580] 2015/01/08 10:05:26.890 CALL RegisterOnCertCanceled()
[4580] 2015/01/08 10:05:26.890 CALL RegisterOnExecutionReportCallBack()
[4580] 2015/01/08 10:05:26.890 CALL GetUserAccount()
[4580] 2015/01/08 10:05:26.890 TS,9186,9186,0213851,S122811334,½²¦¼´Ü,0,0
[4580] 2015/01/08 10:05:26.890 OS,9188,9188,0011491,S122811334,½²¦¼´Ü,0,0
[4580] 2015/01/08 10:05:26.890 TS,9188,9188,0259512,S122811334,½²¦¼´Ü,0,0
[4580] 2015/01/08 10:05:26.890 TF,F020000,000,9232116,S122811334,½²¦¼´Ü,0,0
[4580] 2015/01/08 10:05:26.890 OF,F020000,000,9232116,S122811334,½²¦¼´Ü,0,0
[4580] 2015/01/08 10:05:26.906 TF,F020000,000,9232129,S122811334,½²¦¼´Ü,0,0
[4580] 2015/01/08 10:05:26.906 OF,F020000,000,9232129,S122811334,½²¦¼´Ü,0,0
[4580] 2015/01/08 10:05:26.906 CALL SKOrderLib_ReadCertByID(S122811334)
[5936] 2015/01/08 10:09:15.703 SKOrderLib ª©¥» 2.1.21
[5936] 2015/01/08 10:09:15.703 Login ID: S122811334
[5936] 2015/01/08 10:09:16.156 CALL RegisterOnAccountCallBack()
[5936] 2015/01/08 10:09:16.156 CALL RegisterOnOrderAsyncReportCallBack()
[5936] 2015/01/08 10:09:16.156 CALL RegisterOnAccountWithLoginIDCallBack()
[5936] 2015/01/08 10:09:16.156 CALL RegisterOnRealBalanceReportCallBack()
[5936] 2015/01/08 10:09:16.156 CALL RegisterOnOpenInterestCallBack()
[5936] 2015/01/08 10:09:16.156 CALL RegisterOnStopLossReportCallBack()
[5936] 2015/01/08 10:09:16.156 CALL RegisterOnOverseaFuturesCallBack()
[5936] 2015/01/08 10:09:16.156 CALL RegisterOnOverseaFutureOpenInterestCallBack()
[5936] 2015/01/08 10:09:16.171 CALL RegisterOnOverseaOptionsCallBack()
[5936] 2015/01/08 10:09:16.171 CALL RegisterOnFutureRightCallBack()
[5936] 2015/01/08 10:09:16.171 CALL RegisterOnCertCanceled()
[5936] 2015/01/08 10:09:16.171 CALL RegisterOnExecutionReportCallBack()
[5936] 2015/01/08 10:09:16.171 CALL GetUserAccount()
[5936] 2015/01/08 10:09:16.171 TS,9186,9186,0213851,S122811334,½²¦¼´Ü,0,0
[5936] 2015/01/08 10:09:16.171 OS,9188,9188,0011491,S122811334,½²¦¼´Ü,0,0
[5936] 2015/01/08 10:09:16.171 TS,9188,9188,0259512,S122811334,½²¦¼´Ü,0,0
[5936] 2015/01/08 10:09:16.171 TF,F020000,000,9232116,S122811334,½²¦¼´Ü,0,0
[5936] 2015/01/08 10:09:16.171 OF,F020000,000,9232116,S122811334,½²¦¼´Ü,0,0
[5936] 2015/01/08 10:09:16.171 TF,F020000,000,9232129,S122811334,½²¦¼´Ü,0,0
[5936] 2015/01/08 10:09:16.171 OF,F020000,000,9232129,S122811334,½²¦¼´Ü,0,0
[5936] 2015/01/08 10:09:16.171 CALL SKOrderLib_ReadCertByID(S122811334)
[5988] 2015/01/08 10:09:16.296 SKOrderLib ª©¥» 2.1.21
[5988] 2015/01/08 10:09:16.296 Login ID: S122811334
[5988] 2015/01/08 10:09:16.796 CALL RegisterOnAccountCallBack()
[5988] 2015/01/08 10:09:16.796 CALL RegisterOnOrderAsyncReportCallBack()
[5988] 2015/01/08 10:09:16.796 CALL RegisterOnAccountWithLoginIDCallBack()
[5988] 2015/01/08 10:09:16.796 CALL RegisterOnRealBalanceReportCallBack()
[5988] 2015/01/08 10:09:16.796 CALL RegisterOnOpenInterestCallBack()
[5988] 2015/01/08 10:09:16.796 CALL RegisterOnStopLossReportCallBack()
[5988] 2015/01/08 10:09:16.796 CALL RegisterOnOverseaFuturesCallBack()
[5988] 2015/01/08 10:09:16.796 CALL RegisterOnOverseaFutureOpenInterestCallBack()
[5988] 2015/01/08 10:09:16.796 CALL RegisterOnOverseaOptionsCallBack()
[5988] 2015/01/08 10:09:16.796 CALL RegisterOnFutureRightCallBack()
[5988] 2015/01/08 10:09:16.796 CALL RegisterOnCertCanceled()
[5988] 2015/01/08 10:09:16.796 CALL RegisterOnExecutionReportCallBack()
[5988] 2015/01/08 10:09:16.796 CALL GetUserAccount()
[5988] 2015/01/08 10:09:16.796 TS,9186,9186,0213851,S122811334,½²¦¼´Ü,0,0
[5988] 2015/01/08 10:09:16.796 OS,9188,9188,0011491,S122811334,½²¦¼´Ü,0,0
[5988] 2015/01/08 10:09:16.796 TS,9188,9188,0259512,S122811334,½²¦¼´Ü,0,0
[5988] 2015/01/08 10:09:16.796 TF,F020000,000,9232116,S122811334,½²¦¼´Ü,0,0
[5988] 2015/01/08 10:09:16.812 OF,F020000,000,9232116,S122811334,½²¦¼´Ü,0,0
[5988] 2015/01/08 10:09:16.812 TF,F020000,000,9232129,S122811334,½²¦¼´Ü,0,0
[5988] 2015/01/08 10:09:16.812 OF,F020000,000,9232129,S122811334,½²¦¼´Ü,0,0
[5988] 2015/01/08 10:09:16.812 CALL SKOrderLib_ReadCertByID(S122811334)
[5080] 2015/01/08 10:14:23.375 SKOrderLib ª©¥» 2.1.21
[5080] 2015/01/08 10:14:23.375 Login ID: S122811334
[5080] 2015/01/08 10:14:23.843 CALL RegisterOnAccountCallBack()
[5080] 2015/01/08 10:14:23.843 CALL RegisterOnOrderAsyncReportCallBack()
[5080] 2015/01/08 10:14:23.843 CALL RegisterOnAccountWithLoginIDCallBack()
[5080] 2015/01/08 10:14:23.843 CALL RegisterOnRealBalanceReportCallBack()
[5080] 2015/01/08 10:14:23.843 CALL RegisterOnOpenInterestCallBack()
[5080] 2015/01/08 10:14:23.843 CALL RegisterOnStopLossReportCallBack()
[5080] 2015/01/08 10:14:23.843 CALL RegisterOnOverseaFuturesCallBack()
[5080] 2015/01/08 10:14:23.843 CALL RegisterOnOverseaFutureOpenInterestCallBack()
[5080] 2015/01/08 10:14:23.843 CALL RegisterOnOverseaOptionsCallBack()
[5080] 2015/01/08 10:14:23.843 CALL RegisterOnFutureRightCallBack()
[5080] 2015/01/08 10:14:23.843 CALL RegisterOnCertCanceled()
[5080] 2015/01/08 10:14:23.843 CALL RegisterOnExecutionReportCallBack()
[5080] 2015/01/08 10:14:23.843 CALL GetUserAccount()
[5080] 2015/01/08 10:14:23.843 TS,9186,9186,0213851,S122811334,½²¦¼´Ü,0,0
[5080] 2015/01/08 10:14:23.859 OS,9188,9188,0011491,S122811334,½²¦¼´Ü,0,0
[5080] 2015/01/08 10:14:23.859 TS,9188,9188,0259512,S122811334,½²¦¼´Ü,0,0
[5080] 2015/01/08 10:14:23.859 TF,F020000,000,9232116,S122811334,½²¦¼´Ü,0,0
[5080] 2015/01/08 10:14:23.859 OF,F020000,000,9232116,S122811334,½²¦¼´Ü,0,0
[5080] 2015/01/08 10:14:23.859 TF,F020000,000,9232129,S122811334,½²¦¼´Ü,0,0
[5080] 2015/01/08 10:14:23.859 OF,F020000,000,9232129,S122811334,½²¦¼´Ü,0,0
[5080] 2015/01/08 10:14:23.859 CALL SKOrderLib_ReadCertByID(S122811334)
[5800] 2015/01/08 10:14:23.984 SKOrderLib ª©¥» 2.1.21
[5800] 2015/01/08 10:14:23.984 Login ID: S122811334
[5800] 2015/01/08 10:14:24.500 CALL RegisterOnAccountCallBack()
[5800] 2015/01/08 10:14:24.500 CALL RegisterOnOrderAsyncReportCallBack()
[5800] 2015/01/08 10:14:24.500 CALL RegisterOnAccountWithLoginIDCallBack()
[5800] 2015/01/08 10:14:24.500 CALL RegisterOnRealBalanceReportCallBack()
[5800] 2015/01/08 10:14:24.515 CALL RegisterOnOpenInterestCallBack()
[5800] 2015/01/08 10:14:24.515 CALL RegisterOnStopLossReportCallBack()
[5800] 2015/01/08 10:14:24.515 CALL RegisterOnOverseaFuturesCallBack()
[5800] 2015/01/08 10:14:24.515 CALL RegisterOnOverseaFutureOpenInterestCallBack()
[5800] 2015/01/08 10:14:24.515 CALL RegisterOnOverseaOptionsCallBack()
[5800] 2015/01/08 10:14:24.515 CALL RegisterOnFutureRightCallBack()
[5800] 2015/01/08 10:14:24.515 CALL RegisterOnCertCanceled()
[5800] 2015/01/08 10:14:24.515 CALL RegisterOnExecutionReportCallBack()
[5800] 2015/01/08 10:14:24.515 CALL GetUserAccount()
[5800] 2015/01/08 10:14:24.515 TS,9186,9186,0213851,S122811334,½²¦¼´Ü,0,0
[5800] 2015/01/08 10:14:24.515 OS,9188,9188,0011491,S122811334,½²¦¼´Ü,0,0
[5800] 2015/01/08 10:14:24.515 TS,9188,9188,0259512,S122811334,½²¦¼´Ü,0,0
[5800] 2015/01/08 10:14:24.515 TF,F020000,000,9232116,S122811334,½²¦¼´Ü,0,0
[5800] 2015/01/08 10:14:24.515 OF,F020000,000,9232116,S122811334,½²¦¼´Ü,0,0
[5800] 2015/01/08 10:14:24.515 TF,F020000,000,9232129,S122811334,½²¦¼´Ü,0,0
[5800] 2015/01/08 10:14:24.515 OF,F020000,000,9232129,S122811334,½²¦¼´Ü,0,0
[5800] 2015/01/08 10:14:24.515 CALL SKOrderLib_ReadCertByID(S122811334)
[4204] 2015/01/08 10:16:30.312 SKOrderLib ª©¥» 2.1.21
[4204] 2015/01/08 10:16:30.312 Login ID: S122811334
[4204] 2015/01/08 10:16:30.750 CALL RegisterOnAccountCallBack()
[4204] 2015/01/08 10:16:30.750 CALL RegisterOnOrderAsyncReportCallBack()
[4204] 2015/01/08 10:16:30.750 CALL RegisterOnAccountWithLoginIDCallBack()
[4204] 2015/01/08 10:16:30.750 CALL RegisterOnRealBalanceReportCallBack()
[4204] 2015/01/08 10:16:30.750 CALL RegisterOnOpenInterestCallBack()
[4204] 2015/01/08 10:16:30.750 CALL RegisterOnStopLossReportCallBack()
[4204] 2015/01/08 10:16:30.765 CALL RegisterOnOverseaFuturesCallBack()
[4204] 2015/01/08 10:16:30.765 CALL RegisterOnOverseaFutureOpenInterestCallBack()
[4204] 2015/01/08 10:16:30.765 CALL RegisterOnOverseaOptionsCallBack()
[4204] 2015/01/08 10:16:30.765 CALL RegisterOnFutureRightCallBack()
[4204] 2015/01/08 10:16:30.765 CALL RegisterOnCertCanceled()
[4204] 2015/01/08 10:16:30.765 CALL RegisterOnExecutionReportCallBack()
[4204] 2015/01/08 10:16:30.765 CALL GetUserAccount()
[4204] 2015/01/08 10:16:30.765 TS,9186,9186,0213851,S122811334,½²¦¼´Ü,0,0
[4204] 2015/01/08 10:16:30.765 OS,9188,9188,0011491,S122811334,½²¦¼´Ü,0,0
[4204] 2015/01/08 10:16:30.765 TS,9188,9188,0259512,S122811334,½²¦¼´Ü,0,0
[4204] 2015/01/08 10:16:30.765 TF,F020000,000,9232116,S122811334,½²¦¼´Ü,0,0
[4204] 2015/01/08 10:16:30.765 OF,F020000,000,9232116,S122811334,½²¦¼´Ü,0,0
[4204] 2015/01/08 10:16:30.765 TF,F020000,000,9232129,S122811334,½²¦¼´Ü,0,0
[4204] 2015/01/08 10:16:30.765 OF,F020000,000,9232129,S122811334,½²¦¼´Ü,0,0
[4204] 2015/01/08 10:16:30.765 CALL SKOrderLib_ReadCertByID(S122811334)
[1828] 2015/01/08 10:16:30.890 SKOrderLib ª©¥» 2.1.21
[1828] 2015/01/08 10:16:30.906 Login ID: S122811334
[1828] 2015/01/08 10:16:31.328 CALL RegisterOnAccountCallBack()
[1828] 2015/01/08 10:16:31.328 CALL RegisterOnOrderAsyncReportCallBack()
[1828] 2015/01/08 10:16:31.328 CALL RegisterOnAccountWithLoginIDCallBack()
[1828] 2015/01/08 10:16:31.328 CALL RegisterOnRealBalanceReportCallBack()
[1828] 2015/01/08 10:16:31.343 CALL RegisterOnOpenInterestCallBack()
[1828] 2015/01/08 10:16:31.343 CALL RegisterOnStopLossReportCallBack()
[1828] 2015/01/08 10:16:31.343 CALL RegisterOnOverseaFuturesCallBack()
[1828] 2015/01/08 10:16:31.343 CALL RegisterOnOverseaFutureOpenInterestCallBack()
[1828] 2015/01/08 10:16:31.343 CALL RegisterOnOverseaOptionsCallBack()
[1828] 2015/01/08 10:16:31.343 CALL RegisterOnFutureRightCallBack()
[1828] 2015/01/08 10:16:31.343 CALL RegisterOnCertCanceled()
[1828] 2015/01/08 10:16:31.343 CALL RegisterOnExecutionReportCallBack()
[1828] 2015/01/08 10:16:31.343 CALL GetUserAccount()
[1828] 2015/01/08 10:16:31.343 TS,9186,9186,0213851,S122811334,½²¦¼´Ü,0,0
[1828] 2015/01/08 10:16:31.343 OS,9188,9188,0011491,S122811334,½²¦¼´Ü,0,0
[1828] 2015/01/08 10:16:31.343 TS,9188,9188,0259512,S122811334,½²¦¼´Ü,0,0
[1828] 2015/01/08 10:16:31.343 TF,F020000,000,9232116,S122811334,½²¦¼´Ü,0,0
[1828] 2015/01/08 10:16:31.343 OF,F020000,000,9232116,S122811334,½²¦¼´Ü,0,0
[1828] 2015/01/08 10:16:31.343 TF,F020000,000,9232129,S122811334,½²¦¼´Ü,0,0
[1828] 2015/01/08 10:16:31.343 OF,F020000,000,9232129,S122811334,½²¦¼´Ü,0,0
[1828] 2015/01/08 10:16:31.359 CALL SKOrderLib_ReadCertByID(S122811334)
[5404] 2015/01/08 10:21:39.078 SKOrderLib ª©¥» 2.1.21
[5404] 2015/01/08 10:21:39.093 Login ID: S122811334
[5404] 2015/01/08 10:21:39.562 CALL RegisterOnAccountCallBack()
[5404] 2015/01/08 10:21:39.562 CALL RegisterOnOrderAsyncReportCallBack()
[5404] 2015/01/08 10:21:39.562 CALL RegisterOnAccountWithLoginIDCallBack()
[5404] 2015/01/08 10:21:39.562 CALL RegisterOnRealBalanceReportCallBack()
[5404] 2015/01/08 10:21:39.562 CALL RegisterOnOpenInterestCallBack()
[5404] 2015/01/08 10:21:39.562 CALL RegisterOnStopLossReportCallBack()
[5404] 2015/01/08 10:21:39.562 CALL RegisterOnOverseaFuturesCallBack()
[5404] 2015/01/08 10:21:39.562 CALL RegisterOnOverseaFutureOpenInterestCallBack()
[5404] 2015/01/08 10:21:39.562 CALL RegisterOnOverseaOptionsCallBack()
[5404] 2015/01/08 10:21:39.562 CALL RegisterOnFutureRightCallBack()
[5404] 2015/01/08 10:21:39.562 CALL RegisterOnCertCanceled()
[5404] 2015/01/08 10:21:39.562 CALL RegisterOnExecutionReportCallBack()
[5404] 2015/01/08 10:21:39.562 CALL GetUserAccount()
[5404] 2015/01/08 10:21:39.562 TS,9186,9186,0213851,S122811334,½²¦¼´Ü,0,0
[5404] 2015/01/08 10:21:39.578 OS,9188,9188,0011491,S122811334,½²¦¼´Ü,0,0
[5404] 2015/01/08 10:21:39.578 TS,9188,9188,0259512,S122811334,½²¦¼´Ü,0,0
[5404] 2015/01/08 10:21:39.578 TF,F020000,000,9232116,S122811334,½²¦¼´Ü,0,0
[5404] 2015/01/08 10:21:39.578 OF,F020000,000,9232116,S122811334,½²¦¼´Ü,0,0
[5404] 2015/01/08 10:21:39.578 TF,F020000,000,9232129,S122811334,½²¦¼´Ü,0,0
[5404] 2015/01/08 10:21:39.578 OF,F020000,000,9232129,S122811334,½²¦¼´Ü,0,0
[5404] 2015/01/08 10:21:39.578 CALL SKOrderLib_ReadCertByID(S122811334)
[4968] 2015/01/08 10:21:39.703 SKOrderLib ª©¥» 2.1.21
[4968] 2015/01/08 10:21:39.703 Login ID: S122811334
[4968] 2015/01/08 10:21:40.140 CALL RegisterOnAccountCallBack()
[4968] 2015/01/08 10:21:40.140 CALL RegisterOnOrderAsyncReportCallBack()
[4968] 2015/01/08 10:21:40.140 CALL RegisterOnAccountWithLoginIDCallBack()
[4968] 2015/01/08 10:21:40.140 CALL RegisterOnRealBalanceReportCallBack()
[4968] 2015/01/08 10:21:40.140 CALL RegisterOnOpenInterestCallBack()
[4968] 2015/01/08 10:21:40.140 CALL RegisterOnStopLossReportCallBack()
[4968] 2015/01/08 10:21:40.140 CALL RegisterOnOverseaFuturesCallBack()
[4968] 2015/01/08 10:21:40.140 CALL RegisterOnOverseaFutureOpenInterestCallBack()
[4968] 2015/01/08 10:21:40.140 CALL RegisterOnOverseaOptionsCallBack()
[4968] 2015/01/08 10:21:40.140 CALL RegisterOnFutureRightCallBack()
[4968] 2015/01/08 10:21:40.156 CALL RegisterOnCertCanceled()
[4968] 2015/01/08 10:21:40.156 CALL RegisterOnExecutionReportCallBack()
[4968] 2015/01/08 10:21:40.156 CALL GetUserAccount()
[4968] 2015/01/08 10:21:40.156 TS,9186,9186,0213851,S122811334,½²¦¼´Ü,0,0
[4968] 2015/01/08 10:21:40.156 OS,9188,9188,0011491,S122811334,½²¦¼´Ü,0,0
[4968] 2015/01/08 10:21:40.156 TS,9188,9188,0259512,S122811334,½²¦¼´Ü,0,0
[4968] 2015/01/08 10:21:40.156 TF,F020000,000,9232116,S122811334,½²¦¼´Ü,0,0
[4968] 2015/01/08 10:21:40.156 OF,F020000,000,9232116,S122811334,½²¦¼´Ü,0,0
[4968] 2015/01/08 10:21:40.156 TF,F020000,000,9232129,S122811334,½²¦¼´Ü,0,0
[4968] 2015/01/08 10:21:40.156 OF,F020000,000,9232129,S122811334,½²¦¼´Ü,0,0
[4968] 2015/01/08 10:21:40.156 CALL SKOrderLib_ReadCertByID(S122811334)
[5404] 2015/01/08 10:23:55.437 CALL SendFutureOrder(F0200009232116,TX00,0,0,0,0.000000,1)
[3140] 2015/01/08 10:24:55.046 SKOrderLib ª©¥» 2.1.21
[3140] 2015/01/08 10:24:55.062 Login ID: S122811334
[3140] 2015/01/08 10:24:55.515 CALL RegisterOnAccountCallBack()
[3140] 2015/01/08 10:24:55.515 CALL RegisterOnOrderAsyncReportCallBack()
[3140] 2015/01/08 10:24:55.515 CALL RegisterOnAccountWithLoginIDCallBack()
[3140] 2015/01/08 10:24:55.515 CALL RegisterOnRealBalanceReportCallBack()
[3140] 2015/01/08 10:24:55.515 CALL RegisterOnOpenInterestCallBack()
[3140] 2015/01/08 10:24:55.515 CALL RegisterOnStopLossReportCallBack()
[3140] 2015/01/08 10:24:55.515 CALL RegisterOnOverseaFuturesCallBack()
[3140] 2015/01/08 10:24:55.515 CALL RegisterOnOverseaFutureOpenInterestCallBack()
[3140] 2015/01/08 10:24:55.515 CALL RegisterOnOverseaOptionsCallBack()
[3140] 2015/01/08 10:24:55.515 CALL RegisterOnFutureRightCallBack()
[3140] 2015/01/08 10:24:55.515 CALL RegisterOnCertCanceled()
[3140] 2015/01/08 10:24:55.515 CALL RegisterOnExecutionReportCallBack()
[3140] 2015/01/08 10:24:55.515 CALL GetUserAccount()
[3140] 2015/01/08 10:24:55.515 TS,9186,9186,0213851,S122811334,½²¦¼´Ü,0,0
[3140] 2015/01/08 10:24:55.515 OS,9188,9188,0011491,S122811334,½²¦¼´Ü,0,0
[3140] 2015/01/08 10:24:55.515 TS,9188,9188,0259512,S122811334,½²¦¼´Ü,0,0
[3140] 2015/01/08 10:24:55.515 TF,F020000,000,9232116,S122811334,½²¦¼´Ü,0,0
[3140] 2015/01/08 10:24:55.531 OF,F020000,000,9232116,S122811334,½²¦¼´Ü,0,0
[3140] 2015/01/08 10:24:55.531 TF,F020000,000,9232129,S122811334,½²¦¼´Ü,0,0
[3140] 2015/01/08 10:24:55.531 OF,F020000,000,9232129,S122811334,½²¦¼´Ü,0,0
[3140] 2015/01/08 10:24:55.531 CALL SKOrderLib_ReadCertByID(S122811334)
[3340] 2015/01/08 10:24:55.656 SKOrderLib ª©¥» 2.1.21
[3340] 2015/01/08 10:24:55.656 Login ID: S122811334
[3340] 2015/01/08 10:24:56.125 CALL RegisterOnAccountCallBack()
[3340] 2015/01/08 10:24:56.125 CALL RegisterOnOrderAsyncReportCallBack()
[3340] 2015/01/08 10:24:56.125 CALL RegisterOnAccountWithLoginIDCallBack()
[3340] 2015/01/08 10:24:56.125 CALL RegisterOnRealBalanceReportCallBack()
[3340] 2015/01/08 10:24:56.125 CALL RegisterOnOpenInterestCallBack()
[3340] 2015/01/08 10:24:56.125 CALL RegisterOnStopLossReportCallBack()
[3340] 2015/01/08 10:24:56.125 CALL RegisterOnOverseaFuturesCallBack()
[3340] 2015/01/08 10:24:56.125 CALL RegisterOnOverseaFutureOpenInterestCallBack()
[3340] 2015/01/08 10:24:56.125 CALL RegisterOnOverseaOptionsCallBack()
[3340] 2015/01/08 10:24:56.125 CALL RegisterOnFutureRightCallBack()
[3340] 2015/01/08 10:24:56.125 CALL RegisterOnCertCanceled()
[3340] 2015/01/08 10:24:56.125 CALL RegisterOnExecutionReportCallBack()
[3340] 2015/01/08 10:24:56.125 CALL GetUserAccount()
[3340] 2015/01/08 10:24:56.125 TS,9186,9186,0213851,S122811334,½²¦¼´Ü,0,0
[3340] 2015/01/08 10:24:56.125 OS,9188,9188,0011491,S122811334,½²¦¼´Ü,0,0
[3340] 2015/01/08 10:24:56.125 TS,9188,9188,0259512,S122811334,½²¦¼´Ü,0,0
[3340] 2015/01/08 10:24:56.125 TF,F020000,000,9232116,S122811334,½²¦¼´Ü,0,0
[3340] 2015/01/08 10:24:56.125 OF,F020000,000,9232116,S122811334,½²¦¼´Ü,0,0
[3340] 2015/01/08 10:24:56.125 TF,F020000,000,9232129,S122811334,½²¦¼´Ü,0,0
[3340] 2015/01/08 10:24:56.140 OF,F020000,000,9232129,S122811334,½²¦¼´Ü,0,0
[3340] 2015/01/08 10:24:56.140 CALL SKOrderLib_ReadCertByID(S122811334)
[3140] 2015/01/08 10:25:49.468 CALL SendFutureOrder(F0200009232116,TX00,0,0,0,9115.000000,1)
[3340] 2015/01/08 10:26:37.750 CALL SendFutureOrder(F0200009232129,TX00,0,0,0,9211.000000,1)
[3340] 2015/01/08 10:26:38.031 CALL SendFutureOrder(F0200009232129,TX00,0,0,1,9210.000000,1)
[3340] 2015/01/08 10:26:38.156 CALL SendFutureOrder(F0200009232129,TX00,0,0,0,9211.000000,1)
[3340] 2015/01/08 10:26:38.296 CALL SendFutureOrder(F0200009232129,TX00,0,0,1,9210.000000,1)
[3340] 2015/01/08 10:26:38.421 CALL SendFutureOrder(F0200009232129,TX00,0,0,0,9211.000000,1)
[3340] 2015/01/08 10:26:38.546 CALL SendFutureOrder(F0200009232129,TX00,0,0,1,9210.000000,1)
[3340] 2015/01/08 10:26:38.703 CALL SendFutureOrder(F0200009232129,TX00,0,0,0,9211.000000,1)
[3340] 2015/01/08 10:26:39.062 CALL SendFutureOrder(F0200009232129,TX00,0,0,1,9210.000000,1)
[3340] 2015/01/08 10:26:39.203 CALL SendFutureOrder(F0200009232129,TX00,0,0,0,9211.000000,1)
[3340] 2015/01/08 10:26:39.359 CALL SendFutureOrder(F0200009232129,TX00,0,0,1,9209.000000,1)
[3340] 2015/01/08 10:26:39.500 CALL SendFutureOrder(F0200009232129,TX00,0,0,0,9211.000000,1)
[3340] 2015/01/08 10:26:39.656 CALL SendFutureOrder(F0200009232129,TX00,0,0,1,9209.000000,1)
[3340] 2015/01/08 10:26:39.828 CALL SendFutureOrder(F0200009232129,TX00,0,0,0,9211.000000,1)
[3340] 2015/01/08 10:26:39.984 CALL SendFutureOrder(F0200009232129,TX00,0,0,1,9210.000000,1)
[3340] 2015/01/08 10:43:05.921 CALL SendFutureOrder(F0200009232129,TX00,0,0,0,9226.000000,1)
[5704] 2015/01/08 11:01:45.750 SKOrderLib ª©¥» 2.1.21
[5704] 2015/01/08 11:01:45.750 Login ID: S122811334
[5704] 2015/01/08 11:01:46.250 CALL RegisterOnAccountCallBack()
[5704] 2015/01/08 11:01:46.250 CALL RegisterOnOrderAsyncReportCallBack()
[5704] 2015/01/08 11:01:46.250 CALL RegisterOnAccountWithLoginIDCallBack()
[5704] 2015/01/08 11:01:46.250 CALL RegisterOnRealBalanceReportCallBack()
[5704] 2015/01/08 11:01:46.250 CALL RegisterOnOpenInterestCallBack()
[5704] 2015/01/08 11:01:46.250 CALL RegisterOnStopLossReportCallBack()
[5704] 2015/01/08 11:01:46.250 CALL RegisterOnOverseaFuturesCallBack()
[5704] 2015/01/08 11:01:46.250 CALL RegisterOnOverseaFutureOpenInterestCallBack()
[5704] 2015/01/08 11:01:46.250 CALL RegisterOnOverseaOptionsCallBack()
[5704] 2015/01/08 11:01:46.250 CALL RegisterOnFutureRightCallBack()
[5704] 2015/01/08 11:01:46.250 CALL RegisterOnCertCanceled()
[5704] 2015/01/08 11:01:46.250 CALL RegisterOnExecutionReportCallBack()
[5704] 2015/01/08 11:01:46.250 CALL GetUserAccount()
[5704] 2015/01/08 11:01:46.265 TS,9186,9186,0213851,S122811334,½²¦¼´Ü,0,0
[5704] 2015/01/08 11:01:46.265 OS,9188,9188,0011491,S122811334,½²¦¼´Ü,0,0
[5704] 2015/01/08 11:01:46.265 TS,9188,9188,0259512,S122811334,½²¦¼´Ü,0,0
[5704] 2015/01/08 11:01:46.265 TF,F020000,000,9232116,S122811334,½²¦¼´Ü,0,0
[5704] 2015/01/08 11:01:46.265 OF,F020000,000,9232116,S122811334,½²¦¼´Ü,0,0
[5704] 2015/01/08 11:01:46.265 TF,F020000,000,9232129,S122811334,½²¦¼´Ü,0,0
[5704] 2015/01/08 11:01:46.265 OF,F020000,000,9232129,S122811334,½²¦¼´Ü,0,0
[5704] 2015/01/08 11:01:46.265 CALL SKOrderLib_ReadCertByID(S122811334)
[5356] 2015/01/08 11:01:46.406 SKOrderLib ª©¥» 2.1.21
[5356] 2015/01/08 11:01:46.406 Login ID: S122811334
[5356] 2015/01/08 11:01:46.859 CALL RegisterOnAccountCallBack()
[5356] 2015/01/08 11:01:46.859 CALL RegisterOnOrderAsyncReportCallBack()
[5356] 2015/01/08 11:01:46.859 CALL RegisterOnAccountWithLoginIDCallBack()
[5356] 2015/01/08 11:01:46.859 CALL RegisterOnRealBalanceReportCallBack()
[5356] 2015/01/08 11:01:46.859 CALL RegisterOnOpenInterestCallBack()
[5356] 2015/01/08 11:01:46.859 CALL RegisterOnStopLossReportCallBack()
[5356] 2015/01/08 11:01:46.859 CALL RegisterOnOverseaFuturesCallBack()
[5356] 2015/01/08 11:01:46.859 CALL RegisterOnOverseaFutureOpenInterestCallBack()
[5356] 2015/01/08 11:01:46.859 CALL RegisterOnOverseaOptionsCallBack()
[5356] 2015/01/08 11:01:46.875 CALL RegisterOnFutureRightCallBack()
[5356] 2015/01/08 11:01:46.875 CALL RegisterOnCertCanceled()
[5356] 2015/01/08 11:01:46.875 CALL RegisterOnExecutionReportCallBack()
[5356] 2015/01/08 11:01:46.875 CALL GetUserAccount()
[5356] 2015/01/08 11:01:46.875 TS,9186,9186,0213851,S122811334,½²¦¼´Ü,0,0
[5356] 2015/01/08 11:01:46.875 OS,9188,9188,0011491,S122811334,½²¦¼´Ü,0,0
[5356] 2015/01/08 11:01:46.875 TS,9188,9188,0259512,S122811334,½²¦¼´Ü,0,0
[5356] 2015/01/08 11:01:46.875 TF,F020000,000,9232116,S122811334,½²¦¼´Ü,0,0
[5356] 2015/01/08 11:01:46.875 OF,F020000,000,9232116,S122811334,½²¦¼´Ü,0,0
[5356] 2015/01/08 11:01:46.875 TF,F020000,000,9232129,S122811334,½²¦¼´Ü,0,0
[5356] 2015/01/08 11:01:46.875 OF,F020000,000,9232129,S122811334,½²¦¼´Ü,0,0
[5356] 2015/01/08 11:01:46.875 CALL SKOrderLib_ReadCertByID(S122811334)
[5704] 2015/01/08 11:02:02.953 CALL SendFutureOrder(F0200009232116,TX00,0,0,0,9115.000000,1)
[5356] 2015/01/08 11:02:51.187 CALL SendFutureOrder(F0200009232129,TX00,0,0,0,9211.000000,1)
[5356] 2015/01/08 11:02:51.375 CALL SendFutureOrder(F0200009232129,TX00,0,0,1,9210.000000,1)
[5356] 2015/01/08 11:02:51.500 CALL SendFutureOrder(F0200009232129,TX00,0,0,0,9211.000000,1)
[5356] 2015/01/08 11:02:51.640 CALL SendFutureOrder(F0200009232129,TX00,0,0,1,9210.000000,1)
[5356] 2015/01/08 11:02:51.765 CALL SendFutureOrder(F0200009232129,TX00,0,0,0,9211.000000,1)
[5356] 2015/01/08 11:02:51.890 CALL SendFutureOrder(F0200009232129,TX00,0,0,1,9210.000000,1)
[5356] 2015/01/08 11:02:52.015 CALL SendFutureOrder(F0200009232129,TX00,0,0,0,9211.000000,1)
[5356] 2015/01/08 11:02:52.156 CALL SendFutureOrder(F0200009232129,TX00,0,0,1,9210.000000,1)
[5356] 2015/01/08 11:02:52.312 CALL SendFutureOrder(F0200009232129,TX00,0,0,0,9211.000000,1)
[5356] 2015/01/08 11:02:52.437 CALL SendFutureOrder(F0200009232129,TX00,0,0,1,9209.000000,1)
[5356] 2015/01/08 11:02:52.562 CALL SendFutureOrder(F0200009232129,TX00,0,0,0,9211.000000,1)
[5356] 2015/01/08 11:02:52.687 CALL SendFutureOrder(F0200009232129,TX00,0,0,1,9209.000000,1)
[5356] 2015/01/08 11:02:52.812 CALL SendFutureOrder(F0200009232129,TX00,0,0,0,9211.000000,1)
[5356] 2015/01/08 11:02:52.953 CALL SendFutureOrder(F0200009232129,TX00,0,0,1,9210.000000,1)
[5356] 2015/01/08 11:03:19.828 CALL SendFutureOrder(F0200009232129,TX00,0,0,0,9226.000000,1)
[5704] 2015/01/08 13:15:06.468 CALL SendFutureOrder(F0200009232116,TX00,0,0,1,9242.000000,1)
[5704] 2015/01/08 13:15:06.718 CALL SendFutureOrder(F0200009232116,TX00,0,0,0,9243.000000,1)
[5704] 2015/01/08 13:15:06.906 CALL SendFutureOrder(F0200009232116,TX00,0,0,1,9242.000000,1)
[5704] 2015/01/08 13:15:07.312 CALL SendFutureOrder(F0200009232116,TX00,0,0,0,9243.000000,1)
[5704] 2015/01/08 13:15:07.531 CALL SendFutureOrder(F0200009232116,TX00,0,0,1,9242.000000,1)
[5704] 2015/01/08 13:15:07.937 CALL SendFutureOrder(F0200009232116,TX00,0,0,0,9243.000000,1)
[5704] 2015/01/08 13:15:08.250 CALL SendFutureOrder(F0200009232116,TX00,0,0,1,9241.000000,1)
[5704] 2015/01/08 13:15:08.718 CALL SendFutureOrder(F0200009232116,TX00,0,0,0,9243.000000,1)
[5704] 2015/01/08 13:15:09.046 CALL SendFutureOrder(F0200009232116,TX00,0,0,1,9242.000000,1)
[5704] 2015/01/08 13:15:23.750 CALL SendFutureOrder(F0200009232116,TX00,0,0,0,9243.000000,1)
[5704] 2015/01/08 13:15:23.906 CALL SendFutureOrder(F0200009232116,TX00,0,0,1,9242.000000,1)
[5704] 2015/01/08 13:15:24.046 CALL SendFutureOrder(F0200009232116,TX00,0,0,0,9243.000000,1)
[5704] 2015/01/08 13:15:26.375 CALL SendFutureOrder(F0200009232116,TX00,0,0,1,9242.000000,1)
[5704] 2015/01/08 13:15:26.781 CALL SendFutureOrder(F0200009232116,TX00,0,0,0,9243.000000,1)
[5704] 2015/01/08 13:15:28.875 CALL SendFutureOrder(F0200009232116,TX00,0,0,1,9242.000000,1)
[5704] 2015/01/08 13:30:05.796 CALL SendFutureOrder(F0200009232116,TX00,0,0,0,9243.000000,1)
[5704] 2015/01/08 13:30:06.031 CALL SendFutureOrder(F0200009232116,TX00,0,0,1,9242.000000,1)
[5704] 2015/01/08 13:30:06.187 CALL SendFutureOrder(F0200009232116,TX00,0,0,0,9243.000000,1)
[5704] 2015/01/08 13:30:06.375 CALL SendFutureOrder(F0200009232116,TX00,0,0,1,9242.000000,1)
[5704] 2015/01/08 13:30:07.796 CALL SendFutureOrder(F0200009232116,TX00,0,0,0,9243.000000,1)
[5704] 2015/01/08 13:30:07.953 CALL SendFutureOrder(F0200009232116,TX00,0,0,1,9242.000000,1)
[5704] 2015/01/08 13:30:08.171 CALL SendFutureOrder(F0200009232116,TX00,0,0,0,9243.000000,1)
[5704] 2015/01/08 13:30:12.328 CALL SendFutureOrder(F0200009232116,TX00,0,0,1,9242.000000,1)
[5704] 2015/01/08 13:30:12.531 CALL SendFutureOrder(F0200009232116,TX00,0,0,0,9244.000000,1)
[5704] 2015/01/08 13:30:15.453 CALL SendFutureOrder(F0200009232116,TX00,0,0,1,9242.000000,1)
[5704] 2015/01/08 13:30:16.859 CALL SendFutureOrder(F0200009232116,TX00,0,0,0,9243.000000,1)
[5704] 2015/01/08 13:30:17.062 CALL SendFutureOrder(F0200009232116,TX00,0,0,1,9242.000000,1)
[5704] 2015/01/08 13:30:17.218 CALL SendFutureOrder(F0200009232116,TX00,0,0,0,9243.000000,1)
[5704] 2015/01/08 13:30:17.359 CALL SendFutureOrder(F0200009232116,TX00,0,0,1,9242.000000,1)
[5704] 2015/01/08 13:30:27.718 CALL SendFutureOrder(F0200009232116,TX00,0,0,0,9243.000000,1)
[5704] 2015/01/08 13:30:28.718 CALL SendFutureOrder(F0200009232116,TX00,0,0,1,9242.000000,1)
[5704] 2015/01/08 13:30:30.031 CALL SendFutureOrder(F0200009232116,TX00,0,0,0,9243.000000,1)
[5704] 2015/01/08 13:30:30.437 CALL SendFutureOrder(F0200009232116,TX00,0,0,1,9242.000000,1)
[5356] 2015/01/08 13:44:06.906 CALL SendFutureOrder(F0200009232129,TX00,0,0,1,9257.000000,1)
