[5632] 2015/04/02 02:22:44.203 SKOrderLib ª©¥» 2.1.22
[5632] 2015/04/02 02:22:44.203 Login ID: S122811334
[5632] 2015/04/02 02:22:45.250 CALL RegisterOnAccountCallBack()
[5632] 2015/04/02 02:22:45.250 CALL RegisterOnOrderAsyncReportCallBack()
[5632] 2015/04/02 02:22:45.250 CALL RegisterOnAccountWithLoginIDCallBack()
[5632] 2015/04/02 02:22:45.250 CALL RegisterOnRealBalanceReportCallBack()
[5632] 2015/04/02 02:22:45.250 CALL RegisterOnOpenInterestCallBack()
[5632] 2015/04/02 02:22:45.250 CALL RegisterOnStopLossReportCallBack()
[5632] 2015/04/02 02:22:45.250 CALL RegisterOnOverseaFuturesCallBack()
[5632] 2015/04/02 02:22:45.250 CALL RegisterOnOverseaFutureOpenInterestCallBack()
[5632] 2015/04/02 02:22:45.250 CALL RegisterOnOverseaOptionsCallBack()
[5632] 2015/04/02 02:22:45.250 CALL RegisterOnFutureRightCallBack()
[5632] 2015/04/02 02:22:45.250 CALL RegisterOnCertCanceled()
[5632] 2015/04/02 02:22:45.265 CALL RegisterOnExecutionReportCallBack()
[5632] 2015/04/02 02:22:45.265 CALL GetUserAccount()
[5632] 2015/04/02 02:22:45.265 TS,9186,9186,0213851,S122811334,½²¦¼´Ü,0,0
[5632] 2015/04/02 02:22:45.265 OS,9188,9188,0011491,S122811334,½²¦¼´Ü,0,0
[5632] 2015/04/02 02:22:45.265 TS,9188,9188,0259512,S122811334,½²¦¼´Ü,0,0
[5632] 2015/04/02 02:22:45.265 TF,F020000,000,9232116,S122811334,½²¦¼´Ü,0,0
[5632] 2015/04/02 02:22:45.265 OF,F020000,000,9232116,S122811334,½²¦¼´Ü,0,0
[5632] 2015/04/02 02:22:45.265 TF,F020000,000,9232129,S122811334,½²¦¼´Ü,0,0
[5632] 2015/04/02 02:22:45.265 OF,F020000,000,9232129,S122811334,½²¦¼´Ü,0,0
[5632] 2015/04/02 02:22:45.281 CALL SKOrderLib_ReadCertByID(S122811334)
[5632] 2015/04/02 02:22:45.609 CALL GetFutureRight(F0200009232116)
[5632] 2015/04/02 02:22:50.875 CALL GetOpenInterest(F0200009232116)
[3212] 2015/04/02 02:22:51.265 SKOrderLib ª©¥» 2.1.22
[3212] 2015/04/02 02:22:51.265 Login ID: S122811334
[3212] 2015/04/02 02:22:52.203 CALL RegisterOnAccountCallBack()
[3212] 2015/04/02 02:22:52.203 CALL RegisterOnOrderAsyncReportCallBack()
[3212] 2015/04/02 02:22:52.203 CALL RegisterOnAccountWithLoginIDCallBack()
[3212] 2015/04/02 02:22:52.203 CALL RegisterOnRealBalanceReportCallBack()
[3212] 2015/04/02 02:22:52.203 CALL RegisterOnOpenInterestCallBack()
[3212] 2015/04/02 02:22:52.203 CALL RegisterOnStopLossReportCallBack()
[3212] 2015/04/02 02:22:52.203 CALL RegisterOnOverseaFuturesCallBack()
[3212] 2015/04/02 02:22:52.218 CALL RegisterOnOverseaFutureOpenInterestCallBack()
[3212] 2015/04/02 02:22:52.218 CALL RegisterOnOverseaOptionsCallBack()
[3212] 2015/04/02 02:22:52.218 CALL RegisterOnFutureRightCallBack()
[3212] 2015/04/02 02:22:52.218 CALL RegisterOnCertCanceled()
[3212] 2015/04/02 02:22:52.218 CALL RegisterOnExecutionReportCallBack()
[3212] 2015/04/02 02:22:52.218 CALL GetUserAccount()
[3212] 2015/04/02 02:22:52.218 TS,9186,9186,0213851,S122811334,½²¦¼´Ü,0,0
[3212] 2015/04/02 02:22:52.218 OS,9188,9188,0011491,S122811334,½²¦¼´Ü,0,0
[3212] 2015/04/02 02:22:52.218 TS,9188,9188,0259512,S122811334,½²¦¼´Ü,0,0
[3212] 2015/04/02 02:22:52.218 TF,F020000,000,9232116,S122811334,½²¦¼´Ü,0,0
[3212] 2015/04/02 02:22:52.218 OF,F020000,000,9232116,S122811334,½²¦¼´Ü,0,0
[3212] 2015/04/02 02:22:52.218 TF,F020000,000,9232129,S122811334,½²¦¼´Ü,0,0
[3212] 2015/04/02 02:22:52.234 OF,F020000,000,9232129,S122811334,½²¦¼´Ü,0,0
[3212] 2015/04/02 02:22:52.234 CALL SKOrderLib_ReadCertByID(S122811334)
[3212] 2015/04/02 02:22:52.406 CALL GetFutureRight(F0200009232129)
[3212] 2015/04/02 02:22:57.656 CALL GetOpenInterest(F0200009232129)
[5632] 2015/04/02 02:23:05.921 CALL GetFutureRight(F0200009232116)
[5632] 2015/04/02 02:23:10.984 CALL GetOpenInterest(F0200009232116)
[3212] 2015/04/02 02:23:12.703 CALL GetFutureRight(F0200009232129)
[3212] 2015/04/02 02:23:17.765 CALL GetOpenInterest(F0200009232129)
[5632] 2015/04/02 02:23:20.921 CALL GetFutureRight(F0200009232116)
[5632] 2015/04/02 02:23:25.968 CALL GetOpenInterest(F0200009232116)
[3212] 2015/04/02 02:23:27.703 CALL GetFutureRight(F0200009232129)
[3212] 2015/04/02 02:23:32.781 CALL GetOpenInterest(F0200009232129)
[5632] 2015/04/02 02:23:35.921 CALL GetFutureRight(F0200009232116)
[5632] 2015/04/02 02:23:40.968 CALL GetOpenInterest(F0200009232116)
[3212] 2015/04/02 02:23:42.703 CALL GetFutureRight(F0200009232129)
[3212] 2015/04/02 02:23:47.750 CALL GetOpenInterest(F0200009232129)
[5632] 2015/04/02 02:23:50.921 CALL GetFutureRight(F0200009232116)
[5632] 2015/04/02 02:23:55.968 CALL GetOpenInterest(F0200009232116)
[3212] 2015/04/02 02:23:57.703 CALL GetFutureRight(F0200009232129)
[3212] 2015/04/02 02:24:02.781 CALL GetOpenInterest(F0200009232129)
[5632] 2015/04/02 02:24:05.921 CALL GetFutureRight(F0200009232116)
[5632] 2015/04/02 02:24:10.968 CALL GetOpenInterest(F0200009232116)
[3212] 2015/04/02 02:24:12.703 CALL GetFutureRight(F0200009232129)
[3212] 2015/04/02 02:24:17.781 CALL GetOpenInterest(F0200009232129)
[5632] 2015/04/02 02:24:20.921 CALL GetFutureRight(F0200009232116)
[5632] 2015/04/02 02:24:25.984 CALL GetOpenInterest(F0200009232116)
[3212] 2015/04/02 02:24:27.703 CALL GetFutureRight(F0200009232129)
[3212] 2015/04/02 02:24:32.765 CALL GetOpenInterest(F0200009232129)
[5632] 2015/04/02 02:24:35.921 CALL GetFutureRight(F0200009232116)
[5632] 2015/04/02 02:24:40.984 CALL GetOpenInterest(F0200009232116)
[3212] 2015/04/02 02:24:42.703 CALL GetFutureRight(F0200009232129)
[3212] 2015/04/02 02:24:47.750 CALL GetOpenInterest(F0200009232129)
[5632] 2015/04/02 02:24:50.921 CALL GetFutureRight(F0200009232116)
[5632] 2015/04/02 02:24:55.984 CALL GetOpenInterest(F0200009232116)
[3212] 2015/04/02 02:24:57.703 CALL GetFutureRight(F0200009232129)
[3212] 2015/04/02 02:25:02.765 CALL GetOpenInterest(F0200009232129)
[5632] 2015/04/02 02:25:05.921 CALL GetFutureRight(F0200009232116)
[5632] 2015/04/02 02:25:11.375 CALL GetOpenInterest(F0200009232116)
[3212] 2015/04/02 02:25:12.703 CALL GetFutureRight(F0200009232129)
[3212] 2015/04/02 02:25:17.781 CALL GetOpenInterest(F0200009232129)
[5632] 2015/04/02 02:25:20.921 CALL GetFutureRight(F0200009232116)
[5632] 2015/04/02 02:25:25.968 CALL GetOpenInterest(F0200009232116)
[3212] 2015/04/02 02:25:27.703 CALL GetFutureRight(F0200009232129)
[3212] 2015/04/02 02:25:32.765 CALL GetOpenInterest(F0200009232129)
[5632] 2015/04/02 02:25:35.921 CALL GetFutureRight(F0200009232116)
[5632] 2015/04/02 02:25:40.984 CALL GetOpenInterest(F0200009232116)
[3212] 2015/04/02 02:25:42.703 CALL GetFutureRight(F0200009232129)
[3212] 2015/04/02 02:25:47.750 CALL GetOpenInterest(F0200009232129)
[5632] 2015/04/02 02:25:50.921 CALL GetFutureRight(F0200009232116)
[5632] 2015/04/02 02:25:55.968 CALL GetOpenInterest(F0200009232116)
[3212] 2015/04/02 02:25:57.703 CALL GetFutureRight(F0200009232129)
[3212] 2015/04/02 02:26:02.750 CALL GetOpenInterest(F0200009232129)
[5352] 2015/04/02 02:31:56.250 SKOrderLib ª©¥» 2.1.22
[5352] 2015/04/02 02:31:56.265 Login ID: S122811334
[5352] 2015/04/02 02:31:57.265 CALL RegisterOnAccountCallBack()
[5352] 2015/04/02 02:31:57.265 CALL RegisterOnOrderAsyncReportCallBack()
[5352] 2015/04/02 02:31:57.265 CALL RegisterOnAccountWithLoginIDCallBack()
[5352] 2015/04/02 02:31:57.265 CALL RegisterOnRealBalanceReportCallBack()
[5352] 2015/04/02 02:31:57.265 CALL RegisterOnOpenInterestCallBack()
[5352] 2015/04/02 02:31:57.265 CALL RegisterOnStopLossReportCallBack()
[5352] 2015/04/02 02:31:57.265 CALL RegisterOnOverseaFuturesCallBack()
[5352] 2015/04/02 02:31:57.265 CALL RegisterOnOverseaFutureOpenInterestCallBack()
[5352] 2015/04/02 02:31:57.265 CALL RegisterOnOverseaOptionsCallBack()
[5352] 2015/04/02 02:31:57.281 CALL RegisterOnFutureRightCallBack()
[5352] 2015/04/02 02:31:57.281 CALL RegisterOnCertCanceled()
[5352] 2015/04/02 02:31:57.281 CALL RegisterOnExecutionReportCallBack()
[5352] 2015/04/02 02:31:57.281 CALL GetUserAccount()
[5352] 2015/04/02 02:31:57.281 TS,9186,9186,0213851,S122811334,½²¦¼´Ü,0,0
[5352] 2015/04/02 02:31:57.281 OS,9188,9188,0011491,S122811334,½²¦¼´Ü,0,0
[5352] 2015/04/02 02:31:57.281 TS,9188,9188,0259512,S122811334,½²¦¼´Ü,0,0
[5352] 2015/04/02 02:31:57.281 TF,F020000,000,9232116,S122811334,½²¦¼´Ü,0,0
[5352] 2015/04/02 02:31:57.281 OF,F020000,000,9232116,S122811334,½²¦¼´Ü,0,0
[5352] 2015/04/02 02:31:57.281 TF,F020000,000,9232129,S122811334,½²¦¼´Ü,0,0
[5352] 2015/04/02 02:31:57.281 OF,F020000,000,9232129,S122811334,½²¦¼´Ü,0,0
[5352] 2015/04/02 02:31:57.296 CALL SKOrderLib_ReadCertByID(S122811334)
[5352] 2015/04/02 02:31:57.468 CALL GetFutureRight(F0200009232116)
[5352] 2015/04/02 02:32:02.625 CALL GetOpenInterest(F0200009232116)
[5176] 2015/04/02 02:32:03.000 SKOrderLib ª©¥» 2.1.22
[5176] 2015/04/02 02:32:03.000 Login ID: S122811334
[5176] 2015/04/02 02:32:03.984 CALL RegisterOnAccountCallBack()
[5176] 2015/04/02 02:32:03.984 CALL RegisterOnOrderAsyncReportCallBack()
[5176] 2015/04/02 02:32:03.984 CALL RegisterOnAccountWithLoginIDCallBack()
[5176] 2015/04/02 02:32:03.984 CALL RegisterOnRealBalanceReportCallBack()
[5176] 2015/04/02 02:32:03.984 CALL RegisterOnOpenInterestCallBack()
[5176] 2015/04/02 02:32:03.984 CALL RegisterOnStopLossReportCallBack()
[5176] 2015/04/02 02:32:03.984 CALL RegisterOnOverseaFuturesCallBack()
[5176] 2015/04/02 02:32:03.984 CALL RegisterOnOverseaFutureOpenInterestCallBack()
[5176] 2015/04/02 02:32:03.984 CALL RegisterOnOverseaOptionsCallBack()
[5176] 2015/04/02 02:32:03.984 CALL RegisterOnFutureRightCallBack()
[5176] 2015/04/02 02:32:04.000 CALL RegisterOnCertCanceled()
[5176] 2015/04/02 02:32:04.000 CALL RegisterOnExecutionReportCallBack()
[5176] 2015/04/02 02:32:04.000 CALL GetUserAccount()
[5176] 2015/04/02 02:32:04.000 TS,9186,9186,0213851,S122811334,½²¦¼´Ü,0,0
[5176] 2015/04/02 02:32:04.000 OS,9188,9188,0011491,S122811334,½²¦¼´Ü,0,0
[5176] 2015/04/02 02:32:04.000 TS,9188,9188,0259512,S122811334,½²¦¼´Ü,0,0
[5176] 2015/04/02 02:32:04.000 TF,F020000,000,9232116,S122811334,½²¦¼´Ü,0,0
[5176] 2015/04/02 02:32:04.000 OF,F020000,000,9232116,S122811334,½²¦¼´Ü,0,0
[5176] 2015/04/02 02:32:04.000 TF,F020000,000,9232129,S122811334,½²¦¼´Ü,0,0
[5176] 2015/04/02 02:32:04.000 OF,F020000,000,9232129,S122811334,½²¦¼´Ü,0,0
[5176] 2015/04/02 02:32:04.015 CALL SKOrderLib_ReadCertByID(S122811334)
[5176] 2015/04/02 02:32:04.187 CALL GetFutureRight(F0200009232129)
[5176] 2015/04/02 02:32:09.328 CALL GetOpenInterest(F0200009232129)
[5352] 2015/04/02 02:32:17.671 CALL GetFutureRight(F0200009232116)
[5352] 2015/04/02 02:32:22.734 CALL GetOpenInterest(F0200009232116)
[5176] 2015/04/02 02:32:24.390 CALL GetFutureRight(F0200009232129)
[5176] 2015/04/02 02:32:29.453 CALL GetOpenInterest(F0200009232129)
[5352] 2015/04/02 02:32:32.671 CALL GetFutureRight(F0200009232116)
[5352] 2015/04/02 02:32:37.718 CALL GetOpenInterest(F0200009232116)
[5176] 2015/04/02 02:32:39.390 CALL GetFutureRight(F0200009232129)
[5176] 2015/04/02 02:32:44.453 CALL GetOpenInterest(F0200009232129)
[5352] 2015/04/02 02:32:47.671 CALL GetFutureRight(F0200009232116)
[5352] 2015/04/02 02:32:52.734 CALL GetOpenInterest(F0200009232116)
[5176] 2015/04/02 02:32:54.390 CALL GetFutureRight(F0200009232129)
[5176] 2015/04/02 02:32:59.453 CALL GetOpenInterest(F0200009232129)
[5352] 2015/04/02 02:33:02.671 CALL GetFutureRight(F0200009232116)
[5352] 2015/04/02 02:33:07.718 CALL GetOpenInterest(F0200009232116)
[5176] 2015/04/02 02:33:09.390 CALL GetFutureRight(F0200009232129)
[5176] 2015/04/02 02:33:14.468 CALL GetOpenInterest(F0200009232129)
[5352] 2015/04/02 02:33:17.671 CALL GetFutureRight(F0200009232116)
[5352] 2015/04/02 02:33:22.734 CALL GetOpenInterest(F0200009232116)
[5176] 2015/04/02 02:33:24.390 CALL GetFutureRight(F0200009232129)
[5176] 2015/04/02 02:33:29.484 CALL GetOpenInterest(F0200009232129)
[5352] 2015/04/02 02:33:32.671 CALL GetFutureRight(F0200009232116)
[5352] 2015/04/02 02:33:37.750 CALL GetOpenInterest(F0200009232116)
[5176] 2015/04/02 02:33:39.390 CALL GetFutureRight(F0200009232129)
[5176] 2015/04/02 02:33:44.453 CALL GetOpenInterest(F0200009232129)
[5352] 2015/04/02 02:33:47.671 CALL GetFutureRight(F0200009232116)
[5352] 2015/04/02 02:33:52.734 CALL GetOpenInterest(F0200009232116)
[5176] 2015/04/02 02:33:54.390 CALL GetFutureRight(F0200009232129)
[5176] 2015/04/02 02:33:59.437 CALL GetOpenInterest(F0200009232129)
[5352] 2015/04/02 02:34:02.671 CALL GetFutureRight(F0200009232116)
[5352] 2015/04/02 02:34:07.718 CALL GetOpenInterest(F0200009232116)
[5176] 2015/04/02 02:34:09.390 CALL GetFutureRight(F0200009232129)
[5176] 2015/04/02 02:34:14.437 CALL GetOpenInterest(F0200009232129)
[5352] 2015/04/02 02:34:17.671 CALL GetFutureRight(F0200009232116)
[5352] 2015/04/02 02:34:22.734 CALL GetOpenInterest(F0200009232116)
[5176] 2015/04/02 02:34:24.390 CALL GetFutureRight(F0200009232129)
[5176] 2015/04/02 02:34:29.437 CALL GetOpenInterest(F0200009232129)
[5352] 2015/04/02 02:34:32.671 CALL GetFutureRight(F0200009232116)
[5352] 2015/04/02 02:34:37.734 CALL GetOpenInterest(F0200009232116)
[5176] 2015/04/02 02:34:39.390 CALL GetFutureRight(F0200009232129)
[5176] 2015/04/02 02:34:44.437 CALL GetOpenInterest(F0200009232129)
[5352] 2015/04/02 02:34:47.671 CALL GetFutureRight(F0200009232116)
[5352] 2015/04/02 02:34:52.734 CALL GetOpenInterest(F0200009232116)
[5176] 2015/04/02 02:34:54.390 CALL GetFutureRight(F0200009232129)
[5176] 2015/04/02 02:34:59.453 CALL GetOpenInterest(F0200009232129)
[5352] 2015/04/02 02:35:02.671 CALL GetFutureRight(F0200009232116)
[5352] 2015/04/02 02:35:07.734 CALL GetOpenInterest(F0200009232116)
[2196] 2015/04/02 02:39:57.000 SKOrderLib ª©¥» 2.1.22
[2196] 2015/04/02 02:39:57.000 Login ID: S122811334
[2196] 2015/04/02 02:39:58.046 CALL RegisterOnAccountCallBack()
[2196] 2015/04/02 02:39:58.046 CALL RegisterOnOrderAsyncReportCallBack()
[2196] 2015/04/02 02:39:58.046 CALL RegisterOnAccountWithLoginIDCallBack()
[2196] 2015/04/02 02:39:58.046 CALL RegisterOnRealBalanceReportCallBack()
[2196] 2015/04/02 02:39:58.046 CALL RegisterOnOpenInterestCallBack()
[2196] 2015/04/02 02:39:58.062 CALL RegisterOnStopLossReportCallBack()
[2196] 2015/04/02 02:39:58.062 CALL RegisterOnOverseaFuturesCallBack()
[2196] 2015/04/02 02:39:58.062 CALL RegisterOnOverseaFutureOpenInterestCallBack()
[2196] 2015/04/02 02:39:58.062 CALL RegisterOnOverseaOptionsCallBack()
[2196] 2015/04/02 02:39:58.062 CALL RegisterOnFutureRightCallBack()
[2196] 2015/04/02 02:39:58.062 CALL RegisterOnCertCanceled()
[2196] 2015/04/02 02:39:58.062 CALL RegisterOnExecutionReportCallBack()
[2196] 2015/04/02 02:39:58.062 CALL GetUserAccount()
[2196] 2015/04/02 02:39:58.062 TS,9186,9186,0213851,S122811334,½²¦¼´Ü,0,0
[2196] 2015/04/02 02:39:58.062 OS,9188,9188,0011491,S122811334,½²¦¼´Ü,0,0
[2196] 2015/04/02 02:39:58.062 TS,9188,9188,0259512,S122811334,½²¦¼´Ü,0,0
[2196] 2015/04/02 02:39:58.062 TF,F020000,000,9232116,S122811334,½²¦¼´Ü,0,0
[2196] 2015/04/02 02:39:58.062 OF,F020000,000,9232116,S122811334,½²¦¼´Ü,0,0
[2196] 2015/04/02 02:39:58.078 TF,F020000,000,9232129,S122811334,½²¦¼´Ü,0,0
[2196] 2015/04/02 02:39:58.078 OF,F020000,000,9232129,S122811334,½²¦¼´Ü,0,0
[2196] 2015/04/02 02:39:58.078 CALL SKOrderLib_ReadCertByID(S122811334)
[2196] 2015/04/02 02:39:58.343 CALL GetFutureRight(F0200009232116)
[2196] 2015/04/02 02:40:03.593 CALL GetOpenInterest(F0200009232116)
[1424] 2015/04/02 02:40:03.921 SKOrderLib ª©¥» 2.1.22
[1424] 2015/04/02 02:40:03.921 Login ID: S122811334
[1424] 2015/04/02 02:40:04.765 CALL RegisterOnAccountCallBack()
[1424] 2015/04/02 02:40:04.765 CALL RegisterOnOrderAsyncReportCallBack()
[1424] 2015/04/02 02:40:04.765 CALL RegisterOnAccountWithLoginIDCallBack()
[1424] 2015/04/02 02:40:04.765 CALL RegisterOnRealBalanceReportCallBack()
[1424] 2015/04/02 02:40:04.765 CALL RegisterOnOpenInterestCallBack()
[1424] 2015/04/02 02:40:04.765 CALL RegisterOnStopLossReportCallBack()
[1424] 2015/04/02 02:40:04.765 CALL RegisterOnOverseaFuturesCallBack()
[1424] 2015/04/02 02:40:04.765 CALL RegisterOnOverseaFutureOpenInterestCallBack()
[1424] 2015/04/02 02:40:04.765 CALL RegisterOnOverseaOptionsCallBack()
[1424] 2015/04/02 02:40:04.765 CALL RegisterOnFutureRightCallBack()
[1424] 2015/04/02 02:40:04.765 CALL RegisterOnCertCanceled()
[1424] 2015/04/02 02:40:04.765 CALL RegisterOnExecutionReportCallBack()
[1424] 2015/04/02 02:40:04.765 CALL GetUserAccount()
[1424] 2015/04/02 02:40:04.765 TS,9186,9186,0213851,S122811334,½²¦¼´Ü,0,0
[1424] 2015/04/02 02:40:04.765 OS,9188,9188,0011491,S122811334,½²¦¼´Ü,0,0
[1424] 2015/04/02 02:40:04.765 TS,9188,9188,0259512,S122811334,½²¦¼´Ü,0,0
[1424] 2015/04/02 02:40:04.765 TF,F020000,000,9232116,S122811334,½²¦¼´Ü,0,0
[1424] 2015/04/02 02:40:04.781 OF,F020000,000,9232116,S122811334,½²¦¼´Ü,0,0
[1424] 2015/04/02 02:40:04.781 TF,F020000,000,9232129,S122811334,½²¦¼´Ü,0,0
[1424] 2015/04/02 02:40:04.781 OF,F020000,000,9232129,S122811334,½²¦¼´Ü,0,0
[1424] 2015/04/02 02:40:04.781 CALL SKOrderLib_ReadCertByID(S122811334)
[1424] 2015/04/02 02:40:04.953 CALL GetFutureRight(F0200009232129)
[1424] 2015/04/02 02:40:10.109 CALL GetOpenInterest(F0200009232129)
[2196] 2015/04/02 02:40:18.640 CALL GetFutureRight(F0200009232116)
[2196] 2015/04/02 02:40:23.703 CALL GetOpenInterest(F0200009232116)
[1424] 2015/04/02 02:40:25.156 CALL GetFutureRight(F0200009232129)
[1424] 2015/04/02 02:40:30.203 CALL GetOpenInterest(F0200009232129)
[2196] 2015/04/02 02:40:33.640 CALL GetFutureRight(F0200009232116)
[2196] 2015/04/02 02:40:38.687 CALL GetOpenInterest(F0200009232116)
[1424] 2015/04/02 02:40:40.156 CALL GetFutureRight(F0200009232129)
[1424] 2015/04/02 02:40:45.218 CALL GetOpenInterest(F0200009232129)
[2196] 2015/04/02 02:40:48.640 CALL GetFutureRight(F0200009232116)
[2196] 2015/04/02 02:40:53.703 CALL GetOpenInterest(F0200009232116)
[1424] 2015/04/02 02:40:55.156 CALL GetFutureRight(F0200009232129)
[1424] 2015/04/02 02:41:00.296 CALL GetOpenInterest(F0200009232129)
[2196] 2015/04/02 02:41:03.640 CALL GetFutureRight(F0200009232116)
[2196] 2015/04/02 02:41:08.703 CALL GetOpenInterest(F0200009232116)
[1424] 2015/04/02 02:41:10.156 CALL GetFutureRight(F0200009232129)
[1424] 2015/04/02 02:41:15.234 CALL GetOpenInterest(F0200009232129)
[2196] 2015/04/02 02:41:18.640 CALL GetFutureRight(F0200009232116)
[2196] 2015/04/02 02:41:23.687 CALL GetOpenInterest(F0200009232116)
[1424] 2015/04/02 02:41:25.156 CALL GetFutureRight(F0200009232129)
[1424] 2015/04/02 02:41:30.218 CALL GetOpenInterest(F0200009232129)
[2196] 2015/04/02 02:41:33.640 CALL GetFutureRight(F0200009232116)
[2196] 2015/04/02 02:41:38.687 CALL GetOpenInterest(F0200009232116)
[1424] 2015/04/02 02:41:40.156 CALL GetFutureRight(F0200009232129)
[1424] 2015/04/02 02:41:45.218 CALL GetOpenInterest(F0200009232129)
[2196] 2015/04/02 02:41:48.640 CALL GetFutureRight(F0200009232116)
[2196] 2015/04/02 02:41:53.687 CALL GetOpenInterest(F0200009232116)
[1424] 2015/04/02 02:41:55.156 CALL GetFutureRight(F0200009232129)
[1424] 2015/04/02 02:42:00.218 CALL GetOpenInterest(F0200009232129)
[2196] 2015/04/02 02:42:03.640 CALL GetFutureRight(F0200009232116)
[2196] 2015/04/02 02:42:08.703 CALL GetOpenInterest(F0200009232116)
[1424] 2015/04/02 02:42:10.156 CALL GetFutureRight(F0200009232129)
[1424] 2015/04/02 02:42:15.218 CALL GetOpenInterest(F0200009232129)
[2196] 2015/04/02 02:42:18.640 CALL GetFutureRight(F0200009232116)
[2196] 2015/04/02 02:42:23.718 CALL GetOpenInterest(F0200009232116)
[1424] 2015/04/02 02:42:25.156 CALL GetFutureRight(F0200009232129)
[1424] 2015/04/02 02:42:30.218 CALL GetOpenInterest(F0200009232129)
[548] 2015/04/02 02:49:27.375 SKOrderLib ª©¥» 2.1.22
[548] 2015/04/02 02:49:27.375 Login ID: S122811334
[548] 2015/04/02 02:49:28.328 CALL RegisterOnAccountCallBack()
[548] 2015/04/02 02:49:28.328 CALL RegisterOnOrderAsyncReportCallBack()
[548] 2015/04/02 02:49:28.328 CALL RegisterOnAccountWithLoginIDCallBack()
[548] 2015/04/02 02:49:28.328 CALL RegisterOnRealBalanceReportCallBack()
[548] 2015/04/02 02:49:28.328 CALL RegisterOnOpenInterestCallBack()
[548] 2015/04/02 02:49:28.328 CALL RegisterOnStopLossReportCallBack()
[548] 2015/04/02 02:49:28.328 CALL RegisterOnOverseaFuturesCallBack()
[548] 2015/04/02 02:49:28.328 CALL RegisterOnOverseaFutureOpenInterestCallBack()
[548] 2015/04/02 02:49:28.328 CALL RegisterOnOverseaOptionsCallBack()
[548] 2015/04/02 02:49:28.328 CALL RegisterOnFutureRightCallBack()
[548] 2015/04/02 02:49:28.328 CALL RegisterOnCertCanceled()
[548] 2015/04/02 02:49:28.328 CALL RegisterOnExecutionReportCallBack()
[548] 2015/04/02 02:49:28.328 CALL GetUserAccount()
[548] 2015/04/02 02:49:28.328 TS,9186,9186,0213851,S122811334,½²¦¼´Ü,0,0
[548] 2015/04/02 02:49:28.343 OS,9188,9188,0011491,S122811334,½²¦¼´Ü,0,0
[548] 2015/04/02 02:49:28.343 TS,9188,9188,0259512,S122811334,½²¦¼´Ü,0,0
[548] 2015/04/02 02:49:28.343 TF,F020000,000,9232116,S122811334,½²¦¼´Ü,0,0
[548] 2015/04/02 02:49:28.343 OF,F020000,000,9232116,S122811334,½²¦¼´Ü,0,0
[548] 2015/04/02 02:49:28.343 TF,F020000,000,9232129,S122811334,½²¦¼´Ü,0,0
[548] 2015/04/02 02:49:28.343 OF,F020000,000,9232129,S122811334,½²¦¼´Ü,0,0
[548] 2015/04/02 02:49:28.343 CALL SKOrderLib_ReadCertByID(S122811334)
[548] 2015/04/02 02:49:28.531 CALL GetFutureRight(F0200009232116)
[548] 2015/04/02 02:49:33.671 CALL GetOpenInterest(F0200009232116)
[5888] 2015/04/02 02:49:33.984 SKOrderLib ª©¥» 2.1.22
[5888] 2015/04/02 02:49:33.984 Login ID: S122811334
[5888] 2015/04/02 02:49:34.921 CALL RegisterOnAccountCallBack()
[5888] 2015/04/02 02:49:34.921 CALL RegisterOnOrderAsyncReportCallBack()
[5888] 2015/04/02 02:49:34.921 CALL RegisterOnAccountWithLoginIDCallBack()
[5888] 2015/04/02 02:49:34.921 CALL RegisterOnRealBalanceReportCallBack()
[5888] 2015/04/02 02:49:34.921 CALL RegisterOnOpenInterestCallBack()
[5888] 2015/04/02 02:49:34.921 CALL RegisterOnStopLossReportCallBack()
[5888] 2015/04/02 02:49:34.921 CALL RegisterOnOverseaFuturesCallBack()
[5888] 2015/04/02 02:49:34.921 CALL RegisterOnOverseaFutureOpenInterestCallBack()
[5888] 2015/04/02 02:49:34.921 CALL RegisterOnOverseaOptionsCallBack()
[5888] 2015/04/02 02:49:34.921 CALL RegisterOnFutureRightCallBack()
[5888] 2015/04/02 02:49:34.921 CALL RegisterOnCertCanceled()
[5888] 2015/04/02 02:49:34.921 CALL RegisterOnExecutionReportCallBack()
[5888] 2015/04/02 02:49:34.937 CALL GetUserAccount()
[5888] 2015/04/02 02:49:34.937 TS,9186,9186,0213851,S122811334,½²¦¼´Ü,0,0
[5888] 2015/04/02 02:49:34.937 OS,9188,9188,0011491,S122811334,½²¦¼´Ü,0,0
[5888] 2015/04/02 02:49:34.937 TS,9188,9188,0259512,S122811334,½²¦¼´Ü,0,0
[5888] 2015/04/02 02:49:34.937 TF,F020000,000,9232116,S122811334,½²¦¼´Ü,0,0
[5888] 2015/04/02 02:49:34.937 OF,F020000,000,9232116,S122811334,½²¦¼´Ü,0,0
[5888] 2015/04/02 02:49:34.937 TF,F020000,000,9232129,S122811334,½²¦¼´Ü,0,0
[5888] 2015/04/02 02:49:34.937 OF,F020000,000,9232129,S122811334,½²¦¼´Ü,0,0
[5888] 2015/04/02 02:49:34.937 CALL SKOrderLib_ReadCertByID(S122811334)
[5888] 2015/04/02 02:49:35.125 CALL GetFutureRight(F0200009232129)
[5888] 2015/04/02 02:49:40.281 CALL GetOpenInterest(F0200009232129)
[548] 2015/04/02 02:49:48.718 CALL GetFutureRight(F0200009232116)
[548] 2015/04/02 02:49:53.796 CALL GetOpenInterest(F0200009232116)
[5888] 2015/04/02 02:49:55.343 CALL GetFutureRight(F0200009232129)
[5888] 2015/04/02 02:50:00.406 CALL GetOpenInterest(F0200009232129)
[548] 2015/04/02 02:50:03.718 CALL GetFutureRight(F0200009232116)
[548] 2015/04/02 02:50:08.765 CALL GetOpenInterest(F0200009232116)
[5888] 2015/04/02 02:50:10.343 CALL GetFutureRight(F0200009232129)
[5888] 2015/04/02 02:50:15.390 CALL GetOpenInterest(F0200009232129)
[548] 2015/04/02 02:50:18.718 CALL GetFutureRight(F0200009232116)
[548] 2015/04/02 02:50:23.781 CALL GetOpenInterest(F0200009232116)
[5888] 2015/04/02 02:50:25.343 CALL GetFutureRight(F0200009232129)
[5888] 2015/04/02 02:50:30.390 CALL GetOpenInterest(F0200009232129)
[548] 2015/04/02 02:50:33.718 CALL GetFutureRight(F0200009232116)
[548] 2015/04/02 02:50:38.781 CALL GetOpenInterest(F0200009232116)
[5888] 2015/04/02 02:50:40.343 CALL GetFutureRight(F0200009232129)
[5888] 2015/04/02 02:50:45.390 CALL GetOpenInterest(F0200009232129)
[548] 2015/04/02 02:50:48.734 CALL GetFutureRight(F0200009232116)
[548] 2015/04/02 02:50:53.812 CALL GetOpenInterest(F0200009232116)
[5888] 2015/04/02 02:50:55.343 CALL GetFutureRight(F0200009232129)
[5888] 2015/04/02 02:51:00.406 CALL GetOpenInterest(F0200009232129)
[548] 2015/04/02 02:51:03.718 CALL GetFutureRight(F0200009232116)
[548] 2015/04/02 02:51:08.781 CALL GetOpenInterest(F0200009232116)
[5888] 2015/04/02 02:51:10.343 CALL GetFutureRight(F0200009232129)
[5888] 2015/04/02 02:51:15.406 CALL GetOpenInterest(F0200009232129)
[548] 2015/04/02 02:51:18.718 CALL GetFutureRight(F0200009232116)
[548] 2015/04/02 02:51:23.781 CALL GetOpenInterest(F0200009232116)
[5888] 2015/04/02 02:51:25.343 CALL GetFutureRight(F0200009232129)
[5888] 2015/04/02 02:51:30.406 CALL GetOpenInterest(F0200009232129)
[548] 2015/04/02 02:51:33.718 CALL GetFutureRight(F0200009232116)
[548] 2015/04/02 02:51:38.781 CALL GetOpenInterest(F0200009232116)
[5888] 2015/04/02 02:51:40.343 CALL GetFutureRight(F0200009232129)
[5888] 2015/04/02 02:51:45.406 CALL GetOpenInterest(F0200009232129)
[548] 2015/04/02 02:51:48.718 CALL GetFutureRight(F0200009232116)
[548] 2015/04/02 02:51:53.781 CALL GetOpenInterest(F0200009232116)
[5888] 2015/04/02 02:51:55.343 CALL GetFutureRight(F0200009232129)
[5888] 2015/04/02 02:52:00.390 CALL GetOpenInterest(F0200009232129)
[548] 2015/04/02 02:52:03.718 CALL GetFutureRight(F0200009232116)
[548] 2015/04/02 02:52:08.781 CALL GetOpenInterest(F0200009232116)
[5888] 2015/04/02 02:52:10.343 CALL GetFutureRight(F0200009232129)
[5888] 2015/04/02 02:52:15.421 CALL GetOpenInterest(F0200009232129)
[548] 2015/04/02 02:52:18.718 CALL GetFutureRight(F0200009232116)
[548] 2015/04/02 02:52:23.765 CALL GetOpenInterest(F0200009232116)
[5888] 2015/04/02 02:52:25.343 CALL GetFutureRight(F0200009232129)
[4820] 2015/04/02 02:55:51.953 SKOrderLib ª©¥» 2.1.22
[4820] 2015/04/02 02:55:51.953 Login ID: S122811334
[4820] 2015/04/02 02:55:53.031 CALL RegisterOnAccountCallBack()
[4820] 2015/04/02 02:55:53.031 CALL RegisterOnOrderAsyncReportCallBack()
[4820] 2015/04/02 02:55:53.031 CALL RegisterOnAccountWithLoginIDCallBack()
[4820] 2015/04/02 02:55:53.031 CALL RegisterOnRealBalanceReportCallBack()
[4820] 2015/04/02 02:55:53.031 CALL RegisterOnOpenInterestCallBack()
[4820] 2015/04/02 02:55:53.031 CALL RegisterOnStopLossReportCallBack()
[4820] 2015/04/02 02:55:53.031 CALL RegisterOnOverseaFuturesCallBack()
[4820] 2015/04/02 02:55:53.031 CALL RegisterOnOverseaFutureOpenInterestCallBack()
[4820] 2015/04/02 02:55:53.046 CALL RegisterOnOverseaOptionsCallBack()
[4820] 2015/04/02 02:55:53.046 CALL RegisterOnFutureRightCallBack()
[4820] 2015/04/02 02:55:53.046 CALL RegisterOnCertCanceled()
[4820] 2015/04/02 02:55:53.046 CALL RegisterOnExecutionReportCallBack()
[4820] 2015/04/02 02:55:53.046 CALL GetUserAccount()
[4820] 2015/04/02 02:55:53.046 TS,9186,9186,0213851,S122811334,½²¦¼´Ü,0,0
[4820] 2015/04/02 02:55:53.046 OS,9188,9188,0011491,S122811334,½²¦¼´Ü,0,0
[4820] 2015/04/02 02:55:53.046 TS,9188,9188,0259512,S122811334,½²¦¼´Ü,0,0
[4820] 2015/04/02 02:55:53.046 TF,F020000,000,9232116,S122811334,½²¦¼´Ü,0,0
[4820] 2015/04/02 02:55:53.046 OF,F020000,000,9232116,S122811334,½²¦¼´Ü,0,0
[4820] 2015/04/02 02:55:53.046 TF,F020000,000,9232129,S122811334,½²¦¼´Ü,0,0
[4820] 2015/04/02 02:55:53.046 OF,F020000,000,9232129,S122811334,½²¦¼´Ü,0,0
[4820] 2015/04/02 02:55:53.062 CALL SKOrderLib_ReadCertByID(S122811334)
[4820] 2015/04/02 02:55:53.328 CALL GetFutureRight(F0200009232116)
[4820] 2015/04/02 02:55:58.609 CALL GetOpenInterest(F0200009232116)
[1932] 2015/04/02 02:55:58.921 SKOrderLib ª©¥» 2.1.22
[1932] 2015/04/02 02:55:58.921 Login ID: S122811334
[1932] 2015/04/02 02:55:59.921 CALL RegisterOnAccountCallBack()
[1932] 2015/04/02 02:55:59.921 CALL RegisterOnOrderAsyncReportCallBack()
[1932] 2015/04/02 02:55:59.921 CALL RegisterOnAccountWithLoginIDCallBack()
[1932] 2015/04/02 02:55:59.921 CALL RegisterOnRealBalanceReportCallBack()
[1932] 2015/04/02 02:55:59.921 CALL RegisterOnOpenInterestCallBack()
[1932] 2015/04/02 02:55:59.921 CALL RegisterOnStopLossReportCallBack()
[1932] 2015/04/02 02:55:59.921 CALL RegisterOnOverseaFuturesCallBack()
[1932] 2015/04/02 02:55:59.921 CALL RegisterOnOverseaFutureOpenInterestCallBack()
[1932] 2015/04/02 02:55:59.921 CALL RegisterOnOverseaOptionsCallBack()
[1932] 2015/04/02 02:55:59.921 CALL RegisterOnFutureRightCallBack()
[1932] 2015/04/02 02:55:59.921 CALL RegisterOnCertCanceled()
[1932] 2015/04/02 02:55:59.921 CALL RegisterOnExecutionReportCallBack()
[1932] 2015/04/02 02:55:59.921 CALL GetUserAccount()
[1932] 2015/04/02 02:55:59.921 TS,9186,9186,0213851,S122811334,½²¦¼´Ü,0,0
[1932] 2015/04/02 02:55:59.921 OS,9188,9188,0011491,S122811334,½²¦¼´Ü,0,0
[1932] 2015/04/02 02:55:59.921 TS,9188,9188,0259512,S122811334,½²¦¼´Ü,0,0
[1932] 2015/04/02 02:55:59.937 TF,F020000,000,9232116,S122811334,½²¦¼´Ü,0,0
[1932] 2015/04/02 02:55:59.937 OF,F020000,000,9232116,S122811334,½²¦¼´Ü,0,0
[1932] 2015/04/02 02:55:59.937 TF,F020000,000,9232129,S122811334,½²¦¼´Ü,0,0
[1932] 2015/04/02 02:55:59.937 OF,F020000,000,9232129,S122811334,½²¦¼´Ü,0,0
[1932] 2015/04/02 02:55:59.937 CALL SKOrderLib_ReadCertByID(S122811334)
[1932] 2015/04/02 02:56:00.109 CALL GetFutureRight(F0200009232129)
[1932] 2015/04/02 02:56:05.343 CALL GetOpenInterest(F0200009232129)
[4820] 2015/04/02 02:56:13.656 CALL GetFutureRight(F0200009232116)
[4820] 2015/04/02 02:56:18.718 CALL GetOpenInterest(F0200009232116)
[1932] 2015/04/02 02:56:20.406 CALL GetFutureRight(F0200009232129)
[1932] 2015/04/02 02:56:25.468 CALL GetOpenInterest(F0200009232129)
[4820] 2015/04/02 02:56:28.656 CALL GetFutureRight(F0200009232116)
[4820] 2015/04/02 02:56:33.703 CALL GetOpenInterest(F0200009232116)
[1932] 2015/04/02 02:56:35.406 CALL GetFutureRight(F0200009232129)
[1932] 2015/04/02 02:56:40.468 CALL GetOpenInterest(F0200009232129)
[4820] 2015/04/02 02:56:43.656 CALL GetFutureRight(F0200009232116)
[4820] 2015/04/02 02:56:48.703 CALL GetOpenInterest(F0200009232116)
[1932] 2015/04/02 02:56:50.406 CALL GetFutureRight(F0200009232129)
[1932] 2015/04/02 02:56:55.500 CALL GetOpenInterest(F0200009232129)
[4820] 2015/04/02 02:56:58.656 CALL GetFutureRight(F0200009232116)
[4820] 2015/04/02 02:57:03.718 CALL GetOpenInterest(F0200009232116)
[1932] 2015/04/02 02:57:05.406 CALL GetFutureRight(F0200009232129)
[1932] 2015/04/02 02:57:10.453 CALL GetOpenInterest(F0200009232129)
[4820] 2015/04/02 02:57:13.656 CALL GetFutureRight(F0200009232116)
[4820] 2015/04/02 02:57:18.718 CALL GetOpenInterest(F0200009232116)
[1932] 2015/04/02 02:57:20.406 CALL GetFutureRight(F0200009232129)
[1932] 2015/04/02 02:57:25.453 CALL GetOpenInterest(F0200009232129)
[3400] 2015/04/02 03:01:01.390 SKOrderLib ª©¥» 2.1.22
[3400] 2015/04/02 03:01:01.406 Login ID: S122811334
[3400] 2015/04/02 03:01:02.406 CALL RegisterOnAccountCallBack()
[3400] 2015/04/02 03:01:02.406 CALL RegisterOnOrderAsyncReportCallBack()
[3400] 2015/04/02 03:01:02.406 CALL RegisterOnAccountWithLoginIDCallBack()
[3400] 2015/04/02 03:01:02.406 CALL RegisterOnRealBalanceReportCallBack()
[3400] 2015/04/02 03:01:02.406 CALL RegisterOnOpenInterestCallBack()
[3400] 2015/04/02 03:01:02.406 CALL RegisterOnStopLossReportCallBack()
[3400] 2015/04/02 03:01:02.406 CALL RegisterOnOverseaFuturesCallBack()
[3400] 2015/04/02 03:01:02.406 CALL RegisterOnOverseaFutureOpenInterestCallBack()
[3400] 2015/04/02 03:01:02.406 CALL RegisterOnOverseaOptionsCallBack()
[3400] 2015/04/02 03:01:02.406 CALL RegisterOnFutureRightCallBack()
[3400] 2015/04/02 03:01:02.406 CALL RegisterOnCertCanceled()
[3400] 2015/04/02 03:01:02.406 CALL RegisterOnExecutionReportCallBack()
[3400] 2015/04/02 03:01:02.406 CALL GetUserAccount()
[3400] 2015/04/02 03:01:02.406 TS,9186,9186,0213851,S122811334,½²¦¼´Ü,0,0
[3400] 2015/04/02 03:01:02.406 OS,9188,9188,0011491,S122811334,½²¦¼´Ü,0,0
[3400] 2015/04/02 03:01:02.421 TS,9188,9188,0259512,S122811334,½²¦¼´Ü,0,0
[3400] 2015/04/02 03:01:02.421 TF,F020000,000,9232116,S122811334,½²¦¼´Ü,0,0
[3400] 2015/04/02 03:01:02.421 OF,F020000,000,9232116,S122811334,½²¦¼´Ü,0,0
[3400] 2015/04/02 03:01:02.421 TF,F020000,000,9232129,S122811334,½²¦¼´Ü,0,0
[3400] 2015/04/02 03:01:02.421 OF,F020000,000,9232129,S122811334,½²¦¼´Ü,0,0
[3400] 2015/04/02 03:01:02.421 CALL SKOrderLib_ReadCertByID(S122811334)
[3400] 2015/04/02 03:01:02.593 CALL GetFutureRight(F0200009232116)
[3400] 2015/04/02 03:01:07.750 CALL GetOpenInterest(F0200009232116)
[4376] 2015/04/02 03:01:08.234 SKOrderLib ª©¥» 2.1.22
[4376] 2015/04/02 03:01:08.234 Login ID: S122811334
[4376] 2015/04/02 03:01:09.390 CALL RegisterOnAccountCallBack()
[4376] 2015/04/02 03:01:09.390 CALL RegisterOnOrderAsyncReportCallBack()
[4376] 2015/04/02 03:01:09.390 CALL RegisterOnAccountWithLoginIDCallBack()
[4376] 2015/04/02 03:01:09.390 CALL RegisterOnRealBalanceReportCallBack()
[4376] 2015/04/02 03:01:09.390 CALL RegisterOnOpenInterestCallBack()
[4376] 2015/04/02 03:01:09.390 CALL RegisterOnStopLossReportCallBack()
[4376] 2015/04/02 03:01:09.390 CALL RegisterOnOverseaFuturesCallBack()
[4376] 2015/04/02 03:01:09.390 CALL RegisterOnOverseaFutureOpenInterestCallBack()
[4376] 2015/04/02 03:01:09.390 CALL RegisterOnOverseaOptionsCallBack()
[4376] 2015/04/02 03:01:09.390 CALL RegisterOnFutureRightCallBack()
[4376] 2015/04/02 03:01:09.390 CALL RegisterOnCertCanceled()
[4376] 2015/04/02 03:01:09.390 CALL RegisterOnExecutionReportCallBack()
[4376] 2015/04/02 03:01:09.390 CALL GetUserAccount()
[4376] 2015/04/02 03:01:09.390 TS,9186,9186,0213851,S122811334,½²¦¼´Ü,0,0
[4376] 2015/04/02 03:01:09.406 OS,9188,9188,0011491,S122811334,½²¦¼´Ü,0,0
[4376] 2015/04/02 03:01:09.406 TS,9188,9188,0259512,S122811334,½²¦¼´Ü,0,0
[4376] 2015/04/02 03:01:09.406 TF,F020000,000,9232116,S122811334,½²¦¼´Ü,0,0
[4376] 2015/04/02 03:01:09.406 OF,F020000,000,9232116,S122811334,½²¦¼´Ü,0,0
[4376] 2015/04/02 03:01:09.406 TF,F020000,000,9232129,S122811334,½²¦¼´Ü,0,0
[4376] 2015/04/02 03:01:09.406 OF,F020000,000,9232129,S122811334,½²¦¼´Ü,0,0
[4376] 2015/04/02 03:01:09.406 CALL SKOrderLib_ReadCertByID(S122811334)
[4376] 2015/04/02 03:01:09.578 CALL GetFutureRight(F0200009232129)
[4376] 2015/04/02 03:01:14.734 CALL GetOpenInterest(F0200009232129)
[3400] 2015/04/02 03:01:22.796 CALL GetFutureRight(F0200009232116)
[3400] 2015/04/02 03:01:27.859 CALL GetOpenInterest(F0200009232116)
[4376] 2015/04/02 03:01:29.796 CALL GetFutureRight(F0200009232129)
[4376] 2015/04/02 03:01:34.859 CALL GetOpenInterest(F0200009232129)
[3400] 2015/04/02 03:01:37.796 CALL GetFutureRight(F0200009232116)
[3400] 2015/04/02 03:01:42.843 CALL GetOpenInterest(F0200009232116)
[4376] 2015/04/02 03:01:44.796 CALL GetFutureRight(F0200009232129)
[4376] 2015/04/02 03:01:49.843 CALL GetOpenInterest(F0200009232129)
[3400] 2015/04/02 03:01:52.796 CALL GetFutureRight(F0200009232116)
[3400] 2015/04/02 03:01:57.859 CALL GetOpenInterest(F0200009232116)
[4376] 2015/04/02 03:01:59.796 CALL GetFutureRight(F0200009232129)
[4376] 2015/04/02 03:02:04.859 CALL GetOpenInterest(F0200009232129)
[3400] 2015/04/02 03:02:07.796 CALL GetFutureRight(F0200009232116)
[3400] 2015/04/02 03:02:12.859 CALL GetOpenInterest(F0200009232116)
[4376] 2015/04/02 03:02:14.796 CALL GetFutureRight(F0200009232129)
[4376] 2015/04/02 03:02:19.859 CALL GetOpenInterest(F0200009232129)
[3400] 2015/04/02 03:02:22.796 CALL GetFutureRight(F0200009232116)
[1208] 2015/04/02 03:08:09.875 SKOrderLib ª©¥» 2.1.22
[1208] 2015/04/02 03:08:09.875 Login ID: S122811334
[1208] 2015/04/02 03:08:10.921 CALL RegisterOnAccountCallBack()
[1208] 2015/04/02 03:08:10.921 CALL RegisterOnOrderAsyncReportCallBack()
[1208] 2015/04/02 03:08:10.921 CALL RegisterOnAccountWithLoginIDCallBack()
[1208] 2015/04/02 03:08:10.921 CALL RegisterOnRealBalanceReportCallBack()
[1208] 2015/04/02 03:08:10.921 CALL RegisterOnOpenInterestCallBack()
[1208] 2015/04/02 03:08:10.921 CALL RegisterOnStopLossReportCallBack()
[1208] 2015/04/02 03:08:10.921 CALL RegisterOnOverseaFuturesCallBack()
[1208] 2015/04/02 03:08:10.921 CALL RegisterOnOverseaFutureOpenInterestCallBack()
[1208] 2015/04/02 03:08:10.921 CALL RegisterOnOverseaOptionsCallBack()
[1208] 2015/04/02 03:08:10.921 CALL RegisterOnFutureRightCallBack()
[1208] 2015/04/02 03:08:10.921 CALL RegisterOnCertCanceled()
[1208] 2015/04/02 03:08:10.921 CALL RegisterOnExecutionReportCallBack()
[1208] 2015/04/02 03:08:10.921 CALL GetUserAccount()
[1208] 2015/04/02 03:08:10.921 TS,9186,9186,0213851,S122811334,½²¦¼´Ü,0,0
[1208] 2015/04/02 03:08:10.921 OS,9188,9188,0011491,S122811334,½²¦¼´Ü,0,0
[1208] 2015/04/02 03:08:10.921 TS,9188,9188,0259512,S122811334,½²¦¼´Ü,0,0
[1208] 2015/04/02 03:08:10.937 TF,F020000,000,9232116,S122811334,½²¦¼´Ü,0,0
[1208] 2015/04/02 03:08:10.937 OF,F020000,000,9232116,S122811334,½²¦¼´Ü,0,0
[1208] 2015/04/02 03:08:10.937 TF,F020000,000,9232129,S122811334,½²¦¼´Ü,0,0
[1208] 2015/04/02 03:08:10.937 OF,F020000,000,9232129,S122811334,½²¦¼´Ü,0,0
[1208] 2015/04/02 03:08:10.937 CALL SKOrderLib_ReadCertByID(S122811334)
[1208] 2015/04/02 03:08:11.203 CALL GetFutureRight(F0200009232116)
[1208] 2015/04/02 03:08:16.468 CALL GetOpenInterest(F0200009232116)
[368] 2015/04/02 03:08:16.765 SKOrderLib ª©¥» 2.1.22
[368] 2015/04/02 03:08:16.765 Login ID: S122811334
[368] 2015/04/02 03:08:17.718 CALL RegisterOnAccountCallBack()
[368] 2015/04/02 03:08:17.718 CALL RegisterOnOrderAsyncReportCallBack()
[368] 2015/04/02 03:08:17.718 CALL RegisterOnAccountWithLoginIDCallBack()
[368] 2015/04/02 03:08:17.718 CALL RegisterOnRealBalanceReportCallBack()
[368] 2015/04/02 03:08:17.718 CALL RegisterOnOpenInterestCallBack()
[368] 2015/04/02 03:08:17.718 CALL RegisterOnStopLossReportCallBack()
[368] 2015/04/02 03:08:17.718 CALL RegisterOnOverseaFuturesCallBack()
[368] 2015/04/02 03:08:17.718 CALL RegisterOnOverseaFutureOpenInterestCallBack()
[368] 2015/04/02 03:08:17.718 CALL RegisterOnOverseaOptionsCallBack()
[368] 2015/04/02 03:08:17.718 CALL RegisterOnFutureRightCallBack()
[368] 2015/04/02 03:08:17.718 CALL RegisterOnCertCanceled()
[368] 2015/04/02 03:08:17.718 CALL RegisterOnExecutionReportCallBack()
[368] 2015/04/02 03:08:17.718 CALL GetUserAccount()
[368] 2015/04/02 03:08:17.718 TS,9186,9186,0213851,S122811334,½²¦¼´Ü,0,0
[368] 2015/04/02 03:08:17.718 OS,9188,9188,0011491,S122811334,½²¦¼´Ü,0,0
[368] 2015/04/02 03:08:17.718 TS,9188,9188,0259512,S122811334,½²¦¼´Ü,0,0
[368] 2015/04/02 03:08:17.734 TF,F020000,000,9232116,S122811334,½²¦¼´Ü,0,0
[368] 2015/04/02 03:08:17.734 OF,F020000,000,9232116,S122811334,½²¦¼´Ü,0,0
[368] 2015/04/02 03:08:17.734 TF,F020000,000,9232129,S122811334,½²¦¼´Ü,0,0
[368] 2015/04/02 03:08:17.734 OF,F020000,000,9232129,S122811334,½²¦¼´Ü,0,0
[368] 2015/04/02 03:08:17.734 CALL SKOrderLib_ReadCertByID(S122811334)
[368] 2015/04/02 03:08:17.906 CALL GetFutureRight(F0200009232129)
[368] 2015/04/02 03:08:23.156 CALL GetOpenInterest(F0200009232129)
[1208] 2015/04/02 03:08:31.515 CALL GetFutureRight(F0200009232116)
[1208] 2015/04/02 03:08:36.562 CALL GetOpenInterest(F0200009232116)
[368] 2015/04/02 03:08:38.203 CALL GetFutureRight(F0200009232129)
[368] 2015/04/02 03:08:43.265 CALL GetOpenInterest(F0200009232129)
[1208] 2015/04/02 03:08:46.515 CALL GetFutureRight(F0200009232116)
[1208] 2015/04/02 03:08:51.562 CALL GetOpenInterest(F0200009232116)
[368] 2015/04/02 03:08:53.203 CALL GetFutureRight(F0200009232129)
[368] 2015/04/02 03:08:58.265 CALL GetOpenInterest(F0200009232129)
[1208] 2015/04/02 03:09:01.515 CALL GetFutureRight(F0200009232116)
[1208] 2015/04/02 03:09:06.562 CALL GetOpenInterest(F0200009232116)
[368] 2015/04/02 03:09:08.203 CALL GetFutureRight(F0200009232129)
[368] 2015/04/02 03:09:13.265 CALL GetOpenInterest(F0200009232129)
[1208] 2015/04/02 03:09:16.562 CALL GetFutureRight(F0200009232116)
[1208] 2015/04/02 03:09:21.625 CALL GetOpenInterest(F0200009232116)
[368] 2015/04/02 03:09:23.203 CALL GetFutureRight(F0200009232129)
[368] 2015/04/02 03:09:28.265 CALL GetOpenInterest(F0200009232129)
[1208] 2015/04/02 03:09:31.562 CALL GetFutureRight(F0200009232116)
[1208] 2015/04/02 03:09:36.625 CALL GetOpenInterest(F0200009232116)
[368] 2015/04/02 03:09:38.203 CALL GetFutureRight(F0200009232129)
[368] 2015/04/02 03:09:43.250 CALL GetOpenInterest(F0200009232129)
[1208] 2015/04/02 03:09:46.562 CALL GetFutureRight(F0200009232116)
[1208] 2015/04/02 03:09:51.609 CALL GetOpenInterest(F0200009232116)
[368] 2015/04/02 03:09:53.203 CALL GetFutureRight(F0200009232129)
[368] 2015/04/02 03:09:58.250 CALL GetOpenInterest(F0200009232129)
[1208] 2015/04/02 03:10:01.562 CALL GetFutureRight(F0200009232116)
[1208] 2015/04/02 03:10:06.609 CALL GetOpenInterest(F0200009232116)
[368] 2015/04/02 03:10:08.203 CALL GetFutureRight(F0200009232129)
[5752] 2015/04/02 03:12:31.359 SKOrderLib ª©¥» 2.1.22
[5752] 2015/04/02 03:12:31.359 Login ID: S122811334
[5752] 2015/04/02 03:12:32.312 CALL RegisterOnAccountCallBack()
[5752] 2015/04/02 03:12:32.312 CALL RegisterOnOrderAsyncReportCallBack()
[5752] 2015/04/02 03:12:32.312 CALL RegisterOnAccountWithLoginIDCallBack()
[5752] 2015/04/02 03:12:32.312 CALL RegisterOnRealBalanceReportCallBack()
[5752] 2015/04/02 03:12:32.312 CALL RegisterOnOpenInterestCallBack()
[5752] 2015/04/02 03:12:32.312 CALL RegisterOnStopLossReportCallBack()
[5752] 2015/04/02 03:12:32.312 CALL RegisterOnOverseaFuturesCallBack()
[5752] 2015/04/02 03:12:32.312 CALL RegisterOnOverseaFutureOpenInterestCallBack()
[5752] 2015/04/02 03:12:32.312 CALL RegisterOnOverseaOptionsCallBack()
[5752] 2015/04/02 03:12:32.312 CALL RegisterOnFutureRightCallBack()
[5752] 2015/04/02 03:12:32.312 CALL RegisterOnCertCanceled()
[5752] 2015/04/02 03:12:32.312 CALL RegisterOnExecutionReportCallBack()
[5752] 2015/04/02 03:12:32.312 CALL GetUserAccount()
[5752] 2015/04/02 03:12:32.312 TS,9186,9186,0213851,S122811334,½²¦¼´Ü,0,0
[5752] 2015/04/02 03:12:32.312 OS,9188,9188,0011491,S122811334,½²¦¼´Ü,0,0
[5752] 2015/04/02 03:12:32.312 TS,9188,9188,0259512,S122811334,½²¦¼´Ü,0,0
[5752] 2015/04/02 03:12:32.312 TF,F020000,000,9232116,S122811334,½²¦¼´Ü,0,0
[5752] 2015/04/02 03:12:32.328 OF,F020000,000,9232116,S122811334,½²¦¼´Ü,0,0
[5752] 2015/04/02 03:12:32.328 TF,F020000,000,9232129,S122811334,½²¦¼´Ü,0,0
[5752] 2015/04/02 03:12:32.328 OF,F020000,000,9232129,S122811334,½²¦¼´Ü,0,0
[5752] 2015/04/02 03:12:32.328 CALL SKOrderLib_ReadCertByID(S122811334)
[5752] 2015/04/02 03:12:32.500 CALL GetFutureRight(F0200009232116)
[5752] 2015/04/02 03:12:37.640 CALL GetOpenInterest(F0200009232116)
[4860] 2015/04/02 03:12:37.953 SKOrderLib ª©¥» 2.1.22
[4860] 2015/04/02 03:12:37.953 Login ID: S122811334
[4860] 2015/04/02 03:12:38.906 CALL RegisterOnAccountCallBack()
[4860] 2015/04/02 03:12:38.906 CALL RegisterOnOrderAsyncReportCallBack()
[4860] 2015/04/02 03:12:38.906 CALL RegisterOnAccountWithLoginIDCallBack()
[4860] 2015/04/02 03:12:38.906 CALL RegisterOnRealBalanceReportCallBack()
[4860] 2015/04/02 03:12:38.906 CALL RegisterOnOpenInterestCallBack()
[4860] 2015/04/02 03:12:38.906 CALL RegisterOnStopLossReportCallBack()
[4860] 2015/04/02 03:12:38.906 CALL RegisterOnOverseaFuturesCallBack()
[4860] 2015/04/02 03:12:38.906 CALL RegisterOnOverseaFutureOpenInterestCallBack()
[4860] 2015/04/02 03:12:38.906 CALL RegisterOnOverseaOptionsCallBack()
[4860] 2015/04/02 03:12:38.906 CALL RegisterOnFutureRightCallBack()
[4860] 2015/04/02 03:12:38.906 CALL RegisterOnCertCanceled()
[4860] 2015/04/02 03:12:38.906 CALL RegisterOnExecutionReportCallBack()
[4860] 2015/04/02 03:12:38.906 CALL GetUserAccount()
[4860] 2015/04/02 03:12:38.906 TS,9186,9186,0213851,S122811334,½²¦¼´Ü,0,0
[4860] 2015/04/02 03:12:38.906 OS,9188,9188,0011491,S122811334,½²¦¼´Ü,0,0
[4860] 2015/04/02 03:12:38.906 TS,9188,9188,0259512,S122811334,½²¦¼´Ü,0,0
[4860] 2015/04/02 03:12:38.906 TF,F020000,000,9232116,S122811334,½²¦¼´Ü,0,0
[4860] 2015/04/02 03:12:38.921 OF,F020000,000,9232116,S122811334,½²¦¼´Ü,0,0
[4860] 2015/04/02 03:12:38.921 TF,F020000,000,9232129,S122811334,½²¦¼´Ü,0,0
[4860] 2015/04/02 03:12:38.921 OF,F020000,000,9232129,S122811334,½²¦¼´Ü,0,0
[4860] 2015/04/02 03:12:38.921 CALL SKOrderLib_ReadCertByID(S122811334)
[4860] 2015/04/02 03:12:39.093 CALL GetFutureRight(F0200009232129)
[4860] 2015/04/02 03:12:44.250 CALL GetOpenInterest(F0200009232129)
[5752] 2015/04/02 03:12:52.703 CALL GetFutureRight(F0200009232116)
[5752] 2015/04/02 03:12:57.765 CALL GetOpenInterest(F0200009232116)
[4860] 2015/04/02 03:12:59.312 CALL GetFutureRight(F0200009232129)
[4860] 2015/04/02 03:13:04.359 CALL GetOpenInterest(F0200009232129)
[5752] 2015/04/02 03:13:07.703 CALL GetFutureRight(F0200009232116)
[5752] 2015/04/02 03:13:12.765 CALL GetOpenInterest(F0200009232116)
[4860] 2015/04/02 03:13:14.312 CALL GetFutureRight(F0200009232129)
[4860] 2015/04/02 03:13:19.421 CALL GetOpenInterest(F0200009232129)
[5752] 2015/04/02 03:13:22.703 CALL GetFutureRight(F0200009232116)
[5752] 2015/04/02 03:13:27.765 CALL GetOpenInterest(F0200009232116)
[4860] 2015/04/02 03:13:29.312 CALL GetFutureRight(F0200009232129)
[4860] 2015/04/02 03:13:34.390 CALL GetOpenInterest(F0200009232129)
[5752] 2015/04/02 03:13:37.703 CALL GetFutureRight(F0200009232116)
[5752] 2015/04/02 03:13:42.781 CALL GetOpenInterest(F0200009232116)
[4860] 2015/04/02 03:13:44.312 CALL GetFutureRight(F0200009232129)
[4860] 2015/04/02 03:13:49.406 CALL GetOpenInterest(F0200009232129)
[5752] 2015/04/02 03:13:52.703 CALL GetFutureRight(F0200009232116)
[5752] 2015/04/02 03:13:57.765 CALL GetOpenInterest(F0200009232116)
[4860] 2015/04/02 03:13:59.312 CALL GetFutureRight(F0200009232129)
[4860] 2015/04/02 03:14:04.375 CALL GetOpenInterest(F0200009232129)
[5752] 2015/04/02 03:14:07.703 CALL GetFutureRight(F0200009232116)
[5752] 2015/04/02 03:14:12.765 CALL GetOpenInterest(F0200009232116)
[4860] 2015/04/02 03:14:14.312 CALL GetFutureRight(F0200009232129)
[4860] 2015/04/02 03:14:19.375 CALL GetOpenInterest(F0200009232129)
[5752] 2015/04/02 03:14:22.703 CALL GetFutureRight(F0200009232116)
[5752] 2015/04/02 03:14:27.781 CALL GetOpenInterest(F0200009232116)
[4860] 2015/04/02 03:14:29.312 CALL GetFutureRight(F0200009232129)
[4860] 2015/04/02 03:14:34.390 CALL GetOpenInterest(F0200009232129)
[5752] 2015/04/02 03:14:37.703 CALL GetFutureRight(F0200009232116)
[5752] 2015/04/02 03:14:42.796 CALL GetOpenInterest(F0200009232116)
[4860] 2015/04/02 03:14:44.312 CALL GetFutureRight(F0200009232129)
[4860] 2015/04/02 03:14:49.375 CALL GetOpenInterest(F0200009232129)
[5752] 2015/04/02 03:14:52.703 CALL GetFutureRight(F0200009232116)
[5052] 2015/04/02 03:18:09.156 SKOrderLib ª©¥» 2.1.22
[5052] 2015/04/02 03:18:09.156 Login ID: S122811334
[5052] 2015/04/02 03:18:10.000 CALL RegisterOnAccountCallBack()
[5052] 2015/04/02 03:18:10.000 CALL RegisterOnOrderAsyncReportCallBack()
[5052] 2015/04/02 03:18:10.000 CALL RegisterOnAccountWithLoginIDCallBack()
[5052] 2015/04/02 03:18:10.000 CALL RegisterOnRealBalanceReportCallBack()
[5052] 2015/04/02 03:18:10.000 CALL RegisterOnOpenInterestCallBack()
[5052] 2015/04/02 03:18:10.015 CALL RegisterOnStopLossReportCallBack()
[5052] 2015/04/02 03:18:10.015 CALL RegisterOnOverseaFuturesCallBack()
[5052] 2015/04/02 03:18:10.015 CALL RegisterOnOverseaFutureOpenInterestCallBack()
[5052] 2015/04/02 03:18:10.015 CALL RegisterOnOverseaOptionsCallBack()
[5052] 2015/04/02 03:18:10.015 CALL RegisterOnFutureRightCallBack()
[5052] 2015/04/02 03:18:10.015 CALL RegisterOnCertCanceled()
[5052] 2015/04/02 03:18:10.015 CALL RegisterOnExecutionReportCallBack()
[5052] 2015/04/02 03:18:10.015 CALL GetUserAccount()
[5052] 2015/04/02 03:18:10.015 TS,9186,9186,0213851,S122811334,½²¦¼´Ü,0,0
[5052] 2015/04/02 03:18:10.015 OS,9188,9188,0011491,S122811334,½²¦¼´Ü,0,0
[5052] 2015/04/02 03:18:10.015 TS,9188,9188,0259512,S122811334,½²¦¼´Ü,0,0
[5052] 2015/04/02 03:18:10.015 TF,F020000,000,9232116,S122811334,½²¦¼´Ü,0,0
[5052] 2015/04/02 03:18:10.015 OF,F020000,000,9232116,S122811334,½²¦¼´Ü,0,0
[5052] 2015/04/02 03:18:10.015 TF,F020000,000,9232129,S122811334,½²¦¼´Ü,0,0
[5052] 2015/04/02 03:18:10.031 OF,F020000,000,9232129,S122811334,½²¦¼´Ü,0,0
[5052] 2015/04/02 03:18:10.031 CALL SKOrderLib_ReadCertByID(S122811334)
[5052] 2015/04/02 03:18:10.218 CALL GetFutureRight(F0200009232116)
[5052] 2015/04/02 03:18:15.359 CALL GetOpenInterest(F0200009232116)
[2220] 2015/04/02 03:18:15.703 SKOrderLib ª©¥» 2.1.22
[2220] 2015/04/02 03:18:15.718 Login ID: S122811334
[2220] 2015/04/02 03:18:16.734 CALL RegisterOnAccountCallBack()
[2220] 2015/04/02 03:18:16.734 CALL RegisterOnOrderAsyncReportCallBack()
[2220] 2015/04/02 03:18:16.734 CALL RegisterOnAccountWithLoginIDCallBack()
[2220] 2015/04/02 03:18:16.734 CALL RegisterOnRealBalanceReportCallBack()
[2220] 2015/04/02 03:18:16.750 CALL RegisterOnOpenInterestCallBack()
[2220] 2015/04/02 03:18:16.750 CALL RegisterOnStopLossReportCallBack()
[2220] 2015/04/02 03:18:16.750 CALL RegisterOnOverseaFuturesCallBack()
[2220] 2015/04/02 03:18:16.750 CALL RegisterOnOverseaFutureOpenInterestCallBack()
[2220] 2015/04/02 03:18:16.750 CALL RegisterOnOverseaOptionsCallBack()
[2220] 2015/04/02 03:18:16.750 CALL RegisterOnFutureRightCallBack()
[2220] 2015/04/02 03:18:16.750 CALL RegisterOnCertCanceled()
[2220] 2015/04/02 03:18:16.750 CALL RegisterOnExecutionReportCallBack()
[2220] 2015/04/02 03:18:16.750 CALL GetUserAccount()
[2220] 2015/04/02 03:18:16.750 TS,9186,9186,0213851,S122811334,½²¦¼´Ü,0,0
[2220] 2015/04/02 03:18:16.750 OS,9188,9188,0011491,S122811334,½²¦¼´Ü,0,0
[2220] 2015/04/02 03:18:16.750 TS,9188,9188,0259512,S122811334,½²¦¼´Ü,0,0
[2220] 2015/04/02 03:18:16.750 TF,F020000,000,9232116,S122811334,½²¦¼´Ü,0,0
[2220] 2015/04/02 03:18:16.750 OF,F020000,000,9232116,S122811334,½²¦¼´Ü,0,0
[2220] 2015/04/02 03:18:16.750 TF,F020000,000,9232129,S122811334,½²¦¼´Ü,0,0
[2220] 2015/04/02 03:18:16.765 OF,F020000,000,9232129,S122811334,½²¦¼´Ü,0,0
[2220] 2015/04/02 03:18:16.765 CALL SKOrderLib_ReadCertByID(S122811334)
[2220] 2015/04/02 03:18:17.031 CALL GetFutureRight(F0200009232129)
[2220] 2015/04/02 03:18:22.281 CALL GetOpenInterest(F0200009232129)
[5052] 2015/04/02 03:18:30.406 CALL GetFutureRight(F0200009232116)
[5052] 2015/04/02 03:18:35.468 CALL GetOpenInterest(F0200009232116)
[2220] 2015/04/02 03:18:37.328 CALL GetFutureRight(F0200009232129)
[2220] 2015/04/02 03:18:42.390 CALL GetOpenInterest(F0200009232129)
[5052] 2015/04/02 03:18:45.406 CALL GetFutureRight(F0200009232116)
[5052] 2015/04/02 03:18:50.468 CALL GetOpenInterest(F0200009232116)
[2220] 2015/04/02 03:18:52.328 CALL GetFutureRight(F0200009232129)
[2220] 2015/04/02 03:18:57.390 CALL GetOpenInterest(F0200009232129)
[5052] 2015/04/02 03:19:00.406 CALL GetFutureRight(F0200009232116)
[5052] 2015/04/02 03:19:05.468 CALL GetOpenInterest(F0200009232116)
[2220] 2015/04/02 03:19:07.328 CALL GetFutureRight(F0200009232129)
[2220] 2015/04/02 03:19:12.390 CALL GetOpenInterest(F0200009232129)
[5052] 2015/04/02 03:19:15.406 CALL GetFutureRight(F0200009232116)
[5052] 2015/04/02 03:19:20.500 CALL GetOpenInterest(F0200009232116)
[2220] 2015/04/02 03:19:22.328 CALL GetFutureRight(F0200009232129)
[2220] 2015/04/02 03:19:27.421 CALL GetOpenInterest(F0200009232129)
[5052] 2015/04/02 03:19:30.406 CALL GetFutureRight(F0200009232116)
[5052] 2015/04/02 03:19:35.468 CALL GetOpenInterest(F0200009232116)
[2220] 2015/04/02 03:19:37.328 CALL GetFutureRight(F0200009232129)
[2220] 2015/04/02 03:19:42.406 CALL GetOpenInterest(F0200009232129)
[5052] 2015/04/02 03:19:45.406 CALL GetFutureRight(F0200009232116)
[5052] 2015/04/02 03:19:50.500 CALL GetOpenInterest(F0200009232116)
[2220] 2015/04/02 03:19:52.328 CALL GetFutureRight(F0200009232129)
[2220] 2015/04/02 03:19:57.375 CALL GetOpenInterest(F0200009232129)
[5052] 2015/04/02 03:20:00.406 CALL GetFutureRight(F0200009232116)
[5052] 2015/04/02 03:20:05.453 CALL GetOpenInterest(F0200009232116)
[2220] 2015/04/02 03:20:07.328 CALL GetFutureRight(F0200009232129)
[3304] 2015/04/02 03:23:28.531 SKOrderLib ª©¥» 2.1.22
[3304] 2015/04/02 03:23:28.531 Login ID: S122811334
[3304] 2015/04/02 03:23:29.484 CALL RegisterOnAccountCallBack()
[3304] 2015/04/02 03:23:29.484 CALL RegisterOnOrderAsyncReportCallBack()
[3304] 2015/04/02 03:23:29.484 CALL RegisterOnAccountWithLoginIDCallBack()
[3304] 2015/04/02 03:23:29.484 CALL RegisterOnRealBalanceReportCallBack()
[3304] 2015/04/02 03:23:29.484 CALL RegisterOnOpenInterestCallBack()
[3304] 2015/04/02 03:23:29.484 CALL RegisterOnStopLossReportCallBack()
[3304] 2015/04/02 03:23:29.484 CALL RegisterOnOverseaFuturesCallBack()
[3304] 2015/04/02 03:23:29.484 CALL RegisterOnOverseaFutureOpenInterestCallBack()
[3304] 2015/04/02 03:23:29.484 CALL RegisterOnOverseaOptionsCallBack()
[3304] 2015/04/02 03:23:29.484 CALL RegisterOnFutureRightCallBack()
[3304] 2015/04/02 03:23:29.484 CALL RegisterOnCertCanceled()
[3304] 2015/04/02 03:23:29.484 CALL RegisterOnExecutionReportCallBack()
[3304] 2015/04/02 03:23:29.484 CALL GetUserAccount()
[3304] 2015/04/02 03:23:29.484 TS,9186,9186,0213851,S122811334,½²¦¼´Ü,0,0
[3304] 2015/04/02 03:23:29.484 OS,9188,9188,0011491,S122811334,½²¦¼´Ü,0,0
[3304] 2015/04/02 03:23:29.484 TS,9188,9188,0259512,S122811334,½²¦¼´Ü,0,0
[3304] 2015/04/02 03:23:29.484 TF,F020000,000,9232116,S122811334,½²¦¼´Ü,0,0
[3304] 2015/04/02 03:23:29.500 OF,F020000,000,9232116,S122811334,½²¦¼´Ü,0,0
[3304] 2015/04/02 03:23:29.500 TF,F020000,000,9232129,S122811334,½²¦¼´Ü,0,0
[3304] 2015/04/02 03:23:29.500 OF,F020000,000,9232129,S122811334,½²¦¼´Ü,0,0
[3304] 2015/04/02 03:23:29.500 CALL SKOrderLib_ReadCertByID(S122811334)
[3304] 2015/04/02 03:23:29.671 CALL GetFutureRight(F0200009232116)
[3304] 2015/04/02 03:23:34.828 CALL GetOpenInterest(F0200009232116)
[4440] 2015/04/02 03:23:35.218 SKOrderLib ª©¥» 2.1.22
[4440] 2015/04/02 03:23:35.218 Login ID: S122811334
[4440] 2015/04/02 03:23:36.203 CALL RegisterOnAccountCallBack()
[4440] 2015/04/02 03:23:36.203 CALL RegisterOnOrderAsyncReportCallBack()
[4440] 2015/04/02 03:23:36.203 CALL RegisterOnAccountWithLoginIDCallBack()
[4440] 2015/04/02 03:23:36.203 CALL RegisterOnRealBalanceReportCallBack()
[4440] 2015/04/02 03:23:36.203 CALL RegisterOnOpenInterestCallBack()
[4440] 2015/04/02 03:23:36.203 CALL RegisterOnStopLossReportCallBack()
[4440] 2015/04/02 03:23:36.203 CALL RegisterOnOverseaFuturesCallBack()
[4440] 2015/04/02 03:23:36.203 CALL RegisterOnOverseaFutureOpenInterestCallBack()
[4440] 2015/04/02 03:23:36.203 CALL RegisterOnOverseaOptionsCallBack()
[4440] 2015/04/02 03:23:36.203 CALL RegisterOnFutureRightCallBack()
[4440] 2015/04/02 03:23:36.203 CALL RegisterOnCertCanceled()
[4440] 2015/04/02 03:23:36.203 CALL RegisterOnExecutionReportCallBack()
[4440] 2015/04/02 03:23:36.203 CALL GetUserAccount()
[4440] 2015/04/02 03:23:36.203 TS,9186,9186,0213851,S122811334,½²¦¼´Ü,0,0
[4440] 2015/04/02 03:23:36.218 OS,9188,9188,0011491,S122811334,½²¦¼´Ü,0,0
[4440] 2015/04/02 03:23:36.218 TS,9188,9188,0259512,S122811334,½²¦¼´Ü,0,0
[4440] 2015/04/02 03:23:36.218 TF,F020000,000,9232116,S122811334,½²¦¼´Ü,0,0
[4440] 2015/04/02 03:23:36.218 OF,F020000,000,9232116,S122811334,½²¦¼´Ü,0,0
[4440] 2015/04/02 03:23:36.218 TF,F020000,000,9232129,S122811334,½²¦¼´Ü,0,0
[4440] 2015/04/02 03:23:36.234 OF,F020000,000,9232129,S122811334,½²¦¼´Ü,0,0
[4440] 2015/04/02 03:23:36.250 CALL SKOrderLib_ReadCertByID(S122811334)
[4440] 2015/04/02 03:23:36.421 CALL GetFutureRight(F0200009232129)
[4440] 2015/04/02 03:23:41.687 CALL GetOpenInterest(F0200009232129)
[3304] 2015/04/02 03:23:49.875 CALL GetFutureRight(F0200009232116)
[3304] 2015/04/02 03:23:54.968 CALL GetOpenInterest(F0200009232116)
[4440] 2015/04/02 03:23:56.750 CALL GetFutureRight(F0200009232129)
[4440] 2015/04/02 03:24:01.828 CALL GetOpenInterest(F0200009232129)
[3304] 2015/04/02 03:24:04.875 CALL GetFutureRight(F0200009232116)
[3304] 2015/04/02 03:24:10.531 CALL GetOpenInterest(F0200009232116)
[4440] 2015/04/02 03:24:11.750 CALL GetFutureRight(F0200009232129)
[4440] 2015/04/02 03:24:16.796 CALL GetOpenInterest(F0200009232129)
[3304] 2015/04/02 03:24:19.875 CALL GetFutureRight(F0200009232116)
[3304] 2015/04/02 03:24:24.921 CALL GetOpenInterest(F0200009232116)
[4440] 2015/04/02 03:24:26.750 CALL GetFutureRight(F0200009232129)
[4440] 2015/04/02 03:24:31.796 CALL GetOpenInterest(F0200009232129)
[3304] 2015/04/02 03:24:34.875 CALL GetFutureRight(F0200009232116)
[3304] 2015/04/02 03:24:39.937 CALL GetOpenInterest(F0200009232116)
[4440] 2015/04/02 03:24:41.750 CALL GetFutureRight(F0200009232129)
[4440] 2015/04/02 03:24:46.812 CALL GetOpenInterest(F0200009232129)
[3304] 2015/04/02 03:24:49.875 CALL GetFutureRight(F0200009232116)
[3304] 2015/04/02 03:24:54.937 CALL GetOpenInterest(F0200009232116)
[4440] 2015/04/02 03:24:56.750 CALL GetFutureRight(F0200009232129)
[4440] 2015/04/02 03:25:01.796 CALL GetOpenInterest(F0200009232129)
[3304] 2015/04/02 03:25:04.875 CALL GetFutureRight(F0200009232116)
[2088] 2015/04/02 19:14:47.828 SKOrderLib ª©¥» 2.1.22
[2088] 2015/04/02 19:14:47.828 Login ID: S122811334
[2088] 2015/04/02 19:14:48.781 CALL RegisterOnAccountCallBack()
[2088] 2015/04/02 19:14:48.781 CALL RegisterOnOrderAsyncReportCallBack()
[2088] 2015/04/02 19:14:48.781 CALL RegisterOnAccountWithLoginIDCallBack()
[2088] 2015/04/02 19:14:48.781 CALL RegisterOnRealBalanceReportCallBack()
[2088] 2015/04/02 19:14:48.781 CALL RegisterOnOpenInterestCallBack()
[2088] 2015/04/02 19:14:48.781 CALL RegisterOnStopLossReportCallBack()
[2088] 2015/04/02 19:14:48.781 CALL RegisterOnOverseaFuturesCallBack()
[2088] 2015/04/02 19:14:48.781 CALL RegisterOnOverseaFutureOpenInterestCallBack()
[2088] 2015/04/02 19:14:48.781 CALL RegisterOnOverseaOptionsCallBack()
[2088] 2015/04/02 19:14:48.781 CALL RegisterOnFutureRightCallBack()
[2088] 2015/04/02 19:14:48.781 CALL RegisterOnCertCanceled()
[2088] 2015/04/02 19:14:48.781 CALL RegisterOnExecutionReportCallBack()
[2088] 2015/04/02 19:14:48.781 CALL GetUserAccount()
[2088] 2015/04/02 19:14:48.781 TS,9186,9186,0213851,S122811334,½²¦¼´Ü,0,0
[2088] 2015/04/02 19:14:48.781 OS,9188,9188,0011491,S122811334,½²¦¼´Ü,0,0
[2088] 2015/04/02 19:14:48.796 TS,9188,9188,0259512,S122811334,½²¦¼´Ü,0,0
[2088] 2015/04/02 19:14:48.796 TF,F020000,000,9232116,S122811334,½²¦¼´Ü,0,0
[2088] 2015/04/02 19:14:48.796 OF,F020000,000,9232116,S122811334,½²¦¼´Ü,0,0
[2088] 2015/04/02 19:14:48.796 TF,F020000,000,9232129,S122811334,½²¦¼´Ü,0,0
[2088] 2015/04/02 19:14:48.796 OF,F020000,000,9232129,S122811334,½²¦¼´Ü,0,0
[2088] 2015/04/02 19:14:48.796 CALL SKOrderLib_ReadCertByID(S122811334)
[2088] 2015/04/02 19:14:49.093 CALL GetFutureRight(F0200009232116)
[2088] 2015/04/02 19:14:54.343 CALL GetOpenInterest(F0200009232116)
[2396] 2015/04/02 19:14:54.703 SKOrderLib ª©¥» 2.1.22
[2396] 2015/04/02 19:14:54.703 Login ID: S122811334
[2396] 2015/04/02 19:14:55.609 CALL RegisterOnAccountCallBack()
[2396] 2015/04/02 19:14:55.609 CALL RegisterOnOrderAsyncReportCallBack()
[2396] 2015/04/02 19:14:55.609 CALL RegisterOnAccountWithLoginIDCallBack()
[2396] 2015/04/02 19:14:55.609 CALL RegisterOnRealBalanceReportCallBack()
[2396] 2015/04/02 19:14:55.609 CALL RegisterOnOpenInterestCallBack()
[2396] 2015/04/02 19:14:55.609 CALL RegisterOnStopLossReportCallBack()
[2396] 2015/04/02 19:14:55.609 CALL RegisterOnOverseaFuturesCallBack()
[2396] 2015/04/02 19:14:55.609 CALL RegisterOnOverseaFutureOpenInterestCallBack()
[2396] 2015/04/02 19:14:55.609 CALL RegisterOnOverseaOptionsCallBack()
[2396] 2015/04/02 19:14:55.609 CALL RegisterOnFutureRightCallBack()
[2396] 2015/04/02 19:14:55.609 CALL RegisterOnCertCanceled()
[2396] 2015/04/02 19:14:55.625 CALL RegisterOnExecutionReportCallBack()
[2396] 2015/04/02 19:14:55.625 CALL GetUserAccount()
[2396] 2015/04/02 19:14:55.625 TS,9186,9186,0213851,S122811334,½²¦¼´Ü,0,0
[2396] 2015/04/02 19:14:55.625 OS,9188,9188,0011491,S122811334,½²¦¼´Ü,0,0
[2396] 2015/04/02 19:14:55.625 TS,9188,9188,0259512,S122811334,½²¦¼´Ü,0,0
[2396] 2015/04/02 19:14:55.625 TF,F020000,000,9232116,S122811334,½²¦¼´Ü,0,0
[2396] 2015/04/02 19:14:55.625 OF,F020000,000,9232116,S122811334,½²¦¼´Ü,0,0
[2396] 2015/04/02 19:14:55.625 TF,F020000,000,9232129,S122811334,½²¦¼´Ü,0,0
[2396] 2015/04/02 19:14:55.625 OF,F020000,000,9232129,S122811334,½²¦¼´Ü,0,0
[2396] 2015/04/02 19:14:55.625 CALL SKOrderLib_ReadCertByID(S122811334)
[2396] 2015/04/02 19:14:55.796 CALL GetFutureRight(F0200009232129)
[2396] 2015/04/02 19:15:00.937 CALL GetOpenInterest(F0200009232129)
[2088] 2015/04/02 19:15:09.453 CALL GetFutureRight(F0200009232116)
[2088] 2015/04/02 19:15:14.500 CALL GetOpenInterest(F0200009232116)
[2396] 2015/04/02 19:15:16.031 CALL GetFutureRight(F0200009232129)
[2396] 2015/04/02 19:15:21.093 CALL GetOpenInterest(F0200009232129)
[2088] 2015/04/02 19:15:24.453 CALL GetFutureRight(F0200009232116)
[2088] 2015/04/02 19:15:29.546 CALL GetOpenInterest(F0200009232116)
[2396] 2015/04/02 19:15:31.031 CALL GetFutureRight(F0200009232129)
[2396] 2015/04/02 19:15:36.078 CALL GetOpenInterest(F0200009232129)
[2088] 2015/04/02 19:15:39.453 CALL GetFutureRight(F0200009232116)
[2088] 2015/04/02 19:15:44.500 CALL GetOpenInterest(F0200009232116)
[2396] 2015/04/02 19:15:46.031 CALL GetFutureRight(F0200009232129)
[2396] 2015/04/02 19:15:51.109 CALL GetOpenInterest(F0200009232129)
[2088] 2015/04/02 19:15:54.453 CALL GetFutureRight(F0200009232116)
[2088] 2015/04/02 19:15:59.500 CALL GetOpenInterest(F0200009232116)
[2396] 2015/04/02 19:16:01.031 CALL GetFutureRight(F0200009232129)
[2396] 2015/04/02 19:16:06.078 CALL GetOpenInterest(F0200009232129)
[2088] 2015/04/02 19:16:09.453 CALL GetFutureRight(F0200009232116)
[2088] 2015/04/02 19:16:14.515 CALL GetOpenInterest(F0200009232116)
[2396] 2015/04/02 19:16:16.031 CALL GetFutureRight(F0200009232129)
[2396] 2015/04/02 19:16:21.125 CALL GetOpenInterest(F0200009232129)
[2088] 2015/04/02 19:16:24.453 CALL GetFutureRight(F0200009232116)
[2088] 2015/04/02 19:16:29.515 CALL GetOpenInterest(F0200009232116)
[2396] 2015/04/02 19:16:31.031 CALL GetFutureRight(F0200009232129)
[2396] 2015/04/02 19:16:36.078 CALL GetOpenInterest(F0200009232129)
[2088] 2015/04/02 19:16:39.453 CALL GetFutureRight(F0200009232116)
[2088] 2015/04/02 19:16:44.515 CALL GetOpenInterest(F0200009232116)
[2396] 2015/04/02 19:16:46.031 CALL GetFutureRight(F0200009232129)
[2396] 2015/04/02 19:16:51.078 CALL GetOpenInterest(F0200009232129)
[2088] 2015/04/02 19:16:54.453 CALL GetFutureRight(F0200009232116)
[2088] 2015/04/02 19:16:59.531 CALL GetOpenInterest(F0200009232116)
[2396] 2015/04/02 19:17:01.031 CALL GetFutureRight(F0200009232129)
[2396] 2015/04/02 19:17:06.078 CALL GetOpenInterest(F0200009232129)
[2088] 2015/04/02 19:17:09.453 CALL GetFutureRight(F0200009232116)
[2088] 2015/04/02 19:17:14.515 CALL GetOpenInterest(F0200009232116)
[2396] 2015/04/02 19:17:16.031 CALL GetFutureRight(F0200009232129)
[2396] 2015/04/02 19:17:21.109 CALL GetOpenInterest(F0200009232129)
[2088] 2015/04/02 19:17:24.453 CALL GetFutureRight(F0200009232116)
[2648] 2015/04/02 19:20:23.906 SKOrderLib ª©¥» 2.1.22
[2648] 2015/04/02 19:20:23.906 Login ID: S122811334
[2648] 2015/04/02 19:20:25.109 CALL RegisterOnAccountCallBack()
[2648] 2015/04/02 19:20:25.109 CALL RegisterOnOrderAsyncReportCallBack()
[2648] 2015/04/02 19:20:25.109 CALL RegisterOnAccountWithLoginIDCallBack()
[2648] 2015/04/02 19:20:25.109 CALL RegisterOnRealBalanceReportCallBack()
[2648] 2015/04/02 19:20:25.109 CALL RegisterOnOpenInterestCallBack()
[2648] 2015/04/02 19:20:25.109 CALL RegisterOnStopLossReportCallBack()
[2648] 2015/04/02 19:20:25.109 CALL RegisterOnOverseaFuturesCallBack()
[2648] 2015/04/02 19:20:25.109 CALL RegisterOnOverseaFutureOpenInterestCallBack()
[2648] 2015/04/02 19:20:25.109 CALL RegisterOnOverseaOptionsCallBack()
[2648] 2015/04/02 19:20:25.109 CALL RegisterOnFutureRightCallBack()
[2648] 2015/04/02 19:20:25.109 CALL RegisterOnCertCanceled()
[2648] 2015/04/02 19:20:25.109 CALL RegisterOnExecutionReportCallBack()
[2648] 2015/04/02 19:20:25.109 CALL GetUserAccount()
[2648] 2015/04/02 19:20:25.109 TS,9186,9186,0213851,S122811334,½²¦¼´Ü,0,0
[2648] 2015/04/02 19:20:25.109 OS,9188,9188,0011491,S122811334,½²¦¼´Ü,0,0
[2648] 2015/04/02 19:20:25.109 TS,9188,9188,0259512,S122811334,½²¦¼´Ü,0,0
[2648] 2015/04/02 19:20:25.109 TF,F020000,000,9232116,S122811334,½²¦¼´Ü,0,0
[2648] 2015/04/02 19:20:25.109 OF,F020000,000,9232116,S122811334,½²¦¼´Ü,0,0
[2648] 2015/04/02 19:20:25.125 TF,F020000,000,9232129,S122811334,½²¦¼´Ü,0,0
[2648] 2015/04/02 19:20:25.125 OF,F020000,000,9232129,S122811334,½²¦¼´Ü,0,0
[2648] 2015/04/02 19:20:25.125 CALL SKOrderLib_ReadCertByID(S122811334)
[2648] 2015/04/02 19:20:25.296 CALL GetFutureRight(F0200009232116)
[2648] 2015/04/02 19:20:30.546 CALL GetOpenInterest(F0200009232116)
[3048] 2015/04/02 19:20:30.843 SKOrderLib ª©¥» 2.1.22
[3048] 2015/04/02 19:20:30.843 Login ID: S122811334
[3048] 2015/04/02 19:20:31.718 CALL RegisterOnAccountCallBack()
[3048] 2015/04/02 19:20:31.718 CALL RegisterOnOrderAsyncReportCallBack()
[3048] 2015/04/02 19:20:31.718 CALL RegisterOnAccountWithLoginIDCallBack()
[3048] 2015/04/02 19:20:31.718 CALL RegisterOnRealBalanceReportCallBack()
[3048] 2015/04/02 19:20:31.718 CALL RegisterOnOpenInterestCallBack()
[3048] 2015/04/02 19:20:31.718 CALL RegisterOnStopLossReportCallBack()
[3048] 2015/04/02 19:20:31.718 CALL RegisterOnOverseaFuturesCallBack()
[3048] 2015/04/02 19:20:31.718 CALL RegisterOnOverseaFutureOpenInterestCallBack()
[3048] 2015/04/02 19:20:31.718 CALL RegisterOnOverseaOptionsCallBack()
[3048] 2015/04/02 19:20:31.718 CALL RegisterOnFutureRightCallBack()
[3048] 2015/04/02 19:20:31.718 CALL RegisterOnCertCanceled()
[3048] 2015/04/02 19:20:31.718 CALL RegisterOnExecutionReportCallBack()
[3048] 2015/04/02 19:20:31.718 CALL GetUserAccount()
[3048] 2015/04/02 19:20:31.718 TS,9186,9186,0213851,S122811334,½²¦¼´Ü,0,0
[3048] 2015/04/02 19:20:31.734 OS,9188,9188,0011491,S122811334,½²¦¼´Ü,0,0
[3048] 2015/04/02 19:20:31.734 TS,9188,9188,0259512,S122811334,½²¦¼´Ü,0,0
[3048] 2015/04/02 19:20:31.734 TF,F020000,000,9232116,S122811334,½²¦¼´Ü,0,0
[3048] 2015/04/02 19:20:31.734 OF,F020000,000,9232116,S122811334,½²¦¼´Ü,0,0
[3048] 2015/04/02 19:20:31.734 TF,F020000,000,9232129,S122811334,½²¦¼´Ü,0,0
[3048] 2015/04/02 19:20:31.734 OF,F020000,000,9232129,S122811334,½²¦¼´Ü,0,0
[3048] 2015/04/02 19:20:31.734 CALL SKOrderLib_ReadCertByID(S122811334)
[3048] 2015/04/02 19:20:31.906 CALL GetFutureRight(F0200009232129)
[3048] 2015/04/02 19:20:37.062 CALL GetOpenInterest(F0200009232129)
[2648] 2015/04/02 19:20:45.593 CALL GetFutureRight(F0200009232116)
[2648] 2015/04/02 19:20:50.718 CALL GetOpenInterest(F0200009232116)
[3048] 2015/04/02 19:20:52.125 CALL GetFutureRight(F0200009232129)
[3048] 2015/04/02 19:20:57.187 CALL GetOpenInterest(F0200009232129)
[2648] 2015/04/02 19:21:00.593 CALL GetFutureRight(F0200009232116)
[2648] 2015/04/02 19:21:05.656 CALL GetOpenInterest(F0200009232116)
[3048] 2015/04/02 19:21:07.125 CALL GetFutureRight(F0200009232129)
[3048] 2015/04/02 19:21:12.187 CALL GetOpenInterest(F0200009232129)
[2648] 2015/04/02 19:21:15.593 CALL GetFutureRight(F0200009232116)
[2648] 2015/04/02 19:21:20.703 CALL GetOpenInterest(F0200009232116)
[3048] 2015/04/02 19:21:22.125 CALL GetFutureRight(F0200009232129)
[3048] 2015/04/02 19:21:27.203 CALL GetOpenInterest(F0200009232129)
[2648] 2015/04/02 19:21:30.593 CALL GetFutureRight(F0200009232116)
[2648] 2015/04/02 19:21:35.656 CALL GetOpenInterest(F0200009232116)
[3048] 2015/04/02 19:21:37.125 CALL GetFutureRight(F0200009232129)
[3048] 2015/04/02 19:21:42.187 CALL GetOpenInterest(F0200009232129)
[2648] 2015/04/02 19:21:45.593 CALL GetFutureRight(F0200009232116)
[2648] 2015/04/02 19:21:50.703 CALL GetOpenInterest(F0200009232116)
[3048] 2015/04/02 19:21:52.125 CALL GetFutureRight(F0200009232129)
[3048] 2015/04/02 19:21:57.187 CALL GetOpenInterest(F0200009232129)
[2648] 2015/04/02 19:22:00.593 CALL GetFutureRight(F0200009232116)
[2648] 2015/04/02 19:22:05.656 CALL GetOpenInterest(F0200009232116)
[3048] 2015/04/02 19:22:07.125 CALL GetFutureRight(F0200009232129)
[3048] 2015/04/02 19:22:12.171 CALL GetOpenInterest(F0200009232129)
[2648] 2015/04/02 19:22:15.593 CALL GetFutureRight(F0200009232116)
[2648] 2015/04/02 19:22:20.656 CALL GetOpenInterest(F0200009232116)
[3048] 2015/04/02 19:22:22.125 CALL GetFutureRight(F0200009232129)
[3048] 2015/04/02 19:22:27.187 CALL GetOpenInterest(F0200009232129)
[2648] 2015/04/02 19:22:30.593 CALL GetFutureRight(F0200009232116)
[2648] 2015/04/02 19:22:35.656 CALL GetOpenInterest(F0200009232116)
[3048] 2015/04/02 19:22:37.125 CALL GetFutureRight(F0200009232129)
[3048] 2015/04/02 19:22:42.171 CALL GetOpenInterest(F0200009232129)
[2648] 2015/04/02 19:22:45.593 CALL GetFutureRight(F0200009232116)
[2648] 2015/04/02 19:22:50.687 CALL GetOpenInterest(F0200009232116)
[3048] 2015/04/02 19:22:52.125 CALL GetFutureRight(F0200009232129)
[2520] 2015/04/02 19:25:52.062 SKOrderLib ª©¥» 2.1.22
[2520] 2015/04/02 19:25:52.062 Login ID: S122811334
[2520] 2015/04/02 19:25:52.953 CALL RegisterOnAccountCallBack()
[2520] 2015/04/02 19:25:52.953 CALL RegisterOnOrderAsyncReportCallBack()
[2520] 2015/04/02 19:25:52.953 CALL RegisterOnAccountWithLoginIDCallBack()
[2520] 2015/04/02 19:25:52.953 CALL RegisterOnRealBalanceReportCallBack()
[2520] 2015/04/02 19:25:52.953 CALL RegisterOnOpenInterestCallBack()
[2520] 2015/04/02 19:25:52.953 CALL RegisterOnStopLossReportCallBack()
[2520] 2015/04/02 19:25:52.953 CALL RegisterOnOverseaFuturesCallBack()
[2520] 2015/04/02 19:25:52.953 CALL RegisterOnOverseaFutureOpenInterestCallBack()
[2520] 2015/04/02 19:25:52.953 CALL RegisterOnOverseaOptionsCallBack()
[2520] 2015/04/02 19:25:52.953 CALL RegisterOnFutureRightCallBack()
[2520] 2015/04/02 19:25:52.953 CALL RegisterOnCertCanceled()
[2520] 2015/04/02 19:25:52.953 CALL RegisterOnExecutionReportCallBack()
[2520] 2015/04/02 19:25:52.953 CALL GetUserAccount()
[2520] 2015/04/02 19:25:52.953 TS,9186,9186,0213851,S122811334,½²¦¼´Ü,0,0
[2520] 2015/04/02 19:25:52.953 OS,9188,9188,0011491,S122811334,½²¦¼´Ü,0,0
[2520] 2015/04/02 19:25:52.968 TS,9188,9188,0259512,S122811334,½²¦¼´Ü,0,0
[2520] 2015/04/02 19:25:52.968 TF,F020000,000,9232116,S122811334,½²¦¼´Ü,0,0
[2520] 2015/04/02 19:25:52.968 OF,F020000,000,9232116,S122811334,½²¦¼´Ü,0,0
[2520] 2015/04/02 19:25:52.968 TF,F020000,000,9232129,S122811334,½²¦¼´Ü,0,0
[2520] 2015/04/02 19:25:52.968 OF,F020000,000,9232129,S122811334,½²¦¼´Ü,0,0
[2520] 2015/04/02 19:25:52.968 CALL SKOrderLib_ReadCertByID(S122811334)
[2520] 2015/04/02 19:25:53.234 CALL GetFutureRight(F0200009232116)
[2520] 2015/04/02 19:25:58.500 CALL GetOpenInterest(F0200009232116)
[428] 2015/04/02 19:25:58.875 SKOrderLib ª©¥» 2.1.22
[428] 2015/04/02 19:25:58.875 Login ID: S122811334
[428] 2015/04/02 19:25:59.734 CALL RegisterOnAccountCallBack()
[428] 2015/04/02 19:25:59.734 CALL RegisterOnOrderAsyncReportCallBack()
[428] 2015/04/02 19:25:59.734 CALL RegisterOnAccountWithLoginIDCallBack()
[428] 2015/04/02 19:25:59.734 CALL RegisterOnRealBalanceReportCallBack()
[428] 2015/04/02 19:25:59.734 CALL RegisterOnOpenInterestCallBack()
[428] 2015/04/02 19:25:59.734 CALL RegisterOnStopLossReportCallBack()
[428] 2015/04/02 19:25:59.734 CALL RegisterOnOverseaFuturesCallBack()
[428] 2015/04/02 19:25:59.734 CALL RegisterOnOverseaFutureOpenInterestCallBack()
[428] 2015/04/02 19:25:59.734 CALL RegisterOnOverseaOptionsCallBack()
[428] 2015/04/02 19:25:59.734 CALL RegisterOnFutureRightCallBack()
[428] 2015/04/02 19:25:59.750 CALL RegisterOnCertCanceled()
[428] 2015/04/02 19:25:59.750 CALL RegisterOnExecutionReportCallBack()
[428] 2015/04/02 19:25:59.750 CALL GetUserAccount()
[428] 2015/04/02 19:25:59.750 TS,9186,9186,0213851,S122811334,½²¦¼´Ü,0,0
[428] 2015/04/02 19:25:59.750 OS,9188,9188,0011491,S122811334,½²¦¼´Ü,0,0
[428] 2015/04/02 19:25:59.750 TS,9188,9188,0259512,S122811334,½²¦¼´Ü,0,0
[428] 2015/04/02 19:25:59.750 TF,F020000,000,9232116,S122811334,½²¦¼´Ü,0,0
[428] 2015/04/02 19:25:59.750 OF,F020000,000,9232116,S122811334,½²¦¼´Ü,0,0
[428] 2015/04/02 19:25:59.750 TF,F020000,000,9232129,S122811334,½²¦¼´Ü,0,0
[428] 2015/04/02 19:25:59.765 OF,F020000,000,9232129,S122811334,½²¦¼´Ü,0,0
[428] 2015/04/02 19:25:59.765 CALL SKOrderLib_ReadCertByID(S122811334)
[428] 2015/04/02 19:25:59.953 CALL GetFutureRight(F0200009232129)
[428] 2015/04/02 19:26:05.109 CALL GetOpenInterest(F0200009232129)
[2520] 2015/04/02 19:26:13.546 CALL GetFutureRight(F0200009232116)
[2520] 2015/04/02 19:26:18.609 CALL GetOpenInterest(F0200009232116)
[428] 2015/04/02 19:26:20.156 CALL GetFutureRight(F0200009232129)
[428] 2015/04/02 19:26:25.203 CALL GetOpenInterest(F0200009232129)
[2520] 2015/04/02 19:26:28.546 CALL GetFutureRight(F0200009232116)
[2520] 2015/04/02 19:26:33.656 CALL GetOpenInterest(F0200009232116)
[428] 2015/04/02 19:26:35.156 CALL GetFutureRight(F0200009232129)
[428] 2015/04/02 19:26:40.218 CALL GetOpenInterest(F0200009232129)
[2520] 2015/04/02 19:26:43.546 CALL GetFutureRight(F0200009232116)
[2520] 2015/04/02 19:26:48.593 CALL GetOpenInterest(F0200009232116)
[428] 2015/04/02 19:26:50.156 CALL GetFutureRight(F0200009232129)
[428] 2015/04/02 19:26:55.218 CALL GetOpenInterest(F0200009232129)
[2520] 2015/04/02 19:26:58.546 CALL GetFutureRight(F0200009232116)
[2520] 2015/04/02 19:27:03.609 CALL GetOpenInterest(F0200009232116)
[428] 2015/04/02 19:27:05.156 CALL GetFutureRight(F0200009232129)
[428] 2015/04/02 19:27:10.265 CALL GetOpenInterest(F0200009232129)
[2520] 2015/04/02 19:27:13.546 CALL GetFutureRight(F0200009232116)
[2520] 2015/04/02 19:27:18.609 CALL GetOpenInterest(F0200009232116)
[428] 2015/04/02 19:27:20.156 CALL GetFutureRight(F0200009232129)
[428] 2015/04/02 19:27:25.203 CALL GetOpenInterest(F0200009232129)
[2520] 2015/04/02 19:27:28.546 CALL GetFutureRight(F0200009232116)
[2520] 2015/04/02 19:27:33.593 CALL GetOpenInterest(F0200009232116)
[428] 2015/04/02 19:27:35.156 CALL GetFutureRight(F0200009232129)
[428] 2015/04/02 19:27:40.203 CALL GetOpenInterest(F0200009232129)
[2520] 2015/04/02 19:27:43.546 CALL GetFutureRight(F0200009232116)
[2520] 2015/04/02 19:27:48.593 CALL GetOpenInterest(F0200009232116)
[428] 2015/04/02 19:27:50.156 CALL GetFutureRight(F0200009232129)
[428] 2015/04/02 19:27:55.203 CALL GetOpenInterest(F0200009232129)
[2520] 2015/04/02 19:27:58.546 CALL GetFutureRight(F0200009232116)
[2520] 2015/04/02 19:28:03.593 CALL GetOpenInterest(F0200009232116)
[428] 2015/04/02 19:28:05.156 CALL GetFutureRight(F0200009232129)
[428] 2015/04/02 19:28:10.203 CALL GetOpenInterest(F0200009232129)
[2520] 2015/04/02 19:28:13.546 CALL GetFutureRight(F0200009232116)
[2520] 2015/04/02 19:28:18.593 CALL GetOpenInterest(F0200009232116)
[428] 2015/04/02 19:28:20.156 CALL GetFutureRight(F0200009232129)
[428] 2015/04/02 19:28:25.203 CALL GetOpenInterest(F0200009232129)
[2520] 2015/04/02 19:28:28.546 CALL GetFutureRight(F0200009232116)
[2520] 2015/04/02 19:28:33.593 CALL GetOpenInterest(F0200009232116)
[428] 2015/04/02 19:28:35.156 CALL GetFutureRight(F0200009232129)
[428] 2015/04/02 19:28:40.218 CALL GetOpenInterest(F0200009232129)
[2520] 2015/04/02 19:28:43.546 CALL GetFutureRight(F0200009232116)
[2520] 2015/04/02 19:28:48.593 CALL GetOpenInterest(F0200009232116)
[428] 2015/04/02 19:28:50.156 CALL GetFutureRight(F0200009232129)
[428] 2015/04/02 19:28:55.312 CALL GetOpenInterest(F0200009232129)
[2520] 2015/04/02 19:28:58.546 CALL GetFutureRight(F0200009232116)
[2520] 2015/04/02 19:29:03.593 CALL GetOpenInterest(F0200009232116)
[428] 2015/04/02 19:29:05.156 CALL GetFutureRight(F0200009232129)
[428] 2015/04/02 19:29:10.203 CALL GetOpenInterest(F0200009232129)
[2520] 2015/04/02 19:29:13.546 CALL GetFutureRight(F0200009232116)
[2520] 2015/04/02 19:29:18.593 CALL GetOpenInterest(F0200009232116)
[428] 2015/04/02 19:29:20.156 CALL GetFutureRight(F0200009232129)
[428] 2015/04/02 19:29:25.218 CALL GetOpenInterest(F0200009232129)
[2520] 2015/04/02 19:29:28.546 CALL GetFutureRight(F0200009232116)
[3268] 2015/04/02 19:35:34.640 SKOrderLib ª©¥» 2.1.22
[3268] 2015/04/02 19:35:34.640 Login ID: S122811334
[3268] 2015/04/02 19:35:35.531 CALL RegisterOnAccountCallBack()
[3268] 2015/04/02 19:35:35.546 CALL RegisterOnOrderAsyncReportCallBack()
[3268] 2015/04/02 19:35:35.546 CALL RegisterOnAccountWithLoginIDCallBack()
[3268] 2015/04/02 19:35:35.546 CALL RegisterOnRealBalanceReportCallBack()
[3268] 2015/04/02 19:35:35.546 CALL RegisterOnOpenInterestCallBack()
[3268] 2015/04/02 19:35:35.546 CALL RegisterOnStopLossReportCallBack()
[3268] 2015/04/02 19:35:35.546 CALL RegisterOnOverseaFuturesCallBack()
[3268] 2015/04/02 19:35:35.546 CALL RegisterOnOverseaFutureOpenInterestCallBack()
[3268] 2015/04/02 19:35:35.546 CALL RegisterOnOverseaOptionsCallBack()
[3268] 2015/04/02 19:35:35.546 CALL RegisterOnFutureRightCallBack()
[3268] 2015/04/02 19:35:35.546 CALL RegisterOnCertCanceled()
[3268] 2015/04/02 19:35:35.546 CALL RegisterOnExecutionReportCallBack()
[3268] 2015/04/02 19:35:35.546 CALL GetUserAccount()
[3268] 2015/04/02 19:35:35.546 TS,9186,9186,0213851,S122811334,½²¦¼´Ü,0,0
[3268] 2015/04/02 19:35:35.546 OS,9188,9188,0011491,S122811334,½²¦¼´Ü,0,0
[3268] 2015/04/02 19:35:35.546 TS,9188,9188,0259512,S122811334,½²¦¼´Ü,0,0
[3268] 2015/04/02 19:35:35.546 TF,F020000,000,9232116,S122811334,½²¦¼´Ü,0,0
[3268] 2015/04/02 19:35:35.546 OF,F020000,000,9232116,S122811334,½²¦¼´Ü,0,0
[3268] 2015/04/02 19:35:35.546 TF,F020000,000,9232129,S122811334,½²¦¼´Ü,0,0
[3268] 2015/04/02 19:35:35.562 OF,F020000,000,9232129,S122811334,½²¦¼´Ü,0,0
[3268] 2015/04/02 19:35:35.562 CALL SKOrderLib_ReadCertByID(S122811334)
[3268] 2015/04/02 19:35:35.750 CALL GetFutureRight(F0200009232116)
[3268] 2015/04/02 19:35:40.890 CALL GetOpenInterest(F0200009232116)
[2736] 2015/04/02 19:35:41.171 SKOrderLib ª©¥» 2.1.22
[2736] 2015/04/02 19:35:41.171 Login ID: S122811334
[2736] 2015/04/02 19:35:43.062 CALL RegisterOnAccountCallBack()
[2736] 2015/04/02 19:35:43.062 CALL RegisterOnOrderAsyncReportCallBack()
[2736] 2015/04/02 19:35:43.062 CALL RegisterOnAccountWithLoginIDCallBack()
[2736] 2015/04/02 19:35:43.062 CALL RegisterOnRealBalanceReportCallBack()
[2736] 2015/04/02 19:35:43.062 CALL RegisterOnOpenInterestCallBack()
[2736] 2015/04/02 19:35:43.062 CALL RegisterOnStopLossReportCallBack()
[2736] 2015/04/02 19:35:43.062 CALL RegisterOnOverseaFuturesCallBack()
[2736] 2015/04/02 19:35:43.062 CALL RegisterOnOverseaFutureOpenInterestCallBack()
[2736] 2015/04/02 19:35:43.062 CALL RegisterOnOverseaOptionsCallBack()
[2736] 2015/04/02 19:35:43.062 CALL RegisterOnFutureRightCallBack()
[2736] 2015/04/02 19:35:43.062 CALL RegisterOnCertCanceled()
[2736] 2015/04/02 19:35:43.062 CALL RegisterOnExecutionReportCallBack()
[2736] 2015/04/02 19:35:43.062 CALL GetUserAccount()
[2736] 2015/04/02 19:35:43.062 TS,9186,9186,0213851,S122811334,½²¦¼´Ü,0,0
[2736] 2015/04/02 19:35:43.062 OS,9188,9188,0011491,S122811334,½²¦¼´Ü,0,0
[2736] 2015/04/02 19:35:43.062 TS,9188,9188,0259512,S122811334,½²¦¼´Ü,0,0
[2736] 2015/04/02 19:35:43.062 TF,F020000,000,9232116,S122811334,½²¦¼´Ü,0,0
[2736] 2015/04/02 19:35:43.062 OF,F020000,000,9232116,S122811334,½²¦¼´Ü,0,0
[2736] 2015/04/02 19:35:43.078 TF,F020000,000,9232129,S122811334,½²¦¼´Ü,0,0
[2736] 2015/04/02 19:35:43.078 OF,F020000,000,9232129,S122811334,½²¦¼´Ü,0,0
[2736] 2015/04/02 19:35:43.078 CALL SKOrderLib_ReadCertByID(S122811334)
[2736] 2015/04/02 19:35:43.250 CALL GetFutureRight(F0200009232129)
[2736] 2015/04/02 19:35:48.453 CALL GetOpenInterest(F0200009232129)
[3268] 2015/04/02 19:35:55.937 CALL GetFutureRight(F0200009232116)
[3268] 2015/04/02 19:36:00.984 CALL GetOpenInterest(F0200009232116)
[2736] 2015/04/02 19:36:03.500 CALL GetFutureRight(F0200009232129)
[2736] 2015/04/02 19:36:08.562 CALL GetOpenInterest(F0200009232129)
[3268] 2015/04/02 19:36:10.937 CALL GetFutureRight(F0200009232116)
[3268] 2015/04/02 19:36:16.000 CALL GetOpenInterest(F0200009232116)
[2736] 2015/04/02 19:36:18.500 CALL GetFutureRight(F0200009232129)
[2736] 2015/04/02 19:36:23.546 CALL GetOpenInterest(F0200009232129)
[3268] 2015/04/02 19:36:25.937 CALL GetFutureRight(F0200009232116)
[3268] 2015/04/02 19:36:31.062 CALL GetOpenInterest(F0200009232116)
[2736] 2015/04/02 19:36:33.500 CALL GetFutureRight(F0200009232129)
[2736] 2015/04/02 19:36:38.625 CALL GetOpenInterest(F0200009232129)
[3268] 2015/04/02 19:36:40.937 CALL GetFutureRight(F0200009232116)
[3268] 2015/04/02 19:36:46.015 CALL GetOpenInterest(F0200009232116)
[2736] 2015/04/02 19:36:48.500 CALL GetFutureRight(F0200009232129)
[2736] 2015/04/02 19:36:53.562 CALL GetOpenInterest(F0200009232129)
[3268] 2015/04/02 19:36:55.937 CALL GetFutureRight(F0200009232116)
[3268] 2015/04/02 19:37:01.000 CALL GetOpenInterest(F0200009232116)
[2736] 2015/04/02 19:37:03.500 CALL GetFutureRight(F0200009232129)
[2736] 2015/04/02 19:37:08.593 CALL GetOpenInterest(F0200009232129)
[3268] 2015/04/02 19:37:10.937 CALL GetFutureRight(F0200009232116)
[3268] 2015/04/02 19:37:15.984 CALL GetOpenInterest(F0200009232116)
[2736] 2015/04/02 19:37:18.500 CALL GetFutureRight(F0200009232129)
[2736] 2015/04/02 19:37:23.546 CALL GetOpenInterest(F0200009232129)
[3268] 2015/04/02 19:37:25.937 CALL GetFutureRight(F0200009232116)
[536] 2015/04/02 19:39:25.234 SKOrderLib ª©¥» 2.1.22
[536] 2015/04/02 19:39:25.234 Login ID: S122811334
[536] 2015/04/02 19:39:26.171 CALL RegisterOnAccountCallBack()
[536] 2015/04/02 19:39:26.171 CALL RegisterOnOrderAsyncReportCallBack()
[536] 2015/04/02 19:39:26.171 CALL RegisterOnAccountWithLoginIDCallBack()
[536] 2015/04/02 19:39:26.171 CALL RegisterOnRealBalanceReportCallBack()
[536] 2015/04/02 19:39:26.171 CALL RegisterOnOpenInterestCallBack()
[536] 2015/04/02 19:39:26.171 CALL RegisterOnStopLossReportCallBack()
[536] 2015/04/02 19:39:26.171 CALL RegisterOnOverseaFuturesCallBack()
[536] 2015/04/02 19:39:26.171 CALL RegisterOnOverseaFutureOpenInterestCallBack()
[536] 2015/04/02 19:39:26.187 CALL RegisterOnOverseaOptionsCallBack()
[536] 2015/04/02 19:39:26.187 CALL RegisterOnFutureRightCallBack()
[536] 2015/04/02 19:39:26.187 CALL RegisterOnCertCanceled()
[536] 2015/04/02 19:39:26.187 CALL RegisterOnExecutionReportCallBack()
[536] 2015/04/02 19:39:26.187 CALL GetUserAccount()
[536] 2015/04/02 19:39:26.187 TS,9186,9186,0213851,S122811334,½²¦¼´Ü,0,0
[536] 2015/04/02 19:39:26.187 OS,9188,9188,0011491,S122811334,½²¦¼´Ü,0,0
[536] 2015/04/02 19:39:26.187 TS,9188,9188,0259512,S122811334,½²¦¼´Ü,0,0
[536] 2015/04/02 19:39:26.187 TF,F020000,000,9232116,S122811334,½²¦¼´Ü,0,0
[536] 2015/04/02 19:39:26.187 OF,F020000,000,9232116,S122811334,½²¦¼´Ü,0,0
[536] 2015/04/02 19:39:26.187 TF,F020000,000,9232129,S122811334,½²¦¼´Ü,0,0
[536] 2015/04/02 19:39:26.187 OF,F020000,000,9232129,S122811334,½²¦¼´Ü,0,0
[536] 2015/04/02 19:39:26.187 CALL SKOrderLib_ReadCertByID(S122811334)
[536] 2015/04/02 19:39:26.468 CALL GetFutureRight(F0200009232116)
[536] 2015/04/02 19:39:31.718 CALL GetOpenInterest(F0200009232116)
[2396] 2015/04/02 19:39:32.078 SKOrderLib ª©¥» 2.1.22
[2396] 2015/04/02 19:39:32.078 Login ID: S122811334
[2396] 2015/04/02 19:39:32.968 CALL RegisterOnAccountCallBack()
[2396] 2015/04/02 19:39:32.968 CALL RegisterOnOrderAsyncReportCallBack()
[2396] 2015/04/02 19:39:32.968 CALL RegisterOnAccountWithLoginIDCallBack()
[2396] 2015/04/02 19:39:32.984 CALL RegisterOnRealBalanceReportCallBack()
[2396] 2015/04/02 19:39:32.984 CALL RegisterOnOpenInterestCallBack()
[2396] 2015/04/02 19:39:32.984 CALL RegisterOnStopLossReportCallBack()
[2396] 2015/04/02 19:39:32.984 CALL RegisterOnOverseaFuturesCallBack()
[2396] 2015/04/02 19:39:32.984 CALL RegisterOnOverseaFutureOpenInterestCallBack()
[2396] 2015/04/02 19:39:32.984 CALL RegisterOnOverseaOptionsCallBack()
[2396] 2015/04/02 19:39:32.984 CALL RegisterOnFutureRightCallBack()
[2396] 2015/04/02 19:39:32.984 CALL RegisterOnCertCanceled()
[2396] 2015/04/02 19:39:32.984 CALL RegisterOnExecutionReportCallBack()
[2396] 2015/04/02 19:39:32.984 CALL GetUserAccount()
[2396] 2015/04/02 19:39:32.984 TS,9186,9186,0213851,S122811334,½²¦¼´Ü,0,0
[2396] 2015/04/02 19:39:32.984 OS,9188,9188,0011491,S122811334,½²¦¼´Ü,0,0
[2396] 2015/04/02 19:39:32.984 TS,9188,9188,0259512,S122811334,½²¦¼´Ü,0,0
[2396] 2015/04/02 19:39:32.984 TF,F020000,000,9232116,S122811334,½²¦¼´Ü,0,0
[2396] 2015/04/02 19:39:32.984 OF,F020000,000,9232116,S122811334,½²¦¼´Ü,0,0
[2396] 2015/04/02 19:39:32.984 TF,F020000,000,9232129,S122811334,½²¦¼´Ü,0,0
[2396] 2015/04/02 19:39:33.000 OF,F020000,000,9232129,S122811334,½²¦¼´Ü,0,0
[2396] 2015/04/02 19:39:33.000 CALL SKOrderLib_ReadCertByID(S122811334)
[2396] 2015/04/02 19:39:33.171 CALL GetFutureRight(F0200009232129)
[2396] 2015/04/02 19:39:38.421 CALL GetOpenInterest(F0200009232129)
[536] 2015/04/02 19:39:46.765 CALL GetFutureRight(F0200009232116)
[536] 2015/04/02 19:39:51.812 CALL GetOpenInterest(F0200009232116)
[2396] 2015/04/02 19:39:53.468 CALL GetFutureRight(F0200009232129)
[2396] 2015/04/02 19:39:58.515 CALL GetOpenInterest(F0200009232129)
[536] 2015/04/02 19:40:01.765 CALL GetFutureRight(F0200009232116)
[536] 2015/04/02 19:40:06.828 CALL GetOpenInterest(F0200009232116)
[2396] 2015/04/02 19:40:08.468 CALL GetFutureRight(F0200009232129)
[2396] 2015/04/02 19:40:13.546 CALL GetOpenInterest(F0200009232129)
[536] 2015/04/02 19:40:16.765 CALL GetFutureRight(F0200009232116)
[536] 2015/04/02 19:40:21.843 CALL GetOpenInterest(F0200009232116)
[2396] 2015/04/02 19:40:23.468 CALL GetFutureRight(F0200009232129)
[2396] 2015/04/02 19:40:28.515 CALL GetOpenInterest(F0200009232129)
[536] 2015/04/02 19:40:31.765 CALL GetFutureRight(F0200009232116)
[536] 2015/04/02 19:40:36.812 CALL GetOpenInterest(F0200009232116)
[2396] 2015/04/02 19:40:38.468 CALL GetFutureRight(F0200009232129)
[2396] 2015/04/02 19:40:43.531 CALL GetOpenInterest(F0200009232129)
[536] 2015/04/02 19:40:46.765 CALL GetFutureRight(F0200009232116)
[536] 2015/04/02 19:40:51.828 CALL GetOpenInterest(F0200009232116)
[2396] 2015/04/02 19:40:53.468 CALL GetFutureRight(F0200009232129)
[2396] 2015/04/02 19:40:58.515 CALL GetOpenInterest(F0200009232129)
[536] 2015/04/02 19:41:01.765 CALL GetFutureRight(F0200009232116)
[536] 2015/04/02 19:41:06.812 CALL GetOpenInterest(F0200009232116)
[2396] 2015/04/02 19:41:08.468 CALL GetFutureRight(F0200009232129)
[5884] 2015/04/02 19:44:01.812 SKOrderLib ª©¥» 2.1.22
[5884] 2015/04/02 19:44:01.812 Login ID: S122811334
[5884] 2015/04/02 19:44:02.781 CALL RegisterOnAccountCallBack()
[5884] 2015/04/02 19:44:02.781 CALL RegisterOnOrderAsyncReportCallBack()
[5884] 2015/04/02 19:44:02.781 CALL RegisterOnAccountWithLoginIDCallBack()
[5884] 2015/04/02 19:44:02.781 CALL RegisterOnRealBalanceReportCallBack()
[5884] 2015/04/02 19:44:02.781 CALL RegisterOnOpenInterestCallBack()
[5884] 2015/04/02 19:44:02.781 CALL RegisterOnStopLossReportCallBack()
[5884] 2015/04/02 19:44:02.781 CALL RegisterOnOverseaFuturesCallBack()
[5884] 2015/04/02 19:44:02.781 CALL RegisterOnOverseaFutureOpenInterestCallBack()
[5884] 2015/04/02 19:44:02.781 CALL RegisterOnOverseaOptionsCallBack()
[5884] 2015/04/02 19:44:02.781 CALL RegisterOnFutureRightCallBack()
[5884] 2015/04/02 19:44:02.781 CALL RegisterOnCertCanceled()
[5884] 2015/04/02 19:44:02.781 CALL RegisterOnExecutionReportCallBack()
[5884] 2015/04/02 19:44:02.781 CALL GetUserAccount()
[5884] 2015/04/02 19:44:02.781 TS,9186,9186,0213851,S122811334,½²¦¼´Ü,0,0
[5884] 2015/04/02 19:44:02.796 OS,9188,9188,0011491,S122811334,½²¦¼´Ü,0,0
[5884] 2015/04/02 19:44:02.796 TS,9188,9188,0259512,S122811334,½²¦¼´Ü,0,0
[5884] 2015/04/02 19:44:02.796 TF,F020000,000,9232116,S122811334,½²¦¼´Ü,0,0
[5884] 2015/04/02 19:44:02.796 OF,F020000,000,9232116,S122811334,½²¦¼´Ü,0,0
[5884] 2015/04/02 19:44:02.796 TF,F020000,000,9232129,S122811334,½²¦¼´Ü,0,0
[5884] 2015/04/02 19:44:02.796 OF,F020000,000,9232129,S122811334,½²¦¼´Ü,0,0
[5884] 2015/04/02 19:44:02.796 CALL SKOrderLib_ReadCertByID(S122811334)
[5884] 2015/04/02 19:44:03.125 CALL GetFutureRight(F0200009232116)
[5884] 2015/04/02 19:44:08.453 CALL GetOpenInterest(F0200009232116)
[5896] 2015/04/02 19:44:08.750 SKOrderLib ª©¥» 2.1.22
[5896] 2015/04/02 19:44:08.750 Login ID: S122811334
[5896] 2015/04/02 19:44:09.515 CALL RegisterOnAccountCallBack()
[5896] 2015/04/02 19:44:09.515 CALL RegisterOnOrderAsyncReportCallBack()
[5896] 2015/04/02 19:44:09.515 CALL RegisterOnAccountWithLoginIDCallBack()
[5896] 2015/04/02 19:44:09.515 CALL RegisterOnRealBalanceReportCallBack()
[5896] 2015/04/02 19:44:09.515 CALL RegisterOnOpenInterestCallBack()
[5896] 2015/04/02 19:44:09.515 CALL RegisterOnStopLossReportCallBack()
[5896] 2015/04/02 19:44:09.515 CALL RegisterOnOverseaFuturesCallBack()
[5896] 2015/04/02 19:44:09.515 CALL RegisterOnOverseaFutureOpenInterestCallBack()
[5896] 2015/04/02 19:44:09.515 CALL RegisterOnOverseaOptionsCallBack()
[5896] 2015/04/02 19:44:09.515 CALL RegisterOnFutureRightCallBack()
[5896] 2015/04/02 19:44:09.515 CALL RegisterOnCertCanceled()
[5896] 2015/04/02 19:44:09.531 CALL RegisterOnExecutionReportCallBack()
[5896] 2015/04/02 19:44:09.531 CALL GetUserAccount()
[5896] 2015/04/02 19:44:09.531 TS,9186,9186,0213851,S122811334,½²¦¼´Ü,0,0
[5896] 2015/04/02 19:44:09.531 OS,9188,9188,0011491,S122811334,½²¦¼´Ü,0,0
[5896] 2015/04/02 19:44:09.531 TS,9188,9188,0259512,S122811334,½²¦¼´Ü,0,0
[5896] 2015/04/02 19:44:09.531 TF,F020000,000,9232116,S122811334,½²¦¼´Ü,0,0
[5896] 2015/04/02 19:44:09.531 OF,F020000,000,9232116,S122811334,½²¦¼´Ü,0,0
[5896] 2015/04/02 19:44:09.531 TF,F020000,000,9232129,S122811334,½²¦¼´Ü,0,0
[5896] 2015/04/02 19:44:09.531 OF,F020000,000,9232129,S122811334,½²¦¼´Ü,0,0
[5896] 2015/04/02 19:44:09.531 CALL SKOrderLib_ReadCertByID(S122811334)
[5896] 2015/04/02 19:44:09.703 CALL GetFutureRight(F0200009232129)
[5896] 2015/04/02 19:44:14.859 CALL GetOpenInterest(F0200009232129)
[4760] 2015/04/02 19:45:16.875 SKOrderLib ª©¥» 2.1.22
[4760] 2015/04/02 19:45:16.875 Login ID: S122811334
[4760] 2015/04/02 19:45:17.640 CALL RegisterOnAccountCallBack()
[4760] 2015/04/02 19:45:17.640 CALL RegisterOnOrderAsyncReportCallBack()
[4760] 2015/04/02 19:45:17.640 CALL RegisterOnAccountWithLoginIDCallBack()
[4760] 2015/04/02 19:45:17.640 CALL RegisterOnRealBalanceReportCallBack()
[4760] 2015/04/02 19:45:17.640 CALL RegisterOnOpenInterestCallBack()
[4760] 2015/04/02 19:45:17.640 CALL RegisterOnStopLossReportCallBack()
[4760] 2015/04/02 19:45:17.640 CALL RegisterOnOverseaFuturesCallBack()
[4760] 2015/04/02 19:45:17.640 CALL RegisterOnOverseaFutureOpenInterestCallBack()
[4760] 2015/04/02 19:45:17.640 CALL RegisterOnOverseaOptionsCallBack()
[4760] 2015/04/02 19:45:17.640 CALL RegisterOnFutureRightCallBack()
[4760] 2015/04/02 19:45:17.640 CALL RegisterOnCertCanceled()
[4760] 2015/04/02 19:45:17.640 CALL RegisterOnExecutionReportCallBack()
[4760] 2015/04/02 19:45:17.640 CALL GetUserAccount()
[4760] 2015/04/02 19:45:17.640 TS,9186,9186,0213851,S122811334,½²¦¼´Ü,0,0
[4760] 2015/04/02 19:45:17.640 OS,9188,9188,0011491,S122811334,½²¦¼´Ü,0,0
[4760] 2015/04/02 19:45:17.640 TS,9188,9188,0259512,S122811334,½²¦¼´Ü,0,0
[4760] 2015/04/02 19:45:17.656 TF,F020000,000,9232116,S122811334,½²¦¼´Ü,0,0
[4760] 2015/04/02 19:45:17.656 OF,F020000,000,9232116,S122811334,½²¦¼´Ü,0,0
[4760] 2015/04/02 19:45:17.656 TF,F020000,000,9232129,S122811334,½²¦¼´Ü,0,0
[4760] 2015/04/02 19:45:17.656 OF,F020000,000,9232129,S122811334,½²¦¼´Ü,0,0
[4760] 2015/04/02 19:45:17.656 CALL SKOrderLib_ReadCertByID(S122811334)
[4760] 2015/04/02 19:45:17.828 CALL GetFutureRight(F0200009232116)
[4760] 2015/04/02 19:45:22.984 CALL GetOpenInterest(F0200009232116)
[4824] 2015/04/02 19:45:23.296 SKOrderLib ª©¥» 2.1.22
[4824] 2015/04/02 19:45:23.296 Login ID: S122811334
[4824] 2015/04/02 19:45:24.437 CALL RegisterOnAccountCallBack()
[4824] 2015/04/02 19:45:24.437 CALL RegisterOnOrderAsyncReportCallBack()
[4824] 2015/04/02 19:45:24.437 CALL RegisterOnAccountWithLoginIDCallBack()
[4824] 2015/04/02 19:45:24.437 CALL RegisterOnRealBalanceReportCallBack()
[4824] 2015/04/02 19:45:24.437 CALL RegisterOnOpenInterestCallBack()
[4824] 2015/04/02 19:45:24.437 CALL RegisterOnStopLossReportCallBack()
[4824] 2015/04/02 19:45:24.437 CALL RegisterOnOverseaFuturesCallBack()
[4824] 2015/04/02 19:45:24.437 CALL RegisterOnOverseaFutureOpenInterestCallBack()
[4824] 2015/04/02 19:45:24.437 CALL RegisterOnOverseaOptionsCallBack()
[4824] 2015/04/02 19:45:24.437 CALL RegisterOnFutureRightCallBack()
[4824] 2015/04/02 19:45:24.437 CALL RegisterOnCertCanceled()
[4824] 2015/04/02 19:45:24.437 CALL RegisterOnExecutionReportCallBack()
[4824] 2015/04/02 19:45:24.453 CALL GetUserAccount()
[4824] 2015/04/02 19:45:24.453 TS,9186,9186,0213851,S122811334,½²¦¼´Ü,0,0
[4824] 2015/04/02 19:45:24.453 OS,9188,9188,0011491,S122811334,½²¦¼´Ü,0,0
[4824] 2015/04/02 19:45:24.453 TS,9188,9188,0259512,S122811334,½²¦¼´Ü,0,0
[4824] 2015/04/02 19:45:24.453 TF,F020000,000,9232116,S122811334,½²¦¼´Ü,0,0
[4824] 2015/04/02 19:45:24.453 OF,F020000,000,9232116,S122811334,½²¦¼´Ü,0,0
[4824] 2015/04/02 19:45:24.453 TF,F020000,000,9232129,S122811334,½²¦¼´Ü,0,0
[4824] 2015/04/02 19:45:24.453 OF,F020000,000,9232129,S122811334,½²¦¼´Ü,0,0
[4824] 2015/04/02 19:45:24.453 CALL SKOrderLib_ReadCertByID(S122811334)
[4824] 2015/04/02 19:45:24.812 CALL GetFutureRight(F0200009232129)
[4824] 2015/04/02 19:45:30.046 CALL GetOpenInterest(F0200009232129)
[4760] 2015/04/02 19:45:38.031 CALL GetFutureRight(F0200009232116)
[4760] 2015/04/02 19:45:43.093 CALL GetOpenInterest(F0200009232116)
[4824] 2015/04/02 19:45:45.093 CALL GetFutureRight(F0200009232129)
[4824] 2015/04/02 19:45:50.140 CALL GetOpenInterest(F0200009232129)
[4760] 2015/04/02 19:45:53.031 CALL GetFutureRight(F0200009232116)
[4760] 2015/04/02 19:45:58.078 CALL GetOpenInterest(F0200009232116)
[4824] 2015/04/02 19:46:00.093 CALL GetFutureRight(F0200009232129)
[4824] 2015/04/02 19:46:05.140 CALL GetOpenInterest(F0200009232129)
[4760] 2015/04/02 19:46:08.031 CALL GetFutureRight(F0200009232116)
[4760] 2015/04/02 19:46:13.109 CALL GetOpenInterest(F0200009232116)
[4824] 2015/04/02 19:46:15.093 CALL GetFutureRight(F0200009232129)
[4824] 2015/04/02 19:46:20.171 CALL GetOpenInterest(F0200009232129)
[4760] 2015/04/02 19:46:23.031 CALL GetFutureRight(F0200009232116)
[4760] 2015/04/02 19:46:28.078 CALL GetOpenInterest(F0200009232116)
[4824] 2015/04/02 19:46:30.093 CALL GetFutureRight(F0200009232129)
[4824] 2015/04/02 19:46:35.140 CALL GetOpenInterest(F0200009232129)
[4760] 2015/04/02 19:46:38.031 CALL GetFutureRight(F0200009232116)
[4760] 2015/04/02 19:46:43.078 CALL GetOpenInterest(F0200009232116)
[4824] 2015/04/02 19:46:45.093 CALL GetFutureRight(F0200009232129)
[4824] 2015/04/02 19:46:50.187 CALL GetOpenInterest(F0200009232129)
[4760] 2015/04/02 19:46:53.031 CALL GetFutureRight(F0200009232116)
[4760] 2015/04/02 19:46:58.078 CALL GetOpenInterest(F0200009232116)
[4824] 2015/04/02 19:47:00.093 CALL GetFutureRight(F0200009232129)
[4824] 2015/04/02 19:47:05.140 CALL GetOpenInterest(F0200009232129)
[4760] 2015/04/02 19:47:08.031 CALL GetFutureRight(F0200009232116)
[4760] 2015/04/02 19:47:13.078 CALL GetOpenInterest(F0200009232116)
