[5816] 2015/04/01 02:51:58.171 SKOrderLib ª©¥» 2.1.22
[5816] 2015/04/01 02:51:58.171 Login ID: S122811334
[5816] 2015/04/01 02:51:59.296 CALL RegisterOnAccountCallBack()
[5816] 2015/04/01 02:51:59.296 CALL RegisterOnOrderAsyncReportCallBack()
[5816] 2015/04/01 02:51:59.296 CALL RegisterOnAccountWithLoginIDCallBack()
[5816] 2015/04/01 02:51:59.296 CALL RegisterOnRealBalanceReportCallBack()
[5816] 2015/04/01 02:51:59.296 CALL RegisterOnOpenInterestCallBack()
[5816] 2015/04/01 02:51:59.296 CALL RegisterOnStopLossReportCallBack()
[5816] 2015/04/01 02:51:59.296 CALL RegisterOnOverseaFuturesCallBack()
[5816] 2015/04/01 02:51:59.296 CALL RegisterOnOverseaFutureOpenInterestCallBack()
[5816] 2015/04/01 02:51:59.296 CALL RegisterOnOverseaOptionsCallBack()
[5816] 2015/04/01 02:51:59.296 CALL RegisterOnFutureRightCallBack()
[5816] 2015/04/01 02:51:59.296 CALL RegisterOnCertCanceled()
[5816] 2015/04/01 02:51:59.296 CALL RegisterOnExecutionReportCallBack()
[5816] 2015/04/01 02:51:59.296 CALL GetUserAccount()
[5816] 2015/04/01 02:51:59.296 TS,9186,9186,0213851,S122811334,½²¦¼´Ü,0,0
[5816] 2015/04/01 02:51:59.296 OS,9188,9188,0011491,S122811334,½²¦¼´Ü,0,0
[5816] 2015/04/01 02:51:59.296 TS,9188,9188,0259512,S122811334,½²¦¼´Ü,0,0
[5816] 2015/04/01 02:51:59.296 TF,F020000,000,9232116,S122811334,½²¦¼´Ü,0,0
[5816] 2015/04/01 02:51:59.312 OF,F020000,000,9232116,S122811334,½²¦¼´Ü,0,0
[5816] 2015/04/01 02:51:59.312 TF,F020000,000,9232129,S122811334,½²¦¼´Ü,0,0
[5816] 2015/04/01 02:51:59.312 OF,F020000,000,9232129,S122811334,½²¦¼´Ü,0,0
[5816] 2015/04/01 02:51:59.312 CALL SKOrderLib_ReadCertByID(S122811334)
[5816] 2015/04/01 02:51:59.718 CALL GetFutureRight(F0200009232116)
[5816] 2015/04/01 02:52:04.984 CALL GetOpenInterest(F0200009232116)
[2640] 2015/04/01 02:52:05.359 SKOrderLib ª©¥» 2.1.22
[2640] 2015/04/01 02:52:05.359 Login ID: S122811334
[2640] 2015/04/01 02:52:06.343 CALL RegisterOnAccountCallBack()
[2640] 2015/04/01 02:52:06.343 CALL RegisterOnOrderAsyncReportCallBack()
[2640] 2015/04/01 02:52:06.343 CALL RegisterOnAccountWithLoginIDCallBack()
[2640] 2015/04/01 02:52:06.343 CALL RegisterOnRealBalanceReportCallBack()
[2640] 2015/04/01 02:52:06.343 CALL RegisterOnOpenInterestCallBack()
[2640] 2015/04/01 02:52:06.343 CALL RegisterOnStopLossReportCallBack()
[2640] 2015/04/01 02:52:06.343 CALL RegisterOnOverseaFuturesCallBack()
[2640] 2015/04/01 02:52:06.343 CALL RegisterOnOverseaFutureOpenInterestCallBack()
[2640] 2015/04/01 02:52:06.343 CALL RegisterOnOverseaOptionsCallBack()
[2640] 2015/04/01 02:52:06.359 CALL RegisterOnFutureRightCallBack()
[2640] 2015/04/01 02:52:06.359 CALL RegisterOnCertCanceled()
[2640] 2015/04/01 02:52:06.359 CALL RegisterOnExecutionReportCallBack()
[2640] 2015/04/01 02:52:06.359 CALL GetUserAccount()
[2640] 2015/04/01 02:52:06.359 TS,9186,9186,0213851,S122811334,½²¦¼´Ü,0,0
[2640] 2015/04/01 02:52:06.359 OS,9188,9188,0011491,S122811334,½²¦¼´Ü,0,0
[2640] 2015/04/01 02:52:06.359 TS,9188,9188,0259512,S122811334,½²¦¼´Ü,0,0
[2640] 2015/04/01 02:52:06.359 TF,F020000,000,9232116,S122811334,½²¦¼´Ü,0,0
[2640] 2015/04/01 02:52:06.359 OF,F020000,000,9232116,S122811334,½²¦¼´Ü,0,0
[2640] 2015/04/01 02:52:06.359 TF,F020000,000,9232129,S122811334,½²¦¼´Ü,0,0
[2640] 2015/04/01 02:52:06.375 OF,F020000,000,9232129,S122811334,½²¦¼´Ü,0,0
[2640] 2015/04/01 02:52:06.375 CALL SKOrderLib_ReadCertByID(S122811334)
[2640] 2015/04/01 02:52:06.562 CALL GetFutureRight(F0200009232129)
[2640] 2015/04/01 02:52:11.718 CALL GetOpenInterest(F0200009232129)
[5816] 2015/04/01 02:52:20.046 CALL GetFutureRight(F0200009232116)
[5816] 2015/04/01 02:52:25.109 CALL GetOpenInterest(F0200009232116)
[2640] 2015/04/01 02:52:26.765 CALL GetFutureRight(F0200009232129)
[2640] 2015/04/01 02:52:31.828 CALL GetOpenInterest(F0200009232129)
[5816] 2015/04/01 02:52:35.046 CALL GetFutureRight(F0200009232116)
[5816] 2015/04/01 02:52:40.109 CALL GetOpenInterest(F0200009232116)
[2640] 2015/04/01 02:52:41.765 CALL GetFutureRight(F0200009232129)
[2640] 2015/04/01 02:52:46.828 CALL GetOpenInterest(F0200009232129)
[5816] 2015/04/01 02:52:50.046 CALL GetFutureRight(F0200009232116)
[5816] 2015/04/01 02:52:55.093 CALL GetOpenInterest(F0200009232116)
[2640] 2015/04/01 02:52:56.765 CALL GetFutureRight(F0200009232129)
[2640] 2015/04/01 02:53:01.859 CALL GetOpenInterest(F0200009232129)
[5816] 2015/04/01 02:53:05.046 CALL GetFutureRight(F0200009232116)
[5816] 2015/04/01 02:53:10.109 CALL GetOpenInterest(F0200009232116)
[2640] 2015/04/01 02:53:11.765 CALL GetFutureRight(F0200009232129)
[2640] 2015/04/01 02:53:16.812 CALL GetOpenInterest(F0200009232129)
[5816] 2015/04/01 02:53:20.046 CALL GetFutureRight(F0200009232116)
[5816] 2015/04/01 02:53:25.109 CALL GetOpenInterest(F0200009232116)
[2640] 2015/04/01 02:53:26.765 CALL GetFutureRight(F0200009232129)
[2640] 2015/04/01 02:53:31.812 CALL GetOpenInterest(F0200009232129)
[5816] 2015/04/01 02:53:35.046 CALL GetFutureRight(F0200009232116)
[5816] 2015/04/01 02:53:40.109 CALL GetOpenInterest(F0200009232116)
[2640] 2015/04/01 02:53:41.765 CALL GetFutureRight(F0200009232129)
[2640] 2015/04/01 02:53:46.828 CALL GetOpenInterest(F0200009232129)
[5816] 2015/04/01 02:53:50.046 CALL GetFutureRight(F0200009232116)
[5816] 2015/04/01 02:53:55.109 CALL GetOpenInterest(F0200009232116)
[2640] 2015/04/01 02:53:56.765 CALL GetFutureRight(F0200009232129)
[2640] 2015/04/01 02:54:01.843 CALL GetOpenInterest(F0200009232129)
[5816] 2015/04/01 02:54:05.046 CALL GetFutureRight(F0200009232116)
[5816] 2015/04/01 02:54:10.093 CALL GetOpenInterest(F0200009232116)
[2640] 2015/04/01 02:54:11.765 CALL GetFutureRight(F0200009232129)
[2640] 2015/04/01 02:54:16.843 CALL GetOpenInterest(F0200009232129)
[5816] 2015/04/01 02:54:20.046 CALL GetFutureRight(F0200009232116)
[5816] 2015/04/01 02:54:25.093 CALL GetOpenInterest(F0200009232116)
[2640] 2015/04/01 02:54:26.765 CALL GetFutureRight(F0200009232129)
[2640] 2015/04/01 02:54:31.812 CALL GetOpenInterest(F0200009232129)
[5816] 2015/04/01 02:54:35.046 CALL GetFutureRight(F0200009232116)
[5816] 2015/04/01 02:54:40.109 CALL GetOpenInterest(F0200009232116)
[2640] 2015/04/01 02:54:41.765 CALL GetFutureRight(F0200009232129)
[2640] 2015/04/01 02:54:46.828 CALL GetOpenInterest(F0200009232129)
[5816] 2015/04/01 02:54:50.046 CALL GetFutureRight(F0200009232116)
[5816] 2015/04/01 02:54:55.109 CALL GetOpenInterest(F0200009232116)
[2640] 2015/04/01 02:54:56.765 CALL GetFutureRight(F0200009232129)
[2640] 2015/04/01 02:55:01.828 CALL GetOpenInterest(F0200009232129)
[5816] 2015/04/01 02:55:05.046 CALL GetFutureRight(F0200009232116)
[5816] 2015/04/01 02:55:10.109 CALL GetOpenInterest(F0200009232116)
[2640] 2015/04/01 02:55:11.765 CALL GetFutureRight(F0200009232129)
[2640] 2015/04/01 02:55:16.828 CALL GetOpenInterest(F0200009232129)
[5816] 2015/04/01 02:55:20.046 CALL GetFutureRight(F0200009232116)
[5816] 2015/04/01 02:55:25.109 CALL GetOpenInterest(F0200009232116)
[2640] 2015/04/01 02:55:26.765 CALL GetFutureRight(F0200009232129)
[2640] 2015/04/01 02:55:31.843 CALL GetOpenInterest(F0200009232129)
[5816] 2015/04/01 02:55:35.046 CALL GetFutureRight(F0200009232116)
[5816] 2015/04/01 02:55:40.125 CALL GetOpenInterest(F0200009232116)
[2640] 2015/04/01 02:55:41.765 CALL GetFutureRight(F0200009232129)
[2640] 2015/04/01 02:55:46.828 CALL GetOpenInterest(F0200009232129)
[5816] 2015/04/01 02:55:50.046 CALL GetFutureRight(F0200009232116)
[5816] 2015/04/01 02:55:55.109 CALL GetOpenInterest(F0200009232116)
[2640] 2015/04/01 02:55:56.765 CALL GetFutureRight(F0200009232129)
[2640] 2015/04/01 02:56:01.828 CALL GetOpenInterest(F0200009232129)
[5816] 2015/04/01 02:56:05.046 CALL GetFutureRight(F0200009232116)
[5816] 2015/04/01 02:56:10.093 CALL GetOpenInterest(F0200009232116)
[2640] 2015/04/01 02:56:11.765 CALL GetFutureRight(F0200009232129)
[2640] 2015/04/01 02:56:16.875 CALL GetOpenInterest(F0200009232129)
[5816] 2015/04/01 02:56:20.046 CALL GetFutureRight(F0200009232116)
[5816] 2015/04/01 02:56:25.109 CALL GetOpenInterest(F0200009232116)
[2640] 2015/04/01 02:56:26.765 CALL GetFutureRight(F0200009232129)
[2640] 2015/04/01 02:56:31.812 CALL GetOpenInterest(F0200009232129)
[5816] 2015/04/01 02:56:35.046 CALL GetFutureRight(F0200009232116)
[584] 2015/04/01 03:17:22.609 SKOrderLib ª©¥» 2.1.22
[584] 2015/04/01 03:17:22.609 Login ID: S122811334
[584] 2015/04/01 03:17:23.671 CALL RegisterOnAccountCallBack()
[584] 2015/04/01 03:17:23.671 CALL RegisterOnOrderAsyncReportCallBack()
[584] 2015/04/01 03:17:23.671 CALL RegisterOnAccountWithLoginIDCallBack()
[584] 2015/04/01 03:17:23.671 CALL RegisterOnRealBalanceReportCallBack()
[584] 2015/04/01 03:17:23.671 CALL RegisterOnOpenInterestCallBack()
[584] 2015/04/01 03:17:23.671 CALL RegisterOnStopLossReportCallBack()
[584] 2015/04/01 03:17:23.671 CALL RegisterOnOverseaFuturesCallBack()
[584] 2015/04/01 03:17:23.671 CALL RegisterOnOverseaFutureOpenInterestCallBack()
[584] 2015/04/01 03:17:23.671 CALL RegisterOnOverseaOptionsCallBack()
[584] 2015/04/01 03:17:23.671 CALL RegisterOnFutureRightCallBack()
[584] 2015/04/01 03:17:23.671 CALL RegisterOnCertCanceled()
[584] 2015/04/01 03:17:23.671 CALL RegisterOnExecutionReportCallBack()
[584] 2015/04/01 03:17:23.671 CALL GetUserAccount()
[584] 2015/04/01 03:17:23.671 TS,9186,9186,0213851,S122811334,½²¦¼´Ü,0,0
[584] 2015/04/01 03:17:23.671 OS,9188,9188,0011491,S122811334,½²¦¼´Ü,0,0
[584] 2015/04/01 03:17:23.687 TS,9188,9188,0259512,S122811334,½²¦¼´Ü,0,0
[584] 2015/04/01 03:17:23.687 TF,F020000,000,9232116,S122811334,½²¦¼´Ü,0,0
[584] 2015/04/01 03:17:23.687 OF,F020000,000,9232116,S122811334,½²¦¼´Ü,0,0
[584] 2015/04/01 03:17:23.687 TF,F020000,000,9232129,S122811334,½²¦¼´Ü,0,0
[584] 2015/04/01 03:17:23.687 OF,F020000,000,9232129,S122811334,½²¦¼´Ü,0,0
[584] 2015/04/01 03:17:23.687 CALL SKOrderLib_ReadCertByID(S122811334)
[584] 2015/04/01 03:17:24.078 CALL GetFutureRight(F0200009232116)
[584] 2015/04/01 03:17:29.328 CALL GetOpenInterest(F0200009232116)
[2180] 2015/04/01 03:17:29.593 SKOrderLib ª©¥» 2.1.22
[2180] 2015/04/01 03:17:29.609 Login ID: S122811334
[2180] 2015/04/01 03:17:30.750 CALL RegisterOnAccountCallBack()
[2180] 2015/04/01 03:17:30.750 CALL RegisterOnOrderAsyncReportCallBack()
[2180] 2015/04/01 03:17:30.750 CALL RegisterOnAccountWithLoginIDCallBack()
[2180] 2015/04/01 03:17:30.750 CALL RegisterOnRealBalanceReportCallBack()
[2180] 2015/04/01 03:17:30.750 CALL RegisterOnOpenInterestCallBack()
[2180] 2015/04/01 03:17:30.750 CALL RegisterOnStopLossReportCallBack()
[2180] 2015/04/01 03:17:30.750 CALL RegisterOnOverseaFuturesCallBack()
[2180] 2015/04/01 03:17:30.750 CALL RegisterOnOverseaFutureOpenInterestCallBack()
[2180] 2015/04/01 03:17:30.750 CALL RegisterOnOverseaOptionsCallBack()
[2180] 2015/04/01 03:17:30.750 CALL RegisterOnFutureRightCallBack()
[2180] 2015/04/01 03:17:30.750 CALL RegisterOnCertCanceled()
[2180] 2015/04/01 03:17:30.750 CALL RegisterOnExecutionReportCallBack()
[2180] 2015/04/01 03:17:30.750 CALL GetUserAccount()
[2180] 2015/04/01 03:17:30.750 TS,9186,9186,0213851,S122811334,½²¦¼´Ü,0,0
[2180] 2015/04/01 03:17:30.750 OS,9188,9188,0011491,S122811334,½²¦¼´Ü,0,0
[2180] 2015/04/01 03:17:30.750 TS,9188,9188,0259512,S122811334,½²¦¼´Ü,0,0
[2180] 2015/04/01 03:17:30.750 TF,F020000,000,9232116,S122811334,½²¦¼´Ü,0,0
[2180] 2015/04/01 03:17:30.750 OF,F020000,000,9232116,S122811334,½²¦¼´Ü,0,0
[2180] 2015/04/01 03:17:30.765 TF,F020000,000,9232129,S122811334,½²¦¼´Ü,0,0
[2180] 2015/04/01 03:17:30.765 OF,F020000,000,9232129,S122811334,½²¦¼´Ü,0,0
[2180] 2015/04/01 03:17:30.765 CALL SKOrderLib_ReadCertByID(S122811334)
[2180] 2015/04/01 03:17:30.937 CALL GetFutureRight(F0200009232129)
[2180] 2015/04/01 03:17:36.078 CALL GetOpenInterest(F0200009232129)
[584] 2015/04/01 03:17:44.375 CALL GetFutureRight(F0200009232116)
[584] 2015/04/01 03:17:49.437 CALL GetOpenInterest(F0200009232116)
[2180] 2015/04/01 03:17:51.125 CALL GetFutureRight(F0200009232129)
[2180] 2015/04/01 03:17:56.203 CALL GetOpenInterest(F0200009232129)
[584] 2015/04/01 03:17:59.390 CALL GetFutureRight(F0200009232116)
[584] 2015/04/01 03:18:04.453 CALL GetOpenInterest(F0200009232116)
[2180] 2015/04/01 03:18:06.140 CALL GetFutureRight(F0200009232129)
[2180] 2015/04/01 03:18:11.187 CALL GetOpenInterest(F0200009232129)
[584] 2015/04/01 03:18:14.406 CALL GetFutureRight(F0200009232116)
[584] 2015/04/01 03:18:19.468 CALL GetOpenInterest(F0200009232116)
[2180] 2015/04/01 03:18:21.140 CALL GetFutureRight(F0200009232129)
[2180] 2015/04/01 03:18:26.203 CALL GetOpenInterest(F0200009232129)
[584] 2015/04/01 03:18:29.406 CALL GetFutureRight(F0200009232116)
[584] 2015/04/01 03:18:34.453 CALL GetOpenInterest(F0200009232116)
[2180] 2015/04/01 03:18:36.140 CALL GetFutureRight(F0200009232129)
[2180] 2015/04/01 03:18:41.203 CALL GetOpenInterest(F0200009232129)
[584] 2015/04/01 03:18:44.406 CALL GetFutureRight(F0200009232116)
[584] 2015/04/01 03:18:49.468 CALL GetOpenInterest(F0200009232116)
[2180] 2015/04/01 03:18:51.156 CALL GetFutureRight(F0200009232129)
[2180] 2015/04/01 03:18:56.203 CALL GetOpenInterest(F0200009232129)
[584] 2015/04/01 03:18:59.406 CALL GetFutureRight(F0200009232116)
[584] 2015/04/01 03:19:04.453 CALL GetOpenInterest(F0200009232116)
[2180] 2015/04/01 03:19:06.156 CALL GetFutureRight(F0200009232129)
[2180] 2015/04/01 03:19:11.203 CALL GetOpenInterest(F0200009232129)
[584] 2015/04/01 03:19:14.406 CALL GetFutureRight(F0200009232116)
[584] 2015/04/01 03:19:19.453 CALL GetOpenInterest(F0200009232116)
[2180] 2015/04/01 03:19:21.171 CALL GetFutureRight(F0200009232129)
[2180] 2015/04/01 03:19:26.218 CALL GetOpenInterest(F0200009232129)
[584] 2015/04/01 03:19:29.406 CALL GetFutureRight(F0200009232116)
[584] 2015/04/01 03:19:34.453 CALL GetOpenInterest(F0200009232116)
[1096] 2015/04/01 03:22:00.312 SKOrderLib ª©¥» 2.1.22
[1096] 2015/04/01 03:22:00.312 Login ID: S122811334
[1096] 2015/04/01 03:22:01.265 CALL RegisterOnAccountCallBack()
[1096] 2015/04/01 03:22:01.265 CALL RegisterOnOrderAsyncReportCallBack()
[1096] 2015/04/01 03:22:01.265 CALL RegisterOnAccountWithLoginIDCallBack()
[1096] 2015/04/01 03:22:01.265 CALL RegisterOnRealBalanceReportCallBack()
[1096] 2015/04/01 03:22:01.265 CALL RegisterOnOpenInterestCallBack()
[1096] 2015/04/01 03:22:01.265 CALL RegisterOnStopLossReportCallBack()
[1096] 2015/04/01 03:22:01.265 CALL RegisterOnOverseaFuturesCallBack()
[1096] 2015/04/01 03:22:01.265 CALL RegisterOnOverseaFutureOpenInterestCallBack()
[1096] 2015/04/01 03:22:01.265 CALL RegisterOnOverseaOptionsCallBack()
[1096] 2015/04/01 03:22:01.265 CALL RegisterOnFutureRightCallBack()
[1096] 2015/04/01 03:22:01.265 CALL RegisterOnCertCanceled()
[1096] 2015/04/01 03:22:01.281 CALL RegisterOnExecutionReportCallBack()
[1096] 2015/04/01 03:22:01.281 CALL GetUserAccount()
[1096] 2015/04/01 03:22:01.281 TS,9186,9186,0213851,S122811334,½²¦¼´Ü,0,0
[1096] 2015/04/01 03:22:01.281 OS,9188,9188,0011491,S122811334,½²¦¼´Ü,0,0
[1096] 2015/04/01 03:22:01.281 TS,9188,9188,0259512,S122811334,½²¦¼´Ü,0,0
[1096] 2015/04/01 03:22:01.281 TF,F020000,000,9232116,S122811334,½²¦¼´Ü,0,0
[1096] 2015/04/01 03:22:01.281 OF,F020000,000,9232116,S122811334,½²¦¼´Ü,0,0
[1096] 2015/04/01 03:22:01.281 TF,F020000,000,9232129,S122811334,½²¦¼´Ü,0,0
[1096] 2015/04/01 03:22:01.281 OF,F020000,000,9232129,S122811334,½²¦¼´Ü,0,0
[1096] 2015/04/01 03:22:01.281 CALL SKOrderLib_ReadCertByID(S122811334)
[1096] 2015/04/01 03:22:01.453 CALL GetFutureRight(F0200009232116)
[1096] 2015/04/01 03:22:06.625 CALL GetOpenInterest(F0200009232116)
[3508] 2015/04/01 03:22:06.890 SKOrderLib ª©¥» 2.1.22
[3508] 2015/04/01 03:22:06.890 Login ID: S122811334
[3508] 2015/04/01 03:22:07.703 CALL RegisterOnAccountCallBack()
[3508] 2015/04/01 03:22:07.703 CALL RegisterOnOrderAsyncReportCallBack()
[3508] 2015/04/01 03:22:07.703 CALL RegisterOnAccountWithLoginIDCallBack()
[3508] 2015/04/01 03:22:07.703 CALL RegisterOnRealBalanceReportCallBack()
[3508] 2015/04/01 03:22:07.703 CALL RegisterOnOpenInterestCallBack()
[3508] 2015/04/01 03:22:07.703 CALL RegisterOnStopLossReportCallBack()
[3508] 2015/04/01 03:22:07.703 CALL RegisterOnOverseaFuturesCallBack()
[3508] 2015/04/01 03:22:07.703 CALL RegisterOnOverseaFutureOpenInterestCallBack()
[3508] 2015/04/01 03:22:07.703 CALL RegisterOnOverseaOptionsCallBack()
[3508] 2015/04/01 03:22:07.703 CALL RegisterOnFutureRightCallBack()
[3508] 2015/04/01 03:22:07.703 CALL RegisterOnCertCanceled()
[3508] 2015/04/01 03:22:07.703 CALL RegisterOnExecutionReportCallBack()
[3508] 2015/04/01 03:22:07.703 CALL GetUserAccount()
[3508] 2015/04/01 03:22:07.703 TS,9186,9186,0213851,S122811334,½²¦¼´Ü,0,0
[3508] 2015/04/01 03:22:07.703 OS,9188,9188,0011491,S122811334,½²¦¼´Ü,0,0
[3508] 2015/04/01 03:22:07.703 TS,9188,9188,0259512,S122811334,½²¦¼´Ü,0,0
[3508] 2015/04/01 03:22:07.718 TF,F020000,000,9232116,S122811334,½²¦¼´Ü,0,0
[3508] 2015/04/01 03:22:07.718 OF,F020000,000,9232116,S122811334,½²¦¼´Ü,0,0
[3508] 2015/04/01 03:22:07.718 TF,F020000,000,9232129,S122811334,½²¦¼´Ü,0,0
[3508] 2015/04/01 03:22:07.718 OF,F020000,000,9232129,S122811334,½²¦¼´Ü,0,0
[3508] 2015/04/01 03:22:07.718 CALL SKOrderLib_ReadCertByID(S122811334)
[3508] 2015/04/01 03:22:07.890 CALL GetFutureRight(F0200009232129)
[3508] 2015/04/01 03:22:13.046 CALL GetOpenInterest(F0200009232129)
[1096] 2015/04/01 03:22:21.671 CALL GetFutureRight(F0200009232116)
[1096] 2015/04/01 03:22:26.734 CALL GetOpenInterest(F0200009232116)
[3508] 2015/04/01 03:22:28.093 CALL GetFutureRight(F0200009232129)
[3508] 2015/04/01 03:22:33.140 CALL GetOpenInterest(F0200009232129)
[1096] 2015/04/01 03:22:36.671 CALL GetFutureRight(F0200009232116)
[1096] 2015/04/01 03:22:41.718 CALL GetOpenInterest(F0200009232116)
[3508] 2015/04/01 03:22:43.109 CALL GetFutureRight(F0200009232129)
[3508] 2015/04/01 03:22:48.156 CALL GetOpenInterest(F0200009232129)
[1096] 2015/04/01 03:22:51.671 CALL GetFutureRight(F0200009232116)
[1096] 2015/04/01 03:22:56.718 CALL GetOpenInterest(F0200009232116)
[3508] 2015/04/01 03:22:58.109 CALL GetFutureRight(F0200009232129)
[3508] 2015/04/01 03:23:03.156 CALL GetOpenInterest(F0200009232129)
[1096] 2015/04/01 03:23:06.671 CALL GetFutureRight(F0200009232116)
[1096] 2015/04/01 03:23:11.718 CALL GetOpenInterest(F0200009232116)
[3508] 2015/04/01 03:23:13.109 CALL GetFutureRight(F0200009232129)
[3508] 2015/04/01 03:23:18.156 CALL GetOpenInterest(F0200009232129)
[1096] 2015/04/01 03:23:21.671 CALL GetFutureRight(F0200009232116)
[1096] 2015/04/01 03:23:26.734 CALL GetOpenInterest(F0200009232116)
[3508] 2015/04/01 03:23:28.109 CALL GetFutureRight(F0200009232129)
[3508] 2015/04/01 03:23:33.156 CALL GetOpenInterest(F0200009232129)
[1096] 2015/04/01 03:23:36.671 CALL GetFutureRight(F0200009232116)
[1096] 2015/04/01 03:23:41.734 CALL GetOpenInterest(F0200009232116)
[3508] 2015/04/01 03:23:43.109 CALL GetFutureRight(F0200009232129)
[3508] 2015/04/01 03:23:48.156 CALL GetOpenInterest(F0200009232129)
[1096] 2015/04/01 03:23:51.671 CALL GetFutureRight(F0200009232116)
[988] 2015/04/01 03:31:09.843 SKOrderLib ª©¥» 2.1.22
[988] 2015/04/01 03:31:09.859 Login ID: S122811334
[988] 2015/04/01 03:31:10.859 CALL RegisterOnAccountCallBack()
[988] 2015/04/01 03:31:10.859 CALL RegisterOnOrderAsyncReportCallBack()
[988] 2015/04/01 03:31:10.859 CALL RegisterOnAccountWithLoginIDCallBack()
[988] 2015/04/01 03:31:10.859 CALL RegisterOnRealBalanceReportCallBack()
[988] 2015/04/01 03:31:10.859 CALL RegisterOnOpenInterestCallBack()
[988] 2015/04/01 03:31:10.859 CALL RegisterOnStopLossReportCallBack()
[988] 2015/04/01 03:31:10.859 CALL RegisterOnOverseaFuturesCallBack()
[988] 2015/04/01 03:31:10.859 CALL RegisterOnOverseaFutureOpenInterestCallBack()
[988] 2015/04/01 03:31:10.859 CALL RegisterOnOverseaOptionsCallBack()
[988] 2015/04/01 03:31:10.859 CALL RegisterOnFutureRightCallBack()
[988] 2015/04/01 03:31:10.859 CALL RegisterOnCertCanceled()
[988] 2015/04/01 03:31:10.859 CALL RegisterOnExecutionReportCallBack()
[988] 2015/04/01 03:31:10.859 CALL GetUserAccount()
[988] 2015/04/01 03:31:10.859 TS,9186,9186,0213851,S122811334,½²¦¼´Ü,0,0
[988] 2015/04/01 03:31:10.859 OS,9188,9188,0011491,S122811334,½²¦¼´Ü,0,0
[988] 2015/04/01 03:31:10.859 TS,9188,9188,0259512,S122811334,½²¦¼´Ü,0,0
[988] 2015/04/01 03:31:10.859 TF,F020000,000,9232116,S122811334,½²¦¼´Ü,0,0
[988] 2015/04/01 03:31:10.875 OF,F020000,000,9232116,S122811334,½²¦¼´Ü,0,0
[988] 2015/04/01 03:31:10.875 TF,F020000,000,9232129,S122811334,½²¦¼´Ü,0,0
[988] 2015/04/01 03:31:10.875 OF,F020000,000,9232129,S122811334,½²¦¼´Ü,0,0
[988] 2015/04/01 03:31:10.875 CALL SKOrderLib_ReadCertByID(S122811334)
[988] 2015/04/01 03:31:11.140 CALL GetFutureRight(F0200009232116)
[988] 2015/04/01 03:31:16.390 CALL GetOpenInterest(F0200009232116)
[3952] 2015/04/01 03:31:16.671 SKOrderLib ª©¥» 2.1.22
[3952] 2015/04/01 03:31:16.671 Login ID: S122811334
[3952] 2015/04/01 03:31:17.656 CALL RegisterOnAccountCallBack()
[3952] 2015/04/01 03:31:17.656 CALL RegisterOnOrderAsyncReportCallBack()
[3952] 2015/04/01 03:31:17.656 CALL RegisterOnAccountWithLoginIDCallBack()
[3952] 2015/04/01 03:31:17.656 CALL RegisterOnRealBalanceReportCallBack()
[3952] 2015/04/01 03:31:17.656 CALL RegisterOnOpenInterestCallBack()
[3952] 2015/04/01 03:31:17.656 CALL RegisterOnStopLossReportCallBack()
[3952] 2015/04/01 03:31:17.656 CALL RegisterOnOverseaFuturesCallBack()
[3952] 2015/04/01 03:31:17.656 CALL RegisterOnOverseaFutureOpenInterestCallBack()
[3952] 2015/04/01 03:31:17.656 CALL RegisterOnOverseaOptionsCallBack()
[3952] 2015/04/01 03:31:17.671 CALL RegisterOnFutureRightCallBack()
[3952] 2015/04/01 03:31:17.671 CALL RegisterOnCertCanceled()
[3952] 2015/04/01 03:31:17.671 CALL RegisterOnExecutionReportCallBack()
[3952] 2015/04/01 03:31:17.671 CALL GetUserAccount()
[3952] 2015/04/01 03:31:17.671 TS,9186,9186,0213851,S122811334,½²¦¼´Ü,0,0
[3952] 2015/04/01 03:31:17.671 OS,9188,9188,0011491,S122811334,½²¦¼´Ü,0,0
[3952] 2015/04/01 03:31:17.671 TS,9188,9188,0259512,S122811334,½²¦¼´Ü,0,0
[3952] 2015/04/01 03:31:17.671 TF,F020000,000,9232116,S122811334,½²¦¼´Ü,0,0
[3952] 2015/04/01 03:31:17.671 OF,F020000,000,9232116,S122811334,½²¦¼´Ü,0,0
[3952] 2015/04/01 03:31:17.671 TF,F020000,000,9232129,S122811334,½²¦¼´Ü,0,0
[3952] 2015/04/01 03:31:17.671 OF,F020000,000,9232129,S122811334,½²¦¼´Ü,0,0
[3952] 2015/04/01 03:31:17.671 CALL SKOrderLib_ReadCertByID(S122811334)
[3952] 2015/04/01 03:31:17.843 CALL GetFutureRight(F0200009232129)
[3952] 2015/04/01 03:31:23.109 CALL GetOpenInterest(F0200009232129)
[988] 2015/04/01 03:31:31.453 CALL GetFutureRight(F0200009232116)
[988] 2015/04/01 03:31:36.515 CALL GetOpenInterest(F0200009232116)
[3952] 2015/04/01 03:31:38.156 CALL GetFutureRight(F0200009232129)
[3952] 2015/04/01 03:31:43.203 CALL GetOpenInterest(F0200009232129)
[988] 2015/04/01 03:31:46.453 CALL GetFutureRight(F0200009232116)
[988] 2015/04/01 03:31:51.500 CALL GetOpenInterest(F0200009232116)
[3952] 2015/04/01 03:31:53.156 CALL GetFutureRight(F0200009232129)
[3952] 2015/04/01 03:31:58.203 CALL GetOpenInterest(F0200009232129)
[988] 2015/04/01 03:32:01.453 CALL GetFutureRight(F0200009232116)
[988] 2015/04/01 03:32:06.500 CALL GetOpenInterest(F0200009232116)
[3952] 2015/04/01 03:32:08.156 CALL GetFutureRight(F0200009232129)
[3952] 2015/04/01 03:32:13.203 CALL GetOpenInterest(F0200009232129)
[988] 2015/04/01 03:32:16.468 CALL GetFutureRight(F0200009232116)
[988] 2015/04/01 03:32:21.546 CALL GetOpenInterest(F0200009232116)
[3952] 2015/04/01 03:32:23.156 CALL GetFutureRight(F0200009232129)
[3952] 2015/04/01 03:32:28.203 CALL GetOpenInterest(F0200009232129)
[988] 2015/04/01 03:32:31.468 CALL GetFutureRight(F0200009232116)
