[4552] 2015/01/02 00:00:03.639 SKOrderLib ª©¥» 2.1.22
[4552] 2015/01/02 00:00:03.654 Login ID: S122811334
[4552] 2015/01/02 00:00:06.423 CALL RegisterOnAccountCallBack()
[4552] 2015/01/02 00:00:06.423 CALL RegisterOnOrderAsyncReportCallBack()
[4552] 2015/01/02 00:00:06.423 CALL RegisterOnAccountWithLoginIDCallBack()
[4552] 2015/01/02 00:00:06.423 CALL RegisterOnRealBalanceReportCallBack()
[4552] 2015/01/02 00:00:06.423 CALL RegisterOnOpenInterestCallBack()
[4552] 2015/01/02 00:00:06.423 CALL RegisterOnStopLossReportCallBack()
[4552] 2015/01/02 00:00:06.423 CALL RegisterOnOverseaFuturesCallBack()
[4552] 2015/01/02 00:00:06.423 CALL RegisterOnOverseaFutureOpenInterestCallBack()
[4552] 2015/01/02 00:00:06.423 CALL RegisterOnOverseaOptionsCallBack()
[4552] 2015/01/02 00:00:06.439 CALL RegisterOnFutureRightCallBack()
[4552] 2015/01/02 00:00:06.439 CALL RegisterOnCertCanceled()
[4552] 2015/01/02 00:00:06.439 CALL GetUserAccount()
[4552] 2015/01/02 00:00:06.439 TS,9186,9186,0213851,S122811334,½²¦¼´Ü,0,0
[4552] 2015/01/02 00:00:06.439 OS,9188,9188,0011491,S122811334,½²¦¼´Ü,0,0
[4552] 2015/01/02 00:00:06.439 TS,9188,9188,0259512,S122811334,½²¦¼´Ü,0,0
[4552] 2015/01/02 00:00:06.439 TF,F020000,000,9232116,S122811334,½²¦¼´Ü,0,0
[4552] 2015/01/02 00:00:06.439 OF,F020000,000,9232116,S122811334,½²¦¼´Ü,0,0
[4552] 2015/01/02 00:00:06.439 TF,F020000,000,9232129,S122811334,½²¦¼´Ü,0,0
[4552] 2015/01/02 00:00:06.439 OF,F020000,000,9232129,S122811334,½²¦¼´Ü,0,0
[4552] 2015/01/02 00:00:07.537 CALL SKOrderLib_ReadCertByID(S122811334)
[4552] 2015/01/02 00:00:23.986 CALL SendFutureOrderAsync(F0200009232129,TX00,0,0,1,9790,1)
[4552] 2015/01/02 00:00:58.853 CALL SendFutureOrderAsync(F0200009232129,TX00,0,0,1,9790,1)
[4552] 2015/01/02 00:04:12.714 CALL SendFutureOrderAsync(F0200009232129,TX00,0,0,1,9793,1)
[268] 2015/01/02 00:19:18.338 SKOrderLib ª©¥» 2.1.22
[268] 2015/01/02 00:19:18.338 Login ID: S122811334
[268] 2015/01/02 00:19:23.584 CALL RegisterOnAccountCallBack()
[268] 2015/01/02 00:19:23.584 CALL RegisterOnOrderAsyncReportCallBack()
[268] 2015/01/02 00:19:23.584 CALL RegisterOnAccountWithLoginIDCallBack()
[268] 2015/01/02 00:19:23.584 CALL RegisterOnRealBalanceReportCallBack()
[268] 2015/01/02 00:19:23.584 CALL RegisterOnOpenInterestCallBack()
[268] 2015/01/02 00:19:23.584 CALL RegisterOnStopLossReportCallBack()
[268] 2015/01/02 00:19:23.584 CALL RegisterOnOverseaFuturesCallBack()
[268] 2015/01/02 00:19:23.584 CALL RegisterOnOverseaFutureOpenInterestCallBack()
[268] 2015/01/02 00:19:23.600 CALL RegisterOnOverseaOptionsCallBack()
[268] 2015/01/02 00:19:23.600 CALL RegisterOnFutureRightCallBack()
[268] 2015/01/02 00:19:23.600 CALL RegisterOnCertCanceled()
[268] 2015/01/02 00:19:26.112 CALL GetUserAccount()
[268] 2015/01/02 00:19:26.112 TS,9186,9186,0213851,S122811334,½²¦¼´Ü,0,0
[268] 2015/01/02 00:19:26.112 OS,9188,9188,0011491,S122811334,½²¦¼´Ü,0,0
[268] 2015/01/02 00:19:26.112 TS,9188,9188,0259512,S122811334,½²¦¼´Ü,0,0
[268] 2015/01/02 00:19:26.112 TF,F020000,000,9232116,S122811334,½²¦¼´Ü,0,0
[268] 2015/01/02 00:19:26.128 OF,F020000,000,9232116,S122811334,½²¦¼´Ü,0,0
[268] 2015/01/02 00:19:26.128 TF,F020000,000,9232129,S122811334,½²¦¼´Ü,0,0
[268] 2015/01/02 00:19:26.128 OF,F020000,000,9232129,S122811334,½²¦¼´Ü,0,0
[268] 2015/01/02 00:19:27.269 CALL SKOrderLib_ReadCertByID(S122811334)
[268] 2015/01/02 00:20:11.937 CALL SendFutureOrderAsync(F0200009232116,TX00,0,0,1,9805,1)
