[756] 2015/03/01 00:16:47.141 API InitInstance 
[1148] 2015/03/01 00:18:11.882 API InitInstance 
[1148] 2015/03/01 00:18:41.600 API ExitInstance 
[3136] 2015/03/01 00:25:01.398 API InitInstance 
[3136] 2015/03/01 00:25:28.652 SKQuoteLib_Initialize ¡GS122811334
[3136] 2015/03/01 00:25:28.652 SKQuoteLib_Initialize ¡Ghttps://order2.capital.com.tw/
[3136] 2015/03/01 00:25:29.120 SKQuoteLib_Initialize ¡Ghttps://order3.capital.com.tw/
[3136] 2015/03/01 00:25:36.345 API ExitInstance 
[5344] 2015/03/01 00:26:03.130 API InitInstance 
[5344] 2015/03/01 00:26:22.068 SKQuoteLib_Initialize ¡GS122811334
[5344] 2015/03/01 00:26:22.068 SKQuoteLib_Initialize ¡Ghttps://order2.capital.com.tw/
[5344] 2015/03/01 00:26:24.237 SKQuoteLib_Initialize  SUCCESS 
[5344] 2015/03/01 00:26:24.237 SKQuoteLib_AttachConnectionCallBack 
[5344] 2015/03/01 00:26:24.237 SKQuoteLib_AttachQuoteCallBack 
[5344] 2015/03/01 00:26:24.237 SKQuoteLib_AttachBest5CallBack 
[5344] 2015/03/01 00:26:24.237 SKQuoteLib_AttachTicksGetCallBack 
[5344] 2015/03/01 00:26:24.237 SKQuoteLib_AttachKLineDataCallBack 
[5344] 2015/03/01 00:26:24.237 SKQuoteLib_AttachMarketTotCallBack 
[5344] 2015/03/01 00:26:24.237 SKQuoteLib_AttachMarketBuySellCallBack 
[5344] 2015/03/01 00:26:24.237 SKQuoteLib_AttachMarketHighLowCallBack 
[5344] 2015/03/01 00:26:24.237 SKQuoteLib_AttachStrikePricesCallBack 
[5344] 2015/03/01 00:26:24.237 SKQuoteLib_AttchServerTimeCallBack 
[5344] 2015/03/01 00:26:24.237 SKQuoteLib_AttachHistoryTicksGetCallBack 
[5344] 2015/03/01 00:26:24.237 SKQuoteLib_AttachProductsReadyCallBack 
[5344] 2015/03/01 00:26:24.408 SKQuoteLib_EnterMonitor IP¡Ginfo10.capital.com.tw
[5344] 2015/03/01 00:26:40.071 SocketConnect Type¡G100  ErrorCode¡G0
[5344] 2015/03/01 00:26:52.161 Stocks Ready
[5344] 2015/03/01 00:26:52.192 SKQuoteLib_GetKLine(TX00,2)
[5344] 2015/03/01 00:26:55.390 SKQuoteLib_GetKLine(TX00,1)
[5344] 2015/03/01 00:26:58.994 SKQuoteLib_RequestTicks (1,TX00)
[5668] 2015/03/01 00:30:19.563 API InitInstance 
[5668] 2015/03/01 00:30:39.547 SKQuoteLib_Initialize ¡GS122811334
[5668] 2015/03/01 00:30:39.547 SKQuoteLib_Initialize ¡Ghttps://order2.capital.com.tw/
[5668] 2015/03/01 00:30:40.966 SKQuoteLib_Initialize  SUCCESS 
[5668] 2015/03/01 00:30:40.966 SKQuoteLib_AttachConnectionCallBack 
[5668] 2015/03/01 00:30:40.966 SKQuoteLib_AttachQuoteCallBack 
[5668] 2015/03/01 00:30:40.966 SKQuoteLib_AttachBest5CallBack 
[5668] 2015/03/01 00:30:40.966 SKQuoteLib_AttachTicksGetCallBack 
[5668] 2015/03/01 00:30:40.966 SKQuoteLib_AttachKLineDataCallBack 
[5668] 2015/03/01 00:30:40.966 SKQuoteLib_AttachMarketTotCallBack 
[5668] 2015/03/01 00:30:40.982 SKQuoteLib_AttachMarketBuySellCallBack 
[5668] 2015/03/01 00:30:40.982 SKQuoteLib_AttachMarketHighLowCallBack 
[5668] 2015/03/01 00:30:40.982 SKQuoteLib_AttachStrikePricesCallBack 
[5668] 2015/03/01 00:30:40.982 SKQuoteLib_AttchServerTimeCallBack 
[5668] 2015/03/01 00:30:40.982 SKQuoteLib_AttachHistoryTicksGetCallBack 
[5668] 2015/03/01 00:30:40.982 SKQuoteLib_AttachProductsReadyCallBack 
[5668] 2015/03/01 00:30:41.138 SKQuoteLib_EnterMonitor IP¡Ginfo22.capital.com.tw
[5668] 2015/03/01 00:30:56.972 SocketConnect Type¡G100  ErrorCode¡G0
[5668] 2015/03/01 00:31:08.859 Stocks Ready
[4464] 2015/03/01 00:33:13.800 API InitInstance 
[4464] 2015/03/01 00:33:35.827 SKQuoteLib_Initialize ¡GS122811334
[4464] 2015/03/01 00:33:35.827 SKQuoteLib_Initialize ¡Ghttps://order2.capital.com.tw/
[4464] 2015/03/01 00:33:37.387 SKQuoteLib_Initialize  SUCCESS 
[4464] 2015/03/01 00:33:37.387 SKQuoteLib_AttachConnectionCallBack 
[4464] 2015/03/01 00:33:37.387 SKQuoteLib_AttachQuoteCallBack 
[4464] 2015/03/01 00:33:37.387 SKQuoteLib_AttachBest5CallBack 
[4464] 2015/03/01 00:33:37.387 SKQuoteLib_AttachTicksGetCallBack 
[4464] 2015/03/01 00:33:37.387 SKQuoteLib_AttachKLineDataCallBack 
[4464] 2015/03/01 00:33:37.387 SKQuoteLib_AttachMarketTotCallBack 
[4464] 2015/03/01 00:33:37.387 SKQuoteLib_AttachMarketBuySellCallBack 
[4464] 2015/03/01 00:33:37.387 SKQuoteLib_AttachMarketHighLowCallBack 
[4464] 2015/03/01 00:33:37.387 SKQuoteLib_AttachStrikePricesCallBack 
[4464] 2015/03/01 00:33:37.387 SKQuoteLib_AttchServerTimeCallBack 
[4464] 2015/03/01 00:33:37.387 SKQuoteLib_AttachHistoryTicksGetCallBack 
[4464] 2015/03/01 00:33:37.387 SKQuoteLib_AttachProductsReadyCallBack 
[4464] 2015/03/01 00:33:37.512 SKQuoteLib_EnterMonitor IP¡Ginfo22.capital.com.tw
[4464] 2015/03/01 00:33:52.769 SocketConnect Type¡G100  ErrorCode¡G0
[4464] 2015/03/01 00:34:04.672 Stocks Ready
[4672] 2015/03/01 00:38:13.788 API InitInstance 
[4672] 2015/03/01 00:38:35.254 SKQuoteLib_Initialize ¡GS122811334
[4672] 2015/03/01 00:38:35.254 SKQuoteLib_Initialize ¡Ghttps://order2.capital.com.tw/
[4672] 2015/03/01 00:38:36.767 SKQuoteLib_Initialize  SUCCESS 
[4672] 2015/03/01 00:38:36.767 SKQuoteLib_AttachConnectionCallBack 
[4672] 2015/03/01 00:38:36.767 SKQuoteLib_AttachQuoteCallBack 
[4672] 2015/03/01 00:38:36.767 SKQuoteLib_AttachBest5CallBack 
[4672] 2015/03/01 00:38:36.767 SKQuoteLib_AttachTicksGetCallBack 
[4672] 2015/03/01 00:38:36.767 SKQuoteLib_AttachKLineDataCallBack 
[4672] 2015/03/01 00:38:36.767 SKQuoteLib_AttachMarketTotCallBack 
[4672] 2015/03/01 00:38:36.767 SKQuoteLib_AttachMarketBuySellCallBack 
[4672] 2015/03/01 00:38:36.767 SKQuoteLib_AttachMarketHighLowCallBack 
[4672] 2015/03/01 00:38:36.767 SKQuoteLib_AttachStrikePricesCallBack 
[4672] 2015/03/01 00:38:36.767 SKQuoteLib_AttchServerTimeCallBack 
[4672] 2015/03/01 00:38:36.767 SKQuoteLib_AttachHistoryTicksGetCallBack 
[4672] 2015/03/01 00:38:36.767 SKQuoteLib_AttachProductsReadyCallBack 
[4672] 2015/03/01 00:38:36.939 SKQuoteLib_EnterMonitor IP¡Ginfo8.capital.com.tw
[4672] 2015/03/01 00:38:53.085 SocketConnect Type¡G100  ErrorCode¡G0
[4672] 2015/03/01 00:39:05.128 Stocks Ready
[4672] 2015/03/01 00:40:49.555 SKQuoteLib_GetKLine(TX00,2)
[4672] 2015/03/01 00:40:49.804 SocketErrorDisConnect Type¡G101  ErrorCode¡G0
[4672] 2015/03/01 00:40:50.487 SKQuoteLib_GetKLine(TX00,1)
[1280] 2015/03/01 00:41:08.328 API InitInstance 
[1280] 2015/03/01 00:41:28.732 SKQuoteLib_Initialize ¡GS122811334
[1280] 2015/03/01 00:41:28.732 SKQuoteLib_Initialize ¡Ghttps://order2.capital.com.tw/
[1280] 2015/03/01 00:41:30.183 SKQuoteLib_Initialize  SUCCESS 
[1280] 2015/03/01 00:41:30.183 SKQuoteLib_AttachConnectionCallBack 
[1280] 2015/03/01 00:41:30.183 SKQuoteLib_AttachQuoteCallBack 
[1280] 2015/03/01 00:41:30.183 SKQuoteLib_AttachBest5CallBack 
[1280] 2015/03/01 00:41:30.183 SKQuoteLib_AttachTicksGetCallBack 
[1280] 2015/03/01 00:41:30.183 SKQuoteLib_AttachKLineDataCallBack 
[1280] 2015/03/01 00:41:30.183 SKQuoteLib_AttachMarketTotCallBack 
[1280] 2015/03/01 00:41:30.183 SKQuoteLib_AttachMarketBuySellCallBack 
[1280] 2015/03/01 00:41:30.183 SKQuoteLib_AttachMarketHighLowCallBack 
[1280] 2015/03/01 00:41:30.183 SKQuoteLib_AttachStrikePricesCallBack 
[1280] 2015/03/01 00:41:30.183 SKQuoteLib_AttchServerTimeCallBack 
[1280] 2015/03/01 00:41:30.183 SKQuoteLib_AttachHistoryTicksGetCallBack 
[1280] 2015/03/01 00:41:30.183 SKQuoteLib_AttachProductsReadyCallBack 
[1280] 2015/03/01 00:41:30.355 SKQuoteLib_EnterMonitor IP¡Ginfo20.capital.com.tw
[1280] 2015/03/01 00:41:46.048 SocketConnect Type¡G100  ErrorCode¡G0
[1280] 2015/03/01 00:41:57.873 Stocks Ready
[1280] 2015/03/01 00:42:03.879 SKQuoteLib_GetKLine(TX00,2)
[1280] 2015/03/01 00:42:04.971 SKQuoteLib_GetKLine(TX00,1)
[1280] 2015/03/01 00:42:12.646 SKQuoteLib_RequestTicks (1,TX00)
[1280] 2015/03/01 00:43:01.599 Check Link Status 
[1280] 2015/03/01 00:43:46.075 Check Link Status 
[1280] 2015/03/01 00:44:46.088 Check Link Status 
[1280] 2015/03/01 00:45:46.102 Check Link Status 
[1280] 2015/03/01 00:46:46.115 Check Link Status 
[1280] 2015/03/01 00:47:46.128 Check Link Status 
[1280] 2015/03/01 00:48:46.142 Check Link Status 
[1280] 2015/03/01 00:49:46.148 Check Link Status 
[1280] 2015/03/01 00:50:46.156 Check Link Status 
[1280] 2015/03/01 00:51:46.174 Check Link Status 
[1280] 2015/03/01 00:52:46.187 Check Link Status 
[1280] 2015/03/01 00:53:24.119 SKQuoteLib_LeaveMonitor 
[1280] 2015/03/01 00:53:24.150 SocketClose Type¡G101  ErrorCode¡G0
[1280] 2015/03/01 00:53:24.328 API ExitInstance 
[5408] 2015/03/01 00:59:08.678 API InitInstance 
[5408] 2015/03/01 00:59:16.244 API ExitInstance 
[896] 2015/03/01 01:05:20.725 API InitInstance 
[896] 2015/03/01 01:05:44.905 SKQuoteLib_Initialize ¡GS122811334
[896] 2015/03/01 01:05:44.905 SKQuoteLib_Initialize ¡Ghttps://order2.capital.com.tw/
[896] 2015/03/01 01:05:46.511 SKQuoteLib_Initialize  SUCCESS 
[896] 2015/03/01 01:05:46.511 SKQuoteLib_AttachConnectionCallBack 
[896] 2015/03/01 01:05:46.511 SKQuoteLib_AttachQuoteCallBack 
[896] 2015/03/01 01:05:46.511 SKQuoteLib_AttachBest5CallBack 
[896] 2015/03/01 01:05:46.511 SKQuoteLib_AttachTicksGetCallBack 
[896] 2015/03/01 01:05:46.511 SKQuoteLib_AttachKLineDataCallBack 
[896] 2015/03/01 01:05:46.511 SKQuoteLib_AttachMarketTotCallBack 
[896] 2015/03/01 01:05:46.511 SKQuoteLib_AttachMarketBuySellCallBack 
[896] 2015/03/01 01:05:46.527 SKQuoteLib_AttachMarketHighLowCallBack 
[896] 2015/03/01 01:05:46.527 SKQuoteLib_AttachStrikePricesCallBack 
[896] 2015/03/01 01:05:46.527 SKQuoteLib_AttchServerTimeCallBack 
[896] 2015/03/01 01:05:46.527 SKQuoteLib_AttachHistoryTicksGetCallBack 
[896] 2015/03/01 01:05:46.527 SKQuoteLib_AttachProductsReadyCallBack 
[896] 2015/03/01 01:05:46.699 SKQuoteLib_EnterMonitor IP¡Ginfo10.capital.com.tw
[896] 2015/03/01 01:06:02.455 SocketConnect Type¡G100  ErrorCode¡G0
[896] 2015/03/01 01:06:14.436 Stocks Ready
[896] 2015/03/01 01:06:14.451 SKQuoteLib_GetKLine(TX00,2)
[896] 2015/03/01 01:06:17.961 SKQuoteLib_GetKLine(TX00,1)
[896] 2015/03/01 01:06:23.624 SKQuoteLib_RequestTicks (1,TX00)
[896] 2015/03/01 01:07:13.735 Check Link Status 
[896] 2015/03/01 01:07:33.128 SKQuoteLib_LeaveMonitor 
[896] 2015/03/01 01:07:33.143 SocketClose Type¡G101  ErrorCode¡G0
[896] 2015/03/01 01:07:33.317 API ExitInstance 
[5448] 2015/03/01 01:35:55.669 API InitInstance 
[5448] 2015/03/01 01:36:26.330 SKQuoteLib_Initialize ¡GS122811334
[5448] 2015/03/01 01:36:26.330 SKQuoteLib_Initialize ¡Ghttps://order2.capital.com.tw/
[5448] 2015/03/01 01:36:27.858 SKQuoteLib_Initialize  SUCCESS 
[5448] 2015/03/01 01:36:27.858 SKQuoteLib_AttachConnectionCallBack 
[5448] 2015/03/01 01:36:27.858 SKQuoteLib_AttachQuoteCallBack 
[5448] 2015/03/01 01:36:27.858 SKQuoteLib_AttachBest5CallBack 
[5448] 2015/03/01 01:36:27.858 SKQuoteLib_AttachTicksGetCallBack 
[5448] 2015/03/01 01:36:27.858 SKQuoteLib_AttachKLineDataCallBack 
[5448] 2015/03/01 01:36:27.874 SKQuoteLib_AttachMarketTotCallBack 
[5448] 2015/03/01 01:36:27.874 SKQuoteLib_AttachMarketBuySellCallBack 
[5448] 2015/03/01 01:36:27.874 SKQuoteLib_AttachMarketHighLowCallBack 
[5448] 2015/03/01 01:36:27.874 SKQuoteLib_AttachStrikePricesCallBack 
[5448] 2015/03/01 01:36:27.874 SKQuoteLib_AttchServerTimeCallBack 
[5448] 2015/03/01 01:36:27.874 SKQuoteLib_AttachHistoryTicksGetCallBack 
[5448] 2015/03/01 01:36:27.874 SKQuoteLib_AttachProductsReadyCallBack 
[5448] 2015/03/01 01:36:28.030 SKQuoteLib_EnterMonitor IP¡Ginfo8.capital.com.tw
[5448] 2015/03/01 01:36:43.852 SocketConnect Type¡G100  ErrorCode¡G0
[5448] 2015/03/01 01:36:51.231 Stocks Ready
[5448] 2015/03/01 01:36:51.262 SKQuoteLib_GetKLine(TX00,2)
[5448] 2015/03/01 01:36:54.057 SKQuoteLib_GetKLine(TX00,1)
[5448] 2015/03/01 01:36:57.525 SKQuoteLib_RequestTicks (1,TX00)
[5448] 2015/03/01 01:37:43.870 Check Link Status 
[5448] 2015/03/01 01:37:57.278 SKQuoteLib_LeaveMonitor 
[5448] 2015/03/01 01:37:57.310 SocketClose Type¡G101  ErrorCode¡G0
[5448] 2015/03/01 01:37:57.489 API ExitInstance 
[1276] 2015/03/01 02:19:24.935 API InitInstance 
[1276] 2015/03/01 02:20:30.978 SKQuoteLib_Initialize ¡GS122811334
[1276] 2015/03/01 02:20:30.978 SKQuoteLib_Initialize ¡Ghttps://order2.capital.com.tw/
[1276] 2015/03/01 02:20:32.530 SKQuoteLib_Initialize  SUCCESS 
[1276] 2015/03/01 02:20:32.530 SKQuoteLib_AttachConnectionCallBack 
[1276] 2015/03/01 02:20:32.531 SKQuoteLib_AttachQuoteCallBack 
[1276] 2015/03/01 02:20:32.531 SKQuoteLib_AttachBest5CallBack 
[1276] 2015/03/01 02:20:32.532 SKQuoteLib_AttachTicksGetCallBack 
[1276] 2015/03/01 02:20:32.532 SKQuoteLib_AttachKLineDataCallBack 
[1276] 2015/03/01 02:20:32.533 SKQuoteLib_AttachMarketTotCallBack 
[1276] 2015/03/01 02:20:32.533 SKQuoteLib_AttachMarketBuySellCallBack 
[1276] 2015/03/01 02:20:32.534 SKQuoteLib_AttachMarketHighLowCallBack 
[1276] 2015/03/01 02:20:32.534 SKQuoteLib_AttachStrikePricesCallBack 
[1276] 2015/03/01 02:20:32.535 SKQuoteLib_AttchServerTimeCallBack 
[1276] 2015/03/01 02:20:32.535 SKQuoteLib_AttachHistoryTicksGetCallBack 
[1276] 2015/03/01 02:20:32.536 SKQuoteLib_AttachProductsReadyCallBack 
[1276] 2015/03/01 02:20:32.713 SKQuoteLib_EnterMonitor IP¡Ginfo8.capital.com.tw
[1276] 2015/03/01 02:20:48.513 SocketConnect Type¡G100  ErrorCode¡G0
[1276] 2015/03/01 02:20:52.193 Stocks Ready
[1276] 2015/03/01 02:20:52.223 SKQuoteLib_GetKLine(TX00,1)
[1276] 2015/03/01 02:20:59.054 SKQuoteLib_GetKLine(TX00,2)
[1276] 2015/03/01 02:20:59.904 SKQuoteLib_RequestTicks (1,TX00)
[5700] 2015/03/01 02:22:43.673 API InitInstance 
[5700] 2015/03/01 02:23:06.766 SKQuoteLib_Initialize ¡GS122811334
[5700] 2015/03/01 02:23:06.766 SKQuoteLib_Initialize ¡Ghttps://order2.capital.com.tw/
[5700] 2015/03/01 02:23:08.215 SKQuoteLib_Initialize  SUCCESS 
[5700] 2015/03/01 02:23:08.216 SKQuoteLib_AttachConnectionCallBack 
[5700] 2015/03/01 02:23:08.217 SKQuoteLib_AttachQuoteCallBack 
[5700] 2015/03/01 02:23:08.217 SKQuoteLib_AttachBest5CallBack 
[5700] 2015/03/01 02:23:08.218 SKQuoteLib_AttachTicksGetCallBack 
[5700] 2015/03/01 02:23:08.218 SKQuoteLib_AttachKLineDataCallBack 
[5700] 2015/03/01 02:23:08.218 SKQuoteLib_AttachMarketTotCallBack 
[5700] 2015/03/01 02:23:08.219 SKQuoteLib_AttachMarketBuySellCallBack 
[5700] 2015/03/01 02:23:08.219 SKQuoteLib_AttachMarketHighLowCallBack 
[5700] 2015/03/01 02:23:08.220 SKQuoteLib_AttachStrikePricesCallBack 
[5700] 2015/03/01 02:23:08.220 SKQuoteLib_AttchServerTimeCallBack 
[5700] 2015/03/01 02:23:08.221 SKQuoteLib_AttachHistoryTicksGetCallBack 
[5700] 2015/03/01 02:23:08.221 SKQuoteLib_AttachProductsReadyCallBack 
[5700] 2015/03/01 02:23:08.394 SKQuoteLib_EnterMonitor IP¡Ginfo20.capital.com.tw
[5700] 2015/03/01 02:23:23.656 SocketConnect Type¡G100  ErrorCode¡G0
[5700] 2015/03/01 02:23:27.751 Stocks Ready
[5700] 2015/03/01 02:23:27.775 SKQuoteLib_GetKLine(TX00,2)
[5700] 2015/03/01 02:23:29.086 SKQuoteLib_GetKLine(TX00,1)
[5700] 2015/03/01 02:23:33.162 SKQuoteLib_RequestTicks (1,TX00)
[6052] 2015/03/01 02:26:49.182 API InitInstance 
[6052] 2015/03/01 02:26:51.779 API ExitInstance 
[5372] 2015/03/01 02:27:58.791 API InitInstance 
[5372] 2015/03/01 02:28:26.737 SKQuoteLib_Initialize ¡GS122811334
[5372] 2015/03/01 02:28:26.738 SKQuoteLib_Initialize ¡Ghttps://order2.capital.com.tw/
[5372] 2015/03/01 02:28:28.196 SKQuoteLib_Initialize  SUCCESS 
[5372] 2015/03/01 02:28:28.197 SKQuoteLib_AttachConnectionCallBack 
[5372] 2015/03/01 02:28:28.197 SKQuoteLib_AttachQuoteCallBack 
[5372] 2015/03/01 02:28:28.198 SKQuoteLib_AttachBest5CallBack 
[5372] 2015/03/01 02:28:28.198 SKQuoteLib_AttachTicksGetCallBack 
[5372] 2015/03/01 02:28:28.198 SKQuoteLib_AttachKLineDataCallBack 
[5372] 2015/03/01 02:28:28.199 SKQuoteLib_AttachMarketTotCallBack 
[5372] 2015/03/01 02:28:28.199 SKQuoteLib_AttachMarketBuySellCallBack 
[5372] 2015/03/01 02:28:28.200 SKQuoteLib_AttachMarketHighLowCallBack 
[5372] 2015/03/01 02:28:28.200 SKQuoteLib_AttachStrikePricesCallBack 
[5372] 2015/03/01 02:28:28.201 SKQuoteLib_AttchServerTimeCallBack 
[5372] 2015/03/01 02:28:28.201 SKQuoteLib_AttachHistoryTicksGetCallBack 
[5372] 2015/03/01 02:28:28.201 SKQuoteLib_AttachProductsReadyCallBack 
[5372] 2015/03/01 02:28:28.385 SKQuoteLib_EnterMonitor IP¡Ginfo21.capital.com.tw
[5372] 2015/03/01 02:28:43.371 SocketConnect Type¡G100  ErrorCode¡G0
[5372] 2015/03/01 02:28:55.489 Stocks Ready
[5372] 2015/03/01 02:28:55.519 SKQuoteLib_GetKLine(TX00,2)
[5372] 2015/03/01 02:28:56.473 SKQuoteLib_GetKLine(TX00,1)
[5372] 2015/03/01 02:29:01.851 SKQuoteLib_RequestTicks (1,TX00)
[5456] 2015/03/01 02:34:29.196 API InitInstance 
[5456] 2015/03/01 02:34:57.607 SKQuoteLib_Initialize ¡GS122811334
[5456] 2015/03/01 02:34:57.608 SKQuoteLib_Initialize ¡Ghttps://order2.capital.com.tw/
[5456] 2015/03/01 02:34:59.185 SKQuoteLib_Initialize  SUCCESS 
[5456] 2015/03/01 02:34:59.186 SKQuoteLib_AttachConnectionCallBack 
[5456] 2015/03/01 02:34:59.187 SKQuoteLib_AttachQuoteCallBack 
[5456] 2015/03/01 02:34:59.187 SKQuoteLib_AttachBest5CallBack 
[5456] 2015/03/01 02:34:59.188 SKQuoteLib_AttachTicksGetCallBack 
[5456] 2015/03/01 02:34:59.188 SKQuoteLib_AttachKLineDataCallBack 
[5456] 2015/03/01 02:34:59.189 SKQuoteLib_AttachMarketTotCallBack 
[5456] 2015/03/01 02:34:59.189 SKQuoteLib_AttachMarketBuySellCallBack 
[5456] 2015/03/01 02:34:59.190 SKQuoteLib_AttachMarketHighLowCallBack 
[5456] 2015/03/01 02:34:59.190 SKQuoteLib_AttachStrikePricesCallBack 
[5456] 2015/03/01 02:34:59.191 SKQuoteLib_AttchServerTimeCallBack 
[5456] 2015/03/01 02:34:59.191 SKQuoteLib_AttachHistoryTicksGetCallBack 
[5456] 2015/03/01 02:34:59.191 SKQuoteLib_AttachProductsReadyCallBack 
[5456] 2015/03/01 02:34:59.372 SKQuoteLib_EnterMonitor IP¡Ginfo16.capital.com.tw
[5456] 2015/03/01 02:35:15.763 SocketConnect Type¡G100  ErrorCode¡G0
[5456] 2015/03/01 02:35:27.486 Stocks Ready
[5456] 2015/03/01 02:36:20.267 SKQuoteLib_GetKLine(TX00,2)
[5456] 2015/03/01 02:36:44.208 SocketErrorDisConnect Type¡G101  ErrorCode¡G0
[5456] 2015/03/01 02:36:44.832 SKQuoteLib_GetKLine(TX00,1)
[3196] 2015/03/01 02:38:02.341 API InitInstance 
[3196] 2015/03/01 02:38:26.705 SKQuoteLib_Initialize ¡GS122811334
[3196] 2015/03/01 02:38:26.706 SKQuoteLib_Initialize ¡Ghttps://order2.capital.com.tw/
[3196] 2015/03/01 02:38:28.229 SKQuoteLib_Initialize  SUCCESS 
[3196] 2015/03/01 02:38:28.230 SKQuoteLib_AttachConnectionCallBack 
[3196] 2015/03/01 02:38:28.230 SKQuoteLib_AttachQuoteCallBack 
[3196] 2015/03/01 02:38:28.231 SKQuoteLib_AttachBest5CallBack 
[3196] 2015/03/01 02:38:28.231 SKQuoteLib_AttachTicksGetCallBack 
[3196] 2015/03/01 02:38:28.231 SKQuoteLib_AttachKLineDataCallBack 
[3196] 2015/03/01 02:38:28.232 SKQuoteLib_AttachMarketTotCallBack 
[3196] 2015/03/01 02:38:28.232 SKQuoteLib_AttachMarketBuySellCallBack 
[3196] 2015/03/01 02:38:28.233 SKQuoteLib_AttachMarketHighLowCallBack 
[3196] 2015/03/01 02:38:28.233 SKQuoteLib_AttachStrikePricesCallBack 
[3196] 2015/03/01 02:38:28.234 SKQuoteLib_AttchServerTimeCallBack 
[3196] 2015/03/01 02:38:28.234 SKQuoteLib_AttachHistoryTicksGetCallBack 
[3196] 2015/03/01 02:38:28.235 SKQuoteLib_AttachProductsReadyCallBack 
[3196] 2015/03/01 02:38:28.416 SKQuoteLib_EnterMonitor IP¡Ginfo12.capital.com.tw
[3196] 2015/03/01 02:38:43.728 SocketConnect Type¡G100  ErrorCode¡G0
[3196] 2015/03/01 02:38:56.049 Stocks Ready
[3196] 2015/03/01 02:39:45.308 SKQuoteLib_GetKLine(TX00,2)
[3196] 2015/03/01 02:39:45.830 Check Link Status 
[3196] 2015/03/01 02:39:46.204 SKQuoteLib_GetKLine(TX00,1)
[3196] 2015/03/01 02:39:50.511 SKQuoteLib_RequestTicks (1,TX00)
[4468] 2015/03/01 02:41:52.689 API InitInstance 
[4468] 2015/03/01 02:42:17.689 SKQuoteLib_Initialize ¡GS122811334
[4468] 2015/03/01 02:42:17.690 SKQuoteLib_Initialize ¡Ghttps://order2.capital.com.tw/
[4468] 2015/03/01 02:42:19.143 SKQuoteLib_Initialize  SUCCESS 
[4468] 2015/03/01 02:42:19.143 SKQuoteLib_AttachConnectionCallBack 
[4468] 2015/03/01 02:42:19.144 SKQuoteLib_AttachQuoteCallBack 
[4468] 2015/03/01 02:42:19.144 SKQuoteLib_AttachBest5CallBack 
[4468] 2015/03/01 02:42:19.145 SKQuoteLib_AttachTicksGetCallBack 
[4468] 2015/03/01 02:42:19.145 SKQuoteLib_AttachKLineDataCallBack 
[4468] 2015/03/01 02:42:19.145 SKQuoteLib_AttachMarketTotCallBack 
[4468] 2015/03/01 02:42:19.146 SKQuoteLib_AttachMarketBuySellCallBack 
[4468] 2015/03/01 02:42:19.146 SKQuoteLib_AttachMarketHighLowCallBack 
[4468] 2015/03/01 02:42:19.147 SKQuoteLib_AttachStrikePricesCallBack 
[4468] 2015/03/01 02:42:19.147 SKQuoteLib_AttchServerTimeCallBack 
[4468] 2015/03/01 02:42:19.148 SKQuoteLib_AttachHistoryTicksGetCallBack 
[4468] 2015/03/01 02:42:19.148 SKQuoteLib_AttachProductsReadyCallBack 
[4468] 2015/03/01 02:42:19.331 SKQuoteLib_EnterMonitor IP¡Ginfo10.capital.com.tw
[4468] 2015/03/01 02:42:34.442 SocketConnect Type¡G100  ErrorCode¡G0
[4468] 2015/03/01 02:42:47.209 Stocks Ready
[4468] 2015/03/01 02:42:55.073 SKQuoteLib_GetKLine(TX00,1)
[4468] 2015/03/01 02:43:04.634 SKQuoteLib_GetKLine(TX00,2)
[4468] 2015/03/01 02:43:05.484 SKQuoteLib_RequestTicks (1,TX00)
[2288] 2015/03/01 02:51:58.894 API InitInstance 
[2288] 2015/03/01 02:52:20.182 SKQuoteLib_Initialize ¡GS122811334
[2288] 2015/03/01 02:52:20.183 SKQuoteLib_Initialize ¡Ghttps://order2.capital.com.tw/
[2288] 2015/03/01 02:52:21.755 SKQuoteLib_Initialize  SUCCESS 
[2288] 2015/03/01 02:52:21.755 SKQuoteLib_AttachConnectionCallBack 
[2288] 2015/03/01 02:52:21.756 SKQuoteLib_AttachQuoteCallBack 
[2288] 2015/03/01 02:52:21.756 SKQuoteLib_AttachBest5CallBack 
[2288] 2015/03/01 02:52:21.756 SKQuoteLib_AttachTicksGetCallBack 
[2288] 2015/03/01 02:52:21.757 SKQuoteLib_AttachKLineDataCallBack 
[2288] 2015/03/01 02:52:21.757 SKQuoteLib_AttachMarketTotCallBack 
[2288] 2015/03/01 02:52:21.758 SKQuoteLib_AttachMarketBuySellCallBack 
[2288] 2015/03/01 02:52:21.758 SKQuoteLib_AttachMarketHighLowCallBack 
[2288] 2015/03/01 02:52:21.759 SKQuoteLib_AttachStrikePricesCallBack 
[2288] 2015/03/01 02:52:21.759 SKQuoteLib_AttchServerTimeCallBack 
[2288] 2015/03/01 02:52:21.759 SKQuoteLib_AttachHistoryTicksGetCallBack 
[2288] 2015/03/01 02:52:21.760 SKQuoteLib_AttachProductsReadyCallBack 
[2288] 2015/03/01 02:52:21.953 SKQuoteLib_EnterMonitor IP¡Ginfo17.capital.com.tw
[2288] 2015/03/01 02:52:37.582 SocketConnect Type¡G100  ErrorCode¡G0
[2288] 2015/03/01 02:52:49.834 Stocks Ready
[2288] 2015/03/01 02:54:29.477 SKQuoteLib_GetKLine(TX00,2)
[2288] 2015/03/01 02:54:30.686 SocketErrorDisConnect Type¡G101  ErrorCode¡G0
[2288] 2015/03/01 02:54:31.538 SKQuoteLib_GetKLine(TX00,1)
[5236] 2015/03/01 02:59:52.862 API InitInstance 
[5236] 2015/03/01 03:00:14.851 SKQuoteLib_Initialize ¡GS122811334
[5236] 2015/03/01 03:00:14.851 SKQuoteLib_Initialize ¡Ghttps://order2.capital.com.tw/
[5236] 2015/03/01 03:00:16.719 SKQuoteLib_Initialize  SUCCESS 
[5236] 2015/03/01 03:00:16.719 SKQuoteLib_AttachConnectionCallBack 
[5236] 2015/03/01 03:00:16.720 SKQuoteLib_AttachQuoteCallBack 
[5236] 2015/03/01 03:00:16.720 SKQuoteLib_AttachBest5CallBack 
[5236] 2015/03/01 03:00:16.721 SKQuoteLib_AttachTicksGetCallBack 
[5236] 2015/03/01 03:00:16.721 SKQuoteLib_AttachKLineDataCallBack 
[5236] 2015/03/01 03:00:16.721 SKQuoteLib_AttachMarketTotCallBack 
[5236] 2015/03/01 03:00:16.722 SKQuoteLib_AttachMarketBuySellCallBack 
[5236] 2015/03/01 03:00:16.722 SKQuoteLib_AttachMarketHighLowCallBack 
[5236] 2015/03/01 03:00:16.723 SKQuoteLib_AttachStrikePricesCallBack 
[5236] 2015/03/01 03:00:16.723 SKQuoteLib_AttchServerTimeCallBack 
[5236] 2015/03/01 03:00:16.724 SKQuoteLib_AttachHistoryTicksGetCallBack 
[5236] 2015/03/01 03:00:16.725 SKQuoteLib_AttachProductsReadyCallBack 
[5236] 2015/03/01 03:00:16.940 SKQuoteLib_EnterMonitor IP¡Ginfo17.capital.com.tw
[5236] 2015/03/01 03:00:32.100 SocketConnect Type¡G100  ErrorCode¡G0
[5236] 2015/03/01 03:00:46.319 Stocks Ready
[5236] 2015/03/01 03:04:25.151 SKQuoteLib_GetKLine(TX00,2)
[4748] 2015/03/01 03:05:29.628 API InitInstance 
[4748] 2015/03/01 03:05:49.956 SKQuoteLib_Initialize ¡GS122811334
[4748] 2015/03/01 03:05:49.957 SKQuoteLib_Initialize ¡Ghttps://order2.capital.com.tw/
[4748] 2015/03/01 03:05:51.662 SKQuoteLib_Initialize  SUCCESS 
[4748] 2015/03/01 03:05:51.662 SKQuoteLib_AttachConnectionCallBack 
[4748] 2015/03/01 03:05:51.663 SKQuoteLib_AttachQuoteCallBack 
[4748] 2015/03/01 03:05:51.663 SKQuoteLib_AttachBest5CallBack 
[4748] 2015/03/01 03:05:51.664 SKQuoteLib_AttachTicksGetCallBack 
[4748] 2015/03/01 03:05:51.664 SKQuoteLib_AttachKLineDataCallBack 
[4748] 2015/03/01 03:05:51.664 SKQuoteLib_AttachMarketTotCallBack 
[4748] 2015/03/01 03:05:51.665 SKQuoteLib_AttachMarketBuySellCallBack 
[4748] 2015/03/01 03:05:51.665 SKQuoteLib_AttachMarketHighLowCallBack 
[4748] 2015/03/01 03:05:51.666 SKQuoteLib_AttachStrikePricesCallBack 
[4748] 2015/03/01 03:05:51.666 SKQuoteLib_AttchServerTimeCallBack 
[4748] 2015/03/01 03:05:51.667 SKQuoteLib_AttachHistoryTicksGetCallBack 
[4748] 2015/03/01 03:05:51.667 SKQuoteLib_AttachProductsReadyCallBack 
[4748] 2015/03/01 03:05:51.861 SKQuoteLib_EnterMonitor IP¡Ginfo12.capital.com.tw
[4748] 2015/03/01 03:06:07.430 SocketConnect Type¡G100  ErrorCode¡G0
[4748] 2015/03/01 03:06:21.582 Stocks Ready
[4748] 2015/03/01 03:16:40.149 SKQuoteLib_GetKLine(TX00,1)
[4748] 2015/03/01 03:16:47.419 SKQuoteLib_GetKLine(TX00,2)
[7016] 2015/03/01 03:22:02.631 API InitInstance 
[7016] 2015/03/01 03:22:23.885 SKQuoteLib_Initialize ¡GS122811334
[7016] 2015/03/01 03:22:23.885 SKQuoteLib_Initialize ¡Ghttps://order2.capital.com.tw/
[7016] 2015/03/01 03:22:26.249 SKQuoteLib_Initialize  SUCCESS 
[7016] 2015/03/01 03:22:26.249 SKQuoteLib_AttachConnectionCallBack 
[7016] 2015/03/01 03:22:26.249 SKQuoteLib_AttachQuoteCallBack 
[7016] 2015/03/01 03:22:26.249 SKQuoteLib_AttachBest5CallBack 
[7016] 2015/03/01 03:22:26.249 SKQuoteLib_AttachTicksGetCallBack 
[7016] 2015/03/01 03:22:26.249 SKQuoteLib_AttachKLineDataCallBack 
[7016] 2015/03/01 03:22:26.249 SKQuoteLib_AttachMarketTotCallBack 
[7016] 2015/03/01 03:22:26.249 SKQuoteLib_AttachMarketBuySellCallBack 
[7016] 2015/03/01 03:22:26.249 SKQuoteLib_AttachMarketHighLowCallBack 
[7016] 2015/03/01 03:22:26.249 SKQuoteLib_AttachStrikePricesCallBack 
[7016] 2015/03/01 03:22:26.249 SKQuoteLib_AttchServerTimeCallBack 
[7016] 2015/03/01 03:22:26.249 SKQuoteLib_AttachHistoryTicksGetCallBack 
[7016] 2015/03/01 03:22:26.264 SKQuoteLib_AttachProductsReadyCallBack 
[7016] 2015/03/01 03:22:26.467 SKQuoteLib_EnterMonitor IP¡Ginfo24.capital.com.tw
[7016] 2015/03/01 03:22:42.141 SocketConnect Type¡G100  ErrorCode¡G0
[7016] 2015/03/01 03:22:55.241 Stocks Ready
[7016] 2015/03/01 03:23:19.150 SKQuoteLib_GetKLine(TX00,2)
[7016] 2015/03/01 03:23:25.095 SKQuoteLib_GetKLine(TX00,1)
[7016] 2015/03/01 03:23:54.899 Check Link Status 
[7016] 2015/03/01 03:24:18.536 SKQuoteLib_RequestTicks (1,TX00)
[7016] 2015/03/01 03:25:26.411 Check Link Status 
[7016] 2015/03/01 03:25:29.640 SKQuoteLib_LeaveMonitor 
[7016] 2015/03/01 03:25:29.672 SocketClose Type¡G101  ErrorCode¡G0
[7016] 2015/03/01 03:25:29.884 API ExitInstance 
[7056] 2015/03/01 03:28:00.629 API InitInstance 
[7056] 2015/03/01 03:28:21.731 SKQuoteLib_Initialize ¡GS122811334
[7056] 2015/03/01 03:28:21.731 SKQuoteLib_Initialize ¡Ghttps://order2.capital.com.tw/
[7056] 2015/03/01 03:28:23.276 SKQuoteLib_Initialize  SUCCESS 
[7056] 2015/03/01 03:28:23.276 SKQuoteLib_AttachConnectionCallBack 
[7056] 2015/03/01 03:28:23.276 SKQuoteLib_AttachQuoteCallBack 
[7056] 2015/03/01 03:28:23.276 SKQuoteLib_AttachBest5CallBack 
[7056] 2015/03/01 03:28:23.276 SKQuoteLib_AttachTicksGetCallBack 
[7056] 2015/03/01 03:28:23.276 SKQuoteLib_AttachKLineDataCallBack 
[7056] 2015/03/01 03:28:23.276 SKQuoteLib_AttachMarketTotCallBack 
[7056] 2015/03/01 03:28:23.276 SKQuoteLib_AttachMarketBuySellCallBack 
[7056] 2015/03/01 03:28:23.276 SKQuoteLib_AttachMarketHighLowCallBack 
[7056] 2015/03/01 03:28:23.276 SKQuoteLib_AttachStrikePricesCallBack 
[7056] 2015/03/01 03:28:23.276 SKQuoteLib_AttchServerTimeCallBack 
[7056] 2015/03/01 03:28:23.276 SKQuoteLib_AttachHistoryTicksGetCallBack 
[7056] 2015/03/01 03:28:23.276 SKQuoteLib_AttachProductsReadyCallBack 
[7056] 2015/03/01 03:28:23.478 SKQuoteLib_EnterMonitor IP¡Ginfo21.capital.com.tw
[7056] 2015/03/01 03:28:38.788 SocketConnect Type¡G100  ErrorCode¡G0
[7056] 2015/03/01 03:28:46.698 Stocks Ready
[7056] 2015/03/01 03:28:54.161 SKQuoteLib_GetKLine(TX00,2)
[7056] 2015/03/01 03:28:58.733 SKQuoteLib_GetKLine(TX00,1)
[7056] 2015/03/01 03:29:14.092 SKQuoteLib_RequestTicks (1,TX00)
[7056] 2015/03/01 03:30:05.394 Check Link Status 
[7056] 2015/03/01 03:30:22.092 SKQuoteLib_LeaveMonitor 
[7056] 2015/03/01 03:30:22.138 SocketClose Type¡G101  ErrorCode¡G0
[7056] 2015/03/01 03:30:22.306 API ExitInstance 
[4264] 2015/03/01 03:32:33.136 API InitInstance 
[4264] 2015/03/01 03:32:53.809 SKQuoteLib_Initialize ¡GS122811334
[4264] 2015/03/01 03:32:53.809 SKQuoteLib_Initialize ¡Ghttps://order2.capital.com.tw/
[4264] 2015/03/01 03:32:55.354 SKQuoteLib_Initialize  SUCCESS 
[4264] 2015/03/01 03:32:55.354 SKQuoteLib_AttachConnectionCallBack 
[4264] 2015/03/01 03:32:55.370 SKQuoteLib_AttachQuoteCallBack 
[4264] 2015/03/01 03:32:55.370 SKQuoteLib_AttachBest5CallBack 
[4264] 2015/03/01 03:32:55.370 SKQuoteLib_AttachTicksGetCallBack 
[4264] 2015/03/01 03:32:55.370 SKQuoteLib_AttachKLineDataCallBack 
[4264] 2015/03/01 03:32:55.370 SKQuoteLib_AttachMarketTotCallBack 
[4264] 2015/03/01 03:32:55.370 SKQuoteLib_AttachMarketBuySellCallBack 
[4264] 2015/03/01 03:32:55.370 SKQuoteLib_AttachMarketHighLowCallBack 
[4264] 2015/03/01 03:32:55.370 SKQuoteLib_AttachStrikePricesCallBack 
[4264] 2015/03/01 03:32:55.370 SKQuoteLib_AttchServerTimeCallBack 
[4264] 2015/03/01 03:32:55.370 SKQuoteLib_AttachHistoryTicksGetCallBack 
[4264] 2015/03/01 03:32:55.370 SKQuoteLib_AttachProductsReadyCallBack 
[4264] 2015/03/01 03:32:55.557 SKQuoteLib_EnterMonitor IP¡Ginfo24.capital.com.tw
[4264] 2015/03/01 03:33:18.789 SocketConnect Type¡G100  ErrorCode¡G0
[4264] 2015/03/01 03:33:23.521 Stocks Ready
[4264] 2015/03/01 03:33:23.544 SKQuoteLib_GetKLine(TX00,2)
[4264] 2015/03/01 03:33:26.944 SKQuoteLib_GetKLine(TX00,1)
[4264] 2015/03/01 03:33:30.596 SKQuoteLib_RequestTicks (1,TX00)
[4264] 2015/03/01 03:34:24.660 Check Link Status 
[4264] 2015/03/01 03:34:38.012 SKQuoteLib_LeaveMonitor 
[4264] 2015/03/01 03:34:38.048 SocketClose Type¡G101  ErrorCode¡G0
[4264] 2015/03/01 03:34:38.240 API ExitInstance 
