[5628] 2015/01/06 03:29:41.661 SKOrderLib ª©¥» 2.1.22
[5628] 2015/01/06 03:29:41.661 Login ID: S122811334
[5628] 2015/01/06 03:29:42.770 CALL RegisterOnAccountCallBack()
[5628] 2015/01/06 03:29:42.770 CALL RegisterOnOrderAsyncReportCallBack()
[5628] 2015/01/06 03:29:42.770 CALL RegisterOnAccountWithLoginIDCallBack()
[5628] 2015/01/06 03:29:42.770 CALL RegisterOnRealBalanceReportCallBack()
[5628] 2015/01/06 03:29:42.770 CALL RegisterOnOpenInterestCallBack()
[5628] 2015/01/06 03:29:42.770 CALL RegisterOnStopLossReportCallBack()
[5628] 2015/01/06 03:29:42.770 CALL RegisterOnOverseaFuturesCallBack()
[5628] 2015/01/06 03:29:42.770 CALL RegisterOnOverseaFutureOpenInterestCallBack()
[5628] 2015/01/06 03:29:42.770 CALL RegisterOnOverseaOptionsCallBack()
[5628] 2015/01/06 03:29:42.770 CALL RegisterOnFutureRightCallBack()
[5628] 2015/01/06 03:29:42.770 CALL RegisterOnCertCanceled()
[5628] 2015/01/06 03:29:42.770 CALL RegisterOnExecutionReportCallBack()
[5628] 2015/01/06 03:29:42.770 CALL GetUserAccount()
[5628] 2015/01/06 03:29:42.770 TS,9186,9186,0213851,S122811334,½²¦¼´Ü,0,0
[5628] 2015/01/06 03:29:42.770 OS,9188,9188,0011491,S122811334,½²¦¼´Ü,0,0
[5628] 2015/01/06 03:29:42.770 TS,9188,9188,0259512,S122811334,½²¦¼´Ü,0,0
[5628] 2015/01/06 03:29:42.786 TF,F020000,000,9232116,S122811334,½²¦¼´Ü,0,0
[5628] 2015/01/06 03:29:42.786 OF,F020000,000,9232116,S122811334,½²¦¼´Ü,0,0
[5628] 2015/01/06 03:29:42.786 TF,F020000,000,9232129,S122811334,½²¦¼´Ü,0,0
[5628] 2015/01/06 03:29:42.786 OF,F020000,000,9232129,S122811334,½²¦¼´Ü,0,0
[5628] 2015/01/06 03:29:42.786 CALL SKOrderLib_ReadCertByID(S122811334)
[344] 2015/01/06 03:30:39.114 SKOrderLib ª©¥» 2.1.22
[344] 2015/01/06 03:30:39.114 Login ID: S122811334
[344] 2015/01/06 03:30:40.145 CALL RegisterOnAccountCallBack()
[344] 2015/01/06 03:30:40.145 CALL RegisterOnOrderAsyncReportCallBack()
[344] 2015/01/06 03:30:40.145 CALL RegisterOnAccountWithLoginIDCallBack()
[344] 2015/01/06 03:30:40.145 CALL RegisterOnRealBalanceReportCallBack()
[344] 2015/01/06 03:30:40.145 CALL RegisterOnOpenInterestCallBack()
[344] 2015/01/06 03:30:40.145 CALL RegisterOnStopLossReportCallBack()
[344] 2015/01/06 03:30:40.145 CALL RegisterOnOverseaFuturesCallBack()
[344] 2015/01/06 03:30:40.145 CALL RegisterOnOverseaFutureOpenInterestCallBack()
[344] 2015/01/06 03:30:40.145 CALL RegisterOnOverseaOptionsCallBack()
[344] 2015/01/06 03:30:40.145 CALL RegisterOnFutureRightCallBack()
[344] 2015/01/06 03:30:40.145 CALL RegisterOnCertCanceled()
[344] 2015/01/06 03:30:40.145 CALL RegisterOnExecutionReportCallBack()
[344] 2015/01/06 03:30:40.145 CALL GetUserAccount()
[344] 2015/01/06 03:30:40.145 TS,9186,9186,0213851,S122811334,½²¦¼´Ü,0,0
[344] 2015/01/06 03:30:40.161 OS,9188,9188,0011491,S122811334,½²¦¼´Ü,0,0
[344] 2015/01/06 03:30:40.161 TS,9188,9188,0259512,S122811334,½²¦¼´Ü,0,0
[344] 2015/01/06 03:30:40.161 TF,F020000,000,9232116,S122811334,½²¦¼´Ü,0,0
[344] 2015/01/06 03:30:40.161 OF,F020000,000,9232116,S122811334,½²¦¼´Ü,0,0
[344] 2015/01/06 03:30:40.161 TF,F020000,000,9232129,S122811334,½²¦¼´Ü,0,0
[344] 2015/01/06 03:30:40.161 OF,F020000,000,9232129,S122811334,½²¦¼´Ü,0,0
[344] 2015/01/06 03:30:40.161 CALL SKOrderLib_ReadCertByID(S122811334)
[3688] 2015/01/06 03:34:00.176 SKOrderLib ª©¥» 2.1.22
[3688] 2015/01/06 03:34:00.176 Login ID: S122811334
[3688] 2015/01/06 03:34:02.645 CALL RegisterOnAccountCallBack()
[3688] 2015/01/06 03:34:02.645 CALL RegisterOnOrderAsyncReportCallBack()
[3688] 2015/01/06 03:34:02.645 CALL RegisterOnAccountWithLoginIDCallBack()
[3688] 2015/01/06 03:34:02.645 CALL RegisterOnRealBalanceReportCallBack()
[3688] 2015/01/06 03:34:02.645 CALL RegisterOnOpenInterestCallBack()
[3688] 2015/01/06 03:34:02.645 CALL RegisterOnStopLossReportCallBack()
[3688] 2015/01/06 03:34:02.645 CALL RegisterOnOverseaFuturesCallBack()
[3688] 2015/01/06 03:34:05.755 CALL RegisterOnOverseaFutureOpenInterestCallBack()
[3688] 2015/01/06 03:34:05.755 CALL RegisterOnOverseaOptionsCallBack()
[3688] 2015/01/06 03:34:05.755 CALL RegisterOnFutureRightCallBack()
[3688] 2015/01/06 03:34:05.755 CALL RegisterOnCertCanceled()
[3688] 2015/01/06 03:34:05.755 CALL RegisterOnExecutionReportCallBack()
[3688] 2015/01/06 03:34:05.755 CALL GetUserAccount()
[3688] 2015/01/06 03:34:05.755 TS,9186,9186,0213851,S122811334,½²¦¼´Ü,0,0
[3688] 2015/01/06 03:34:12.661 OS,9188,9188,0011491,S122811334,½²¦¼´Ü,0,0
[3688] 2015/01/06 03:34:16.239 TS,9188,9188,0259512,S122811334,½²¦¼´Ü,0,0
[3688] 2015/01/06 03:34:24.192 TF,F020000,000,9232116,S122811334,½²¦¼´Ü,0,0
[3688] 2015/01/06 03:34:31.067 OF,F020000,000,9232116,S122811334,½²¦¼´Ü,0,0
[3688] 2015/01/06 03:34:37.895 TF,F020000,000,9232129,S122811334,½²¦¼´Ü,0,0
[3688] 2015/01/06 03:34:41.286 OF,F020000,000,9232129,S122811334,½²¦¼´Ü,0,0
[3688] 2015/01/06 03:34:47.801 CALL SKOrderLib_ReadCertByID(S122811334)
[4876] 2015/01/06 04:01:42.364 SKOrderLib ª©¥» 2.1.22
[4876] 2015/01/06 04:01:42.364 Login ID: S122811334
[4876] 2015/01/06 04:01:47.973 CALL RegisterOnAccountCallBack()
[4876] 2015/01/06 04:01:47.973 CALL RegisterOnOrderAsyncReportCallBack()
[4876] 2015/01/06 04:01:47.973 CALL RegisterOnAccountWithLoginIDCallBack()
[4876] 2015/01/06 04:01:47.973 CALL RegisterOnRealBalanceReportCallBack()
[4876] 2015/01/06 04:01:47.973 CALL RegisterOnOpenInterestCallBack()
[4876] 2015/01/06 04:01:47.973 CALL RegisterOnStopLossReportCallBack()
[4876] 2015/01/06 04:01:47.973 CALL RegisterOnOverseaFuturesCallBack()
[4876] 2015/01/06 04:01:51.333 CALL RegisterOnOverseaFutureOpenInterestCallBack()
[4876] 2015/01/06 04:01:51.333 CALL RegisterOnOverseaOptionsCallBack()
[4876] 2015/01/06 04:01:51.333 CALL RegisterOnFutureRightCallBack()
[4876] 2015/01/06 04:01:51.333 CALL RegisterOnCertCanceled()
[4876] 2015/01/06 04:01:51.333 CALL RegisterOnExecutionReportCallBack()
[4876] 2015/01/06 04:01:51.333 CALL GetUserAccount()
[4876] 2015/01/06 04:01:51.333 TS,9186,9186,0213851,S122811334,½²¦¼´Ü,0,0
[4876] 2015/01/06 04:01:56.723 OS,9188,9188,0011491,S122811334,½²¦¼´Ü,0,0
[4876] 2015/01/06 04:01:59.098 TS,9188,9188,0259512,S122811334,½²¦¼´Ü,0,0
[4876] 2015/01/06 04:02:00.880 TF,F020000,000,9232116,S122811334,½²¦¼´Ü,0,0
[4876] 2015/01/06 04:02:02.723 OF,F020000,000,9232116,S122811334,½²¦¼´Ü,0,0
[4876] 2015/01/06 04:02:04.426 TF,F020000,000,9232129,S122811334,½²¦¼´Ü,0,0
[4876] 2015/01/06 04:02:07.208 OF,F020000,000,9232129,S122811334,½²¦¼´Ü,0,0
[4876] 2015/01/06 04:02:09.770 CALL SKOrderLib_ReadCertByID(S122811334)
[4900] 2015/01/06 04:11:56.192 SKOrderLib ª©¥» 2.1.22
[4900] 2015/01/06 04:11:56.192 Login ID: S122811334
[4900] 2015/01/06 04:11:57.317 CALL RegisterOnAccountCallBack()
[4900] 2015/01/06 04:11:57.317 CALL RegisterOnOrderAsyncReportCallBack()
[4900] 2015/01/06 04:11:57.317 CALL RegisterOnAccountWithLoginIDCallBack()
[4900] 2015/01/06 04:11:57.317 CALL RegisterOnRealBalanceReportCallBack()
[4900] 2015/01/06 04:11:57.317 CALL RegisterOnOpenInterestCallBack()
[4900] 2015/01/06 04:11:57.317 CALL RegisterOnStopLossReportCallBack()
[4900] 2015/01/06 04:11:57.317 CALL RegisterOnOverseaFuturesCallBack()
[4900] 2015/01/06 04:11:57.317 CALL RegisterOnOverseaFutureOpenInterestCallBack()
[4900] 2015/01/06 04:11:57.317 CALL RegisterOnOverseaOptionsCallBack()
[4900] 2015/01/06 04:11:57.317 CALL RegisterOnFutureRightCallBack()
[4900] 2015/01/06 04:11:57.317 CALL RegisterOnCertCanceled()
[4900] 2015/01/06 04:11:57.333 CALL RegisterOnExecutionReportCallBack()
[4900] 2015/01/06 04:11:57.333 CALL GetUserAccount()
[4900] 2015/01/06 04:11:57.333 TS,9186,9186,0213851,S122811334,½²¦¼´Ü,0,0
[4900] 2015/01/06 04:11:57.333 OS,9188,9188,0011491,S122811334,½²¦¼´Ü,0,0
[4900] 2015/01/06 04:11:57.333 TS,9188,9188,0259512,S122811334,½²¦¼´Ü,0,0
[4900] 2015/01/06 04:11:57.333 TF,F020000,000,9232116,S122811334,½²¦¼´Ü,0,0
[4900] 2015/01/06 04:11:57.333 OF,F020000,000,9232116,S122811334,½²¦¼´Ü,0,0
[4900] 2015/01/06 04:11:57.348 TF,F020000,000,9232129,S122811334,½²¦¼´Ü,0,0
[4900] 2015/01/06 04:11:57.348 OF,F020000,000,9232129,S122811334,½²¦¼´Ü,0,0
[4900] 2015/01/06 04:11:57.348 CALL SKOrderLib_ReadCertByID(S122811334)
[3380] 2015/01/06 04:12:00.833 SKOrderLib ª©¥» 2.1.22
[3380] 2015/01/06 04:12:00.833 Login ID: S122811334
[3380] 2015/01/06 04:12:01.848 CALL RegisterOnAccountCallBack()
[3380] 2015/01/06 04:12:01.848 CALL RegisterOnOrderAsyncReportCallBack()
[3380] 2015/01/06 04:12:01.848 CALL RegisterOnAccountWithLoginIDCallBack()
[3380] 2015/01/06 04:12:01.848 CALL RegisterOnRealBalanceReportCallBack()
[3380] 2015/01/06 04:12:01.848 CALL RegisterOnOpenInterestCallBack()
[3380] 2015/01/06 04:12:01.848 CALL RegisterOnStopLossReportCallBack()
[3380] 2015/01/06 04:12:01.848 CALL RegisterOnOverseaFuturesCallBack()
[3380] 2015/01/06 04:12:01.848 CALL RegisterOnOverseaFutureOpenInterestCallBack()
[3380] 2015/01/06 04:12:01.848 CALL RegisterOnOverseaOptionsCallBack()
[3380] 2015/01/06 04:12:01.848 CALL RegisterOnFutureRightCallBack()
[3380] 2015/01/06 04:12:01.848 CALL RegisterOnCertCanceled()
[3380] 2015/01/06 04:12:01.848 CALL RegisterOnExecutionReportCallBack()
[3380] 2015/01/06 04:12:01.848 CALL GetUserAccount()
[3380] 2015/01/06 04:12:01.848 TS,9186,9186,0213851,S122811334,½²¦¼´Ü,0,0
[3380] 2015/01/06 04:12:01.848 OS,9188,9188,0011491,S122811334,½²¦¼´Ü,0,0
[3380] 2015/01/06 04:12:01.848 TS,9188,9188,0259512,S122811334,½²¦¼´Ü,0,0
[3380] 2015/01/06 04:12:01.864 TF,F020000,000,9232116,S122811334,½²¦¼´Ü,0,0
[3380] 2015/01/06 04:12:01.864 OF,F020000,000,9232116,S122811334,½²¦¼´Ü,0,0
[3380] 2015/01/06 04:12:01.864 TF,F020000,000,9232129,S122811334,½²¦¼´Ü,0,0
[3380] 2015/01/06 04:12:01.864 OF,F020000,000,9232129,S122811334,½²¦¼´Ü,0,0
[3380] 2015/01/06 04:12:01.864 CALL SKOrderLib_ReadCertByID(S122811334)
[2592] 2015/01/06 04:15:24.114 SKOrderLib ª©¥» 2.1.22
[2592] 2015/01/06 04:15:24.114 Login ID: S122811334
[2592] 2015/01/06 04:15:25.145 CALL RegisterOnAccountCallBack()
[2592] 2015/01/06 04:15:25.145 CALL RegisterOnOrderAsyncReportCallBack()
[2592] 2015/01/06 04:15:25.145 CALL RegisterOnAccountWithLoginIDCallBack()
[2592] 2015/01/06 04:15:25.145 CALL RegisterOnRealBalanceReportCallBack()
[2592] 2015/01/06 04:15:25.145 CALL RegisterOnOpenInterestCallBack()
[2592] 2015/01/06 04:15:25.145 CALL RegisterOnStopLossReportCallBack()
[2592] 2015/01/06 04:15:25.145 CALL RegisterOnOverseaFuturesCallBack()
[2592] 2015/01/06 04:15:25.161 CALL RegisterOnOverseaFutureOpenInterestCallBack()
[2592] 2015/01/06 04:15:25.161 CALL RegisterOnOverseaOptionsCallBack()
[2592] 2015/01/06 04:15:25.161 CALL RegisterOnFutureRightCallBack()
[2592] 2015/01/06 04:15:25.161 CALL RegisterOnCertCanceled()
[2592] 2015/01/06 04:15:25.161 CALL RegisterOnExecutionReportCallBack()
[2592] 2015/01/06 04:15:25.161 CALL GetUserAccount()
[2592] 2015/01/06 04:15:25.161 TS,9186,9186,0213851,S122811334,½²¦¼´Ü,0,0
[2592] 2015/01/06 04:15:25.161 OS,9188,9188,0011491,S122811334,½²¦¼´Ü,0,0
[2592] 2015/01/06 04:15:25.161 TS,9188,9188,0259512,S122811334,½²¦¼´Ü,0,0
[2592] 2015/01/06 04:15:25.161 TF,F020000,000,9232116,S122811334,½²¦¼´Ü,0,0
[2592] 2015/01/06 04:15:25.176 OF,F020000,000,9232116,S122811334,½²¦¼´Ü,0,0
[2592] 2015/01/06 04:15:25.176 TF,F020000,000,9232129,S122811334,½²¦¼´Ü,0,0
[2592] 2015/01/06 04:15:25.176 OF,F020000,000,9232129,S122811334,½²¦¼´Ü,0,0
[2592] 2015/01/06 04:15:25.176 CALL SKOrderLib_ReadCertByID(S122811334)
[536] 2015/01/06 04:15:28.098 SKOrderLib ª©¥» 2.1.22
[536] 2015/01/06 04:15:28.098 Login ID: S122811334
[536] 2015/01/06 04:15:28.973 CALL RegisterOnAccountCallBack()
[536] 2015/01/06 04:15:28.973 CALL RegisterOnOrderAsyncReportCallBack()
[536] 2015/01/06 04:15:28.973 CALL RegisterOnAccountWithLoginIDCallBack()
[536] 2015/01/06 04:15:28.973 CALL RegisterOnRealBalanceReportCallBack()
[536] 2015/01/06 04:15:28.973 CALL RegisterOnOpenInterestCallBack()
[536] 2015/01/06 04:15:28.973 CALL RegisterOnStopLossReportCallBack()
[536] 2015/01/06 04:15:28.973 CALL RegisterOnOverseaFuturesCallBack()
[536] 2015/01/06 04:15:28.973 CALL RegisterOnOverseaFutureOpenInterestCallBack()
[536] 2015/01/06 04:15:28.973 CALL RegisterOnOverseaOptionsCallBack()
[536] 2015/01/06 04:15:28.973 CALL RegisterOnFutureRightCallBack()
[536] 2015/01/06 04:15:28.973 CALL RegisterOnCertCanceled()
[536] 2015/01/06 04:15:28.973 CALL RegisterOnExecutionReportCallBack()
[536] 2015/01/06 04:15:28.973 CALL GetUserAccount()
[536] 2015/01/06 04:15:28.973 TS,9186,9186,0213851,S122811334,½²¦¼´Ü,0,0
[536] 2015/01/06 04:15:28.973 OS,9188,9188,0011491,S122811334,½²¦¼´Ü,0,0
[536] 2015/01/06 04:15:28.989 TS,9188,9188,0259512,S122811334,½²¦¼´Ü,0,0
[536] 2015/01/06 04:15:28.989 TF,F020000,000,9232116,S122811334,½²¦¼´Ü,0,0
[536] 2015/01/06 04:15:28.989 OF,F020000,000,9232116,S122811334,½²¦¼´Ü,0,0
[536] 2015/01/06 04:15:28.989 TF,F020000,000,9232129,S122811334,½²¦¼´Ü,0,0
[536] 2015/01/06 04:15:28.989 OF,F020000,000,9232129,S122811334,½²¦¼´Ü,0,0
[536] 2015/01/06 04:15:29.005 CALL SKOrderLib_ReadCertByID(S122811334)
[4044] 2015/01/06 11:54:41.931 SKOrderLib ª©¥» 2.1.21
[4044] 2015/01/06 11:54:41.931 Login ID: S122811334
[4044] 2015/01/06 11:54:42.494 CALL RegisterOnAccountCallBack()
[4044] 2015/01/06 11:54:42.494 CALL RegisterOnOrderAsyncReportCallBack()
[4044] 2015/01/06 11:54:42.494 CALL RegisterOnAccountWithLoginIDCallBack()
[4044] 2015/01/06 11:54:42.494 CALL RegisterOnRealBalanceReportCallBack()
[4044] 2015/01/06 11:54:42.494 CALL RegisterOnOpenInterestCallBack()
[4044] 2015/01/06 11:54:42.494 CALL RegisterOnStopLossReportCallBack()
[4044] 2015/01/06 11:54:42.494 CALL RegisterOnOverseaFuturesCallBack()
[4044] 2015/01/06 11:54:42.494 CALL RegisterOnOverseaFutureOpenInterestCallBack()
[4044] 2015/01/06 11:54:42.494 CALL RegisterOnOverseaOptionsCallBack()
[4044] 2015/01/06 11:54:42.494 CALL RegisterOnFutureRightCallBack()
[4044] 2015/01/06 11:54:42.494 CALL RegisterOnCertCanceled()
[4044] 2015/01/06 11:54:42.494 CALL RegisterOnExecutionReportCallBack()
[4044] 2015/01/06 11:54:42.494 CALL GetUserAccount()
[4044] 2015/01/06 11:54:42.509 TS,9186,9186,0213851,S122811334,½²¦¼´Ü,0,0
[4044] 2015/01/06 11:54:42.509 OS,9188,9188,0011491,S122811334,½²¦¼´Ü,0,0
[4044] 2015/01/06 11:54:42.509 TS,9188,9188,0259512,S122811334,½²¦¼´Ü,0,0
[4044] 2015/01/06 11:54:42.509 TF,F020000,000,9232116,S122811334,½²¦¼´Ü,0,0
[4044] 2015/01/06 11:54:42.509 OF,F020000,000,9232116,S122811334,½²¦¼´Ü,0,0
[4044] 2015/01/06 11:54:42.509 TF,F020000,000,9232129,S122811334,½²¦¼´Ü,0,0
[4044] 2015/01/06 11:54:42.509 OF,F020000,000,9232129,S122811334,½²¦¼´Ü,0,0
[4044] 2015/01/06 11:54:42.509 CALL SKOrderLib_ReadCertByID(S122811334)
[4208] 2015/01/06 11:55:34.822 SKOrderLib ª©¥» 2.1.21
[4208] 2015/01/06 11:55:34.822 Login ID: S122811334
[4208] 2015/01/06 11:55:35.291 CALL RegisterOnAccountCallBack()
[4208] 2015/01/06 11:55:35.306 CALL RegisterOnOrderAsyncReportCallBack()
[4208] 2015/01/06 11:55:35.306 CALL RegisterOnAccountWithLoginIDCallBack()
[4208] 2015/01/06 11:55:35.306 CALL RegisterOnRealBalanceReportCallBack()
[4208] 2015/01/06 11:55:35.306 CALL RegisterOnOpenInterestCallBack()
[4208] 2015/01/06 11:55:35.306 CALL RegisterOnStopLossReportCallBack()
[4208] 2015/01/06 11:55:35.306 CALL RegisterOnOverseaFuturesCallBack()
[4208] 2015/01/06 11:55:35.306 CALL RegisterOnOverseaFutureOpenInterestCallBack()
[4208] 2015/01/06 11:55:35.306 CALL RegisterOnOverseaOptionsCallBack()
[4208] 2015/01/06 11:55:35.306 CALL RegisterOnFutureRightCallBack()
[4208] 2015/01/06 11:55:35.306 CALL RegisterOnCertCanceled()
[4208] 2015/01/06 11:55:35.306 CALL RegisterOnExecutionReportCallBack()
[4208] 2015/01/06 11:55:35.306 CALL GetUserAccount()
[4208] 2015/01/06 11:55:35.306 TS,9186,9186,0213851,S122811334,½²¦¼´Ü,0,0
[4208] 2015/01/06 11:55:35.306 OS,9188,9188,0011491,S122811334,½²¦¼´Ü,0,0
[4208] 2015/01/06 11:55:35.306 TS,9188,9188,0259512,S122811334,½²¦¼´Ü,0,0
[4208] 2015/01/06 11:55:35.306 TF,F020000,000,9232116,S122811334,½²¦¼´Ü,0,0
[4208] 2015/01/06 11:55:35.306 OF,F020000,000,9232116,S122811334,½²¦¼´Ü,0,0
[4208] 2015/01/06 11:55:35.306 TF,F020000,000,9232129,S122811334,½²¦¼´Ü,0,0
[4208] 2015/01/06 11:55:35.306 OF,F020000,000,9232129,S122811334,½²¦¼´Ü,0,0
[4208] 2015/01/06 11:55:35.322 CALL SKOrderLib_ReadCertByID(S122811334)
[4548] 2015/01/06 11:59:00.150 SKOrderLib ª©¥» 2.1.21
[4548] 2015/01/06 11:59:00.150 Login ID: S122811334
[4548] 2015/01/06 11:59:00.681 CALL RegisterOnAccountCallBack()
[4548] 2015/01/06 11:59:00.681 CALL RegisterOnOrderAsyncReportCallBack()
[4548] 2015/01/06 11:59:00.681 CALL RegisterOnAccountWithLoginIDCallBack()
[4548] 2015/01/06 11:59:00.681 CALL RegisterOnRealBalanceReportCallBack()
[4548] 2015/01/06 11:59:00.681 CALL RegisterOnOpenInterestCallBack()
[4548] 2015/01/06 11:59:00.681 CALL RegisterOnStopLossReportCallBack()
[4548] 2015/01/06 11:59:00.681 CALL RegisterOnOverseaFuturesCallBack()
[4548] 2015/01/06 11:59:00.681 CALL RegisterOnOverseaFutureOpenInterestCallBack()
[4548] 2015/01/06 11:59:00.681 CALL RegisterOnOverseaOptionsCallBack()
[4548] 2015/01/06 11:59:00.681 CALL RegisterOnFutureRightCallBack()
[4548] 2015/01/06 11:59:00.681 CALL RegisterOnCertCanceled()
[4548] 2015/01/06 11:59:00.681 CALL RegisterOnExecutionReportCallBack()
[4548] 2015/01/06 11:59:00.681 CALL GetUserAccount()
[4548] 2015/01/06 11:59:00.681 TS,9186,9186,0213851,S122811334,½²¦¼´Ü,0,0
[4548] 2015/01/06 11:59:00.681 OS,9188,9188,0011491,S122811334,½²¦¼´Ü,0,0
[4548] 2015/01/06 11:59:00.697 TS,9188,9188,0259512,S122811334,½²¦¼´Ü,0,0
[4548] 2015/01/06 11:59:00.697 TF,F020000,000,9232116,S122811334,½²¦¼´Ü,0,0
[4548] 2015/01/06 11:59:00.697 OF,F020000,000,9232116,S122811334,½²¦¼´Ü,0,0
[4548] 2015/01/06 11:59:00.697 TF,F020000,000,9232129,S122811334,½²¦¼´Ü,0,0
[4548] 2015/01/06 11:59:00.697 OF,F020000,000,9232129,S122811334,½²¦¼´Ü,0,0
[4548] 2015/01/06 11:59:00.697 CALL SKOrderLib_ReadCertByID(S122811334)
[2436] 2015/01/06 13:02:54.509 SKOrderLib ª©¥» 2.1.21
[2436] 2015/01/06 13:02:54.525 Login ID: S122811334
[2436] 2015/01/06 13:02:55.025 CALL RegisterOnAccountCallBack()
[2436] 2015/01/06 13:02:55.025 CALL RegisterOnOrderAsyncReportCallBack()
[2436] 2015/01/06 13:02:55.025 CALL RegisterOnAccountWithLoginIDCallBack()
[2436] 2015/01/06 13:02:55.041 CALL RegisterOnRealBalanceReportCallBack()
[2436] 2015/01/06 13:02:55.041 CALL RegisterOnOpenInterestCallBack()
[2436] 2015/01/06 13:02:55.041 CALL RegisterOnStopLossReportCallBack()
[2436] 2015/01/06 13:02:55.041 CALL RegisterOnOverseaFuturesCallBack()
[2436] 2015/01/06 13:02:55.041 CALL RegisterOnOverseaFutureOpenInterestCallBack()
[2436] 2015/01/06 13:02:55.041 CALL RegisterOnOverseaOptionsCallBack()
[2436] 2015/01/06 13:02:55.041 CALL RegisterOnFutureRightCallBack()
[2436] 2015/01/06 13:02:55.041 CALL RegisterOnCertCanceled()
[2436] 2015/01/06 13:02:55.041 CALL RegisterOnExecutionReportCallBack()
[2436] 2015/01/06 13:02:55.041 CALL GetUserAccount()
[2436] 2015/01/06 13:02:55.041 TS,9186,9186,0213851,S122811334,½²¦¼´Ü,0,0
[2436] 2015/01/06 13:02:55.041 OS,9188,9188,0011491,S122811334,½²¦¼´Ü,0,0
[2436] 2015/01/06 13:02:55.041 TS,9188,9188,0259512,S122811334,½²¦¼´Ü,0,0
[2436] 2015/01/06 13:02:55.041 TF,F020000,000,9232116,S122811334,½²¦¼´Ü,0,0
[2436] 2015/01/06 13:02:55.041 OF,F020000,000,9232116,S122811334,½²¦¼´Ü,0,0
[2436] 2015/01/06 13:02:55.041 TF,F020000,000,9232129,S122811334,½²¦¼´Ü,0,0
[2436] 2015/01/06 13:02:55.041 OF,F020000,000,9232129,S122811334,½²¦¼´Ü,0,0
[2436] 2015/01/06 13:02:55.056 CALL SKOrderLib_ReadCertByID(S122811334)
[4044] 2015/01/06 13:02:57.916 SKOrderLib ª©¥» 2.1.21
[4044] 2015/01/06 13:02:57.916 Login ID: S122811334
[4044] 2015/01/06 13:02:58.462 CALL RegisterOnAccountCallBack()
[4044] 2015/01/06 13:02:58.462 CALL RegisterOnOrderAsyncReportCallBack()
[4044] 2015/01/06 13:02:58.462 CALL RegisterOnAccountWithLoginIDCallBack()
[4044] 2015/01/06 13:02:58.462 CALL RegisterOnRealBalanceReportCallBack()
[4044] 2015/01/06 13:02:58.462 CALL RegisterOnOpenInterestCallBack()
[4044] 2015/01/06 13:02:58.462 CALL RegisterOnStopLossReportCallBack()
[4044] 2015/01/06 13:02:58.462 CALL RegisterOnOverseaFuturesCallBack()
[4044] 2015/01/06 13:02:58.462 CALL RegisterOnOverseaFutureOpenInterestCallBack()
[4044] 2015/01/06 13:02:58.462 CALL RegisterOnOverseaOptionsCallBack()
[4044] 2015/01/06 13:02:58.462 CALL RegisterOnFutureRightCallBack()
[4044] 2015/01/06 13:02:58.462 CALL RegisterOnCertCanceled()
[4044] 2015/01/06 13:02:58.462 CALL RegisterOnExecutionReportCallBack()
[4044] 2015/01/06 13:02:58.462 CALL GetUserAccount()
[4044] 2015/01/06 13:02:58.462 TS,9186,9186,0213851,S122811334,½²¦¼´Ü,0,0
[4044] 2015/01/06 13:02:58.462 OS,9188,9188,0011491,S122811334,½²¦¼´Ü,0,0
[4044] 2015/01/06 13:02:58.462 TS,9188,9188,0259512,S122811334,½²¦¼´Ü,0,0
[4044] 2015/01/06 13:02:58.462 TF,F020000,000,9232116,S122811334,½²¦¼´Ü,0,0
[4044] 2015/01/06 13:02:58.462 OF,F020000,000,9232116,S122811334,½²¦¼´Ü,0,0
[4044] 2015/01/06 13:02:58.478 TF,F020000,000,9232129,S122811334,½²¦¼´Ü,0,0
[4044] 2015/01/06 13:02:58.478 OF,F020000,000,9232129,S122811334,½²¦¼´Ü,0,0
[4044] 2015/01/06 13:02:58.478 CALL SKOrderLib_ReadCertByID(S122811334)
[5088] 2015/01/06 13:07:21.119 SKOrderLib ª©¥» 2.1.21
[5088] 2015/01/06 13:07:21.119 Login ID: S122811334
[5088] 2015/01/06 13:07:21.650 CALL RegisterOnAccountCallBack()
[5088] 2015/01/06 13:07:21.650 CALL RegisterOnOrderAsyncReportCallBack()
[5088] 2015/01/06 13:07:21.650 CALL RegisterOnAccountWithLoginIDCallBack()
[5088] 2015/01/06 13:07:21.650 CALL RegisterOnRealBalanceReportCallBack()
[5088] 2015/01/06 13:07:21.650 CALL RegisterOnOpenInterestCallBack()
[5088] 2015/01/06 13:07:21.650 CALL RegisterOnStopLossReportCallBack()
[5088] 2015/01/06 13:07:21.650 CALL RegisterOnOverseaFuturesCallBack()
[5088] 2015/01/06 13:07:21.650 CALL RegisterOnOverseaFutureOpenInterestCallBack()
[5088] 2015/01/06 13:07:21.650 CALL RegisterOnOverseaOptionsCallBack()
[5088] 2015/01/06 13:07:21.650 CALL RegisterOnFutureRightCallBack()
[5088] 2015/01/06 13:07:21.650 CALL RegisterOnCertCanceled()
[5088] 2015/01/06 13:07:21.650 CALL RegisterOnExecutionReportCallBack()
[5088] 2015/01/06 13:07:21.650 CALL GetUserAccount()
[5088] 2015/01/06 13:07:21.650 TS,9186,9186,0213851,S122811334,½²¦¼´Ü,0,0
[5088] 2015/01/06 13:07:21.650 OS,9188,9188,0011491,S122811334,½²¦¼´Ü,0,0
[5088] 2015/01/06 13:07:21.650 TS,9188,9188,0259512,S122811334,½²¦¼´Ü,0,0
[5088] 2015/01/06 13:07:21.650 TF,F020000,000,9232116,S122811334,½²¦¼´Ü,0,0
[5088] 2015/01/06 13:07:21.650 OF,F020000,000,9232116,S122811334,½²¦¼´Ü,0,0
[5088] 2015/01/06 13:07:21.650 TF,F020000,000,9232129,S122811334,½²¦¼´Ü,0,0
[5088] 2015/01/06 13:07:21.666 OF,F020000,000,9232129,S122811334,½²¦¼´Ü,0,0
[5088] 2015/01/06 13:07:21.666 CALL SKOrderLib_ReadCertByID(S122811334)
[2440] 2015/01/06 13:11:56.525 SKOrderLib ª©¥» 2.1.21
[2440] 2015/01/06 13:11:56.525 Login ID: S122811334
[2440] 2015/01/06 13:11:57.056 CALL RegisterOnAccountCallBack()
[2440] 2015/01/06 13:11:57.056 CALL RegisterOnOrderAsyncReportCallBack()
[2440] 2015/01/06 13:11:57.056 CALL RegisterOnAccountWithLoginIDCallBack()
[2440] 2015/01/06 13:11:57.056 CALL RegisterOnRealBalanceReportCallBack()
[2440] 2015/01/06 13:11:57.056 CALL RegisterOnOpenInterestCallBack()
[2440] 2015/01/06 13:11:57.056 CALL RegisterOnStopLossReportCallBack()
[2440] 2015/01/06 13:11:57.056 CALL RegisterOnOverseaFuturesCallBack()
[2440] 2015/01/06 13:11:57.056 CALL RegisterOnOverseaFutureOpenInterestCallBack()
[2440] 2015/01/06 13:11:57.056 CALL RegisterOnOverseaOptionsCallBack()
[2440] 2015/01/06 13:11:57.056 CALL RegisterOnFutureRightCallBack()
[2440] 2015/01/06 13:11:57.056 CALL RegisterOnCertCanceled()
[2440] 2015/01/06 13:11:57.056 CALL RegisterOnExecutionReportCallBack()
[2440] 2015/01/06 13:11:57.056 CALL GetUserAccount()
[2440] 2015/01/06 13:11:57.056 TS,9186,9186,0213851,S122811334,½²¦¼´Ü,0,0
[2440] 2015/01/06 13:11:57.056 OS,9188,9188,0011491,S122811334,½²¦¼´Ü,0,0
[2440] 2015/01/06 13:11:57.056 TS,9188,9188,0259512,S122811334,½²¦¼´Ü,0,0
[2440] 2015/01/06 13:11:57.056 TF,F020000,000,9232116,S122811334,½²¦¼´Ü,0,0
[2440] 2015/01/06 13:11:57.072 OF,F020000,000,9232116,S122811334,½²¦¼´Ü,0,0
[2440] 2015/01/06 13:11:57.072 TF,F020000,000,9232129,S122811334,½²¦¼´Ü,0,0
[2440] 2015/01/06 13:11:57.072 OF,F020000,000,9232129,S122811334,½²¦¼´Ü,0,0
[2440] 2015/01/06 13:11:57.072 CALL SKOrderLib_ReadCertByID(S122811334)
[3416] 2015/01/06 13:11:59.541 SKOrderLib ª©¥» 2.1.21
[3416] 2015/01/06 13:11:59.556 Login ID: S122811334
[3416] 2015/01/06 13:12:00.056 CALL RegisterOnAccountCallBack()
[3416] 2015/01/06 13:12:00.056 CALL RegisterOnOrderAsyncReportCallBack()
[3416] 2015/01/06 13:12:00.056 CALL RegisterOnAccountWithLoginIDCallBack()
[3416] 2015/01/06 13:12:00.056 CALL RegisterOnRealBalanceReportCallBack()
[3416] 2015/01/06 13:12:00.056 CALL RegisterOnOpenInterestCallBack()
[3416] 2015/01/06 13:12:00.056 CALL RegisterOnStopLossReportCallBack()
[3416] 2015/01/06 13:12:00.056 CALL RegisterOnOverseaFuturesCallBack()
[3416] 2015/01/06 13:12:00.056 CALL RegisterOnOverseaFutureOpenInterestCallBack()
[3416] 2015/01/06 13:12:00.056 CALL RegisterOnOverseaOptionsCallBack()
[3416] 2015/01/06 13:12:00.056 CALL RegisterOnFutureRightCallBack()
[3416] 2015/01/06 13:12:00.056 CALL RegisterOnCertCanceled()
[3416] 2015/01/06 13:12:00.056 CALL RegisterOnExecutionReportCallBack()
[3416] 2015/01/06 13:12:00.056 CALL GetUserAccount()
[3416] 2015/01/06 13:12:00.056 TS,9186,9186,0213851,S122811334,½²¦¼´Ü,0,0
[3416] 2015/01/06 13:12:00.056 OS,9188,9188,0011491,S122811334,½²¦¼´Ü,0,0
[3416] 2015/01/06 13:12:00.072 TS,9188,9188,0259512,S122811334,½²¦¼´Ü,0,0
[3416] 2015/01/06 13:12:00.072 TF,F020000,000,9232116,S122811334,½²¦¼´Ü,0,0
[3416] 2015/01/06 13:12:00.072 OF,F020000,000,9232116,S122811334,½²¦¼´Ü,0,0
[3416] 2015/01/06 13:12:00.072 TF,F020000,000,9232129,S122811334,½²¦¼´Ü,0,0
[3416] 2015/01/06 13:12:00.072 OF,F020000,000,9232129,S122811334,½²¦¼´Ü,0,0
[3416] 2015/01/06 13:12:00.072 CALL SKOrderLib_ReadCertByID(S122811334)
[2676] 2015/01/06 16:48:00.212 SKOrderLib ª©¥» 2.1.21
[2676] 2015/01/06 16:48:00.212 Login ID: S122811334
[2676] 2015/01/06 16:48:00.759 CALL RegisterOnAccountCallBack()
[2676] 2015/01/06 16:48:00.759 CALL RegisterOnOrderAsyncReportCallBack()
[2676] 2015/01/06 16:48:00.759 CALL RegisterOnAccountWithLoginIDCallBack()
[2676] 2015/01/06 16:48:00.759 CALL RegisterOnRealBalanceReportCallBack()
[2676] 2015/01/06 16:48:00.759 CALL RegisterOnOpenInterestCallBack()
[2676] 2015/01/06 16:48:00.759 CALL RegisterOnStopLossReportCallBack()
[2676] 2015/01/06 16:48:00.759 CALL RegisterOnOverseaFuturesCallBack()
[2676] 2015/01/06 16:48:00.759 CALL RegisterOnOverseaFutureOpenInterestCallBack()
[2676] 2015/01/06 16:48:00.759 CALL RegisterOnOverseaOptionsCallBack()
[2676] 2015/01/06 16:48:00.759 CALL RegisterOnFutureRightCallBack()
[2676] 2015/01/06 16:48:00.759 CALL RegisterOnCertCanceled()
[2676] 2015/01/06 16:48:00.759 CALL RegisterOnExecutionReportCallBack()
[2676] 2015/01/06 16:48:00.759 CALL GetUserAccount()
[2676] 2015/01/06 16:48:00.759 TS,9186,9186,0213851,S122811334,½²¦¼´Ü,0,0
[2676] 2015/01/06 16:48:00.759 OS,9188,9188,0011491,S122811334,½²¦¼´Ü,0,0
[2676] 2015/01/06 16:48:00.759 TS,9188,9188,0259512,S122811334,½²¦¼´Ü,0,0
[2676] 2015/01/06 16:48:00.759 TF,F020000,000,9232116,S122811334,½²¦¼´Ü,0,0
[2676] 2015/01/06 16:48:00.759 OF,F020000,000,9232116,S122811334,½²¦¼´Ü,0,0
[2676] 2015/01/06 16:48:00.775 TF,F020000,000,9232129,S122811334,½²¦¼´Ü,0,0
[2676] 2015/01/06 16:48:00.775 OF,F020000,000,9232129,S122811334,½²¦¼´Ü,0,0
[2676] 2015/01/06 16:48:00.775 CALL SKOrderLib_ReadCertByID(S122811334)
[6044] 2015/01/06 16:48:04.619 SKOrderLib ª©¥» 2.1.21
[6044] 2015/01/06 16:48:04.634 Login ID: S122811334
[6044] 2015/01/06 16:48:05.134 CALL RegisterOnAccountCallBack()
[6044] 2015/01/06 16:48:05.134 CALL RegisterOnOrderAsyncReportCallBack()
[6044] 2015/01/06 16:48:05.134 CALL RegisterOnAccountWithLoginIDCallBack()
[6044] 2015/01/06 16:48:05.134 CALL RegisterOnRealBalanceReportCallBack()
[6044] 2015/01/06 16:48:05.134 CALL RegisterOnOpenInterestCallBack()
[6044] 2015/01/06 16:48:05.134 CALL RegisterOnStopLossReportCallBack()
[6044] 2015/01/06 16:48:05.134 CALL RegisterOnOverseaFuturesCallBack()
[6044] 2015/01/06 16:48:05.134 CALL RegisterOnOverseaFutureOpenInterestCallBack()
[6044] 2015/01/06 16:48:05.134 CALL RegisterOnOverseaOptionsCallBack()
[6044] 2015/01/06 16:48:05.134 CALL RegisterOnFutureRightCallBack()
[6044] 2015/01/06 16:48:05.134 CALL RegisterOnCertCanceled()
[6044] 2015/01/06 16:48:05.134 CALL RegisterOnExecutionReportCallBack()
[6044] 2015/01/06 16:48:05.134 CALL GetUserAccount()
[6044] 2015/01/06 16:48:05.134 TS,9186,9186,0213851,S122811334,½²¦¼´Ü,0,0
[6044] 2015/01/06 16:48:05.134 OS,9188,9188,0011491,S122811334,½²¦¼´Ü,0,0
[6044] 2015/01/06 16:48:05.134 TS,9188,9188,0259512,S122811334,½²¦¼´Ü,0,0
[6044] 2015/01/06 16:48:05.150 TF,F020000,000,9232116,S122811334,½²¦¼´Ü,0,0
[6044] 2015/01/06 16:48:05.150 OF,F020000,000,9232116,S122811334,½²¦¼´Ü,0,0
[6044] 2015/01/06 16:48:05.150 TF,F020000,000,9232129,S122811334,½²¦¼´Ü,0,0
[6044] 2015/01/06 16:48:05.150 OF,F020000,000,9232129,S122811334,½²¦¼´Ü,0,0
[6044] 2015/01/06 16:48:05.150 CALL SKOrderLib_ReadCertByID(S122811334)
[6192] 2015/01/06 16:50:16.697 SKOrderLib ª©¥» 2.1.21
[6192] 2015/01/06 16:50:16.697 Login ID: S122811334
[6192] 2015/01/06 16:50:17.619 CALL RegisterOnAccountCallBack()
[6192] 2015/01/06 16:50:17.619 CALL RegisterOnOrderAsyncReportCallBack()
[6192] 2015/01/06 16:50:17.619 CALL RegisterOnAccountWithLoginIDCallBack()
[6192] 2015/01/06 16:50:17.619 CALL RegisterOnRealBalanceReportCallBack()
[6192] 2015/01/06 16:50:17.619 CALL RegisterOnOpenInterestCallBack()
[6192] 2015/01/06 16:50:17.619 CALL RegisterOnStopLossReportCallBack()
[6192] 2015/01/06 16:50:17.619 CALL RegisterOnOverseaFuturesCallBack()
[6192] 2015/01/06 16:50:17.619 CALL RegisterOnOverseaFutureOpenInterestCallBack()
[6192] 2015/01/06 16:50:17.619 CALL RegisterOnOverseaOptionsCallBack()
[6192] 2015/01/06 16:50:17.619 CALL RegisterOnFutureRightCallBack()
[6192] 2015/01/06 16:50:17.619 CALL RegisterOnCertCanceled()
[6192] 2015/01/06 16:50:17.619 CALL RegisterOnExecutionReportCallBack()
[6192] 2015/01/06 16:50:17.619 CALL GetUserAccount()
[6192] 2015/01/06 16:50:17.619 TS,9186,9186,0213851,S122811334,½²¦¼´Ü,0,0
[6192] 2015/01/06 16:50:17.634 OS,9188,9188,0011491,S122811334,½²¦¼´Ü,0,0
[6192] 2015/01/06 16:50:17.634 TS,9188,9188,0259512,S122811334,½²¦¼´Ü,0,0
[6192] 2015/01/06 16:50:17.634 TF,F020000,000,9232116,S122811334,½²¦¼´Ü,0,0
[6192] 2015/01/06 16:50:17.634 OF,F020000,000,9232116,S122811334,½²¦¼´Ü,0,0
[6192] 2015/01/06 16:50:17.634 TF,F020000,000,9232129,S122811334,½²¦¼´Ü,0,0
[6192] 2015/01/06 16:50:17.650 OF,F020000,000,9232129,S122811334,½²¦¼´Ü,0,0
[6192] 2015/01/06 16:50:17.650 CALL SKOrderLib_ReadCertByID(S122811334)
[6868] 2015/01/06 16:50:21.697 SKOrderLib ª©¥» 2.1.21
[6868] 2015/01/06 16:50:21.697 Login ID: S122811334
[6868] 2015/01/06 16:50:22.478 CALL RegisterOnAccountCallBack()
[6868] 2015/01/06 16:50:22.478 CALL RegisterOnOrderAsyncReportCallBack()
[6868] 2015/01/06 16:50:22.478 CALL RegisterOnAccountWithLoginIDCallBack()
[6868] 2015/01/06 16:50:22.478 CALL RegisterOnRealBalanceReportCallBack()
[6868] 2015/01/06 16:50:22.478 CALL RegisterOnOpenInterestCallBack()
[6868] 2015/01/06 16:50:22.478 CALL RegisterOnStopLossReportCallBack()
[6868] 2015/01/06 16:50:22.478 CALL RegisterOnOverseaFuturesCallBack()
[6868] 2015/01/06 16:50:22.478 CALL RegisterOnOverseaFutureOpenInterestCallBack()
[6868] 2015/01/06 16:50:22.478 CALL RegisterOnOverseaOptionsCallBack()
[6868] 2015/01/06 16:50:22.494 CALL RegisterOnFutureRightCallBack()
[6868] 2015/01/06 16:50:22.494 CALL RegisterOnCertCanceled()
[6868] 2015/01/06 16:50:22.494 CALL RegisterOnExecutionReportCallBack()
[6868] 2015/01/06 16:50:22.494 CALL GetUserAccount()
[6868] 2015/01/06 16:50:22.494 TS,9186,9186,0213851,S122811334,½²¦¼´Ü,0,0
[6868] 2015/01/06 16:50:22.494 OS,9188,9188,0011491,S122811334,½²¦¼´Ü,0,0
[6868] 2015/01/06 16:50:22.494 TS,9188,9188,0259512,S122811334,½²¦¼´Ü,0,0
[6868] 2015/01/06 16:50:22.494 TF,F020000,000,9232116,S122811334,½²¦¼´Ü,0,0
[6868] 2015/01/06 16:50:22.509 OF,F020000,000,9232116,S122811334,½²¦¼´Ü,0,0
[6868] 2015/01/06 16:50:22.509 TF,F020000,000,9232129,S122811334,½²¦¼´Ü,0,0
[6868] 2015/01/06 16:50:22.509 OF,F020000,000,9232129,S122811334,½²¦¼´Ü,0,0
[6868] 2015/01/06 16:50:22.509 CALL SKOrderLib_ReadCertByID(S122811334)
[4284] 2015/01/06 16:56:25.634 SKOrderLib ª©¥» 2.1.21
[4284] 2015/01/06 16:56:25.634 Login ID: S122811334
[4284] 2015/01/06 16:56:26.556 CALL RegisterOnAccountCallBack()
[4284] 2015/01/06 16:56:26.556 CALL RegisterOnOrderAsyncReportCallBack()
[4284] 2015/01/06 16:56:26.556 CALL RegisterOnAccountWithLoginIDCallBack()
[4284] 2015/01/06 16:56:26.556 CALL RegisterOnRealBalanceReportCallBack()
[4284] 2015/01/06 16:56:26.556 CALL RegisterOnOpenInterestCallBack()
[4284] 2015/01/06 16:56:26.556 CALL RegisterOnStopLossReportCallBack()
[4284] 2015/01/06 16:56:26.556 CALL RegisterOnOverseaFuturesCallBack()
[4284] 2015/01/06 16:56:26.556 CALL RegisterOnOverseaFutureOpenInterestCallBack()
[4284] 2015/01/06 16:56:26.556 CALL RegisterOnOverseaOptionsCallBack()
[4284] 2015/01/06 16:56:26.556 CALL RegisterOnFutureRightCallBack()
[4284] 2015/01/06 16:56:26.556 CALL RegisterOnCertCanceled()
[4284] 2015/01/06 16:56:26.556 CALL RegisterOnExecutionReportCallBack()
[4284] 2015/01/06 16:56:26.556 CALL GetUserAccount()
[4284] 2015/01/06 16:56:26.556 TS,9186,9186,0213851,S122811334,½²¦¼´Ü,0,0
[4284] 2015/01/06 16:56:26.556 OS,9188,9188,0011491,S122811334,½²¦¼´Ü,0,0
[4284] 2015/01/06 16:56:26.572 TS,9188,9188,0259512,S122811334,½²¦¼´Ü,0,0
[4284] 2015/01/06 16:56:26.572 TF,F020000,000,9232116,S122811334,½²¦¼´Ü,0,0
[4284] 2015/01/06 16:56:26.572 OF,F020000,000,9232116,S122811334,½²¦¼´Ü,0,0
[4284] 2015/01/06 16:56:26.572 TF,F020000,000,9232129,S122811334,½²¦¼´Ü,0,0
[4284] 2015/01/06 16:56:26.587 OF,F020000,000,9232129,S122811334,½²¦¼´Ü,0,0
[4284] 2015/01/06 16:56:26.587 CALL SKOrderLib_ReadCertByID(S122811334)
[4812] 2015/01/06 16:56:35.447 SKOrderLib ª©¥» 2.1.21
[4812] 2015/01/06 16:56:35.447 Login ID: S122811334
[4812] 2015/01/06 16:56:36.353 CALL RegisterOnAccountCallBack()
[4812] 2015/01/06 16:56:36.353 CALL RegisterOnOrderAsyncReportCallBack()
[4812] 2015/01/06 16:56:36.353 CALL RegisterOnAccountWithLoginIDCallBack()
[4812] 2015/01/06 16:56:36.353 CALL RegisterOnRealBalanceReportCallBack()
[4812] 2015/01/06 16:56:36.353 CALL RegisterOnOpenInterestCallBack()
[4812] 2015/01/06 16:56:36.353 CALL RegisterOnStopLossReportCallBack()
[4812] 2015/01/06 16:56:36.369 CALL RegisterOnOverseaFuturesCallBack()
[4812] 2015/01/06 16:56:36.369 CALL RegisterOnOverseaFutureOpenInterestCallBack()
[4812] 2015/01/06 16:56:36.369 CALL RegisterOnOverseaOptionsCallBack()
[4812] 2015/01/06 16:56:36.369 CALL RegisterOnFutureRightCallBack()
[4812] 2015/01/06 16:56:36.369 CALL RegisterOnCertCanceled()
[4812] 2015/01/06 16:56:36.369 CALL RegisterOnExecutionReportCallBack()
[4812] 2015/01/06 16:56:36.369 CALL GetUserAccount()
[4812] 2015/01/06 16:56:36.369 TS,9186,9186,0213851,S122811334,½²¦¼´Ü,0,0
[4812] 2015/01/06 16:56:36.369 OS,9188,9188,0011491,S122811334,½²¦¼´Ü,0,0
[4812] 2015/01/06 16:56:36.369 TS,9188,9188,0259512,S122811334,½²¦¼´Ü,0,0
[4812] 2015/01/06 16:56:36.369 TF,F020000,000,9232116,S122811334,½²¦¼´Ü,0,0
[4812] 2015/01/06 16:56:36.384 OF,F020000,000,9232116,S122811334,½²¦¼´Ü,0,0
[4812] 2015/01/06 16:56:36.384 TF,F020000,000,9232129,S122811334,½²¦¼´Ü,0,0
[4812] 2015/01/06 16:56:36.384 OF,F020000,000,9232129,S122811334,½²¦¼´Ü,0,0
[4812] 2015/01/06 16:56:36.400 CALL SKOrderLib_ReadCertByID(S122811334)
[6120] 2015/01/06 17:01:47.728 SKOrderLib ª©¥» 2.1.21
[6120] 2015/01/06 17:01:47.728 Login ID: S122811334
[6120] 2015/01/06 17:01:48.509 CALL RegisterOnAccountCallBack()
[6120] 2015/01/06 17:01:48.509 CALL RegisterOnOrderAsyncReportCallBack()
[6120] 2015/01/06 17:01:48.509 CALL RegisterOnAccountWithLoginIDCallBack()
[6120] 2015/01/06 17:01:48.509 CALL RegisterOnRealBalanceReportCallBack()
[6120] 2015/01/06 17:01:48.509 CALL RegisterOnOpenInterestCallBack()
[6120] 2015/01/06 17:01:48.509 CALL RegisterOnStopLossReportCallBack()
[6120] 2015/01/06 17:01:48.509 CALL RegisterOnOverseaFuturesCallBack()
[6120] 2015/01/06 17:01:48.509 CALL RegisterOnOverseaFutureOpenInterestCallBack()
[6120] 2015/01/06 17:01:48.509 CALL RegisterOnOverseaOptionsCallBack()
[6120] 2015/01/06 17:01:48.509 CALL RegisterOnFutureRightCallBack()
[6120] 2015/01/06 17:01:48.509 CALL RegisterOnCertCanceled()
[6120] 2015/01/06 17:01:48.509 CALL RegisterOnExecutionReportCallBack()
[6120] 2015/01/06 17:01:48.509 CALL GetUserAccount()
[6120] 2015/01/06 17:01:48.509 TS,9186,9186,0213851,S122811334,½²¦¼´Ü,0,0
[6120] 2015/01/06 17:01:48.525 OS,9188,9188,0011491,S122811334,½²¦¼´Ü,0,0
[6120] 2015/01/06 17:01:48.525 TS,9188,9188,0259512,S122811334,½²¦¼´Ü,0,0
[6120] 2015/01/06 17:01:48.525 TF,F020000,000,9232116,S122811334,½²¦¼´Ü,0,0
[6120] 2015/01/06 17:01:48.525 OF,F020000,000,9232116,S122811334,½²¦¼´Ü,0,0
[6120] 2015/01/06 17:01:48.525 TF,F020000,000,9232129,S122811334,½²¦¼´Ü,0,0
[6120] 2015/01/06 17:01:48.541 OF,F020000,000,9232129,S122811334,½²¦¼´Ü,0,0
[6120] 2015/01/06 17:01:48.541 CALL SKOrderLib_ReadCertByID(S122811334)
[7084] 2015/01/06 17:01:52.478 SKOrderLib ª©¥» 2.1.21
[7084] 2015/01/06 17:01:52.478 Login ID: S122811334
[7084] 2015/01/06 17:01:53.244 CALL RegisterOnAccountCallBack()
[7084] 2015/01/06 17:01:53.244 CALL RegisterOnOrderAsyncReportCallBack()
[7084] 2015/01/06 17:01:53.244 CALL RegisterOnAccountWithLoginIDCallBack()
[7084] 2015/01/06 17:01:53.244 CALL RegisterOnRealBalanceReportCallBack()
[7084] 2015/01/06 17:01:53.244 CALL RegisterOnOpenInterestCallBack()
[7084] 2015/01/06 17:01:53.244 CALL RegisterOnStopLossReportCallBack()
[7084] 2015/01/06 17:01:53.244 CALL RegisterOnOverseaFuturesCallBack()
[7084] 2015/01/06 17:01:53.244 CALL RegisterOnOverseaFutureOpenInterestCallBack()
[7084] 2015/01/06 17:01:53.244 CALL RegisterOnOverseaOptionsCallBack()
[7084] 2015/01/06 17:01:53.244 CALL RegisterOnFutureRightCallBack()
[7084] 2015/01/06 17:01:53.244 CALL RegisterOnCertCanceled()
[7084] 2015/01/06 17:01:53.244 CALL RegisterOnExecutionReportCallBack()
[7084] 2015/01/06 17:01:53.244 CALL GetUserAccount()
[7084] 2015/01/06 17:01:53.244 TS,9186,9186,0213851,S122811334,½²¦¼´Ü,0,0
[7084] 2015/01/06 17:01:53.259 OS,9188,9188,0011491,S122811334,½²¦¼´Ü,0,0
[7084] 2015/01/06 17:01:53.259 TS,9188,9188,0259512,S122811334,½²¦¼´Ü,0,0
[7084] 2015/01/06 17:01:53.259 TF,F020000,000,9232116,S122811334,½²¦¼´Ü,0,0
[7084] 2015/01/06 17:01:53.259 OF,F020000,000,9232116,S122811334,½²¦¼´Ü,0,0
[7084] 2015/01/06 17:01:53.259 TF,F020000,000,9232129,S122811334,½²¦¼´Ü,0,0
[7084] 2015/01/06 17:01:53.275 OF,F020000,000,9232129,S122811334,½²¦¼´Ü,0,0
[7084] 2015/01/06 17:01:53.275 CALL SKOrderLib_ReadCertByID(S122811334)
[3524] 2015/01/06 17:14:43.087 SKOrderLib ª©¥» 2.1.21
[3524] 2015/01/06 17:14:43.166 Login ID: S122811334
[3524] 2015/01/06 17:14:46.619 CALL RegisterOnAccountCallBack()
[3524] 2015/01/06 17:14:46.650 CALL RegisterOnOrderAsyncReportCallBack()
[3524] 2015/01/06 17:14:46.728 CALL RegisterOnAccountWithLoginIDCallBack()
[3524] 2015/01/06 17:14:46.869 CALL RegisterOnRealBalanceReportCallBack()
[3524] 2015/01/06 17:14:46.869 CALL RegisterOnOpenInterestCallBack()
[3524] 2015/01/06 17:14:46.884 CALL RegisterOnStopLossReportCallBack()
[3524] 2015/01/06 17:14:46.962 CALL RegisterOnOverseaFuturesCallBack()
[3524] 2015/01/06 17:14:47.025 CALL RegisterOnOverseaFutureOpenInterestCallBack()
[3524] 2015/01/06 17:14:47.806 CALL RegisterOnOverseaOptionsCallBack()
[3524] 2015/01/06 17:14:47.806 CALL RegisterOnFutureRightCallBack()
[3524] 2015/01/06 17:14:47.806 CALL RegisterOnCertCanceled()
[3524] 2015/01/06 17:14:47.806 CALL RegisterOnExecutionReportCallBack()
[3524] 2015/01/06 17:14:47.806 CALL GetUserAccount()
[3524] 2015/01/06 17:14:47.806 TS,9186,9186,0213851,S122811334,½²¦¼´Ü,0,0
[3524] 2015/01/06 17:14:47.806 OS,9188,9188,0011491,S122811334,½²¦¼´Ü,0,0
[3524] 2015/01/06 17:14:47.806 TS,9188,9188,0259512,S122811334,½²¦¼´Ü,0,0
[3524] 2015/01/06 17:14:47.900 TF,F020000,000,9232116,S122811334,½²¦¼´Ü,0,0
[3524] 2015/01/06 17:14:47.931 OF,F020000,000,9232116,S122811334,½²¦¼´Ü,0,0
[3524] 2015/01/06 17:14:47.962 TF,F020000,000,9232129,S122811334,½²¦¼´Ü,0,0
[3524] 2015/01/06 17:14:48.025 OF,F020000,000,9232129,S122811334,½²¦¼´Ü,0,0
[3524] 2015/01/06 17:14:48.103 CALL SKOrderLib_ReadCertByID(S122811334)
