[2552] 2015/04/20 00:02:13.296 SKOrderLib ª©¥» 2.1.22
[2552] 2015/04/20 00:02:13.296 Login ID: S122811334
[2552] 2015/04/20 00:02:14.203 CALL RegisterOnAccountCallBack()
[2552] 2015/04/20 00:02:14.203 CALL RegisterOnOrderAsyncReportCallBack()
[2552] 2015/04/20 00:02:14.203 CALL RegisterOnAccountWithLoginIDCallBack()
[2552] 2015/04/20 00:02:14.203 CALL RegisterOnRealBalanceReportCallBack()
[2552] 2015/04/20 00:02:14.203 CALL RegisterOnOpenInterestCallBack()
[2552] 2015/04/20 00:02:14.203 CALL RegisterOnStopLossReportCallBack()
[2552] 2015/04/20 00:02:14.218 CALL RegisterOnOverseaFuturesCallBack()
[2552] 2015/04/20 00:02:14.218 CALL RegisterOnOverseaFutureOpenInterestCallBack()
[2552] 2015/04/20 00:02:14.218 CALL RegisterOnOverseaOptionsCallBack()
[2552] 2015/04/20 00:02:14.218 CALL RegisterOnFutureRightCallBack()
[2552] 2015/04/20 00:02:14.218 CALL RegisterOnCertCanceled()
[2552] 2015/04/20 00:02:14.218 CALL RegisterOnExecutionReportCallBack()
[2552] 2015/04/20 00:02:14.218 CALL GetUserAccount()
[2552] 2015/04/20 00:02:14.218 TS,9186,9186,0213851,S122811334,½²¦¼´Ü,0,0
[2552] 2015/04/20 00:02:14.218 OS,9188,9188,0011491,S122811334,½²¦¼´Ü,0,0
[2552] 2015/04/20 00:02:14.218 TS,9188,9188,0259512,S122811334,½²¦¼´Ü,0,0
[2552] 2015/04/20 00:02:14.218 TF,F020000,000,9232116,S122811334,½²¦¼´Ü,0,0
[2552] 2015/04/20 00:02:14.218 OF,F020000,000,9232116,S122811334,½²¦¼´Ü,0,0
[2552] 2015/04/20 00:02:14.218 TF,F020000,000,9232129,S122811334,½²¦¼´Ü,0,0
[2552] 2015/04/20 00:02:14.218 OF,F020000,000,9232129,S122811334,½²¦¼´Ü,0,0
[2552] 2015/04/20 00:02:14.234 CALL SKOrderLib_ReadCertByID(S122811334)
[2552] 2015/04/20 00:02:14.421 CALL GetFutureRight(F0200009232116)
[2552] 2015/04/20 00:02:19.578 CALL GetOpenInterest(F0200009232116)
[3136] 2015/04/20 00:02:20.031 SKOrderLib ª©¥» 2.1.22
[3136] 2015/04/20 00:02:20.031 Login ID: S122811334
[3136] 2015/04/20 00:02:21.156 CALL RegisterOnAccountCallBack()
[3136] 2015/04/20 00:02:21.156 CALL RegisterOnOrderAsyncReportCallBack()
[3136] 2015/04/20 00:02:21.171 CALL RegisterOnAccountWithLoginIDCallBack()
[3136] 2015/04/20 00:02:21.171 CALL RegisterOnRealBalanceReportCallBack()
[3136] 2015/04/20 00:02:21.171 CALL RegisterOnOpenInterestCallBack()
[3136] 2015/04/20 00:02:21.171 CALL RegisterOnStopLossReportCallBack()
[3136] 2015/04/20 00:02:21.171 CALL RegisterOnOverseaFuturesCallBack()
[3136] 2015/04/20 00:02:21.171 CALL RegisterOnOverseaFutureOpenInterestCallBack()
[3136] 2015/04/20 00:02:21.171 CALL RegisterOnOverseaOptionsCallBack()
[3136] 2015/04/20 00:02:21.171 CALL RegisterOnFutureRightCallBack()
[3136] 2015/04/20 00:02:21.171 CALL RegisterOnCertCanceled()
[3136] 2015/04/20 00:02:21.171 CALL RegisterOnExecutionReportCallBack()
[3136] 2015/04/20 00:02:21.171 CALL GetUserAccount()
[3136] 2015/04/20 00:02:21.171 TS,9186,9186,0213851,S122811334,½²¦¼´Ü,0,0
[3136] 2015/04/20 00:02:21.171 OS,9188,9188,0011491,S122811334,½²¦¼´Ü,0,0
[3136] 2015/04/20 00:02:21.171 TS,9188,9188,0259512,S122811334,½²¦¼´Ü,0,0
[3136] 2015/04/20 00:02:21.171 TF,F020000,000,9232116,S122811334,½²¦¼´Ü,0,0
[3136] 2015/04/20 00:02:21.171 OF,F020000,000,9232116,S122811334,½²¦¼´Ü,0,0
[3136] 2015/04/20 00:02:21.171 TF,F020000,000,9232129,S122811334,½²¦¼´Ü,0,0
[3136] 2015/04/20 00:02:21.187 OF,F020000,000,9232129,S122811334,½²¦¼´Ü,0,0
[3136] 2015/04/20 00:02:21.187 CALL SKOrderLib_ReadCertByID(S122811334)
[3136] 2015/04/20 00:02:21.375 CALL GetFutureRight(F0200009232129)
[3136] 2015/04/20 00:02:26.875 CALL GetOpenInterest(F0200009232129)
[2552] 2015/04/20 00:02:34.640 CALL GetFutureRight(F0200009232116)
[2552] 2015/04/20 00:02:39.734 CALL GetOpenInterest(F0200009232116)
[3136] 2015/04/20 00:02:41.921 CALL GetFutureRight(F0200009232129)
[3136] 2015/04/20 00:02:47.000 CALL GetOpenInterest(F0200009232129)
[2552] 2015/04/20 00:02:49.640 CALL GetFutureRight(F0200009232116)
[2552] 2015/04/20 00:02:54.703 CALL GetOpenInterest(F0200009232116)
[3136] 2015/04/20 00:02:56.921 CALL GetFutureRight(F0200009232129)
[3136] 2015/04/20 00:03:01.984 CALL GetOpenInterest(F0200009232129)
[2552] 2015/04/20 00:03:04.640 CALL GetFutureRight(F0200009232116)
[2552] 2015/04/20 00:03:09.703 CALL GetOpenInterest(F0200009232116)
[3136] 2015/04/20 00:03:11.921 CALL GetFutureRight(F0200009232129)
[3136] 2015/04/20 00:03:17.062 CALL GetOpenInterest(F0200009232129)
[2552] 2015/04/20 00:03:19.640 CALL GetFutureRight(F0200009232116)
[2552] 2015/04/20 00:03:24.703 CALL GetOpenInterest(F0200009232116)
[3136] 2015/04/20 00:03:26.921 CALL GetFutureRight(F0200009232129)
[3136] 2015/04/20 00:03:31.984 CALL GetOpenInterest(F0200009232129)
[2552] 2015/04/20 00:03:34.640 CALL GetFutureRight(F0200009232116)
[2552] 2015/04/20 00:03:39.718 CALL GetOpenInterest(F0200009232116)
[3136] 2015/04/20 00:03:41.921 CALL GetFutureRight(F0200009232129)
[3136] 2015/04/20 00:03:46.984 CALL GetOpenInterest(F0200009232129)
[2552] 2015/04/20 00:03:49.640 CALL GetFutureRight(F0200009232116)
[3328] 2015/04/20 00:06:44.906 SKOrderLib ª©¥» 2.1.22
[3328] 2015/04/20 00:06:44.906 Login ID: S122811334
[3328] 2015/04/20 00:06:45.781 CALL RegisterOnAccountCallBack()
[3328] 2015/04/20 00:06:45.781 CALL RegisterOnOrderAsyncReportCallBack()
[3328] 2015/04/20 00:06:45.781 CALL RegisterOnAccountWithLoginIDCallBack()
[3328] 2015/04/20 00:06:45.781 CALL RegisterOnRealBalanceReportCallBack()
[3328] 2015/04/20 00:06:45.781 CALL RegisterOnOpenInterestCallBack()
[3328] 2015/04/20 00:06:45.781 CALL RegisterOnStopLossReportCallBack()
[3328] 2015/04/20 00:06:45.781 CALL RegisterOnOverseaFuturesCallBack()
[3328] 2015/04/20 00:06:45.781 CALL RegisterOnOverseaFutureOpenInterestCallBack()
[3328] 2015/04/20 00:06:45.781 CALL RegisterOnOverseaOptionsCallBack()
[3328] 2015/04/20 00:06:45.781 CALL RegisterOnFutureRightCallBack()
[3328] 2015/04/20 00:06:45.781 CALL RegisterOnCertCanceled()
[3328] 2015/04/20 00:06:45.781 CALL RegisterOnExecutionReportCallBack()
[3328] 2015/04/20 00:06:45.781 CALL GetUserAccount()
[3328] 2015/04/20 00:06:45.781 TS,9186,9186,0213851,S122811334,½²¦¼´Ü,0,0
[3328] 2015/04/20 00:06:45.781 OS,9188,9188,0011491,S122811334,½²¦¼´Ü,0,0
[3328] 2015/04/20 00:06:45.781 TS,9188,9188,0259512,S122811334,½²¦¼´Ü,0,0
[3328] 2015/04/20 00:06:45.781 TF,F020000,000,9232116,S122811334,½²¦¼´Ü,0,0
[3328] 2015/04/20 00:06:45.781 OF,F020000,000,9232116,S122811334,½²¦¼´Ü,0,0
[3328] 2015/04/20 00:06:45.796 TF,F020000,000,9232129,S122811334,½²¦¼´Ü,0,0
[3328] 2015/04/20 00:06:45.796 OF,F020000,000,9232129,S122811334,½²¦¼´Ü,0,0
[3328] 2015/04/20 00:06:45.796 CALL SKOrderLib_ReadCertByID(S122811334)
[3328] 2015/04/20 00:06:45.968 CALL GetFutureRight(F0200009232116)
[3328] 2015/04/20 00:06:51.125 CALL GetOpenInterest(F0200009232116)
[224] 2015/04/20 00:06:51.453 SKOrderLib ª©¥» 2.1.22
[224] 2015/04/20 00:06:51.453 Login ID: S122811334
[224] 2015/04/20 00:06:52.265 CALL RegisterOnAccountCallBack()
[224] 2015/04/20 00:06:52.265 CALL RegisterOnOrderAsyncReportCallBack()
[224] 2015/04/20 00:06:52.265 CALL RegisterOnAccountWithLoginIDCallBack()
[224] 2015/04/20 00:06:52.265 CALL RegisterOnRealBalanceReportCallBack()
[224] 2015/04/20 00:06:52.265 CALL RegisterOnOpenInterestCallBack()
[224] 2015/04/20 00:06:52.265 CALL RegisterOnStopLossReportCallBack()
[224] 2015/04/20 00:06:52.265 CALL RegisterOnOverseaFuturesCallBack()
[224] 2015/04/20 00:06:52.265 CALL RegisterOnOverseaFutureOpenInterestCallBack()
[224] 2015/04/20 00:06:52.265 CALL RegisterOnOverseaOptionsCallBack()
[224] 2015/04/20 00:06:52.265 CALL RegisterOnFutureRightCallBack()
[224] 2015/04/20 00:06:52.265 CALL RegisterOnCertCanceled()
[224] 2015/04/20 00:06:52.265 CALL RegisterOnExecutionReportCallBack()
[224] 2015/04/20 00:06:52.265 CALL GetUserAccount()
[224] 2015/04/20 00:06:52.265 TS,9186,9186,0213851,S122811334,½²¦¼´Ü,0,0
[224] 2015/04/20 00:06:52.265 OS,9188,9188,0011491,S122811334,½²¦¼´Ü,0,0
[224] 2015/04/20 00:06:52.281 TS,9188,9188,0259512,S122811334,½²¦¼´Ü,0,0
[224] 2015/04/20 00:06:52.281 TF,F020000,000,9232116,S122811334,½²¦¼´Ü,0,0
[224] 2015/04/20 00:06:52.281 OF,F020000,000,9232116,S122811334,½²¦¼´Ü,0,0
[224] 2015/04/20 00:06:52.296 TF,F020000,000,9232129,S122811334,½²¦¼´Ü,0,0
[224] 2015/04/20 00:06:52.312 OF,F020000,000,9232129,S122811334,½²¦¼´Ü,0,0
[224] 2015/04/20 00:06:52.312 CALL SKOrderLib_ReadCertByID(S122811334)
[224] 2015/04/20 00:06:52.500 CALL GetFutureRight(F0200009232129)
[224] 2015/04/20 00:06:57.656 CALL GetOpenInterest(F0200009232129)
[3328] 2015/04/20 00:07:06.171 CALL GetFutureRight(F0200009232116)
[3328] 2015/04/20 00:07:11.234 CALL GetOpenInterest(F0200009232116)
[224] 2015/04/20 00:07:12.718 CALL GetFutureRight(F0200009232129)
[224] 2015/04/20 00:07:17.781 CALL GetOpenInterest(F0200009232129)
[3328] 2015/04/20 00:07:21.171 CALL GetFutureRight(F0200009232116)
[3328] 2015/04/20 00:07:26.234 CALL GetOpenInterest(F0200009232116)
[224] 2015/04/20 00:07:27.718 CALL GetFutureRight(F0200009232129)
[224] 2015/04/20 00:07:32.812 CALL GetOpenInterest(F0200009232129)
[3328] 2015/04/20 00:07:36.171 CALL GetFutureRight(F0200009232116)
[3328] 2015/04/20 00:07:41.234 CALL GetOpenInterest(F0200009232116)
[224] 2015/04/20 00:07:42.718 CALL GetFutureRight(F0200009232129)
[224] 2015/04/20 00:07:48.203 CALL GetOpenInterest(F0200009232129)
[3328] 2015/04/20 00:07:51.171 CALL GetFutureRight(F0200009232116)
[3328] 2015/04/20 00:07:56.234 CALL GetOpenInterest(F0200009232116)
[224] 2015/04/20 00:07:57.718 CALL GetFutureRight(F0200009232129)
[224] 2015/04/20 00:08:02.781 CALL GetOpenInterest(F0200009232129)
[3328] 2015/04/20 00:08:06.171 CALL GetFutureRight(F0200009232116)
[3328] 2015/04/20 00:08:11.234 CALL GetOpenInterest(F0200009232116)
[224] 2015/04/20 00:08:12.718 CALL GetFutureRight(F0200009232129)
[224] 2015/04/20 00:08:17.796 CALL GetOpenInterest(F0200009232129)
[3328] 2015/04/20 00:08:21.171 CALL GetFutureRight(F0200009232116)
[3328] 2015/04/20 00:08:26.218 CALL GetOpenInterest(F0200009232116)
[224] 2015/04/20 00:08:27.718 CALL GetFutureRight(F0200009232129)
[224] 2015/04/20 00:08:32.765 CALL GetOpenInterest(F0200009232129)
[3328] 2015/04/20 00:08:36.171 CALL GetFutureRight(F0200009232116)
[3328] 2015/04/20 00:08:41.234 CALL GetOpenInterest(F0200009232116)
[224] 2015/04/20 00:08:42.718 CALL GetFutureRight(F0200009232129)
[224] 2015/04/20 00:08:47.765 CALL GetOpenInterest(F0200009232129)
[3328] 2015/04/20 00:08:51.171 CALL GetFutureRight(F0200009232116)
[3328] 2015/04/20 00:08:56.218 CALL GetOpenInterest(F0200009232116)
[224] 2015/04/20 00:08:57.718 CALL GetFutureRight(F0200009232129)
[224] 2015/04/20 00:09:02.781 CALL GetOpenInterest(F0200009232129)
[3328] 2015/04/20 00:09:06.171 CALL GetFutureRight(F0200009232116)
[3328] 2015/04/20 00:09:11.234 CALL GetOpenInterest(F0200009232116)
[224] 2015/04/20 00:09:12.718 CALL GetFutureRight(F0200009232129)
[224] 2015/04/20 00:09:17.781 CALL GetOpenInterest(F0200009232129)
[3328] 2015/04/20 00:09:21.171 CALL GetFutureRight(F0200009232116)
[3328] 2015/04/20 00:09:26.218 CALL GetOpenInterest(F0200009232116)
[224] 2015/04/20 00:09:27.718 CALL GetFutureRight(F0200009232129)
[224] 2015/04/20 00:09:32.765 CALL GetOpenInterest(F0200009232129)
[3328] 2015/04/20 00:09:36.171 CALL GetFutureRight(F0200009232116)
[3328] 2015/04/20 00:09:41.234 CALL GetOpenInterest(F0200009232116)
[224] 2015/04/20 00:09:42.718 CALL GetFutureRight(F0200009232129)
[224] 2015/04/20 00:09:47.765 CALL GetOpenInterest(F0200009232129)
[3328] 2015/04/20 00:09:51.171 CALL GetFutureRight(F0200009232116)
[3328] 2015/04/20 00:09:56.218 CALL GetOpenInterest(F0200009232116)
[224] 2015/04/20 00:09:57.718 CALL GetFutureRight(F0200009232129)
[224] 2015/04/20 00:10:02.765 CALL GetOpenInterest(F0200009232129)
[3328] 2015/04/20 00:10:06.171 CALL GetFutureRight(F0200009232116)
[3328] 2015/04/20 00:10:11.234 CALL GetOpenInterest(F0200009232116)
[224] 2015/04/20 00:10:12.718 CALL GetFutureRight(F0200009232129)
[224] 2015/04/20 00:10:17.765 CALL GetOpenInterest(F0200009232129)
[3328] 2015/04/20 00:10:21.171 CALL GetFutureRight(F0200009232116)
[3328] 2015/04/20 00:10:26.234 CALL GetOpenInterest(F0200009232116)
[224] 2015/04/20 00:10:27.718 CALL GetFutureRight(F0200009232129)
[224] 2015/04/20 00:10:32.765 CALL GetOpenInterest(F0200009232129)
[3328] 2015/04/20 00:10:36.171 CALL GetFutureRight(F0200009232116)
[3328] 2015/04/20 00:10:41.234 CALL GetOpenInterest(F0200009232116)
[224] 2015/04/20 00:10:42.718 CALL GetFutureRight(F0200009232129)
[224] 2015/04/20 00:10:47.781 CALL GetOpenInterest(F0200009232129)
[3328] 2015/04/20 00:10:51.171 CALL GetFutureRight(F0200009232116)
[3328] 2015/04/20 00:10:56.234 CALL GetOpenInterest(F0200009232116)
[224] 2015/04/20 00:10:57.718 CALL GetFutureRight(F0200009232129)
[224] 2015/04/20 00:11:02.781 CALL GetOpenInterest(F0200009232129)
[3328] 2015/04/20 00:11:06.171 CALL GetFutureRight(F0200009232116)
[3328] 2015/04/20 00:11:11.234 CALL GetOpenInterest(F0200009232116)
[224] 2015/04/20 00:11:12.718 CALL GetFutureRight(F0200009232129)
[224] 2015/04/20 00:11:17.781 CALL GetOpenInterest(F0200009232129)
[3328] 2015/04/20 00:11:21.171 CALL GetFutureRight(F0200009232116)
[3328] 2015/04/20 00:11:26.234 CALL GetOpenInterest(F0200009232116)
[224] 2015/04/20 00:11:27.718 CALL GetFutureRight(F0200009232129)
[224] 2015/04/20 00:11:32.781 CALL GetOpenInterest(F0200009232129)
[3328] 2015/04/20 00:11:36.171 CALL GetFutureRight(F0200009232116)
[3328] 2015/04/20 00:11:41.234 CALL GetOpenInterest(F0200009232116)
[224] 2015/04/20 00:11:42.718 CALL GetFutureRight(F0200009232129)
[224] 2015/04/20 00:11:47.781 CALL GetOpenInterest(F0200009232129)
[3328] 2015/04/20 00:11:51.171 CALL GetFutureRight(F0200009232116)
[3328] 2015/04/20 00:11:56.234 CALL GetOpenInterest(F0200009232116)
[224] 2015/04/20 00:11:57.718 CALL GetFutureRight(F0200009232129)
[224] 2015/04/20 00:12:02.765 CALL GetOpenInterest(F0200009232129)
[3328] 2015/04/20 00:12:06.171 CALL GetFutureRight(F0200009232116)
[3328] 2015/04/20 00:12:11.218 CALL GetOpenInterest(F0200009232116)
[224] 2015/04/20 00:12:12.718 CALL GetFutureRight(F0200009232129)
[224] 2015/04/20 00:12:17.781 CALL GetOpenInterest(F0200009232129)
[3328] 2015/04/20 00:12:21.171 CALL GetFutureRight(F0200009232116)
[3328] 2015/04/20 00:12:26.234 CALL GetOpenInterest(F0200009232116)
[224] 2015/04/20 00:12:27.718 CALL GetFutureRight(F0200009232129)
[224] 2015/04/20 00:12:32.781 CALL GetOpenInterest(F0200009232129)
[3328] 2015/04/20 00:12:36.171 CALL GetFutureRight(F0200009232116)
[3328] 2015/04/20 00:12:41.218 CALL GetOpenInterest(F0200009232116)
[224] 2015/04/20 00:12:42.718 CALL GetFutureRight(F0200009232129)
[224] 2015/04/20 00:12:47.765 CALL GetOpenInterest(F0200009232129)
[3328] 2015/04/20 00:12:51.171 CALL GetFutureRight(F0200009232116)
[3328] 2015/04/20 00:12:56.218 CALL GetOpenInterest(F0200009232116)
[224] 2015/04/20 00:12:57.718 CALL GetFutureRight(F0200009232129)
[224] 2015/04/20 00:13:02.765 CALL GetOpenInterest(F0200009232129)
[3328] 2015/04/20 00:13:06.171 CALL GetFutureRight(F0200009232116)
[3328] 2015/04/20 00:13:11.234 CALL GetOpenInterest(F0200009232116)
[224] 2015/04/20 00:13:12.718 CALL GetFutureRight(F0200009232129)
[224] 2015/04/20 00:13:17.765 CALL GetOpenInterest(F0200009232129)
[3328] 2015/04/20 00:13:21.171 CALL GetFutureRight(F0200009232116)
[3328] 2015/04/20 00:13:26.218 CALL GetOpenInterest(F0200009232116)
[224] 2015/04/20 00:13:27.718 CALL GetFutureRight(F0200009232129)
[224] 2015/04/20 00:13:32.765 CALL GetOpenInterest(F0200009232129)
[3328] 2015/04/20 00:13:36.171 CALL GetFutureRight(F0200009232116)
[3328] 2015/04/20 00:13:41.218 CALL GetOpenInterest(F0200009232116)
[224] 2015/04/20 00:13:42.718 CALL GetFutureRight(F0200009232129)
[224] 2015/04/20 00:13:47.781 CALL GetOpenInterest(F0200009232129)
[3328] 2015/04/20 00:13:51.171 CALL GetFutureRight(F0200009232116)
[3328] 2015/04/20 00:13:56.218 CALL GetOpenInterest(F0200009232116)
[224] 2015/04/20 00:13:57.718 CALL GetFutureRight(F0200009232129)
[224] 2015/04/20 00:14:02.765 CALL GetOpenInterest(F0200009232129)
[3328] 2015/04/20 00:14:06.171 CALL GetFutureRight(F0200009232116)
[3328] 2015/04/20 00:14:11.234 CALL GetOpenInterest(F0200009232116)
[224] 2015/04/20 00:14:12.718 CALL GetFutureRight(F0200009232129)
[224] 2015/04/20 00:14:17.781 CALL GetOpenInterest(F0200009232129)
[3328] 2015/04/20 00:14:21.171 CALL GetFutureRight(F0200009232116)
[3328] 2015/04/20 00:14:26.218 CALL GetOpenInterest(F0200009232116)
[224] 2015/04/20 00:14:27.718 CALL GetFutureRight(F0200009232129)
[224] 2015/04/20 00:14:32.781 CALL GetOpenInterest(F0200009232129)
[3328] 2015/04/20 00:14:36.171 CALL GetFutureRight(F0200009232116)
[3328] 2015/04/20 00:14:41.218 CALL GetOpenInterest(F0200009232116)
[224] 2015/04/20 00:14:42.718 CALL GetFutureRight(F0200009232129)
[224] 2015/04/20 00:14:47.781 CALL GetOpenInterest(F0200009232129)
[3328] 2015/04/20 00:14:51.171 CALL GetFutureRight(F0200009232116)
[3328] 2015/04/20 00:14:56.234 CALL GetOpenInterest(F0200009232116)
[224] 2015/04/20 00:14:57.718 CALL GetFutureRight(F0200009232129)
[224] 2015/04/20 00:15:02.781 CALL GetOpenInterest(F0200009232129)
[3328] 2015/04/20 00:15:06.171 CALL GetFutureRight(F0200009232116)
[3328] 2015/04/20 00:15:11.234 CALL GetOpenInterest(F0200009232116)
[224] 2015/04/20 00:15:12.718 CALL GetFutureRight(F0200009232129)
[224] 2015/04/20 00:15:17.781 CALL GetOpenInterest(F0200009232129)
[3328] 2015/04/20 00:15:21.171 CALL GetFutureRight(F0200009232116)
[3328] 2015/04/20 00:15:26.234 CALL GetOpenInterest(F0200009232116)
[224] 2015/04/20 00:15:27.718 CALL GetFutureRight(F0200009232129)
[224] 2015/04/20 00:15:32.781 CALL GetOpenInterest(F0200009232129)
[3328] 2015/04/20 00:15:36.171 CALL GetFutureRight(F0200009232116)
[3328] 2015/04/20 00:15:41.218 CALL GetOpenInterest(F0200009232116)
[224] 2015/04/20 00:15:42.718 CALL GetFutureRight(F0200009232129)
[224] 2015/04/20 00:15:47.781 CALL GetOpenInterest(F0200009232129)
[3328] 2015/04/20 00:15:51.171 CALL GetFutureRight(F0200009232116)
[3328] 2015/04/20 00:15:56.234 CALL GetOpenInterest(F0200009232116)
[224] 2015/04/20 00:15:57.718 CALL GetFutureRight(F0200009232129)
[224] 2015/04/20 00:16:02.781 CALL GetOpenInterest(F0200009232129)
[3328] 2015/04/20 00:16:06.171 CALL GetFutureRight(F0200009232116)
[3328] 2015/04/20 00:16:11.234 CALL GetOpenInterest(F0200009232116)
[224] 2015/04/20 00:16:12.718 CALL GetFutureRight(F0200009232129)
[224] 2015/04/20 00:16:17.765 CALL GetOpenInterest(F0200009232129)
[3328] 2015/04/20 00:16:21.171 CALL GetFutureRight(F0200009232116)
[3328] 2015/04/20 00:16:26.218 CALL GetOpenInterest(F0200009232116)
[224] 2015/04/20 00:16:27.718 CALL GetFutureRight(F0200009232129)
[224] 2015/04/20 00:16:32.781 CALL GetOpenInterest(F0200009232129)
[3328] 2015/04/20 00:16:36.171 CALL GetFutureRight(F0200009232116)
[3328] 2015/04/20 00:16:41.218 CALL GetOpenInterest(F0200009232116)
[224] 2015/04/20 00:16:42.718 CALL GetFutureRight(F0200009232129)
[224] 2015/04/20 00:16:47.781 CALL GetOpenInterest(F0200009232129)
[3328] 2015/04/20 00:16:51.171 CALL GetFutureRight(F0200009232116)
[3328] 2015/04/20 00:16:56.218 CALL GetOpenInterest(F0200009232116)
[224] 2015/04/20 00:16:57.718 CALL GetFutureRight(F0200009232129)
[224] 2015/04/20 00:17:02.781 CALL GetOpenInterest(F0200009232129)
[3328] 2015/04/20 00:17:06.171 CALL GetFutureRight(F0200009232116)
[3328] 2015/04/20 00:17:11.234 CALL GetOpenInterest(F0200009232116)
[224] 2015/04/20 00:17:12.718 CALL GetFutureRight(F0200009232129)
[224] 2015/04/20 00:17:17.781 CALL GetOpenInterest(F0200009232129)
[3328] 2015/04/20 00:17:21.171 CALL GetFutureRight(F0200009232116)
[3328] 2015/04/20 00:17:26.218 CALL GetOpenInterest(F0200009232116)
[224] 2015/04/20 00:17:27.718 CALL GetFutureRight(F0200009232129)
[224] 2015/04/20 00:17:32.765 CALL GetOpenInterest(F0200009232129)
[3328] 2015/04/20 00:17:36.171 CALL GetFutureRight(F0200009232116)
[3328] 2015/04/20 00:17:41.218 CALL GetOpenInterest(F0200009232116)
[224] 2015/04/20 00:17:42.718 CALL GetFutureRight(F0200009232129)
[224] 2015/04/20 00:17:47.781 CALL GetOpenInterest(F0200009232129)
[3328] 2015/04/20 00:17:51.171 CALL GetFutureRight(F0200009232116)
[3328] 2015/04/20 00:17:56.234 CALL GetOpenInterest(F0200009232116)
[224] 2015/04/20 00:17:57.718 CALL GetFutureRight(F0200009232129)
[224] 2015/04/20 00:18:02.781 CALL GetOpenInterest(F0200009232129)
[3328] 2015/04/20 00:18:06.171 CALL GetFutureRight(F0200009232116)
[3328] 2015/04/20 00:18:11.218 CALL GetOpenInterest(F0200009232116)
[224] 2015/04/20 00:18:12.718 CALL GetFutureRight(F0200009232129)
[224] 2015/04/20 00:18:17.765 CALL GetOpenInterest(F0200009232129)
[3328] 2015/04/20 00:18:21.171 CALL GetFutureRight(F0200009232116)
[3328] 2015/04/20 00:18:26.218 CALL GetOpenInterest(F0200009232116)
[224] 2015/04/20 00:18:27.718 CALL GetFutureRight(F0200009232129)
[224] 2015/04/20 00:18:32.781 CALL GetOpenInterest(F0200009232129)
[3328] 2015/04/20 00:18:36.171 CALL GetFutureRight(F0200009232116)
[3328] 2015/04/20 00:18:41.218 CALL GetOpenInterest(F0200009232116)
[224] 2015/04/20 00:18:42.718 CALL GetFutureRight(F0200009232129)
[224] 2015/04/20 00:18:47.781 CALL GetOpenInterest(F0200009232129)
[3328] 2015/04/20 00:18:51.171 CALL GetFutureRight(F0200009232116)
[3328] 2015/04/20 00:18:56.218 CALL GetOpenInterest(F0200009232116)
[224] 2015/04/20 00:18:57.718 CALL GetFutureRight(F0200009232129)
[224] 2015/04/20 00:19:02.781 CALL GetOpenInterest(F0200009232129)
[3328] 2015/04/20 00:19:06.171 CALL GetFutureRight(F0200009232116)
[3328] 2015/04/20 00:19:11.218 CALL GetOpenInterest(F0200009232116)
[224] 2015/04/20 00:19:12.718 CALL GetFutureRight(F0200009232129)
[224] 2015/04/20 00:19:17.781 CALL GetOpenInterest(F0200009232129)
[3328] 2015/04/20 00:19:21.171 CALL GetFutureRight(F0200009232116)
[3328] 2015/04/20 00:19:26.218 CALL GetOpenInterest(F0200009232116)
[224] 2015/04/20 00:19:27.718 CALL GetFutureRight(F0200009232129)
[224] 2015/04/20 00:19:32.781 CALL GetOpenInterest(F0200009232129)
[3328] 2015/04/20 00:19:36.171 CALL GetFutureRight(F0200009232116)
[3328] 2015/04/20 00:19:41.234 CALL GetOpenInterest(F0200009232116)
[224] 2015/04/20 00:19:42.718 CALL GetFutureRight(F0200009232129)
[224] 2015/04/20 00:19:47.781 CALL GetOpenInterest(F0200009232129)
[3328] 2015/04/20 00:19:51.171 CALL GetFutureRight(F0200009232116)
[3328] 2015/04/20 00:19:56.218 CALL GetOpenInterest(F0200009232116)
[224] 2015/04/20 00:19:57.718 CALL GetFutureRight(F0200009232129)
[224] 2015/04/20 00:20:02.781 CALL GetOpenInterest(F0200009232129)
[3328] 2015/04/20 00:20:06.171 CALL GetFutureRight(F0200009232116)
[3328] 2015/04/20 00:20:11.218 CALL GetOpenInterest(F0200009232116)
[224] 2015/04/20 00:20:12.718 CALL GetFutureRight(F0200009232129)
[224] 2015/04/20 00:20:17.781 CALL GetOpenInterest(F0200009232129)
[3328] 2015/04/20 00:20:21.171 CALL GetFutureRight(F0200009232116)
[3328] 2015/04/20 00:20:26.218 CALL GetOpenInterest(F0200009232116)
[224] 2015/04/20 00:20:27.718 CALL GetFutureRight(F0200009232129)
[224] 2015/04/20 00:20:32.781 CALL GetOpenInterest(F0200009232129)
[3328] 2015/04/20 00:20:36.171 CALL GetFutureRight(F0200009232116)
[3328] 2015/04/20 00:20:41.234 CALL GetOpenInterest(F0200009232116)
[224] 2015/04/20 00:20:42.718 CALL GetFutureRight(F0200009232129)
[224] 2015/04/20 00:20:47.781 CALL GetOpenInterest(F0200009232129)
[3328] 2015/04/20 00:20:51.171 CALL GetFutureRight(F0200009232116)
[3328] 2015/04/20 00:20:56.234 CALL GetOpenInterest(F0200009232116)
[224] 2015/04/20 00:20:57.718 CALL GetFutureRight(F0200009232129)
[224] 2015/04/20 00:21:02.781 CALL GetOpenInterest(F0200009232129)
[3328] 2015/04/20 00:21:06.171 CALL GetFutureRight(F0200009232116)
[3328] 2015/04/20 00:21:11.218 CALL GetOpenInterest(F0200009232116)
[224] 2015/04/20 00:21:12.718 CALL GetFutureRight(F0200009232129)
[224] 2015/04/20 00:21:17.781 CALL GetOpenInterest(F0200009232129)
[3328] 2015/04/20 00:21:21.171 CALL GetFutureRight(F0200009232116)
[3328] 2015/04/20 00:21:26.234 CALL GetOpenInterest(F0200009232116)
[224] 2015/04/20 00:21:27.718 CALL GetFutureRight(F0200009232129)
[224] 2015/04/20 00:21:32.781 CALL GetOpenInterest(F0200009232129)
[3328] 2015/04/20 00:21:36.171 CALL GetFutureRight(F0200009232116)
[3328] 2015/04/20 00:21:41.234 CALL GetOpenInterest(F0200009232116)
[224] 2015/04/20 00:21:42.718 CALL GetFutureRight(F0200009232129)
[224] 2015/04/20 00:21:47.781 CALL GetOpenInterest(F0200009232129)
[3328] 2015/04/20 00:21:51.171 CALL GetFutureRight(F0200009232116)
[3328] 2015/04/20 00:21:56.218 CALL GetOpenInterest(F0200009232116)
[224] 2015/04/20 00:21:57.718 CALL GetFutureRight(F0200009232129)
[224] 2015/04/20 00:22:02.781 CALL GetOpenInterest(F0200009232129)
[3328] 2015/04/20 00:22:06.171 CALL GetFutureRight(F0200009232116)
[3328] 2015/04/20 00:22:11.218 CALL GetOpenInterest(F0200009232116)
[224] 2015/04/20 00:22:12.718 CALL GetFutureRight(F0200009232129)
[224] 2015/04/20 00:22:17.765 CALL GetOpenInterest(F0200009232129)
[3328] 2015/04/20 00:22:21.171 CALL GetFutureRight(F0200009232116)
[3328] 2015/04/20 00:22:26.218 CALL GetOpenInterest(F0200009232116)
[224] 2015/04/20 00:22:27.718 CALL GetFutureRight(F0200009232129)
[224] 2015/04/20 00:22:32.781 CALL GetOpenInterest(F0200009232129)
[3328] 2015/04/20 00:22:36.171 CALL GetFutureRight(F0200009232116)
[3328] 2015/04/20 00:22:41.234 CALL GetOpenInterest(F0200009232116)
[224] 2015/04/20 00:22:42.718 CALL GetFutureRight(F0200009232129)
[224] 2015/04/20 00:22:47.765 CALL GetOpenInterest(F0200009232129)
[3328] 2015/04/20 00:22:51.171 CALL GetFutureRight(F0200009232116)
[3328] 2015/04/20 00:22:56.234 CALL GetOpenInterest(F0200009232116)
[224] 2015/04/20 00:22:57.718 CALL GetFutureRight(F0200009232129)
[224] 2015/04/20 00:23:02.765 CALL GetOpenInterest(F0200009232129)
[3328] 2015/04/20 00:23:06.171 CALL GetFutureRight(F0200009232116)
[3328] 2015/04/20 00:23:11.234 CALL GetOpenInterest(F0200009232116)
[224] 2015/04/20 00:23:12.718 CALL GetFutureRight(F0200009232129)
[224] 2015/04/20 00:23:17.765 CALL GetOpenInterest(F0200009232129)
[3328] 2015/04/20 00:23:21.171 CALL GetFutureRight(F0200009232116)
[3328] 2015/04/20 00:23:26.234 CALL GetOpenInterest(F0200009232116)
[224] 2015/04/20 00:23:27.718 CALL GetFutureRight(F0200009232129)
[224] 2015/04/20 00:23:32.781 CALL GetOpenInterest(F0200009232129)
[3328] 2015/04/20 00:23:36.171 CALL GetFutureRight(F0200009232116)
[3328] 2015/04/20 00:23:41.218 CALL GetOpenInterest(F0200009232116)
[224] 2015/04/20 00:23:42.718 CALL GetFutureRight(F0200009232129)
[224] 2015/04/20 00:23:47.781 CALL GetOpenInterest(F0200009232129)
[3328] 2015/04/20 00:23:51.171 CALL GetFutureRight(F0200009232116)
[3328] 2015/04/20 00:23:56.218 CALL GetOpenInterest(F0200009232116)
[224] 2015/04/20 00:23:57.718 CALL GetFutureRight(F0200009232129)
[224] 2015/04/20 00:24:02.765 CALL GetOpenInterest(F0200009232129)
[3328] 2015/04/20 00:24:06.171 CALL GetFutureRight(F0200009232116)
[3328] 2015/04/20 00:24:11.218 CALL GetOpenInterest(F0200009232116)
[224] 2015/04/20 00:24:12.718 CALL GetFutureRight(F0200009232129)
[224] 2015/04/20 00:24:17.765 CALL GetOpenInterest(F0200009232129)
[3328] 2015/04/20 00:24:21.171 CALL GetFutureRight(F0200009232116)
[3328] 2015/04/20 00:24:26.218 CALL GetOpenInterest(F0200009232116)
[224] 2015/04/20 00:24:27.718 CALL GetFutureRight(F0200009232129)
[224] 2015/04/20 00:24:32.781 CALL GetOpenInterest(F0200009232129)
[3328] 2015/04/20 00:24:36.171 CALL GetFutureRight(F0200009232116)
[3328] 2015/04/20 00:24:41.218 CALL GetOpenInterest(F0200009232116)
[224] 2015/04/20 00:24:42.718 CALL GetFutureRight(F0200009232129)
[224] 2015/04/20 00:24:47.781 CALL GetOpenInterest(F0200009232129)
[3328] 2015/04/20 00:24:51.171 CALL GetFutureRight(F0200009232116)
[3328] 2015/04/20 00:24:56.218 CALL GetOpenInterest(F0200009232116)
[224] 2015/04/20 00:24:57.718 CALL GetFutureRight(F0200009232129)
[224] 2015/04/20 00:25:02.781 CALL GetOpenInterest(F0200009232129)
[3328] 2015/04/20 00:25:06.171 CALL GetFutureRight(F0200009232116)
[3328] 2015/04/20 00:25:11.218 CALL GetOpenInterest(F0200009232116)
[224] 2015/04/20 00:25:12.718 CALL GetFutureRight(F0200009232129)
[224] 2015/04/20 00:25:17.781 CALL GetOpenInterest(F0200009232129)
[3328] 2015/04/20 00:25:21.171 CALL GetFutureRight(F0200009232116)
[3328] 2015/04/20 00:25:26.218 CALL GetOpenInterest(F0200009232116)
[224] 2015/04/20 00:25:27.718 CALL GetFutureRight(F0200009232129)
[224] 2015/04/20 00:25:32.781 CALL GetOpenInterest(F0200009232129)
[3328] 2015/04/20 00:25:36.171 CALL GetFutureRight(F0200009232116)
[3328] 2015/04/20 00:25:41.234 CALL GetOpenInterest(F0200009232116)
[224] 2015/04/20 00:25:42.718 CALL GetFutureRight(F0200009232129)
[224] 2015/04/20 00:25:47.781 CALL GetOpenInterest(F0200009232129)
[3328] 2015/04/20 00:25:51.171 CALL GetFutureRight(F0200009232116)
[3328] 2015/04/20 00:25:56.234 CALL GetOpenInterest(F0200009232116)
[224] 2015/04/20 00:25:57.718 CALL GetFutureRight(F0200009232129)
[224] 2015/04/20 00:26:02.781 CALL GetOpenInterest(F0200009232129)
[3328] 2015/04/20 00:26:06.171 CALL GetFutureRight(F0200009232116)
[3328] 2015/04/20 00:26:11.218 CALL GetOpenInterest(F0200009232116)
[224] 2015/04/20 00:26:12.718 CALL GetFutureRight(F0200009232129)
[224] 2015/04/20 00:26:17.781 CALL GetOpenInterest(F0200009232129)
[3328] 2015/04/20 00:26:21.171 CALL GetFutureRight(F0200009232116)
[3328] 2015/04/20 00:26:26.234 CALL GetOpenInterest(F0200009232116)
[224] 2015/04/20 00:26:27.718 CALL GetFutureRight(F0200009232129)
[224] 2015/04/20 00:26:32.781 CALL GetOpenInterest(F0200009232129)
[3328] 2015/04/20 00:26:36.171 CALL GetFutureRight(F0200009232116)
[3328] 2015/04/20 00:26:41.234 CALL GetOpenInterest(F0200009232116)
[224] 2015/04/20 00:26:42.718 CALL GetFutureRight(F0200009232129)
[224] 2015/04/20 00:26:47.781 CALL GetOpenInterest(F0200009232129)
[3328] 2015/04/20 00:26:51.171 CALL GetFutureRight(F0200009232116)
[3328] 2015/04/20 00:26:56.218 CALL GetOpenInterest(F0200009232116)
[224] 2015/04/20 00:26:57.718 CALL GetFutureRight(F0200009232129)
[224] 2015/04/20 00:27:02.781 CALL GetOpenInterest(F0200009232129)
[3328] 2015/04/20 00:27:06.171 CALL GetFutureRight(F0200009232116)
[3328] 2015/04/20 00:27:11.218 CALL GetOpenInterest(F0200009232116)
[224] 2015/04/20 00:27:12.718 CALL GetFutureRight(F0200009232129)
[224] 2015/04/20 00:27:17.781 CALL GetOpenInterest(F0200009232129)
[3328] 2015/04/20 00:27:21.171 CALL GetFutureRight(F0200009232116)
[3328] 2015/04/20 00:27:26.218 CALL GetOpenInterest(F0200009232116)
[224] 2015/04/20 00:27:27.718 CALL GetFutureRight(F0200009232129)
[224] 2015/04/20 00:27:32.781 CALL GetOpenInterest(F0200009232129)
[3328] 2015/04/20 00:27:36.171 CALL GetFutureRight(F0200009232116)
[3328] 2015/04/20 00:27:41.234 CALL GetOpenInterest(F0200009232116)
[224] 2015/04/20 00:27:42.718 CALL GetFutureRight(F0200009232129)
[224] 2015/04/20 00:27:47.781 CALL GetOpenInterest(F0200009232129)
[3328] 2015/04/20 00:27:51.171 CALL GetFutureRight(F0200009232116)
[3328] 2015/04/20 00:27:56.218 CALL GetOpenInterest(F0200009232116)
[224] 2015/04/20 00:27:57.718 CALL GetFutureRight(F0200009232129)
[224] 2015/04/20 00:28:02.781 CALL GetOpenInterest(F0200009232129)
[3328] 2015/04/20 00:28:06.171 CALL GetFutureRight(F0200009232116)
[3328] 2015/04/20 00:28:11.234 CALL GetOpenInterest(F0200009232116)
[224] 2015/04/20 00:28:12.718 CALL GetFutureRight(F0200009232129)
[224] 2015/04/20 00:28:17.781 CALL GetOpenInterest(F0200009232129)
[3328] 2015/04/20 00:28:21.171 CALL GetFutureRight(F0200009232116)
[3328] 2015/04/20 00:28:26.218 CALL GetOpenInterest(F0200009232116)
[224] 2015/04/20 00:28:27.718 CALL GetFutureRight(F0200009232129)
[224] 2015/04/20 00:28:32.781 CALL GetOpenInterest(F0200009232129)
[3328] 2015/04/20 00:28:36.171 CALL GetFutureRight(F0200009232116)
[3328] 2015/04/20 00:28:41.218 CALL GetOpenInterest(F0200009232116)
[224] 2015/04/20 00:28:42.718 CALL GetFutureRight(F0200009232129)
[224] 2015/04/20 00:28:47.781 CALL GetOpenInterest(F0200009232129)
[3328] 2015/04/20 00:28:51.171 CALL GetFutureRight(F0200009232116)
[3328] 2015/04/20 00:28:56.218 CALL GetOpenInterest(F0200009232116)
[224] 2015/04/20 00:28:57.718 CALL GetFutureRight(F0200009232129)
[224] 2015/04/20 00:29:02.765 CALL GetOpenInterest(F0200009232129)
[3328] 2015/04/20 00:29:06.171 CALL GetFutureRight(F0200009232116)
[3328] 2015/04/20 00:29:11.218 CALL GetOpenInterest(F0200009232116)
[224] 2015/04/20 00:29:12.718 CALL GetFutureRight(F0200009232129)
[224] 2015/04/20 00:29:17.781 CALL GetOpenInterest(F0200009232129)
[3328] 2015/04/20 00:29:21.171 CALL GetFutureRight(F0200009232116)
[3328] 2015/04/20 00:29:26.234 CALL GetOpenInterest(F0200009232116)
[224] 2015/04/20 00:29:27.718 CALL GetFutureRight(F0200009232129)
[224] 2015/04/20 00:29:32.781 CALL GetOpenInterest(F0200009232129)
[3328] 2015/04/20 00:29:36.171 CALL GetFutureRight(F0200009232116)
[3328] 2015/04/20 00:29:41.218 CALL GetOpenInterest(F0200009232116)
[224] 2015/04/20 00:29:42.718 CALL GetFutureRight(F0200009232129)
[224] 2015/04/20 00:29:47.781 CALL GetOpenInterest(F0200009232129)
[3328] 2015/04/20 00:29:51.171 CALL GetFutureRight(F0200009232116)
[3328] 2015/04/20 00:29:56.218 CALL GetOpenInterest(F0200009232116)
[224] 2015/04/20 00:29:57.718 CALL GetFutureRight(F0200009232129)
[224] 2015/04/20 00:30:02.781 CALL GetOpenInterest(F0200009232129)
[3328] 2015/04/20 00:30:06.171 CALL GetFutureRight(F0200009232116)
[3328] 2015/04/20 00:30:11.234 CALL GetOpenInterest(F0200009232116)
[224] 2015/04/20 00:30:12.718 CALL GetFutureRight(F0200009232129)
[224] 2015/04/20 00:30:17.765 CALL GetOpenInterest(F0200009232129)
[3328] 2015/04/20 00:30:21.171 CALL GetFutureRight(F0200009232116)
[3328] 2015/04/20 00:30:26.234 CALL GetOpenInterest(F0200009232116)
[224] 2015/04/20 00:30:27.718 CALL GetFutureRight(F0200009232129)
[224] 2015/04/20 00:30:32.781 CALL GetOpenInterest(F0200009232129)
[3328] 2015/04/20 00:30:36.171 CALL GetFutureRight(F0200009232116)
[3328] 2015/04/20 00:30:41.234 CALL GetOpenInterest(F0200009232116)
[224] 2015/04/20 00:30:42.718 CALL GetFutureRight(F0200009232129)
[224] 2015/04/20 00:30:47.781 CALL GetOpenInterest(F0200009232129)
[3328] 2015/04/20 00:30:51.171 CALL GetFutureRight(F0200009232116)
[3328] 2015/04/20 00:30:56.218 CALL GetOpenInterest(F0200009232116)
[224] 2015/04/20 00:30:57.718 CALL GetFutureRight(F0200009232129)
[224] 2015/04/20 00:31:02.781 CALL GetOpenInterest(F0200009232129)
[3328] 2015/04/20 00:31:06.171 CALL GetFutureRight(F0200009232116)
[3328] 2015/04/20 00:31:11.218 CALL GetOpenInterest(F0200009232116)
[224] 2015/04/20 00:31:12.718 CALL GetFutureRight(F0200009232129)
[224] 2015/04/20 00:31:17.781 CALL GetOpenInterest(F0200009232129)
[3328] 2015/04/20 00:31:21.171 CALL GetFutureRight(F0200009232116)
[3328] 2015/04/20 00:31:26.218 CALL GetOpenInterest(F0200009232116)
[224] 2015/04/20 00:31:27.718 CALL GetFutureRight(F0200009232129)
[224] 2015/04/20 00:31:32.781 CALL GetOpenInterest(F0200009232129)
[3328] 2015/04/20 00:31:36.171 CALL GetFutureRight(F0200009232116)
[3328] 2015/04/20 00:31:41.234 CALL GetOpenInterest(F0200009232116)
[224] 2015/04/20 00:31:42.718 CALL GetFutureRight(F0200009232129)
[224] 2015/04/20 00:31:47.781 CALL GetOpenInterest(F0200009232129)
[3328] 2015/04/20 00:31:51.171 CALL GetFutureRight(F0200009232116)
[3328] 2015/04/20 00:31:56.218 CALL GetOpenInterest(F0200009232116)
[224] 2015/04/20 00:31:57.718 CALL GetFutureRight(F0200009232129)
[224] 2015/04/20 00:32:02.765 CALL GetOpenInterest(F0200009232129)
[3328] 2015/04/20 00:32:06.171 CALL GetFutureRight(F0200009232116)
[3328] 2015/04/20 00:32:11.234 CALL GetOpenInterest(F0200009232116)
[224] 2015/04/20 00:32:12.718 CALL GetFutureRight(F0200009232129)
[224] 2015/04/20 00:32:17.781 CALL GetOpenInterest(F0200009232129)
[3328] 2015/04/20 00:32:21.171 CALL GetFutureRight(F0200009232116)
[3328] 2015/04/20 00:32:26.234 CALL GetOpenInterest(F0200009232116)
[224] 2015/04/20 00:32:27.718 CALL GetFutureRight(F0200009232129)
[224] 2015/04/20 00:32:32.765 CALL GetOpenInterest(F0200009232129)
[6036] 2015/04/20 00:36:31.703 SKOrderLib ª©¥» 2.1.22
[6036] 2015/04/20 00:36:31.703 Login ID: S122811334
[6036] 2015/04/20 00:36:32.687 CALL RegisterOnAccountCallBack()
[6036] 2015/04/20 00:36:32.687 CALL RegisterOnOrderAsyncReportCallBack()
[6036] 2015/04/20 00:36:32.687 CALL RegisterOnAccountWithLoginIDCallBack()
[6036] 2015/04/20 00:36:32.687 CALL RegisterOnRealBalanceReportCallBack()
[6036] 2015/04/20 00:36:32.687 CALL RegisterOnOpenInterestCallBack()
[6036] 2015/04/20 00:36:32.687 CALL RegisterOnStopLossReportCallBack()
[6036] 2015/04/20 00:36:32.687 CALL RegisterOnOverseaFuturesCallBack()
[6036] 2015/04/20 00:36:32.687 CALL RegisterOnOverseaFutureOpenInterestCallBack()
[6036] 2015/04/20 00:36:32.687 CALL RegisterOnOverseaOptionsCallBack()
[6036] 2015/04/20 00:36:32.687 CALL RegisterOnFutureRightCallBack()
[6036] 2015/04/20 00:36:32.687 CALL RegisterOnCertCanceled()
[6036] 2015/04/20 00:36:32.687 CALL RegisterOnExecutionReportCallBack()
[6036] 2015/04/20 00:36:32.687 CALL GetUserAccount()
[6036] 2015/04/20 00:36:32.687 TS,9186,9186,0213851,S122811334,½²¦¼´Ü,0,0
[6036] 2015/04/20 00:36:32.703 OS,9188,9188,0011491,S122811334,½²¦¼´Ü,0,0
[6036] 2015/04/20 00:36:32.703 TS,9188,9188,0259512,S122811334,½²¦¼´Ü,0,0
[6036] 2015/04/20 00:36:32.703 TF,F020000,000,9232116,S122811334,½²¦¼´Ü,0,0
[6036] 2015/04/20 00:36:32.703 OF,F020000,000,9232116,S122811334,½²¦¼´Ü,0,0
[6036] 2015/04/20 00:36:32.703 TF,F020000,000,9232129,S122811334,½²¦¼´Ü,0,0
[6036] 2015/04/20 00:36:32.703 OF,F020000,000,9232129,S122811334,½²¦¼´Ü,0,0
[6036] 2015/04/20 00:36:32.703 CALL SKOrderLib_ReadCertByID(S122811334)
[6036] 2015/04/20 00:36:33.000 CALL GetFutureRight(F0200009232116)
[6036] 2015/04/20 00:36:38.234 CALL GetOpenInterest(F0200009232116)
[5684] 2015/04/20 00:36:38.562 SKOrderLib ª©¥» 2.1.22
[5684] 2015/04/20 00:36:38.562 Login ID: S122811334
[5684] 2015/04/20 00:36:39.437 CALL RegisterOnAccountCallBack()
[5684] 2015/04/20 00:36:39.437 CALL RegisterOnOrderAsyncReportCallBack()
[5684] 2015/04/20 00:36:39.437 CALL RegisterOnAccountWithLoginIDCallBack()
[5684] 2015/04/20 00:36:39.437 CALL RegisterOnRealBalanceReportCallBack()
[5684] 2015/04/20 00:36:39.437 CALL RegisterOnOpenInterestCallBack()
[5684] 2015/04/20 00:36:39.437 CALL RegisterOnStopLossReportCallBack()
[5684] 2015/04/20 00:36:39.437 CALL RegisterOnOverseaFuturesCallBack()
[5684] 2015/04/20 00:36:39.437 CALL RegisterOnOverseaFutureOpenInterestCallBack()
[5684] 2015/04/20 00:36:39.437 CALL RegisterOnOverseaOptionsCallBack()
[5684] 2015/04/20 00:36:39.437 CALL RegisterOnFutureRightCallBack()
[5684] 2015/04/20 00:36:39.437 CALL RegisterOnCertCanceled()
[5684] 2015/04/20 00:36:39.453 CALL RegisterOnExecutionReportCallBack()
[5684] 2015/04/20 00:36:39.453 CALL GetUserAccount()
[5684] 2015/04/20 00:36:39.453 TS,9186,9186,0213851,S122811334,½²¦¼´Ü,0,0
[5684] 2015/04/20 00:36:39.453 OS,9188,9188,0011491,S122811334,½²¦¼´Ü,0,0
[5684] 2015/04/20 00:36:39.453 TS,9188,9188,0259512,S122811334,½²¦¼´Ü,0,0
[5684] 2015/04/20 00:36:39.453 TF,F020000,000,9232116,S122811334,½²¦¼´Ü,0,0
[5684] 2015/04/20 00:36:39.453 OF,F020000,000,9232116,S122811334,½²¦¼´Ü,0,0
[5684] 2015/04/20 00:36:39.453 TF,F020000,000,9232129,S122811334,½²¦¼´Ü,0,0
[5684] 2015/04/20 00:36:39.453 OF,F020000,000,9232129,S122811334,½²¦¼´Ü,0,0
[5684] 2015/04/20 00:36:39.453 CALL SKOrderLib_ReadCertByID(S122811334)
[5684] 2015/04/20 00:36:39.640 CALL GetFutureRight(F0200009232129)
[5684] 2015/04/20 00:36:44.890 CALL GetOpenInterest(F0200009232129)
[6036] 2015/04/20 00:36:53.281 CALL GetFutureRight(F0200009232116)
[6036] 2015/04/20 00:36:58.328 CALL GetOpenInterest(F0200009232116)
[5684] 2015/04/20 00:36:59.937 CALL GetFutureRight(F0200009232129)
[5684] 2015/04/20 00:37:05.000 CALL GetOpenInterest(F0200009232129)
[6036] 2015/04/20 00:37:08.281 CALL GetFutureRight(F0200009232116)
[6036] 2015/04/20 00:37:13.343 CALL GetOpenInterest(F0200009232116)
[5684] 2015/04/20 00:37:14.937 CALL GetFutureRight(F0200009232129)
[5684] 2015/04/20 00:37:20.000 CALL GetOpenInterest(F0200009232129)
[6036] 2015/04/20 00:37:23.281 CALL GetFutureRight(F0200009232116)
[6036] 2015/04/20 00:37:28.328 CALL GetOpenInterest(F0200009232116)
[5684] 2015/04/20 00:37:29.937 CALL GetFutureRight(F0200009232129)
[5684] 2015/04/20 00:37:35.015 CALL GetOpenInterest(F0200009232129)
[6036] 2015/04/20 00:37:38.281 CALL GetFutureRight(F0200009232116)
[6036] 2015/04/20 00:37:43.328 CALL GetOpenInterest(F0200009232116)
[5684] 2015/04/20 00:37:44.937 CALL GetFutureRight(F0200009232129)
[5684] 2015/04/20 00:37:50.000 CALL GetOpenInterest(F0200009232129)
[6036] 2015/04/20 00:37:53.281 CALL GetFutureRight(F0200009232116)
[6036] 2015/04/20 00:37:58.328 CALL GetOpenInterest(F0200009232116)
[5684] 2015/04/20 00:37:59.937 CALL GetFutureRight(F0200009232129)
[5684] 2015/04/20 00:38:05.000 CALL GetOpenInterest(F0200009232129)
[6036] 2015/04/20 00:38:08.281 CALL GetFutureRight(F0200009232116)
[6036] 2015/04/20 00:38:13.343 CALL GetOpenInterest(F0200009232116)
[5684] 2015/04/20 00:38:14.937 CALL GetFutureRight(F0200009232129)
[5684] 2015/04/20 00:38:20.000 CALL GetOpenInterest(F0200009232129)
[6036] 2015/04/20 00:38:23.281 CALL GetFutureRight(F0200009232116)
[6036] 2015/04/20 00:38:28.343 CALL GetOpenInterest(F0200009232116)
[5684] 2015/04/20 00:38:29.937 CALL GetFutureRight(F0200009232129)
