[3648] 2015/04/19 23:41:06.515 SKOrderLib ª©¥» 2.1.22
[3648] 2015/04/19 23:41:06.515 Login ID: S122811334
[3648] 2015/04/19 23:41:07.468 CALL RegisterOnAccountCallBack()
[3648] 2015/04/19 23:41:07.468 CALL RegisterOnOrderAsyncReportCallBack()
[3648] 2015/04/19 23:41:07.468 CALL RegisterOnAccountWithLoginIDCallBack()
[3648] 2015/04/19 23:41:07.468 CALL RegisterOnRealBalanceReportCallBack()
[3648] 2015/04/19 23:41:07.468 CALL RegisterOnOpenInterestCallBack()
[3648] 2015/04/19 23:41:07.468 CALL RegisterOnStopLossReportCallBack()
[3648] 2015/04/19 23:41:07.468 CALL RegisterOnOverseaFuturesCallBack()
[3648] 2015/04/19 23:41:07.468 CALL RegisterOnOverseaFutureOpenInterestCallBack()
[3648] 2015/04/19 23:41:07.468 CALL RegisterOnOverseaOptionsCallBack()
[3648] 2015/04/19 23:41:07.468 CALL RegisterOnFutureRightCallBack()
[3648] 2015/04/19 23:41:07.468 CALL RegisterOnCertCanceled()
[3648] 2015/04/19 23:41:07.468 CALL RegisterOnExecutionReportCallBack()
[3648] 2015/04/19 23:41:07.468 CALL GetUserAccount()
[3648] 2015/04/19 23:41:07.468 TS,9186,9186,0213851,S122811334,½²¦¼´Ü,0,0
[3648] 2015/04/19 23:41:07.468 OS,9188,9188,0011491,S122811334,½²¦¼´Ü,0,0
[3648] 2015/04/19 23:41:07.484 TS,9188,9188,0259512,S122811334,½²¦¼´Ü,0,0
[3648] 2015/04/19 23:41:07.484 TF,F020000,000,9232116,S122811334,½²¦¼´Ü,0,0
[3648] 2015/04/19 23:41:07.484 OF,F020000,000,9232116,S122811334,½²¦¼´Ü,0,0
[3648] 2015/04/19 23:41:07.484 TF,F020000,000,9232129,S122811334,½²¦¼´Ü,0,0
[3648] 2015/04/19 23:41:07.484 OF,F020000,000,9232129,S122811334,½²¦¼´Ü,0,0
[3648] 2015/04/19 23:41:07.484 CALL SKOrderLib_ReadCertByID(S122811334)
[3648] 2015/04/19 23:41:07.828 CALL GetFutureRight(F0200009232116)
[3648] 2015/04/19 23:41:13.109 CALL GetOpenInterest(F0200009232116)
[3044] 2015/04/19 23:41:13.437 SKOrderLib ª©¥» 2.1.22
[3044] 2015/04/19 23:41:13.437 Login ID: S122811334
[3044] 2015/04/19 23:41:15.281 CALL RegisterOnAccountCallBack()
[3044] 2015/04/19 23:41:15.281 CALL RegisterOnOrderAsyncReportCallBack()
[3044] 2015/04/19 23:41:15.281 CALL RegisterOnAccountWithLoginIDCallBack()
[3044] 2015/04/19 23:41:15.281 CALL RegisterOnRealBalanceReportCallBack()
[3044] 2015/04/19 23:41:15.281 CALL RegisterOnOpenInterestCallBack()
[3044] 2015/04/19 23:41:15.281 CALL RegisterOnStopLossReportCallBack()
[3044] 2015/04/19 23:41:15.281 CALL RegisterOnOverseaFuturesCallBack()
[3044] 2015/04/19 23:41:15.281 CALL RegisterOnOverseaFutureOpenInterestCallBack()
[3044] 2015/04/19 23:41:15.281 CALL RegisterOnOverseaOptionsCallBack()
[3044] 2015/04/19 23:41:15.281 CALL RegisterOnFutureRightCallBack()
[3044] 2015/04/19 23:41:15.281 CALL RegisterOnCertCanceled()
[3044] 2015/04/19 23:41:15.281 CALL RegisterOnExecutionReportCallBack()
[3044] 2015/04/19 23:41:15.296 CALL GetUserAccount()
[3044] 2015/04/19 23:41:15.296 TS,9186,9186,0213851,S122811334,½²¦¼´Ü,0,0
[3044] 2015/04/19 23:41:15.296 OS,9188,9188,0011491,S122811334,½²¦¼´Ü,0,0
[3044] 2015/04/19 23:41:15.296 TS,9188,9188,0259512,S122811334,½²¦¼´Ü,0,0
[3044] 2015/04/19 23:41:15.296 TF,F020000,000,9232116,S122811334,½²¦¼´Ü,0,0
[3044] 2015/04/19 23:41:15.296 OF,F020000,000,9232116,S122811334,½²¦¼´Ü,0,0
[3044] 2015/04/19 23:41:15.296 TF,F020000,000,9232129,S122811334,½²¦¼´Ü,0,0
[3044] 2015/04/19 23:41:15.296 OF,F020000,000,9232129,S122811334,½²¦¼´Ü,0,0
[3044] 2015/04/19 23:41:15.296 CALL SKOrderLib_ReadCertByID(S122811334)
[3044] 2015/04/19 23:41:15.484 CALL GetFutureRight(F0200009232129)
[3044] 2015/04/19 23:41:20.640 CALL GetOpenInterest(F0200009232129)
[3648] 2015/04/19 23:41:28.156 CALL GetFutureRight(F0200009232116)
[3648] 2015/04/19 23:41:33.203 CALL GetOpenInterest(F0200009232116)
[3044] 2015/04/19 23:41:35.687 CALL GetFutureRight(F0200009232129)
[3044] 2015/04/19 23:41:40.734 CALL GetOpenInterest(F0200009232129)
[3648] 2015/04/19 23:41:43.156 CALL GetFutureRight(F0200009232116)
[3648] 2015/04/19 23:41:48.203 CALL GetOpenInterest(F0200009232116)
[3044] 2015/04/19 23:41:50.687 CALL GetFutureRight(F0200009232129)
[3044] 2015/04/19 23:41:55.734 CALL GetOpenInterest(F0200009232129)
[3648] 2015/04/19 23:41:58.156 CALL GetFutureRight(F0200009232116)
[3648] 2015/04/19 23:42:03.218 CALL GetOpenInterest(F0200009232116)
[3044] 2015/04/19 23:42:05.687 CALL GetFutureRight(F0200009232129)
[3044] 2015/04/19 23:42:10.734 CALL GetOpenInterest(F0200009232129)
[3648] 2015/04/19 23:42:13.156 CALL GetFutureRight(F0200009232116)
[3648] 2015/04/19 23:42:18.218 CALL GetOpenInterest(F0200009232116)
[3044] 2015/04/19 23:42:20.687 CALL GetFutureRight(F0200009232129)
[3044] 2015/04/19 23:42:25.750 CALL GetOpenInterest(F0200009232129)
[3648] 2015/04/19 23:42:28.156 CALL GetFutureRight(F0200009232116)
[3648] 2015/04/19 23:42:33.203 CALL GetOpenInterest(F0200009232116)
[3044] 2015/04/19 23:42:35.687 CALL GetFutureRight(F0200009232129)
[3044] 2015/04/19 23:42:40.734 CALL GetOpenInterest(F0200009232129)
[3648] 2015/04/19 23:42:43.156 CALL GetFutureRight(F0200009232116)
[3648] 2015/04/19 23:42:48.218 CALL GetOpenInterest(F0200009232116)
[3044] 2015/04/19 23:42:50.687 CALL GetFutureRight(F0200009232129)
[3044] 2015/04/19 23:42:55.734 CALL GetOpenInterest(F0200009232129)
[3648] 2015/04/19 23:42:58.156 CALL GetFutureRight(F0200009232116)
[3648] 2015/04/19 23:43:03.203 CALL GetOpenInterest(F0200009232116)
[3044] 2015/04/19 23:43:05.687 CALL GetFutureRight(F0200009232129)
[3044] 2015/04/19 23:43:10.796 CALL GetOpenInterest(F0200009232129)
[3648] 2015/04/19 23:43:13.156 CALL GetFutureRight(F0200009232116)
[3648] 2015/04/19 23:43:18.234 CALL GetOpenInterest(F0200009232116)
[3044] 2015/04/19 23:43:20.687 CALL GetFutureRight(F0200009232129)
[3044] 2015/04/19 23:43:25.765 CALL GetOpenInterest(F0200009232129)
[3648] 2015/04/19 23:43:28.156 CALL GetFutureRight(F0200009232116)
[3648] 2015/04/19 23:43:33.218 CALL GetOpenInterest(F0200009232116)
[3044] 2015/04/19 23:43:35.687 CALL GetFutureRight(F0200009232129)
[3044] 2015/04/19 23:43:40.734 CALL GetOpenInterest(F0200009232129)
[3648] 2015/04/19 23:43:43.156 CALL GetFutureRight(F0200009232116)
[3648] 2015/04/19 23:43:48.250 CALL GetOpenInterest(F0200009232116)
[3044] 2015/04/19 23:43:50.687 CALL GetFutureRight(F0200009232129)
[3044] 2015/04/19 23:43:55.750 CALL GetOpenInterest(F0200009232129)
[2528] 2015/04/19 23:49:12.343 SKOrderLib ª©¥» 2.1.22
[2528] 2015/04/19 23:49:12.343 Login ID: S122811334
[2528] 2015/04/19 23:49:13.203 CALL RegisterOnAccountCallBack()
[2528] 2015/04/19 23:49:13.203 CALL RegisterOnOrderAsyncReportCallBack()
[2528] 2015/04/19 23:49:13.203 CALL RegisterOnAccountWithLoginIDCallBack()
[2528] 2015/04/19 23:49:13.203 CALL RegisterOnRealBalanceReportCallBack()
[2528] 2015/04/19 23:49:13.203 CALL RegisterOnOpenInterestCallBack()
[2528] 2015/04/19 23:49:13.203 CALL RegisterOnStopLossReportCallBack()
[2528] 2015/04/19 23:49:13.203 CALL RegisterOnOverseaFuturesCallBack()
[2528] 2015/04/19 23:49:13.203 CALL RegisterOnOverseaFutureOpenInterestCallBack()
[2528] 2015/04/19 23:49:13.203 CALL RegisterOnOverseaOptionsCallBack()
[2528] 2015/04/19 23:49:13.203 CALL RegisterOnFutureRightCallBack()
[2528] 2015/04/19 23:49:13.203 CALL RegisterOnCertCanceled()
[2528] 2015/04/19 23:49:13.203 CALL RegisterOnExecutionReportCallBack()
[2528] 2015/04/19 23:49:13.203 CALL GetUserAccount()
[2528] 2015/04/19 23:49:13.203 TS,9186,9186,0213851,S122811334,½²¦¼´Ü,0,0
[2528] 2015/04/19 23:49:13.218 OS,9188,9188,0011491,S122811334,½²¦¼´Ü,0,0
[2528] 2015/04/19 23:49:13.218 TS,9188,9188,0259512,S122811334,½²¦¼´Ü,0,0
[2528] 2015/04/19 23:49:13.218 TF,F020000,000,9232116,S122811334,½²¦¼´Ü,0,0
[2528] 2015/04/19 23:49:13.218 OF,F020000,000,9232116,S122811334,½²¦¼´Ü,0,0
[2528] 2015/04/19 23:49:13.218 TF,F020000,000,9232129,S122811334,½²¦¼´Ü,0,0
[2528] 2015/04/19 23:49:13.218 OF,F020000,000,9232129,S122811334,½²¦¼´Ü,0,0
[2528] 2015/04/19 23:49:13.218 CALL SKOrderLib_ReadCertByID(S122811334)
[2528] 2015/04/19 23:49:13.406 CALL GetFutureRight(F0200009232116)
[2528] 2015/04/19 23:49:18.656 CALL GetOpenInterest(F0200009232116)
[3332] 2015/04/19 23:49:18.984 SKOrderLib ª©¥» 2.1.22
[3332] 2015/04/19 23:49:18.984 Login ID: S122811334
[3332] 2015/04/19 23:49:19.828 CALL RegisterOnAccountCallBack()
[3332] 2015/04/19 23:49:19.828 CALL RegisterOnOrderAsyncReportCallBack()
[3332] 2015/04/19 23:49:19.828 CALL RegisterOnAccountWithLoginIDCallBack()
[3332] 2015/04/19 23:49:19.828 CALL RegisterOnRealBalanceReportCallBack()
[3332] 2015/04/19 23:49:19.828 CALL RegisterOnOpenInterestCallBack()
[3332] 2015/04/19 23:49:19.828 CALL RegisterOnStopLossReportCallBack()
[3332] 2015/04/19 23:49:19.828 CALL RegisterOnOverseaFuturesCallBack()
[3332] 2015/04/19 23:49:19.828 CALL RegisterOnOverseaFutureOpenInterestCallBack()
[3332] 2015/04/19 23:49:19.828 CALL RegisterOnOverseaOptionsCallBack()
[3332] 2015/04/19 23:49:19.828 CALL RegisterOnFutureRightCallBack()
[3332] 2015/04/19 23:49:19.828 CALL RegisterOnCertCanceled()
[3332] 2015/04/19 23:49:19.828 CALL RegisterOnExecutionReportCallBack()
[3332] 2015/04/19 23:49:19.828 CALL GetUserAccount()
[3332] 2015/04/19 23:49:19.828 TS,9186,9186,0213851,S122811334,½²¦¼´Ü,0,0
[3332] 2015/04/19 23:49:19.828 OS,9188,9188,0011491,S122811334,½²¦¼´Ü,0,0
[3332] 2015/04/19 23:49:19.828 TS,9188,9188,0259512,S122811334,½²¦¼´Ü,0,0
[3332] 2015/04/19 23:49:19.828 TF,F020000,000,9232116,S122811334,½²¦¼´Ü,0,0
[3332] 2015/04/19 23:49:19.843 OF,F020000,000,9232116,S122811334,½²¦¼´Ü,0,0
[3332] 2015/04/19 23:49:19.843 TF,F020000,000,9232129,S122811334,½²¦¼´Ü,0,0
[3332] 2015/04/19 23:49:19.843 OF,F020000,000,9232129,S122811334,½²¦¼´Ü,0,0
[3332] 2015/04/19 23:49:19.843 CALL SKOrderLib_ReadCertByID(S122811334)
[3332] 2015/04/19 23:49:20.015 CALL GetFutureRight(F0200009232129)
[3332] 2015/04/19 23:49:25.171 CALL GetOpenInterest(F0200009232129)
[2528] 2015/04/19 23:49:33.703 CALL GetFutureRight(F0200009232116)
[2528] 2015/04/19 23:49:38.765 CALL GetOpenInterest(F0200009232116)
[3332] 2015/04/19 23:49:40.234 CALL GetFutureRight(F0200009232129)
[3332] 2015/04/19 23:49:45.296 CALL GetOpenInterest(F0200009232129)
[2528] 2015/04/19 23:49:48.703 CALL GetFutureRight(F0200009232116)
[2528] 2015/04/19 23:49:53.765 CALL GetOpenInterest(F0200009232116)
[3332] 2015/04/19 23:49:55.234 CALL GetFutureRight(F0200009232129)
[3332] 2015/04/19 23:50:00.281 CALL GetOpenInterest(F0200009232129)
[2528] 2015/04/19 23:50:03.703 CALL GetFutureRight(F0200009232116)
[2528] 2015/04/19 23:50:08.750 CALL GetOpenInterest(F0200009232116)
[3332] 2015/04/19 23:50:10.234 CALL GetFutureRight(F0200009232129)
[3332] 2015/04/19 23:50:15.281 CALL GetOpenInterest(F0200009232129)
[2528] 2015/04/19 23:50:18.703 CALL GetFutureRight(F0200009232116)
[2528] 2015/04/19 23:50:23.765 CALL GetOpenInterest(F0200009232116)
[3332] 2015/04/19 23:50:25.234 CALL GetFutureRight(F0200009232129)
[3332] 2015/04/19 23:50:30.296 CALL GetOpenInterest(F0200009232129)
[2528] 2015/04/19 23:50:33.703 CALL GetFutureRight(F0200009232116)
[2528] 2015/04/19 23:50:38.750 CALL GetOpenInterest(F0200009232116)
[3332] 2015/04/19 23:50:40.234 CALL GetFutureRight(F0200009232129)
[3332] 2015/04/19 23:50:45.281 CALL GetOpenInterest(F0200009232129)
[2528] 2015/04/19 23:50:48.703 CALL GetFutureRight(F0200009232116)
[2528] 2015/04/19 23:50:53.765 CALL GetOpenInterest(F0200009232116)
[3332] 2015/04/19 23:50:55.234 CALL GetFutureRight(F0200009232129)
[3332] 2015/04/19 23:51:00.281 CALL GetOpenInterest(F0200009232129)
[2528] 2015/04/19 23:51:03.703 CALL GetFutureRight(F0200009232116)
[2528] 2015/04/19 23:51:08.781 CALL GetOpenInterest(F0200009232116)
[3332] 2015/04/19 23:51:10.234 CALL GetFutureRight(F0200009232129)
[3332] 2015/04/19 23:51:15.312 CALL GetOpenInterest(F0200009232129)
[2528] 2015/04/19 23:51:18.703 CALL GetFutureRight(F0200009232116)
[2528] 2015/04/19 23:51:23.765 CALL GetOpenInterest(F0200009232116)
[3332] 2015/04/19 23:51:25.234 CALL GetFutureRight(F0200009232129)
[3332] 2015/04/19 23:51:30.281 CALL GetOpenInterest(F0200009232129)
[2528] 2015/04/19 23:51:33.703 CALL GetFutureRight(F0200009232116)
[2528] 2015/04/19 23:51:38.765 CALL GetOpenInterest(F0200009232116)
[3332] 2015/04/19 23:51:40.234 CALL GetFutureRight(F0200009232129)
[3332] 2015/04/19 23:51:45.281 CALL GetOpenInterest(F0200009232129)
[2528] 2015/04/19 23:51:48.703 CALL GetFutureRight(F0200009232116)
[2528] 2015/04/19 23:51:53.750 CALL GetOpenInterest(F0200009232116)
[3332] 2015/04/19 23:51:55.234 CALL GetFutureRight(F0200009232129)
[3332] 2015/04/19 23:52:00.281 CALL GetOpenInterest(F0200009232129)
[2528] 2015/04/19 23:52:03.703 CALL GetFutureRight(F0200009232116)
[2528] 2015/04/19 23:52:08.765 CALL GetOpenInterest(F0200009232116)
[3332] 2015/04/19 23:52:10.234 CALL GetFutureRight(F0200009232129)
[3332] 2015/04/19 23:52:15.296 CALL GetOpenInterest(F0200009232129)
[2528] 2015/04/19 23:52:18.703 CALL GetFutureRight(F0200009232116)
[2528] 2015/04/19 23:52:23.750 CALL GetOpenInterest(F0200009232116)
[3332] 2015/04/19 23:52:25.234 CALL GetFutureRight(F0200009232129)
[3332] 2015/04/19 23:52:30.281 CALL GetOpenInterest(F0200009232129)
[2528] 2015/04/19 23:52:33.703 CALL GetFutureRight(F0200009232116)
[2528] 2015/04/19 23:52:38.765 CALL GetOpenInterest(F0200009232116)
[3332] 2015/04/19 23:52:40.234 CALL GetFutureRight(F0200009232129)
[3332] 2015/04/19 23:52:45.281 CALL GetOpenInterest(F0200009232129)
[2528] 2015/04/19 23:52:48.703 CALL GetFutureRight(F0200009232116)
[2528] 2015/04/19 23:52:53.765 CALL GetOpenInterest(F0200009232116)
[3332] 2015/04/19 23:52:55.234 CALL GetFutureRight(F0200009232129)
[3332] 2015/04/19 23:53:00.296 CALL GetOpenInterest(F0200009232129)
[2528] 2015/04/19 23:53:03.703 CALL GetFutureRight(F0200009232116)
[2528] 2015/04/19 23:53:08.750 CALL GetOpenInterest(F0200009232116)
[3332] 2015/04/19 23:53:10.234 CALL GetFutureRight(F0200009232129)
[3804] 2015/04/19 23:57:45.031 SKOrderLib ª©¥» 2.1.22
[3804] 2015/04/19 23:57:45.031 Login ID: S122811334
[3804] 2015/04/19 23:57:45.984 CALL RegisterOnAccountCallBack()
[3804] 2015/04/19 23:57:46.000 CALL RegisterOnOrderAsyncReportCallBack()
[3804] 2015/04/19 23:57:46.000 CALL RegisterOnAccountWithLoginIDCallBack()
[3804] 2015/04/19 23:57:46.000 CALL RegisterOnRealBalanceReportCallBack()
[3804] 2015/04/19 23:57:46.000 CALL RegisterOnOpenInterestCallBack()
[3804] 2015/04/19 23:57:46.000 CALL RegisterOnStopLossReportCallBack()
[3804] 2015/04/19 23:57:46.000 CALL RegisterOnOverseaFuturesCallBack()
[3804] 2015/04/19 23:57:46.000 CALL RegisterOnOverseaFutureOpenInterestCallBack()
[3804] 2015/04/19 23:57:46.000 CALL RegisterOnOverseaOptionsCallBack()
[3804] 2015/04/19 23:57:46.000 CALL RegisterOnFutureRightCallBack()
[3804] 2015/04/19 23:57:46.000 CALL RegisterOnCertCanceled()
[3804] 2015/04/19 23:57:46.000 CALL RegisterOnExecutionReportCallBack()
[3804] 2015/04/19 23:57:46.000 CALL GetUserAccount()
[3804] 2015/04/19 23:57:46.000 TS,9186,9186,0213851,S122811334,½²¦¼´Ü,0,0
[3804] 2015/04/19 23:57:46.000 OS,9188,9188,0011491,S122811334,½²¦¼´Ü,0,0
[3804] 2015/04/19 23:57:46.000 TS,9188,9188,0259512,S122811334,½²¦¼´Ü,0,0
[3804] 2015/04/19 23:57:46.000 TF,F020000,000,9232116,S122811334,½²¦¼´Ü,0,0
[3804] 2015/04/19 23:57:46.000 OF,F020000,000,9232116,S122811334,½²¦¼´Ü,0,0
[3804] 2015/04/19 23:57:46.015 TF,F020000,000,9232129,S122811334,½²¦¼´Ü,0,0
[3804] 2015/04/19 23:57:46.015 OF,F020000,000,9232129,S122811334,½²¦¼´Ü,0,0
[3804] 2015/04/19 23:57:46.015 CALL SKOrderLib_ReadCertByID(S122811334)
[3804] 2015/04/19 23:57:46.296 CALL GetFutureRight(F0200009232116)
[3804] 2015/04/19 23:57:51.546 CALL GetOpenInterest(F0200009232116)
[2888] 2015/04/19 23:57:51.890 SKOrderLib ª©¥» 2.1.22
[2888] 2015/04/19 23:57:51.890 Login ID: S122811334
[2888] 2015/04/19 23:57:52.750 CALL RegisterOnAccountCallBack()
[2888] 2015/04/19 23:57:52.750 CALL RegisterOnOrderAsyncReportCallBack()
[2888] 2015/04/19 23:57:52.750 CALL RegisterOnAccountWithLoginIDCallBack()
[2888] 2015/04/19 23:57:52.750 CALL RegisterOnRealBalanceReportCallBack()
[2888] 2015/04/19 23:57:52.750 CALL RegisterOnOpenInterestCallBack()
[2888] 2015/04/19 23:57:52.750 CALL RegisterOnStopLossReportCallBack()
[2888] 2015/04/19 23:57:52.750 CALL RegisterOnOverseaFuturesCallBack()
[2888] 2015/04/19 23:57:52.750 CALL RegisterOnOverseaFutureOpenInterestCallBack()
[2888] 2015/04/19 23:57:52.750 CALL RegisterOnOverseaOptionsCallBack()
[2888] 2015/04/19 23:57:52.750 CALL RegisterOnFutureRightCallBack()
[2888] 2015/04/19 23:57:52.750 CALL RegisterOnCertCanceled()
[2888] 2015/04/19 23:57:52.750 CALL RegisterOnExecutionReportCallBack()
[2888] 2015/04/19 23:57:52.750 CALL GetUserAccount()
[2888] 2015/04/19 23:57:52.750 TS,9186,9186,0213851,S122811334,½²¦¼´Ü,0,0
[2888] 2015/04/19 23:57:52.750 OS,9188,9188,0011491,S122811334,½²¦¼´Ü,0,0
[2888] 2015/04/19 23:57:52.765 TS,9188,9188,0259512,S122811334,½²¦¼´Ü,0,0
[2888] 2015/04/19 23:57:52.765 TF,F020000,000,9232116,S122811334,½²¦¼´Ü,0,0
[2888] 2015/04/19 23:57:52.765 OF,F020000,000,9232116,S122811334,½²¦¼´Ü,0,0
[2888] 2015/04/19 23:57:52.765 TF,F020000,000,9232129,S122811334,½²¦¼´Ü,0,0
[2888] 2015/04/19 23:57:52.765 OF,F020000,000,9232129,S122811334,½²¦¼´Ü,0,0
[2888] 2015/04/19 23:57:52.765 CALL SKOrderLib_ReadCertByID(S122811334)
[2888] 2015/04/19 23:57:52.953 CALL GetFutureRight(F0200009232129)
[2888] 2015/04/19 23:57:58.125 CALL GetOpenInterest(F0200009232129)
[3804] 2015/04/19 23:58:06.609 CALL GetFutureRight(F0200009232116)
[3804] 2015/04/19 23:58:11.656 CALL GetOpenInterest(F0200009232116)
[2888] 2015/04/19 23:58:13.171 CALL GetFutureRight(F0200009232129)
[2888] 2015/04/19 23:58:18.234 CALL GetOpenInterest(F0200009232129)
[3804] 2015/04/19 23:58:21.609 CALL GetFutureRight(F0200009232116)
[3804] 2015/04/19 23:58:26.671 CALL GetOpenInterest(F0200009232116)
[2888] 2015/04/19 23:58:28.171 CALL GetFutureRight(F0200009232129)
[2888] 2015/04/19 23:58:33.234 CALL GetOpenInterest(F0200009232129)
[3804] 2015/04/19 23:58:36.609 CALL GetFutureRight(F0200009232116)
[3804] 2015/04/19 23:58:41.671 CALL GetOpenInterest(F0200009232116)
[2888] 2015/04/19 23:58:43.171 CALL GetFutureRight(F0200009232129)
[2888] 2015/04/19 23:58:48.250 CALL GetOpenInterest(F0200009232129)
[3804] 2015/04/19 23:58:51.609 CALL GetFutureRight(F0200009232116)
[3804] 2015/04/19 23:58:56.671 CALL GetOpenInterest(F0200009232116)
[2888] 2015/04/19 23:58:58.171 CALL GetFutureRight(F0200009232129)
[2888] 2015/04/19 23:59:03.234 CALL GetOpenInterest(F0200009232129)
[3804] 2015/04/19 23:59:06.609 CALL GetFutureRight(F0200009232116)
[3804] 2015/04/19 23:59:11.671 CALL GetOpenInterest(F0200009232116)
[2888] 2015/04/19 23:59:13.171 CALL GetFutureRight(F0200009232129)
[2888] 2015/04/19 23:59:18.234 CALL GetOpenInterest(F0200009232129)
[3804] 2015/04/19 23:59:21.609 CALL GetFutureRight(F0200009232116)
[3804] 2015/04/19 23:59:26.671 CALL GetOpenInterest(F0200009232116)
[2888] 2015/04/19 23:59:28.171 CALL GetFutureRight(F0200009232129)
[2888] 2015/04/19 23:59:33.218 CALL GetOpenInterest(F0200009232129)
[3804] 2015/04/19 23:59:36.609 CALL GetFutureRight(F0200009232116)
[3804] 2015/04/19 23:59:41.671 CALL GetOpenInterest(F0200009232116)
[2888] 2015/04/19 23:59:43.171 CALL GetFutureRight(F0200009232129)
[2888] 2015/04/19 23:59:48.234 CALL GetOpenInterest(F0200009232129)
[3804] 2015/04/19 23:59:51.609 CALL GetFutureRight(F0200009232116)
[3804] 2015/04/19 23:59:56.671 CALL GetOpenInterest(F0200009232116)
[2888] 2015/04/19 23:59:58.171 CALL GetFutureRight(F0200009232129)
[2888] 2015/04/20 00:00:03.281 CALL GetOpenInterest(F0200009232129)
[3804] 2015/04/20 00:00:06.609 CALL GetFutureRight(F0200009232116)
[3804] 2015/04/20 00:00:11.671 CALL GetOpenInterest(F0200009232116)
[2888] 2015/04/20 00:00:13.171 CALL GetFutureRight(F0200009232129)
[2888] 2015/04/20 00:00:18.640 CALL GetOpenInterest(F0200009232129)
