[3316] 2014/12/27 18:21:38.437 -------------------------------
[3316] 2014/12/27 18:21:38.437 SKOrderLib 版本 2.1.22
[3316] 2014/12/27 18:21:38.453 MSG: M999 資料傳輸失敗 Code: 12007
[3316] 2014/12/27 18:21:38.453 MSG: M999 資料傳輸失敗 Code: 12007
[3316] 2014/12/27 18:21:44.828 SKOrderLib 版本 2.1.22
[3316] 2014/12/27 18:21:44.828 MSG: M999 資料傳輸失敗 Code: 12007
[3316] 2014/12/27 18:21:44.828 MSG: M999 資料傳輸失敗 Code: 12007
[3316] 2014/12/27 18:22:24.765 SKOrderLib 版本 2.1.22
[3316] 2014/12/27 18:22:24.781 MSG: M999 資料傳輸失敗 Code: 12007
[3316] 2014/12/27 18:22:24.781 MSG: M999 資料傳輸失敗 Code: 12007
[3316] 2014/12/27 18:22:47.109 SKOrderLib 版本 2.1.22
[3316] 2014/12/27 18:22:47.109 MSG: M999 資料傳輸失敗 Code: 12007
[3316] 2014/12/27 18:22:47.109 MSG: M999 資料傳輸失敗 Code: 12007
[3696] 2014/12/28 01:52:42.921 -------------------------------
[3696] 2014/12/28 01:52:42.921 SKOrderLib 版本 2.1.22
[3696] 2014/12/28 01:52:42.921 MSG: M999 資料傳輸失敗 Code: 12007
[3696] 2014/12/28 01:52:42.937 MSG: M999 資料傳輸失敗 Code: 12007
[3696] 2014/12/28 01:52:47.000 SKOrderLib 版本 2.1.22
[3696] 2014/12/28 01:52:47.000 MSG: M999 資料傳輸失敗 Code: 12007
[3696] 2014/12/28 01:52:47.000 MSG: M999 資料傳輸失敗 Code: 12007
[3472] 2014/12/28 02:01:55.562 -------------------------------
[3472] 2014/12/28 02:01:55.562 SKOrderLib 版本 2.1.22
[3472] 2014/12/28 02:01:55.578 MSG: M999 資料傳輸失敗 Code: 12007
[3472] 2014/12/28 02:01:55.578 MSG: M999 資料傳輸失敗 Code: 12007
[2984] 2014/12/28 02:07:17.046 -------------------------------
[2984] 2014/12/28 02:07:17.046 SKOrderLib 版本 2.1.22
[2984] 2014/12/28 02:07:17.046 MSG: M999 資料傳輸失敗 Code: 12007
[2984] 2014/12/28 02:07:17.062 MSG: M999 資料傳輸失敗 Code: 12007
[2160] 2014/12/29 00:38:30.781 -------------------------------
[2160] 2014/12/29 00:38:30.796 SKOrderLib 版本 2.1.22
[2160] 2014/12/29 00:38:30.796 MSG: M999 資料傳輸失敗 Code: 12007
[2160] 2014/12/29 00:38:30.796 MSG: M999 資料傳輸失敗 Code: 12007
[2160] 2014/12/29 00:43:06.421 -------------------------------
[2160] 2014/12/29 00:43:06.421 SKOrderLib 版本 2.1.22
[2160] 2014/12/29 00:43:06.437 MSG: M999 資料傳輸失敗 Code: 12007
[2160] 2014/12/29 00:43:06.437 MSG: M999 資料傳輸失敗 Code: 12007
[1220] 2014/12/29 00:44:24.421 -------------------------------
[1220] 2014/12/29 00:44:24.421 SKOrderLib 版本 2.1.22
[1220] 2014/12/29 00:44:24.437 MSG: M999 資料傳輸失敗 Code: 12007
[1220] 2014/12/29 00:44:24.437 MSG: M999 資料傳輸失敗 Code: 12007
[2296] 2014/12/29 02:07:04.328 -------------------------------
[2296] 2014/12/29 02:07:04.343 SKOrderLib 版本 2.1.22
[2296] 2014/12/29 02:07:04.343 MSG: M999 資料傳輸失敗 Code: 12007
[2296] 2014/12/29 02:07:04.343 MSG: M999 資料傳輸失敗 Code: 12007
[2516] 2014/12/29 02:09:48.859 -------------------------------
[2516] 2014/12/29 02:09:48.859 SKOrderLib 版本 2.1.22
[2516] 2014/12/29 02:09:48.859 MSG: M999 資料傳輸失敗 Code: 12007
[2516] 2014/12/29 02:09:48.875 MSG: M999 資料傳輸失敗 Code: 12007
[2168] 2014/12/29 02:11:11.625 -------------------------------
[2168] 2014/12/29 02:11:11.625 SKOrderLib 版本 2.1.22
[2168] 2014/12/29 02:11:11.640 MSG: M999 資料傳輸失敗 Code: 12007
[2168] 2014/12/29 02:11:11.640 MSG: M999 資料傳輸失敗 Code: 12007
[340] 2014/12/29 02:33:26.890 -------------------------------
[340] 2014/12/29 02:33:26.890 SKOrderLib 版本 2.1.22
[340] 2014/12/29 02:33:26.890 MSG: M999 資料傳輸失敗 Code: 12007
[340] 2014/12/29 02:33:26.906 MSG: M999 資料傳輸失敗 Code: 12007
[3260] 2014/12/29 02:43:38.390 -------------------------------
[3260] 2014/12/29 02:43:38.390 SKOrderLib 版本 2.1.22
[3260] 2014/12/29 02:43:38.406 MSG: M999 資料傳輸失敗 Code: 12007
[3260] 2014/12/29 02:43:38.406 MSG: M999 資料傳輸失敗 Code: 12007
[184] 2014/12/29 02:44:12.734 -------------------------------
[184] 2014/12/29 02:44:12.734 SKOrderLib 版本 2.1.22
[184] 2014/12/29 02:44:12.750 MSG: M999 資料傳輸失敗 Code: 12007
[184] 2014/12/29 02:44:12.750 MSG: M999 資料傳輸失敗 Code: 12007
[2304] 2014/12/29 02:45:04.453 -------------------------------
[2304] 2014/12/29 02:45:04.468 SKOrderLib 版本 2.1.22
[2304] 2014/12/29 02:45:04.468 MSG: M999 資料傳輸失敗 Code: 12007
[2304] 2014/12/29 02:45:04.468 MSG: M999 資料傳輸失敗 Code: 12007
[1100] 2014/12/29 02:47:16.812 -------------------------------
[1100] 2014/12/29 02:47:16.812 SKOrderLib 版本 2.1.22
[1100] 2014/12/29 02:47:16.828 MSG: M999 資料傳輸失敗 Code: 12007
[1100] 2014/12/29 02:47:16.828 MSG: M999 資料傳輸失敗 Code: 12007
[3500] 2014/12/29 02:51:01.453 -------------------------------
[3500] 2014/12/29 02:51:01.453 SKOrderLib 版本 2.1.22
[3500] 2014/12/29 02:51:01.468 MSG: M999 資料傳輸失敗 Code: 12007
[3500] 2014/12/29 02:51:01.468 MSG: M999 資料傳輸失敗 Code: 12007
[2484] 2014/12/29 03:08:06.437 -------------------------------
[2484] 2014/12/29 03:08:06.437 SKOrderLib 版本 2.1.22
[2484] 2014/12/29 03:08:06.453 MSG: M999 資料傳輸失敗 Code: 12007
[2484] 2014/12/29 03:08:06.453 MSG: M999 資料傳輸失敗 Code: 12007
[500] 2014/12/29 03:08:51.437 -------------------------------
[500] 2014/12/29 03:08:51.437 SKOrderLib 版本 2.1.22
[500] 2014/12/29 03:08:51.437 MSG: M999 資料傳輸失敗 Code: 12007
[500] 2014/12/29 03:08:51.453 MSG: M999 資料傳輸失敗 Code: 12007
[3460] 2014/12/29 03:10:22.703 -------------------------------
[3460] 2014/12/29 03:10:22.703 SKOrderLib 版本 2.1.22
[3460] 2014/12/29 03:10:22.703 MSG: M999 資料傳輸失敗 Code: 12007
[3460] 2014/12/29 03:10:22.718 MSG: M999 資料傳輸失敗 Code: 12007
[684] 2014/12/29 11:05:45.406 -------------------------------
[684] 2014/12/29 11:05:45.406 SKOrderLib 版本 2.1.22
[684] 2014/12/29 11:05:45.406 MSG: M999 資料傳輸失敗 Code: 12007
[684] 2014/12/29 11:05:45.421 MSG: M999 資料傳輸失敗 Code: 12007
[3632] 2014/12/29 11:07:10.125 -------------------------------
[3632] 2014/12/29 11:07:10.125 SKOrderLib 版本 2.1.22
[3632] 2014/12/29 11:07:10.140 MSG: M999 資料傳輸失敗 Code: 12007
[3632] 2014/12/29 11:07:10.140 MSG: M999 資料傳輸失敗 Code: 12007
[2952] 2014/12/29 11:08:48.437 -------------------------------
[2952] 2014/12/29 11:08:48.453 SKOrderLib 版本 2.1.22
[2952] 2014/12/29 11:08:48.453 MSG: M999 資料傳輸失敗 Code: 12007
[2952] 2014/12/29 11:08:48.453 MSG: M999 資料傳輸失敗 Code: 12007
[2632] 2014/12/29 13:02:44.281 -------------------------------
[2632] 2014/12/29 13:02:44.281 SKOrderLib 版本 2.1.22
[2632] 2014/12/29 13:02:44.281 MSG: M999 資料傳輸失敗 Code: 12007
[2632] 2014/12/29 13:02:44.296 MSG: M999 資料傳輸失敗 Code: 12007
[2632] 2014/12/29 13:03:15.406 SKOrderLib 版本 2.1.22
[2632] 2014/12/29 13:03:15.406 MSG: M999 資料傳輸失敗 Code: 12007
[2632] 2014/12/29 13:03:15.406 MSG: M999 資料傳輸失敗 Code: 12007
[3612] 2014/12/29 13:04:31.328 -------------------------------
[3612] 2014/12/29 13:04:31.328 SKOrderLib 版本 2.1.22
[3612] 2014/12/29 13:04:31.343 MSG: M999 資料傳輸失敗 Code: 12007
[3612] 2014/12/29 13:04:31.343 MSG: M999 資料傳輸失敗 Code: 12007
[3612] 2014/12/29 13:04:53.281 SKOrderLib 版本 2.1.22
[3612] 2014/12/29 13:04:53.281 MSG: M999 資料傳輸失敗 Code: 12007
[3612] 2014/12/29 13:04:53.281 MSG: M999 資料傳輸失敗 Code: 12007
[2628] 2014/12/29 16:16:58.859 -------------------------------
[2628] 2014/12/29 16:16:58.859 SKOrderLib 版本 2.1.22
[2628] 2014/12/29 16:16:58.875 MSG: M999 資料傳輸失敗 Code: 12007
[2628] 2014/12/29 16:16:58.875 MSG: M999 資料傳輸失敗 Code: 12007
[2628] 2014/12/29 16:17:20.250 SKOrderLib 版本 2.1.22
[2628] 2014/12/29 16:17:20.250 MSG: M999 資料傳輸失敗 Code: 12007
[2628] 2014/12/29 16:17:20.250 MSG: M999 資料傳輸失敗 Code: 12007
[3360] 2014/12/29 16:34:16.953 -------------------------------
[3360] 2014/12/29 16:34:16.953 SKOrderLib 版本 2.1.22
[3360] 2014/12/29 16:34:16.968 MSG: M999 資料傳輸失敗 Code: 12007
[3360] 2014/12/29 16:34:16.968 MSG: M999 資料傳輸失敗 Code: 12007
[3360] 2014/12/29 16:34:54.406 SKOrderLib 版本 2.1.22
[3360] 2014/12/29 16:34:54.406 MSG: M999 資料傳輸失敗 Code: 12007
[3360] 2014/12/29 16:34:54.421 MSG: M999 資料傳輸失敗 Code: 12007
[756] 2014/12/29 16:35:32.859 -------------------------------
[756] 2014/12/29 16:35:32.859 SKOrderLib 版本 2.1.22
[756] 2014/12/29 16:35:32.859 MSG: M999 資料傳輸失敗 Code: 12007
[756] 2014/12/29 16:35:32.875 MSG: M999 資料傳輸失敗 Code: 12007
[756] 2014/12/29 16:35:48.125 SKOrderLib 版本 2.1.22
[756] 2014/12/29 16:35:48.125 MSG: M999 資料傳輸失敗 Code: 12007
[756] 2014/12/29 16:35:48.125 MSG: M999 資料傳輸失敗 Code: 12007
[4068] 2014/12/30 01:26:08.689 -------------------------------
[4068] 2014/12/30 01:26:08.705 CERT ID:S122811334   BeginDate: 2014-01-19 21:48:36  EndDate: 2015-01-19 23:59:59 
[4068] 2014/12/30 01:26:08.705 SKOrderLib 版本 2.1.22
[4068] 2014/12/30 01:26:10.845 主機: https://order10.capital.com.tw/ap2005/new_trade.php
[4068] 2014/12/30 01:26:10.845 OF主機: https://order10.capital.com.tw/ap2005/of_new_trade.php
[4532] 2014/12/30 01:29:11.377 -------------------------------
[4532] 2014/12/30 01:29:11.377 CERT ID:S122811334   BeginDate: 2014-01-19 21:48:36  EndDate: 2015-01-19 23:59:59 
[4532] 2014/12/30 01:29:11.392 SKOrderLib 版本 2.1.22
[4532] 2014/12/30 01:29:13.002 主機: https://order10.capital.com.tw/ap2005/new_trade.php
[4532] 2014/12/30 01:29:13.002 OF主機: https://order10.capital.com.tw/ap2005/of_new_trade.php
[5744] 2014/12/30 01:33:17.517 -------------------------------
[5744] 2014/12/30 01:33:17.517 CERT ID:S122811334   BeginDate: 2014-01-19 21:48:36  EndDate: 2015-01-19 23:59:59 
[5744] 2014/12/30 01:33:17.533 SKOrderLib 版本 2.1.22
[5744] 2014/12/30 01:33:19.220 主機: https://order10.capital.com.tw/ap2005/new_trade.php
[5744] 2014/12/30 01:33:19.220 OF主機: https://order10.capital.com.tw/ap2005/of_new_trade.php
[5144] 2014/12/30 01:36:53.923 -------------------------------
[5144] 2014/12/30 01:36:53.923 CERT ID:S122811334   BeginDate: 2014-01-19 21:48:36  EndDate: 2015-01-19 23:59:59 
[5144] 2014/12/30 01:36:53.939 SKOrderLib 版本 2.1.22
[5144] 2014/12/30 01:36:55.470 主機: https://order10.capital.com.tw/ap2005/new_trade.php
[5144] 2014/12/30 01:36:55.470 OF主機: https://order10.capital.com.tw/ap2005/of_new_trade.php
[4612] 2014/12/30 01:40:44.439 -------------------------------
[4612] 2014/12/30 01:40:44.439 CERT ID:S122811334   BeginDate: 2014-01-19 21:48:36  EndDate: 2015-01-19 23:59:59 
[4612] 2014/12/30 01:40:44.455 SKOrderLib 版本 2.1.22
[4612] 2014/12/30 01:40:45.845 主機: https://order11.capital.com.tw/ap2005/new_trade.php
[4612] 2014/12/30 01:40:45.845 OF主機: https://order11.capital.com.tw/ap2005/of_new_trade.php
[1040] 2014/12/30 01:43:13.345 -------------------------------
[1040] 2014/12/30 01:43:13.345 CERT ID:S122811334   BeginDate: 2014-01-19 21:48:36  EndDate: 2015-01-19 23:59:59 
[1040] 2014/12/30 01:43:13.361 SKOrderLib 版本 2.1.22
[1040] 2014/12/30 01:43:16.673 主機: https://order10.capital.com.tw/ap2005/new_trade.php
[1040] 2014/12/30 01:43:16.673 OF主機: https://order10.capital.com.tw/ap2005/of_new_trade.php
[5520] 2014/12/30 01:48:51.845 -------------------------------
[5520] 2014/12/30 01:48:51.845 CERT ID:S122811334   BeginDate: 2014-01-19 21:48:36  EndDate: 2015-01-19 23:59:59 
[5520] 2014/12/30 01:48:51.861 SKOrderLib 版本 2.1.22
[5520] 2014/12/30 01:48:55.548 主機: https://order10.capital.com.tw/ap2005/new_trade.php
[5520] 2014/12/30 01:48:55.548 OF主機: https://order10.capital.com.tw/ap2005/of_new_trade.php
[1608] 2014/12/30 01:52:19.564 -------------------------------
[1608] 2014/12/30 01:52:19.564 CERT ID:S122811334   BeginDate: 2014-01-19 21:48:36  EndDate: 2015-01-19 23:59:59 
[1608] 2014/12/30 01:52:19.580 SKOrderLib 版本 2.1.22
[1608] 2014/12/30 01:52:23.033 主機: https://order11.capital.com.tw/ap2005/new_trade.php
[1608] 2014/12/30 01:52:23.033 OF主機: https://order11.capital.com.tw/ap2005/of_new_trade.php
[4604] 2014/12/30 01:54:12.330 -------------------------------
[4604] 2014/12/30 01:54:12.345 CERT ID:S122811334   BeginDate: 2014-01-19 21:48:36  EndDate: 2015-01-19 23:59:59 
[4604] 2014/12/30 01:54:12.345 SKOrderLib 版本 2.1.22
[4604] 2014/12/30 01:54:16.142 主機: https://order10.capital.com.tw/ap2005/new_trade.php
[4604] 2014/12/30 01:54:16.142 OF主機: https://order10.capital.com.tw/ap2005/of_new_trade.php
[5960] 2014/12/30 01:56:43.658 -------------------------------
[5960] 2014/12/30 01:56:43.658 CERT ID:S122811334   BeginDate: 2014-01-19 21:48:36  EndDate: 2015-01-19 23:59:59 
[5960] 2014/12/30 01:56:43.673 SKOrderLib 版本 2.1.22
[5960] 2014/12/30 01:56:47.158 主機: https://order10.capital.com.tw/ap2005/new_trade.php
[5960] 2014/12/30 01:56:47.158 OF主機: https://order10.capital.com.tw/ap2005/of_new_trade.php
[5164] 2014/12/30 02:16:05.017 -------------------------------
[5164] 2014/12/30 02:16:05.033 CERT ID:S122811334   BeginDate: 2014-01-19 21:48:36  EndDate: 2015-01-19 23:59:59 
[5164] 2014/12/30 02:16:05.033 SKOrderLib 版本 2.1.22
[5164] 2014/12/30 02:16:10.314 主機: https://order10.capital.com.tw/ap2005/new_trade.php
[5164] 2014/12/30 02:16:10.314 OF主機: https://order10.capital.com.tw/ap2005/of_new_trade.php
[5276] 2014/12/30 02:18:52.142 -------------------------------
[5276] 2014/12/30 02:18:52.142 CERT ID:S122811334   BeginDate: 2014-01-19 21:48:36  EndDate: 2015-01-19 23:59:59 
[5276] 2014/12/30 02:18:52.158 SKOrderLib 版本 2.1.22
[5276] 2014/12/30 02:18:56.908 主機: https://order10.capital.com.tw/ap2005/new_trade.php
[5276] 2014/12/30 02:18:56.908 OF主機: https://order10.capital.com.tw/ap2005/of_new_trade.php
[940] 2014/12/30 02:21:25.189 -------------------------------
[940] 2014/12/30 02:21:25.189 CERT ID:S122811334   BeginDate: 2014-01-19 21:48:36  EndDate: 2015-01-19 23:59:59 
[940] 2014/12/30 02:21:25.205 SKOrderLib 版本 2.1.22
[940] 2014/12/30 02:21:28.986 主機: https://order10.capital.com.tw/ap2005/new_trade.php
[940] 2014/12/30 02:21:28.986 OF主機: https://order10.capital.com.tw/ap2005/of_new_trade.php
[5876] 2014/12/30 02:42:02.142 -------------------------------
[5876] 2014/12/30 02:42:02.142 CERT ID:S122811334   BeginDate: 2014-01-19 21:48:36  EndDate: 2015-01-19 23:59:59 
[5876] 2014/12/30 02:42:02.158 SKOrderLib 版本 2.1.22
[5876] 2014/12/30 02:42:06.080 主機: https://order10.capital.com.tw/ap2005/new_trade.php
[5876] 2014/12/30 02:42:06.080 OF主機: https://order10.capital.com.tw/ap2005/of_new_trade.php
[5712] 2014/12/30 14:37:22.185 -------------------------------
[5712] 2014/12/30 14:37:22.185 CERT ID:S122811334   BeginDate: 2014-01-19 21:48:36  EndDate: 2015-01-19 23:59:59 
[5712] 2014/12/30 14:37:22.239 SKOrderLib 版本 2.1.22
[5712] 2014/12/30 14:37:28.341 主機: https://order10.capital.com.tw/ap2005/new_trade.php
[5712] 2014/12/30 14:37:28.341 OF主機: https://order10.capital.com.tw/ap2005/of_new_trade.php
[4552] 2014/12/30 14:43:40.655 -------------------------------
[4552] 2014/12/30 14:43:40.655 CERT ID:S122811334   BeginDate: 2014-01-19 21:48:36  EndDate: 2015-01-19 23:59:59 
[4552] 2014/12/30 14:43:40.686 SKOrderLib 版本 2.1.22
[4552] 2014/12/30 14:43:45.862 主機: https://order10.capital.com.tw/ap2005/new_trade.php
[4552] 2014/12/30 14:43:45.862 OF主機: https://order10.capital.com.tw/ap2005/of_new_trade.php
[4552] 2014/12/30 14:48:12.593 SKOrderLib 版本 2.1.22
[4552] 2014/12/30 14:48:36.409 SKOrderLib 版本 2.1.22
[1432] 2014/12/30 14:49:16.912 -------------------------------
[1432] 2014/12/30 14:49:16.928 CERT ID:S122811334   BeginDate: 2014-01-19 21:48:36  EndDate: 2015-01-19 23:59:59 
[1432] 2014/12/30 14:49:16.959 SKOrderLib 版本 2.1.22
[1432] 2014/12/30 14:49:20.116 主機: https://order10.capital.com.tw/ap2005/new_trade.php
[1432] 2014/12/30 14:49:20.116 OF主機: https://order10.capital.com.tw/ap2005/of_new_trade.php
[1432] 2014/12/30 14:49:53.577 SKOrderLib 版本 2.1.22
[3036] 2014/12/30 15:16:27.289 -------------------------------
[3036] 2014/12/30 15:16:27.289 CERT ID:S122811334   BeginDate: 2014-01-19 21:48:36  EndDate: 2015-01-19 23:59:59 
[3036] 2014/12/30 15:16:27.321 SKOrderLib 版本 2.1.22
[3036] 2014/12/30 15:16:30.709 主機: https://order11.capital.com.tw/ap2005/new_trade.php
[3036] 2014/12/30 15:16:30.709 OF主機: https://order11.capital.com.tw/ap2005/of_new_trade.php
[3036] 2014/12/30 15:17:59.590 SKOrderLib 版本 2.1.22
[3036] 2014/12/30 15:25:54.308 SendFutureOrderAsync : &=TFF0200009232116&=TX00&=SARN&=9800&=1
[3036] 2014/12/30 15:25:54.340 非同步後驗
[3036] 2014/12/30 15:25:54.340 非同步傳送 Thread ID： 5040
[3036] 2014/12/30 15:26:09.438 CertWorker 驗章ID：S122811334
[3036] 2014/12/30 15:26:10.010 CertWorker 下單驗章完成
[3036] 2014/12/30 15:26:10.420 {5040} M005 0001 預約單委託完成，請查詢委託狀況。[0312303130159]
[3036] 2014/12/30 15:26:10.420  非同步訊息通知 
[3036] 2014/12/30 15:29:38.037 SendFutureOrderAsync : &=TFF0200009232129&=TX00&=SARN&=9810&=1
[3036] 2014/12/30 15:29:38.074 非同步後驗
[3036] 2014/12/30 15:29:43.523 CertWorker 驗章ID：S122811334
[3036] 2014/12/30 15:30:20.687 非同步傳送 Thread ID： 4512
[3036] 2014/12/30 15:30:21.372 {4512} M005 0001 預約單委託完成，請查詢委託狀況。[0312303130163]
[3036] 2014/12/30 15:30:21.372  非同步訊息通知 
[3036] 2014/12/30 15:31:14.485 CertWorker 下單驗章完成
[3600] 2014/12/30 15:38:01.295 -------------------------------
[3600] 2014/12/30 15:38:01.295 CERT ID:S122811334   BeginDate: 2014-01-19 21:48:36  EndDate: 2015-01-19 23:59:59 
[3600] 2014/12/30 15:38:01.326 SKOrderLib 版本 2.1.22
[3600] 2014/12/30 15:38:04.583 主機: https://order11.capital.com.tw/ap2005/new_trade.php
[3600] 2014/12/30 15:38:04.583 OF主機: https://order11.capital.com.tw/ap2005/of_new_trade.php
[2748] 2014/12/30 15:46:37.561 -------------------------------
[2748] 2014/12/30 15:46:37.561 CERT ID:S122811334   BeginDate: 2014-01-19 21:48:36  EndDate: 2015-01-19 23:59:59 
[2748] 2014/12/30 15:46:37.595 SKOrderLib 版本 2.1.22
[2748] 2014/12/30 15:46:40.759 主機: https://order10.capital.com.tw/ap2005/new_trade.php
[2748] 2014/12/30 15:46:40.759 OF主機: https://order10.capital.com.tw/ap2005/of_new_trade.php
[4868] 2014/12/30 16:08:06.939 -------------------------------
[4868] 2014/12/30 16:08:06.939 CERT ID:S122811334   BeginDate: 2014-01-19 21:48:36  EndDate: 2015-01-19 23:59:59 
[4868] 2014/12/30 16:08:06.970 SKOrderLib 版本 2.1.22
[4868] 2014/12/30 16:08:12.883 主機: https://order11.capital.com.tw/ap2005/new_trade.php
[4868] 2014/12/30 16:08:12.883 OF主機: https://order11.capital.com.tw/ap2005/of_new_trade.php
[4868] 2014/12/30 16:08:47.310 ERROR: BuySell value should be 0 or 1
[3004] 2014/12/30 16:24:18.285 -------------------------------
[3004] 2014/12/30 16:24:18.285 CERT ID:S122811334   BeginDate: 2014-01-19 21:48:36  EndDate: 2015-01-19 23:59:59 
[3004] 2014/12/30 16:24:18.321 SKOrderLib 版本 2.1.22
[3004] 2014/12/30 16:24:21.750 主機: https://order10.capital.com.tw/ap2005/new_trade.php
[3004] 2014/12/30 16:24:21.750 OF主機: https://order10.capital.com.tw/ap2005/of_new_trade.php
[4280] 2014/12/30 16:28:01.384 -------------------------------
[4280] 2014/12/30 16:28:01.384 CERT ID:S122811334   BeginDate: 2014-01-19 21:48:36  EndDate: 2015-01-19 23:59:59 
[4280] 2014/12/30 16:28:01.416 SKOrderLib 版本 2.1.22
[4280] 2014/12/30 16:28:03.445 主機: https://order10.capital.com.tw/ap2005/new_trade.php
[4280] 2014/12/30 16:28:03.445 OF主機: https://order10.capital.com.tw/ap2005/of_new_trade.php
[4280] 2014/12/30 16:29:05.385 SKOrderLib 版本 2.1.22
[3540] 2014/12/30 17:32:29.223 -------------------------------
[3540] 2014/12/30 17:32:29.223 CERT ID:S122811334   BeginDate: 2014-01-19 21:48:36  EndDate: 2015-01-19 23:59:59 
[3540] 2014/12/30 17:32:29.304 SKOrderLib 版本 2.1.22
[3540] 2014/12/30 17:32:31.846 主機: https://order10.capital.com.tw/ap2005/new_trade.php
[3540] 2014/12/30 17:32:31.846 OF主機: https://order10.capital.com.tw/ap2005/of_new_trade.php
[3540] 2014/12/30 17:33:06.717 SKOrderLib 版本 2.1.22
[4392] 2014/12/31 09:52:38.444 -------------------------------
[4392] 2014/12/31 09:52:38.445 CERT ID:S122811334   BeginDate: 2014-01-19 21:48:36  EndDate: 2015-01-19 23:59:59 
[4392] 2014/12/31 09:52:38.445 SKOrderLib 版本 2.1.22
[4392] 2014/12/31 09:52:39.960 MSG: M999 OrderAPI Request Process Failed
[4392] 2014/12/31 09:52:51.410 MSG: M999 OrderAPI Request Process Failed
[4712] 2014/12/31 09:56:33.715 -------------------------------
[4712] 2014/12/31 09:56:33.715 CERT ID:S122811334   BeginDate: 2014-01-19 21:48:36  EndDate: 2015-01-19 23:59:59 
[4712] 2014/12/31 09:56:33.715 SKOrderLib 版本 2.1.22
[4712] 2014/12/31 09:56:35.899 主機: https://order10.capital.com.tw/ap2005/new_trade.php
[4712] 2014/12/31 09:56:35.899 OF主機: https://order10.capital.com.tw/ap2005/of_new_trade.php
[4360] 2014/12/31 09:57:05.893 -------------------------------
[4360] 2014/12/31 09:57:05.893 CERT ID:S122811334   BeginDate: 2014-01-19 21:48:36  EndDate: 2015-01-19 23:59:59 
[4360] 2014/12/31 09:57:05.893 SKOrderLib 版本 2.1.22
[4360] 2014/12/31 09:57:07.633 主機: https://order10.capital.com.tw/ap2005/new_trade.php
[4360] 2014/12/31 09:57:07.633 OF主機: https://order10.capital.com.tw/ap2005/of_new_trade.php
[4300] 2015/01/01 22:05:01.806 -------------------------------
[4300] 2015/01/01 22:05:01.822 CERT ID:S122811334   BeginDate: 2014-01-19 21:48:36  EndDate: 2015-01-19 23:59:59 
[4300] 2015/01/01 22:05:01.822 SKOrderLib 版本 2.1.22
[4300] 2015/01/01 22:05:05.132 主機: https://order10.capital.com.tw/ap2005/new_trade.php
[4300] 2015/01/01 22:05:05.147 OF主機: https://order10.capital.com.tw/ap2005/of_new_trade.php
[5240] 2015/01/01 22:08:40.227 -------------------------------
[5240] 2015/01/01 22:08:40.230 CERT ID:S122811334   BeginDate: 2014-01-19 21:48:36  EndDate: 2015-01-19 23:59:59 
[5240] 2015/01/01 22:08:40.230 SKOrderLib 版本 2.1.22
[5240] 2015/01/01 22:08:42.451 主機: https://order11.capital.com.tw/ap2005/new_trade.php
[5240] 2015/01/01 22:08:42.452 OF主機: https://order11.capital.com.tw/ap2005/of_new_trade.php
[4300] 2015/01/01 22:16:07.657 SendFutureOrderAsync : &=TFF0200009232116&=TX00&=SARN&=9900&=1
[4300] 2015/01/01 22:16:07.672 CertWorker 驗章ID：S122811334
[4300] 2015/01/01 22:16:07.674 非同步後驗
[4300] 2015/01/01 22:16:07.674 非同步傳送 Thread ID： 4520
[4300] 2015/01/01 22:16:08.253 CertWorker 下單驗章完成
[4300] 2015/01/01 22:16:08.708 {4520} M005 0001 預約單委託完成，請查詢委託狀況。[0401013000349]
[4300] 2015/01/01 22:16:08.709  非同步訊息通知 
[5548] 2015/01/01 22:19:29.875 -------------------------------
[5548] 2015/01/01 22:19:29.877 CERT ID:S122811334   BeginDate: 2014-01-19 21:48:36  EndDate: 2015-01-19 23:59:59 
[5548] 2015/01/01 22:19:29.883 SKOrderLib 版本 2.1.22
[5548] 2015/01/01 22:19:33.766 主機: https://order10.capital.com.tw/ap2005/new_trade.php
[5548] 2015/01/01 22:19:33.766 OF主機: https://order10.capital.com.tw/ap2005/of_new_trade.php
[5548] 2015/01/01 22:20:55.489 ERROR: BuySell value should be 0 or 1
[5548] 2015/01/01 22:21:10.337 ERROR: BuySell value should be 0 or 1
[5548] 2015/01/01 22:21:37.721 SendFutureOrderAsync : &=TFF0200009232116&=TX00&=SARN&=9910&=1
[5548] 2015/01/01 22:21:37.742 CertWorker 驗章ID：S122811334
[5548] 2015/01/01 22:21:37.745 非同步後驗
[5548] 2015/01/01 22:21:37.746 非同步傳送 Thread ID： 4300
[5548] 2015/01/01 22:21:41.424 CertWorker 下單驗章完成
[5548] 2015/01/01 22:21:41.707 {4300} M005 0001 預約單委託完成，請查詢委託狀況。[0401013000352]
[5548] 2015/01/01 22:21:41.708  非同步訊息通知 
[1748] 2015/01/01 23:02:30.657 -------------------------------
[1748] 2015/01/01 23:02:30.657 CERT ID:S122811334   BeginDate: 2014-01-19 21:48:36  EndDate: 2015-01-19 23:59:59 
[1748] 2015/01/01 23:02:30.657 SKOrderLib 版本 2.1.22
[1748] 2015/01/01 23:02:32.908 主機: https://order10.capital.com.tw/ap2005/new_trade.php
[1748] 2015/01/01 23:02:32.924 OF主機: https://order10.capital.com.tw/ap2005/of_new_trade.php
[1748] 2015/01/01 23:03:17.917 SendFutureOrderAsync : &=TFF0200009232129&=TX00&=SARN&=9850&=1
[1748] 2015/01/01 23:03:17.933 非同步後驗
[1748] 2015/01/01 23:03:17.933 非同步傳送 Thread ID： 184
[1748] 2015/01/01 23:03:28.263 CertWorker 驗章ID：S122811334
[1748] 2015/01/01 23:03:28.627 CertWorker 下單驗章完成
[1748] 2015/01/01 23:03:29.279 {184} M005 0001 預約單委託完成，請查詢委託狀況。[0401013000403]
[1748] 2015/01/01 23:03:29.279  非同步訊息通知 
[5328] 2015/01/01 23:07:16.710 -------------------------------
[5328] 2015/01/01 23:07:16.710 CERT ID:S122811334   BeginDate: 2014-01-19 21:48:36  EndDate: 2015-01-19 23:59:59 
[5328] 2015/01/01 23:07:16.726 SKOrderLib 版本 2.1.22
[5328] 2015/01/01 23:07:18.305 主機: https://order10.capital.com.tw/ap2005/new_trade.php
[5328] 2015/01/01 23:07:18.305 OF主機: https://order10.capital.com.tw/ap2005/of_new_trade.php
[5328] 2015/01/01 23:07:38.055 SendFutureOrderAsync : &=TFF0200009232116&=TX00&=SARN&=9870&=1
[5328] 2015/01/01 23:07:38.086 非同步後驗
[5328] 2015/01/01 23:07:38.086 CertWorker 驗章ID：S122811334
[5328] 2015/01/01 23:07:38.086 非同步傳送 Thread ID： 4804
[5328] 2015/01/01 23:07:38.512 CertWorker 下單驗章完成
[5328] 2015/01/01 23:07:39.001 {4804} M005 0001 預約單委託完成，請查詢委託狀況。[0401013000404]
[5328] 2015/01/01 23:07:39.001  非同步訊息通知 
[5328] 2015/01/01 23:08:04.014 SendFutureOrderAsync : &=TFF0200009232116&=TX00&=SARN&=9870&=1
[5328] 2015/01/01 23:08:04.046 非同步後驗
[5328] 2015/01/01 23:08:13.163 非同步傳送 Thread ID： 5820
[5328] 2015/01/01 23:08:13.163 CertWorker 驗章ID：S122811334
[5328] 2015/01/01 23:08:13.306 {5820} M005 0001 預約單委託完成，請查詢委託狀況。[0401013000405]
[5328] 2015/01/01 23:08:13.306  非同步訊息通知 
[5328] 2015/01/01 23:11:00.084 CertWorker 下單驗章完成
[1268] 2015/01/01 23:12:11.686 -------------------------------
[1268] 2015/01/01 23:12:11.686 CERT ID:S122811334   BeginDate: 2014-01-19 21:48:36  EndDate: 2015-01-19 23:59:59 
[1268] 2015/01/01 23:12:11.704 SKOrderLib 版本 2.1.22
[1268] 2015/01/01 23:12:13.279 主機: https://order10.capital.com.tw/ap2005/new_trade.php
[1268] 2015/01/01 23:12:13.279 OF主機: https://order10.capital.com.tw/ap2005/of_new_trade.php
[1268] 2015/01/01 23:12:55.729 SendFutureOrderAsync : &=TFF0200009232129&=TX00&=SARN&=9930&=1
[1268] 2015/01/01 23:12:55.760 非同步後驗
[1268] 2015/01/01 23:13:01.702 非同步傳送 Thread ID： 4612
[1268] 2015/01/01 23:13:01.702 CertWorker 驗章ID：S122811334
[1268] 2015/01/01 23:13:02.052 CertWorker 下單驗章完成
[1268] 2015/01/01 23:13:02.530 {4612} M005 0001 預約單委託完成，請查詢委託狀況。[0401013000411]
[1268] 2015/01/01 23:13:02.530  非同步訊息通知 
[5152] 2015/01/01 23:30:21.595 -------------------------------
[5152] 2015/01/01 23:30:21.595 CERT ID:S122811334   BeginDate: 2014-01-19 21:48:36  EndDate: 2015-01-19 23:59:59 
[5152] 2015/01/01 23:30:21.595 SKOrderLib 版本 2.1.22
[5152] 2015/01/01 23:30:24.925 主機: https://order10.capital.com.tw/ap2005/new_trade.php
[5152] 2015/01/01 23:30:24.925 OF主機: https://order10.capital.com.tw/ap2005/of_new_trade.php
[5152] 2015/01/01 23:30:54.932 SendFutureOrderAsync : &=TFF0200009232129&=TX00&=SARN&=9850&=1
[5152] 2015/01/01 23:30:54.964 非同步後驗
[5152] 2015/01/01 23:30:54.964 非同步傳送 Thread ID： 6132
[5152] 2015/01/01 23:30:57.557 CertWorker 驗章ID：S122811334
[5152] 2015/01/01 23:30:57.918 CertWorker 下單驗章完成
[5152] 2015/01/01 23:30:59.022 {6132} M005 0001 預約單委託完成，請查詢委託狀況。[0401013000413]
[5152] 2015/01/01 23:30:59.022  非同步訊息通知 
[4552] 2015/01/02 00:00:03.639 -------------------------------
[4552] 2015/01/02 00:00:03.639 CERT ID:S122811334   BeginDate: 2014-01-19 21:48:36  EndDate: 2015-01-19 23:59:59 
[4552] 2015/01/02 00:00:03.639 SKOrderLib 版本 2.1.22
[4552] 2015/01/02 00:00:06.423 主機: https://order10.capital.com.tw/ap2005/new_trade.php
[4552] 2015/01/02 00:00:06.423 OF主機: https://order10.capital.com.tw/ap2005/of_new_trade.php
[4552] 2015/01/02 00:00:23.986 SendFutureOrderAsync : &=TFF0200009232129&=TX00&=SARN&=9790&=1
[4552] 2015/01/02 00:00:24.019 CertWorker 驗章ID：S122811334
[4552] 2015/01/02 00:00:24.020 非同步後驗
[4552] 2015/01/02 00:00:24.021 非同步傳送 Thread ID： 6120
[4552] 2015/01/02 00:00:24.371 CertWorker 下單驗章完成
[4552] 2015/01/02 00:00:26.021 {6120} M005 0001 預約單委託完成，請查詢委託狀況。[0401023000001]
[4552] 2015/01/02 00:00:26.022  非同步訊息通知 
[4552] 2015/01/02 00:00:58.853 SendFutureOrderAsync : &=TFF0200009232129&=TX00&=SARN&=9790&=1
[4552] 2015/01/02 00:00:58.853 非同步後驗
[4552] 2015/01/02 00:00:58.853 CertWorker 驗章ID：S122811334
[4552] 2015/01/02 00:00:58.868 非同步傳送 Thread ID： 1036
[4552] 2015/01/02 00:00:59.228 CertWorker 下單驗章完成
[4552] 2015/01/02 00:00:59.460 {1036} M005 0001 預約單委託完成，請查詢委託狀況。[0401023000002]
[4552] 2015/01/02 00:00:59.461  非同步訊息通知 
[4552] 2015/01/02 00:04:12.714 SendFutureOrderAsync : &=TFF0200009232129&=TX00&=SARN&=9793&=1
[4552] 2015/01/02 00:04:12.714 非同步後驗
[4552] 2015/01/02 00:04:12.714 非同步傳送 Thread ID： 2668
[4552] 2015/01/02 00:04:51.560 CertWorker 驗章ID：S122811334
[4552] 2015/01/02 00:04:51.945 {2668} M005 0001 預約單委託完成，請查詢委託狀況。[0401023000003]
[4552] 2015/01/02 00:04:51.945  非同步訊息通知 
[4552] 2015/01/02 00:04:53.590 CertWorker 下單驗章完成
[268] 2015/01/02 00:19:18.338 -------------------------------
[268] 2015/01/02 00:19:18.338 CERT ID:S122811334   BeginDate: 2014-01-19 21:48:36  EndDate: 2015-01-19 23:59:59 
[268] 2015/01/02 00:19:18.338 SKOrderLib 版本 2.1.22
[268] 2015/01/02 00:19:23.584 主機: https://order10.capital.com.tw/ap2005/new_trade.php
[268] 2015/01/02 00:19:23.584 OF主機: https://order10.capital.com.tw/ap2005/of_new_trade.php
[268] 2015/01/02 00:20:11.937 SendFutureOrderAsync : &=TFF0200009232116&=TX00&=SARN&=9805&=1
[268] 2015/01/02 00:20:11.953 非同步後驗
[268] 2015/01/02 00:20:11.953 非同步傳送 Thread ID： 4652
[268] 2015/01/02 00:20:24.443 CertWorker 驗章ID：S122811334
[268] 2015/01/02 00:20:24.806 CertWorker 下單驗章完成
[268] 2015/01/02 00:20:25.456 {4652} M005 0001 預約單委託完成，請查詢委託狀況。[0401023000006]
[268] 2015/01/02 00:20:25.456  非同步訊息通知 
[5628] 2015/01/06 03:29:41.442 -------------------------------
[5628] 2015/01/06 03:29:41.458 CERT ID:S122811334   BeginDate: 2014-01-19 21:48:36  EndDate: 2015-01-19 23:59:59 
[5628] 2015/01/06 03:29:41.567 CERT ID:A125168237   BeginDate: 2011-11-29 08:44:38  EndDate: 2012-12-28 23:59:59 
[5628] 2015/01/06 03:29:41.661 SKOrderLib 版本 2.1.22
[5628] 2015/01/06 03:29:42.770 主機: https://order10.capital.com.tw/ap2005/new_trade.php
[5628] 2015/01/06 03:29:42.770 OF主機: https://order10.capital.com.tw/ap2005/of_new_trade.php
[344] 2015/01/06 03:30:38.911 -------------------------------
[344] 2015/01/06 03:30:38.911 CERT ID:S122811334   BeginDate: 2014-01-19 21:48:36  EndDate: 2015-01-19 23:59:59 
[344] 2015/01/06 03:30:39.036 CERT ID:A125168237   BeginDate: 2011-11-29 08:44:38  EndDate: 2012-12-28 23:59:59 
[344] 2015/01/06 03:30:39.114 SKOrderLib 版本 2.1.22
[344] 2015/01/06 03:30:40.145 主機: https://order11.capital.com.tw/ap2005/new_trade.php
[344] 2015/01/06 03:30:40.145 OF主機: https://order11.capital.com.tw/ap2005/of_new_trade.php
[3688] 2015/01/06 03:33:59.958 -------------------------------
[3688] 2015/01/06 03:33:59.973 CERT ID:S122811334   BeginDate: 2014-01-19 21:48:36  EndDate: 2015-01-19 23:59:59 
[3688] 2015/01/06 03:34:00.083 CERT ID:A125168237   BeginDate: 2011-11-29 08:44:38  EndDate: 2012-12-28 23:59:59 
[3688] 2015/01/06 03:34:00.176 SKOrderLib 版本 2.1.22
[3688] 2015/01/06 03:34:02.645 主機: https://order10.capital.com.tw/ap2005/new_trade.php
[3688] 2015/01/06 03:34:02.645 OF主機: https://order10.capital.com.tw/ap2005/of_new_trade.php
[4876] 2015/01/06 04:01:42.145 -------------------------------
[4876] 2015/01/06 04:01:42.161 CERT ID:S122811334   BeginDate: 2014-01-19 21:48:36  EndDate: 2015-01-19 23:59:59 
[4876] 2015/01/06 04:01:42.270 CERT ID:A125168237   BeginDate: 2011-11-29 08:44:38  EndDate: 2012-12-28 23:59:59 
[4876] 2015/01/06 04:01:42.364 SKOrderLib 版本 2.1.22
[4876] 2015/01/06 04:01:47.973 主機: https://order10.capital.com.tw/ap2005/new_trade.php
[4876] 2015/01/06 04:01:47.973 OF主機: https://order10.capital.com.tw/ap2005/of_new_trade.php
[4876] 2015/01/06 04:08:58.192 Add Sign error!
[4900] 2015/01/06 04:11:55.958 -------------------------------
[4900] 2015/01/06 04:11:55.973 CERT ID:S122811334   BeginDate: 2014-01-19 21:48:36  EndDate: 2015-01-19 23:59:59 
[4900] 2015/01/06 04:11:56.098 CERT ID:A125168237   BeginDate: 2011-11-29 08:44:38  EndDate: 2012-12-28 23:59:59 
[4900] 2015/01/06 04:11:56.192 SKOrderLib 版本 2.1.22
[4900] 2015/01/06 04:11:57.317 主機: https://order10.capital.com.tw/ap2005/new_trade.php
[4900] 2015/01/06 04:11:57.317 OF主機: https://order10.capital.com.tw/ap2005/of_new_trade.php
[3380] 2015/01/06 04:12:00.614 -------------------------------
[3380] 2015/01/06 04:12:00.614 CERT ID:S122811334   BeginDate: 2014-01-19 21:48:36  EndDate: 2015-01-19 23:59:59 
[3380] 2015/01/06 04:12:00.739 CERT ID:A125168237   BeginDate: 2011-11-29 08:44:38  EndDate: 2012-12-28 23:59:59 
[3380] 2015/01/06 04:12:00.833 SKOrderLib 版本 2.1.22
[3380] 2015/01/06 04:12:01.848 主機: https://order11.capital.com.tw/ap2005/new_trade.php
[3380] 2015/01/06 04:12:01.848 OF主機: https://order11.capital.com.tw/ap2005/of_new_trade.php
[2592] 2015/01/06 04:15:23.895 -------------------------------
[2592] 2015/01/06 04:15:23.911 CERT ID:S122811334   BeginDate: 2014-01-19 21:48:36  EndDate: 2015-01-19 23:59:59 
[2592] 2015/01/06 04:15:24.036 CERT ID:A125168237   BeginDate: 2011-11-29 08:44:38  EndDate: 2012-12-28 23:59:59 
[2592] 2015/01/06 04:15:24.114 SKOrderLib 版本 2.1.22
[2592] 2015/01/06 04:15:25.145 主機: https://order10.capital.com.tw/ap2005/new_trade.php
[2592] 2015/01/06 04:15:25.145 OF主機: https://order10.capital.com.tw/ap2005/of_new_trade.php
[536] 2015/01/06 04:15:27.864 -------------------------------
[536] 2015/01/06 04:15:27.880 CERT ID:S122811334   BeginDate: 2014-01-19 21:48:36  EndDate: 2015-01-19 23:59:59 
[536] 2015/01/06 04:15:28.005 CERT ID:A125168237   BeginDate: 2011-11-29 08:44:38  EndDate: 2012-12-28 23:59:59 
[536] 2015/01/06 04:15:28.098 SKOrderLib 版本 2.1.22
[536] 2015/01/06 04:15:28.973 主機: https://order11.capital.com.tw/ap2005/new_trade.php
[536] 2015/01/06 04:15:28.973 OF主機: https://order11.capital.com.tw/ap2005/of_new_trade.php
[4044] 2015/01/06 11:54:41.916 -------------------------------
[4044] 2015/01/06 11:54:41.916 CERT ID:S122811334   BeginDate: 2014-01-19 21:48:36  EndDate: 2015-01-19 23:59:59 
[4044] 2015/01/06 11:54:41.931 SKOrderLib 版本 2.1.21
[4044] 2015/01/06 11:54:42.494 主機: https://order10.capital.com.tw/ap2005/new_trade.php
[4044] 2015/01/06 11:54:42.494 OF主機: https://order10.capital.com.tw/ap2005/of_new_trade.php
[4044] 2015/01/06 11:54:42.650 Add Sign error!
[4208] 2015/01/06 11:55:34.806 -------------------------------
[4208] 2015/01/06 11:55:34.806 CERT ID:S122811334   BeginDate: 2014-01-19 21:48:36  EndDate: 2015-01-19 23:59:59 
[4208] 2015/01/06 11:55:34.822 SKOrderLib 版本 2.1.21
[4208] 2015/01/06 11:55:35.291 主機: https://order11.capital.com.tw/ap2005/new_trade.php
[4208] 2015/01/06 11:55:35.291 OF主機: https://order11.capital.com.tw/ap2005/of_new_trade.php
[4208] 2015/01/06 11:55:35.369 Add Sign error!
[4548] 2015/01/06 11:59:00.119 -------------------------------
[4548] 2015/01/06 11:59:00.134 CERT ID:S122811334   BeginDate: 2014-01-19 21:48:36  EndDate: 2015-01-19 23:59:59 
[4548] 2015/01/06 11:59:00.150 SKOrderLib 版本 2.1.21
[4548] 2015/01/06 11:59:00.681 主機: https://order10.capital.com.tw/ap2005/new_trade.php
[4548] 2015/01/06 11:59:00.681 OF主機: https://order10.capital.com.tw/ap2005/of_new_trade.php
[4548] 2015/01/06 11:59:00.775 Add Sign error!
[2436] 2015/01/06 13:02:54.494 -------------------------------
[2436] 2015/01/06 13:02:54.494 CERT ID:S122811334   BeginDate: 2014-01-19 21:48:36  EndDate: 2015-01-19 23:59:59 
[2436] 2015/01/06 13:02:54.509 SKOrderLib 版本 2.1.21
[2436] 2015/01/06 13:02:55.025 主機: https://order10.capital.com.tw/ap2005/new_trade.php
[2436] 2015/01/06 13:02:55.025 OF主機: https://order10.capital.com.tw/ap2005/of_new_trade.php
[4044] 2015/01/06 13:02:57.900 -------------------------------
[4044] 2015/01/06 13:02:57.900 CERT ID:S122811334   BeginDate: 2014-01-19 21:48:36  EndDate: 2015-01-19 23:59:59 
[4044] 2015/01/06 13:02:57.916 SKOrderLib 版本 2.1.21
[4044] 2015/01/06 13:02:58.462 主機: https://order10.capital.com.tw/ap2005/new_trade.php
[4044] 2015/01/06 13:02:58.462 OF主機: https://order10.capital.com.tw/ap2005/of_new_trade.php
[5088] 2015/01/06 13:07:21.103 -------------------------------
[5088] 2015/01/06 13:07:21.103 CERT ID:S122811334   BeginDate: 2014-01-19 21:48:36  EndDate: 2015-01-19 23:59:59 
[5088] 2015/01/06 13:07:21.119 SKOrderLib 版本 2.1.21
[5088] 2015/01/06 13:07:21.634 主機: https://order10.capital.com.tw/ap2005/new_trade.php
[5088] 2015/01/06 13:07:21.650 OF主機: https://order10.capital.com.tw/ap2005/of_new_trade.php
[2440] 2015/01/06 13:11:56.509 -------------------------------
[2440] 2015/01/06 13:11:56.509 CERT ID:S122811334   BeginDate: 2014-01-19 21:48:36  EndDate: 2015-01-19 23:59:59 
[2440] 2015/01/06 13:11:56.525 SKOrderLib 版本 2.1.21
[2440] 2015/01/06 13:11:57.056 主機: https://order10.capital.com.tw/ap2005/new_trade.php
[2440] 2015/01/06 13:11:57.056 OF主機: https://order10.capital.com.tw/ap2005/of_new_trade.php
[3416] 2015/01/06 13:11:59.525 -------------------------------
[3416] 2015/01/06 13:11:59.525 CERT ID:S122811334   BeginDate: 2014-01-19 21:48:36  EndDate: 2015-01-19 23:59:59 
[3416] 2015/01/06 13:11:59.556 SKOrderLib 版本 2.1.21
[3416] 2015/01/06 13:12:00.056 主機: https://order10.capital.com.tw/ap2005/new_trade.php
[3416] 2015/01/06 13:12:00.056 OF主機: https://order10.capital.com.tw/ap2005/of_new_trade.php
[2676] 2015/01/06 16:48:00.197 -------------------------------
[2676] 2015/01/06 16:48:00.197 CERT ID:S122811334   BeginDate: 2014-01-19 21:48:36  EndDate: 2015-01-19 23:59:59 
[2676] 2015/01/06 16:48:00.212 SKOrderLib 版本 2.1.21
[2676] 2015/01/06 16:48:00.759 主機: https://order11.capital.com.tw/ap2005/new_trade.php
[2676] 2015/01/06 16:48:00.759 OF主機: https://order11.capital.com.tw/ap2005/of_new_trade.php
[6044] 2015/01/06 16:48:04.619 -------------------------------
[6044] 2015/01/06 16:48:04.619 CERT ID:S122811334   BeginDate: 2014-01-19 21:48:36  EndDate: 2015-01-19 23:59:59 
[6044] 2015/01/06 16:48:04.619 SKOrderLib 版本 2.1.21
[6044] 2015/01/06 16:48:05.134 主機: https://order10.capital.com.tw/ap2005/new_trade.php
[6044] 2015/01/06 16:48:05.134 OF主機: https://order10.capital.com.tw/ap2005/of_new_trade.php
[6192] 2015/01/06 16:50:16.697 -------------------------------
[6192] 2015/01/06 16:50:16.697 CERT ID:S122811334   BeginDate: 2014-01-19 21:48:36  EndDate: 2015-01-19 23:59:59 
[6192] 2015/01/06 16:50:16.697 SKOrderLib 版本 2.1.21
[6192] 2015/01/06 16:50:17.619 主機: https://order10.capital.com.tw/ap2005/new_trade.php
[6192] 2015/01/06 16:50:17.619 OF主機: https://order10.capital.com.tw/ap2005/of_new_trade.php
[6868] 2015/01/06 16:50:21.681 -------------------------------
[6868] 2015/01/06 16:50:21.681 CERT ID:S122811334   BeginDate: 2014-01-19 21:48:36  EndDate: 2015-01-19 23:59:59 
[6868] 2015/01/06 16:50:21.697 SKOrderLib 版本 2.1.21
[6868] 2015/01/06 16:50:22.478 主機: https://order10.capital.com.tw/ap2005/new_trade.php
[6868] 2015/01/06 16:50:22.478 OF主機: https://order10.capital.com.tw/ap2005/of_new_trade.php
[4284] 2015/01/06 16:56:25.619 -------------------------------
[4284] 2015/01/06 16:56:25.619 CERT ID:S122811334   BeginDate: 2014-01-19 21:48:36  EndDate: 2015-01-19 23:59:59 
[4284] 2015/01/06 16:56:25.634 SKOrderLib 版本 2.1.21
[4284] 2015/01/06 16:56:26.556 主機: https://order11.capital.com.tw/ap2005/new_trade.php
[4284] 2015/01/06 16:56:26.556 OF主機: https://order11.capital.com.tw/ap2005/of_new_trade.php
[4812] 2015/01/06 16:56:35.447 -------------------------------
[4812] 2015/01/06 16:56:35.447 CERT ID:S122811334   BeginDate: 2014-01-19 21:48:36  EndDate: 2015-01-19 23:59:59 
[4812] 2015/01/06 16:56:35.447 SKOrderLib 版本 2.1.21
[4812] 2015/01/06 16:56:36.353 主機: https://order10.capital.com.tw/ap2005/new_trade.php
[4812] 2015/01/06 16:56:36.353 OF主機: https://order10.capital.com.tw/ap2005/of_new_trade.php
[6120] 2015/01/06 17:01:47.712 -------------------------------
[6120] 2015/01/06 17:01:47.712 CERT ID:S122811334   BeginDate: 2014-01-19 21:48:36  EndDate: 2015-01-19 23:59:59 
[6120] 2015/01/06 17:01:47.728 SKOrderLib 版本 2.1.21
[6120] 2015/01/06 17:01:48.509 主機: https://order10.capital.com.tw/ap2005/new_trade.php
[6120] 2015/01/06 17:01:48.509 OF主機: https://order10.capital.com.tw/ap2005/of_new_trade.php
[7084] 2015/01/06 17:01:52.462 -------------------------------
[7084] 2015/01/06 17:01:52.462 CERT ID:S122811334   BeginDate: 2014-01-19 21:48:36  EndDate: 2015-01-19 23:59:59 
[7084] 2015/01/06 17:01:52.478 SKOrderLib 版本 2.1.21
[7084] 2015/01/06 17:01:53.244 主機: https://order10.capital.com.tw/ap2005/new_trade.php
[7084] 2015/01/06 17:01:53.244 OF主機: https://order10.capital.com.tw/ap2005/of_new_trade.php
[3524] 2015/01/06 17:14:42.994 -------------------------------
[3524] 2015/01/06 17:14:43.025 CERT ID:S122811334   BeginDate: 2014-01-19 21:48:36  EndDate: 2015-01-19 23:59:59 
[3524] 2015/01/06 17:14:43.087 SKOrderLib 版本 2.1.21
[3524] 2015/01/06 17:14:46.587 主機: https://order10.capital.com.tw/ap2005/new_trade.php
[3524] 2015/01/06 17:14:46.587 OF主機: https://order10.capital.com.tw/ap2005/of_new_trade.php
[4184] 2015/01/08 10:03:37.468 -------------------------------
[4184] 2015/01/08 10:03:37.468 CERT ID:S122811334   BeginDate: 2014-01-19 21:48:36  EndDate: 2015-01-19 23:59:59 
[4184] 2015/01/08 10:03:37.484 SKOrderLib 版本 2.1.21
[4184] 2015/01/08 10:03:38.000 主機: https://order10.capital.com.tw/ap2005/new_trade.php
[4184] 2015/01/08 10:03:38.000 OF主機: https://order10.capital.com.tw/ap2005/of_new_trade.php
[4892] 2015/01/08 10:03:42.343 -------------------------------
[4892] 2015/01/08 10:03:42.343 CERT ID:S122811334   BeginDate: 2014-01-19 21:48:36  EndDate: 2015-01-19 23:59:59 
[4892] 2015/01/08 10:03:42.359 SKOrderLib 版本 2.1.21
[4892] 2015/01/08 10:03:42.843 主機: https://order10.capital.com.tw/ap2005/new_trade.php
[4892] 2015/01/08 10:03:42.843 OF主機: https://order10.capital.com.tw/ap2005/of_new_trade.php
[4200] 2015/01/08 10:05:25.781 -------------------------------
[4200] 2015/01/08 10:05:25.781 CERT ID:S122811334   BeginDate: 2014-01-19 21:48:36  EndDate: 2015-01-19 23:59:59 
[4200] 2015/01/08 10:05:25.812 SKOrderLib 版本 2.1.21
[4200] 2015/01/08 10:05:26.296 主機: https://order10.capital.com.tw/ap2005/new_trade.php
[4200] 2015/01/08 10:05:26.296 OF主機: https://order10.capital.com.tw/ap2005/of_new_trade.php
[4580] 2015/01/08 10:05:26.406 -------------------------------
[4580] 2015/01/08 10:05:26.406 CERT ID:S122811334   BeginDate: 2014-01-19 21:48:36  EndDate: 2015-01-19 23:59:59 
[4580] 2015/01/08 10:05:26.437 SKOrderLib 版本 2.1.21
[4580] 2015/01/08 10:05:26.890 主機: https://order11.capital.com.tw/ap2005/new_trade.php
[4580] 2015/01/08 10:05:26.890 OF主機: https://order11.capital.com.tw/ap2005/of_new_trade.php
[5936] 2015/01/08 10:09:15.671 -------------------------------
[5936] 2015/01/08 10:09:15.687 CERT ID:S122811334   BeginDate: 2014-01-19 21:48:36  EndDate: 2015-01-19 23:59:59 
[5936] 2015/01/08 10:09:15.703 SKOrderLib 版本 2.1.21
[5936] 2015/01/08 10:09:16.156 主機: https://order10.capital.com.tw/ap2005/new_trade.php
[5936] 2015/01/08 10:09:16.156 OF主機: https://order10.capital.com.tw/ap2005/of_new_trade.php
[5988] 2015/01/08 10:09:16.281 -------------------------------
[5988] 2015/01/08 10:09:16.281 CERT ID:S122811334   BeginDate: 2014-01-19 21:48:36  EndDate: 2015-01-19 23:59:59 
[5988] 2015/01/08 10:09:16.296 SKOrderLib 版本 2.1.21
[5988] 2015/01/08 10:09:16.796 主機: https://order10.capital.com.tw/ap2005/new_trade.php
[5988] 2015/01/08 10:09:16.796 OF主機: https://order10.capital.com.tw/ap2005/of_new_trade.php
[5080] 2015/01/08 10:14:23.359 -------------------------------
[5080] 2015/01/08 10:14:23.359 CERT ID:S122811334   BeginDate: 2014-01-19 21:48:36  EndDate: 2015-01-19 23:59:59 
[5080] 2015/01/08 10:14:23.375 SKOrderLib 版本 2.1.21
[5080] 2015/01/08 10:14:23.843 主機: https://order10.capital.com.tw/ap2005/new_trade.php
[5080] 2015/01/08 10:14:23.843 OF主機: https://order10.capital.com.tw/ap2005/of_new_trade.php
[5800] 2015/01/08 10:14:23.968 -------------------------------
[5800] 2015/01/08 10:14:23.968 CERT ID:S122811334   BeginDate: 2014-01-19 21:48:36  EndDate: 2015-01-19 23:59:59 
[5800] 2015/01/08 10:14:23.984 SKOrderLib 版本 2.1.21
[5800] 2015/01/08 10:14:24.500 主機: https://order10.capital.com.tw/ap2005/new_trade.php
[5800] 2015/01/08 10:14:24.500 OF主機: https://order10.capital.com.tw/ap2005/of_new_trade.php
[4204] 2015/01/08 10:16:30.281 -------------------------------
[4204] 2015/01/08 10:16:30.296 CERT ID:S122811334   BeginDate: 2014-01-19 21:48:36  EndDate: 2015-01-19 23:59:59 
[4204] 2015/01/08 10:16:30.312 SKOrderLib 版本 2.1.21
[4204] 2015/01/08 10:16:30.750 主機: https://order10.capital.com.tw/ap2005/new_trade.php
[4204] 2015/01/08 10:16:30.750 OF主機: https://order10.capital.com.tw/ap2005/of_new_trade.php
[1828] 2015/01/08 10:16:30.875 -------------------------------
[1828] 2015/01/08 10:16:30.875 CERT ID:S122811334   BeginDate: 2014-01-19 21:48:36  EndDate: 2015-01-19 23:59:59 
[1828] 2015/01/08 10:16:30.906 SKOrderLib 版本 2.1.21
[1828] 2015/01/08 10:16:31.328 主機: https://order10.capital.com.tw/ap2005/new_trade.php
[1828] 2015/01/08 10:16:31.328 OF主機: https://order10.capital.com.tw/ap2005/of_new_trade.php
[5404] 2015/01/08 10:21:39.062 -------------------------------
[5404] 2015/01/08 10:21:39.062 CERT ID:S122811334   BeginDate: 2014-01-19 21:48:36  EndDate: 2015-01-19 23:59:59 
[5404] 2015/01/08 10:21:39.093 SKOrderLib 版本 2.1.21
[5404] 2015/01/08 10:21:39.562 主機: https://order10.capital.com.tw/ap2005/new_trade.php
[5404] 2015/01/08 10:21:39.562 OF主機: https://order10.capital.com.tw/ap2005/of_new_trade.php
[4968] 2015/01/08 10:21:39.671 -------------------------------
[4968] 2015/01/08 10:21:39.671 CERT ID:S122811334   BeginDate: 2014-01-19 21:48:36  EndDate: 2015-01-19 23:59:59 
[4968] 2015/01/08 10:21:39.703 SKOrderLib 版本 2.1.21
[4968] 2015/01/08 10:21:40.140 主機: https://order10.capital.com.tw/ap2005/new_trade.php
[4968] 2015/01/08 10:21:40.140 OF主機: https://order10.capital.com.tw/ap2005/of_new_trade.php
[5404] 2015/01/08 10:23:55.437 SendFutureOrder : &=TFF0200009232116&=TX00&=BARN&=0.000000&=1
[5404] 2015/01/08 10:23:55.593 後驗:M999 000[060] 此投資人個幣保證金不足, 不可下單 !                                      
[5404] 2015/01/08 10:23:55.625 CertWorker 驗章ID：S122811334
[5404] 2015/01/08 10:23:55.671 CertWorker 下單驗章完成
[3140] 2015/01/08 10:24:55.031 -------------------------------
[3140] 2015/01/08 10:24:55.031 CERT ID:S122811334   BeginDate: 2014-01-19 21:48:36  EndDate: 2015-01-19 23:59:59 
[3140] 2015/01/08 10:24:55.062 SKOrderLib 版本 2.1.21
[3140] 2015/01/08 10:24:55.515 主機: https://order10.capital.com.tw/ap2005/new_trade.php
[3140] 2015/01/08 10:24:55.515 OF主機: https://order10.capital.com.tw/ap2005/of_new_trade.php
[3340] 2015/01/08 10:24:55.640 -------------------------------
[3340] 2015/01/08 10:24:55.640 CERT ID:S122811334   BeginDate: 2014-01-19 21:48:36  EndDate: 2015-01-19 23:59:59 
[3340] 2015/01/08 10:24:55.656 SKOrderLib 版本 2.1.21
[3340] 2015/01/08 10:24:56.109 主機: https://order11.capital.com.tw/ap2005/new_trade.php
[3340] 2015/01/08 10:24:56.125 OF主機: https://order11.capital.com.tw/ap2005/of_new_trade.php
[3140] 2015/01/08 10:25:49.468 SendFutureOrder : &=TFF0200009232116&=TX00&=BARN&=9115.000000&=1
[3140] 2015/01/08 10:25:49.843 後驗:M999 000[060] 此投資人個幣保證金不足, 不可下單 !                                      
[3140] 2015/01/08 10:25:49.875 CertWorker 驗章ID：S122811334
[3140] 2015/01/08 10:25:49.906 CertWorker 下單驗章完成
[3340] 2015/01/08 10:26:37.750 SendFutureOrder : &=TFF0200009232129&=TX00&=BARN&=9211.000000&=1
[3340] 2015/01/08 10:26:37.984 後驗:M999 000[060] 此投資人個幣保證金不足, 不可下單 !                                      
[3340] 2015/01/08 10:26:38.015 CertWorker 驗章ID：S122811334
[3340] 2015/01/08 10:26:38.031 SendFutureOrder : &=TFF0200009232129&=TX00&=SARN&=9210.000000&=1
[3340] 2015/01/08 10:26:38.078 CertWorker 下單驗章完成
[3340] 2015/01/08 10:26:38.125 後驗:M999 000[060] 此投資人個幣保證金不足, 不可下單 !                                      
[3340] 2015/01/08 10:26:38.156 CertWorker 驗章ID：S122811334
[3340] 2015/01/08 10:26:38.171 SendFutureOrder : &=TFF0200009232129&=TX00&=BARN&=9211.000000&=1
[3340] 2015/01/08 10:26:38.171 CertWorker 下單驗章完成
[3340] 2015/01/08 10:26:38.265 後驗:M999 000[060] 此投資人個幣保證金不足, 不可下單 !                                      
[3340] 2015/01/08 10:26:38.296 CertWorker 驗章ID：S122811334
[3340] 2015/01/08 10:26:38.296 SendFutureOrder : &=TFF0200009232129&=TX00&=SARN&=9210.000000&=1
[3340] 2015/01/08 10:26:38.312 CertWorker 下單驗章完成
[3340] 2015/01/08 10:26:38.390 後驗:M999 000[060] 此投資人個幣保證金不足, 不可下單 !                                      
[3340] 2015/01/08 10:26:38.406 CertWorker 驗章ID：S122811334
[3340] 2015/01/08 10:26:38.421 SendFutureOrder : &=TFF0200009232129&=TX00&=BARN&=9211.000000&=1
[3340] 2015/01/08 10:26:38.437 CertWorker 下單驗章完成
[3340] 2015/01/08 10:26:38.515 後驗:M999 000[060] 此投資人個幣保證金不足, 不可下單 !                                      
[3340] 2015/01/08 10:26:38.546 CertWorker 驗章ID：S122811334
[3340] 2015/01/08 10:26:38.546 SendFutureOrder : &=TFF0200009232129&=TX00&=SARN&=9210.000000&=1
[3340] 2015/01/08 10:26:38.562 CertWorker 下單驗章完成
[3340] 2015/01/08 10:26:38.671 後驗:M999 000[060] 此投資人個幣保證金不足, 不可下單 !                                      
[3340] 2015/01/08 10:26:38.687 CertWorker 驗章ID：S122811334
[3340] 2015/01/08 10:26:38.703 SendFutureOrder : &=TFF0200009232129&=TX00&=BARN&=9211.000000&=1
[3340] 2015/01/08 10:26:38.718 CertWorker 下單驗章完成
[3340] 2015/01/08 10:26:38.812 後驗:M999 000[060] 此投資人個幣保證金不足, 不可下單 !                                      
[3340] 2015/01/08 10:26:39.031 CertWorker 驗章ID：S122811334
[3340] 2015/01/08 10:26:39.062 CertWorker 下單驗章完成
[3340] 2015/01/08 10:26:39.062 SendFutureOrder : &=TFF0200009232129&=TX00&=SARN&=9210.000000&=1
[3340] 2015/01/08 10:26:39.171 後驗:M999 000[060] 此投資人個幣保證金不足, 不可下單 !                                      
[3340] 2015/01/08 10:26:39.187 CertWorker 驗章ID：S122811334
[3340] 2015/01/08 10:26:39.203 SendFutureOrder : &=TFF0200009232129&=TX00&=BARN&=9211.000000&=1
[3340] 2015/01/08 10:26:39.218 CertWorker 下單驗章完成
[3340] 2015/01/08 10:26:39.328 後驗:M999 000[060] 此投資人個幣保證金不足, 不可下單 !                                      
[3340] 2015/01/08 10:26:39.343 CertWorker 驗章ID：S122811334
[3340] 2015/01/08 10:26:39.359 SendFutureOrder : &=TFF0200009232129&=TX00&=SARN&=9209.000000&=1
[3340] 2015/01/08 10:26:39.375 CertWorker 下單驗章完成
[3340] 2015/01/08 10:26:39.468 後驗:M999 000[060] 此投資人個幣保證金不足, 不可下單 !                                      
[3340] 2015/01/08 10:26:39.500 CertWorker 驗章ID：S122811334
[3340] 2015/01/08 10:26:39.500 SendFutureOrder : &=TFF0200009232129&=TX00&=BARN&=9211.000000&=1
[3340] 2015/01/08 10:26:39.515 CertWorker 下單驗章完成
[3340] 2015/01/08 10:26:39.609 後驗:M999 000[060] 此投資人個幣保證金不足, 不可下單 !                                      
[3340] 2015/01/08 10:26:39.640 CertWorker 驗章ID：S122811334
[3340] 2015/01/08 10:26:39.656 SendFutureOrder : &=TFF0200009232129&=TX00&=SARN&=9209.000000&=1
[3340] 2015/01/08 10:26:39.671 CertWorker 下單驗章完成
[3340] 2015/01/08 10:26:39.781 後驗:M999 000[060] 此投資人個幣保證金不足, 不可下單 !                                      
[3340] 2015/01/08 10:26:39.812 CertWorker 驗章ID：S122811334
[3340] 2015/01/08 10:26:39.828 SendFutureOrder : &=TFF0200009232129&=TX00&=BARN&=9211.000000&=1
[3340] 2015/01/08 10:26:39.843 CertWorker 下單驗章完成
[3340] 2015/01/08 10:26:39.937 後驗:M999 000[060] 此投資人個幣保證金不足, 不可下單 !                                      
[3340] 2015/01/08 10:26:39.968 CertWorker 驗章ID：S122811334
[3340] 2015/01/08 10:26:39.984 SendFutureOrder : &=TFF0200009232129&=TX00&=SARN&=9210.000000&=1
[3340] 2015/01/08 10:26:39.984 CertWorker 下單驗章完成
[3340] 2015/01/08 10:26:40.109 後驗:M999 000[060] 此投資人個幣保證金不足, 不可下單 !                                      
[3340] 2015/01/08 10:26:40.140 CertWorker 驗章ID：S122811334
[3340] 2015/01/08 10:26:40.171 CertWorker 下單驗章完成
[3340] 2015/01/08 10:43:05.921 SendFutureOrder : &=TFF0200009232129&=TX00&=BARN&=9226.000000&=1
[3340] 2015/01/08 10:43:06.125 後驗:M999 000[060] 此投資人個幣保證金不足, 不可下單 !                                      
[3340] 2015/01/08 10:43:06.140 CertWorker 驗章ID：S122811334
[3340] 2015/01/08 10:43:06.203 CertWorker 下單驗章完成
[5704] 2015/01/08 11:01:45.734 -------------------------------
[5704] 2015/01/08 11:01:45.734 CERT ID:S122811334   BeginDate: 2014-01-19 21:48:36  EndDate: 2015-01-19 23:59:59 
[5704] 2015/01/08 11:01:45.750 SKOrderLib 版本 2.1.21
[5704] 2015/01/08 11:01:46.250 主機: https://order10.capital.com.tw/ap2005/new_trade.php
[5704] 2015/01/08 11:01:46.250 OF主機: https://order10.capital.com.tw/ap2005/of_new_trade.php
[5356] 2015/01/08 11:01:46.375 -------------------------------
[5356] 2015/01/08 11:01:46.390 CERT ID:S122811334   BeginDate: 2014-01-19 21:48:36  EndDate: 2015-01-19 23:59:59 
[5356] 2015/01/08 11:01:46.406 SKOrderLib 版本 2.1.21
[5356] 2015/01/08 11:01:46.859 主機: https://order11.capital.com.tw/ap2005/new_trade.php
[5356] 2015/01/08 11:01:46.859 OF主機: https://order11.capital.com.tw/ap2005/of_new_trade.php
[5704] 2015/01/08 11:02:02.953 SendFutureOrder : &=TFF0200009232116&=TX00&=BARN&=9115.000000&=1
[5704] 2015/01/08 11:02:03.109 後驗:M999 000[060] 此投資人個幣保證金不足, 不可下單 !                                      
[5704] 2015/01/08 11:02:03.140 CertWorker 驗章ID：S122811334
[5704] 2015/01/08 11:02:03.156 CertWorker 下單驗章完成
[5356] 2015/01/08 11:02:51.187 SendFutureOrder : &=TFF0200009232129&=TX00&=BARN&=9211.000000&=1
[5356] 2015/01/08 11:02:51.328 後驗:M999 000[060] 此投資人個幣保證金不足, 不可下單 !                                      
[5356] 2015/01/08 11:02:51.375 CertWorker 驗章ID：S122811334
[5356] 2015/01/08 11:02:51.375 SendFutureOrder : &=TFF0200009232129&=TX00&=SARN&=9210.000000&=1
[5356] 2015/01/08 11:02:51.421 CertWorker 下單驗章完成
[5356] 2015/01/08 11:02:51.468 後驗:M999 000[060] 此投資人個幣保證金不足, 不可下單 !                                      
[5356] 2015/01/08 11:02:51.500 CertWorker 驗章ID：S122811334
[5356] 2015/01/08 11:02:51.500 SendFutureOrder : &=TFF0200009232129&=TX00&=BARN&=9211.000000&=1
[5356] 2015/01/08 11:02:51.515 CertWorker 下單驗章完成
[5356] 2015/01/08 11:02:51.609 後驗:M999 000[060] 此投資人個幣保證金不足, 不可下單 !                                      
[5356] 2015/01/08 11:02:51.640 CertWorker 驗章ID：S122811334
[5356] 2015/01/08 11:02:51.640 SendFutureOrder : &=TFF0200009232129&=TX00&=SARN&=9210.000000&=1
[5356] 2015/01/08 11:02:51.656 CertWorker 下單驗章完成
[5356] 2015/01/08 11:02:51.734 後驗:M999 000[060] 此投資人個幣保證金不足, 不可下單 !                                      
[5356] 2015/01/08 11:02:51.765 CertWorker 驗章ID：S122811334
[5356] 2015/01/08 11:02:51.765 SendFutureOrder : &=TFF0200009232129&=TX00&=BARN&=9211.000000&=1
[5356] 2015/01/08 11:02:51.781 CertWorker 下單驗章完成
[5356] 2015/01/08 11:02:51.859 後驗:M999 000[060] 此投資人個幣保證金不足, 不可下單 !                                      
[5356] 2015/01/08 11:02:51.890 CertWorker 驗章ID：S122811334
[5356] 2015/01/08 11:02:51.890 SendFutureOrder : &=TFF0200009232129&=TX00&=SARN&=9210.000000&=1
[5356] 2015/01/08 11:02:51.906 CertWorker 下單驗章完成
[5356] 2015/01/08 11:02:51.984 後驗:M999 000[060] 此投資人個幣保證金不足, 不可下單 !                                      
[5356] 2015/01/08 11:02:52.015 CertWorker 驗章ID：S122811334
[5356] 2015/01/08 11:02:52.015 SendFutureOrder : &=TFF0200009232129&=TX00&=BARN&=9211.000000&=1
[5356] 2015/01/08 11:02:52.031 CertWorker 下單驗章完成
[5356] 2015/01/08 11:02:52.109 後驗:M999 000[060] 此投資人個幣保證金不足, 不可下單 !                                      
[5356] 2015/01/08 11:02:52.140 CertWorker 驗章ID：S122811334
[5356] 2015/01/08 11:02:52.156 CertWorker 下單驗章完成
[5356] 2015/01/08 11:02:52.156 SendFutureOrder : &=TFF0200009232129&=TX00&=SARN&=9210.000000&=1
[5356] 2015/01/08 11:02:52.281 後驗:M999 000[060] 此投資人個幣保證金不足, 不可下單 !                                      
[5356] 2015/01/08 11:02:52.312 CertWorker 驗章ID：S122811334
[5356] 2015/01/08 11:02:52.312 SendFutureOrder : &=TFF0200009232129&=TX00&=BARN&=9211.000000&=1
[5356] 2015/01/08 11:02:52.328 CertWorker 下單驗章完成
[5356] 2015/01/08 11:02:52.406 後驗:M999 000[060] 此投資人個幣保證金不足, 不可下單 !                                      
[5356] 2015/01/08 11:02:52.437 CertWorker 驗章ID：S122811334
[5356] 2015/01/08 11:02:52.437 SendFutureOrder : &=TFF0200009232129&=TX00&=SARN&=9209.000000&=1
[5356] 2015/01/08 11:02:52.453 CertWorker 下單驗章完成
[5356] 2015/01/08 11:02:52.531 後驗:M999 000[060] 此投資人個幣保證金不足, 不可下單 !                                      
[5356] 2015/01/08 11:02:52.562 CertWorker 驗章ID：S122811334
[5356] 2015/01/08 11:02:52.562 SendFutureOrder : &=TFF0200009232129&=TX00&=BARN&=9211.000000&=1
[5356] 2015/01/08 11:02:52.578 CertWorker 下單驗章完成
[5356] 2015/01/08 11:02:52.656 後驗:M999 000[060] 此投資人個幣保證金不足, 不可下單 !                                      
[5356] 2015/01/08 11:02:52.687 CertWorker 驗章ID：S122811334
[5356] 2015/01/08 11:02:52.703 SendFutureOrder : &=TFF0200009232129&=TX00&=SARN&=9209.000000&=1
[5356] 2015/01/08 11:02:52.703 CertWorker 下單驗章完成
[5356] 2015/01/08 11:02:52.781 後驗:M999 000[060] 此投資人個幣保證金不足, 不可下單 !                                      
[5356] 2015/01/08 11:02:52.812 CertWorker 驗章ID：S122811334
[5356] 2015/01/08 11:02:52.828 SendFutureOrder : &=TFF0200009232129&=TX00&=BARN&=9211.000000&=1
[5356] 2015/01/08 11:02:52.828 CertWorker 下單驗章完成
[5356] 2015/01/08 11:02:52.921 後驗:M999 000[060] 此投資人個幣保證金不足, 不可下單 !                                      
[5356] 2015/01/08 11:02:52.953 CertWorker 驗章ID：S122811334
[5356] 2015/01/08 11:02:52.953 SendFutureOrder : &=TFF0200009232129&=TX00&=SARN&=9210.000000&=1
[5356] 2015/01/08 11:02:52.968 CertWorker 下單驗章完成
[5356] 2015/01/08 11:02:53.062 後驗:M999 000[060] 此投資人個幣保證金不足, 不可下單 !                                      
[5356] 2015/01/08 11:02:53.093 CertWorker 驗章ID：S122811334
[5356] 2015/01/08 11:02:53.109 CertWorker 下單驗章完成
[5356] 2015/01/08 11:03:19.828 SendFutureOrder : &=TFF0200009232129&=TX00&=BARN&=9226.000000&=1
[5356] 2015/01/08 11:03:19.937 後驗:M999 000[060] 此投資人個幣保證金不足, 不可下單 !                                      
[5356] 2015/01/08 11:03:19.953 CertWorker 驗章ID：S122811334
[5356] 2015/01/08 11:03:19.968 CertWorker 下單驗章完成
[5704] 2015/01/08 13:15:06.468 SendFutureOrder : &=TFF0200009232116&=TX00&=SARN&=9242.000000&=1
[5704] 2015/01/08 13:15:06.656 後驗:M999 000[060] 此投資人個幣保證金不足, 不可下單 !                                      
[5704] 2015/01/08 13:15:06.687 CertWorker 驗章ID：S122811334
[5704] 2015/01/08 13:15:06.718 SendFutureOrder : &=TFF0200009232116&=TX00&=BARN&=9243.000000&=1
[5704] 2015/01/08 13:15:06.750 CertWorker 下單驗章完成
[5704] 2015/01/08 13:15:06.875 後驗:M999 000[060] 此投資人個幣保證金不足, 不可下單 !                                      
[5704] 2015/01/08 13:15:06.890 CertWorker 驗章ID：S122811334
[5704] 2015/01/08 13:15:06.906 SendFutureOrder : &=TFF0200009232116&=TX00&=SARN&=9242.000000&=1
[5704] 2015/01/08 13:15:06.906 CertWorker 下單驗章完成
[5704] 2015/01/08 13:15:07.265 後驗:M999 000[060] 此投資人個幣保證金不足, 不可下單 !                                      
[5704] 2015/01/08 13:15:07.296 CertWorker 驗章ID：S122811334
[5704] 2015/01/08 13:15:07.312 CertWorker 下單驗章完成
[5704] 2015/01/08 13:15:07.312 SendFutureOrder : &=TFF0200009232116&=TX00&=BARN&=9243.000000&=1
[5704] 2015/01/08 13:15:07.500 後驗:M999 000[060] 此投資人個幣保證金不足, 不可下單 !                                      
[5704] 2015/01/08 13:15:07.531 CertWorker 驗章ID：S122811334
[5704] 2015/01/08 13:15:07.531 SendFutureOrder : &=TFF0200009232116&=TX00&=SARN&=9242.000000&=1
[5704] 2015/01/08 13:15:07.546 CertWorker 下單驗章完成
[5704] 2015/01/08 13:15:07.875 後驗:M999 000[060] 此投資人個幣保證金不足, 不可下單 !                                      
[5704] 2015/01/08 13:15:07.906 CertWorker 驗章ID：S122811334
[5704] 2015/01/08 13:15:07.937 SendFutureOrder : &=TFF0200009232116&=TX00&=BARN&=9243.000000&=1
[5704] 2015/01/08 13:15:07.984 CertWorker 下單驗章完成
[5704] 2015/01/08 13:15:08.218 後驗:M999 000[060] 此投資人個幣保證金不足, 不可下單 !                                      
[5704] 2015/01/08 13:15:08.250 CertWorker 驗章ID：S122811334
[5704] 2015/01/08 13:15:08.250 SendFutureOrder : &=TFF0200009232116&=TX00&=SARN&=9241.000000&=1
[5704] 2015/01/08 13:15:08.265 CertWorker 下單驗章完成
[5704] 2015/01/08 13:15:08.687 後驗:M999 000[060] 此投資人個幣保證金不足, 不可下單 !                                      
[5704] 2015/01/08 13:15:08.703 CertWorker 驗章ID：S122811334
[5704] 2015/01/08 13:15:08.718 CertWorker 下單驗章完成
[5704] 2015/01/08 13:15:08.718 SendFutureOrder : &=TFF0200009232116&=TX00&=BARN&=9243.000000&=1
[5704] 2015/01/08 13:15:09.015 後驗:M999 000[060] 此投資人個幣保證金不足, 不可下單 !                                      
[5704] 2015/01/08 13:15:09.046 CertWorker 驗章ID：S122811334
[5704] 2015/01/08 13:15:09.046 SendFutureOrder : &=TFF0200009232116&=TX00&=SARN&=9242.000000&=1
[5704] 2015/01/08 13:15:09.062 CertWorker 下單驗章完成
[5704] 2015/01/08 13:15:09.312 後驗:M999 000[060] 此投資人個幣保證金不足, 不可下單 !                                      
[5704] 2015/01/08 13:15:09.343 CertWorker 驗章ID：S122811334
[5704] 2015/01/08 13:15:09.390 CertWorker 下單驗章完成
[5704] 2015/01/08 13:15:23.750 SendFutureOrder : &=TFF0200009232116&=TX00&=BARN&=9243.000000&=1
[5704] 2015/01/08 13:15:23.875 後驗:M999 000[060] 此投資人個幣保證金不足, 不可下單 !                                      
[5704] 2015/01/08 13:15:23.906 CertWorker 驗章ID：S122811334
[5704] 2015/01/08 13:15:23.906 SendFutureOrder : &=TFF0200009232116&=TX00&=SARN&=9242.000000&=1
[5704] 2015/01/08 13:15:23.921 CertWorker 下單驗章完成
[5704] 2015/01/08 13:15:24.015 後驗:M999 000[060] 此投資人個幣保證金不足, 不可下單 !                                      
[5704] 2015/01/08 13:15:24.031 CertWorker 驗章ID：S122811334
[5704] 2015/01/08 13:15:24.046 SendFutureOrder : &=TFF0200009232116&=TX00&=BARN&=9243.000000&=1
[5704] 2015/01/08 13:15:24.046 CertWorker 下單驗章完成
[5704] 2015/01/08 13:15:24.156 後驗:M999 000[060] 此投資人個幣保證金不足, 不可下單 !                                      
[5704] 2015/01/08 13:15:24.171 CertWorker 驗章ID：S122811334
[5704] 2015/01/08 13:15:24.250 CertWorker 下單驗章完成
[5704] 2015/01/08 13:15:26.375 SendFutureOrder : &=TFF0200009232116&=TX00&=SARN&=9242.000000&=1
[5704] 2015/01/08 13:15:26.484 後驗:M999 000[060] 此投資人個幣保證金不足, 不可下單 !                                      
[5704] 2015/01/08 13:15:26.515 CertWorker 驗章ID：S122811334
[5704] 2015/01/08 13:15:26.531 CertWorker 下單驗章完成
[5704] 2015/01/08 13:15:26.781 SendFutureOrder : &=TFF0200009232116&=TX00&=BARN&=9243.000000&=1
[5704] 2015/01/08 13:15:26.906 後驗:M999 000[060] 此投資人個幣保證金不足, 不可下單 !                                      
[5704] 2015/01/08 13:15:26.937 CertWorker 驗章ID：S122811334
[5704] 2015/01/08 13:15:26.984 CertWorker 下單驗章完成
[5704] 2015/01/08 13:15:28.875 SendFutureOrder : &=TFF0200009232116&=TX00&=SARN&=9242.000000&=1
[5704] 2015/01/08 13:15:28.984 後驗:M999 000[060] 此投資人個幣保證金不足, 不可下單 !                                      
[5704] 2015/01/08 13:15:29.015 CertWorker 驗章ID：S122811334
[5704] 2015/01/08 13:15:29.031 CertWorker 下單驗章完成
[5704] 2015/01/08 13:30:05.796 SendFutureOrder : &=TFF0200009232116&=TX00&=BARN&=9243.000000&=1
[5704] 2015/01/08 13:30:05.953 後驗:M999 000[060] 此投資人個幣保證金不足, 不可下單 !                                      
[5704] 2015/01/08 13:30:05.984 CertWorker 驗章ID：S122811334
[5704] 2015/01/08 13:30:06.031 SendFutureOrder : &=TFF0200009232116&=TX00&=SARN&=9242.000000&=1
[5704] 2015/01/08 13:30:06.062 CertWorker 下單驗章完成
[5704] 2015/01/08 13:30:06.140 後驗:M999 000[060] 此投資人個幣保證金不足, 不可下單 !                                      
[5704] 2015/01/08 13:30:06.171 CertWorker 驗章ID：S122811334
[5704] 2015/01/08 13:30:06.187 CertWorker 下單驗章完成
[5704] 2015/01/08 13:30:06.187 SendFutureOrder : &=TFF0200009232116&=TX00&=BARN&=9243.000000&=1
[5704] 2015/01/08 13:30:06.343 後驗:M999 000[060] 此投資人個幣保證金不足, 不可下單 !                                      
[5704] 2015/01/08 13:30:06.359 CertWorker 驗章ID：S122811334
[5704] 2015/01/08 13:30:06.375 SendFutureOrder : &=TFF0200009232116&=TX00&=SARN&=9242.000000&=1
[5704] 2015/01/08 13:30:06.390 CertWorker 下單驗章完成
[5704] 2015/01/08 13:30:06.593 後驗:M999 000[060] 此投資人個幣保證金不足, 不可下單 !                                      
[5704] 2015/01/08 13:30:06.625 CertWorker 驗章ID：S122811334
[5704] 2015/01/08 13:30:06.640 CertWorker 下單驗章完成
[5704] 2015/01/08 13:30:07.796 SendFutureOrder : &=TFF0200009232116&=TX00&=BARN&=9243.000000&=1
[5704] 2015/01/08 13:30:07.921 後驗:M999 000[060] 此投資人個幣保證金不足, 不可下單 !                                      
[5704] 2015/01/08 13:30:07.953 CertWorker 驗章ID：S122811334
[5704] 2015/01/08 13:30:07.953 SendFutureOrder : &=TFF0200009232116&=TX00&=SARN&=9242.000000&=1
[5704] 2015/01/08 13:30:07.968 CertWorker 下單驗章完成
[5704] 2015/01/08 13:30:08.140 後驗:M999 000[060] 此投資人個幣保證金不足, 不可下單 !                                      
[5704] 2015/01/08 13:30:08.171 CertWorker 驗章ID：S122811334
[5704] 2015/01/08 13:30:08.171 SendFutureOrder : &=TFF0200009232116&=TX00&=BARN&=9243.000000&=1
[5704] 2015/01/08 13:30:08.187 CertWorker 下單驗章完成
[5704] 2015/01/08 13:30:08.312 後驗:M999 000[060] 此投資人個幣保證金不足, 不可下單 !                                      
[5704] 2015/01/08 13:30:08.343 CertWorker 驗章ID：S122811334
[5704] 2015/01/08 13:30:08.359 CertWorker 下單驗章完成
[5704] 2015/01/08 13:30:12.328 SendFutureOrder : &=TFF0200009232116&=TX00&=SARN&=9242.000000&=1
[5704] 2015/01/08 13:30:12.453 後驗:M999 000[060] 此投資人個幣保證金不足, 不可下單 !                                      
[5704] 2015/01/08 13:30:12.484 CertWorker 驗章ID：S122811334
[5704] 2015/01/08 13:30:12.500 CertWorker 下單驗章完成
[5704] 2015/01/08 13:30:12.531 SendFutureOrder : &=TFF0200009232116&=TX00&=BARN&=9244.000000&=1
[5704] 2015/01/08 13:30:12.625 後驗:M999 000[060] 此投資人個幣保證金不足, 不可下單 !                                      
[5704] 2015/01/08 13:30:12.656 CertWorker 驗章ID：S122811334
[5704] 2015/01/08 13:30:12.671 CertWorker 下單驗章完成
[5704] 2015/01/08 13:30:15.453 SendFutureOrder : &=TFF0200009232116&=TX00&=SARN&=9242.000000&=1
[5704] 2015/01/08 13:30:15.609 後驗:M999 000[060] 此投資人個幣保證金不足, 不可下單 !                                      
[5704] 2015/01/08 13:30:15.625 CertWorker 驗章ID：S122811334
[5704] 2015/01/08 13:30:15.656 CertWorker 下單驗章完成
[5704] 2015/01/08 13:30:16.859 SendFutureOrder : &=TFF0200009232116&=TX00&=BARN&=9243.000000&=1
[5704] 2015/01/08 13:30:16.984 後驗:M999 000[060] 此投資人個幣保證金不足, 不可下單 !                                      
[5704] 2015/01/08 13:30:17.015 CertWorker 驗章ID：S122811334
[5704] 2015/01/08 13:30:17.046 CertWorker 下單驗章完成
[5704] 2015/01/08 13:30:17.062 SendFutureOrder : &=TFF0200009232116&=TX00&=SARN&=9242.000000&=1
[5704] 2015/01/08 13:30:17.171 後驗:M999 000[060] 此投資人個幣保證金不足, 不可下單 !                                      
[5704] 2015/01/08 13:30:17.203 CertWorker 驗章ID：S122811334
[5704] 2015/01/08 13:30:17.218 SendFutureOrder : &=TFF0200009232116&=TX00&=BARN&=9243.000000&=1
[5704] 2015/01/08 13:30:17.218 CertWorker 下單驗章完成
[5704] 2015/01/08 13:30:17.328 後驗:M999 000[060] 此投資人個幣保證金不足, 不可下單 !                                      
[5704] 2015/01/08 13:30:17.343 CertWorker 驗章ID：S122811334
[5704] 2015/01/08 13:30:17.359 SendFutureOrder : &=TFF0200009232116&=TX00&=SARN&=9242.000000&=1
[5704] 2015/01/08 13:30:17.390 CertWorker 下單驗章完成
[5704] 2015/01/08 13:30:17.468 後驗:M999 000[060] 此投資人個幣保證金不足, 不可下單 !                                      
[5704] 2015/01/08 13:30:17.500 CertWorker 驗章ID：S122811334
[5704] 2015/01/08 13:30:17.515 CertWorker 下單驗章完成
[5704] 2015/01/08 13:30:27.718 SendFutureOrder : &=TFF0200009232116&=TX00&=BARN&=9243.000000&=1
[5704] 2015/01/08 13:30:27.828 後驗:M999 000[060] 此投資人個幣保證金不足, 不可下單 !                                      
[5704] 2015/01/08 13:30:27.859 CertWorker 驗章ID：S122811334
[5704] 2015/01/08 13:30:27.890 CertWorker 下單驗章完成
[5704] 2015/01/08 13:30:28.734 SendFutureOrder : &=TFF0200009232116&=TX00&=SARN&=9242.000000&=1
[5704] 2015/01/08 13:30:28.843 後驗:M999 000[060] 此投資人個幣保證金不足, 不可下單 !                                      
[5704] 2015/01/08 13:30:28.859 CertWorker 驗章ID：S122811334
[5704] 2015/01/08 13:30:28.890 CertWorker 下單驗章完成
[5704] 2015/01/08 13:30:30.031 SendFutureOrder : &=TFF0200009232116&=TX00&=BARN&=9243.000000&=1
[5704] 2015/01/08 13:30:30.156 後驗:M999 000[060] 此投資人個幣保證金不足, 不可下單 !                                      
[5704] 2015/01/08 13:30:30.187 CertWorker 驗章ID：S122811334
[5704] 2015/01/08 13:30:30.203 CertWorker 下單驗章完成
[5704] 2015/01/08 13:30:30.437 SendFutureOrder : &=TFF0200009232116&=TX00&=SARN&=9242.000000&=1
[5704] 2015/01/08 13:30:30.578 後驗:M999 000[060] 此投資人個幣保證金不足, 不可下單 !                                      
[5704] 2015/01/08 13:30:30.609 CertWorker 驗章ID：S122811334
[5704] 2015/01/08 13:30:30.625 CertWorker 下單驗章完成
[5356] 2015/01/08 13:44:06.906 SendFutureOrder : &=TFF0200009232129&=TX00&=SARN&=9257.000000&=1
[5356] 2015/01/08 13:44:07.109 後驗:M999 000[060] 此投資人個幣保證金不足, 不可下單 !                                      
[5356] 2015/01/08 13:44:07.125 CertWorker 驗章ID：S122811334
[5356] 2015/01/08 13:44:07.218 CertWorker 下單驗章完成
